<?xml version="1.0" encoding="UTF-8"?>
<testsuite name="TestSuite" time="8,279.757" tests="121" errors="0" skipped="17" failures="13">
  <properties>
    <property name="java.runtime.name" value="Java(TM) SE Runtime Environment"/>
    <property name="sun.boot.library.path" value="C:\Program Files\Java\jdk1.8.0_251\jre\bin"/>
    <property name="java.vm.version" value="25.251-b08"/>
    <property name="java.vm.vendor" value="Oracle Corporation"/>
    <property name="maven.multiModuleProjectDirectory" value="D:\workspace\bizligo-automation"/>
    <property name="java.vendor.url" value="http://java.oracle.com/"/>
    <property name="path.separator" value=";"/>
    <property name="guice.disable.misplaced.annotation.check" value="true"/>
    <property name="java.vm.name" value="Java HotSpot(TM) 64-Bit Server VM"/>
    <property name="file.encoding.pkg" value="sun.io"/>
    <property name="user.script" value=""/>
    <property name="user.country" value="US"/>
    <property name="sun.java.launcher" value="SUN_STANDARD"/>
    <property name="sun.os.patch.level" value=""/>
    <property name="java.vm.specification.name" value="Java Virtual Machine Specification"/>
    <property name="user.dir" value="D:\workspace\bizligo-automation"/>
    <property name="java.runtime.version" value="1.8.0_251-b08"/>
    <property name="java.awt.graphicsenv" value="sun.awt.Win32GraphicsEnvironment"/>
    <property name="java.endorsed.dirs" value="C:\Program Files\Java\jdk1.8.0_251\jre\lib\endorsed"/>
    <property name="os.arch" value="amd64"/>
    <property name="java.io.tmpdir" value="C:\Users\netwo\AppData\Local\Temp\"/>
    <property name="line.separator" value="&#10;"/>
    <property name="java.vm.specification.vendor" value="Oracle Corporation"/>
    <property name="user.variant" value=""/>
    <property name="os.name" value="Windows 10"/>
    <property name="classworlds.conf" value="C:\apache-maven-3.6.3\bin\..\bin\m2.conf"/>
    <property name="sun.jnu.encoding" value="Cp1252"/>
    <property name="java.library.path" value="C:\Program Files\Java\jdk1.8.0_251\bin;C:\WINDOWS\Sun\Java\bin;C:\WINDOWS\system32;C:\WINDOWS;C:\Program Files (x86)\Common Files\Oracle\Java\javapath;C:\WINDOWS\system32;C:\WINDOWS;C:\WINDOWS\System32\Wbem;C:\WINDOWS\System32\WindowsPowerShell\v1.0\;C:\Program Files (x86)\Common Files\lenovo\easyplussdk\bin;C:\Program Files\Intel\WiFi\bin\;C:\Program Files\Common Files\Intel\WirelessCommon\;C:\WINDOWS\System32\OpenSSH\;C:\apache-maven-3.6.3\bin;C:\Program Files\Java\jdk1.8.0_251\bin;C:\Program Files\Git\cmd;C:\Users\netwo\AppData\Local\Microsoft\WindowsApps;;."/>
    <property name="maven.conf" value="C:\apache-maven-3.6.3\bin\../conf"/>
    <property name="java.specification.name" value="Java Platform API Specification"/>
    <property name="java.class.version" value="52.0"/>
    <property name="sun.management.compiler" value="HotSpot 64-Bit Tiered Compilers"/>
    <property name="os.version" value="10.0"/>
    <property name="library.jansi.path" value="C:\apache-maven-3.6.3\bin\..\lib\jansi-native"/>
    <property name="user.home" value="C:\Users\netwo"/>
    <property name="user.timezone" value="America/New_York"/>
    <property name="java.awt.printerjob" value="sun.awt.windows.WPrinterJob"/>
    <property name="java.specification.version" value="1.8"/>
    <property name="file.encoding" value="Cp1252"/>
    <property name="user.name" value="netwo"/>
    <property name="java.class.path" value="C:\apache-maven-3.6.3\bin\..\boot\plexus-classworlds-2.6.0.jar"/>
    <property name="java.vm.specification.version" value="1.8"/>
    <property name="sun.arch.data.model" value="64"/>
    <property name="java.home" value="C:\Program Files\Java\jdk1.8.0_251\jre"/>
    <property name="sun.java.command" value="org.codehaus.plexus.classworlds.launcher.Launcher clean install"/>
    <property name="java.specification.vendor" value="Oracle Corporation"/>
    <property name="user.language" value="en"/>
    <property name="awt.toolkit" value="sun.awt.windows.WToolkit"/>
    <property name="java.vm.info" value="mixed mode"/>
    <property name="java.version" value="1.8.0_251"/>
    <property name="java.ext.dirs" value="C:\Program Files\Java\jdk1.8.0_251\jre\lib\ext;C:\WINDOWS\Sun\Java\lib\ext"/>
    <property name="sun.boot.class.path" value="C:\Program Files\Java\jdk1.8.0_251\jre\lib\resources.jar;C:\Program Files\Java\jdk1.8.0_251\jre\lib\rt.jar;C:\Program Files\Java\jdk1.8.0_251\jre\lib\sunrsasign.jar;C:\Program Files\Java\jdk1.8.0_251\jre\lib\jsse.jar;C:\Program Files\Java\jdk1.8.0_251\jre\lib\jce.jar;C:\Program Files\Java\jdk1.8.0_251\jre\lib\charsets.jar;C:\Program Files\Java\jdk1.8.0_251\jre\lib\jfr.jar;C:\Program Files\Java\jdk1.8.0_251\jre\classes"/>
    <property name="sun.stderr.encoding" value="cp437"/>
    <property name="java.vendor" value="Oracle Corporation"/>
    <property name="maven.home" value="C:\apache-maven-3.6.3\bin\.."/>
    <property name="file.separator" value="\"/>
    <property name="java.vendor.url.bug" value="http://bugreport.sun.com/bugreport/"/>
    <property name="sun.cpu.endian" value="little"/>
    <property name="sun.io.unicode.encoding" value="UnicodeLittle"/>
    <property name="sun.stdout.encoding" value="cp437"/>
    <property name="sun.desktop" value="windows"/>
    <property name="sun.cpu.isalist" value="amd64"/>
  </properties>
  <testcase name="TC031" classname="com.cpcommunity.testScripts.community.TC031_Create_community_From_Global_Communities_page" time="124.868"/>
  <testcase name="TC029" classname="com.cpcommunity.testScripts.community.TC029_Create_community_From_My_Communites" time="0.596"/>
  <testcase name="TC081" classname="com.cpcommunity.testScripts.community.TC081_Member_Join_And_Leave_Public_Community_From_Global_Communities" time="10.211"/>
  <testcase name="TC084" classname="com.cpcommunity.testScripts.community.TC084_Member_Leave_community_from_My_Communities________" time="11.351"/>
  <testcase name="TC117" classname="com.cpcommunity.testScripts.community.TC117_Send_Connection_From_Member_Directory" time="72.999"/>
  <testcase name="TC092" classname="com.cpcommunity.testScripts.community.TC092_InActivate_PayMent_Gateways" time="67.612"/>
  <testcase name="TC115" classname="com.cpcommunity.testScripts.community.TC115_SendMessages" time="26.288"/>
  <testcase name="TC118" classname="com.cpcommunity.testScripts.community.TC118_Send_Connection_From_Community_Details_Page" time="14.509"/>
  <testcase name="TC015" classname="com.cpcommunity.testScripts.myprofiletestcases.TC015_Verify_User_Is_Able_To_Update_Profile" time="71.933"/>
  <testcase name="TC022" classname="com.cpcommunity.testScripts.myprofiletestcases.TC022_Verify_User_Is_Able_To_Add_Protfolio" time="0.278"/>
  <testcase name="TC119" classname="com.cpcommunity.testScripts.community.TC119_Send_Connection_From_Group_Details_Page" time="0">
    <skipped/>
    <system-out><![CDATA[INFO    2020-10-05 01:09:21,546 [TestNG-test=Test1-5] com.cpcommunity.testScripts.community.BaseTest  - Test Execution Completed !!!
ChromeDriver: chrome on XP (7e035798bb33d71dcf258c1f6165c280)
7e035798bb33d71dcf258c1f6165c280
INFO    2020-10-05 01:09:23,683 [TestNG-test=Test1-4] com.cpcommunity.testScripts.community.BaseTest  - Driver Initialized !!!
INFO    2020-10-05 01:09:24,069 [TestNG-test=Test1-3] com.cpcommunity.PageObjects.BasePage  - waiting for :[[ChromeDriver: chrome on XP (c1e47407b8c309c428a8b52c63ec98e0)] -> xpath: //*[@class='media block-update-card img-bg']] for :18 seconds
INFO    2020-10-05 01:09:24,114 [TestNG-test=Test1-3] com.cpcommunity.PageObjects.BasePage  - [[ChromeDriver: chrome on XP (c1e47407b8c309c428a8b52c63ec98e0)] -> xpath: //*[@class='media block-update-card img-bg']]is displayed
INFO    2020-10-05 01:09:26,121 [TestNG-test=Test1-3] com.cpcommunity.PageObjects.BasePage  - Clicking on : Nav Bar
INFO    2020-10-05 01:09:26,839 [TestNG-test=Test1-3] com.cpcommunity.PageObjects.BasePage  - waiting for :[[ChromeDriver: chrome on XP (c1e47407b8c309c428a8b52c63ec98e0)] -> xpath: //*[@class='media block-update-card img-bg']] for :18 seconds
INFO    2020-10-05 01:09:26,871 [TestNG-test=Test1-3] com.cpcommunity.PageObjects.BasePage  - [[ChromeDriver: chrome on XP (c1e47407b8c309c428a8b52c63ec98e0)] -> xpath: //*[@class='media block-update-card img-bg']]is displayed
Page Opened
INFO    2020-10-05 01:09:28,939 [TestNG-test=Test1-3] com.cpcommunity.PageObjects.BasePage  - Clicking on : connectButton
INFO    2020-10-05 01:09:29,075 [TestNG-test=Test1-3] com.cpcommunity.PageObjects.BasePage  - waiting for :[[ChromeDriver: chrome on XP (c1e47407b8c309c428a8b52c63ec98e0)] -> xpath: //*[contains(text(),'Send')]] for :18 seconds
INFO    2020-10-05 01:09:33,302 [TestNG-test=Test1-4] com.cpcommunity.PageObjects.BasePage  - scrolling up vertically...
INFO    2020-10-05 01:09:38,348 [TestNG-test=Test1-4] com.cpcommunity.PageObjects.BasePage  - waiting for :[[ChromeDriver: chrome on XP (7e035798bb33d71dcf258c1f6165c280)] -> xpath: //a[contains(.,'Login')]] for :18 seconds
INFO    2020-10-05 01:09:38,376 [TestNG-test=Test1-4] com.cpcommunity.PageObjects.BasePage  - [[ChromeDriver: chrome on XP (7e035798bb33d71dcf258c1f6165c280)] -> xpath: //a[contains(.,'Login')]]is displayed
INFO    2020-10-05 01:09:41,378 [TestNG-test=Test1-4] com.cpcommunity.PageObjects.BasePage  - Clicking on : LOGIN
ChromeDriver: chrome on XP (7e035798bb33d71dcf258c1f6165c280)Login Page
INFO    2020-10-05 01:09:46,021 [TestNG-test=Test1-4] com.cpcommunity.PageObjects.BasePage  - scrolling up vertically...
INFO    2020-10-05 01:09:50,232 [TestNG-test=Test1-2] com.cpcommunity.PageObjects.BasePage  - scrolling up vertically...
INFO    2020-10-05 01:09:51,031 [TestNG-test=Test1-4] com.cpcommunity.PageObjects.BasePage  - Typing in : email address entered the value as : andrew74444@gmail.com
INFO    2020-10-05 01:09:51,348 [TestNG-test=Test1-4] com.cpcommunity.PageObjects.BasePage  - Typing in : password entered the value as : Admin@123
INFO    2020-10-05 01:09:51,511 [TestNG-test=Test1-4] com.cpcommunity.PageObjects.BasePage  - Clicking on : Login
1
2
3
4
5
6
7
8
9
10
11
12
13
14
15
16
17
18
19
20
21
22
23
24
25
26
27
28
29
30
31
32
33
34
35
36
37
38
39
INFO    2020-10-05 01:09:57,994 [TestNG-test=Test1-4] com.cpcommunity.PageObjects.BasePage  - scrolling up vertically...
40
41
42
43
44
45
46
47
48
49
50
51
52
53
1
INFO    2020-10-05 01:10:04,082 [TestNG-test=Test1-1] com.cpcommunity.PageObjects.BasePage  - ClickedProxy element for: AjaxElementLocator 'By.xpath: //*[@id='payBtn']'
INFO    2020-10-05 01:10:04,172 [TestNG-test=Test1-2] com.cpcommunity.PageObjects.BasePage  - Clicking on : Next button
INFO    2020-10-05 01:10:10,330 [TestNG-test=Test1-2] com.cpcommunity.PageObjects.BasePage  - waiting for :[[ChromeDriver: chrome on XP (ffaa9f18dedfb66ac99ad2e792b57288)] -> xpath: //*[contains(text(),'SELECT PAYMENT METHODS')]] for :18 seconds
INFO    2020-10-05 01:10:10,369 [TestNG-test=Test1-2] com.cpcommunity.PageObjects.BasePage  - [[ChromeDriver: chrome on XP (ffaa9f18dedfb66ac99ad2e792b57288)] -> xpath: //*[contains(text(),'SELECT PAYMENT METHODS')]]is displayed
INFO    2020-10-05 01:10:11,306 [TestNG-test=Test1-4] com.cpcommunity.PageObjects.BasePage  - scrolling up vertically...
INFO    2020-10-05 01:10:12,382 [TestNG-test=Test1-2] com.cpcommunity.PageObjects.BasePage  - waiting for :[[ChromeDriver: chrome on XP (ffaa9f18dedfb66ac99ad2e792b57288)] -> xpath: //*[@value='2']] for :18 seconds
INFO    2020-10-05 01:10:12,417 [TestNG-test=Test1-2] com.cpcommunity.PageObjects.BasePage  - [[ChromeDriver: chrome on XP (ffaa9f18dedfb66ac99ad2e792b57288)] -> xpath: //*[@value='2']]is displayed
ChromeDriver: chrome on XP (682226351e3582c142d4682eea204d1d)Payment Receipt
]]></system-out>
    <system-err><![CDATA[Oct 05, 2020 1:09:20 AM org.openqa.selenium.remote.Augmenter extractRemoteWebDriver
WARNING: Augmenter should be applied to the instances of @Augmentable classes or previously augmented instances only (instance class was: class org.openqa.selenium.chrome.ChromeDriver)
Oct 05, 2020 1:09:22 AM org.openqa.selenium.remote.Augmenter extractRemoteWebDriver
WARNING: Augmenter should be applied to the instances of @Augmentable classes or previously augmented instances only (instance class was: class org.openqa.selenium.chrome.ChromeDriver)
Oct 05, 2020 1:09:23 AM org.openqa.selenium.remote.Augmenter extractRemoteWebDriver
WARNING: Augmenter should be applied to the instances of @Augmentable classes or previously augmented instances only (instance class was: class org.openqa.selenium.chrome.ChromeDriver)
Oct 05, 2020 1:09:23 AM org.openqa.selenium.remote.ProtocolHandshake createSession
INFO: Detected dialect: OSS
Oct 05, 2020 1:09:25 AM org.openqa.selenium.remote.Augmenter extractRemoteWebDriver
WARNING: Augmenter should be applied to the instances of @Augmentable classes or previously augmented instances only (instance class was: class org.openqa.selenium.chrome.ChromeDriver)
Oct 05, 2020 1:09:26 AM org.openqa.selenium.remote.Augmenter extractRemoteWebDriver
WARNING: Augmenter should be applied to the instances of @Augmentable classes or previously augmented instances only (instance class was: class org.openqa.selenium.chrome.ChromeDriver)
Oct 05, 2020 1:09:27 AM org.openqa.selenium.remote.Augmenter extractRemoteWebDriver
WARNING: Augmenter should be applied to the instances of @Augmentable classes or previously augmented instances only (instance class was: class org.openqa.selenium.chrome.ChromeDriver)
Oct 05, 2020 1:09:29 AM org.openqa.selenium.remote.Augmenter extractRemoteWebDriver
WARNING: Augmenter should be applied to the instances of @Augmentable classes or previously augmented instances only (instance class was: class org.openqa.selenium.chrome.ChromeDriver)
Oct 05, 2020 1:09:29 AM org.openqa.selenium.remote.Augmenter extractRemoteWebDriver
WARNING: Augmenter should be applied to the instances of @Augmentable classes or previously augmented instances only (instance class was: class org.openqa.selenium.chrome.ChromeDriver)
Oct 05, 2020 1:09:30 AM org.openqa.selenium.remote.Augmenter extractRemoteWebDriver
WARNING: Augmenter should be applied to the instances of @Augmentable classes or previously augmented instances only (instance class was: class org.openqa.selenium.chrome.ChromeDriver)
Oct 05, 2020 1:09:31 AM org.openqa.selenium.remote.Augmenter extractRemoteWebDriver
WARNING: Augmenter should be applied to the instances of @Augmentable classes or previously augmented instances only (instance class was: class org.openqa.selenium.chrome.ChromeDriver)
Oct 05, 2020 1:09:32 AM org.openqa.selenium.remote.Augmenter extractRemoteWebDriver
WARNING: Augmenter should be applied to the instances of @Augmentable classes or previously augmented instances only (instance class was: class org.openqa.selenium.chrome.ChromeDriver)
Oct 05, 2020 1:09:32 AM org.openqa.selenium.remote.Augmenter extractRemoteWebDriver
WARNING: Augmenter should be applied to the instances of @Augmentable classes or previously augmented instances only (instance class was: class org.openqa.selenium.chrome.ChromeDriver)
Oct 05, 2020 1:09:33 AM org.openqa.selenium.remote.Augmenter extractRemoteWebDriver
WARNING: Augmenter should be applied to the instances of @Augmentable classes or previously augmented instances only (instance class was: class org.openqa.selenium.chrome.ChromeDriver)
Oct 05, 2020 1:09:34 AM org.openqa.selenium.remote.Augmenter extractRemoteWebDriver
WARNING: Augmenter should be applied to the instances of @Augmentable classes or previously augmented instances only (instance class was: class org.openqa.selenium.chrome.ChromeDriver)
Oct 05, 2020 1:09:36 AM org.openqa.selenium.remote.Augmenter extractRemoteWebDriver
WARNING: Augmenter should be applied to the instances of @Augmentable classes or previously augmented instances only (instance class was: class org.openqa.selenium.chrome.ChromeDriver)
Oct 05, 2020 1:09:37 AM org.openqa.selenium.remote.Augmenter extractRemoteWebDriver
WARNING: Augmenter should be applied to the instances of @Augmentable classes or previously augmented instances only (instance class was: class org.openqa.selenium.chrome.ChromeDriver)
Oct 05, 2020 1:09:38 AM org.openqa.selenium.remote.Augmenter extractRemoteWebDriver
WARNING: Augmenter should be applied to the instances of @Augmentable classes or previously augmented instances only (instance class was: class org.openqa.selenium.chrome.ChromeDriver)
Oct 05, 2020 1:09:40 AM org.openqa.selenium.remote.Augmenter extractRemoteWebDriver
WARNING: Augmenter should be applied to the instances of @Augmentable classes or previously augmented instances only (instance class was: class org.openqa.selenium.chrome.ChromeDriver)
Oct 05, 2020 1:09:41 AM org.openqa.selenium.remote.Augmenter extractRemoteWebDriver
WARNING: Augmenter should be applied to the instances of @Augmentable classes or previously augmented instances only (instance class was: class org.openqa.selenium.chrome.ChromeDriver)
Oct 05, 2020 1:09:42 AM org.openqa.selenium.remote.Augmenter extractRemoteWebDriver
WARNING: Augmenter should be applied to the instances of @Augmentable classes or previously augmented instances only (instance class was: class org.openqa.selenium.chrome.ChromeDriver)
Oct 05, 2020 1:09:44 AM org.openqa.selenium.remote.Augmenter extractRemoteWebDriver
WARNING: Augmenter should be applied to the instances of @Augmentable classes or previously augmented instances only (instance class was: class org.openqa.selenium.chrome.ChromeDriver)
Oct 05, 2020 1:09:44 AM org.openqa.selenium.remote.Augmenter extractRemoteWebDriver
WARNING: Augmenter should be applied to the instances of @Augmentable classes or previously augmented instances only (instance class was: class org.openqa.selenium.chrome.ChromeDriver)
Oct 05, 2020 1:09:45 AM org.openqa.selenium.remote.Augmenter extractRemoteWebDriver
WARNING: Augmenter should be applied to the instances of @Augmentable classes or previously augmented instances only (instance class was: class org.openqa.selenium.chrome.ChromeDriver)
Oct 05, 2020 1:09:45 AM org.openqa.selenium.remote.Augmenter extractRemoteWebDriver
WARNING: Augmenter should be applied to the instances of @Augmentable classes or previously augmented instances only (instance class was: class org.openqa.selenium.chrome.ChromeDriver)
Oct 05, 2020 1:09:46 AM org.openqa.selenium.remote.Augmenter extractRemoteWebDriver
WARNING: Augmenter should be applied to the instances of @Augmentable classes or previously augmented instances only (instance class was: class org.openqa.selenium.chrome.ChromeDriver)
Oct 05, 2020 1:09:54 AM org.openqa.selenium.remote.Augmenter extractRemoteWebDriver
WARNING: Augmenter should be applied to the instances of @Augmentable classes or previously augmented instances only (instance class was: class org.openqa.selenium.chrome.ChromeDriver)
Oct 05, 2020 1:09:55 AM org.openqa.selenium.remote.Augmenter extractRemoteWebDriver
WARNING: Augmenter should be applied to the instances of @Augmentable classes or previously augmented instances only (instance class was: class org.openqa.selenium.chrome.ChromeDriver)
Oct 05, 2020 1:09:57 AM org.openqa.selenium.remote.Augmenter extractRemoteWebDriver
WARNING: Augmenter should be applied to the instances of @Augmentable classes or previously augmented instances only (instance class was: class org.openqa.selenium.chrome.ChromeDriver)
Oct 05, 2020 1:10:07 AM org.openqa.selenium.remote.Augmenter extractRemoteWebDriver
WARNING: Augmenter should be applied to the instances of @Augmentable classes or previously augmented instances only (instance class was: class org.openqa.selenium.chrome.ChromeDriver)
Oct 05, 2020 1:10:09 AM org.openqa.selenium.remote.Augmenter extractRemoteWebDriver
WARNING: Augmenter should be applied to the instances of @Augmentable classes or previously augmented instances only (instance class was: class org.openqa.selenium.chrome.ChromeDriver)
Oct 05, 2020 1:10:10 AM org.openqa.selenium.remote.Augmenter extractRemoteWebDriver
WARNING: Augmenter should be applied to the instances of @Augmentable classes or previously augmented instances only (instance class was: class org.openqa.selenium.chrome.ChromeDriver)
]]></system-err>
  </testcase>
  <testcase name="TC119" classname="com.cpcommunity.testScripts.community.TC119_Send_Connection_From_Group_Details_Page" time="119.543"/>
  <testcase name="TC027" classname="com.cpcommunity.testScripts.myprofiletestcases.TC027_Verify_User_Is_Able_To_Update_Interests" time="10.16"/>
  <testcase name="TC131" classname="com.cpcommunity.testScripts.community.TC131_Purchase_Pricing_Plan_With_Authorize_Net" time="125.32"/>
  <testcase name="TC001" classname="com.cpcommunity.testScripts.community.TC001_Purchase_Pricing_Plan_With_PayPal" time="791.861"/>
  <testcase name="TC032" classname="com.cpcommunity.testScripts.community.TC032_System_Admin_Community_Approval" time="107.721"/>
  <testcase name="TC023" classname="com.cpcommunity.testScripts.myprofiletestcases.TC023_Verify_User_Is_Able_To_Update_Protfolio" time="1.299"/>
  <testcase name="TC030" classname="com.cpcommunity.testScripts.community.TC030_System_Admin_Community_Rejection" time="4.366"/>
  <testcase name="TC028" classname="com.cpcommunity.testScripts.myprofiletestcases.TC028_Verify_User_Is_Able_To_Delete_Interests" time="70.229"/>
  <testcase name="TC094" classname="com.cpcommunity.testScripts.community.TC094_Activate_PayMent_Gateways" time="75.844"/>
  <testcase name="TC175" classname="com.cpcommunity.testScripts.community.TC175_Verify_Membership_Plan_Is_Not_Available_For_Purchased_Pricing_Plan_Without_Membership_Plan_To_CA" time="463.869"/>
  <testcase name="TC024" classname="com.cpcommunity.testScripts.myprofiletestcases.TC024_Verify_User_Is_Able_To_Delete_Protfolio" time="105.958"/>
  <testcase name="TC166" classname="com.cpcommunity.testScripts.community.TC166_Verify_Rejected_Community_Is_Not_Displayed_In_MyCommunities" time="106.282"/>
  <testcase name="TC016" classname="com.cpcommunity.testScripts.myprofiletestcases.TC016_Verify_User_is_Able_to_Select_Private_Radio_Button" time="120.286"/>
  <testcase name="TC026" classname="com.cpcommunity.testScripts.myprofiletestcases.TC026_Verify_User_Is_Able_To_Update_Skills" time="126.559"/>
  <testcase name="TC033" classname="com.cpcommunity.testScripts.community.TC033_Complete_Community_Setup" time="313.589"/>
  <testcase name="TC017" classname="com.cpcommunity.testScripts.myprofiletestcases.TC017_Verify_User_is_Able_to_Select_Public_Radio_Button" time="101.004"/>
  <testcase name="TC035" classname="com.cpcommunity.testScripts.community.TC035_Create_Community_With_Rejected_Community_Name" time="24.626"/>
  <testcase name="TC183" classname="com.cpcommunity.testScripts.advertisments.TC183_Verify_CA_Is_Not_Able_To_Create_Advertisment_Plan_Without_PG_Configuration" time="14.081"/>
  <testcase name="TC182" classname="com.cpcommunity.testScripts.community.TC182_Verify_CA_Is_Not_Able_To_Create_Paid_Membership_Plan_Without_PG_Configuration" time="0">
    <skipped/>
    <system-out><![CDATA[INFO    2020-10-05 01:40:40,893 [TestNG-test=Test4-2] com.cpcommunity.testScripts.community.BaseTest  - Test Execution Completed !!!
Total rows are : 1167
Test case starts from row num: 140
Total rows of data are : 2
Total cols are : 13
@TestCase : TC052
INFO    2020-10-05 01:40:40,980 [TestNG-test=Test4-2] com.cpcommunity.testScripts.community.BaseTest  - Inside Login Test
Launching : chrome
INFO    2020-10-05 01:40:42,953 [TestNG-test=Test4-1] com.cpcommunity.PageObjects.BasePage  - scrolling up vertically...
ChromeDriver: chrome on XP (828fa4fce90eeea5f9b32d6f8eea704b)
828fa4fce90eeea5f9b32d6f8eea704b
INFO    2020-10-05 01:40:44,108 [TestNG-test=Test4-2] com.cpcommunity.testScripts.community.BaseTest  - Driver Initialized !!!
INFO    2020-10-05 01:40:44,932 [TestNG-test=Test4-4] com.cpcommunity.PageObjects.BasePage  - waiting for :[[ChromeDriver: chrome on XP (e911217159fdc41bcb7fb4ec0cfeef32)] -> xpath: //a[contains(.,'Login')]] for :18 seconds
INFO    2020-10-05 01:40:44,962 [TestNG-test=Test4-4] com.cpcommunity.PageObjects.BasePage  - [[ChromeDriver: chrome on XP (e911217159fdc41bcb7fb4ec0cfeef32)] -> xpath: //a[contains(.,'Login')]]is displayed
null
INFO    2020-10-05 01:40:47,971 [TestNG-test=Test4-4] com.cpcommunity.PageObjects.BasePage  - Clicking on : LOGIN
INFO    2020-10-05 01:40:48,329 [TestNG-test=Test4-1] com.cpcommunity.PageObjects.BasePage  - waiting for :[[ChromeDriver: chrome on XP (10e7c0b2e2961ad467c024dcec6776ed)] -> xpath: //*[@id='mycommunitestab']//a[contains(text(),'VIEW ALL')]] for :18 seconds
INFO    2020-10-05 01:40:48,682 [TestNG-test=Test4-1] com.cpcommunity.PageObjects.BasePage  - [[ChromeDriver: chrome on XP (10e7c0b2e2961ad467c024dcec6776ed)] -> xpath: //*[@id='mycommunitestab']//a[contains(text(),'VIEW ALL')]]is displayed
Page Opened
INFO    2020-10-05 01:40:49,450 [TestNG-test=Test4-5] com.cpcommunity.PageObjects.BasePage  - Typing in : Name entered the value as : Community - 05 Oct 2020
ChromeDriver: chrome on XP (e911217159fdc41bcb7fb4ec0cfeef32)Login Page
INFO    2020-10-05 01:40:50,683 [TestNG-test=Test4-1] com.cpcommunity.PageObjects.BasePage  - Clicking on : view All
INFO    2020-10-05 01:40:53,671 [TestNG-test=Test4-4] com.cpcommunity.PageObjects.BasePage  - scrolling up vertically...
INFO    2020-10-05 01:40:54,461 [TestNG-test=Test4-2] com.cpcommunity.PageObjects.BasePage  - scrolling up vertically...
INFO    2020-10-05 01:40:55,871 [TestNG-test=Test4-1] com.cpcommunity.PageObjects.BasePage  - scrolling up vertically...
INFO    2020-10-05 01:40:58,684 [TestNG-test=Test4-4] com.cpcommunity.PageObjects.BasePage  - Typing in : email address entered the value as : andrew74444@gmail.com
INFO    2020-10-05 01:40:59,239 [TestNG-test=Test4-4] com.cpcommunity.PageObjects.BasePage  - Typing in : password entered the value as : Admin@123
INFO    2020-10-05 01:40:59,431 [TestNG-test=Test4-5] com.cpcommunity.PageObjects.BasePage  - selectUsingIndex and index is: 5
INFO    2020-10-05 01:40:59,464 [TestNG-test=Test4-4] com.cpcommunity.PageObjects.BasePage  - Clicking on : Login
INFO    2020-10-05 01:40:59,535 [TestNG-test=Test4-2] com.cpcommunity.PageObjects.BasePage  - waiting for :[[ChromeDriver: chrome on XP (828fa4fce90eeea5f9b32d6f8eea704b)] -> xpath: //a[contains(.,'Login')]] for :18 seconds
INFO    2020-10-05 01:40:59,587 [TestNG-test=Test4-2] com.cpcommunity.PageObjects.BasePage  - [[ChromeDriver: chrome on XP (828fa4fce90eeea5f9b32d6f8eea704b)] -> xpath: //a[contains(.,'Login')]]is displayed
Date Format with dd MMMM yyyy : 05 Oct 2020
INFO    2020-10-05 01:41:00,945 [TestNG-test=Test4-1] com.cpcommunity.PageObjects.BasePage  - waiting for :[[ChromeDriver: chrome on XP (10e7c0b2e2961ad467c024dcec6776ed)] -> xpath: //input[@placeholder='Search by Community Name']] for :18 seconds
INFO    2020-10-05 01:41:00,999 [TestNG-test=Test4-1] com.cpcommunity.PageObjects.BasePage  - [[ChromeDriver: chrome on XP (10e7c0b2e2961ad467c024dcec6776ed)] -> xpath: //input[@placeholder='Search by Community Name']]is displayed
INFO    2020-10-05 01:41:02,588 [TestNG-test=Test4-2] com.cpcommunity.PageObjects.BasePage  - Clicking on : LOGIN
INFO    2020-10-05 01:41:03,331 [TestNG-test=Test4-1] com.cpcommunity.PageObjects.BasePage  - Typing in : Search by Community entered the value as : Community - 05 Oct 2020
INFO    2020-10-05 01:41:03,589 [TestNG-test=Test4-1] com.cpcommunity.PageObjects.BasePage  - Clicking on : search btn
ChromeDriver: chrome on XP (828fa4fce90eeea5f9b32d6f8eea704b)Login Page
INFO    2020-10-05 01:41:06,772 [TestNG-test=Test4-4] com.cpcommunity.PageObjects.BasePage  - scrolling up vertically...
INFO    2020-10-05 01:41:07,171 [TestNG-test=Test4-2] com.cpcommunity.PageObjects.BasePage  - scrolling up vertically...
]]></system-out>
    <system-err><![CDATA[Starting ChromeDriver 2.38.552522 (437e6fbedfa8762dec75e2c5b3ddb86763dc9dcb) on port 38499
Only local connections are allowed.
Oct 05, 2020 1:40:41 AM org.openqa.selenium.remote.Augmenter extractRemoteWebDriver
WARNING: Augmenter should be applied to the instances of @Augmentable classes or previously augmented instances only (instance class was: class org.openqa.selenium.chrome.ChromeDriver)
Oct 05, 2020 1:40:44 AM org.openqa.selenium.remote.ProtocolHandshake createSession
INFO: Detected dialect: OSS
Oct 05, 2020 1:40:49 AM org.openqa.selenium.remote.Augmenter extractRemoteWebDriver
WARNING: Augmenter should be applied to the instances of @Augmentable classes or previously augmented instances only (instance class was: class org.openqa.selenium.chrome.ChromeDriver)
Oct 05, 2020 1:40:51 AM org.openqa.selenium.remote.Augmenter extractRemoteWebDriver
WARNING: Augmenter should be applied to the instances of @Augmentable classes or previously augmented instances only (instance class was: class org.openqa.selenium.chrome.ChromeDriver)
Oct 05, 2020 1:40:51 AM org.openqa.selenium.remote.Augmenter extractRemoteWebDriver
WARNING: Augmenter should be applied to the instances of @Augmentable classes or previously augmented instances only (instance class was: class org.openqa.selenium.chrome.ChromeDriver)
Oct 05, 2020 1:40:52 AM org.openqa.selenium.remote.Augmenter extractRemoteWebDriver
WARNING: Augmenter should be applied to the instances of @Augmentable classes or previously augmented instances only (instance class was: class org.openqa.selenium.chrome.ChromeDriver)
Oct 05, 2020 1:40:53 AM org.openqa.selenium.remote.Augmenter extractRemoteWebDriver
WARNING: Augmenter should be applied to the instances of @Augmentable classes or previously augmented instances only (instance class was: class org.openqa.selenium.chrome.ChromeDriver)
Oct 05, 2020 1:40:53 AM org.openqa.selenium.remote.Augmenter extractRemoteWebDriver
WARNING: Augmenter should be applied to the instances of @Augmentable classes or previously augmented instances only (instance class was: class org.openqa.selenium.chrome.ChromeDriver)
Oct 05, 2020 1:40:55 AM org.openqa.selenium.remote.Augmenter extractRemoteWebDriver
WARNING: Augmenter should be applied to the instances of @Augmentable classes or previously augmented instances only (instance class was: class org.openqa.selenium.chrome.ChromeDriver)
Oct 05, 2020 1:41:03 AM org.openqa.selenium.remote.Augmenter extractRemoteWebDriver
WARNING: Augmenter should be applied to the instances of @Augmentable classes or previously augmented instances only (instance class was: class org.openqa.selenium.chrome.ChromeDriver)
Oct 05, 2020 1:41:04 AM org.openqa.selenium.remote.Augmenter extractRemoteWebDriver
WARNING: Augmenter should be applied to the instances of @Augmentable classes or previously augmented instances only (instance class was: class org.openqa.selenium.chrome.ChromeDriver)
Oct 05, 2020 1:41:05 AM org.openqa.selenium.remote.Augmenter extractRemoteWebDriver
WARNING: Augmenter should be applied to the instances of @Augmentable classes or previously augmented instances only (instance class was: class org.openqa.selenium.chrome.ChromeDriver)
Oct 05, 2020 1:41:06 AM org.openqa.selenium.remote.Augmenter extractRemoteWebDriver
WARNING: Augmenter should be applied to the instances of @Augmentable classes or previously augmented instances only (instance class was: class org.openqa.selenium.chrome.ChromeDriver)
Oct 05, 2020 1:41:06 AM org.openqa.selenium.remote.Augmenter extractRemoteWebDriver
WARNING: Augmenter should be applied to the instances of @Augmentable classes or previously augmented instances only (instance class was: class org.openqa.selenium.chrome.ChromeDriver)
]]></system-err>
  </testcase>
  <testcase name="TC182" classname="com.cpcommunity.testScripts.community.TC182_Verify_CA_Is_Not_Able_To_Create_Paid_Membership_Plan_Without_PG_Configuration" time="11.624">
    <failure message="Timed out after 20 seconds. Unable to locate the element" type="org.openqa.selenium.NoSuchElementException">org.openqa.selenium.NoSuchElementException: Timed out after 20 seconds. Unable to locate the element
	at sun.reflect.GeneratedConstructorAccessor77.newInstance(Unknown Source)
	at sun.reflect.DelegatingConstructorAccessorImpl.newInstance(DelegatingConstructorAccessorImpl.java:45)
	at java.lang.reflect.Constructor.newInstance(Constructor.java:423)
	at org.openqa.selenium.remote.ErrorHandler.createThrowable(ErrorHandler.java:214)
	at org.openqa.selenium.remote.ErrorHandler.throwIfResponseFailed(ErrorHandler.java:166)
	at org.openqa.selenium.remote.http.JsonHttpResponseCodec.reconstructValue(JsonHttpResponseCodec.java:40)
	at org.openqa.selenium.remote.http.AbstractHttpResponseCodec.decode(AbstractHttpResponseCodec.java:80)
	at org.openqa.selenium.remote.http.AbstractHttpResponseCodec.decode(AbstractHttpResponseCodec.java:44)
	at org.openqa.selenium.remote.HttpCommandExecutor.execute(HttpCommandExecutor.java:158)
	at org.openqa.selenium.remote.service.DriverCommandExecutor.execute(DriverCommandExecutor.java:83)
	at org.openqa.selenium.remote.RemoteWebDriver.execute(RemoteWebDriver.java:548)
	at org.openqa.selenium.remote.RemoteWebDriver.findElement(RemoteWebDriver.java:322)
	at org.openqa.selenium.remote.RemoteWebDriver.findElementByXPath(RemoteWebDriver.java:424)
	at org.openqa.selenium.By$ByXPath.findElement(By.java:353)
	at org.openqa.selenium.remote.RemoteWebDriver.findElement(RemoteWebDriver.java:314)
	at org.openqa.selenium.support.pagefactory.DefaultElementLocator.findElement(DefaultElementLocator.java:69)
	at org.openqa.selenium.support.pagefactory.AjaxElementLocator.access$001(AjaxElementLocator.java:39)
	at org.openqa.selenium.support.pagefactory.AjaxElementLocator$SlowLoadingElement.isLoaded(AjaxElementLocator.java:194)
	at org.openqa.selenium.support.ui.SlowLoadableComponent.get(SlowLoadableComponent.java:78)
	at org.openqa.selenium.support.pagefactory.AjaxElementLocator.findElement(AjaxElementLocator.java:119)
	at org.openqa.selenium.support.pagefactory.internal.LocatingElementHandler.invoke(LocatingElementHandler.java:38)
	at com.sun.proxy.$Proxy9.getWrappedElement(Unknown Source)
	at org.openqa.selenium.remote.internal.WebElementToJsonConverter.apply(WebElementToJsonConverter.java:50)
	at java.util.stream.ReferencePipeline$3$1.accept(ReferencePipeline.java:193)
	at java.util.Spliterators$ArraySpliterator.forEachRemaining(Spliterators.java:948)
	at java.util.stream.AbstractPipeline.copyInto(AbstractPipeline.java:482)
	at java.util.stream.AbstractPipeline.wrapAndCopyInto(AbstractPipeline.java:472)
	at java.util.stream.ReduceOps$ReduceOp.evaluateSequential(ReduceOps.java:708)
	at java.util.stream.AbstractPipeline.evaluate(AbstractPipeline.java:234)
	at java.util.stream.ReferencePipeline.collect(ReferencePipeline.java:499)
	at org.openqa.selenium.remote.RemoteWebDriver.executeScript(RemoteWebDriver.java:480)
	at com.cpcommunity.PageObjects.BasePage.highlightElement(BasePage.java:511)
	at com.cpcommunity.PageObjects.BasePage.click(BasePage.java:199)
	at com.cpcommunity.PageObjects.CommunityDashboardPage.navigateToMembershipPlans(CommunityDashboardPage.java:187)
	at com.cpcommunity.testScripts.community.TC182_Verify_CA_Is_Not_Able_To_Create_Paid_Membership_Plan_Without_PG_Configuration.TC182(TC182_Verify_CA_Is_Not_Able_To_Create_Paid_Membership_Plan_Without_PG_Configuration.java:32)
</failure>
    <system-out><![CDATA[INFO    2020-10-05 01:43:36,527 [TestNG-test=Test4-2] com.cpcommunity.testScripts.community.BaseTest  - Test Execution Completed !!!
@TestCase : TC052
INFO    2020-10-05 01:43:36,595 [TestNG-test=Test4-2] com.cpcommunity.testScripts.community.BaseTest  - Inside Login Test
Launching : chrome
INFO    2020-10-05 01:43:36,986 [TestNG-test=Test4-5] com.cpcommunity.PageObjects.BasePage  - Clicking on : LOGIN
INFO    2020-10-05 01:43:37,690 [TestNG-test=Test4-1] com.cpcommunity.PageObjects.BasePage  - Typing in : Search entered the value as : justinchamp111@gmail.com
ChromeDriver: chrome on XP (4a1c30591f4e6fba4dc83efd77860c67)
4a1c30591f4e6fba4dc83efd77860c67
INFO    2020-10-05 01:43:39,936 [TestNG-test=Test4-2] com.cpcommunity.testScripts.community.BaseTest  - Driver Initialized !!!
INFO    2020-10-05 01:43:39,976 [TestNG-test=Test4-1] com.cpcommunity.PageObjects.BasePage  - waiting for :[[ChromeDriver: chrome on XP (10e7c0b2e2961ad467c024dcec6776ed)] -> xpath: //*[contains(text(),'justinchamp111@gmail.com')]] for :18 seconds
INFO    2020-10-05 01:43:39,992 [TestNG-test=Test4-1] com.cpcommunity.PageObjects.BasePage  - [[ChromeDriver: chrome on XP (10e7c0b2e2961ad467c024dcec6776ed)] -> xpath: //*[contains(text(),'justinchamp111@gmail.com')]]is displayed
ChromeDriver: chrome on XP (dea80b97d1d14b81e98cbb42d69bf5e3)Login Page
INFO    2020-10-05 01:43:41,494 [TestNG-test=Test4-4] com.cpcommunity.PageObjects.BasePage  - Typing in : searchDiscussion entered the value as : Hi…Glad to see you all again…..!!!!
INFO    2020-10-05 01:43:41,878 [TestNG-test=Test4-4] com.cpcommunity.PageObjects.BasePage  - Clicking on : Search
INFO    2020-10-05 01:43:42,009 [TestNG-test=Test4-1] com.cpcommunity.PageObjects.BasePage  - waiting for :[[ChromeDriver: chrome on XP (10e7c0b2e2961ad467c024dcec6776ed)] -> xpath: //*[contains(text(),'Showing 1 to 1 of 1 entries')]] for :18 seconds
INFO    2020-10-05 01:43:42,047 [TestNG-test=Test4-1] com.cpcommunity.PageObjects.BasePage  - [[ChromeDriver: chrome on XP (10e7c0b2e2961ad467c024dcec6776ed)] -> xpath: //*[contains(text(),'Showing 1 to 1 of 1 entries')]]is displayed
null
INFO    2020-10-05 01:43:43,120 [TestNG-test=Test4-5] com.cpcommunity.PageObjects.BasePage  - scrolling up vertically...
INFO    2020-10-05 01:43:44,047 [TestNG-test=Test4-1] com.cpcommunity.PageObjects.BasePage  - Clicking on : select_Checkbox
INFO    2020-10-05 01:43:44,067 [TestNG-test=Test4-4] com.cpcommunity.PageObjects.BasePage  - scroll till web [[ChromeDriver: chrome on XP (cd8cec67dd975bcb8268fdb07a780942)] -> xpath: //*[@id='NewPostForm']//button[contains(text(),'Post')]]
Page Opened
INFO    2020-10-05 01:43:44,142 [TestNG-test=Test4-4] com.cpcommunity.PageObjects.BasePage  - waiting for :[[ChromeDriver: chrome on XP (cd8cec67dd975bcb8268fdb07a780942)] -> xpath: (//*[@data-placeholder='Add a comment'])[1]] for :18 seconds
INFO    2020-10-05 01:43:44,219 [TestNG-test=Test4-4] com.cpcommunity.PageObjects.BasePage  - [[ChromeDriver: chrome on XP (cd8cec67dd975bcb8268fdb07a780942)] -> xpath: (//*[@data-placeholder='Add a comment'])[1]]is displayed
INFO    2020-10-05 01:43:44,231 [TestNG-test=Test4-1] com.cpcommunity.PageObjects.BasePage  - waiting for :[[ChromeDriver: chrome on XP (10e7c0b2e2961ad467c024dcec6776ed)] -> xpath: //*[contains(text(),'1 row selected')]] for :18 seconds
INFO    2020-10-05 01:43:44,276 [TestNG-test=Test4-1] com.cpcommunity.PageObjects.BasePage  - [[ChromeDriver: chrome on XP (10e7c0b2e2961ad467c024dcec6776ed)] -> xpath: //*[contains(text(),'1 row selected')]]is displayed
INFO    2020-10-05 01:43:46,220 [TestNG-test=Test4-4] com.cpcommunity.PageObjects.BasePage  - Typing in : First Post Comment entered the value as : Hi Nice to see you back ….. !!!!!
INFO    2020-10-05 01:43:46,276 [TestNG-test=Test4-1] com.cpcommunity.PageObjects.BasePage  - Clicking on : btnInvite
INFO    2020-10-05 01:43:46,541 [TestNG-test=Test4-4] com.cpcommunity.PageObjects.BasePage  - Clicking on : Send Comment
INFO    2020-10-05 01:43:46,780 [TestNG-test=Test4-1] com.cpcommunity.PageObjects.BasePage  - waiting for :[[ChromeDriver: chrome on XP (10e7c0b2e2961ad467c024dcec6776ed)] -> xpath: //button[contains(.,'Yes, Proceed')]] for :18 seconds
INFO    2020-10-05 01:43:46,805 [TestNG-test=Test4-1] com.cpcommunity.PageObjects.BasePage  - [[ChromeDriver: chrome on XP (10e7c0b2e2961ad467c024dcec6776ed)] -> xpath: //button[contains(.,'Yes, Proceed')]]is displayed
INFO    2020-10-05 01:43:48,128 [TestNG-test=Test4-5] com.cpcommunity.PageObjects.BasePage  - Typing in : email address entered the value as : andrew74444@gmail.com
]]></system-out>
    <system-err><![CDATA[Starting ChromeDriver 2.38.552522 (437e6fbedfa8762dec75e2c5b3ddb86763dc9dcb) on port 24844
Only local connections are allowed.
Oct 05, 2020 1:43:39 AM org.openqa.selenium.remote.ProtocolHandshake createSession
INFO: Detected dialect: OSS
Oct 05, 2020 1:43:41 AM org.openqa.selenium.remote.Augmenter extractRemoteWebDriver
WARNING: Augmenter should be applied to the instances of @Augmentable classes or previously augmented instances only (instance class was: class org.openqa.selenium.chrome.ChromeDriver)
Oct 05, 2020 1:43:42 AM org.openqa.selenium.remote.Augmenter extractRemoteWebDriver
WARNING: Augmenter should be applied to the instances of @Augmentable classes or previously augmented instances only (instance class was: class org.openqa.selenium.chrome.ChromeDriver)
Oct 05, 2020 1:43:45 AM org.openqa.selenium.remote.Augmenter extractRemoteWebDriver
WARNING: Augmenter should be applied to the instances of @Augmentable classes or previously augmented instances only (instance class was: class org.openqa.selenium.chrome.ChromeDriver)
Oct 05, 2020 1:43:47 AM org.openqa.selenium.remote.Augmenter extractRemoteWebDriver
WARNING: Augmenter should be applied to the instances of @Augmentable classes or previously augmented instances only (instance class was: class org.openqa.selenium.chrome.ChromeDriver)
]]></system-err>
  </testcase>
  <testcase name="TC025" classname="com.cpcommunity.testScripts.myprofiletestcases.TC025_Verify_User_Is_Able_To_Delete_Skills" time="30.392"/>
  <testcase name="TC039" classname="com.cpcommunity.testScripts.community.TC039_Edit_Community" time="92.211"/>
  <testcase name="TC052" classname="com.cpcommunity.testScripts.community.TC052_Community_Admin_Create_Groups" time="20.718"/>
  <testcase name="TC052" classname="com.cpcommunity.testScripts.community.TC052_Community_Admin_Create_Groups" time="55.7"/>
  <testcase name="TC040" classname="com.cpcommunity.testScripts.community.TC040_Community_Admin_Invite_Members" time="6.533"/>
  <testcase name="TC079" classname="com.cpcommunity.testScripts.community.TC079_Share_Posts_in_Communities" time="23.83"/>
  <testcase name="TC171" classname="com.cpcommunity.testScripts.community.TC171_Verify_Total_Communities_Count_And_In_My_Communities_Are_Same" time="76.19"/>
  <testcase name="TC163" classname="com.cpcommunity.testScripts.community.TC163_Member_Invite_Friends_To_Community" time="19.349"/>
  <testcase name="TC162" classname="com.cpcommunity.testScripts.community.TC169_Verify_Member_Cannot_Able_To_Remove_CA_From_Manage_Community_Members_page_For_Only_One_Community_Admin" time="8.489"/>
  <testcase name="TC172" classname="com.cpcommunity.testScripts.community.TC172_Verify_Purchased_Membership_Is_Not_Editable_To_CA" time="80.672"/>
  <testcase name="TC001" classname="com.cpcommunity.testScripts.community.TC174_Verify_CA_Is_Not_Able_Configure_Membership_Plan_More_Than_Pricing_Plan_Duration" time="110.472"/>
  <testcase name="TC128" classname="com.cpcommunity.testScripts.community.TC128_Create_Job_Requirement" time="140.173"/>
  <testcase name="TC088" classname="com.cpcommunity.testScripts.community.TC088_Configure_Cheque_Payment" time="140.698"/>
  <testcase name="TC087" classname="com.cpcommunity.testScripts.community.TC087_Configure_Cash_Payment" time="6.041"/>
  <testcase name="TC165" classname="com.cpcommunity.testScripts.community.TC165_Veirfy_Community_Website_URL_Redirected_To_Configured_Website" time="0.093"/>
  <testcase name="TC089" classname="com.cpcommunity.testScripts.community.TC089_Configure_Paypal_Payment_Gateway" time="0">
    <skipped/>
    <system-out><![CDATA[INFO    2020-10-05 01:50:51,044 [TestNG-test=Test5-2] com.cpcommunity.testScripts.community.BaseTest  - Test Execution Completed !!!
Total rows are : 1167
Test case starts from row num: 986
Total rows of data are : 1
Total cols are : 24
@TestCase : TC184
INFO    2020-10-05 01:50:51,206 [TestNG-test=Test5-2] com.cpcommunity.testScripts.community.BaseTest  - Inside Login Test
{discountByValue=50, password=Admin@123, Test Descrption=TC184_Create_PromoCode, advertisementPlan=yes, allAds=yes, allEvents=yes, promoCode3=PROMOB_, promoCode2=PROMOA_, promoCode1=PROMO_, communityName=Community -, maxNumberofUses=3, appliesToEvents=yes, memberShipPlan=no, Runmode=Y, appliesToMembership=no, email=andrew74444@gmail.com, discountByPercent=Yes, event=yes, appliesToAd=yes, allMemberships=no, discountByPercentageValue2=100, browser=chrome, discountByPercentageValue1=50, promoCodeExpiry=No Expiry}
Launching : chrome
Page Opened
INFO    2020-10-05 01:50:52,478 [TestNG-test=Test5-5] com.cpcommunity.PageObjects.BasePage  - scrolling up vertically...
ChromeDriver: chrome on XP (1f829068a68b9f966d11946a299e4ef1)
1f829068a68b9f966d11946a299e4ef1
INFO    2020-10-05 01:50:54,902 [TestNG-test=Test5-2] com.cpcommunity.testScripts.community.BaseTest  - Driver Initialized !!!
INFO    2020-10-05 01:50:57,230 [TestNG-test=Test5-1] com.cpcommunity.PageObjects.BasePage  - Clicking on : Selecting Check box
INFO    2020-10-05 01:50:57,442 [TestNG-test=Test5-3] com.cpcommunity.PageObjects.BasePage  - scrolling up vertically...
INFO    2020-10-05 01:50:58,408 [TestNG-test=Test5-4] com.cpcommunity.PageObjects.BasePage  - waiting for :[[ChromeDriver: chrome on XP (820214301cee68796cc19e74a163d020)] -> xpath: //button[contains(.,'Ok')]] for :18 seconds
INFO    2020-10-05 01:50:58,454 [TestNG-test=Test5-4] com.cpcommunity.PageObjects.BasePage  - [[ChromeDriver: chrome on XP (820214301cee68796cc19e74a163d020)] -> xpath: //button[contains(.,'Ok')]]is displayed
INFO    2020-10-05 01:50:59,027 [TestNG-test=Test5-5] com.cpcommunity.PageObjects.BasePage  - waiting for :[[ChromeDriver: chrome on XP (0cf97ce07acde6efc77509f6b1e05a14)] -> xpath: //button[contains(.,'Ok')]] for :18 seconds
INFO    2020-10-05 01:50:59,408 [TestNG-test=Test5-1] com.cpcommunity.PageObjects.BasePage  - Clicking on : Add
INFO    2020-10-05 01:50:59,611 [TestNG-test=Test5-5] com.cpcommunity.PageObjects.BasePage  - [[ChromeDriver: chrome on XP (0cf97ce07acde6efc77509f6b1e05a14)] -> xpath: //button[contains(.,'Ok')]]is displayed
INFO    2020-10-05 01:50:59,636 [TestNG-test=Test5-1] com.cpcommunity.PageObjects.BasePage  - waiting for :[[ChromeDriver: chrome on XP (3dc24642c2c84fc5eb665fbb1e9f2590)] -> xpath: //button[contains(.,'Yes, Proceed')]] for :18 seconds
INFO    2020-10-05 01:51:00,192 [TestNG-test=Test5-1] com.cpcommunity.PageObjects.BasePage  - [[ChromeDriver: chrome on XP (3dc24642c2c84fc5eb665fbb1e9f2590)] -> xpath: //button[contains(.,'Yes, Proceed')]]is displayed
Page Opened
INFO    2020-10-05 01:51:02,509 [TestNG-test=Test5-3] com.cpcommunity.PageObjects.BasePage  - waiting for :[[ChromeDriver: chrome on XP (84e0cb82e96f5ecbfbf58c70315025aa)] -> xpath: //a[contains(.,'Login')]] for :18 seconds
INFO    2020-10-05 01:51:02,555 [TestNG-test=Test5-3] com.cpcommunity.PageObjects.BasePage  - [[ChromeDriver: chrome on XP (84e0cb82e96f5ecbfbf58c70315025aa)] -> xpath: //a[contains(.,'Login')]]is displayed
INFO    2020-10-05 01:51:02,555 [TestNG-test=Test5-1] com.cpcommunity.PageObjects.BasePage  - Clicking on : Yes, Proceed
INFO    2020-10-05 01:51:03,235 [TestNG-test=Test5-1] com.cpcommunity.PageObjects.BasePage  - waiting for :[[ChromeDriver: chrome on XP (3dc24642c2c84fc5eb665fbb1e9f2590)] -> xpath: //button[contains(.,'Ok')]] for :18 seconds
INFO    2020-10-05 01:51:03,797 [TestNG-test=Test5-1] com.cpcommunity.PageObjects.BasePage  - [[ChromeDriver: chrome on XP (3dc24642c2c84fc5eb665fbb1e9f2590)] -> xpath: //button[contains(.,'Ok')]]is displayed
INFO    2020-10-05 01:51:05,557 [TestNG-test=Test5-3] com.cpcommunity.PageObjects.BasePage  - Clicking on : LOGIN
INFO    2020-10-05 01:51:05,798 [TestNG-test=Test5-1] com.cpcommunity.PageObjects.BasePage  - Clicking on : Ok Button
INFO    2020-10-05 01:51:08,043 [TestNG-test=Test5-1] com.cpcommunity.PageObjects.BasePage  - Typing in : Searching in members joined entered the value as : consumera99@gmail.com
INFO    2020-10-05 01:51:08,125 [TestNG-test=Test5-2] com.cpcommunity.PageObjects.BasePage  - scrolling up vertically...
ChromeDriver: chrome on XP (84e0cb82e96f5ecbfbf58c70315025aa)Login Page
INFO    2020-10-05 01:51:08,632 [TestNG-test=Test5-5] com.cpcommunity.PageObjects.BasePage  - scrolling up vertically...
INFO    2020-10-05 01:51:09,474 [TestNG-test=Test5-1] com.cpcommunity.PageObjects.BasePage  - waiting for :[[ChromeDriver: chrome on XP (3dc24642c2c84fc5eb665fbb1e9f2590)] -> xpath: ((//*[@class='col-md-5'])[2])//*[contains(text(),'Showing 1 to 1 of 1 entries')]] for :18 seconds
INFO    2020-10-05 01:51:09,554 [TestNG-test=Test5-1] com.cpcommunity.PageObjects.BasePage  - [[ChromeDriver: chrome on XP (3dc24642c2c84fc5eb665fbb1e9f2590)] -> xpath: ((//*[@class='col-md-5'])[2])//*[contains(text(),'Showing 1 to 1 of 1 entries')]]is displayed
INFO    2020-10-05 01:51:11,746 [TestNG-test=Test5-3] com.cpcommunity.PageObjects.BasePage  - scrolling up vertically...
INFO    2020-10-05 01:51:13,216 [TestNG-test=Test5-2] com.cpcommunity.PageObjects.BasePage  - waiting for :[[ChromeDriver: chrome on XP (1f829068a68b9f966d11946a299e4ef1)] -> xpath: //a[contains(.,'Login')]] for :18 seconds
INFO    2020-10-05 01:51:13,268 [TestNG-test=Test5-2] com.cpcommunity.PageObjects.BasePage  - [[ChromeDriver: chrome on XP (1f829068a68b9f966d11946a299e4ef1)] -> xpath: //a[contains(.,'Login')]]is displayed
INFO    2020-10-05 01:51:13,657 [TestNG-test=Test5-5] com.cpcommunity.PageObjects.BasePage  - Typing in : card Num entered the value as : 4242424242424242
INFO    2020-10-05 01:51:14,077 [TestNG-test=Test5-5] com.cpcommunity.PageObjects.BasePage  - Typing in : Expiry Date entered the value as : 0223
INFO    2020-10-05 01:51:14,273 [TestNG-test=Test5-5] com.cpcommunity.PageObjects.BasePage  - Typing in : CVV entered the value as : 024
4242 4242 2422 42
INFO    2020-10-05 01:51:16,276 [TestNG-test=Test5-2] com.cpcommunity.PageObjects.BasePage  - Clicking on : LOGIN
INFO    2020-10-05 01:51:16,852 [TestNG-test=Test5-3] com.cpcommunity.PageObjects.BasePage  - Typing in : email address entered the value as : andrew74444@gmail.com
INFO    2020-10-05 01:51:17,403 [TestNG-test=Test5-3] com.cpcommunity.PageObjects.BasePage  - Typing in : password entered the value as : Admin@123
INFO    2020-10-05 01:51:17,720 [TestNG-test=Test5-3] com.cpcommunity.PageObjects.BasePage  - Clicking on : Login
ChromeDriver: chrome on XP (1f829068a68b9f966d11946a299e4ef1)Login Page
INFO    2020-10-05 01:51:21,556 [TestNG-test=Test5-1] com.cpcommunity.PageObjects.BasePage  - Clicking on : Make Admin
INFO    2020-10-05 01:51:21,709 [TestNG-test=Test5-2] com.cpcommunity.PageObjects.BasePage  - scrolling up vertically...
INFO    2020-10-05 01:51:21,753 [TestNG-test=Test5-1] com.cpcommunity.PageObjects.BasePage  - waiting for :[[ChromeDriver: chrome on XP (3dc24642c2c84fc5eb665fbb1e9f2590)] -> xpath: //button[contains(.,'Yes, Proceed')]] for :18 seconds
INFO    2020-10-05 01:51:22,309 [TestNG-test=Test5-1] com.cpcommunity.PageObjects.BasePage  - [[ChromeDriver: chrome on XP (3dc24642c2c84fc5eb665fbb1e9f2590)] -> xpath: //button[contains(.,'Yes, Proceed')]]is displayed
]]></system-out>
    <system-err><![CDATA[Starting ChromeDriver 2.38.552522 (437e6fbedfa8762dec75e2c5b3ddb86763dc9dcb) on port 9406
Only local connections are allowed.
Oct 05, 2020 1:50:51 AM org.openqa.selenium.remote.Augmenter extractRemoteWebDriver
WARNING: Augmenter should be applied to the instances of @Augmentable classes or previously augmented instances only (instance class was: class org.openqa.selenium.chrome.ChromeDriver)
Oct 05, 2020 1:50:52 AM org.openqa.selenium.remote.Augmenter extractRemoteWebDriver
WARNING: Augmenter should be applied to the instances of @Augmentable classes or previously augmented instances only (instance class was: class org.openqa.selenium.chrome.ChromeDriver)
Oct 05, 2020 1:50:54 AM org.openqa.selenium.remote.Augmenter extractRemoteWebDriver
WARNING: Augmenter should be applied to the instances of @Augmentable classes or previously augmented instances only (instance class was: class org.openqa.selenium.chrome.ChromeDriver)
Oct 05, 2020 1:50:54 AM org.openqa.selenium.remote.ProtocolHandshake createSession
INFO: Detected dialect: OSS
Oct 05, 2020 1:50:56 AM org.openqa.selenium.remote.Augmenter extractRemoteWebDriver
WARNING: Augmenter should be applied to the instances of @Augmentable classes or previously augmented instances only (instance class was: class org.openqa.selenium.chrome.ChromeDriver)
Oct 05, 2020 1:51:03 AM org.openqa.selenium.remote.Augmenter extractRemoteWebDriver
WARNING: Augmenter should be applied to the instances of @Augmentable classes or previously augmented instances only (instance class was: class org.openqa.selenium.chrome.ChromeDriver)
Oct 05, 2020 1:51:05 AM org.openqa.selenium.remote.Augmenter extractRemoteWebDriver
WARNING: Augmenter should be applied to the instances of @Augmentable classes or previously augmented instances only (instance class was: class org.openqa.selenium.chrome.ChromeDriver)
Oct 05, 2020 1:51:06 AM org.openqa.selenium.remote.Augmenter extractRemoteWebDriver
WARNING: Augmenter should be applied to the instances of @Augmentable classes or previously augmented instances only (instance class was: class org.openqa.selenium.chrome.ChromeDriver)
Oct 05, 2020 1:51:07 AM org.openqa.selenium.remote.Augmenter extractRemoteWebDriver
WARNING: Augmenter should be applied to the instances of @Augmentable classes or previously augmented instances only (instance class was: class org.openqa.selenium.chrome.ChromeDriver)
Oct 05, 2020 1:51:07 AM org.openqa.selenium.remote.Augmenter extractRemoteWebDriver
WARNING: Augmenter should be applied to the instances of @Augmentable classes or previously augmented instances only (instance class was: class org.openqa.selenium.chrome.ChromeDriver)
Oct 05, 2020 1:51:09 AM org.openqa.selenium.remote.Augmenter extractRemoteWebDriver
WARNING: Augmenter should be applied to the instances of @Augmentable classes or previously augmented instances only (instance class was: class org.openqa.selenium.chrome.ChromeDriver)
Oct 05, 2020 1:51:11 AM org.openqa.selenium.remote.Augmenter extractRemoteWebDriver
WARNING: Augmenter should be applied to the instances of @Augmentable classes or previously augmented instances only (instance class was: class org.openqa.selenium.chrome.ChromeDriver)
Oct 05, 2020 1:51:19 AM org.openqa.selenium.remote.Augmenter extractRemoteWebDriver
WARNING: Augmenter should be applied to the instances of @Augmentable classes or previously augmented instances only (instance class was: class org.openqa.selenium.chrome.ChromeDriver)
Oct 05, 2020 1:51:21 AM org.openqa.selenium.remote.Augmenter extractRemoteWebDriver
WARNING: Augmenter should be applied to the instances of @Augmentable classes or previously augmented instances only (instance class was: class org.openqa.selenium.chrome.ChromeDriver)
Oct 05, 2020 1:51:21 AM org.openqa.selenium.remote.Augmenter extractRemoteWebDriver
WARNING: Augmenter should be applied to the instances of @Augmentable classes or previously augmented instances only (instance class was: class org.openqa.selenium.chrome.ChromeDriver)
Oct 05, 2020 1:51:22 AM org.openqa.selenium.remote.Augmenter extractRemoteWebDriver
WARNING: Augmenter should be applied to the instances of @Augmentable classes or previously augmented instances only (instance class was: class org.openqa.selenium.chrome.ChromeDriver)
Oct 05, 2020 1:51:23 AM org.openqa.selenium.remote.Augmenter extractRemoteWebDriver
WARNING: Augmenter should be applied to the instances of @Augmentable classes or previously augmented instances only (instance class was: class org.openqa.selenium.chrome.ChromeDriver)
]]></system-err>
  </testcase>
  <testcase name="TC089" classname="com.cpcommunity.testScripts.community.TC089_Configure_Paypal_Payment_Gateway" time="92.39">
    <failure message="Timed out after 20 seconds. Unable to locate the element" type="org.openqa.selenium.NoSuchElementException">org.openqa.selenium.NoSuchElementException: Timed out after 20 seconds. Unable to locate the element
	at sun.reflect.GeneratedConstructorAccessor77.newInstance(Unknown Source)
	at sun.reflect.DelegatingConstructorAccessorImpl.newInstance(DelegatingConstructorAccessorImpl.java:45)
	at java.lang.reflect.Constructor.newInstance(Constructor.java:423)
	at org.openqa.selenium.remote.ErrorHandler.createThrowable(ErrorHandler.java:214)
	at org.openqa.selenium.remote.ErrorHandler.throwIfResponseFailed(ErrorHandler.java:166)
	at org.openqa.selenium.remote.http.JsonHttpResponseCodec.reconstructValue(JsonHttpResponseCodec.java:40)
	at org.openqa.selenium.remote.http.AbstractHttpResponseCodec.decode(AbstractHttpResponseCodec.java:80)
	at org.openqa.selenium.remote.http.AbstractHttpResponseCodec.decode(AbstractHttpResponseCodec.java:44)
	at org.openqa.selenium.remote.HttpCommandExecutor.execute(HttpCommandExecutor.java:158)
	at org.openqa.selenium.remote.service.DriverCommandExecutor.execute(DriverCommandExecutor.java:83)
	at org.openqa.selenium.remote.RemoteWebDriver.execute(RemoteWebDriver.java:548)
	at org.openqa.selenium.remote.RemoteWebDriver.findElement(RemoteWebDriver.java:322)
	at org.openqa.selenium.remote.RemoteWebDriver.findElementByXPath(RemoteWebDriver.java:424)
	at org.openqa.selenium.By$ByXPath.findElement(By.java:353)
	at org.openqa.selenium.remote.RemoteWebDriver.findElement(RemoteWebDriver.java:314)
	at org.openqa.selenium.support.pagefactory.DefaultElementLocator.findElement(DefaultElementLocator.java:69)
	at org.openqa.selenium.support.pagefactory.AjaxElementLocator.access$001(AjaxElementLocator.java:39)
	at org.openqa.selenium.support.pagefactory.AjaxElementLocator$SlowLoadingElement.isLoaded(AjaxElementLocator.java:194)
	at org.openqa.selenium.support.ui.SlowLoadableComponent.get(SlowLoadableComponent.java:78)
	at org.openqa.selenium.support.pagefactory.AjaxElementLocator.findElement(AjaxElementLocator.java:119)
	at org.openqa.selenium.support.pagefactory.internal.LocatingElementHandler.invoke(LocatingElementHandler.java:38)
	at com.sun.proxy.$Proxy9.getAttribute(Unknown Source)
	at com.cpcommunity.PageObjects.SetupPayPalPage.SelectCheckBox(SetupPayPalPage.java:90)
	at com.cpcommunity.PageObjects.SetupPayPalPage.SetUpPayPalPaymentGateway(SetupPayPalPage.java:101)
	at com.cpcommunity.testScripts.community.TC089_Configure_Paypal_Payment_Gateway.TC089(TC089_Configure_Paypal_Payment_Gateway.java:38)
</failure>
    <system-out><![CDATA[INFO    2020-10-05 01:54:09,326 [TestNG-test=Test5-5] com.cpcommunity.testScripts.community.BaseTest  - Test Execution Completed !!!
INFO    2020-10-05 01:54:12,816 [TestNG-test=Test5-3] com.cpcommunity.PageObjects.BasePage  - scrolling up vertically...
INFO    2020-10-05 01:54:19,854 [TestNG-test=Test5-3] com.cpcommunity.PageObjects.BasePage  - Typing in : Searching in members not joined entered the value as : cookalastair93@gmail.com
]]></system-out>
    <system-err><![CDATA[Oct 05, 2020 1:54:10 AM org.openqa.selenium.remote.Augmenter extractRemoteWebDriver
WARNING: Augmenter should be applied to the instances of @Augmentable classes or previously augmented instances only (instance class was: class org.openqa.selenium.chrome.ChromeDriver)
Oct 05, 2020 1:54:12 AM org.openqa.selenium.remote.Augmenter extractRemoteWebDriver
WARNING: Augmenter should be applied to the instances of @Augmentable classes or previously augmented instances only (instance class was: class org.openqa.selenium.chrome.ChromeDriver)
]]></system-err>
  </testcase>
  <testcase name="TC127" classname="com.cpcommunity.testScripts.community.TC127_Zoom_Meeting_Configuration" time="82.235"/>
  <testcase name="TC162" classname="com.cpcommunity.testScripts.community.TC162_Verify_Member_Able_To_Access_Manage_Community_When_The_CA_Role_Is_Assigned" time="1.877"/>
  <testcase name="TC184" classname="com.cpcommunity.testScripts.Promocodes.TC184_Create_PromoCode" time="22.696"/>
  <testcase name="TC090" classname="com.cpcommunity.testScripts.community.TC090_Configure_AuthorizeNet_Payment_Gateway_____" time="80.152"/>
  <testcase name="TC047" classname="com.cpcommunity.testScripts.community.TC047_Community_Admin_Able_To_Manage_Community_Members" time="192.588"/>
  <testcase name="TC141" classname="com.cpcommunity.testScripts.Create_Free_Event.TC141_Create_Free_Event" time="309.829"/>
  <testcase name="TC142" classname="com.cpcommunity.testScripts.Create_Paid_Event.TC142_Create_Paid_Event" time="310.817"/>
  <testcase name="TC018" classname="com.cpcommunity.testScripts.myprofiletestcases.TC018_Verify_User_is_Able_to_Select_Email_As_Private" time="97.28"/>
  <testcase name="TC041ToTC046" classname="com.cpcommunity.testScripts.community.TC043_Member_Reject_Community_Request_From_Global_Community" time="7.449"/>
  <testcase name="TC041ToTC046" classname="com.cpcommunity.testScripts.community.TC041_Member_Reject_Community_request_from_My_Communities" time="1.346"/>
  <testcase name="TC041ToTC046" classname="com.cpcommunity.testScripts.community.TC042_Member_Reject_community_Request_from_Community_details_page" time="28.334"/>
  <testcase name="TC041ToTC046" classname="com.cpcommunity.testScripts.community.TC044_Member_Accept_Community_Request_From_Community_details_page" time="33.519"/>
  <testcase name="TC041ToTC046" classname="com.cpcommunity.testScripts.community.TC045_Member_Accept_Community_Request_From_Global_Community" time="6.224"/>
  <testcase name="TC041ToTC046" classname="com.cpcommunity.testScripts.community.TC046_Member_Accept_Community_Request_from_My_Communities" time="15.978"/>
  <testcase name="TC075" classname="com.cpcommunity.testScripts.community.TC075_Member_Cancel_Community_Join_Request_from_My_Communities________" time="81.081"/>
  <testcase name="TC125" classname="com.cpcommunity.testScripts.community.TC125_Member_Cancel_Created_Community_Request" time="81.95"/>
  <testcase name="TC077" classname="com.cpcommunity.testScripts.community.TC077_Member_Join_And_Cancel_Community_From_Global_Communities_______" time="0.803"/>
  <testcase name="TC063" classname="com.cpcommunity.testScripts.community.TC063_Member_to_Join_Private_Communities_From_Community_Details" time="19.621"/>
  <testcase name="TC132" classname="com.cpcommunity.testScripts.advertisments.TC132_Create_Advertisement_Plans_With_No_Approval" time="51.712"/>
  <testcase name="TC164" classname="com.cpcommunity.testScripts.community.TC164_Search_Event_In_Community_Details_Page" time="95.866"/>
  <testcase name="TC133" classname="com.cpcommunity.testScripts.advertisments.TC133_Create_Advertisement_Plans_With_Required_Approval" time="130.215"/>
  <testcase name="TC153" classname="com.cpcommunity.testScripts.Event_Registrations.TC153_Free_Event_Registration_From_Event_CheckIn" time="0">
    <skipped/>
    <system-out><![CDATA[INFO    2020-10-05 02:13:22,297 [TestNG-test=Test8-3] com.cpcommunity.testScripts.community.BaseTest  - Test Execution Completed !!!
INFO    2020-10-05 02:14:11,374 [TestNG-test=Test8-5] com.cpcommunity.PageObjects.BasePage  - waiting for :Proxy element for: AjaxElementLocator 'By.xpath: //select' for :18 seconds
]]></system-out>
  </testcase>
  <testcase name="TC153" classname="com.cpcommunity.testScripts.Event_Registrations.TC153_Free_Event_Registration_From_Event_CheckIn" time="135.237"/>
  <testcase name="TC019" classname="com.cpcommunity.testScripts.myprofiletestcases.TC019_Verify_User_is_Able_to_Un_Select_Email_Private" time="0">
    <skipped/>
    <system-out><![CDATA[INFO    2020-10-05 02:16:53,927 [TestNG-test=Test8-5] com.cpcommunity.testScripts.community.BaseTest  - Test Execution Completed !!!
Total rows are : 1167
Test case starts from row num: 1002
Total rows of data are : 1
Total cols are : 12
@TestCase : TC150
Total rows are : 1167
Test case starts from row num: 768
Total rows of data are : 1
Total cols are : 15
@TestCase : TC134
Total rows are : 1167
Test case starts from row num: 194
Total rows of data are : 1
Total cols are : 9
@TestCase : TC105
Total rows are : 1167
Test case starts from row num: 709
Total rows of data are : 1
Total cols are : 7
@TestCase : TC120
Total rows are : 1167
Test case starts from row num: 29
Total rows of data are : 1
Total cols are : 5
@TestCase : TC019
INFO    2020-10-05 02:16:54,234 [TestNG-test=Test9-1] com.cpcommunity.testScripts.community.BaseTest  - Inside Login Test
{attendeeFirstName=Andrew, Test Descrption=TC150_Paid_Event_Registration_With_Authorize_From_Event_CheckIn, Runmode=Y, browser=chrome, eventName=Paid event -, communityName=Community -, email=andrew74444@gmail.com, attendeLastName=Thomson, password=Admin@123, companyName=PamTen, payerEmailID=andrew74444@gmail.com, attendeeEmailID=andrew74444@gmail.com}
Launching : chrome
INFO    2020-10-05 02:16:54,237 [TestNG-test=Test9-4] com.cpcommunity.testScripts.community.BaseTest  - Inside Login Test
Launching : chrome
INFO    2020-10-05 02:16:54,240 [TestNG-test=Test9-5] com.cpcommunity.testScripts.community.BaseTest  - Inside Login Test
Launching : chrome
INFO    2020-10-05 02:16:54,246 [TestNG-test=Test9-2] com.cpcommunity.testScripts.community.BaseTest  - Inside Login Test
Launching : chrome
INFO    2020-10-05 02:16:54,285 [TestNG-test=Test9-3] com.cpcommunity.testScripts.community.BaseTest  - Inside Login Test
Launching : chrome
ChromeDriver: chrome on XP (efb2df0158752efbda7ba1b0ca592d61)
ChromeDriver: chrome on XP (85dc63ea76ee08c6704122982beeda5a)
efb2df0158752efbda7ba1b0ca592d61
85dc63ea76ee08c6704122982beeda5a
INFO    2020-10-05 02:16:58,754 [TestNG-test=Test9-2] com.cpcommunity.testScripts.community.BaseTest  - Driver Initialized !!!
INFO    2020-10-05 02:16:58,754 [TestNG-test=Test9-4] com.cpcommunity.testScripts.community.BaseTest  - Driver Initialized !!!
ChromeDriver: chrome on XP (eefe06ec0046ac4bcaef0070f08b608b)
eefe06ec0046ac4bcaef0070f08b608b
INFO    2020-10-05 02:16:58,899 [TestNG-test=Test9-5] com.cpcommunity.testScripts.community.BaseTest  - Driver Initialized !!!
ChromeDriver: chrome on XP (7d695b1afeda18941e1770a31b6f0fd2)
7d695b1afeda18941e1770a31b6f0fd2
INFO    2020-10-05 02:16:58,920 [TestNG-test=Test9-1] com.cpcommunity.testScripts.community.BaseTest  - Driver Initialized !!!
ChromeDriver: chrome on XP (64421bc6bef27ca6d524cb539aa76aee)
64421bc6bef27ca6d524cb539aa76aee
INFO    2020-10-05 02:16:59,364 [TestNG-test=Test9-3] com.cpcommunity.testScripts.community.BaseTest  - Driver Initialized !!!
Page Opened
Page Opened
Page Opened
Page Opened
Page Opened
INFO    2020-10-05 02:17:13,711 [TestNG-test=Test9-2] com.cpcommunity.PageObjects.BasePage  - scrolling up vertically...
INFO    2020-10-05 02:17:13,862 [TestNG-test=Test9-1] com.cpcommunity.PageObjects.BasePage  - scrolling up vertically...
INFO    2020-10-05 02:17:13,864 [TestNG-test=Test9-4] com.cpcommunity.PageObjects.BasePage  - scrolling up vertically...
INFO    2020-10-05 02:17:14,739 [TestNG-test=Test9-5] com.cpcommunity.PageObjects.BasePage  - scrolling up vertically...
INFO    2020-10-05 02:17:14,742 [TestNG-test=Test9-3] com.cpcommunity.PageObjects.BasePage  - scrolling up vertically...
INFO    2020-10-05 02:17:18,759 [TestNG-test=Test9-2] com.cpcommunity.PageObjects.BasePage  - waiting for :[[ChromeDriver: chrome on XP (efb2df0158752efbda7ba1b0ca592d61)] -> xpath: //a[contains(.,'Login')]] for :18 seconds
INFO    2020-10-05 02:17:18,788 [TestNG-test=Test9-2] com.cpcommunity.PageObjects.BasePage  - [[ChromeDriver: chrome on XP (efb2df0158752efbda7ba1b0ca592d61)] -> xpath: //a[contains(.,'Login')]]is displayed
INFO    2020-10-05 02:17:18,917 [TestNG-test=Test9-4] com.cpcommunity.PageObjects.BasePage  - waiting for :[[ChromeDriver: chrome on XP (85dc63ea76ee08c6704122982beeda5a)] -> xpath: //a[contains(.,'Login')]] for :18 seconds
INFO    2020-10-05 02:17:18,920 [TestNG-test=Test9-1] com.cpcommunity.PageObjects.BasePage  - waiting for :[[ChromeDriver: chrome on XP (7d695b1afeda18941e1770a31b6f0fd2)] -> xpath: //a[contains(.,'Login')]] for :18 seconds
INFO    2020-10-05 02:17:18,945 [TestNG-test=Test9-4] com.cpcommunity.PageObjects.BasePage  - [[ChromeDriver: chrome on XP (85dc63ea76ee08c6704122982beeda5a)] -> xpath: //a[contains(.,'Login')]]is displayed
INFO    2020-10-05 02:17:18,949 [TestNG-test=Test9-1] com.cpcommunity.PageObjects.BasePage  - [[ChromeDriver: chrome on XP (7d695b1afeda18941e1770a31b6f0fd2)] -> xpath: //a[contains(.,'Login')]]is displayed
INFO    2020-10-05 02:17:19,801 [TestNG-test=Test9-5] com.cpcommunity.PageObjects.BasePage  - waiting for :[[ChromeDriver: chrome on XP (eefe06ec0046ac4bcaef0070f08b608b)] -> xpath: //a[contains(.,'Login')]] for :18 seconds
INFO    2020-10-05 02:17:19,804 [TestNG-test=Test9-3] com.cpcommunity.PageObjects.BasePage  - waiting for :[[ChromeDriver: chrome on XP (64421bc6bef27ca6d524cb539aa76aee)] -> xpath: //a[contains(.,'Login')]] for :18 seconds
INFO    2020-10-05 02:17:19,836 [TestNG-test=Test9-5] com.cpcommunity.PageObjects.BasePage  - [[ChromeDriver: chrome on XP (eefe06ec0046ac4bcaef0070f08b608b)] -> xpath: //a[contains(.,'Login')]]is displayed
INFO    2020-10-05 02:17:19,838 [TestNG-test=Test9-3] com.cpcommunity.PageObjects.BasePage  - [[ChromeDriver: chrome on XP (64421bc6bef27ca6d524cb539aa76aee)] -> xpath: //a[contains(.,'Login')]]is displayed
INFO    2020-10-05 02:17:21,789 [TestNG-test=Test9-2] com.cpcommunity.PageObjects.BasePage  - Clicking on : LOGIN
INFO    2020-10-05 02:17:21,947 [TestNG-test=Test9-4] com.cpcommunity.PageObjects.BasePage  - Clicking on : LOGIN
INFO    2020-10-05 02:17:21,953 [TestNG-test=Test9-1] com.cpcommunity.PageObjects.BasePage  - Clicking on : LOGIN
INFO    2020-10-05 02:17:22,838 [TestNG-test=Test9-5] com.cpcommunity.PageObjects.BasePage  - Clicking on : LOGIN
INFO    2020-10-05 02:17:22,839 [TestNG-test=Test9-3] com.cpcommunity.PageObjects.BasePage  - Clicking on : LOGIN
ChromeDriver: chrome on XP (efb2df0158752efbda7ba1b0ca592d61)Login Page
ChromeDriver: chrome on XP (85dc63ea76ee08c6704122982beeda5a)Login Page
ChromeDriver: chrome on XP (64421bc6bef27ca6d524cb539aa76aee)Login Page
ChromeDriver: chrome on XP (eefe06ec0046ac4bcaef0070f08b608b)Login Page
ChromeDriver: chrome on XP (7d695b1afeda18941e1770a31b6f0fd2)Login Page
INFO    2020-10-05 02:17:30,641 [TestNG-test=Test9-2] com.cpcommunity.PageObjects.BasePage  - scrolling up vertically...
INFO    2020-10-05 02:17:30,661 [TestNG-test=Test9-4] com.cpcommunity.PageObjects.BasePage  - scrolling up vertically...
INFO    2020-10-05 02:17:30,675 [TestNG-test=Test9-3] com.cpcommunity.PageObjects.BasePage  - scrolling up vertically...
INFO    2020-10-05 02:17:30,857 [TestNG-test=Test9-1] com.cpcommunity.PageObjects.BasePage  - scrolling up vertically...
INFO    2020-10-05 02:17:30,858 [TestNG-test=Test9-5] com.cpcommunity.PageObjects.BasePage  - scrolling up vertically...
INFO    2020-10-05 02:17:35,691 [TestNG-test=Test9-2] com.cpcommunity.PageObjects.BasePage  - Typing in : email address entered the value as : andrew74444@gmail.com
INFO    2020-10-05 02:17:35,699 [TestNG-test=Test9-4] com.cpcommunity.PageObjects.BasePage  - Typing in : email address entered the value as : andrew74444@gmail.com
INFO    2020-10-05 02:17:35,699 [TestNG-test=Test9-3] com.cpcommunity.PageObjects.BasePage  - Typing in : email address entered the value as : andrew74444@gmail.com
INFO    2020-10-05 02:17:35,870 [TestNG-test=Test9-1] com.cpcommunity.PageObjects.BasePage  - Typing in : email address entered the value as : andrew74444@gmail.com
INFO    2020-10-05 02:17:35,870 [TestNG-test=Test9-5] com.cpcommunity.PageObjects.BasePage  - Typing in : email address entered the value as : curatora99@gmail.com
INFO    2020-10-05 02:17:36,811 [TestNG-test=Test9-3] com.cpcommunity.PageObjects.BasePage  - Typing in : password entered the value as : Admin@123
INFO    2020-10-05 02:17:37,062 [TestNG-test=Test9-4] com.cpcommunity.PageObjects.BasePage  - Typing in : password entered the value as : Admin@123
INFO    2020-10-05 02:17:37,121 [TestNG-test=Test9-2] com.cpcommunity.PageObjects.BasePage  - Typing in : password entered the value as : Admin@123
INFO    2020-10-05 02:17:37,432 [TestNG-test=Test9-5] com.cpcommunity.PageObjects.BasePage  - Typing in : password entered the value as : Admin@123
INFO    2020-10-05 02:17:37,614 [TestNG-test=Test9-1] com.cpcommunity.PageObjects.BasePage  - Typing in : password entered the value as : Admin@123
INFO    2020-10-05 02:17:37,786 [TestNG-test=Test9-3] com.cpcommunity.PageObjects.BasePage  - Clicking on : Login
INFO    2020-10-05 02:17:37,968 [TestNG-test=Test9-2] com.cpcommunity.PageObjects.BasePage  - Clicking on : Login
INFO    2020-10-05 02:17:38,021 [TestNG-test=Test9-4] com.cpcommunity.PageObjects.BasePage  - Clicking on : Login
INFO    2020-10-05 02:17:38,624 [TestNG-test=Test9-5] com.cpcommunity.PageObjects.BasePage  - Clicking on : Login
INFO    2020-10-05 02:17:39,201 [TestNG-test=Test9-1] com.cpcommunity.PageObjects.BasePage  - Clicking on : Login
INFO    2020-10-05 02:17:54,060 [TestNG-test=Test9-5] com.cpcommunity.PageObjects.BasePage  - scrolling up vertically...
INFO    2020-10-05 02:17:54,248 [TestNG-test=Test9-1] com.cpcommunity.PageObjects.BasePage  - scrolling up vertically...
INFO    2020-10-05 02:17:54,311 [TestNG-test=Test9-4] com.cpcommunity.PageObjects.BasePage  - scrolling up vertically...
INFO    2020-10-05 02:17:54,331 [TestNG-test=Test9-2] com.cpcommunity.PageObjects.BasePage  - scrolling up vertically...
INFO    2020-10-05 02:17:57,591 [TestNG-test=Test9-3] com.cpcommunity.PageObjects.BasePage  - scrolling up vertically...
INFO    2020-10-05 02:17:59,116 [TestNG-test=Test9-5] com.cpcommunity.PageObjects.BasePage  - waiting for :[[ChromeDriver: chrome on XP (eefe06ec0046ac4bcaef0070f08b608b)] -> xpath: //*[@id='mycommunitestab']//a[contains(text(),'VIEW ALL')]] for :18 seconds
INFO    2020-10-05 02:17:59,146 [TestNG-test=Test9-5] com.cpcommunity.PageObjects.BasePage  - [[ChromeDriver: chrome on XP (eefe06ec0046ac4bcaef0070f08b608b)] -> xpath: //*[@id='mycommunitestab']//a[contains(text(),'VIEW ALL')]]is displayed
INFO    2020-10-05 02:17:59,306 [TestNG-test=Test9-1] com.cpcommunity.PageObjects.BasePage  - waiting for :[[ChromeDriver: chrome on XP (7d695b1afeda18941e1770a31b6f0fd2)] -> xpath: //*[@id='mycommunitestab']//a[contains(text(),'VIEW ALL')]] for :18 seconds
INFO    2020-10-05 02:17:59,338 [TestNG-test=Test9-1] com.cpcommunity.PageObjects.BasePage  - [[ChromeDriver: chrome on XP (7d695b1afeda18941e1770a31b6f0fd2)] -> xpath: //*[@id='mycommunitestab']//a[contains(text(),'VIEW ALL')]]is displayed
INFO    2020-10-05 02:17:59,375 [TestNG-test=Test9-4] com.cpcommunity.PageObjects.BasePage  - waiting for :[[ChromeDriver: chrome on XP (85dc63ea76ee08c6704122982beeda5a)] -> xpath: //*[@id='mycommunitestab']//a[contains(text(),'VIEW ALL')]] for :18 seconds
INFO    2020-10-05 02:17:59,413 [TestNG-test=Test9-4] com.cpcommunity.PageObjects.BasePage  - [[ChromeDriver: chrome on XP (85dc63ea76ee08c6704122982beeda5a)] -> xpath: //*[@id='mycommunitestab']//a[contains(text(),'VIEW ALL')]]is displayed
INFO    2020-10-05 02:18:01,147 [TestNG-test=Test9-5] com.cpcommunity.PageObjects.BasePage  - Clicking on : view All
INFO    2020-10-05 02:18:01,339 [TestNG-test=Test9-1] com.cpcommunity.PageObjects.BasePage  - Clicking on : view All
INFO    2020-10-05 02:18:01,414 [TestNG-test=Test9-4] com.cpcommunity.PageObjects.BasePage  - Clicking on : view All
INFO    2020-10-05 02:18:02,683 [TestNG-test=Test9-3] com.cpcommunity.PageObjects.BasePage  - waiting for :[[ChromeDriver: chrome on XP (64421bc6bef27ca6d524cb539aa76aee)] -> xpath: //*[@id='mycommunitestab']//a[contains(text(),'VIEW ALL')]] for :18 seconds
INFO    2020-10-05 02:18:02,725 [TestNG-test=Test9-3] com.cpcommunity.PageObjects.BasePage  - [[ChromeDriver: chrome on XP (64421bc6bef27ca6d524cb539aa76aee)] -> xpath: //*[@id='mycommunitestab']//a[contains(text(),'VIEW ALL')]]is displayed
INFO    2020-10-05 02:18:04,742 [TestNG-test=Test9-3] com.cpcommunity.PageObjects.BasePage  - Clicking on : view All
INFO    2020-10-05 02:18:10,839 [TestNG-test=Test9-1] com.cpcommunity.PageObjects.BasePage  - scrolling up vertically...
INFO    2020-10-05 02:18:10,847 [TestNG-test=Test9-4] com.cpcommunity.PageObjects.BasePage  - scrolling up vertically...
INFO    2020-10-05 02:18:12,458 [TestNG-test=Test9-5] com.cpcommunity.PageObjects.BasePage  - scrolling up vertically...
Date Format with dd MMMM yyyy : 05 Oct 2020
Date Format with dd MMMM yyyy : 05 Oct 2020
INFO    2020-10-05 02:18:15,917 [TestNG-test=Test9-1] com.cpcommunity.PageObjects.BasePage  - waiting for :[[ChromeDriver: chrome on XP (7d695b1afeda18941e1770a31b6f0fd2)] -> xpath: //input[@placeholder='Search by Community Name']] for :18 seconds
INFO    2020-10-05 02:18:15,932 [TestNG-test=Test9-4] com.cpcommunity.PageObjects.BasePage  - waiting for :[[ChromeDriver: chrome on XP (85dc63ea76ee08c6704122982beeda5a)] -> xpath: //input[@placeholder='Search by Community Name']] for :18 seconds
INFO    2020-10-05 02:18:15,952 [TestNG-test=Test9-1] com.cpcommunity.PageObjects.BasePage  - [[ChromeDriver: chrome on XP (7d695b1afeda18941e1770a31b6f0fd2)] -> xpath: //input[@placeholder='Search by Community Name']]is displayed
INFO    2020-10-05 02:18:15,966 [TestNG-test=Test9-4] com.cpcommunity.PageObjects.BasePage  - [[ChromeDriver: chrome on XP (85dc63ea76ee08c6704122982beeda5a)] -> xpath: //input[@placeholder='Search by Community Name']]is displayed
Date Format with dd MMMM yyyy : 05 Oct 2020
INFO    2020-10-05 02:18:17,515 [TestNG-test=Test9-5] com.cpcommunity.PageObjects.BasePage  - waiting for :[[ChromeDriver: chrome on XP (eefe06ec0046ac4bcaef0070f08b608b)] -> xpath: //input[@placeholder='Search by Community Name']] for :18 seconds
INFO    2020-10-05 02:18:17,540 [TestNG-test=Test9-5] com.cpcommunity.PageObjects.BasePage  - [[ChromeDriver: chrome on XP (eefe06ec0046ac4bcaef0070f08b608b)] -> xpath: //input[@placeholder='Search by Community Name']]is displayed
INFO    2020-10-05 02:18:18,311 [TestNG-test=Test9-1] com.cpcommunity.PageObjects.BasePage  - Typing in : Search by Community entered the value as : Community - 05 Oct 2020
INFO    2020-10-05 02:18:18,312 [TestNG-test=Test9-4] com.cpcommunity.PageObjects.BasePage  - Typing in : Search by Community entered the value as : Community - 05 Oct 2020
INFO    2020-10-05 02:18:18,725 [TestNG-test=Test9-1] com.cpcommunity.PageObjects.BasePage  - Clicking on : search btn
INFO    2020-10-05 02:18:18,962 [TestNG-test=Test9-4] com.cpcommunity.PageObjects.BasePage  - Clicking on : search btn
INFO    2020-10-05 02:18:19,846 [TestNG-test=Test9-5] com.cpcommunity.PageObjects.BasePage  - Typing in : Search by Community entered the value as : Community - 05 Oct 2020
INFO    2020-10-05 02:18:20,091 [TestNG-test=Test9-5] com.cpcommunity.PageObjects.BasePage  - Clicking on : search btn
INFO    2020-10-05 02:18:20,692 [TestNG-test=Test9-3] com.cpcommunity.PageObjects.BasePage  - scrolling up vertically...
INFO    2020-10-05 02:18:22,542 [TestNG-test=Test9-2] com.cpcommunity.PageObjects.BasePage  - scrolling up vertically...
INFO    2020-10-05 02:18:24,977 [TestNG-test=Test9-1] com.cpcommunity.PageObjects.BasePage  - waiting for :[[ChromeDriver: chrome on XP (7d695b1afeda18941e1770a31b6f0fd2)] -> xpath: //a[@tooltip='Community - 05 Oct 2020']] for :18 seconds
INFO    2020-10-05 02:18:24,989 [TestNG-test=Test9-1] com.cpcommunity.PageObjects.BasePage  - [[ChromeDriver: chrome on XP (7d695b1afeda18941e1770a31b6f0fd2)] -> xpath: //a[@tooltip='Community - 05 Oct 2020']]is displayed
INFO    2020-10-05 02:18:25,143 [TestNG-test=Test9-4] com.cpcommunity.PageObjects.BasePage  - waiting for :[[ChromeDriver: chrome on XP (85dc63ea76ee08c6704122982beeda5a)] -> xpath: //a[@tooltip='Community - 05 Oct 2020']] for :18 seconds
INFO    2020-10-05 02:18:25,154 [TestNG-test=Test9-4] com.cpcommunity.PageObjects.BasePage  - [[ChromeDriver: chrome on XP (85dc63ea76ee08c6704122982beeda5a)] -> xpath: //a[@tooltip='Community - 05 Oct 2020']]is displayed
Date Format with dd MMMM yyyy : 05 Oct 2020
INFO    2020-10-05 02:18:25,742 [TestNG-test=Test9-3] com.cpcommunity.PageObjects.BasePage  - waiting for :[[ChromeDriver: chrome on XP (64421bc6bef27ca6d524cb539aa76aee)] -> xpath: //input[@placeholder='Search by Community Name']] for :18 seconds
INFO    2020-10-05 02:18:25,776 [TestNG-test=Test9-3] com.cpcommunity.PageObjects.BasePage  - [[ChromeDriver: chrome on XP (64421bc6bef27ca6d524cb539aa76aee)] -> xpath: //input[@placeholder='Search by Community Name']]is displayed
INFO    2020-10-05 02:18:26,238 [TestNG-test=Test9-5] com.cpcommunity.PageObjects.BasePage  - waiting for :[[ChromeDriver: chrome on XP (eefe06ec0046ac4bcaef0070f08b608b)] -> xpath: //a[@tooltip='Community - 05 Oct 2020']] for :18 seconds
INFO    2020-10-05 02:18:26,251 [TestNG-test=Test9-5] com.cpcommunity.PageObjects.BasePage  - [[ChromeDriver: chrome on XP (eefe06ec0046ac4bcaef0070f08b608b)] -> xpath: //a[@tooltip='Community - 05 Oct 2020']]is displayed
INFO    2020-10-05 02:18:27,270 [TestNG-test=Test9-1] com.cpcommunity.PageObjects.BasePage  - Clicking on : Manage
INFO    2020-10-05 02:18:27,461 [TestNG-test=Test9-4] com.cpcommunity.PageObjects.BasePage  - Clicking on : CommunityName
INFO    2020-10-05 02:18:27,581 [TestNG-test=Test9-2] com.cpcommunity.PageObjects.BasePage  - Clicking on : EditBtn
INFO    2020-10-05 02:18:28,111 [TestNG-test=Test9-3] com.cpcommunity.PageObjects.BasePage  - Typing in : Search by Community entered the value as : Community - 05 Oct 2020
INFO    2020-10-05 02:18:28,416 [TestNG-test=Test9-3] com.cpcommunity.PageObjects.BasePage  - Clicking on : search btn
INFO    2020-10-05 02:18:28,665 [TestNG-test=Test9-5] com.cpcommunity.PageObjects.BasePage  - Clicking on : CommunityName
INFO    2020-10-05 02:18:29,555 [TestNG-test=Test9-4] com.cpcommunity.PageObjects.BasePage  - scrolling up vertically...
INFO    2020-10-05 02:18:30,005 [TestNG-test=Test9-1] com.cpcommunity.PageObjects.BasePage  - waiting for :[[ChromeDriver: chrome on XP (7d695b1afeda18941e1770a31b6f0fd2)] -> xpath: //h2[contains(text(),'Dashboard')]] for :18 seconds
INFO    2020-10-05 02:18:30,047 [TestNG-test=Test9-1] com.cpcommunity.PageObjects.BasePage  - [[ChromeDriver: chrome on XP (7d695b1afeda18941e1770a31b6f0fd2)] -> xpath: //h2[contains(text(),'Dashboard')]]is displayed
INFO    2020-10-05 02:18:30,214 [TestNG-test=Test9-2] com.cpcommunity.PageObjects.BasePage  - scroll till web [[ChromeDriver: chrome on XP (efb2df0158752efbda7ba1b0ca592d61)] -> xpath: (//form[@id='EditMyProfileForm'])//*[contains(text(),'Save')]]
INFO    2020-10-05 02:18:30,564 [TestNG-test=Test9-5] com.cpcommunity.PageObjects.BasePage  - scrolling up vertically...
INFO    2020-10-05 02:18:31,285 [TestNG-test=Test9-2] com.cpcommunity.PageObjects.BasePage  - Clicking on : PrivateEmail
]]></system-out>
    <system-err><![CDATA[Starting ChromeDriver 2.38.552522 (437e6fbedfa8762dec75e2c5b3ddb8Starting ChromeDriver 2.38.552522 (437e6fbedfa8762dec75e2c5b3ddb86763dc9dcb) on port 16968
Only local connections are allowed.
6763dc9dcb) on port 37Starting ChromeDriver 2.38.552522 (437e6fbedfa8762dec75e2c5b3ddb86763dc9dcb) on port 18209
Only local connections are allowed.
331
Only local connections are allowed.
Starting ChromeDriver 2.38.552522 (437e6fbedfa8762dec75e2c5b3ddb86763dc9dcb) on port 32589
Only local connections are allowed.
Starting ChromeDriver 2.38.552522 (437e6fbedfa8762dec75e2c5b3ddb86763dc9dcb) on port 24803
Only local connections are allowed.
Oct 05, 2020 2:16:58 AM org.openqa.selenium.remote.ProtocolHandshake createSession
INFO: Detected dialect: OSS
Oct 05, 2020 2:16:58 AM org.openqa.selenium.remote.ProtocolHandshake createSession
INFO: Detected dialect: OSS
Oct 05, 2020 2:16:58 AM org.openqa.selenium.remote.ProtocolHandshake createSession
INFO: Detected dialect: OSS
Oct 05, 2020 2:16:58 AM org.openqa.selenium.remote.ProtocolHandshake createSession
INFO: Detected dialect: OSS
Oct 05, 2020 2:16:59 AM org.openqa.selenium.remote.ProtocolHandshake createSession
INFO: Detected dialect: OSS
Oct 05, 2020 2:17:09 AM org.openqa.selenium.remote.Augmenter extractRemoteWebDriver
WARNING: Augmenter should be applied to the instances of @Augmentable classes or previously augmented instances only (instance class was: class org.openqa.selenium.chrome.ChromeDriver)
Oct 05, 2020 2:17:09 AM org.openqa.selenium.remote.Augmenter extractRemoteWebDriver
WARNING: Augmenter should be applied to the instances of @Augmentable classes or previously augmented instances only (instance class was: class org.openqa.selenium.chrome.ChromeDriver)
Oct 05, 2020 2:17:09 AM org.openqa.selenium.remote.Augmenter extractRemoteWebDriver
WARNING: Augmenter should be applied to the instances of @Augmentable classes or previously augmented instances only (instance class was: class org.openqa.selenium.chrome.ChromeDriver)
Oct 05, 2020 2:17:10 AM org.openqa.selenium.remote.Augmenter extractRemoteWebDriver
WARNING: Augmenter should be applied to the instances of @Augmentable classes or previously augmented instances only (instance class was: class org.openqa.selenium.chrome.ChromeDriver)
Oct 05, 2020 2:17:10 AM org.openqa.selenium.remote.Augmenter extractRemoteWebDriver
WARNING: Augmenter should be applied to the instances of @Augmentable classes or previously augmented instances only (instance class was: class org.openqa.selenium.chrome.ChromeDriver)
Oct 05, 2020 2:17:11 AM org.openqa.selenium.remote.Augmenter extractRemoteWebDriver
WARNING: Augmenter should be applied to the instances of @Augmentable classes or previously augmented instances only (instance class was: class org.openqa.selenium.chrome.ChromeDriver)
Oct 05, 2020 2:17:11 AM org.openqa.selenium.remote.Augmenter extractRemoteWebDriver
WARNING: Augmenter should be applied to the instances of @Augmentable classes or previously augmented instances only (instance class was: class org.openqa.selenium.chrome.ChromeDriver)
Oct 05, 2020 2:17:11 AM org.openqa.selenium.remote.Augmenter extractRemoteWebDriver
WARNING: Augmenter should be applied to the instances of @Augmentable classes or previously augmented instances only (instance class was: class org.openqa.selenium.chrome.ChromeDriver)
Oct 05, 2020 2:17:12 AM org.openqa.selenium.remote.Augmenter extractRemoteWebDriver
WARNING: Augmenter should be applied to the instances of @Augmentable classes or previously augmented instances only (instance class was: class org.openqa.selenium.chrome.ChromeDriver)
Oct 05, 2020 2:17:12 AM org.openqa.selenium.remote.Augmenter extractRemoteWebDriver
WARNING: Augmenter should be applied to the instances of @Augmentable classes or previously augmented instances only (instance class was: class org.openqa.selenium.chrome.ChromeDriver)
Oct 05, 2020 2:17:12 AM org.openqa.selenium.remote.Augmenter extractRemoteWebDriver
WARNING: Augmenter should be applied to the instances of @Augmentable classes or previously augmented instances only (instance class was: class org.openqa.selenium.chrome.ChromeDriver)
Oct 05, 2020 2:17:12 AM org.openqa.selenium.remote.Augmenter extractRemoteWebDriver
WARNING: Augmenter should be applied to the instances of @Augmentable classes or previously augmented instances only (instance class was: class org.openqa.selenium.chrome.ChromeDriver)
Oct 05, 2020 2:17:12 AM org.openqa.selenium.remote.Augmenter extractRemoteWebDriver
WARNING: Augmenter should be applied to the instances of @Augmentable classes or previously augmented instances only (instance class was: class org.openqa.selenium.chrome.ChromeDriver)
Oct 05, 2020 2:17:13 AM org.openqa.selenium.remote.Augmenter extractRemoteWebDriver
WARNING: Augmenter should be applied to the instances of @Augmentable classes or previously augmented instances only (instance class was: class org.openqa.selenium.chrome.ChromeDriver)
Oct 05, 2020 2:17:13 AM org.openqa.selenium.remote.Augmenter extractRemoteWebDriver
WARNING: Augmenter should be applied to the instances of @Augmentable classes or previously augmented instances only (instance class was: class org.openqa.selenium.chrome.ChromeDriver)
Oct 05, 2020 2:17:27 AM org.openqa.selenium.remote.Augmenter extractRemoteWebDriver
WARNING: Augmenter should be applied to the instances of @Augmentable classes or previously augmented instances only (instance class was: class org.openqa.selenium.chrome.ChromeDriver)
Oct 05, 2020 2:17:27 AM org.openqa.selenium.remote.Augmenter extractRemoteWebDriver
WARNING: Augmenter should be applied to the instances of @Augmentable classes or previously augmented instances only (instance class was: class org.openqa.selenium.chrome.ChromeDriver)
Oct 05, 2020 2:17:28 AM org.openqa.selenium.remote.Augmenter extractRemoteWebDriver
WARNING: Augmenter should be applied to the instances of @Augmentable classes or previously augmented instances only (instance class was: class org.openqa.selenium.chrome.ChromeDriver)
Oct 05, 2020 2:17:28 AM org.openqa.selenium.remote.Augmenter extractRemoteWebDriver
WARNING: Augmenter should be applied to the instances of @Augmentable classes or previously augmented instances only (instance class was: class org.openqa.selenium.chrome.ChromeDriver)
Oct 05, 2020 2:17:28 AM org.openqa.selenium.remote.Augmenter extractRemoteWebDriver
WARNING: Augmenter should be applied to the instances of @Augmentable classes or previously augmented instances only (instance class was: class org.openqa.selenium.chrome.ChromeDriver)
Oct 05, 2020 2:17:29 AM org.openqa.selenium.remote.Augmenter extractRemoteWebDriver
WARNING: Augmenter should be applied to the instances of @Augmentable classes or previously augmented instances only (instance class was: class org.openqa.selenium.chrome.ChromeDriver)
Oct 05, 2020 2:17:29 AM org.openqa.selenium.remote.Augmenter extractRemoteWebDriver
WARNING: Augmenter should be applied to the instances of @Augmentable classes or previously augmented instances only (instance class was: class org.openqa.selenium.chrome.ChromeDriver)
Oct 05, 2020 2:17:29 AM org.openqa.selenium.remote.Augmenter extractRemoteWebDriver
WARNING: Augmenter should be applied to the instances of @Augmentable classes or previously augmented instances only (instance class was: class org.openqa.selenium.chrome.ChromeDriver)
Oct 05, 2020 2:17:30 AM org.openqa.selenium.remote.Augmenter extractRemoteWebDriver
WARNING: Augmenter should be applied to the instances of @Augmentable classes or previously augmented instances only (instance class was: class org.openqa.selenium.chrome.ChromeDriver)
Oct 05, 2020 2:17:30 AM org.openqa.selenium.remote.Augmenter extractRemoteWebDriver
WARNING: Augmenter should be applied to the instances of @Augmentable classes or previously augmented instances only (instance class was: class org.openqa.selenium.chrome.ChromeDriver)
Oct 05, 2020 2:17:49 AM org.openqa.selenium.remote.Augmenter extractRemoteWebDriver
WARNING: Augmenter should be applied to the instances of @Augmentable classes or previously augmented instances only (instance class was: class org.openqa.selenium.chrome.ChromeDriver)
Oct 05, 2020 2:17:49 AM org.openqa.selenium.remote.Augmenter extractRemoteWebDriver
WARNING: Augmenter should be applied to the instances of @Augmentable classes or previously augmented instances only (instance class was: class org.openqa.selenium.chrome.ChromeDriver)
Oct 05, 2020 2:17:49 AM org.openqa.selenium.remote.Augmenter extractRemoteWebDriver
WARNING: Augmenter should be applied to the instances of @Augmentable classes or previously augmented instances only (instance class was: class org.openqa.selenium.chrome.ChromeDriver)
Oct 05, 2020 2:17:50 AM org.openqa.selenium.remote.Augmenter extractRemoteWebDriver
WARNING: Augmenter should be applied to the instances of @Augmentable classes or previously augmented instances only (instance class was: class org.openqa.selenium.chrome.ChromeDriver)
Oct 05, 2020 2:17:50 AM org.openqa.selenium.remote.Augmenter extractRemoteWebDriver
WARNING: Augmenter should be applied to the instances of @Augmentable classes or previously augmented instances only (instance class was: class org.openqa.selenium.chrome.ChromeDriver)
Oct 05, 2020 2:17:51 AM org.openqa.selenium.remote.Augmenter extractRemoteWebDriver
WARNING: Augmenter should be applied to the instances of @Augmentable classes or previously augmented instances only (instance class was: class org.openqa.selenium.chrome.ChromeDriver)
Oct 05, 2020 2:17:51 AM org.openqa.selenium.remote.Augmenter extractRemoteWebDriver
WARNING: Augmenter should be applied to the instances of @Augmentable classes or previously augmented instances only (instance class was: class org.openqa.selenium.chrome.ChromeDriver)
Oct 05, 2020 2:17:51 AM org.openqa.selenium.remote.Augmenter extractRemoteWebDriver
WARNING: Augmenter should be applied to the instances of @Augmentable classes or previously augmented instances only (instance class was: class org.openqa.selenium.chrome.ChromeDriver)
Oct 05, 2020 2:17:51 AM org.openqa.selenium.remote.Augmenter extractRemoteWebDriver
WARNING: Augmenter should be applied to the instances of @Augmentable classes or previously augmented instances only (instance class was: class org.openqa.selenium.chrome.ChromeDriver)
Oct 05, 2020 2:17:51 AM org.openqa.selenium.remote.Augmenter extractRemoteWebDriver
WARNING: Augmenter should be applied to the instances of @Augmentable classes or previously augmented instances only (instance class was: class org.openqa.selenium.chrome.ChromeDriver)
Oct 05, 2020 2:17:53 AM org.openqa.selenium.remote.Augmenter extractRemoteWebDriver
WARNING: Augmenter should be applied to the instances of @Augmentable classes or previously augmented instances only (instance class was: class org.openqa.selenium.chrome.ChromeDriver)
Oct 05, 2020 2:17:53 AM org.openqa.selenium.remote.Augmenter extractRemoteWebDriver
WARNING: Augmenter should be applied to the instances of @Augmentable classes or previously augmented instances only (instance class was: class org.openqa.selenium.chrome.ChromeDriver)
Oct 05, 2020 2:17:53 AM org.openqa.selenium.remote.Augmenter extractRemoteWebDriver
WARNING: Augmenter should be applied to the instances of @Augmentable classes or previously augmented instances only (instance class was: class org.openqa.selenium.chrome.ChromeDriver)
Oct 05, 2020 2:17:53 AM org.openqa.selenium.remote.Augmenter extractRemoteWebDriver
WARNING: Augmenter should be applied to the instances of @Augmentable classes or previously augmented instances only (instance class was: class org.openqa.selenium.chrome.ChromeDriver)
Oct 05, 2020 2:17:56 AM org.openqa.selenium.remote.Augmenter extractRemoteWebDriver
WARNING: Augmenter should be applied to the instances of @Augmentable classes or previously augmented instances only (instance class was: class org.openqa.selenium.chrome.ChromeDriver)
Oct 05, 2020 2:18:06 AM org.openqa.selenium.remote.Augmenter extractRemoteWebDriver
WARNING: Augmenter should be applied to the instances of @Augmentable classes or previously augmented instances only (instance class was: class org.openqa.selenium.chrome.ChromeDriver)
Oct 05, 2020 2:18:07 AM org.openqa.selenium.remote.Augmenter extractRemoteWebDriver
WARNING: Augmenter should be applied to the instances of @Augmentable classes or previously augmented instances only (instance class was: class org.openqa.selenium.chrome.ChromeDriver)
Oct 05, 2020 2:18:08 AM org.openqa.selenium.remote.Augmenter extractRemoteWebDriver
WARNING: Augmenter should be applied to the instances of @Augmentable classes or previously augmented instances only (instance class was: class org.openqa.selenium.chrome.ChromeDriver)
Oct 05, 2020 2:18:09 AM org.openqa.selenium.remote.Augmenter extractRemoteWebDriver
WARNING: Augmenter should be applied to the instances of @Augmentable classes or previously augmented instances only (instance class was: class org.openqa.selenium.chrome.ChromeDriver)
Oct 05, 2020 2:18:09 AM org.openqa.selenium.remote.Augmenter extractRemoteWebDriver
WARNING: Augmenter should be applied to the instances of @Augmentable classes or previously augmented instances only (instance class was: class org.openqa.selenium.chrome.ChromeDriver)
Oct 05, 2020 2:18:10 AM org.openqa.selenium.remote.Augmenter extractRemoteWebDriver
WARNING: Augmenter should be applied to the instances of @Augmentable classes or previously augmented instances only (instance class was: class org.openqa.selenium.chrome.ChromeDriver)
Oct 05, 2020 2:18:18 AM org.openqa.selenium.remote.Augmenter extractRemoteWebDriver
WARNING: Augmenter should be applied to the instances of @Augmentable classes or previously augmented instances only (instance class was: class org.openqa.selenium.chrome.ChromeDriver)
Oct 05, 2020 2:18:18 AM org.openqa.selenium.remote.Augmenter extractRemoteWebDriver
WARNING: Augmenter should be applied to the instances of @Augmentable classes or previously augmented instances only (instance class was: class org.openqa.selenium.chrome.ChromeDriver)
Oct 05, 2020 2:18:19 AM org.openqa.selenium.remote.Augmenter extractRemoteWebDriver
WARNING: Augmenter should be applied to the instances of @Augmentable classes or previously augmented instances only (instance class was: class org.openqa.selenium.chrome.ChromeDriver)
Oct 05, 2020 2:18:19 AM org.openqa.selenium.remote.Augmenter extractRemoteWebDriver
WARNING: Augmenter should be applied to the instances of @Augmentable classes or previously augmented instances only (instance class was: class org.openqa.selenium.chrome.ChromeDriver)
Oct 05, 2020 2:18:21 AM org.openqa.selenium.remote.Augmenter extractRemoteWebDriver
WARNING: Augmenter should be applied to the instances of @Augmentable classes or previously augmented instances only (instance class was: class org.openqa.selenium.chrome.ChromeDriver)
]]></system-err>
  </testcase>
  <testcase name="TC019" classname="com.cpcommunity.testScripts.myprofiletestcases.TC019_Verify_User_is_Able_to_Un_Select_Email_Private" time="3.191">
    <failure message="element not visible&#10;  (Session info: chrome=85.0.4183.121)&#10;  (Driver info: chromedriver=2.38.552522 (437e6fbedfa8762dec75e2c5b3ddb86763dc9dcb),platform=Windows NT 10.0.18362 x86_64) (WARNING: The server did not provide any stacktrace information)&#10;Command duration or timeout: 0 milliseconds&#10;Build info: version: &apos;3.14.0&apos;, revision: &apos;aacccce0&apos;, time: &apos;2018-08-02T20:19:58.91Z&apos;&#10;System info: host: &apos;LAPTOP-65H8KDP8&apos;, ip: &apos;10.0.0.11&apos;, os.name: &apos;Windows 10&apos;, os.arch: &apos;amd64&apos;, os.version: &apos;10.0&apos;, java.version: &apos;1.8.0_251&apos;&#10;Driver info: org.openqa.selenium.chrome.ChromeDriver&#10;Capabilities {acceptInsecureCerts: false, acceptSslCerts: false, applicationCacheEnabled: false, browserConnectionEnabled: false, browserName: chrome, chrome: {chromedriverVersion: 2.38.552522 (437e6fbedfa876..., userDataDir: C:\Users\netwo\AppData\Loca...}, cssSelectorsEnabled: true, databaseEnabled: false, handlesAlerts: true, hasTouchScreen: false, javascriptEnabled: true, locationContextEnabled: true, mobileEmulationEnabled: false, nativeEvents: true, networkConnectionEnabled: false, pageLoadStrategy: normal, platform: XP, platformName: XP, rotatable: false, setWindowRect: true, takesHeapSnapshot: true, takesScreenshot: true, unexpectedAlertBehaviour: , unhandledPromptBehavior: , version: 85.0.4183.121, webStorageEnabled: true}&#10;Session ID: a47799f096fd81bfc7f60c623e9bac2b" type="org.openqa.selenium.ElementNotVisibleException">org.openqa.selenium.ElementNotVisibleException: element not visible
  (Session info: chrome=85.0.4183.121)
  (Driver info: chromedriver=2.38.552522 (437e6fbedfa8762dec75e2c5b3ddb86763dc9dcb),platform=Windows NT 10.0.18362 x86_64) (WARNING: The server did not provide any stacktrace information)
Command duration or timeout: 0 milliseconds
Build info: version: '3.14.0', revision: 'aacccce0', time: '2018-08-02T20:19:58.91Z'
System info: host: 'LAPTOP-65H8KDP8', ip: '10.0.0.11', os.name: 'Windows 10', os.arch: 'amd64', os.version: '10.0', java.version: '1.8.0_251'
Driver info: org.openqa.selenium.chrome.ChromeDriver
Capabilities {acceptInsecureCerts: false, acceptSslCerts: false, applicationCacheEnabled: false, browserConnectionEnabled: false, browserName: chrome, chrome: {chromedriverVersion: 2.38.552522 (437e6fbedfa876..., userDataDir: C:\Users\netwo\AppData\Loca...}, cssSelectorsEnabled: true, databaseEnabled: false, handlesAlerts: true, hasTouchScreen: false, javascriptEnabled: true, locationContextEnabled: true, mobileEmulationEnabled: false, nativeEvents: true, networkConnectionEnabled: false, pageLoadStrategy: normal, platform: XP, platformName: XP, rotatable: false, setWindowRect: true, takesHeapSnapshot: true, takesScreenshot: true, unexpectedAlertBehaviour: , unhandledPromptBehavior: , version: 85.0.4183.121, webStorageEnabled: true}
Session ID: a47799f096fd81bfc7f60c623e9bac2b
	at sun.reflect.NativeConstructorAccessorImpl.newInstance0(Native Method)
	at sun.reflect.NativeConstructorAccessorImpl.newInstance(NativeConstructorAccessorImpl.java:62)
	at sun.reflect.DelegatingConstructorAccessorImpl.newInstance(DelegatingConstructorAccessorImpl.java:45)
	at java.lang.reflect.Constructor.newInstance(Constructor.java:423)
	at org.openqa.selenium.remote.ErrorHandler.createThrowable(ErrorHandler.java:214)
	at org.openqa.selenium.remote.ErrorHandler.throwIfResponseFailed(ErrorHandler.java:166)
	at org.openqa.selenium.remote.http.JsonHttpResponseCodec.reconstructValue(JsonHttpResponseCodec.java:40)
	at org.openqa.selenium.remote.http.AbstractHttpResponseCodec.decode(AbstractHttpResponseCodec.java:80)
	at org.openqa.selenium.remote.http.AbstractHttpResponseCodec.decode(AbstractHttpResponseCodec.java:44)
	at org.openqa.selenium.remote.HttpCommandExecutor.execute(HttpCommandExecutor.java:158)
	at org.openqa.selenium.remote.service.DriverCommandExecutor.execute(DriverCommandExecutor.java:83)
	at org.openqa.selenium.remote.RemoteWebDriver.execute(RemoteWebDriver.java:548)
	at org.openqa.selenium.remote.RemoteWebElement.execute(RemoteWebElement.java:276)
	at org.openqa.selenium.remote.RemoteWebElement.click(RemoteWebElement.java:83)
	at sun.reflect.GeneratedMethodAccessor4.invoke(Unknown Source)
	at sun.reflect.DelegatingMethodAccessorImpl.invoke(DelegatingMethodAccessorImpl.java:43)
	at java.lang.reflect.Method.invoke(Method.java:498)
	at org.openqa.selenium.support.pagefactory.internal.LocatingElementHandler.invoke(LocatingElementHandler.java:51)
	at com.sun.proxy.$Proxy9.click(Unknown Source)
	at com.cpcommunity.PageObjects.BasePage.click(BasePage.java:200)
	at com.cpcommunity.PageObjects.MyProfilePage.UnSelectEmailPrivate(MyProfilePage.java:316)
	at com.cpcommunity.testScripts.myprofiletestcases.TC019_Verify_User_is_Able_to_Un_Select_Email_Private.TC019(TC019_Verify_User_is_Able_to_Un_Select_Email_Private.java:35)
</failure>
    <system-out><![CDATA[INFO    2020-10-05 02:19:40,277 [TestNG-test=Test9-2] com.cpcommunity.PageObjects.BasePage  - Clicking on : EditBtn
INFO    2020-10-05 02:19:40,795 [TestNG-test=Test9-1] com.cpcommunity.PageObjects.BasePage  - Clicking on : Selecting AuthorizeNet
INFO    2020-10-05 02:19:40,903 [TestNG-test=Test9-1] com.cpcommunity.PageObjects.BasePage  - waiting for :[[ChromeDriver: chrome on XP (7d695b1afeda18941e1770a31b6f0fd2)] -> xpath: //*[@id='Authorizeform']//button[contains(.,'Proceed')]] for :18 seconds
INFO    2020-10-05 02:19:40,939 [TestNG-test=Test9-1] com.cpcommunity.PageObjects.BasePage  - [[ChromeDriver: chrome on XP (7d695b1afeda18941e1770a31b6f0fd2)] -> xpath: //*[@id='Authorizeform']//button[contains(.,'Proceed')]]is displayed
INFO    2020-10-05 02:19:41,088 [TestNG-test=Test9-3] com.cpcommunity.testScripts.community.BaseTest  - Test Execution Completed !!!
Total rows are : 1167
Test case starts from row num: 774
Total rows of data are : 1
Total cols are : 15
@TestCase : TC135
INFO    2020-10-05 02:19:41,225 [TestNG-test=Test9-3] com.cpcommunity.testScripts.community.BaseTest  - Inside Login Test
Launching : chrome
INFO    2020-10-05 02:19:42,892 [TestNG-test=Test9-2] com.cpcommunity.PageObjects.BasePage  - scroll till web [[ChromeDriver: chrome on XP (a47799f096fd81bfc7f60c623e9bac2b)] -> xpath: (//form[@id='EditMyProfileForm'])//*[contains(text(),'Save')]]
INFO    2020-10-05 02:19:42,941 [TestNG-test=Test9-1] com.cpcommunity.PageObjects.BasePage  - Clicking on : Proceed
INFO    2020-10-05 02:19:43,975 [TestNG-test=Test9-2] com.cpcommunity.PageObjects.BasePage  - Clicking on : PrivateEmail
]]></system-out>
    <system-err><![CDATA[Starting ChromeDriver 2.38.552522 (437e6fbedfa8762dec75e2c5b3ddb86763dc9dcb) on port 32958
Only local connections are allowed.
]]></system-err>
  </testcase>
  <testcase name="TC120" classname="com.cpcommunity.testScripts.community.TC120_Add_Terms_And_Conditions" time="67.728"/>
  <testcase name="TC105" classname="com.cpcommunity.testScripts.community.TC105_Group_Admin_Approve_And_Reject_Group_Requests" time="0">
    <skipped/>
    <system-out><![CDATA[ChromeDriver: chrome on XP (b2e6335ae21c062d3415f92c1da3169a)
b2e6335ae21c062d3415f92c1da3169a
INFO    2020-10-05 02:19:44,738 [TestNG-test=Test9-3] com.cpcommunity.testScripts.community.BaseTest  - Driver Initialized !!!
INFO    2020-10-05 02:19:45,434 [TestNG-test=Test9-2] com.cpcommunity.testScripts.community.BaseTest  - Test Execution Completed !!!
INFO    2020-10-05 02:19:49,802 [TestNG-test=Test9-1] com.cpcommunity.PageObjects.BasePage  - scrolling up vertically...
Page Opened
INFO    2020-10-05 02:19:54,326 [TestNG-test=Test9-5] com.cpcommunity.PageObjects.BasePage  - ClickedProxy element for: AjaxElementLocator 'By.xpath: //strong[contains(text(),'Advertisements')]'
INFO    2020-10-05 02:19:54,807 [TestNG-test=Test9-1] com.cpcommunity.PageObjects.BasePage  - Typing in : card Num entered the value as : 4242424242424242
INFO    2020-10-05 02:19:55,142 [TestNG-test=Test9-1] com.cpcommunity.PageObjects.BasePage  - Typing in : Expiry Date entered the value as : 0223
INFO    2020-10-05 02:19:55,314 [TestNG-test=Test9-1] com.cpcommunity.PageObjects.BasePage  - Typing in : CVV entered the value as : 024
4242 4242 4244 42
INFO    2020-10-05 02:19:57,306 [TestNG-test=Test9-5] com.cpcommunity.PageObjects.BasePage  - scrolling up vertically...
INFO    2020-10-05 02:19:57,644 [TestNG-test=Test9-3] com.cpcommunity.PageObjects.BasePage  - scrolling up vertically...
INFO    2020-10-05 02:20:02,163 [TestNG-test=Test9-4] com.cpcommunity.PageObjects.BasePage  - waiting for :Proxy element for: AjaxElementLocator 'By.xpath: //img[@height='16']' for :18 seconds
INFO    2020-10-05 02:20:02,412 [TestNG-test=Test9-5] com.cpcommunity.PageObjects.BasePage  - Clicking on : Select
INFO    2020-10-05 02:20:02,538 [TestNG-test=Test9-5] com.cpcommunity.PageObjects.BasePage  - waiting for :[[ChromeDriver: chrome on XP (eefe06ec0046ac4bcaef0070f08b608b)] -> xpath: //*[contains(text(),'Next')]] for :18 seconds
INFO    2020-10-05 02:20:02,571 [TestNG-test=Test9-5] com.cpcommunity.PageObjects.BasePage  - [[ChromeDriver: chrome on XP (eefe06ec0046ac4bcaef0070f08b608b)] -> xpath: //*[contains(text(),'Next')]]is displayed
INFO    2020-10-05 02:20:02,697 [TestNG-test=Test9-3] com.cpcommunity.PageObjects.BasePage  - waiting for :[[ChromeDriver: chrome on XP (b2e6335ae21c062d3415f92c1da3169a)] -> xpath: //a[contains(.,'Login')]] for :18 seconds
INFO    2020-10-05 02:20:02,729 [TestNG-test=Test9-3] com.cpcommunity.PageObjects.BasePage  - [[ChromeDriver: chrome on XP (b2e6335ae21c062d3415f92c1da3169a)] -> xpath: //a[contains(.,'Login')]]is displayed
INFO    2020-10-05 02:20:04,572 [TestNG-test=Test9-5] com.cpcommunity.PageObjects.BasePage  - Clicking on : next
INFO    2020-10-05 02:20:04,684 [TestNG-test=Test9-5] com.cpcommunity.PageObjects.BasePage  - waiting for :[[ChromeDriver: chrome on XP (eefe06ec0046ac4bcaef0070f08b608b)] -> xpath: //*[@name='AdName']] for :18 seconds
INFO    2020-10-05 02:20:04,717 [TestNG-test=Test9-5] com.cpcommunity.PageObjects.BasePage  - [[ChromeDriver: chrome on XP (eefe06ec0046ac4bcaef0070f08b608b)] -> xpath: //*[@name='AdName']]is displayed
INFO    2020-10-05 02:20:05,731 [TestNG-test=Test9-3] com.cpcommunity.PageObjects.BasePage  - Clicking on : LOGIN
INFO    2020-10-05 02:20:06,719 [TestNG-test=Test9-5] com.cpcommunity.PageObjects.BasePage  - Typing in : adName entered the value as : Advertisment 3
ChromeDriver: chrome on XP (b2e6335ae21c062d3415f92c1da3169a)Login Page
INFO    2020-10-05 02:20:07,307 [TestNG-test=Test9-5] com.cpcommunity.PageObjects.BasePage  - Clicking on : Ad Start Date
INFO    2020-10-05 02:20:07,460 [TestNG-test=Test9-5] com.cpcommunity.PageObjects.BasePage  - waiting for :[[ChromeDriver: chrome on XP (eefe06ec0046ac4bcaef0070f08b608b)] -> xpath: (//thead/tr/th[2][@class='switch'])[3]] for :18 seconds
INFO    2020-10-05 02:20:07,495 [TestNG-test=Test9-5] com.cpcommunity.PageObjects.BasePage  - [[ChromeDriver: chrome on XP (eefe06ec0046ac4bcaef0070f08b608b)] -> xpath: (//thead/tr/th[2][@class='switch'])[3]]is displayed
INFO    2020-10-05 02:20:09,496 [TestNG-test=Test9-5] com.cpcommunity.PageObjects.BasePage  - Clicking on : Selecting Date
INFO    2020-10-05 02:20:09,587 [TestNG-test=Test9-5] com.cpcommunity.PageObjects.BasePage  - Typing in : Ad Image entered the value as : D:\workspace\bizligo-automation\src\test\resources\testImages\ChromeImage7.jpg
INFO    2020-10-05 02:20:09,702 [TestNG-test=Test9-5] com.cpcommunity.PageObjects.BasePage  - Typing in : Link Url entered the value as : https://pamten.com
INFO    2020-10-05 02:20:10,087 [TestNG-test=Test9-5] com.cpcommunity.PageObjects.BasePage  - Typing in : Additional Instructions entered the value as : call you for the date extension as discussed
INFO    2020-10-05 02:20:10,286 [TestNG-test=Test9-3] com.cpcommunity.PageObjects.BasePage  - scrolling up vertically...
INFO    2020-10-05 02:20:10,774 [TestNG-test=Test9-5] com.cpcommunity.PageObjects.BasePage  - Clicking on : Proceed to Payment
INFO    2020-10-05 02:20:14,369 [TestNG-test=Test9-1] com.cpcommunity.PageObjects.BasePage  - Typing in : email entered the value as : andrew74444@gmail.com
INFO    2020-10-05 02:20:14,689 [TestNG-test=Test9-1] com.cpcommunity.PageObjects.BasePage  - Clicking[[ChromeDriver: chrome on XP (7d695b1afeda18941e1770a31b6f0fd2)] -> xpath: //*[@id='payBtn']]
INFO    2020-10-05 02:20:15,297 [TestNG-test=Test9-3] com.cpcommunity.PageObjects.BasePage  - Typing in : email address entered the value as : curatora99@gmail.com
INFO    2020-10-05 02:20:15,674 [TestNG-test=Test9-3] com.cpcommunity.PageObjects.BasePage  - Typing in : password entered the value as : Admin@123
INFO    2020-10-05 02:20:15,863 [TestNG-test=Test9-3] com.cpcommunity.PageObjects.BasePage  - Clicking on : Login
INFO    2020-10-05 02:20:19,218 [TestNG-test=Test9-5] com.cpcommunity.PageObjects.BasePage  - scrolling up vertically...
INFO    2020-10-05 02:20:22,903 [TestNG-test=Test9-3] com.cpcommunity.PageObjects.BasePage  - scrolling up vertically...
INFO    2020-10-05 02:20:27,952 [TestNG-test=Test9-3] com.cpcommunity.PageObjects.BasePage  - waiting for :[[ChromeDriver: chrome on XP (b2e6335ae21c062d3415f92c1da3169a)] -> xpath: //*[@id='mycommunitestab']//a[contains(text(),'VIEW ALL')]] for :18 seconds
INFO    2020-10-05 02:20:27,988 [TestNG-test=Test9-3] com.cpcommunity.PageObjects.BasePage  - [[ChromeDriver: chrome on XP (b2e6335ae21c062d3415f92c1da3169a)] -> xpath: //*[@id='mycommunitestab']//a[contains(text(),'VIEW ALL')]]is displayed
INFO    2020-10-05 02:20:29,988 [TestNG-test=Test9-3] com.cpcommunity.PageObjects.BasePage  - Clicking on : view All
INFO    2020-10-05 02:20:34,285 [TestNG-test=Test9-5] com.cpcommunity.PageObjects.BasePage  - waiting for :[[ChromeDriver: chrome on XP (eefe06ec0046ac4bcaef0070f08b608b)] -> xpath: (//*[@class='gateway'])//*[@value='2']] for :18 seconds
INFO    2020-10-05 02:20:34,313 [TestNG-test=Test9-5] com.cpcommunity.PageObjects.BasePage  - [[ChromeDriver: chrome on XP (eefe06ec0046ac4bcaef0070f08b608b)] -> xpath: (//*[@class='gateway'])//*[@value='2']]is displayed
INFO    2020-10-05 02:20:34,437 [TestNG-test=Test9-3] com.cpcommunity.PageObjects.BasePage  - scrolling up vertically...
INFO    2020-10-05 02:20:36,314 [TestNG-test=Test9-5] com.cpcommunity.PageObjects.BasePage  - Clicking on : Selecting authorize button
INFO    2020-10-05 02:20:36,422 [TestNG-test=Test9-5] com.cpcommunity.PageObjects.BasePage  - Clicking[[ChromeDriver: chrome on XP (eefe06ec0046ac4bcaef0070f08b608b)] -> xpath: //*[@type='submit']//*[@class='fa fa-credit-card']]
Date Format with dd MMMM yyyy : 05 Oct 2020
INFO    2020-10-05 02:20:39,486 [TestNG-test=Test9-3] com.cpcommunity.PageObjects.BasePage  - waiting for :[[ChromeDriver: chrome on XP (b2e6335ae21c062d3415f92c1da3169a)] -> xpath: //input[@placeholder='Search by Community Name']] for :18 seconds
INFO    2020-10-05 02:20:39,517 [TestNG-test=Test9-3] com.cpcommunity.PageObjects.BasePage  - [[ChromeDriver: chrome on XP (b2e6335ae21c062d3415f92c1da3169a)] -> xpath: //input[@placeholder='Search by Community Name']]is displayed
INFO    2020-10-05 02:20:41,809 [TestNG-test=Test9-3] com.cpcommunity.PageObjects.BasePage  - Typing in : Search by Community entered the value as : Community - 05 Oct 2020
INFO    2020-10-05 02:20:42,093 [TestNG-test=Test9-3] com.cpcommunity.PageObjects.BasePage  - Clicking on : search btn
INFO    2020-10-05 02:20:48,240 [TestNG-test=Test9-3] com.cpcommunity.PageObjects.BasePage  - waiting for :[[ChromeDriver: chrome on XP (b2e6335ae21c062d3415f92c1da3169a)] -> xpath: //a[@tooltip='Community - 05 Oct 2020']] for :18 seconds
INFO    2020-10-05 02:20:48,254 [TestNG-test=Test9-3] com.cpcommunity.PageObjects.BasePage  - [[ChromeDriver: chrome on XP (b2e6335ae21c062d3415f92c1da3169a)] -> xpath: //a[@tooltip='Community - 05 Oct 2020']]is displayed
INFO    2020-10-05 02:20:50,532 [TestNG-test=Test9-3] com.cpcommunity.PageObjects.BasePage  - Clicking on : CommunityName
INFO    2020-10-05 02:20:51,532 [TestNG-test=Test9-3] com.cpcommunity.PageObjects.BasePage  - scrolling up vertically...
INFO    2020-10-05 02:20:56,727 [TestNG-test=Test9-3] com.cpcommunity.PageObjects.BasePage  - scrolling up vertically...
INFO    2020-10-05 02:21:01,755 [TestNG-test=Test9-3] com.cpcommunity.PageObjects.BasePage  - Clicking on : Members
INFO    2020-10-05 02:21:06,989 [TestNG-test=Test9-3] com.cpcommunity.PageObjects.BasePage  - Clicking[[ChromeDriver: chrome on XP (b2e6335ae21c062d3415f92c1da3169a)] -> xpath: //strong[contains(text(),'Advertisements')]]
INFO    2020-10-05 02:21:25,012 [TestNG-test=Test9-1] com.cpcommunity.PageObjects.BasePage  - ClickedProxy element for: AjaxElementLocator 'By.xpath: //*[@id='payBtn']'
INFO    2020-10-05 02:21:47,593 [TestNG-test=Test9-5] com.cpcommunity.PageObjects.BasePage  - ClickedProxy element for: AjaxElementLocator 'By.xpath: //*[@type='submit']//*[@class='fa fa-credit-card']'
INFO    2020-10-05 02:21:59,095 [TestNG-test=Test9-5] com.cpcommunity.PageObjects.BasePage  - scrolling up vertically...
]]></system-out>
    <system-err><![CDATA[Oct 05, 2020 2:19:44 AM org.openqa.selenium.remote.ProtocolHandshake createSession
INFO: Detected dialect: OSS
Oct 05, 2020 2:19:47 AM org.openqa.selenium.remote.Augmenter extractRemoteWebDriver
WARNING: Augmenter should be applied to the instances of @Augmentable classes or previously augmented instances only (instance class was: class org.openqa.selenium.chrome.ChromeDriver)
Oct 05, 2020 2:19:48 AM org.openqa.selenium.remote.Augmenter extractRemoteWebDriver
WARNING: Augmenter should be applied to the instances of @Augmentable classes or previously augmented instances only (instance class was: class org.openqa.selenium.chrome.ChromeDriver)
Oct 05, 2020 2:19:53 AM org.openqa.selenium.remote.Augmenter extractRemoteWebDriver
WARNING: Augmenter should be applied to the instances of @Augmentable classes or previously augmented instances only (instance class was: class org.openqa.selenium.chrome.ChromeDriver)
Oct 05, 2020 2:19:55 AM org.openqa.selenium.remote.Augmenter extractRemoteWebDriver
WARNING: Augmenter should be applied to the instances of @Augmentable classes or previously augmented instances only (instance class was: class org.openqa.selenium.chrome.ChromeDriver)
Oct 05, 2020 2:19:55 AM org.openqa.selenium.remote.Augmenter extractRemoteWebDriver
WARNING: Augmenter should be applied to the instances of @Augmentable classes or previously augmented instances only (instance class was: class org.openqa.selenium.chrome.ChromeDriver)
Oct 05, 2020 2:19:56 AM org.openqa.selenium.remote.Augmenter extractRemoteWebDriver
WARNING: Augmenter should be applied to the instances of @Augmentable classes or previously augmented instances only (instance class was: class org.openqa.selenium.chrome.ChromeDriver)
Oct 05, 2020 2:19:56 AM org.openqa.selenium.remote.Augmenter extractRemoteWebDriver
WARNING: Augmenter should be applied to the instances of @Augmentable classes or previously augmented instances only (instance class was: class org.openqa.selenium.chrome.ChromeDriver)
Oct 05, 2020 2:20:08 AM org.openqa.selenium.remote.Augmenter extractRemoteWebDriver
WARNING: Augmenter should be applied to the instances of @Augmentable classes or previously augmented instances only (instance class was: class org.openqa.selenium.chrome.ChromeDriver)
Oct 05, 2020 2:20:09 AM org.openqa.selenium.remote.Augmenter extractRemoteWebDriver
WARNING: Augmenter should be applied to the instances of @Augmentable classes or previously augmented instances only (instance class was: class org.openqa.selenium.chrome.ChromeDriver)
Oct 05, 2020 2:20:17 AM org.openqa.selenium.remote.Augmenter extractRemoteWebDriver
WARNING: Augmenter should be applied to the instances of @Augmentable classes or previously augmented instances only (instance class was: class org.openqa.selenium.chrome.ChromeDriver)
Oct 05, 2020 2:20:18 AM org.openqa.selenium.remote.Augmenter extractRemoteWebDriver
WARNING: Augmenter should be applied to the instances of @Augmentable classes or previously augmented instances only (instance class was: class org.openqa.selenium.chrome.ChromeDriver)
Oct 05, 2020 2:20:19 AM org.openqa.selenium.remote.Augmenter extractRemoteWebDriver
WARNING: Augmenter should be applied to the instances of @Augmentable classes or previously augmented instances only (instance class was: class org.openqa.selenium.chrome.ChromeDriver)
Oct 05, 2020 2:20:20 AM org.openqa.selenium.remote.Augmenter extractRemoteWebDriver
WARNING: Augmenter should be applied to the instances of @Augmentable classes or previously augmented instances only (instance class was: class org.openqa.selenium.chrome.ChromeDriver)
Oct 05, 2020 2:20:22 AM org.openqa.selenium.remote.Augmenter extractRemoteWebDriver
WARNING: Augmenter should be applied to the instances of @Augmentable classes or previously augmented instances only (instance class was: class org.openqa.selenium.chrome.ChromeDriver)
Oct 05, 2020 2:20:32 AM org.openqa.selenium.remote.Augmenter extractRemoteWebDriver
WARNING: Augmenter should be applied to the instances of @Augmentable classes or previously augmented instances only (instance class was: class org.openqa.selenium.chrome.ChromeDriver)
Oct 05, 2020 2:20:33 AM org.openqa.selenium.remote.Augmenter extractRemoteWebDriver
WARNING: Augmenter should be applied to the instances of @Augmentable classes or previously augmented instances only (instance class was: class org.openqa.selenium.chrome.ChromeDriver)
Oct 05, 2020 2:20:54 AM org.openqa.selenium.remote.Augmenter extractRemoteWebDriver
WARNING: Augmenter should be applied to the instances of @Augmentable classes or previously augmented instances only (instance class was: class org.openqa.selenium.chrome.ChromeDriver)
Oct 05, 2020 2:20:55 AM org.openqa.selenium.remote.Augmenter extractRemoteWebDriver
WARNING: Augmenter should be applied to the instances of @Augmentable classes or previously augmented instances only (instance class was: class org.openqa.selenium.chrome.ChromeDriver)
Oct 05, 2020 2:21:58 AM org.openqa.selenium.remote.Augmenter extractRemoteWebDriver
WARNING: Augmenter should be applied to the instances of @Augmentable classes or previously augmented instances only (instance class was: class org.openqa.selenium.chrome.ChromeDriver)
]]></system-err>
  </testcase>
  <testcase name="TC105" classname="com.cpcommunity.testScripts.community.TC105_Group_Admin_Approve_And_Reject_Group_Requests" time="183.961">
    <failure message="Expected condition failed: waiting for visibility of Proxy element for: AjaxElementLocator &apos;By.xpath: //img[@height=&apos;16&apos;]&apos; (tried for 30 second(s) with 500 milliseconds interval)" type="org.openqa.selenium.TimeoutException">org.openqa.selenium.TimeoutException: Expected condition failed: waiting for visibility of Proxy element for: AjaxElementLocator 'By.xpath: //img[@height='16']' (tried for 30 second(s) with 500 milliseconds interval)
	at sun.reflect.GeneratedConstructorAccessor77.newInstance(Unknown Source)
	at sun.reflect.DelegatingConstructorAccessorImpl.newInstance(DelegatingConstructorAccessorImpl.java:45)
	at java.lang.reflect.Constructor.newInstance(Constructor.java:423)
	at org.openqa.selenium.remote.ErrorHandler.createThrowable(ErrorHandler.java:214)
	at org.openqa.selenium.remote.ErrorHandler.throwIfResponseFailed(ErrorHandler.java:166)
	at org.openqa.selenium.remote.http.JsonHttpResponseCodec.reconstructValue(JsonHttpResponseCodec.java:40)
	at org.openqa.selenium.remote.http.AbstractHttpResponseCodec.decode(AbstractHttpResponseCodec.java:80)
	at org.openqa.selenium.remote.http.AbstractHttpResponseCodec.decode(AbstractHttpResponseCodec.java:44)
	at org.openqa.selenium.remote.HttpCommandExecutor.execute(HttpCommandExecutor.java:158)
	at org.openqa.selenium.remote.service.DriverCommandExecutor.execute(DriverCommandExecutor.java:83)
	at org.openqa.selenium.remote.RemoteWebDriver.execute(RemoteWebDriver.java:548)
	at org.openqa.selenium.remote.RemoteWebDriver.findElement(RemoteWebDriver.java:322)
	at org.openqa.selenium.remote.RemoteWebDriver.findElementByXPath(RemoteWebDriver.java:424)
	at org.openqa.selenium.By$ByXPath.findElement(By.java:353)
	at org.openqa.selenium.remote.RemoteWebDriver.findElement(RemoteWebDriver.java:314)
	at org.openqa.selenium.support.pagefactory.DefaultElementLocator.findElement(DefaultElementLocator.java:69)
	at org.openqa.selenium.support.pagefactory.AjaxElementLocator.access$001(AjaxElementLocator.java:39)
	at org.openqa.selenium.support.pagefactory.AjaxElementLocator$SlowLoadingElement.isLoaded(AjaxElementLocator.java:194)
	at org.openqa.selenium.support.ui.SlowLoadableComponent.get(SlowLoadableComponent.java:78)
	at org.openqa.selenium.support.pagefactory.AjaxElementLocator.findElement(AjaxElementLocator.java:119)
	at org.openqa.selenium.support.pagefactory.internal.LocatingElementHandler.invoke(LocatingElementHandler.java:38)
	at com.sun.proxy.$Proxy9.isDisplayed(Unknown Source)
	at org.openqa.selenium.support.ui.ExpectedConditions.elementIfVisible(ExpectedConditions.java:315)
	at org.openqa.selenium.support.ui.ExpectedConditions.access$100(ExpectedConditions.java:44)
	at org.openqa.selenium.support.ui.ExpectedConditions$10.apply(ExpectedConditions.java:301)
	at org.openqa.selenium.support.ui.ExpectedConditions$10.apply(ExpectedConditions.java:298)
	at org.openqa.selenium.support.ui.FluentWait.until(FluentWait.java:260)
	at com.cpcommunity.PageObjects.BasePage.waitForElementToPresent(BasePage.java:177)
	at com.cpcommunity.PageObjects.CommunityDetailsPage.navigateToManageGroupMembers(CommunityDetailsPage.java:797)
	at com.cpcommunity.testScripts.community.TC105_Group_Admin_Approve_And_Reject_Group_Requests.TC105(TC105_Group_Admin_Approve_And_Reject_Group_Requests.java:37)
</failure>
    <system-out><![CDATA[INFO    2020-10-05 02:23:37,021 [TestNG-test=Test9-1] com.cpcommunity.testScripts.community.BaseTest  - Test Execution Completed !!!
Total rows are : 1167
Test case starts from row num: 1002
Total rows of data are : 1
Total cols are : 12
@TestCase : TC150
INFO    2020-10-05 02:23:37,093 [TestNG-test=Test9-1] com.cpcommunity.testScripts.community.BaseTest  - Inside Login Test
{attendeeFirstName=Andrew, Test Descrption=TC150_Paid_Event_Registration_With_Authorize_From_Event_CheckIn, Runmode=Y, browser=chrome, eventName=Paid event -, communityName=Community -, email=andrew74444@gmail.com, attendeLastName=Thomson, password=Admin@123, companyName=PamTen, payerEmailID=andrew74444@gmail.com, attendeeEmailID=andrew74444@gmail.com}
Launching : chrome
ChromeDriver: chrome on XP (841a691f2a4b20fc221880b1873a6c4d)
841a691f2a4b20fc221880b1873a6c4d
INFO    2020-10-05 02:23:40,556 [TestNG-test=Test9-1] com.cpcommunity.testScripts.community.BaseTest  - Driver Initialized !!!
ChromeDriver: chrome on XP (eefe06ec0046ac4bcaef0070f08b608b)Payment Receipt
Page Opened
INFO    2020-10-05 02:23:47,653 [TestNG-test=Test9-5] com.cpcommunity.PageObjects.BasePage  - scrolling up vertically...
INFO    2020-10-05 02:23:50,035 [TestNG-test=Test9-1] com.cpcommunity.PageObjects.BasePage  - scrolling up vertically...
INFO    2020-10-05 02:23:52,693 [TestNG-test=Test9-5] com.cpcommunity.PageObjects.BasePage  - waiting for :[[ChromeDriver: chrome on XP (eefe06ec0046ac4bcaef0070f08b608b)] -> xpath: //*[contains(text(),'Your advertisement will be sent to the Community Admin for review')]] for :18 seconds
INFO    2020-10-05 02:23:52,726 [TestNG-test=Test9-5] com.cpcommunity.PageObjects.BasePage  - [[ChromeDriver: chrome on XP (eefe06ec0046ac4bcaef0070f08b608b)] -> xpath: //*[contains(text(),'Your advertisement will be sent to the Community Admin for review')]]is displayed
INFO    2020-10-05 02:23:55,068 [TestNG-test=Test9-5] com.cpcommunity.PageObjects.BasePage  - Clicking[[ChromeDriver: chrome on XP (eefe06ec0046ac4bcaef0070f08b608b)] -> xpath: //*[@class='fa fa-arrow-left'] | //*[@class='fa fa-tv']]
INFO    2020-10-05 02:23:55,089 [TestNG-test=Test9-1] com.cpcommunity.PageObjects.BasePage  - waiting for :[[ChromeDriver: chrome on XP (841a691f2a4b20fc221880b1873a6c4d)] -> xpath: //a[contains(.,'Login')]] for :18 seconds
INFO    2020-10-05 02:23:55,122 [TestNG-test=Test9-1] com.cpcommunity.PageObjects.BasePage  - [[ChromeDriver: chrome on XP (841a691f2a4b20fc221880b1873a6c4d)] -> xpath: //a[contains(.,'Login')]]is displayed
INFO    2020-10-05 02:23:58,123 [TestNG-test=Test9-1] com.cpcommunity.PageObjects.BasePage  - Clicking on : LOGIN
ChromeDriver: chrome on XP (841a691f2a4b20fc221880b1873a6c4d)Login Page
INFO    2020-10-05 02:24:02,368 [TestNG-test=Test9-1] com.cpcommunity.PageObjects.BasePage  - scrolling up vertically...
INFO    2020-10-05 02:24:04,877 [TestNG-test=Test9-3] com.cpcommunity.PageObjects.BasePage  - ClickedProxy element for: AjaxElementLocator 'By.xpath: //*[@type='submit']//*[@class='fa fa-credit-card']'
INFO    2020-10-05 02:24:07,377 [TestNG-test=Test9-1] com.cpcommunity.PageObjects.BasePage  - Typing in : email address entered the value as : andrew74444@gmail.com
INFO    2020-10-05 02:24:07,693 [TestNG-test=Test9-1] com.cpcommunity.PageObjects.BasePage  - Typing in : password entered the value as : Admin@123
INFO    2020-10-05 02:24:07,839 [TestNG-test=Test9-1] com.cpcommunity.PageObjects.BasePage  - Clicking on : Login
INFO    2020-10-05 02:24:14,525 [TestNG-test=Test9-1] com.cpcommunity.PageObjects.BasePage  - scrolling up vertically...
INFO    2020-10-05 02:24:16,514 [TestNG-test=Test9-3] com.cpcommunity.PageObjects.BasePage  - scrolling up vertically...
INFO    2020-10-05 02:24:19,572 [TestNG-test=Test9-1] com.cpcommunity.PageObjects.BasePage  - waiting for :[[ChromeDriver: chrome on XP (841a691f2a4b20fc221880b1873a6c4d)] -> xpath: //*[@id='mycommunitestab']//a[contains(text(),'VIEW ALL')]] for :18 seconds
INFO    2020-10-05 02:24:19,606 [TestNG-test=Test9-1] com.cpcommunity.PageObjects.BasePage  - [[ChromeDriver: chrome on XP (841a691f2a4b20fc221880b1873a6c4d)] -> xpath: //*[@id='mycommunitestab']//a[contains(text(),'VIEW ALL')]]is displayed
INFO    2020-10-05 02:24:21,523 [TestNG-test=Test9-3] com.cpcommunity.PageObjects.BasePage  - Typing in : card Num entered the value as : 4242424242424242
INFO    2020-10-05 02:24:21,606 [TestNG-test=Test9-1] com.cpcommunity.PageObjects.BasePage  - Clicking on : view All
INFO    2020-10-05 02:24:21,894 [TestNG-test=Test9-3] com.cpcommunity.PageObjects.BasePage  - Typing in : Expiry Date entered the value as : 0223
INFO    2020-10-05 02:24:22,054 [TestNG-test=Test9-3] com.cpcommunity.PageObjects.BasePage  - Typing in : CVV entered the value as : 024
4242 4242 4222 2
INFO    2020-10-05 02:24:26,125 [TestNG-test=Test9-1] com.cpcommunity.PageObjects.BasePage  - scrolling up vertically...
Date Format with dd MMMM yyyy : 05 Oct 2020
INFO    2020-10-05 02:24:31,172 [TestNG-test=Test9-1] com.cpcommunity.PageObjects.BasePage  - waiting for :[[ChromeDriver: chrome on XP (841a691f2a4b20fc221880b1873a6c4d)] -> xpath: //input[@placeholder='Search by Community Name']] for :18 seconds
INFO    2020-10-05 02:24:31,227 [TestNG-test=Test9-1] com.cpcommunity.PageObjects.BasePage  - [[ChromeDriver: chrome on XP (841a691f2a4b20fc221880b1873a6c4d)] -> xpath: //input[@placeholder='Search by Community Name']]is displayed
INFO    2020-10-05 02:24:33,530 [TestNG-test=Test9-1] com.cpcommunity.PageObjects.BasePage  - Typing in : Search by Community entered the value as : Community - 05 Oct 2020
INFO    2020-10-05 02:24:33,794 [TestNG-test=Test9-1] com.cpcommunity.PageObjects.BasePage  - Clicking on : search btn
INFO    2020-10-05 02:24:39,429 [TestNG-test=Test9-4] com.cpcommunity.PageObjects.BasePage  - waiting for :Proxy element for: AjaxElementLocator 'By.xpath: //img[@height='16']' for :18 seconds
INFO    2020-10-05 02:24:39,937 [TestNG-test=Test9-1] com.cpcommunity.PageObjects.BasePage  - waiting for :[[ChromeDriver: chrome on XP (841a691f2a4b20fc221880b1873a6c4d)] -> xpath: //a[@tooltip='Community - 05 Oct 2020']] for :18 seconds
INFO    2020-10-05 02:24:39,949 [TestNG-test=Test9-1] com.cpcommunity.PageObjects.BasePage  - [[ChromeDriver: chrome on XP (841a691f2a4b20fc221880b1873a6c4d)] -> xpath: //a[@tooltip='Community - 05 Oct 2020']]is displayed
INFO    2020-10-05 02:24:41,186 [TestNG-test=Test9-3] com.cpcommunity.PageObjects.BasePage  - Typing in : email entered the value as : andrew74444@gmail.com
INFO    2020-10-05 02:24:41,497 [TestNG-test=Test9-3] com.cpcommunity.PageObjects.BasePage  - Clicking[[ChromeDriver: chrome on XP (b2e6335ae21c062d3415f92c1da3169a)] -> xpath: //*[@id='payBtn']]
INFO    2020-10-05 02:24:42,231 [TestNG-test=Test9-1] com.cpcommunity.PageObjects.BasePage  - Clicking on : Manage
INFO    2020-10-05 02:24:44,601 [TestNG-test=Test9-1] com.cpcommunity.PageObjects.BasePage  - waiting for :[[ChromeDriver: chrome on XP (841a691f2a4b20fc221880b1873a6c4d)] -> xpath: //h2[contains(text(),'Dashboard')]] for :18 seconds
INFO    2020-10-05 02:24:44,629 [TestNG-test=Test9-1] com.cpcommunity.PageObjects.BasePage  - [[ChromeDriver: chrome on XP (841a691f2a4b20fc221880b1873a6c4d)] -> xpath: //h2[contains(text(),'Dashboard')]]is displayed
INFO    2020-10-05 02:24:50,916 [TestNG-test=Test9-1] com.cpcommunity.PageObjects.BasePage  - scrolling up vertically...
INFO    2020-10-05 02:24:55,923 [TestNG-test=Test9-1] com.cpcommunity.PageObjects.BasePage  - Clicking on : Events
INFO    2020-10-05 02:24:58,515 [TestNG-test=Test9-5] com.cpcommunity.PageObjects.BasePage  - ClickedProxy element for: AjaxElementLocator 'By.xpath: //*[@class='fa fa-arrow-left'] | //*[@class='fa fa-tv']'
INFO    2020-10-05 02:24:58,516 [TestNG-test=Test9-5] com.cpcommunity.PageObjects.BasePage  - scrolling up vertically...
INFO    2020-10-05 02:25:00,498 [TestNG-test=Test9-1] com.cpcommunity.PageObjects.BasePage  - scrolling up vertically...
INFO    2020-10-05 02:25:03,665 [TestNG-test=Test9-5] com.cpcommunity.PageObjects.BasePage  - scrolling up vertically...
Date Format with dd MMMM yyyy : 05 Oct 2020
INFO    2020-10-05 02:25:05,516 [TestNG-test=Test9-1] com.cpcommunity.PageObjects.BasePage  - Typing in : Event Name Search entered the value as : Paid event - 05 Oct 2020
INFO    2020-10-05 02:25:05,747 [TestNG-test=Test9-1] com.cpcommunity.PageObjects.BasePage  - Selecting the +Published+ value as : Published
INFO    2020-10-05 02:25:05,873 [TestNG-test=Test9-1] com.cpcommunity.PageObjects.BasePage  - Clicking on : button Search
INFO    2020-10-05 02:25:09,310 [TestNG-test=Test9-5] com.cpcommunity.PageObjects.BasePage  - waiting for :[[ChromeDriver: chrome on XP (eefe06ec0046ac4bcaef0070f08b608b)] -> xpath: //a[contains(text(),'Logout')]] for :18 seconds
INFO    2020-10-05 02:25:09,342 [TestNG-test=Test9-5] com.cpcommunity.PageObjects.BasePage  - [[ChromeDriver: chrome on XP (eefe06ec0046ac4bcaef0070f08b608b)] -> xpath: //a[contains(text(),'Logout')]]is displayed
INFO    2020-10-05 02:25:11,990 [TestNG-test=Test9-1] com.cpcommunity.PageObjects.BasePage  - Clicking on : firstEventRowCheckBox
INFO    2020-10-05 02:25:13,102 [TestNG-test=Test9-1] com.cpcommunity.PageObjects.BasePage  - Clicking on : Checkin Event
INFO    2020-10-05 02:25:17,750 [TestNG-test=Test9-1] com.cpcommunity.PageObjects.BasePage  - scrolling up vertically...
INFO    2020-10-05 02:25:17,839 [TestNG-test=Test9-5] com.cpcommunity.PageObjects.BasePage  - scrolling up vertically...
INFO    2020-10-05 02:25:22,758 [TestNG-test=Test9-1] com.cpcommunity.PageObjects.BasePage  - Clicking on : bookTicketsTab
INFO    2020-10-05 02:25:22,896 [TestNG-test=Test9-1] com.cpcommunity.PageObjects.BasePage  - waiting for :[[ChromeDriver: chrome on XP (841a691f2a4b20fc221880b1873a6c4d)] -> xpath: //select] for :18 seconds
INFO    2020-10-05 02:25:22,910 [TestNG-test=Test9-5] com.cpcommunity.PageObjects.BasePage  - waiting for :[[ChromeDriver: chrome on XP (eefe06ec0046ac4bcaef0070f08b608b)] -> xpath: //a[contains(.,'Login')]] for :18 seconds
INFO    2020-10-05 02:25:22,946 [TestNG-test=Test9-5] com.cpcommunity.PageObjects.BasePage  - [[ChromeDriver: chrome on XP (eefe06ec0046ac4bcaef0070f08b608b)] -> xpath: //a[contains(.,'Login')]]is displayed
INFO    2020-10-05 02:25:23,451 [TestNG-test=Test9-1] com.cpcommunity.PageObjects.BasePage  - [[ChromeDriver: chrome on XP (841a691f2a4b20fc221880b1873a6c4d)] -> xpath: //select]is displayed
INFO    2020-10-05 02:25:25,452 [TestNG-test=Test9-1] com.cpcommunity.PageObjects.BasePage  - Selecting the +Selecting Tickets+ value as : 1
INFO    2020-10-05 02:25:25,947 [TestNG-test=Test9-5] com.cpcommunity.PageObjects.BasePage  - Clicking on : LOGIN
ChromeDriver: chrome on XP (eefe06ec0046ac4bcaef0070f08b608b)Login Page
INFO    2020-10-05 02:25:29,753 [TestNG-test=Test9-1] com.cpcommunity.PageObjects.BasePage  - Typing in : Attendee Email ID entered the value as : andrew74444@gmail.com
INFO    2020-10-05 02:25:30,132 [TestNG-test=Test9-5] com.cpcommunity.PageObjects.BasePage  - scrolling up vertically...
INFO    2020-10-05 02:25:32,429 [TestNG-test=Test9-1] com.cpcommunity.PageObjects.BasePage  - Typing in : First Name entered the value as : Andrew
INFO    2020-10-05 02:25:32,646 [TestNG-test=Test9-1] com.cpcommunity.PageObjects.BasePage  - Typing in : Last Name entered the value as : Thomson
INFO    2020-10-05 02:25:32,879 [TestNG-test=Test9-1] com.cpcommunity.PageObjects.BasePage  - Typing in : Company Name entered the value as : PamTen
INFO    2020-10-05 02:25:33,106 [TestNG-test=Test9-1] com.cpcommunity.PageObjects.BasePage  - Taking Screen shot of the element
INFO    2020-10-05 02:25:33,529 [TestNG-test=Test9-1] com.cpcommunity.PageObjects.BasePage  - Taken Screen shot of the element
INFO    2020-10-05 02:25:33,530 [TestNG-test=Test9-1] com.cpcommunity.PageObjects.BasePage  - Clicking on : next
INFO    2020-10-05 02:25:33,661 [TestNG-test=Test9-1] com.cpcommunity.PageObjects.BasePage  - waiting for :[[ChromeDriver: chrome on XP (841a691f2a4b20fc221880b1873a6c4d)] -> xpath: //input[@name='PayerEmailID']] for :18 seconds
INFO    2020-10-05 02:25:33,699 [TestNG-test=Test9-1] com.cpcommunity.PageObjects.BasePage  - [[ChromeDriver: chrome on XP (841a691f2a4b20fc221880b1873a6c4d)] -> xpath: //input[@name='PayerEmailID']]is displayed
INFO    2020-10-05 02:25:35,143 [TestNG-test=Test9-5] com.cpcommunity.PageObjects.BasePage  - Typing in : email address entered the value as : andrew74444@gmail.com
INFO    2020-10-05 02:25:35,459 [TestNG-test=Test9-5] com.cpcommunity.PageObjects.BasePage  - Typing in : password entered the value as : Admin@123
INFO    2020-10-05 02:25:35,607 [TestNG-test=Test9-5] com.cpcommunity.PageObjects.BasePage  - Clicking on : Login
INFO    2020-10-05 02:25:35,791 [TestNG-test=Test9-1] com.cpcommunity.PageObjects.BasePage  - Typing in : Payer Email ID entered the value as : andrew74444@gmail.com
INFO    2020-10-05 02:25:40,456 [TestNG-test=Test9-1] com.cpcommunity.PageObjects.BasePage  - Taking Screen shot of the element
INFO    2020-10-05 02:25:40,882 [TestNG-test=Test9-1] com.cpcommunity.PageObjects.BasePage  - Taken Screen shot of the element
INFO    2020-10-05 02:25:40,916 [TestNG-test=Test9-1] com.cpcommunity.PageObjects.BasePage  - Clicking[[ChromeDriver: chrome on XP (841a691f2a4b20fc221880b1873a6c4d)] -> xpath: //button[contains(text(),'Book Now')]]
INFO    2020-10-05 02:25:41,992 [TestNG-test=Test9-5] com.cpcommunity.PageObjects.BasePage  - scrolling up vertically...
INFO    2020-10-05 02:25:42,960 [TestNG-test=Test9-1] com.cpcommunity.PageObjects.BasePage  - Clicked[[ChromeDriver: chrome on XP (841a691f2a4b20fc221880b1873a6c4d)] -> xpath: //button[contains(text(),'Book Now')]]
INFO    2020-10-05 02:25:42,974 [TestNG-test=Test9-1] com.cpcommunity.PageObjects.BasePage  - waiting for :[[ChromeDriver: chrome on XP (841a691f2a4b20fc221880b1873a6c4d)] -> xpath: //input[@value='2']] for :18 seconds
INFO    2020-10-05 02:25:47,054 [TestNG-test=Test9-5] com.cpcommunity.PageObjects.BasePage  - waiting for :[[ChromeDriver: chrome on XP (eefe06ec0046ac4bcaef0070f08b608b)] -> xpath: //*[@id='mycommunitestab']//a[contains(text(),'VIEW ALL')]] for :18 seconds
INFO    2020-10-05 02:25:47,088 [TestNG-test=Test9-5] com.cpcommunity.PageObjects.BasePage  - [[ChromeDriver: chrome on XP (eefe06ec0046ac4bcaef0070f08b608b)] -> xpath: //*[@id='mycommunitestab']//a[contains(text(),'VIEW ALL')]]is displayed
INFO    2020-10-05 02:25:48,198 [TestNG-test=Test9-1] com.cpcommunity.PageObjects.BasePage  - [[ChromeDriver: chrome on XP (841a691f2a4b20fc221880b1873a6c4d)] -> xpath: //input[@value='2']]is displayed
INFO    2020-10-05 02:25:49,088 [TestNG-test=Test9-5] com.cpcommunity.PageObjects.BasePage  - Clicking on : view All
INFO    2020-10-05 02:25:50,198 [TestNG-test=Test9-1] com.cpcommunity.PageObjects.BasePage  - Clicking on : Selecting AuthorizeNet
INFO    2020-10-05 02:25:50,342 [TestNG-test=Test9-1] com.cpcommunity.PageObjects.BasePage  - waiting for :[[ChromeDriver: chrome on XP (841a691f2a4b20fc221880b1873a6c4d)] -> xpath: //*[@id='Authorizeform']//button[contains(.,'Proceed')]] for :18 seconds
INFO    2020-10-05 02:25:50,376 [TestNG-test=Test9-1] com.cpcommunity.PageObjects.BasePage  - [[ChromeDriver: chrome on XP (841a691f2a4b20fc221880b1873a6c4d)] -> xpath: //*[@id='Authorizeform']//button[contains(.,'Proceed')]]is displayed
INFO    2020-10-05 02:25:52,281 [TestNG-test=Test9-3] com.cpcommunity.PageObjects.BasePage  - ClickedProxy element for: AjaxElementLocator 'By.xpath: //*[@id='payBtn']'
INFO    2020-10-05 02:25:52,377 [TestNG-test=Test9-1] com.cpcommunity.PageObjects.BasePage  - Clicking on : Proceed
INFO    2020-10-05 02:25:53,640 [TestNG-test=Test9-5] com.cpcommunity.PageObjects.BasePage  - scrolling up vertically...
INFO    2020-10-05 02:25:57,889 [TestNG-test=Test9-1] com.cpcommunity.PageObjects.BasePage  - scrolling up vertically...
Date Format with dd MMMM yyyy : 05 Oct 2020
INFO    2020-10-05 02:25:58,703 [TestNG-test=Test9-5] com.cpcommunity.PageObjects.BasePage  - waiting for :[[ChromeDriver: chrome on XP (eefe06ec0046ac4bcaef0070f08b608b)] -> xpath: //input[@placeholder='Search by Community Name']] for :18 seconds
INFO    2020-10-05 02:25:58,729 [TestNG-test=Test9-5] com.cpcommunity.PageObjects.BasePage  - [[ChromeDriver: chrome on XP (eefe06ec0046ac4bcaef0070f08b608b)] -> xpath: //input[@placeholder='Search by Community Name']]is displayed
INFO    2020-10-05 02:26:01,024 [TestNG-test=Test9-5] com.cpcommunity.PageObjects.BasePage  - Typing in : Search by Community entered the value as : Community - 05 Oct 2020
INFO    2020-10-05 02:26:01,239 [TestNG-test=Test9-5] com.cpcommunity.PageObjects.BasePage  - Clicking on : search btn
ChromeDriver: chrome on XP (b2e6335ae21c062d3415f92c1da3169a)Payment Receipt
INFO    2020-10-05 02:26:02,897 [TestNG-test=Test9-1] com.cpcommunity.PageObjects.BasePage  - Typing in : card Num entered the value as : 4242424242424242
INFO    2020-10-05 02:26:03,193 [TestNG-test=Test9-1] com.cpcommunity.PageObjects.BasePage  - Typing in : Expiry Date entered the value as : 0223
INFO    2020-10-05 02:26:03,329 [TestNG-test=Test9-1] com.cpcommunity.PageObjects.BasePage  - Typing in : CVV entered the value as : 024
4222 2222 2
INFO    2020-10-05 02:26:05,230 [TestNG-test=Test9-3] com.cpcommunity.PageObjects.BasePage  - scrolling up vertically...
INFO    2020-10-05 02:26:07,341 [TestNG-test=Test9-5] com.cpcommunity.PageObjects.BasePage  - waiting for :[[ChromeDriver: chrome on XP (eefe06ec0046ac4bcaef0070f08b608b)] -> xpath: //a[@tooltip='Community - 05 Oct 2020']] for :18 seconds
INFO    2020-10-05 02:26:07,354 [TestNG-test=Test9-5] com.cpcommunity.PageObjects.BasePage  - [[ChromeDriver: chrome on XP (eefe06ec0046ac4bcaef0070f08b608b)] -> xpath: //a[@tooltip='Community - 05 Oct 2020']]is displayed
INFO    2020-10-05 02:26:09,628 [TestNG-test=Test9-5] com.cpcommunity.PageObjects.BasePage  - Clicking on : Manage
INFO    2020-10-05 02:26:10,271 [TestNG-test=Test9-3] com.cpcommunity.PageObjects.BasePage  - waiting for :[[ChromeDriver: chrome on XP (b2e6335ae21c062d3415f92c1da3169a)] -> xpath: //*[contains(text(),'Your advertisement will be sent to the Community Admin for review')]] for :18 seconds
INFO    2020-10-05 02:26:10,301 [TestNG-test=Test9-3] com.cpcommunity.PageObjects.BasePage  - [[ChromeDriver: chrome on XP (b2e6335ae21c062d3415f92c1da3169a)] -> xpath: //*[contains(text(),'Your advertisement will be sent to the Community Admin for review')]]is displayed
INFO    2020-10-05 02:26:11,202 [TestNG-test=Test9-5] com.cpcommunity.PageObjects.BasePage  - waiting for :[[ChromeDriver: chrome on XP (eefe06ec0046ac4bcaef0070f08b608b)] -> xpath: //h2[contains(text(),'Dashboard')]] for :18 seconds
INFO    2020-10-05 02:26:11,255 [TestNG-test=Test9-5] com.cpcommunity.PageObjects.BasePage  - [[ChromeDriver: chrome on XP (eefe06ec0046ac4bcaef0070f08b608b)] -> xpath: //h2[contains(text(),'Dashboard')]]is displayed
INFO    2020-10-05 02:26:12,653 [TestNG-test=Test9-3] com.cpcommunity.PageObjects.BasePage  - Clicking[[ChromeDriver: chrome on XP (b2e6335ae21c062d3415f92c1da3169a)] -> xpath: //*[@class='fa fa-arrow-left'] | //*[@class='fa fa-tv']]
INFO    2020-10-05 02:26:17,560 [TestNG-test=Test9-5] com.cpcommunity.PageObjects.BasePage  - scrolling up vertically...
INFO    2020-10-05 02:26:22,205 [TestNG-test=Test9-1] com.cpcommunity.PageObjects.BasePage  - Typing in : email entered the value as : andrew74444@gmail.com
INFO    2020-10-05 02:26:22,511 [TestNG-test=Test9-1] com.cpcommunity.PageObjects.BasePage  - Clicking[[ChromeDriver: chrome on XP (841a691f2a4b20fc221880b1873a6c4d)] -> xpath: //*[@id='payBtn']]
INFO    2020-10-05 02:26:22,568 [TestNG-test=Test9-5] com.cpcommunity.PageObjects.BasePage  - Clicking on : advertisements
INFO    2020-10-05 02:26:22,693 [TestNG-test=Test9-5] com.cpcommunity.PageObjects.BasePage  - waiting for :[[ChromeDriver: chrome on XP (eefe06ec0046ac4bcaef0070f08b608b)] -> xpath: //*[contains(text(),'Manage Member Advertisements')]] for :18 seconds
INFO    2020-10-05 02:26:23,285 [TestNG-test=Test9-5] com.cpcommunity.PageObjects.BasePage  - [[ChromeDriver: chrome on XP (eefe06ec0046ac4bcaef0070f08b608b)] -> xpath: //*[contains(text(),'Manage Member Advertisements')]]is displayed
INFO    2020-10-05 02:26:25,286 [TestNG-test=Test9-5] com.cpcommunity.PageObjects.BasePage  - Clicking on : Manage Member Advertisements
ChromeDriver: chrome on XP (eefe06ec0046ac4bcaef0070f08b608b)Home Page
INFO    2020-10-05 02:26:29,617 [TestNG-test=Test9-5] com.cpcommunity.PageObjects.BasePage  - scrolling up vertically...
INFO    2020-10-05 02:26:34,646 [TestNG-test=Test9-5] com.cpcommunity.PageObjects.BasePage  - waiting for :[[ChromeDriver: chrome on XP (eefe06ec0046ac4bcaef0070f08b608b)] -> xpath: //*[@id='PlanNameSearch']] for :18 seconds
INFO    2020-10-05 02:26:34,676 [TestNG-test=Test9-5] com.cpcommunity.PageObjects.BasePage  - [[ChromeDriver: chrome on XP (eefe06ec0046ac4bcaef0070f08b608b)] -> xpath: //*[@id='PlanNameSearch']]is displayed
INFO    2020-10-05 02:26:36,676 [TestNG-test=Test9-5] com.cpcommunity.PageObjects.BasePage  - Typing in : Plan Name Search entered the value as : Advertisment 3
INFO    2020-10-05 02:26:36,820 [TestNG-test=Test9-5] com.cpcommunity.PageObjects.BasePage  - Selecting the +planStatus+ value as : WAITING FOR APPROVAL
INFO    2020-10-05 02:26:36,944 [TestNG-test=Test9-5] com.cpcommunity.PageObjects.BasePage  - Clicking on : Search
]]></system-out>
    <system-err><![CDATA[Starting ChromeDriver 2.38.552522 (437e6fbedfa8762dec75e2c5b3ddb86763dc9dcb) on port 28229
Only local connections are allowed.
Oct 05, 2020 2:23:40 AM org.openqa.selenium.remote.ProtocolHandshake createSession
INFO: Detected dialect: OSS
Oct 05, 2020 2:23:45 AM org.openqa.selenium.remote.Augmenter extractRemoteWebDriver
WARNING: Augmenter should be applied to the instances of @Augmentable classes or previously augmented instances only (instance class was: class org.openqa.selenium.chrome.ChromeDriver)
Oct 05, 2020 2:23:45 AM org.openqa.selenium.remote.Augmenter extractRemoteWebDriver
WARNING: Augmenter should be applied to the instances of @Augmentable classes or previously augmented instances only (instance class was: class org.openqa.selenium.chrome.ChromeDriver)
Oct 05, 2020 2:23:47 AM org.openqa.selenium.remote.Augmenter extractRemoteWebDriver
WARNING: Augmenter should be applied to the instances of @Augmentable classes or previously augmented instances only (instance class was: class org.openqa.selenium.chrome.ChromeDriver)
Oct 05, 2020 2:23:47 AM org.openqa.selenium.remote.Augmenter extractRemoteWebDriver
WARNING: Augmenter should be applied to the instances of @Augmentable classes or previously augmented instances only (instance class was: class org.openqa.selenium.chrome.ChromeDriver)
Oct 05, 2020 2:23:49 AM org.openqa.selenium.remote.Augmenter extractRemoteWebDriver
WARNING: Augmenter should be applied to the instances of @Augmentable classes or previously augmented instances only (instance class was: class org.openqa.selenium.chrome.ChromeDriver)
Oct 05, 2020 2:24:00 AM org.openqa.selenium.remote.Augmenter extractRemoteWebDriver
WARNING: Augmenter should be applied to the instances of @Augmentable classes or previously augmented instances only (instance class was: class org.openqa.selenium.chrome.ChromeDriver)
Oct 05, 2020 2:24:01 AM org.openqa.selenium.remote.Augmenter extractRemoteWebDriver
WARNING: Augmenter should be applied to the instances of @Augmentable classes or previously augmented instances only (instance class was: class org.openqa.selenium.chrome.ChromeDriver)
Oct 05, 2020 2:24:11 AM org.openqa.selenium.remote.Augmenter extractRemoteWebDriver
WARNING: Augmenter should be applied to the instances of @Augmentable classes or previously augmented instances only (instance class was: class org.openqa.selenium.chrome.ChromeDriver)
Oct 05, 2020 2:24:12 AM org.openqa.selenium.remote.Augmenter extractRemoteWebDriver
WARNING: Augmenter should be applied to the instances of @Augmentable classes or previously augmented instances only (instance class was: class org.openqa.selenium.chrome.ChromeDriver)
Oct 05, 2020 2:24:13 AM org.openqa.selenium.remote.Augmenter extractRemoteWebDriver
WARNING: Augmenter should be applied to the instances of @Augmentable classes or previously augmented instances only (instance class was: class org.openqa.selenium.chrome.ChromeDriver)
Oct 05, 2020 2:24:15 AM org.openqa.selenium.remote.Augmenter extractRemoteWebDriver
WARNING: Augmenter should be applied to the instances of @Augmentable classes or previously augmented instances only (instance class was: class org.openqa.selenium.chrome.ChromeDriver)
Oct 05, 2020 2:24:24 AM org.openqa.selenium.remote.Augmenter extractRemoteWebDriver
WARNING: Augmenter should be applied to the instances of @Augmentable classes or previously augmented instances only (instance class was: class org.openqa.selenium.chrome.ChromeDriver)
Oct 05, 2020 2:24:25 AM org.openqa.selenium.remote.Augmenter extractRemoteWebDriver
WARNING: Augmenter should be applied to the instances of @Augmentable classes or previously augmented instances only (instance class was: class org.openqa.selenium.chrome.ChromeDriver)
Oct 05, 2020 2:24:47 AM org.openqa.selenium.remote.Augmenter extractRemoteWebDriver
WARNING: Augmenter should be applied to the instances of @Augmentable classes or previously augmented instances only (instance class was: class org.openqa.selenium.chrome.ChromeDriver)
Oct 05, 2020 2:24:49 AM org.openqa.selenium.remote.Augmenter extractRemoteWebDriver
WARNING: Augmenter should be applied to the instances of @Augmentable classes or previously augmented instances only (instance class was: class org.openqa.selenium.chrome.ChromeDriver)
Oct 05, 2020 2:24:50 AM org.openqa.selenium.remote.Augmenter extractRemoteWebDriver
WARNING: Augmenter should be applied to the instances of @Augmentable classes or previously augmented instances only (instance class was: class org.openqa.selenium.chrome.ChromeDriver)
Oct 05, 2020 2:24:58 AM org.openqa.selenium.remote.Augmenter extractRemoteWebDriver
WARNING: Augmenter should be applied to the instances of @Augmentable classes or previously augmented instances only (instance class was: class org.openqa.selenium.chrome.ChromeDriver)
Oct 05, 2020 2:24:59 AM org.openqa.selenium.remote.Augmenter extractRemoteWebDriver
WARNING: Augmenter should be applied to the instances of @Augmentable classes or previously augmented instances only (instance class was: class org.openqa.selenium.chrome.ChromeDriver)
Oct 05, 2020 2:24:59 AM org.openqa.selenium.remote.Augmenter extractRemoteWebDriver
WARNING: Augmenter should be applied to the instances of @Augmentable classes or previously augmented instances only (instance class was: class org.openqa.selenium.chrome.ChromeDriver)
Oct 05, 2020 2:25:01 AM org.openqa.selenium.remote.Augmenter extractRemoteWebDriver
WARNING: Augmenter should be applied to the instances of @Augmentable classes or previously augmented instances only (instance class was: class org.openqa.selenium.chrome.ChromeDriver)
Oct 05, 2020 2:25:02 AM org.openqa.selenium.remote.Augmenter extractRemoteWebDriver
WARNING: Augmenter should be applied to the instances of @Augmentable classes or previously augmented instances only (instance class was: class org.openqa.selenium.chrome.ChromeDriver)
Oct 05, 2020 2:25:13 AM org.openqa.selenium.remote.Augmenter extractRemoteWebDriver
WARNING: Augmenter should be applied to the instances of @Augmentable classes or previously augmented instances only (instance class was: class org.openqa.selenium.chrome.ChromeDriver)
Oct 05, 2020 2:25:15 AM org.openqa.selenium.remote.Augmenter extractRemoteWebDriver
WARNING: Augmenter should be applied to the instances of @Augmentable classes or previously augmented instances only (instance class was: class org.openqa.selenium.chrome.ChromeDriver)
Oct 05, 2020 2:25:15 AM org.openqa.selenium.remote.Augmenter extractRemoteWebDriver
WARNING: Augmenter should be applied to the instances of @Augmentable classes or previously augmented instances only (instance class was: class org.openqa.selenium.chrome.ChromeDriver)
Oct 05, 2020 2:25:17 AM org.openqa.selenium.remote.Augmenter extractRemoteWebDriver
WARNING: Augmenter should be applied to the instances of @Augmentable classes or previously augmented instances only (instance class was: class org.openqa.selenium.chrome.ChromeDriver)
Oct 05, 2020 2:25:17 AM org.openqa.selenium.remote.Augmenter extractRemoteWebDriver
WARNING: Augmenter should be applied to the instances of @Augmentable classes or previously augmented instances only (instance class was: class org.openqa.selenium.chrome.ChromeDriver)
Oct 05, 2020 2:25:28 AM org.openqa.selenium.remote.Augmenter extractRemoteWebDriver
WARNING: Augmenter should be applied to the instances of @Augmentable classes or previously augmented instances only (instance class was: class org.openqa.selenium.chrome.ChromeDriver)
Oct 05, 2020 2:25:29 AM org.openqa.selenium.remote.Augmenter extractRemoteWebDriver
WARNING: Augmenter should be applied to the instances of @Augmentable classes or previously augmented instances only (instance class was: class org.openqa.selenium.chrome.ChromeDriver)
Oct 05, 2020 2:25:38 AM org.openqa.selenium.remote.Augmenter extractRemoteWebDriver
WARNING: Augmenter should be applied to the instances of @Augmentable classes or previously augmented instances only (instance class was: class org.openqa.selenium.chrome.ChromeDriver)
Oct 05, 2020 2:25:39 AM org.openqa.selenium.remote.Augmenter extractRemoteWebDriver
WARNING: Augmenter should be applied to the instances of @Augmentable classes or previously augmented instances only (instance class was: class org.openqa.selenium.chrome.ChromeDriver)
Oct 05, 2020 2:25:41 AM org.openqa.selenium.remote.Augmenter extractRemoteWebDriver
WARNING: Augmenter should be applied to the instances of @Augmentable classes or previously augmented instances only (instance class was: class org.openqa.selenium.chrome.ChromeDriver)
Oct 05, 2020 2:25:51 AM org.openqa.selenium.remote.Augmenter extractRemoteWebDriver
WARNING: Augmenter should be applied to the instances of @Augmentable classes or previously augmented instances only (instance class was: class org.openqa.selenium.chrome.ChromeDriver)
Oct 05, 2020 2:25:53 AM org.openqa.selenium.remote.Augmenter extractRemoteWebDriver
WARNING: Augmenter should be applied to the instances of @Augmentable classes or previously augmented instances only (instance class was: class org.openqa.selenium.chrome.ChromeDriver)
Oct 05, 2020 2:25:56 AM org.openqa.selenium.remote.Augmenter extractRemoteWebDriver
WARNING: Augmenter should be applied to the instances of @Augmentable classes or previously augmented instances only (instance class was: class org.openqa.selenium.chrome.ChromeDriver)
Oct 05, 2020 2:25:57 AM org.openqa.selenium.remote.Augmenter extractRemoteWebDriver
WARNING: Augmenter should be applied to the instances of @Augmentable classes or previously augmented instances only (instance class was: class org.openqa.selenium.chrome.ChromeDriver)
Oct 05, 2020 2:26:03 AM org.openqa.selenium.remote.Augmenter extractRemoteWebDriver
WARNING: Augmenter should be applied to the instances of @Augmentable classes or previously augmented instances only (instance class was: class org.openqa.selenium.chrome.ChromeDriver)
Oct 05, 2020 2:26:04 AM org.openqa.selenium.remote.Augmenter extractRemoteWebDriver
WARNING: Augmenter should be applied to the instances of @Augmentable classes or previously augmented instances only (instance class was: class org.openqa.selenium.chrome.ChromeDriver)
Oct 05, 2020 2:26:14 AM org.openqa.selenium.remote.Augmenter extractRemoteWebDriver
WARNING: Augmenter should be applied to the instances of @Augmentable classes or previously augmented instances only (instance class was: class org.openqa.selenium.chrome.ChromeDriver)
Oct 05, 2020 2:26:15 AM org.openqa.selenium.remote.Augmenter extractRemoteWebDriver
WARNING: Augmenter should be applied to the instances of @Augmentable classes or previously augmented instances only (instance class was: class org.openqa.selenium.chrome.ChromeDriver)
Oct 05, 2020 2:26:17 AM org.openqa.selenium.remote.Augmenter extractRemoteWebDriver
WARNING: Augmenter should be applied to the instances of @Augmentable classes or previously augmented instances only (instance class was: class org.openqa.selenium.chrome.ChromeDriver)
Oct 05, 2020 2:26:27 AM org.openqa.selenium.remote.Augmenter extractRemoteWebDriver
WARNING: Augmenter should be applied to the instances of @Augmentable classes or previously augmented instances only (instance class was: class org.openqa.selenium.chrome.ChromeDriver)
Oct 05, 2020 2:26:29 AM org.openqa.selenium.remote.Augmenter extractRemoteWebDriver
WARNING: Augmenter should be applied to the instances of @Augmentable classes or previously augmented instances only (instance class was: class org.openqa.selenium.chrome.ChromeDriver)
]]></system-err>
  </testcase>
  <testcase name="TC150" classname="com.cpcommunity.testScripts.Event_Registrations.TC150_Paid_Event_Registration_With_Authorize_From_Event_CheckIn" time="0">
    <skipped/>
    <system-out><![CDATA[INFO    2020-10-05 02:22:04,101 [TestNG-test=Test9-5] com.cpcommunity.PageObjects.BasePage  - Typing in : card Num entered the value as : 4242424242424242
INFO    2020-10-05 02:22:04,319 [TestNG-test=Test9-4] com.cpcommunity.testScripts.community.BaseTest  - Test Execution Completed !!!
INFO    2020-10-05 02:22:04,402 [TestNG-test=Test9-5] com.cpcommunity.PageObjects.BasePage  - Typing in : Expiry Date entered the value as : 0223
Total rows are : 1167
Test case starts from row num: 194
Total rows of data are : 1
Total cols are : 9
@TestCase : TC105
INFO    2020-10-05 02:22:04,467 [TestNG-test=Test9-4] com.cpcommunity.testScripts.community.BaseTest  - Inside Login Test
Launching : chrome
INFO    2020-10-05 02:22:04,573 [TestNG-test=Test9-5] com.cpcommunity.PageObjects.BasePage  - Typing in : CVV entered the value as : 024
4242 2222 22
ChromeDriver: chrome on XP (f0a69c099e6a6dbfc254093a447910a8)
f0a69c099e6a6dbfc254093a447910a8
INFO    2020-10-05 02:22:07,780 [TestNG-test=Test9-4] com.cpcommunity.testScripts.community.BaseTest  - Driver Initialized !!!
INFO    2020-10-05 02:22:11,545 [TestNG-test=Test9-3] com.cpcommunity.PageObjects.BasePage  - ClickedProxy element for: AjaxElementLocator 'By.xpath: //strong[contains(text(),'Advertisements')]'
Page Opened
INFO    2020-10-05 02:22:14,614 [TestNG-test=Test9-3] com.cpcommunity.PageObjects.BasePage  - scrolling up vertically...
INFO    2020-10-05 02:22:17,014 [TestNG-test=Test9-4] com.cpcommunity.PageObjects.BasePage  - scrolling up vertically...
INFO    2020-10-05 02:22:19,747 [TestNG-test=Test9-3] com.cpcommunity.PageObjects.BasePage  - Clicking on : Select
INFO    2020-10-05 02:22:19,880 [TestNG-test=Test9-3] com.cpcommunity.PageObjects.BasePage  - waiting for :[[ChromeDriver: chrome on XP (b2e6335ae21c062d3415f92c1da3169a)] -> xpath: //*[contains(text(),'Next')]] for :18 seconds
INFO    2020-10-05 02:22:19,918 [TestNG-test=Test9-3] com.cpcommunity.PageObjects.BasePage  - [[ChromeDriver: chrome on XP (b2e6335ae21c062d3415f92c1da3169a)] -> xpath: //*[contains(text(),'Next')]]is displayed
INFO    2020-10-05 02:22:21,918 [TestNG-test=Test9-3] com.cpcommunity.PageObjects.BasePage  - Clicking on : next
INFO    2020-10-05 02:22:22,070 [TestNG-test=Test9-3] com.cpcommunity.PageObjects.BasePage  - waiting for :[[ChromeDriver: chrome on XP (b2e6335ae21c062d3415f92c1da3169a)] -> xpath: //*[@name='AdName']] for :18 seconds
INFO    2020-10-05 02:22:22,088 [TestNG-test=Test9-4] com.cpcommunity.PageObjects.BasePage  - waiting for :[[ChromeDriver: chrome on XP (f0a69c099e6a6dbfc254093a447910a8)] -> xpath: //a[contains(.,'Login')]] for :18 seconds
INFO    2020-10-05 02:22:22,118 [TestNG-test=Test9-3] com.cpcommunity.PageObjects.BasePage  - [[ChromeDriver: chrome on XP (b2e6335ae21c062d3415f92c1da3169a)] -> xpath: //*[@name='AdName']]is displayed
INFO    2020-10-05 02:22:22,130 [TestNG-test=Test9-4] com.cpcommunity.PageObjects.BasePage  - [[ChromeDriver: chrome on XP (f0a69c099e6a6dbfc254093a447910a8)] -> xpath: //a[contains(.,'Login')]]is displayed
INFO    2020-10-05 02:22:23,563 [TestNG-test=Test9-5] com.cpcommunity.PageObjects.BasePage  - Typing in : email entered the value as : andrew74444@gmail.com
INFO    2020-10-05 02:22:23,872 [TestNG-test=Test9-5] com.cpcommunity.PageObjects.BasePage  - Clicking[[ChromeDriver: chrome on XP (eefe06ec0046ac4bcaef0070f08b608b)] -> xpath: //*[@id='payBtn']]
INFO    2020-10-05 02:22:24,118 [TestNG-test=Test9-3] com.cpcommunity.PageObjects.BasePage  - Typing in : adName entered the value as : Advertisment 4
INFO    2020-10-05 02:22:24,427 [TestNG-test=Test9-3] com.cpcommunity.PageObjects.BasePage  - Clicking on : Ad Start Date
INFO    2020-10-05 02:22:24,536 [TestNG-test=Test9-3] com.cpcommunity.PageObjects.BasePage  - waiting for :[[ChromeDriver: chrome on XP (b2e6335ae21c062d3415f92c1da3169a)] -> xpath: (//thead/tr/th[2][@class='switch'])[3]] for :18 seconds
INFO    2020-10-05 02:22:24,564 [TestNG-test=Test9-3] com.cpcommunity.PageObjects.BasePage  - [[ChromeDriver: chrome on XP (b2e6335ae21c062d3415f92c1da3169a)] -> xpath: (//thead/tr/th[2][@class='switch'])[3]]is displayed
INFO    2020-10-05 02:22:25,132 [TestNG-test=Test9-4] com.cpcommunity.PageObjects.BasePage  - Clicking on : LOGIN
ChromeDriver: chrome on XP (f0a69c099e6a6dbfc254093a447910a8)Login Page
INFO    2020-10-05 02:22:26,564 [TestNG-test=Test9-3] com.cpcommunity.PageObjects.BasePage  - Clicking on : Selecting Date
INFO    2020-10-05 02:22:26,698 [TestNG-test=Test9-3] com.cpcommunity.PageObjects.BasePage  - Typing in : Ad Image entered the value as : D:\workspace\bizligo-automation\src\test\resources\testImages\ChromeImage7.jpg
INFO    2020-10-05 02:22:26,839 [TestNG-test=Test9-3] com.cpcommunity.PageObjects.BasePage  - Typing in : Link Url entered the value as : https://pamten.com
INFO    2020-10-05 02:22:27,197 [TestNG-test=Test9-3] com.cpcommunity.PageObjects.BasePage  - Typing in : Additional Instructions entered the value as : call you for the date extension as discussed
INFO    2020-10-05 02:22:28,114 [TestNG-test=Test9-3] com.cpcommunity.PageObjects.BasePage  - Clicking on : Proceed to Payment
INFO    2020-10-05 02:22:29,510 [TestNG-test=Test9-4] com.cpcommunity.PageObjects.BasePage  - scrolling up vertically...
INFO    2020-10-05 02:22:34,518 [TestNG-test=Test9-4] com.cpcommunity.PageObjects.BasePage  - Typing in : email address entered the value as : andrew74444@gmail.com
INFO    2020-10-05 02:22:34,920 [TestNG-test=Test9-4] com.cpcommunity.PageObjects.BasePage  - Typing in : password entered the value as : Admin@123
INFO    2020-10-05 02:22:35,123 [TestNG-test=Test9-4] com.cpcommunity.PageObjects.BasePage  - Clicking on : Login
INFO    2020-10-05 02:22:36,314 [TestNG-test=Test9-3] com.cpcommunity.PageObjects.BasePage  - scrolling up vertically...
INFO    2020-10-05 02:22:41,849 [TestNG-test=Test9-4] com.cpcommunity.PageObjects.BasePage  - scrolling up vertically...
INFO    2020-10-05 02:22:46,903 [TestNG-test=Test9-4] com.cpcommunity.PageObjects.BasePage  - waiting for :[[ChromeDriver: chrome on XP (f0a69c099e6a6dbfc254093a447910a8)] -> xpath: //*[@id='mycommunitestab']//a[contains(text(),'VIEW ALL')]] for :18 seconds
INFO    2020-10-05 02:22:46,937 [TestNG-test=Test9-4] com.cpcommunity.PageObjects.BasePage  - [[ChromeDriver: chrome on XP (f0a69c099e6a6dbfc254093a447910a8)] -> xpath: //*[@id='mycommunitestab']//a[contains(text(),'VIEW ALL')]]is displayed
INFO    2020-10-05 02:22:48,937 [TestNG-test=Test9-4] com.cpcommunity.PageObjects.BasePage  - Clicking on : view All
INFO    2020-10-05 02:22:51,585 [TestNG-test=Test9-3] com.cpcommunity.PageObjects.BasePage  - waiting for :[[ChromeDriver: chrome on XP (b2e6335ae21c062d3415f92c1da3169a)] -> xpath: (//*[@class='gateway'])//*[@value='2']] for :18 seconds
INFO    2020-10-05 02:22:51,647 [TestNG-test=Test9-3] com.cpcommunity.PageObjects.BasePage  - [[ChromeDriver: chrome on XP (b2e6335ae21c062d3415f92c1da3169a)] -> xpath: (//*[@class='gateway'])//*[@value='2']]is displayed
INFO    2020-10-05 02:22:53,378 [TestNG-test=Test9-4] com.cpcommunity.PageObjects.BasePage  - scrolling up vertically...
INFO    2020-10-05 02:22:53,648 [TestNG-test=Test9-3] com.cpcommunity.PageObjects.BasePage  - Clicking on : Selecting authorize button
INFO    2020-10-05 02:22:53,768 [TestNG-test=Test9-3] com.cpcommunity.PageObjects.BasePage  - Clicking[[ChromeDriver: chrome on XP (b2e6335ae21c062d3415f92c1da3169a)] -> xpath: //*[@type='submit']//*[@class='fa fa-credit-card']]
Date Format with dd MMMM yyyy : 05 Oct 2020
INFO    2020-10-05 02:22:58,434 [TestNG-test=Test9-4] com.cpcommunity.PageObjects.BasePage  - waiting for :[[ChromeDriver: chrome on XP (f0a69c099e6a6dbfc254093a447910a8)] -> xpath: //input[@placeholder='Search by Community Name']] for :18 seconds
INFO    2020-10-05 02:22:58,465 [TestNG-test=Test9-4] com.cpcommunity.PageObjects.BasePage  - [[ChromeDriver: chrome on XP (f0a69c099e6a6dbfc254093a447910a8)] -> xpath: //input[@placeholder='Search by Community Name']]is displayed
INFO    2020-10-05 02:23:00,769 [TestNG-test=Test9-4] com.cpcommunity.PageObjects.BasePage  - Typing in : Search by Community entered the value as : Community - 05 Oct 2020
INFO    2020-10-05 02:23:01,037 [TestNG-test=Test9-4] com.cpcommunity.PageObjects.BasePage  - Clicking on : search btn
INFO    2020-10-05 02:23:07,195 [TestNG-test=Test9-4] com.cpcommunity.PageObjects.BasePage  - waiting for :[[ChromeDriver: chrome on XP (f0a69c099e6a6dbfc254093a447910a8)] -> xpath: //a[@tooltip='Community - 05 Oct 2020']] for :18 seconds
INFO    2020-10-05 02:23:07,206 [TestNG-test=Test9-4] com.cpcommunity.PageObjects.BasePage  - [[ChromeDriver: chrome on XP (f0a69c099e6a6dbfc254093a447910a8)] -> xpath: //a[@tooltip='Community - 05 Oct 2020']]is displayed
INFO    2020-10-05 02:23:09,497 [TestNG-test=Test9-4] com.cpcommunity.PageObjects.BasePage  - Clicking on : CommunityName
INFO    2020-10-05 02:23:10,962 [TestNG-test=Test9-4] com.cpcommunity.PageObjects.BasePage  - scrolling up vertically...
INFO    2020-10-05 02:23:15,691 [TestNG-test=Test9-4] com.cpcommunity.PageObjects.BasePage  - scrolling up vertically...
Date Format with dd MMMM yyyy : 05 Oct 2020
INFO    2020-10-05 02:23:24,736 [TestNG-test=Test9-4] com.cpcommunity.PageObjects.BasePage  - Clicking on : Groups
INFO    2020-10-05 02:23:24,986 [TestNG-test=Test9-4] com.cpcommunity.PageObjects.BasePage  - waiting for :[[ChromeDriver: chrome on XP (f0a69c099e6a6dbfc254093a447910a8)] -> xpath: //input[@placeholder='Search by Groups']] for :18 seconds
INFO    2020-10-05 02:23:25,028 [TestNG-test=Test9-4] com.cpcommunity.PageObjects.BasePage  - [[ChromeDriver: chrome on XP (f0a69c099e6a6dbfc254093a447910a8)] -> xpath: //input[@placeholder='Search by Groups']]is displayed
INFO    2020-10-05 02:23:33,336 [TestNG-test=Test9-4] com.cpcommunity.PageObjects.BasePage  - Typing in : Group Name entered the value as : Private Group 05 Oct 2020
INFO    2020-10-05 02:23:33,581 [TestNG-test=Test9-4] com.cpcommunity.PageObjects.BasePage  - Clicking on : Groups Search Btn
INFO    2020-10-05 02:23:34,624 [TestNG-test=Test9-5] com.cpcommunity.PageObjects.BasePage  - ClickedProxy element for: AjaxElementLocator 'By.xpath: //*[@id='payBtn']'
]]></system-out>
    <system-err><![CDATA[Starting ChromeDriver 2.38.552522 (437e6fbedfa8762dec75e2c5b3ddb86763dc9dcb) on port 11220
Only local connections are allowed.
Oct 05, 2020 2:22:07 AM org.openqa.selenium.remote.ProtocolHandshake createSession
INFO: Detected dialect: OSS
Oct 05, 2020 2:22:12 AM org.openqa.selenium.remote.Augmenter extractRemoteWebDriver
WARNING: Augmenter should be applied to the instances of @Augmentable classes or previously augmented instances only (instance class was: class org.openqa.selenium.chrome.ChromeDriver)
Oct 05, 2020 2:22:13 AM org.openqa.selenium.remote.Augmenter extractRemoteWebDriver
WARNING: Augmenter should be applied to the instances of @Augmentable classes or previously augmented instances only (instance class was: class org.openqa.selenium.chrome.ChromeDriver)
Oct 05, 2020 2:22:14 AM org.openqa.selenium.remote.Augmenter extractRemoteWebDriver
WARNING: Augmenter should be applied to the instances of @Augmentable classes or previously augmented instances only (instance class was: class org.openqa.selenium.chrome.ChromeDriver)
Oct 05, 2020 2:22:14 AM org.openqa.selenium.remote.Augmenter extractRemoteWebDriver
WARNING: Augmenter should be applied to the instances of @Augmentable classes or previously augmented instances only (instance class was: class org.openqa.selenium.chrome.ChromeDriver)
Oct 05, 2020 2:22:16 AM org.openqa.selenium.remote.Augmenter extractRemoteWebDriver
WARNING: Augmenter should be applied to the instances of @Augmentable classes or previously augmented instances only (instance class was: class org.openqa.selenium.chrome.ChromeDriver)
Oct 05, 2020 2:22:27 AM org.openqa.selenium.remote.Augmenter extractRemoteWebDriver
WARNING: Augmenter should be applied to the instances of @Augmentable classes or previously augmented instances only (instance class was: class org.openqa.selenium.chrome.ChromeDriver)
Oct 05, 2020 2:22:29 AM org.openqa.selenium.remote.Augmenter extractRemoteWebDriver
WARNING: Augmenter should be applied to the instances of @Augmentable classes or previously augmented instances only (instance class was: class org.openqa.selenium.chrome.ChromeDriver)
Oct 05, 2020 2:22:34 AM org.openqa.selenium.remote.Augmenter extractRemoteWebDriver
WARNING: Augmenter should be applied to the instances of @Augmentable classes or previously augmented instances only (instance class was: class org.openqa.selenium.chrome.ChromeDriver)
Oct 05, 2020 2:22:35 AM org.openqa.selenium.remote.Augmenter extractRemoteWebDriver
WARNING: Augmenter should be applied to the instances of @Augmentable classes or previously augmented instances only (instance class was: class org.openqa.selenium.chrome.ChromeDriver)
Oct 05, 2020 2:22:38 AM org.openqa.selenium.remote.Augmenter extractRemoteWebDriver
WARNING: Augmenter should be applied to the instances of @Augmentable classes or previously augmented instances only (instance class was: class org.openqa.selenium.chrome.ChromeDriver)
Oct 05, 2020 2:22:39 AM org.openqa.selenium.remote.Augmenter extractRemoteWebDriver
WARNING: Augmenter should be applied to the instances of @Augmentable classes or previously augmented instances only (instance class was: class org.openqa.selenium.chrome.ChromeDriver)
Oct 05, 2020 2:22:41 AM org.openqa.selenium.remote.Augmenter extractRemoteWebDriver
WARNING: Augmenter should be applied to the instances of @Augmentable classes or previously augmented instances only (instance class was: class org.openqa.selenium.chrome.ChromeDriver)
Oct 05, 2020 2:22:51 AM org.openqa.selenium.remote.Augmenter extractRemoteWebDriver
WARNING: Augmenter should be applied to the instances of @Augmentable classes or previously augmented instances only (instance class was: class org.openqa.selenium.chrome.ChromeDriver)
Oct 05, 2020 2:22:52 AM org.openqa.selenium.remote.Augmenter extractRemoteWebDriver
WARNING: Augmenter should be applied to the instances of @Augmentable classes or previously augmented instances only (instance class was: class org.openqa.selenium.chrome.ChromeDriver)
Oct 05, 2020 2:23:13 AM org.openqa.selenium.remote.Augmenter extractRemoteWebDriver
WARNING: Augmenter should be applied to the instances of @Augmentable classes or previously augmented instances only (instance class was: class org.openqa.selenium.chrome.ChromeDriver)
Oct 05, 2020 2:23:14 AM org.openqa.selenium.remote.Augmenter extractRemoteWebDriver
WARNING: Augmenter should be applied to the instances of @Augmentable classes or previously augmented instances only (instance class was: class org.openqa.selenium.chrome.ChromeDriver)
]]></system-err>
  </testcase>
  <testcase name="TC150" classname="com.cpcommunity.testScripts.Event_Registrations.TC150_Paid_Event_Registration_With_Authorize_From_Event_CheckIn" time="367.928">
    <failure message="Expected condition failed: waiting for visibility of Proxy element for: AjaxElementLocator &apos;By.xpath: //*[@class=&apos;panel panel-default&apos;]//*[contains(text(),&apos;Success&apos;)]&apos; (tried for 30 second(s) with 500 milliseconds interval)" type="org.openqa.selenium.TimeoutException">org.openqa.selenium.TimeoutException: Expected condition failed: waiting for visibility of Proxy element for: AjaxElementLocator 'By.xpath: //*[@class='panel panel-default']//*[contains(text(),'Success')]' (tried for 30 second(s) with 500 milliseconds interval)
	at sun.reflect.GeneratedConstructorAccessor77.newInstance(Unknown Source)
	at sun.reflect.DelegatingConstructorAccessorImpl.newInstance(DelegatingConstructorAccessorImpl.java:45)
	at java.lang.reflect.Constructor.newInstance(Constructor.java:423)
	at org.openqa.selenium.remote.ErrorHandler.createThrowable(ErrorHandler.java:214)
	at org.openqa.selenium.remote.ErrorHandler.throwIfResponseFailed(ErrorHandler.java:166)
	at org.openqa.selenium.remote.http.JsonHttpResponseCodec.reconstructValue(JsonHttpResponseCodec.java:40)
	at org.openqa.selenium.remote.http.AbstractHttpResponseCodec.decode(AbstractHttpResponseCodec.java:80)
	at org.openqa.selenium.remote.http.AbstractHttpResponseCodec.decode(AbstractHttpResponseCodec.java:44)
	at org.openqa.selenium.remote.HttpCommandExecutor.execute(HttpCommandExecutor.java:158)
	at org.openqa.selenium.remote.service.DriverCommandExecutor.execute(DriverCommandExecutor.java:83)
	at org.openqa.selenium.remote.RemoteWebDriver.execute(RemoteWebDriver.java:548)
	at org.openqa.selenium.remote.RemoteWebDriver.findElement(RemoteWebDriver.java:322)
	at org.openqa.selenium.remote.RemoteWebDriver.findElementByXPath(RemoteWebDriver.java:424)
	at org.openqa.selenium.By$ByXPath.findElement(By.java:353)
	at org.openqa.selenium.remote.RemoteWebDriver.findElement(RemoteWebDriver.java:314)
	at org.openqa.selenium.support.pagefactory.DefaultElementLocator.findElement(DefaultElementLocator.java:69)
	at org.openqa.selenium.support.pagefactory.AjaxElementLocator.access$001(AjaxElementLocator.java:39)
	at org.openqa.selenium.support.pagefactory.AjaxElementLocator$SlowLoadingElement.isLoaded(AjaxElementLocator.java:194)
	at org.openqa.selenium.support.ui.SlowLoadableComponent.get(SlowLoadableComponent.java:78)
	at org.openqa.selenium.support.pagefactory.AjaxElementLocator.findElement(AjaxElementLocator.java:119)
	at org.openqa.selenium.support.pagefactory.internal.LocatingElementHandler.invoke(LocatingElementHandler.java:38)
	at com.sun.proxy.$Proxy9.isDisplayed(Unknown Source)
	at org.openqa.selenium.support.ui.ExpectedConditions.elementIfVisible(ExpectedConditions.java:315)
	at org.openqa.selenium.support.ui.ExpectedConditions.access$100(ExpectedConditions.java:44)
	at org.openqa.selenium.support.ui.ExpectedConditions$10.apply(ExpectedConditions.java:301)
	at org.openqa.selenium.support.ui.ExpectedConditions$10.apply(ExpectedConditions.java:298)
	at org.openqa.selenium.support.ui.FluentWait.until(FluentWait.java:260)
	at com.cpcommunity.PageObjects.BasePage.waitForPageToLoad(BasePage.java:96)
	at com.cpcommunity.PageObjects.BasePage.openPage(BasePage.java:82)
	at com.cpcommunity.PageObjects.AuthorizeGateway.MakePaymentToEvent(AuthorizeGateway.java:188)
	at com.cpcommunity.testScripts.Event_Registrations.TC150_Paid_Event_Registration_With_Authorize_From_Event_CheckIn.TC150(TC150_Paid_Event_Registration_With_Authorize_From_Event_CheckIn.java:35)
</failure>
    <system-out><![CDATA[INFO    2020-10-05 02:29:01,094 [TestNG-test=Test9-3] com.cpcommunity.testScripts.community.BaseTest  - Test Execution Completed !!!
]]></system-out>
  </testcase>
  <testcase name="TC134" classname="com.cpcommunity.testScripts.advertisments.TC134_Verify_Member_Is_Able_Purchased_Required_Approval_Ad" time="186.003"/>
  <testcase name="TC135" classname="com.cpcommunity.testScripts.advertisments.TC135_Verify_Member_Is_Able_Purchased_Required_Approval_Global_Members_Ad" time="323.123"/>
  <testcase name="TC020" classname="com.cpcommunity.testScripts.myprofiletestcases.TC020_Verify_User_is_Able_to_Select_Phone_Private" time="76.359"/>
  <testcase name="TC121" classname="com.cpcommunity.testScripts.community.TC121_Community_Admin_Invite_Members_With_Terms_And_Conditions" time="159.356"/>
  <testcase name="TC151" classname="com.cpcommunity.testScripts.Event_Registrations.TC151_Paid_Event_Registration_With_Cheque_From_Event_CheckIn" time="162.369"/>
  <testcase name="TC122" classname="com.cpcommunity.testScripts.community.TC122_Member_Accept_Community_Request_From_Global_Community" time="108.233"/>
  <testcase name="TC021" classname="com.cpcommunity.testScripts.myprofiletestcases.TC021_Verify_User_is_Able_to_Un_Select_Phone_Private" time="110.428"/>
  <testcase name="TC123" classname="com.cpcommunity.testScripts.community.TC123_Member_Accept_Community_Request_from_My_Communities" time="116.707"/>
  <testcase name="TC124" classname="com.cpcommunity.testScripts.community.TC124_Member_Accept_Community_Request_From_Community_details_page" time="185.186"/>
  <testcase name="TC152" classname="com.cpcommunity.testScripts.Event_Registrations.TC152_Paid_Event_Registration_With_Cash_From_Event_CheckIn" time="195.137"/>
  <testcase name="TC058" classname="com.cpcommunity.testScripts.community.TC058_Group_Admin_Manage_Group_Members" time="223.767"/>
  <testcase name="TC067" classname="com.cpcommunity.testScripts.community.TC067_Join_Leave_Public_And_Join_Cance_Private_Groups_From_Community_Details" time="26.201"/>
  <testcase name="TC053" classname="com.cpcommunity.testScripts.community.TC053_Community_Admin_Manage_Group_Members" time="2.067"/>
  <testcase name="TC108" classname="com.cpcommunity.testScripts.community.TC108_Share_Posts_in_Group" time="51.198"/>
  <testcase name="TC179" classname="com.cpcommunity.testScripts.community.TC179_Verify_Member_Is_Able_Update_Membership_Plan" time="0">
    <skipped/>
    <system-out><![CDATA[INFO    2020-10-05 02:40:51,598 [TestNG-test=Test12-1] com.cpcommunity.PageObjects.BasePage  - scrolling up vertically...
INFO    2020-10-05 02:40:52,335 [TestNG-test=Test12-5] com.cpcommunity.testScripts.community.BaseTest  - Test Execution Completed !!!
INFO    2020-10-05 02:40:53,045 [TestNG-test=Test12-3] com.cpcommunity.PageObjects.BasePage  - Clicked[[ChromeDriver: chrome on XP (613b59a6f97f94a0e16fab3ed1ceda54)] -> xpath: //*[@id='navbar']//*[contains(text(),'Global Communities')]]
INFO    2020-10-05 02:40:56,050 [TestNG-test=Test12-3] com.cpcommunity.PageObjects.BasePage  - scrolling up vertically...
INFO    2020-10-05 02:40:56,052 [TestNG-test=Test12-4] com.cpcommunity.PageObjects.BasePage  - waiting for :[[ChromeDriver: chrome on XP (54e7ebf9290b10d51b2cfd7abd0112e5)] -> xpath: //*[contains(text(),'Business Analyst')]] for :18 seconds
INFO    2020-10-05 02:40:56,069 [TestNG-test=Test12-4] com.cpcommunity.PageObjects.BasePage  - [[ChromeDriver: chrome on XP (54e7ebf9290b10d51b2cfd7abd0112e5)] -> xpath: //*[contains(text(),'Business Analyst')]]is displayed
Date Format with dd MMMM yyyy : 05 Oct 2020
INFO    2020-10-05 02:40:56,651 [TestNG-test=Test12-1] com.cpcommunity.PageObjects.BasePage  - waiting for :[[ChromeDriver: chrome on XP (33356fd54047c58b5b61013f84d99bea)] -> xpath: //input[@placeholder='Search by Community Name']] for :18 seconds
INFO    2020-10-05 02:40:56,682 [TestNG-test=Test12-1] com.cpcommunity.PageObjects.BasePage  - [[ChromeDriver: chrome on XP (33356fd54047c58b5b61013f84d99bea)] -> xpath: //input[@placeholder='Search by Community Name']]is displayed
INFO    2020-10-05 02:40:58,078 [TestNG-test=Test12-4] com.cpcommunity.PageObjects.BasePage  - Clicking on : 
INFO    2020-10-05 02:40:58,980 [TestNG-test=Test12-1] com.cpcommunity.PageObjects.BasePage  - Typing in : Search by Community entered the value as : Community - 05 Oct 2020
INFO    2020-10-05 02:40:59,203 [TestNG-test=Test12-1] com.cpcommunity.PageObjects.BasePage  - Clicking on : search btn
INFO    2020-10-05 02:41:01,124 [TestNG-test=Test12-3] com.cpcommunity.PageObjects.BasePage  - Typing in : search entered the value as : Community 1 - 03 October 2020
INFO    2020-10-05 02:41:01,134 [TestNG-test=Test12-4] com.cpcommunity.PageObjects.BasePage  - Clicking on : ViewandApply
INFO    2020-10-05 02:41:01,552 [TestNG-test=Test12-3] com.cpcommunity.PageObjects.BasePage  - Clicking on : search Btn
INFO    2020-10-05 02:41:01,746 [TestNG-test=Test12-4] com.cpcommunity.PageObjects.BasePage  - waiting for :[[ChromeDriver: chrome on XP (54e7ebf9290b10d51b2cfd7abd0112e5)] -> xpath: //button[contains(.,'Apply')]] for :18 seconds
INFO    2020-10-05 02:41:01,779 [TestNG-test=Test12-4] com.cpcommunity.PageObjects.BasePage  - [[ChromeDriver: chrome on XP (54e7ebf9290b10d51b2cfd7abd0112e5)] -> xpath: //button[contains(.,'Apply')]]is displayed
INFO    2020-10-05 02:41:03,779 [TestNG-test=Test12-4] com.cpcommunity.PageObjects.BasePage  - Clicking on : Apply
INFO    2020-10-05 02:41:03,955 [TestNG-test=Test12-4] com.cpcommunity.PageObjects.BasePage  - waiting for :[[ChromeDriver: chrome on XP (54e7ebf9290b10d51b2cfd7abd0112e5)] -> xpath: //input[@id='Resume']] for :18 seconds
INFO    2020-10-05 02:41:03,998 [TestNG-test=Test12-4] com.cpcommunity.PageObjects.BasePage  - [[ChromeDriver: chrome on XP (54e7ebf9290b10d51b2cfd7abd0112e5)] -> xpath: //input[@id='Resume']]is displayed
INFO    2020-10-05 02:41:05,325 [TestNG-test=Test12-1] com.cpcommunity.PageObjects.BasePage  - waiting for :[[ChromeDriver: chrome on XP (33356fd54047c58b5b61013f84d99bea)] -> xpath: //a[@tooltip='Community - 05 Oct 2020']] for :18 seconds
INFO    2020-10-05 02:41:05,347 [TestNG-test=Test12-1] com.cpcommunity.PageObjects.BasePage  - [[ChromeDriver: chrome on XP (33356fd54047c58b5b61013f84d99bea)] -> xpath: //a[@tooltip='Community - 05 Oct 2020']]is displayed
INFO    2020-10-05 02:41:05,999 [TestNG-test=Test12-4] com.cpcommunity.PageObjects.BasePage  - Typing in : Resume entered the value as : D:\workspace\bizligo-automation\src\test\resources\testImages\Files\ChromePDF1.pdf
INFO    2020-10-05 02:41:06,084 [TestNG-test=Test12-4] com.cpcommunity.PageObjects.BasePage  - Typing in : Optional Message entered the value as : Ready to join in 5 days
INFO    2020-10-05 02:41:06,577 [TestNG-test=Test12-4] com.cpcommunity.PageObjects.BasePage  - Clicking on : Submit
INFO    2020-10-05 02:41:07,649 [TestNG-test=Test12-1] com.cpcommunity.PageObjects.BasePage  - Clicking on : CommunityName
INFO    2020-10-05 02:41:09,549 [TestNG-test=Test12-1] com.cpcommunity.PageObjects.BasePage  - scrolling up vertically...
INFO    2020-10-05 02:41:12,199 [TestNG-test=Test12-4] com.cpcommunity.PageObjects.BasePage  - waiting for :[[ChromeDriver: chrome on XP (54e7ebf9290b10d51b2cfd7abd0112e5)] -> xpath: //*[contains(text(),'Current Job Openings')]] for :18 seconds
INFO    2020-10-05 02:41:12,803 [TestNG-test=Test12-4] com.cpcommunity.PageObjects.BasePage  - [[ChromeDriver: chrome on XP (54e7ebf9290b10d51b2cfd7abd0112e5)] -> xpath: //*[contains(text(),'Current Job Openings')]]is displayed
INFO    2020-10-05 02:41:14,474 [TestNG-test=Test12-1] com.cpcommunity.PageObjects.BasePage  - scrolling up vertically...
INFO    2020-10-05 02:41:14,804 [TestNG-test=Test12-4] com.cpcommunity.PageObjects.BasePage  - Clicking on : Careers
]]></system-out>
    <system-err><![CDATA[Oct 05, 2020 2:40:54 AM org.openqa.selenium.remote.Augmenter extractRemoteWebDriver
WARNING: Augmenter should be applied to the instances of @Augmentable classes or previously augmented instances only (instance class was: class org.openqa.selenium.chrome.ChromeDriver)
Oct 05, 2020 2:40:55 AM org.openqa.selenium.remote.Augmenter extractRemoteWebDriver
WARNING: Augmenter should be applied to the instances of @Augmentable classes or previously augmented instances only (instance class was: class org.openqa.selenium.chrome.ChromeDriver)
Oct 05, 2020 2:41:12 AM org.openqa.selenium.remote.Augmenter extractRemoteWebDriver
WARNING: Augmenter should be applied to the instances of @Augmentable classes or previously augmented instances only (instance class was: class org.openqa.selenium.chrome.ChromeDriver)
Oct 05, 2020 2:41:13 AM org.openqa.selenium.remote.Augmenter extractRemoteWebDriver
WARNING: Augmenter should be applied to the instances of @Augmentable classes or previously augmented instances only (instance class was: class org.openqa.selenium.chrome.ChromeDriver)
]]></system-err>
  </testcase>
  <testcase name="TC179" classname="com.cpcommunity.testScripts.community.TC179_Verify_Member_Is_Able_Update_Membership_Plan" time="56.126">
    <failure message="no such element: Unable to locate element: {&quot;method&quot;:&quot;xpath&quot;,&quot;selector&quot;:&quot;//a[contains(text(),&apos;Community 1 - 03 October 2020&apos;)]&quot;}&#10;  (Session info: chrome=85.0.4183.121)&#10;  (Driver info: chromedriver=2.38.552522 (437e6fbedfa8762dec75e2c5b3ddb86763dc9dcb),platform=Windows NT 10.0.18362 x86_64) (WARNING: The server did not provide any stacktrace information)&#10;Command duration or timeout: 0 milliseconds&#10;For documentation on this error, please visit: http://seleniumhq.org/exceptions/no_such_element.html&#10;Build info: version: &apos;3.14.0&apos;, revision: &apos;aacccce0&apos;, time: &apos;2018-08-02T20:19:58.91Z&apos;&#10;System info: host: &apos;LAPTOP-65H8KDP8&apos;, ip: &apos;10.0.0.11&apos;, os.name: &apos;Windows 10&apos;, os.arch: &apos;amd64&apos;, os.version: &apos;10.0&apos;, java.version: &apos;1.8.0_251&apos;&#10;Driver info: org.openqa.selenium.chrome.ChromeDriver&#10;Capabilities {acceptInsecureCerts: false, acceptSslCerts: false, applicationCacheEnabled: false, browserConnectionEnabled: false, browserName: chrome, chrome: {chromedriverVersion: 2.38.552522 (437e6fbedfa876..., userDataDir: C:\Users\netwo\AppData\Loca...}, cssSelectorsEnabled: true, databaseEnabled: false, handlesAlerts: true, hasTouchScreen: false, javascriptEnabled: true, locationContextEnabled: true, mobileEmulationEnabled: false, nativeEvents: true, networkConnectionEnabled: false, pageLoadStrategy: normal, platform: XP, platformName: XP, rotatable: false, setWindowRect: true, takesHeapSnapshot: true, takesScreenshot: true, unexpectedAlertBehaviour: , unhandledPromptBehavior: , version: 85.0.4183.121, webStorageEnabled: true}&#10;Session ID: dbce964739fc6d68ce71fd658afe4c32&#10;*** Element info: {Using=xpath, value=//a[contains(text(),&apos;Community 1 - 03 October 2020&apos;)]}" type="org.openqa.selenium.NoSuchElementException">org.openqa.selenium.NoSuchElementException: no such element: Unable to locate element: {"method":"xpath","selector":"//a[contains(text(),'Community 1 - 03 October 2020')]"}
  (Session info: chrome=85.0.4183.121)
  (Driver info: chromedriver=2.38.552522 (437e6fbedfa8762dec75e2c5b3ddb86763dc9dcb),platform=Windows NT 10.0.18362 x86_64) (WARNING: The server did not provide any stacktrace information)
Command duration or timeout: 0 milliseconds
For documentation on this error, please visit: http://seleniumhq.org/exceptions/no_such_element.html
Build info: version: '3.14.0', revision: 'aacccce0', time: '2018-08-02T20:19:58.91Z'
System info: host: 'LAPTOP-65H8KDP8', ip: '10.0.0.11', os.name: 'Windows 10', os.arch: 'amd64', os.version: '10.0', java.version: '1.8.0_251'
Driver info: org.openqa.selenium.chrome.ChromeDriver
Capabilities {acceptInsecureCerts: false, acceptSslCerts: false, applicationCacheEnabled: false, browserConnectionEnabled: false, browserName: chrome, chrome: {chromedriverVersion: 2.38.552522 (437e6fbedfa876..., userDataDir: C:\Users\netwo\AppData\Loca...}, cssSelectorsEnabled: true, databaseEnabled: false, handlesAlerts: true, hasTouchScreen: false, javascriptEnabled: true, locationContextEnabled: true, mobileEmulationEnabled: false, nativeEvents: true, networkConnectionEnabled: false, pageLoadStrategy: normal, platform: XP, platformName: XP, rotatable: false, setWindowRect: true, takesHeapSnapshot: true, takesScreenshot: true, unexpectedAlertBehaviour: , unhandledPromptBehavior: , version: 85.0.4183.121, webStorageEnabled: true}
Session ID: dbce964739fc6d68ce71fd658afe4c32
*** Element info: {Using=xpath, value=//a[contains(text(),'Community 1 - 03 October 2020')]}
	at sun.reflect.GeneratedConstructorAccessor77.newInstance(Unknown Source)
	at sun.reflect.DelegatingConstructorAccessorImpl.newInstance(DelegatingConstructorAccessorImpl.java:45)
	at java.lang.reflect.Constructor.newInstance(Constructor.java:423)
	at org.openqa.selenium.remote.ErrorHandler.createThrowable(ErrorHandler.java:214)
	at org.openqa.selenium.remote.ErrorHandler.throwIfResponseFailed(ErrorHandler.java:166)
	at org.openqa.selenium.remote.http.JsonHttpResponseCodec.reconstructValue(JsonHttpResponseCodec.java:40)
	at org.openqa.selenium.remote.http.AbstractHttpResponseCodec.decode(AbstractHttpResponseCodec.java:80)
	at org.openqa.selenium.remote.http.AbstractHttpResponseCodec.decode(AbstractHttpResponseCodec.java:44)
	at org.openqa.selenium.remote.HttpCommandExecutor.execute(HttpCommandExecutor.java:158)
	at org.openqa.selenium.remote.service.DriverCommandExecutor.execute(DriverCommandExecutor.java:83)
	at org.openqa.selenium.remote.RemoteWebDriver.execute(RemoteWebDriver.java:548)
	at org.openqa.selenium.remote.RemoteWebDriver.findElement(RemoteWebDriver.java:322)
	at org.openqa.selenium.remote.RemoteWebDriver.findElementByXPath(RemoteWebDriver.java:424)
	at org.openqa.selenium.By$ByXPath.findElement(By.java:353)
	at org.openqa.selenium.remote.RemoteWebDriver.findElement(RemoteWebDriver.java:314)
	at com.cpcommunity.PageObjects.GlobalCommunitesPage.searchCommunity(GlobalCommunitesPage.java:304)
	at com.cpcommunity.PageObjects.GlobalCommunitesPage.navigateToExpiredCommunityDetailsPage(GlobalCommunitesPage.java:483)
	at com.cpcommunity.testScripts.community.TC179_Verify_Member_Is_Able_Update_Membership_Plan.TC179(TC179_Verify_Member_Is_Able_Update_Membership_Plan.java:34)
</failure>
    <system-out><![CDATA[INFO    2020-10-05 02:42:06,024 [TestNG-test=Test12-1] com.cpcommunity.testScripts.community.BaseTest  - Test Execution Completed !!!
ChromeDriver: chrome on XP (99d2138d294ea0903ce58353ca1209d7)Login Page
INFO    2020-10-05 02:42:10,811 [TestNG-test=Test12-2] com.cpcommunity.PageObjects.BasePage  - scrolling up vertically...
INFO    2020-10-05 02:42:13,014 [TestNG-test=Test12-3] com.cpcommunity.PageObjects.BasePage  - Clicked[[ChromeDriver: chrome on XP (dbce964739fc6d68ce71fd658afe4c32)] -> xpath: //*[@id='navbar']//*[contains(text(),'Global Communities')]]
INFO    2020-10-05 02:42:15,818 [TestNG-test=Test12-2] com.cpcommunity.PageObjects.BasePage  - Typing in : email address entered the value as : andrew74444@gmail.com
INFO    2020-10-05 02:42:16,166 [TestNG-test=Test12-3] com.cpcommunity.PageObjects.BasePage  - scrolling up vertically...
INFO    2020-10-05 02:42:16,228 [TestNG-test=Test12-2] com.cpcommunity.PageObjects.BasePage  - Typing in : password entered the value as : Admin@123
INFO    2020-10-05 02:42:16,380 [TestNG-test=Test12-2] com.cpcommunity.PageObjects.BasePage  - Clicking on : Login
INFO    2020-10-05 02:42:21,260 [TestNG-test=Test12-3] com.cpcommunity.PageObjects.BasePage  - Typing in : search entered the value as : Community 1 - 03 October 2020
INFO    2020-10-05 02:42:21,589 [TestNG-test=Test12-3] com.cpcommunity.PageObjects.BasePage  - Clicking on : search Btn
INFO    2020-10-05 02:42:23,394 [TestNG-test=Test12-2] com.cpcommunity.PageObjects.BasePage  - scrolling up vertically...
INFO    2020-10-05 02:42:28,451 [TestNG-test=Test12-2] com.cpcommunity.PageObjects.BasePage  - waiting for :[[ChromeDriver: chrome on XP (99d2138d294ea0903ce58353ca1209d7)] -> xpath: //*[@id='mycommunitestab']//a[contains(text(),'VIEW ALL')]] for :18 seconds
INFO    2020-10-05 02:42:28,484 [TestNG-test=Test12-2] com.cpcommunity.PageObjects.BasePage  - [[ChromeDriver: chrome on XP (99d2138d294ea0903ce58353ca1209d7)] -> xpath: //*[@id='mycommunitestab']//a[contains(text(),'VIEW ALL')]]is displayed
INFO    2020-10-05 02:42:30,484 [TestNG-test=Test12-2] com.cpcommunity.PageObjects.BasePage  - Clicking on : view All
INFO    2020-10-05 02:42:35,043 [TestNG-test=Test12-2] com.cpcommunity.PageObjects.BasePage  - scrolling up vertically...
]]></system-out>
    <system-err><![CDATA[Oct 05, 2020 2:42:08 AM org.openqa.selenium.remote.Augmenter extractRemoteWebDriver
WARNING: Augmenter should be applied to the instances of @Augmentable classes or previously augmented instances only (instance class was: class org.openqa.selenium.chrome.ChromeDriver)
Oct 05, 2020 2:42:10 AM org.openqa.selenium.remote.Augmenter extractRemoteWebDriver
WARNING: Augmenter should be applied to the instances of @Augmentable classes or previously augmented instances only (instance class was: class org.openqa.selenium.chrome.ChromeDriver)
Oct 05, 2020 2:42:14 AM org.openqa.selenium.remote.Augmenter extractRemoteWebDriver
WARNING: Augmenter should be applied to the instances of @Augmentable classes or previously augmented instances only (instance class was: class org.openqa.selenium.chrome.ChromeDriver)
Oct 05, 2020 2:42:15 AM org.openqa.selenium.remote.Augmenter extractRemoteWebDriver
WARNING: Augmenter should be applied to the instances of @Augmentable classes or previously augmented instances only (instance class was: class org.openqa.selenium.chrome.ChromeDriver)
Oct 05, 2020 2:42:19 AM org.openqa.selenium.remote.Augmenter extractRemoteWebDriver
WARNING: Augmenter should be applied to the instances of @Augmentable classes or previously augmented instances only (instance class was: class org.openqa.selenium.chrome.ChromeDriver)
Oct 05, 2020 2:42:21 AM org.openqa.selenium.remote.Augmenter extractRemoteWebDriver
WARNING: Augmenter should be applied to the instances of @Augmentable classes or previously augmented instances only (instance class was: class org.openqa.selenium.chrome.ChromeDriver)
Oct 05, 2020 2:42:22 AM org.openqa.selenium.remote.Augmenter extractRemoteWebDriver
WARNING: Augmenter should be applied to the instances of @Augmentable classes or previously augmented instances only (instance class was: class org.openqa.selenium.chrome.ChromeDriver)
Oct 05, 2020 2:42:33 AM org.openqa.selenium.remote.Augmenter extractRemoteWebDriver
WARNING: Augmenter should be applied to the instances of @Augmentable classes or previously augmented instances only (instance class was: class org.openqa.selenium.chrome.ChromeDriver)
Oct 05, 2020 2:42:34 AM org.openqa.selenium.remote.Augmenter extractRemoteWebDriver
WARNING: Augmenter should be applied to the instances of @Augmentable classes or previously augmented instances only (instance class was: class org.openqa.selenium.chrome.ChromeDriver)
]]></system-err>
  </testcase>
  <testcase name="TC149" classname="com.cpcommunity.testScripts.Event_Registrations.TC149_Paid_Event_Registration_With_PayPal_From_Event_CheckIn" time="0">
    <skipped/>
    <system-out><![CDATA[INFO    2020-10-05 02:41:19,470 [TestNG-test=Test12-3] com.cpcommunity.testScripts.community.BaseTest  - Test Execution Completed !!!
INFO    2020-10-05 02:41:19,505 [TestNG-test=Test12-1] com.cpcommunity.PageObjects.BasePage  - Clicking on : Careers
Total rows are : 1167
Test case starts from row num: 966
Total rows of data are : 1
Total cols are : 7
@TestCase : TC179
INFO    2020-10-05 02:41:19,583 [TestNG-test=Test12-3] com.cpcommunity.testScripts.community.BaseTest  - Inside Login Test
Launching : chrome
INFO    2020-10-05 02:41:19,765 [TestNG-test=Test12-1] com.cpcommunity.PageObjects.BasePage  - waiting for :[[ChromeDriver: chrome on XP (33356fd54047c58b5b61013f84d99bea)] -> xpath: //*[contains(text(),'Current Job Openings')]] for :18 seconds
INFO    2020-10-05 02:41:19,950 [TestNG-test=Test12-4] com.cpcommunity.PageObjects.BasePage  - waiting for :[[ChromeDriver: chrome on XP (54e7ebf9290b10d51b2cfd7abd0112e5)] -> xpath: //*[contains(text(),'Current Job Openings')]] for :18 seconds
INFO    2020-10-05 02:41:19,987 [TestNG-test=Test12-4] com.cpcommunity.PageObjects.BasePage  - [[ChromeDriver: chrome on XP (54e7ebf9290b10d51b2cfd7abd0112e5)] -> xpath: //*[contains(text(),'Current Job Openings')]]is displayed
INFO    2020-10-05 02:41:20,326 [TestNG-test=Test12-1] com.cpcommunity.PageObjects.BasePage  - [[ChromeDriver: chrome on XP (33356fd54047c58b5b61013f84d99bea)] -> xpath: //*[contains(text(),'Current Job Openings')]]is displayed
INFO    2020-10-05 02:41:21,988 [TestNG-test=Test12-4] com.cpcommunity.PageObjects.BasePage  - Typing in : Search By Job Title entered the value as : Business Analyst
INFO    2020-10-05 02:41:22,171 [TestNG-test=Test12-4] com.cpcommunity.PageObjects.BasePage  - Clicking on : Search
INFO    2020-10-05 02:41:22,327 [TestNG-test=Test12-1] com.cpcommunity.PageObjects.BasePage  - Typing in : Search By Job Title entered the value as : Business Analyst
INFO    2020-10-05 02:41:22,560 [TestNG-test=Test12-1] com.cpcommunity.PageObjects.BasePage  - Clicking on : Search
ChromeDriver: chrome on XP (dbce964739fc6d68ce71fd658afe4c32)
dbce964739fc6d68ce71fd658afe4c32
INFO    2020-10-05 02:41:22,818 [TestNG-test=Test12-3] com.cpcommunity.testScripts.community.BaseTest  - Driver Initialized !!!
Page Opened
INFO    2020-10-05 02:41:28,752 [TestNG-test=Test12-1] com.cpcommunity.PageObjects.BasePage  - waiting for :[[ChromeDriver: chrome on XP (33356fd54047c58b5b61013f84d99bea)] -> xpath: //*[contains(text(),'Business Analyst')]] for :18 seconds
INFO    2020-10-05 02:41:28,765 [TestNG-test=Test12-1] com.cpcommunity.PageObjects.BasePage  - [[ChromeDriver: chrome on XP (33356fd54047c58b5b61013f84d99bea)] -> xpath: //*[contains(text(),'Business Analyst')]]is displayed
INFO    2020-10-05 02:41:30,772 [TestNG-test=Test12-1] com.cpcommunity.PageObjects.BasePage  - Clicking on : 
INFO    2020-10-05 02:41:32,326 [TestNG-test=Test12-3] com.cpcommunity.PageObjects.BasePage  - scrolling up vertically...
INFO    2020-10-05 02:41:32,662 [TestNG-test=Test12-4] com.cpcommunity.PageObjects.BasePage  - waiting for :[[ChromeDriver: chrome on XP (54e7ebf9290b10d51b2cfd7abd0112e5)] -> xpath: //*[contains(text(),'Business Analyst')]] for :18 seconds
INFO    2020-10-05 02:41:32,674 [TestNG-test=Test12-4] com.cpcommunity.PageObjects.BasePage  - [[ChromeDriver: chrome on XP (54e7ebf9290b10d51b2cfd7abd0112e5)] -> xpath: //*[contains(text(),'Business Analyst')]]is displayed
INFO    2020-10-05 02:41:33,833 [TestNG-test=Test12-1] com.cpcommunity.PageObjects.BasePage  - Clicking on : ViewandApply
INFO    2020-10-05 02:41:34,280 [TestNG-test=Test12-1] com.cpcommunity.PageObjects.BasePage  - waiting for :[[ChromeDriver: chrome on XP (33356fd54047c58b5b61013f84d99bea)] -> xpath: //button[contains(.,'Apply')]] for :18 seconds
INFO    2020-10-05 02:41:34,308 [TestNG-test=Test12-1] com.cpcommunity.PageObjects.BasePage  - [[ChromeDriver: chrome on XP (33356fd54047c58b5b61013f84d99bea)] -> xpath: //button[contains(.,'Apply')]]is displayed
INFO    2020-10-05 02:41:34,680 [TestNG-test=Test12-4] com.cpcommunity.PageObjects.BasePage  - Clicking on : 
INFO    2020-10-05 02:41:36,309 [TestNG-test=Test12-1] com.cpcommunity.PageObjects.BasePage  - Clicking on : Apply
INFO    2020-10-05 02:41:36,487 [TestNG-test=Test12-1] com.cpcommunity.PageObjects.BasePage  - waiting for :[[ChromeDriver: chrome on XP (33356fd54047c58b5b61013f84d99bea)] -> xpath: //input[@id='Resume']] for :18 seconds
INFO    2020-10-05 02:41:36,516 [TestNG-test=Test12-1] com.cpcommunity.PageObjects.BasePage  - [[ChromeDriver: chrome on XP (33356fd54047c58b5b61013f84d99bea)] -> xpath: //input[@id='Resume']]is displayed
INFO    2020-10-05 02:41:37,375 [TestNG-test=Test12-3] com.cpcommunity.PageObjects.BasePage  - waiting for :[[ChromeDriver: chrome on XP (dbce964739fc6d68ce71fd658afe4c32)] -> xpath: //a[contains(.,'Login')]] for :18 seconds
INFO    2020-10-05 02:41:37,400 [TestNG-test=Test12-3] com.cpcommunity.PageObjects.BasePage  - [[ChromeDriver: chrome on XP (dbce964739fc6d68ce71fd658afe4c32)] -> xpath: //a[contains(.,'Login')]]is displayed
INFO    2020-10-05 02:41:37,745 [TestNG-test=Test12-4] com.cpcommunity.PageObjects.BasePage  - waiting for :[[ChromeDriver: chrome on XP (54e7ebf9290b10d51b2cfd7abd0112e5)] -> xpath: //*[contains(text(),'Already Applied')]] for :18 seconds
INFO    2020-10-05 02:41:37,790 [TestNG-test=Test12-4] com.cpcommunity.PageObjects.BasePage  - [[ChromeDriver: chrome on XP (54e7ebf9290b10d51b2cfd7abd0112e5)] -> xpath: //*[contains(text(),'Already Applied')]]is displayed
INFO    2020-10-05 02:41:38,516 [TestNG-test=Test12-1] com.cpcommunity.PageObjects.BasePage  - Typing in : Resume entered the value as : D:\workspace\bizligo-automation\src\test\resources\testImages\Files\ChromePDF1.pdf
INFO    2020-10-05 02:41:38,603 [TestNG-test=Test12-1] com.cpcommunity.PageObjects.BasePage  - Typing in : Optional Message entered the value as : Ready to join in 5 days
INFO    2020-10-05 02:41:39,020 [TestNG-test=Test12-1] com.cpcommunity.PageObjects.BasePage  - Clicking on : Submit
INFO    2020-10-05 02:41:39,791 [TestNG-test=Test12-4] com.cpcommunity.PageObjects.BasePage  - Clicking on : AlreadyApplied
INFO    2020-10-05 02:41:40,401 [TestNG-test=Test12-3] com.cpcommunity.PageObjects.BasePage  - Clicking on : LOGIN
INFO    2020-10-05 02:41:40,524 [TestNG-test=Test12-4] com.cpcommunity.PageObjects.BasePage  - waiting for :[[ChromeDriver: chrome on XP (54e7ebf9290b10d51b2cfd7abd0112e5)] -> xpath: //*[contains(text(),'Already Applied')]] for :18 seconds
INFO    2020-10-05 02:41:40,565 [TestNG-test=Test12-4] com.cpcommunity.PageObjects.BasePage  - [[ChromeDriver: chrome on XP (54e7ebf9290b10d51b2cfd7abd0112e5)] -> xpath: //*[contains(text(),'Already Applied')]]is displayed
ChromeDriver: chrome on XP (dbce964739fc6d68ce71fd658afe4c32)Login Page
]]></system-out>
    <system-err><![CDATA[Starting ChromeDriver 2.38.552522 (437e6fbedfa8762dec75e2c5b3ddb86763dc9dcb) on port 35945
Only local connections are allowed.
Oct 05, 2020 2:41:22 AM org.openqa.selenium.remote.ProtocolHandshake createSession
INFO: Detected dialect: OSS
Oct 05, 2020 2:41:28 AM org.openqa.selenium.remote.Augmenter extractRemoteWebDriver
WARNING: Augmenter should be applied to the instances of @Augmentable classes or previously augmented instances only (instance class was: class org.openqa.selenium.chrome.ChromeDriver)
Oct 05, 2020 2:41:30 AM org.openqa.selenium.remote.Augmenter extractRemoteWebDriver
WARNING: Augmenter should be applied to the instances of @Augmentable classes or previously augmented instances only (instance class was: class org.openqa.selenium.chrome.ChromeDriver)
Oct 05, 2020 2:41:31 AM org.openqa.selenium.remote.Augmenter extractRemoteWebDriver
WARNING: Augmenter should be applied to the instances of @Augmentable classes or previously augmented instances only (instance class was: class org.openqa.selenium.chrome.ChromeDriver)
]]></system-err>
  </testcase>
  <testcase name="TC149" classname="com.cpcommunity.testScripts.Event_Registrations.TC149_Paid_Event_Registration_With_PayPal_From_Event_CheckIn" time="144.226">
    <failure message="chrome not reachable&#10;  (Session info: chrome=85.0.4183.121)&#10;  (Driver info: chromedriver=2.38.552522 (437e6fbedfa8762dec75e2c5b3ddb86763dc9dcb),platform=Windows NT 10.0.18362 x86_64) (WARNING: The server did not provide any stacktrace information)&#10;Command duration or timeout: 0 milliseconds&#10;Build info: version: &apos;3.14.0&apos;, revision: &apos;aacccce0&apos;, time: &apos;2018-08-02T20:19:58.91Z&apos;&#10;System info: host: &apos;LAPTOP-65H8KDP8&apos;, ip: &apos;10.0.0.11&apos;, os.name: &apos;Windows 10&apos;, os.arch: &apos;amd64&apos;, os.version: &apos;10.0&apos;, java.version: &apos;1.8.0_251&apos;&#10;Driver info: org.openqa.selenium.chrome.ChromeDriver&#10;Capabilities {acceptInsecureCerts: false, acceptSslCerts: false, applicationCacheEnabled: false, browserConnectionEnabled: false, browserName: chrome, chrome: {chromedriverVersion: 2.38.552522 (437e6fbedfa876..., userDataDir: C:\Users\netwo\AppData\Loca...}, cssSelectorsEnabled: true, databaseEnabled: false, handlesAlerts: true, hasTouchScreen: false, javascriptEnabled: true, locationContextEnabled: true, mobileEmulationEnabled: false, nativeEvents: true, networkConnectionEnabled: false, pageLoadStrategy: normal, platform: XP, platformName: XP, rotatable: false, setWindowRect: true, takesHeapSnapshot: true, takesScreenshot: true, unexpectedAlertBehaviour: , unhandledPromptBehavior: , version: 85.0.4183.121, webStorageEnabled: true}&#10;Session ID: 99d2138d294ea0903ce58353ca1209d7&#10;*** Element info: {Using=xpath, value=//button[contains(text(),&apos;Book Now&apos;)]}" type="org.openqa.selenium.WebDriverException">org.openqa.selenium.WebDriverException: chrome not reachable
  (Session info: chrome=85.0.4183.121)
  (Driver info: chromedriver=2.38.552522 (437e6fbedfa8762dec75e2c5b3ddb86763dc9dcb),platform=Windows NT 10.0.18362 x86_64) (WARNING: The server did not provide any stacktrace information)
Command duration or timeout: 0 milliseconds
Build info: version: '3.14.0', revision: 'aacccce0', time: '2018-08-02T20:19:58.91Z'
System info: host: 'LAPTOP-65H8KDP8', ip: '10.0.0.11', os.name: 'Windows 10', os.arch: 'amd64', os.version: '10.0', java.version: '1.8.0_251'
Driver info: org.openqa.selenium.chrome.ChromeDriver
Capabilities {acceptInsecureCerts: false, acceptSslCerts: false, applicationCacheEnabled: false, browserConnectionEnabled: false, browserName: chrome, chrome: {chromedriverVersion: 2.38.552522 (437e6fbedfa876..., userDataDir: C:\Users\netwo\AppData\Loca...}, cssSelectorsEnabled: true, databaseEnabled: false, handlesAlerts: true, hasTouchScreen: false, javascriptEnabled: true, locationContextEnabled: true, mobileEmulationEnabled: false, nativeEvents: true, networkConnectionEnabled: false, pageLoadStrategy: normal, platform: XP, platformName: XP, rotatable: false, setWindowRect: true, takesHeapSnapshot: true, takesScreenshot: true, unexpectedAlertBehaviour: , unhandledPromptBehavior: , version: 85.0.4183.121, webStorageEnabled: true}
Session ID: 99d2138d294ea0903ce58353ca1209d7
*** Element info: {Using=xpath, value=//button[contains(text(),'Book Now')]}
	at sun.reflect.NativeConstructorAccessorImpl.newInstance0(Native Method)
	at sun.reflect.NativeConstructorAccessorImpl.newInstance(NativeConstructorAccessorImpl.java:62)
	at sun.reflect.DelegatingConstructorAccessorImpl.newInstance(DelegatingConstructorAccessorImpl.java:45)
	at java.lang.reflect.Constructor.newInstance(Constructor.java:423)
	at org.openqa.selenium.remote.ErrorHandler.createThrowable(ErrorHandler.java:214)
	at org.openqa.selenium.remote.ErrorHandler.throwIfResponseFailed(ErrorHandler.java:166)
	at org.openqa.selenium.remote.http.JsonHttpResponseCodec.reconstructValue(JsonHttpResponseCodec.java:40)
	at org.openqa.selenium.remote.http.AbstractHttpResponseCodec.decode(AbstractHttpResponseCodec.java:80)
	at org.openqa.selenium.remote.http.AbstractHttpResponseCodec.decode(AbstractHttpResponseCodec.java:44)
	at org.openqa.selenium.remote.HttpCommandExecutor.execute(HttpCommandExecutor.java:158)
	at org.openqa.selenium.remote.service.DriverCommandExecutor.execute(DriverCommandExecutor.java:83)
	at org.openqa.selenium.remote.RemoteWebDriver.execute(RemoteWebDriver.java:548)
	at org.openqa.selenium.remote.RemoteWebDriver.findElement(RemoteWebDriver.java:322)
	at org.openqa.selenium.remote.RemoteWebDriver.findElementByXPath(RemoteWebDriver.java:424)
	at org.openqa.selenium.By$ByXPath.findElement(By.java:353)
	at org.openqa.selenium.remote.RemoteWebDriver.findElement(RemoteWebDriver.java:314)
	at org.openqa.selenium.support.pagefactory.DefaultElementLocator.findElement(DefaultElementLocator.java:69)
	at org.openqa.selenium.support.pagefactory.AjaxElementLocator.access$001(AjaxElementLocator.java:39)
	at org.openqa.selenium.support.pagefactory.AjaxElementLocator$SlowLoadingElement.isLoaded(AjaxElementLocator.java:194)
	at org.openqa.selenium.support.ui.SlowLoadableComponent.get(SlowLoadableComponent.java:57)
	at org.openqa.selenium.support.pagefactory.AjaxElementLocator.findElement(AjaxElementLocator.java:119)
	at org.openqa.selenium.support.pagefactory.internal.LocatingElementHandler.invoke(LocatingElementHandler.java:38)
	at com.sun.proxy.$Proxy9.toString(Unknown Source)
	at com.cpcommunity.PageObjects.BasePage.clickElementByJavaScript(BasePage.java:658)
	at com.cpcommunity.PageObjects.CheckInPage.registerEventByPayPal(CheckInPage.java:153)
	at com.cpcommunity.testScripts.Event_Registrations.TC149_Paid_Event_Registration_With_PayPal_From_Event_CheckIn.TC149(TC149_Paid_Event_Registration_With_PayPal_From_Event_CheckIn.java:34)
</failure>
    <system-out><![CDATA[INFO    2020-10-05 02:42:39,788 [TestNG-test=Test12-3] com.cpcommunity.testScripts.community.BaseTest  - Test Execution Completed !!!
Date Format with dd MMMM yyyy : 05 Oct 2020
INFO    2020-10-05 02:42:40,130 [TestNG-test=Test12-2] com.cpcommunity.PageObjects.BasePage  - waiting for :[[ChromeDriver: chrome on XP (99d2138d294ea0903ce58353ca1209d7)] -> xpath: //input[@placeholder='Search by Community Name']] for :18 seconds
INFO    2020-10-05 02:42:40,162 [TestNG-test=Test12-2] com.cpcommunity.PageObjects.BasePage  - [[ChromeDriver: chrome on XP (99d2138d294ea0903ce58353ca1209d7)] -> xpath: //input[@placeholder='Search by Community Name']]is displayed
INFO    2020-10-05 02:42:42,458 [TestNG-test=Test12-2] com.cpcommunity.PageObjects.BasePage  - Typing in : Search by Community entered the value as : Community - 05 Oct 2020
INFO    2020-10-05 02:42:42,703 [TestNG-test=Test12-2] com.cpcommunity.PageObjects.BasePage  - Clicking on : search btn
INFO    2020-10-05 02:42:48,828 [TestNG-test=Test12-2] com.cpcommunity.PageObjects.BasePage  - waiting for :[[ChromeDriver: chrome on XP (99d2138d294ea0903ce58353ca1209d7)] -> xpath: //a[@tooltip='Community - 05 Oct 2020']] for :18 seconds
INFO    2020-10-05 02:42:48,838 [TestNG-test=Test12-2] com.cpcommunity.PageObjects.BasePage  - [[ChromeDriver: chrome on XP (99d2138d294ea0903ce58353ca1209d7)] -> xpath: //a[@tooltip='Community - 05 Oct 2020']]is displayed
INFO    2020-10-05 02:42:51,117 [TestNG-test=Test12-2] com.cpcommunity.PageObjects.BasePage  - Clicking on : Manage
INFO    2020-10-05 02:42:53,199 [TestNG-test=Test12-2] com.cpcommunity.PageObjects.BasePage  - waiting for :[[ChromeDriver: chrome on XP (99d2138d294ea0903ce58353ca1209d7)] -> xpath: //h2[contains(text(),'Dashboard')]] for :18 seconds
INFO    2020-10-05 02:42:53,242 [TestNG-test=Test12-2] com.cpcommunity.PageObjects.BasePage  - [[ChromeDriver: chrome on XP (99d2138d294ea0903ce58353ca1209d7)] -> xpath: //h2[contains(text(),'Dashboard')]]is displayed
INFO    2020-10-05 02:42:59,427 [TestNG-test=Test12-2] com.cpcommunity.PageObjects.BasePage  - scrolling up vertically...
INFO    2020-10-05 02:43:04,433 [TestNG-test=Test12-2] com.cpcommunity.PageObjects.BasePage  - Clicking on : Events
INFO    2020-10-05 02:43:08,750 [TestNG-test=Test12-2] com.cpcommunity.PageObjects.BasePage  - scrolling up vertically...
Date Format with dd MMMM yyyy : 05 Oct 2020
INFO    2020-10-05 02:43:13,757 [TestNG-test=Test12-2] com.cpcommunity.PageObjects.BasePage  - Typing in : Event Name Search entered the value as : Paid event - 05 Oct 2020
INFO    2020-10-05 02:43:14,012 [TestNG-test=Test12-2] com.cpcommunity.PageObjects.BasePage  - Selecting the +Published+ value as : Published
INFO    2020-10-05 02:43:14,142 [TestNG-test=Test12-2] com.cpcommunity.PageObjects.BasePage  - Clicking on : button Search
INFO    2020-10-05 02:43:20,235 [TestNG-test=Test12-2] com.cpcommunity.PageObjects.BasePage  - Clicking on : firstEventRowCheckBox
INFO    2020-10-05 02:43:21,329 [TestNG-test=Test12-2] com.cpcommunity.PageObjects.BasePage  - Clicking on : Checkin Event
INFO    2020-10-05 02:43:26,121 [TestNG-test=Test12-2] com.cpcommunity.PageObjects.BasePage  - scrolling up vertically...
INFO    2020-10-05 02:43:31,128 [TestNG-test=Test12-2] com.cpcommunity.PageObjects.BasePage  - Clicking on : bookTicketsTab
INFO    2020-10-05 02:43:31,262 [TestNG-test=Test12-2] com.cpcommunity.PageObjects.BasePage  - waiting for :[[ChromeDriver: chrome on XP (99d2138d294ea0903ce58353ca1209d7)] -> xpath: //select] for :18 seconds
INFO    2020-10-05 02:43:31,828 [TestNG-test=Test12-2] com.cpcommunity.PageObjects.BasePage  - [[ChromeDriver: chrome on XP (99d2138d294ea0903ce58353ca1209d7)] -> xpath: //select]is displayed
INFO    2020-10-05 02:43:33,829 [TestNG-test=Test12-2] com.cpcommunity.PageObjects.BasePage  - Selecting the +Selecting Tickets+ value as : 1
INFO    2020-10-05 02:43:38,116 [TestNG-test=Test12-2] com.cpcommunity.PageObjects.BasePage  - Typing in : Attendee Email ID entered the value as : andrew74444@gmail.com
INFO    2020-10-05 02:43:40,743 [TestNG-test=Test12-2] com.cpcommunity.PageObjects.BasePage  - Typing in : First Name entered the value as : Andrew
INFO    2020-10-05 02:43:40,972 [TestNG-test=Test12-2] com.cpcommunity.PageObjects.BasePage  - Typing in : Last Name entered the value as : Thomson
INFO    2020-10-05 02:43:41,207 [TestNG-test=Test12-2] com.cpcommunity.PageObjects.BasePage  - Typing in : Company Name entered the value as : PamTen
INFO    2020-10-05 02:43:41,413 [TestNG-test=Test12-2] com.cpcommunity.PageObjects.BasePage  - Taking Screen shot of the element
INFO    2020-10-05 02:43:41,805 [TestNG-test=Test12-2] com.cpcommunity.PageObjects.BasePage  - Taken Screen shot of the element
INFO    2020-10-05 02:43:41,806 [TestNG-test=Test12-2] com.cpcommunity.PageObjects.BasePage  - Clicking on : next
INFO    2020-10-05 02:43:41,927 [TestNG-test=Test12-2] com.cpcommunity.PageObjects.BasePage  - waiting for :[[ChromeDriver: chrome on XP (99d2138d294ea0903ce58353ca1209d7)] -> xpath: //input[@name='PayerEmailID']] for :18 seconds
INFO    2020-10-05 02:43:41,960 [TestNG-test=Test12-2] com.cpcommunity.PageObjects.BasePage  - [[ChromeDriver: chrome on XP (99d2138d294ea0903ce58353ca1209d7)] -> xpath: //input[@name='PayerEmailID']]is displayed
INFO    2020-10-05 02:43:44,045 [TestNG-test=Test12-2] com.cpcommunity.PageObjects.BasePage  - Typing in : Payer Email ID entered the value as : andrew74444@gmail.com
INFO    2020-10-05 02:43:48,658 [TestNG-test=Test12-2] com.cpcommunity.PageObjects.BasePage  - Taking Screen shot of the element
INFO    2020-10-05 02:43:49,057 [TestNG-test=Test12-2] com.cpcommunity.PageObjects.BasePage  - Taken Screen shot of the element
INFO    2020-10-05 02:43:49,087 [TestNG-test=Test12-2] com.cpcommunity.PageObjects.BasePage  - Clicking[[ChromeDriver: chrome on XP (99d2138d294ea0903ce58353ca1209d7)] -> xpath: //button[contains(text(),'Book Now')]]
]]></system-out>
    <system-err><![CDATA[Oct 05, 2020 2:42:56 AM org.openqa.selenium.remote.Augmenter extractRemoteWebDriver
WARNING: Augmenter should be applied to the instances of @Augmentable classes or previously augmented instances only (instance class was: class org.openqa.selenium.chrome.ChromeDriver)
Oct 05, 2020 2:42:57 AM org.openqa.selenium.remote.Augmenter extractRemoteWebDriver
WARNING: Augmenter should be applied to the instances of @Augmentable classes or previously augmented instances only (instance class was: class org.openqa.selenium.chrome.ChromeDriver)
Oct 05, 2020 2:42:58 AM org.openqa.selenium.remote.Augmenter extractRemoteWebDriver
WARNING: Augmenter should be applied to the instances of @Augmentable classes or previously augmented instances only (instance class was: class org.openqa.selenium.chrome.ChromeDriver)
Oct 05, 2020 2:43:06 AM org.openqa.selenium.remote.Augmenter extractRemoteWebDriver
WARNING: Augmenter should be applied to the instances of @Augmentable classes or previously augmented instances only (instance class was: class org.openqa.selenium.chrome.ChromeDriver)
Oct 05, 2020 2:43:08 AM org.openqa.selenium.remote.Augmenter extractRemoteWebDriver
WARNING: Augmenter should be applied to the instances of @Augmentable classes or previously augmented instances only (instance class was: class org.openqa.selenium.chrome.ChromeDriver)
Oct 05, 2020 2:43:24 AM org.openqa.selenium.remote.Augmenter extractRemoteWebDriver
WARNING: Augmenter should be applied to the instances of @Augmentable classes or previously augmented instances only (instance class was: class org.openqa.selenium.chrome.ChromeDriver)
Oct 05, 2020 2:43:25 AM org.openqa.selenium.remote.Augmenter extractRemoteWebDriver
WARNING: Augmenter should be applied to the instances of @Augmentable classes or previously augmented instances only (instance class was: class org.openqa.selenium.chrome.ChromeDriver)
org.openqa.selenium.WebDriverException: chrome not reachable
  (Session info: chrome=85.0.4183.121)
  (Driver info: chromedriver=2.38.552522 (437e6fbedfa8762dec75e2c5b3ddb86763dc9dcb),platform=Windows NT 10.0.18362 x86_64) (WARNING: The server did not provide any stacktrace information)
Command duration or timeout: 0 milliseconds
Build info: version: '3.14.0', revision: 'aacccce0', time: '2018-08-02T20:19:58.91Z'
System info: host: 'LAPTOP-65H8KDP8', ip: '10.0.0.11', os.name: 'Windows 10', os.arch: 'amd64', os.version: '10.0', java.version: '1.8.0_251'
Driver info: org.openqa.selenium.chrome.ChromeDriver
Capabilities {acceptInsecureCerts: false, acceptSslCerts: false, applicationCacheEnabled: false, browserConnectionEnabled: false, browserName: chrome, chrome: {chromedriverVersion: 2.38.552522 (437e6fbedfa876..., userDataDir: C:\Users\netwo\AppData\Loca...}, cssSelectorsEnabled: true, databaseEnabled: false, handlesAlerts: true, hasTouchScreen: false, javascriptEnabled: true, locationContextEnabled: true, mobileEmulationEnabled: false, nativeEvents: true, networkConnectionEnabled: false, pageLoadStrategy: normal, platform: XP, platformName: XP, rotatable: false, setWindowRect: true, takesHeapSnapshot: true, takesScreenshot: true, unexpectedAlertBehaviour: , unhandledPromptBehavior: , version: 85.0.4183.121, webStorageEnabled: true}
Session ID: 99d2138d294ea0903ce58353ca1209d7
	at sun.reflect.NativeConstructorAccessorImpl.newInstance0(Native Method)
	at sun.reflect.NativeConstructorAccessorImpl.newInstance(NativeConstructorAccessorImpl.java:62)
	at sun.reflect.DelegatingConstructorAccessorImpl.newInstance(DelegatingConstructorAccessorImpl.java:45)
	at java.lang.reflect.Constructor.newInstance(Constructor.java:423)
	at org.openqa.selenium.remote.ErrorHandler.createThrowable(ErrorHandler.java:214)
	at org.openqa.selenium.remote.ErrorHandler.throwIfResponseFailed(ErrorHandler.java:166)
	at org.openqa.selenium.remote.http.JsonHttpResponseCodec.reconstructValue(JsonHttpResponseCodec.java:40)
	at org.openqa.selenium.remote.http.AbstractHttpResponseCodec.decode(AbstractHttpResponseCodec.java:80)
	at org.openqa.selenium.remote.http.AbstractHttpResponseCodec.decode(AbstractHttpResponseCodec.java:44)
	at org.openqa.selenium.remote.HttpCommandExecutor.execute(HttpCommandExecutor.java:158)
	at org.openqa.selenium.remote.service.DriverCommandExecutor.execute(DriverCommandExecutor.java:83)
	at org.openqa.selenium.remote.RemoteWebDriver.execute(RemoteWebDriver.java:548)
	at org.openqa.selenium.remote.RemoteWebDriver.execute(RemoteWebDriver.java:605)
	at org.openqa.selenium.remote.RemoteWebDriver.getScreenshotAs(RemoteWebDriver.java:294)
	at com.cpcommunity.ExtentListeners.ExtentManager.captureScreenshot(ExtentManager.java:73)
	at com.cpcommunity.ExtentListeners.ExtentListeners.onTestFailure(ExtentListeners.java:76)
	at org.testng.internal.Invoker.runTestListeners(Invoker.java:1731)
	at org.testng.internal.Invoker.runTestListeners(Invoker.java:1714)
	at org.testng.internal.Invoker.invokeMethod(Invoker.java:714)
	at org.testng.internal.Invoker.retryFailed(Invoker.java:1014)
	at org.testng.internal.Invoker.invokeTestMethods(Invoker.java:1215)
	at org.testng.internal.TestMethodWorker.invokeTestMethods(TestMethodWorker.java:126)
	at org.testng.internal.TestMethodWorker.run(TestMethodWorker.java:109)
	at java.util.concurrent.ThreadPoolExecutor.runWorker(ThreadPoolExecutor.java:1149)
	at java.util.concurrent.ThreadPoolExecutor$Worker.run(ThreadPoolExecutor.java:624)
	at java.lang.Thread.run(Thread.java:748)
]]></system-err>
  </testcase>
  <testcase name="TC129" classname="com.cpcommunity.testScripts.community.TC129_Apply_Job_Requirement_From_Community_Details_Page" time="23.039"/>
  <testcase name="TC130" classname="com.cpcommunity.testScripts.community.TC130_Apply_Job_Requirement_From_Global_Careers" time="22.149"/>
  <testcase name="TC106" classname="com.cpcommunity.testScripts.community.TC106_Join_And_Leave_Public_Group_From_My_Groups_Page" time="0">
    <skipped/>
    <system-out><![CDATA[INFO    2020-10-05 02:44:07,838 [TestNG-test=Test12-2] com.cpcommunity.testScripts.community.BaseTest  - Test Execution Completed !!!
Total rows are : 1167
Test case starts from row num: 925
Total rows of data are : 1
Total cols are : 6
@TestCase : TC170
Total rows are : 1167
Test case starts from row num: 201
Total rows of data are : 1
Total cols are : 7
@TestCase : TC106
Total rows are : 1167
Test case starts from row num: 383
Total rows of data are : 1
Total cols are : 10
@TestCase : TC072
Total rows are : 1167
Test case starts from row num: 848
Total rows of data are : 1
Total cols are : 12
@TestCase : TC143
Total rows are : 1167
Test case starts from row num: 852
Total rows of data are : 1
Total cols are : 12
@TestCase : TC144
INFO    2020-10-05 02:44:08,089 [TestNG-test=Test13-2] com.cpcommunity.testScripts.community.BaseTest  - Inside Login Test
Launching : chrome
INFO    2020-10-05 02:44:08,117 [TestNG-test=Test13-3] com.cpcommunity.testScripts.community.BaseTest  - Inside Login Test
Launching : chrome
INFO    2020-10-05 02:44:08,138 [TestNG-test=Test13-1] com.cpcommunity.testScripts.community.BaseTest  - Inside Login Test
Launching : chrome
INFO    2020-10-05 02:44:08,142 [TestNG-test=Test13-5] com.cpcommunity.testScripts.community.BaseTest  - Inside Login Test
{attendeeFirstName=Andrew, Test Descrption=TC144_Paid_Event_Registration_With_Authorize_From_Event_Details_Page, promoCode1=, Runmode=Y, browser=chrome, eventName=Paid event -, email=andrew74444@gmail.com, attendeLastName=Thomson, password=Admin@123, companyName=PamTen, payerEmailID=andrew74444@gmail.com, attendeeEmailID=andrew74444@gmail.com}
Launching : chrome
INFO    2020-10-05 02:44:08,145 [TestNG-test=Test13-4] com.cpcommunity.testScripts.community.BaseTest  - Inside Login Test
{attendeeFirstName=Andrew, Test Descrption=TC143_Paid_Event_Registration_With_PayPal_From_Event_Details_Page, promoCode1=, Runmode=Y, browser=chrome, eventName=Paid event -, email=andrew74444@gmail.com, attendeLastName=Thomson, password=Admin@123, companyName=PamTen, payerEmailID=andrew74444@gmail.com, attendeeEmailID=andrew74444@gmail.com}
Launching : chrome
ChromeDriver: chrome on XP (b2023be0730db036539341ad742afe72)
b2023be0730db036539341ad742afe72
INFO    2020-10-05 02:44:12,393 [TestNG-test=Test13-1] com.cpcommunity.testScripts.community.BaseTest  - Driver Initialized !!!
ChromeDriver: chrome on XP (d255f5b41c22d5ff1c7104ba0ff4678a)
d255f5b41c22d5ff1c7104ba0ff4678a
INFO    2020-10-05 02:44:12,498 [TestNG-test=Test13-3] com.cpcommunity.testScripts.community.BaseTest  - Driver Initialized !!!
ChromeDriver: chrome on XP (f552e832503864ad899bcda7626661db)
f552e832503864ad899bcda7626661db
INFO    2020-10-05 02:44:12,568 [TestNG-test=Test13-4] com.cpcommunity.testScripts.community.BaseTest  - Driver Initialized !!!
ChromeDriver: chrome on XP (4948eb57e354af782f6a6bf4bc7389c3)
4948eb57e354af782f6a6bf4bc7389c3
INFO    2020-10-05 02:44:12,629 [TestNG-test=Test13-5] com.cpcommunity.testScripts.community.BaseTest  - Driver Initialized !!!
ChromeDriver: chrome on XP (93b0bb7aac347e949a6d82161c83e03a)
93b0bb7aac347e949a6d82161c83e03a
INFO    2020-10-05 02:44:12,672 [TestNG-test=Test13-2] com.cpcommunity.testScripts.community.BaseTest  - Driver Initialized !!!
Page Opened
Page Opened
Page Opened
Page Opened
Page Opened
INFO    2020-10-05 02:44:29,281 [TestNG-test=Test13-1] com.cpcommunity.PageObjects.BasePage  - scrolling up vertically...
INFO    2020-10-05 02:44:29,474 [TestNG-test=Test13-2] com.cpcommunity.PageObjects.BasePage  - scrolling up vertically...
INFO    2020-10-05 02:44:29,479 [TestNG-test=Test13-3] com.cpcommunity.PageObjects.BasePage  - scrolling up vertically...
INFO    2020-10-05 02:44:29,491 [TestNG-test=Test13-5] com.cpcommunity.PageObjects.BasePage  - scrolling up vertically...
INFO    2020-10-05 02:44:30,572 [TestNG-test=Test13-4] com.cpcommunity.PageObjects.BasePage  - scrolling up vertically...
INFO    2020-10-05 02:44:34,332 [TestNG-test=Test13-1] com.cpcommunity.PageObjects.BasePage  - waiting for :[[ChromeDriver: chrome on XP (b2023be0730db036539341ad742afe72)] -> xpath: //a[contains(.,'Login')]] for :18 seconds
INFO    2020-10-05 02:44:34,362 [TestNG-test=Test13-1] com.cpcommunity.PageObjects.BasePage  - [[ChromeDriver: chrome on XP (b2023be0730db036539341ad742afe72)] -> xpath: //a[contains(.,'Login')]]is displayed
INFO    2020-10-05 02:44:34,535 [TestNG-test=Test13-2] com.cpcommunity.PageObjects.BasePage  - waiting for :[[ChromeDriver: chrome on XP (93b0bb7aac347e949a6d82161c83e03a)] -> xpath: //a[contains(.,'Login')]] for :18 seconds
INFO    2020-10-05 02:44:34,553 [TestNG-test=Test13-3] com.cpcommunity.PageObjects.BasePage  - waiting for :[[ChromeDriver: chrome on XP (d255f5b41c22d5ff1c7104ba0ff4678a)] -> xpath: //a[contains(.,'Login')]] for :18 seconds
INFO    2020-10-05 02:44:34,563 [TestNG-test=Test13-5] com.cpcommunity.PageObjects.BasePage  - waiting for :[[ChromeDriver: chrome on XP (4948eb57e354af782f6a6bf4bc7389c3)] -> xpath: //a[contains(.,'Login')]] for :18 seconds
INFO    2020-10-05 02:44:34,578 [TestNG-test=Test13-2] com.cpcommunity.PageObjects.BasePage  - [[ChromeDriver: chrome on XP (93b0bb7aac347e949a6d82161c83e03a)] -> xpath: //a[contains(.,'Login')]]is displayed
INFO    2020-10-05 02:44:34,586 [TestNG-test=Test13-3] com.cpcommunity.PageObjects.BasePage  - [[ChromeDriver: chrome on XP (d255f5b41c22d5ff1c7104ba0ff4678a)] -> xpath: //a[contains(.,'Login')]]is displayed
INFO    2020-10-05 02:44:34,593 [TestNG-test=Test13-5] com.cpcommunity.PageObjects.BasePage  - [[ChromeDriver: chrome on XP (4948eb57e354af782f6a6bf4bc7389c3)] -> xpath: //a[contains(.,'Login')]]is displayed
INFO    2020-10-05 02:44:35,617 [TestNG-test=Test13-4] com.cpcommunity.PageObjects.BasePage  - waiting for :[[ChromeDriver: chrome on XP (f552e832503864ad899bcda7626661db)] -> xpath: //a[contains(.,'Login')]] for :18 seconds
INFO    2020-10-05 02:44:35,648 [TestNG-test=Test13-4] com.cpcommunity.PageObjects.BasePage  - [[ChromeDriver: chrome on XP (f552e832503864ad899bcda7626661db)] -> xpath: //a[contains(.,'Login')]]is displayed
INFO    2020-10-05 02:44:37,364 [TestNG-test=Test13-1] com.cpcommunity.PageObjects.BasePage  - Clicking on : LOGIN
INFO    2020-10-05 02:44:37,581 [TestNG-test=Test13-2] com.cpcommunity.PageObjects.BasePage  - Clicking on : LOGIN
INFO    2020-10-05 02:44:37,590 [TestNG-test=Test13-3] com.cpcommunity.PageObjects.BasePage  - Clicking on : LOGIN
INFO    2020-10-05 02:44:37,596 [TestNG-test=Test13-5] com.cpcommunity.PageObjects.BasePage  - Clicking on : LOGIN
INFO    2020-10-05 02:44:38,655 [TestNG-test=Test13-4] com.cpcommunity.PageObjects.BasePage  - Clicking on : LOGIN
ChromeDriver: chrome on XP (b2023be0730db036539341ad742afe72)Login Page
ChromeDriver: chrome on XP (d255f5b41c22d5ff1c7104ba0ff4678a)Login Page
ChromeDriver: chrome on XP (f552e832503864ad899bcda7626661db)Login Page
ChromeDriver: chrome on XP (4948eb57e354af782f6a6bf4bc7389c3)Login Page
ChromeDriver: chrome on XP (93b0bb7aac347e949a6d82161c83e03a)Login Page
INFO    2020-10-05 02:44:49,797 [TestNG-test=Test13-1] com.cpcommunity.PageObjects.BasePage  - scrolling up vertically...
INFO    2020-10-05 02:44:51,394 [TestNG-test=Test13-4] com.cpcommunity.PageObjects.BasePage  - scrolling up vertically...
INFO    2020-10-05 02:44:51,480 [TestNG-test=Test13-3] com.cpcommunity.PageObjects.BasePage  - scrolling up vertically...
INFO    2020-10-05 02:44:51,481 [TestNG-test=Test13-2] com.cpcommunity.PageObjects.BasePage  - scrolling up vertically...
INFO    2020-10-05 02:44:51,481 [TestNG-test=Test13-5] com.cpcommunity.PageObjects.BasePage  - scrolling up vertically...
INFO    2020-10-05 02:44:54,825 [TestNG-test=Test13-1] com.cpcommunity.PageObjects.BasePage  - Typing in : email address entered the value as : ivanka.jessebelle2018@gmail.com
INFO    2020-10-05 02:44:56,161 [TestNG-test=Test13-1] com.cpcommunity.PageObjects.BasePage  - Typing in : password entered the value as : Admin@123
INFO    2020-10-05 02:44:56,455 [TestNG-test=Test13-4] com.cpcommunity.PageObjects.BasePage  - Typing in : email address entered the value as : andrew74444@gmail.com
INFO    2020-10-05 02:44:56,500 [TestNG-test=Test13-5] com.cpcommunity.PageObjects.BasePage  - Typing in : email address entered the value as : andrew74444@gmail.com
INFO    2020-10-05 02:44:56,500 [TestNG-test=Test13-3] com.cpcommunity.PageObjects.BasePage  - Typing in : email address entered the value as : indiaaustralia0@gmail.com
INFO    2020-10-05 02:44:56,501 [TestNG-test=Test13-2] com.cpcommunity.PageObjects.BasePage  - Typing in : email address entered the value as : nancykemper463@gmail.com
INFO    2020-10-05 02:44:57,005 [TestNG-test=Test13-1] com.cpcommunity.PageObjects.BasePage  - Clicking on : Login
INFO    2020-10-05 02:44:57,622 [TestNG-test=Test13-4] com.cpcommunity.PageObjects.BasePage  - Typing in : password entered the value as : Admin@123
INFO    2020-10-05 02:44:57,992 [TestNG-test=Test13-5] com.cpcommunity.PageObjects.BasePage  - Typing in : password entered the value as : Admin@123
INFO    2020-10-05 02:44:58,138 [TestNG-test=Test13-4] com.cpcommunity.PageObjects.BasePage  - Clicking on : Login
INFO    2020-10-05 02:44:58,174 [TestNG-test=Test13-3] com.cpcommunity.PageObjects.BasePage  - Typing in : password entered the value as : Admin@123
INFO    2020-10-05 02:44:58,221 [TestNG-test=Test13-2] com.cpcommunity.PageObjects.BasePage  - Typing in : password entered the value as : Admin@123
INFO    2020-10-05 02:44:58,526 [TestNG-test=Test13-5] com.cpcommunity.PageObjects.BasePage  - Clicking on : Login
INFO    2020-10-05 02:44:58,997 [TestNG-test=Test13-3] com.cpcommunity.PageObjects.BasePage  - Clicking on : Login
INFO    2020-10-05 02:44:59,082 [TestNG-test=Test13-2] com.cpcommunity.PageObjects.BasePage  - Clicking on : Login
INFO    2020-10-05 02:45:12,544 [TestNG-test=Test13-3] com.cpcommunity.PageObjects.BasePage  - scrolling up vertically...
INFO    2020-10-05 02:45:12,544 [TestNG-test=Test13-2] com.cpcommunity.PageObjects.BasePage  - scrolling up vertically...
INFO    2020-10-05 02:45:12,586 [TestNG-test=Test13-5] com.cpcommunity.PageObjects.BasePage  - scrolling up vertically...
INFO    2020-10-05 02:45:13,027 [TestNG-test=Test13-1] com.cpcommunity.PageObjects.BasePage  - scrolling up vertically...
INFO    2020-10-05 02:45:13,741 [TestNG-test=Test13-4] com.cpcommunity.PageObjects.BasePage  - scrolling up vertically...
INFO    2020-10-05 02:45:17,624 [TestNG-test=Test13-2] com.cpcommunity.PageObjects.BasePage  - waiting for :[[ChromeDriver: chrome on XP (93b0bb7aac347e949a6d82161c83e03a)] -> xpath: //*[@id='navbar']//*[contains(text(),'Global Communities')]] for :18 seconds
INFO    2020-10-05 02:45:17,639 [TestNG-test=Test13-3] com.cpcommunity.PageObjects.BasePage  - waiting for :[[ChromeDriver: chrome on XP (d255f5b41c22d5ff1c7104ba0ff4678a)] -> xpath: //*[@id='navbar']//*[contains(text(),'Global Communities')]] for :18 seconds
INFO    2020-10-05 02:45:17,673 [TestNG-test=Test13-2] com.cpcommunity.PageObjects.BasePage  - [[ChromeDriver: chrome on XP (93b0bb7aac347e949a6d82161c83e03a)] -> xpath: //*[@id='navbar']//*[contains(text(),'Global Communities')]]is displayed
INFO    2020-10-05 02:45:17,682 [TestNG-test=Test13-3] com.cpcommunity.PageObjects.BasePage  - [[ChromeDriver: chrome on XP (d255f5b41c22d5ff1c7104ba0ff4678a)] -> xpath: //*[@id='navbar']//*[contains(text(),'Global Communities')]]is displayed
INFO    2020-10-05 02:45:17,731 [TestNG-test=Test13-5] com.cpcommunity.PageObjects.BasePage  - waiting for :[[ChromeDriver: chrome on XP (4948eb57e354af782f6a6bf4bc7389c3)] -> xpath: //a[contains(text(),'Upcoming Events')]] for :18 seconds
INFO    2020-10-05 02:45:17,756 [TestNG-test=Test13-5] com.cpcommunity.PageObjects.BasePage  - [[ChromeDriver: chrome on XP (4948eb57e354af782f6a6bf4bc7389c3)] -> xpath: //a[contains(text(),'Upcoming Events')]]is displayed
INFO    2020-10-05 02:45:18,114 [TestNG-test=Test13-1] com.cpcommunity.PageObjects.BasePage  - waiting for :[[ChromeDriver: chrome on XP (b2023be0730db036539341ad742afe72)] -> xpath: //*[@id='mycommunitestab']//a[contains(text(),'VIEW ALL')]] for :18 seconds
INFO    2020-10-05 02:45:18,148 [TestNG-test=Test13-1] com.cpcommunity.PageObjects.BasePage  - [[ChromeDriver: chrome on XP (b2023be0730db036539341ad742afe72)] -> xpath: //*[@id='mycommunitestab']//a[contains(text(),'VIEW ALL')]]is displayed
INFO    2020-10-05 02:45:18,842 [TestNG-test=Test13-4] com.cpcommunity.PageObjects.BasePage  - waiting for :[[ChromeDriver: chrome on XP (f552e832503864ad899bcda7626661db)] -> xpath: //a[contains(text(),'Upcoming Events')]] for :18 seconds
INFO    2020-10-05 02:45:18,875 [TestNG-test=Test13-4] com.cpcommunity.PageObjects.BasePage  - [[ChromeDriver: chrome on XP (f552e832503864ad899bcda7626661db)] -> xpath: //a[contains(text(),'Upcoming Events')]]is displayed
INFO    2020-10-05 02:45:19,704 [TestNG-test=Test13-2] com.cpcommunity.PageObjects.BasePage  - Clicking[[ChromeDriver: chrome on XP (93b0bb7aac347e949a6d82161c83e03a)] -> xpath: //*[@id='navbar']//*[contains(text(),'Global Communities')]]
INFO    2020-10-05 02:45:19,713 [TestNG-test=Test13-3] com.cpcommunity.PageObjects.BasePage  - Clicking[[ChromeDriver: chrome on XP (d255f5b41c22d5ff1c7104ba0ff4678a)] -> xpath: //*[@id='navbar']//*[contains(text(),'Global Communities')]]
INFO    2020-10-05 02:45:19,757 [TestNG-test=Test13-5] com.cpcommunity.PageObjects.BasePage  - Clicking on : Upcoming Events
INFO    2020-10-05 02:45:20,149 [TestNG-test=Test13-1] com.cpcommunity.PageObjects.BasePage  - Clicking on : view All
INFO    2020-10-05 02:45:20,875 [TestNG-test=Test13-4] com.cpcommunity.PageObjects.BasePage  - Clicking on : Upcoming Events
INFO    2020-10-05 02:45:26,458 [TestNG-test=Test13-3] com.cpcommunity.PageObjects.BasePage  - Clicked[[ChromeDriver: chrome on XP (d255f5b41c22d5ff1c7104ba0ff4678a)] -> xpath: //*[@id='navbar']//*[contains(text(),'Global Communities')]]
INFO    2020-10-05 02:45:26,524 [TestNG-test=Test13-2] com.cpcommunity.PageObjects.BasePage  - Clicked[[ChromeDriver: chrome on XP (93b0bb7aac347e949a6d82161c83e03a)] -> xpath: //*[@id='navbar']//*[contains(text(),'Global Communities')]]
INFO    2020-10-05 02:45:28,450 [TestNG-test=Test13-1] com.cpcommunity.PageObjects.BasePage  - scrolling up vertically...
INFO    2020-10-05 02:45:28,496 [TestNG-test=Test13-4] com.cpcommunity.PageObjects.BasePage  - scrolling up vertically...
INFO    2020-10-05 02:45:28,521 [TestNG-test=Test13-5] com.cpcommunity.PageObjects.BasePage  - scrolling up vertically...
INFO    2020-10-05 02:45:29,538 [TestNG-test=Test13-3] com.cpcommunity.PageObjects.BasePage  - scrolling up vertically...
INFO    2020-10-05 02:45:29,589 [TestNG-test=Test13-2] com.cpcommunity.PageObjects.BasePage  - scrolling up vertically...
Date Format with dd MMMM yyyy : 05 Oct 2020
INFO    2020-10-05 02:45:33,497 [TestNG-test=Test13-1] com.cpcommunity.PageObjects.BasePage  - waiting for :[[ChromeDriver: chrome on XP (b2023be0730db036539341ad742afe72)] -> xpath: //input[@placeholder='Search by Community Name']] for :18 seconds
INFO    2020-10-05 02:45:33,547 [TestNG-test=Test13-1] com.cpcommunity.PageObjects.BasePage  - [[ChromeDriver: chrome on XP (b2023be0730db036539341ad742afe72)] -> xpath: //input[@placeholder='Search by Community Name']]is displayed
Date Format with dd MMMM yyyy : 05 Oct 2020
INFO    2020-10-05 02:45:33,644 [TestNG-test=Test13-4] com.cpcommunity.PageObjects.BasePage  - Typing in : eventName entered the value as : Paid event - 05 Oct 2020
Date Format with dd MMMM yyyy : 05 Oct 2020
INFO    2020-10-05 02:45:33,687 [TestNG-test=Test13-5] com.cpcommunity.PageObjects.BasePage  - Typing in : eventName entered the value as : Paid event - 05 Oct 2020
INFO    2020-10-05 02:45:34,027 [TestNG-test=Test13-4] com.cpcommunity.PageObjects.BasePage  - Clicking on : Search
INFO    2020-10-05 02:45:34,231 [TestNG-test=Test13-5] com.cpcommunity.PageObjects.BasePage  - Clicking on : Search
Date Format with dd MMMM yyyy : 05 Oct 2020
INFO    2020-10-05 02:45:34,617 [TestNG-test=Test13-3] com.cpcommunity.PageObjects.BasePage  - Typing in : search entered the value as : Community - 05 Oct 2020
Date Format with dd MMMM yyyy : 05 Oct 2020
INFO    2020-10-05 02:45:34,705 [TestNG-test=Test13-2] com.cpcommunity.PageObjects.BasePage  - Typing in : search entered the value as : Community 1 - 05 Oct 2020
INFO    2020-10-05 02:45:34,987 [TestNG-test=Test13-3] com.cpcommunity.PageObjects.BasePage  - Clicking on : search Btn
INFO    2020-10-05 02:45:35,070 [TestNG-test=Test13-2] com.cpcommunity.PageObjects.BasePage  - Clicking on : search Btn
INFO    2020-10-05 02:45:35,867 [TestNG-test=Test13-1] com.cpcommunity.PageObjects.BasePage  - Typing in : Search by Community entered the value as : Community - 05 Oct 2020
INFO    2020-10-05 02:45:36,118 [TestNG-test=Test13-1] com.cpcommunity.PageObjects.BasePage  - Clicking on : search btn
INFO    2020-10-05 02:45:37,144 [TestNG-test=Test13-3] com.cpcommunity.PageObjects.BasePage  - waiting for :[[ChromeDriver: chrome on XP (d255f5b41c22d5ff1c7104ba0ff4678a)] -> xpath: //a[contains(text(),'Community - 05 Oct 2020')]] for :18 seconds
INFO    2020-10-05 02:45:37,247 [TestNG-test=Test13-3] com.cpcommunity.PageObjects.BasePage  - [[ChromeDriver: chrome on XP (d255f5b41c22d5ff1c7104ba0ff4678a)] -> xpath: //a[contains(text(),'Community - 05 Oct 2020')]]is displayed
INFO    2020-10-05 02:45:37,304 [TestNG-test=Test13-2] com.cpcommunity.PageObjects.BasePage  - waiting for :[[ChromeDriver: chrome on XP (93b0bb7aac347e949a6d82161c83e03a)] -> xpath: //a[contains(text(),'Community 1 - 05 Oct 2020')]] for :18 seconds
INFO    2020-10-05 02:45:37,316 [TestNG-test=Test13-2] com.cpcommunity.PageObjects.BasePage  - [[ChromeDriver: chrome on XP (93b0bb7aac347e949a6d82161c83e03a)] -> xpath: //a[contains(text(),'Community 1 - 05 Oct 2020')]]is displayed
INFO    2020-10-05 02:45:39,337 [TestNG-test=Test13-4] com.cpcommunity.PageObjects.BasePage  - https://multi1.ezysubscribe.com/event/details/Paid-event-05-Oct-2020/715
INFO    2020-10-05 02:45:39,493 [TestNG-test=Test13-5] com.cpcommunity.PageObjects.BasePage  - https://multi1.ezysubscribe.com/event/details/Paid-event-05-Oct-2020/715
INFO    2020-10-05 02:45:42,304 [TestNG-test=Test13-1] com.cpcommunity.PageObjects.BasePage  - waiting for :[[ChromeDriver: chrome on XP (b2023be0730db036539341ad742afe72)] -> xpath: //a[@tooltip='Community - 05 Oct 2020']] for :18 seconds
INFO    2020-10-05 02:45:42,386 [TestNG-test=Test13-1] com.cpcommunity.PageObjects.BasePage  - [[ChromeDriver: chrome on XP (b2023be0730db036539341ad742afe72)] -> xpath: //a[@tooltip='Community - 05 Oct 2020']]is displayed
INFO    2020-10-05 02:45:44,708 [TestNG-test=Test13-1] com.cpcommunity.PageObjects.BasePage  - Clicking on : CommunityName
INFO    2020-10-05 02:45:52,449 [TestNG-test=Test13-3] com.cpcommunity.PageObjects.BasePage  - scrolling up vertically...
INFO    2020-10-05 02:45:58,691 [TestNG-test=Test13-2] com.cpcommunity.PageObjects.BasePage  - scrolling up vertically...
INFO    2020-10-05 02:46:02,837 [TestNG-test=Test13-5] com.cpcommunity.PageObjects.BasePage  - scrolling up vertically...
INFO    2020-10-05 02:46:03,870 [TestNG-test=Test13-3] com.cpcommunity.PageObjects.BasePage  - scrolling up vertically...
INFO    2020-10-05 02:46:05,903 [TestNG-test=Test13-1] com.cpcommunity.PageObjects.BasePage  - scrolling up vertically...
INFO    2020-10-05 02:46:05,973 [TestNG-test=Test13-4] com.cpcommunity.PageObjects.BasePage  - scrolling up vertically...
INFO    2020-10-05 02:46:07,866 [TestNG-test=Test13-5] com.cpcommunity.PageObjects.BasePage  - Clicking on : Register
Date Format with dd MMMM yyyy : 05 Oct 2020
INFO    2020-10-05 02:46:09,278 [TestNG-test=Test13-2] com.cpcommunity.PageObjects.BasePage  - scrolling up vertically...
INFO    2020-10-05 02:46:09,999 [TestNG-test=Test13-5] com.cpcommunity.PageObjects.BasePage  - Selecting the +Ticket+ value as : 1
INFO    2020-10-05 02:46:11,026 [TestNG-test=Test13-4] com.cpcommunity.PageObjects.BasePage  - Clicking on : Register
INFO    2020-10-05 02:46:12,905 [TestNG-test=Test13-3] com.cpcommunity.PageObjects.BasePage  - Clicking on : Groups
INFO    2020-10-05 02:46:13,149 [TestNG-test=Test13-4] com.cpcommunity.PageObjects.BasePage  - Selecting the +Ticket+ value as : 1
INFO    2020-10-05 02:46:13,178 [TestNG-test=Test13-3] com.cpcommunity.PageObjects.BasePage  - waiting for :[[ChromeDriver: chrome on XP (d255f5b41c22d5ff1c7104ba0ff4678a)] -> xpath: //input[@placeholder='Search by Groups']] for :18 seconds
INFO    2020-10-05 02:46:13,230 [TestNG-test=Test13-3] com.cpcommunity.PageObjects.BasePage  - [[ChromeDriver: chrome on XP (d255f5b41c22d5ff1c7104ba0ff4678a)] -> xpath: //input[@placeholder='Search by Groups']]is displayed
INFO    2020-10-05 02:46:13,384 [TestNG-test=Test13-1] com.cpcommunity.PageObjects.BasePage  - scrolling up vertically...
INFO    2020-10-05 02:46:14,352 [TestNG-test=Test13-2] com.cpcommunity.PageObjects.BasePage  - Clicking on : discussions
INFO    2020-10-05 02:46:14,734 [TestNG-test=Test13-5] com.cpcommunity.PageObjects.BasePage  - Typing in : First Name entered the value as : Andrew
INFO    2020-10-05 02:46:15,007 [TestNG-test=Test13-5] com.cpcommunity.PageObjects.BasePage  - Typing in : Last Name entered the value as : Thomson
INFO    2020-10-05 02:46:15,375 [TestNG-test=Test13-5] com.cpcommunity.PageObjects.BasePage  - Typing in : Company Name entered the value as : PamTen
INFO    2020-10-05 02:46:15,620 [TestNG-test=Test13-5] com.cpcommunity.PageObjects.BasePage  - Typing in : Attendee Email ID entered the value as : andrew74444@gmail.com
INFO    2020-10-05 02:46:17,809 [TestNG-test=Test13-4] com.cpcommunity.PageObjects.BasePage  - Typing in : First Name entered the value as : Andrew
INFO    2020-10-05 02:46:18,033 [TestNG-test=Test13-4] com.cpcommunity.PageObjects.BasePage  - Typing in : Last Name entered the value as : Thomson
INFO    2020-10-05 02:46:18,292 [TestNG-test=Test13-4] com.cpcommunity.PageObjects.BasePage  - Typing in : Company Name entered the value as : PamTen
Date Format with dd MMMM yyyy : 05 Oct 2020
INFO    2020-10-05 02:46:18,526 [TestNG-test=Test13-4] com.cpcommunity.PageObjects.BasePage  - Typing in : Attendee Email ID entered the value as : andrew74444@gmail.com
INFO    2020-10-05 02:46:19,239 [TestNG-test=Test13-5] com.cpcommunity.PageObjects.BasePage  - Taking Screen shot of the element
INFO    2020-10-05 02:46:19,684 [TestNG-test=Test13-5] com.cpcommunity.PageObjects.BasePage  - Taken Screen shot of the element
INFO    2020-10-05 02:46:19,707 [TestNG-test=Test13-5] com.cpcommunity.PageObjects.BasePage  - Clicking on : Next
INFO    2020-10-05 02:46:19,858 [TestNG-test=Test13-5] com.cpcommunity.PageObjects.BasePage  - waiting for :[[ChromeDriver: chrome on XP (4948eb57e354af782f6a6bf4bc7389c3)] -> xpath: //h4[contains(text(),'Booking Information')]] for :18 seconds
INFO    2020-10-05 02:46:19,896 [TestNG-test=Test13-5] com.cpcommunity.PageObjects.BasePage  - [[ChromeDriver: chrome on XP (4948eb57e354af782f6a6bf4bc7389c3)] -> xpath: //h4[contains(text(),'Booking Information')]]is displayed
INFO    2020-10-05 02:46:21,549 [TestNG-test=Test13-3] com.cpcommunity.PageObjects.BasePage  - Typing in : Group Name entered the value as : Public Group 05 Oct 2020
INFO    2020-10-05 02:46:21,779 [TestNG-test=Test13-3] com.cpcommunity.PageObjects.BasePage  - Clicking on : Groups Search Btn
INFO    2020-10-05 02:46:21,972 [TestNG-test=Test13-5] com.cpcommunity.PageObjects.BasePage  - Typing in : Payer Email ID entered the value as : andrew74444@gmail.com
INFO    2020-10-05 02:46:22,262 [TestNG-test=Test13-4] com.cpcommunity.PageObjects.BasePage  - Taking Screen shot of the element
INFO    2020-10-05 02:46:22,419 [TestNG-test=Test13-1] com.cpcommunity.PageObjects.BasePage  - Clicking on : Groups
INFO    2020-10-05 02:46:22,790 [TestNG-test=Test13-1] com.cpcommunity.PageObjects.BasePage  - waiting for :[[ChromeDriver: chrome on XP (b2023be0730db036539341ad742afe72)] -> xpath: //input[@placeholder='Search by Groups']] for :18 seconds
INFO    2020-10-05 02:46:22,851 [TestNG-test=Test13-1] com.cpcommunity.PageObjects.BasePage  - [[ChromeDriver: chrome on XP (b2023be0730db036539341ad742afe72)] -> xpath: //input[@placeholder='Search by Groups']]is displayed
INFO    2020-10-05 02:46:22,855 [TestNG-test=Test13-4] com.cpcommunity.PageObjects.BasePage  - Taken Screen shot of the element
INFO    2020-10-05 02:46:22,950 [TestNG-test=Test13-4] com.cpcommunity.PageObjects.BasePage  - Clicking on : Next
INFO    2020-10-05 02:46:23,184 [TestNG-test=Test13-4] com.cpcommunity.PageObjects.BasePage  - waiting for :[[ChromeDriver: chrome on XP (f552e832503864ad899bcda7626661db)] -> xpath: //h4[contains(text(),'Booking Information')]] for :18 seconds
INFO    2020-10-05 02:46:23,235 [TestNG-test=Test13-4] com.cpcommunity.PageObjects.BasePage  - [[ChromeDriver: chrome on XP (f552e832503864ad899bcda7626661db)] -> xpath: //h4[contains(text(),'Booking Information')]]is displayed
INFO    2020-10-05 02:46:25,307 [TestNG-test=Test13-4] com.cpcommunity.PageObjects.BasePage  - Typing in : Payer Email ID entered the value as : andrew74444@gmail.com
INFO    2020-10-05 02:46:27,072 [TestNG-test=Test13-3] com.cpcommunity.PageObjects.BasePage  - Clicking[[ChromeDriver: chrome on XP (d255f5b41c22d5ff1c7104ba0ff4678a)] -> xpath: //button[contains(.,' Join')]]
INFO    2020-10-05 02:46:27,206 [TestNG-test=Test13-5] com.cpcommunity.PageObjects.BasePage  - scrolling down vertically...
INFO    2020-10-05 02:46:29,109 [TestNG-test=Test13-3] com.cpcommunity.PageObjects.BasePage  - Clicked[[ChromeDriver: chrome on XP (d255f5b41c22d5ff1c7104ba0ff4678a)] -> xpath: //button[contains(.,' Join')]]
INFO    2020-10-05 02:46:29,122 [TestNG-test=Test13-3] com.cpcommunity.PageObjects.BasePage  - waiting for :[[ChromeDriver: chrome on XP (d255f5b41c22d5ff1c7104ba0ff4678a)] -> xpath: //button[contains(text(),'Yes,Proceed')]] for :18 seconds
INFO    2020-10-05 02:46:29,152 [TestNG-test=Test13-3] com.cpcommunity.PageObjects.BasePage  - [[ChromeDriver: chrome on XP (d255f5b41c22d5ff1c7104ba0ff4678a)] -> xpath: //button[contains(text(),'Yes,Proceed')]]is displayed
INFO    2020-10-05 02:46:30,044 [TestNG-test=Test13-4] com.cpcommunity.PageObjects.BasePage  - scrolling down vertically...
INFO    2020-10-05 02:46:30,257 [TestNG-test=Test13-5] com.cpcommunity.PageObjects.BasePage  - Clicking[[ChromeDriver: chrome on XP (4948eb57e354af782f6a6bf4bc7389c3)] -> xpath: //*[contains(text(),'Book Now')]]
INFO    2020-10-05 02:46:31,153 [TestNG-test=Test13-3] com.cpcommunity.PageObjects.BasePage  - Clicking on : GroupsYesProceed
INFO    2020-10-05 02:46:31,219 [TestNG-test=Test13-1] com.cpcommunity.PageObjects.BasePage  - Typing in : Group Name entered the value as : Private Group 05 Oct 2020
INFO    2020-10-05 02:46:31,613 [TestNG-test=Test13-1] com.cpcommunity.PageObjects.BasePage  - Clicking on : Groups Search Btn
INFO    2020-10-05 02:46:32,157 [TestNG-test=Test13-3] com.cpcommunity.PageObjects.BasePage  - waiting for :[[ChromeDriver: chrome on XP (d255f5b41c22d5ff1c7104ba0ff4678a)] -> xpath: //div[@class='toast-message']] for :18 seconds
INFO    2020-10-05 02:46:32,232 [TestNG-test=Test13-3] com.cpcommunity.PageObjects.BasePage  - [[ChromeDriver: chrome on XP (d255f5b41c22d5ff1c7104ba0ff4678a)] -> xpath: //div[@class='toast-message']]is displayed
INFO    2020-10-05 02:46:32,328 [TestNG-test=Test13-5] com.cpcommunity.PageObjects.BasePage  - Clicked[[ChromeDriver: chrome on XP (4948eb57e354af782f6a6bf4bc7389c3)] -> xpath: //*[contains(text(),'Book Now')]]
INFO    2020-10-05 02:46:32,346 [TestNG-test=Test13-5] com.cpcommunity.PageObjects.BasePage  - waiting for :[[ChromeDriver: chrome on XP (4948eb57e354af782f6a6bf4bc7389c3)] -> xpath: //input[@value='2']] for :18 seconds
INFO    2020-10-05 02:46:33,102 [TestNG-test=Test13-4] com.cpcommunity.PageObjects.BasePage  - Clicking[[ChromeDriver: chrome on XP (f552e832503864ad899bcda7626661db)] -> xpath: //*[contains(text(),'Book Now')]]
INFO    2020-10-05 02:46:35,205 [TestNG-test=Test13-4] com.cpcommunity.PageObjects.BasePage  - Clicked[[ChromeDriver: chrome on XP (f552e832503864ad899bcda7626661db)] -> xpath: //*[contains(text(),'Book Now')]]
INFO    2020-10-05 02:46:36,857 [TestNG-test=Test13-1] com.cpcommunity.PageObjects.BasePage  - Clicking[[ChromeDriver: chrome on XP (b2023be0730db036539341ad742afe72)] -> xpath: //button[contains(.,' Join')]]
INFO    2020-10-05 02:46:37,647 [TestNG-test=Test13-5] com.cpcommunity.PageObjects.BasePage  - [[ChromeDriver: chrome on XP (4948eb57e354af782f6a6bf4bc7389c3)] -> xpath: //input[@value='2']]is displayed
INFO    2020-10-05 02:46:38,901 [TestNG-test=Test13-1] com.cpcommunity.PageObjects.BasePage  - Clicked[[ChromeDriver: chrome on XP (b2023be0730db036539341ad742afe72)] -> xpath: //button[contains(.,' Join')]]
INFO    2020-10-05 02:46:38,919 [TestNG-test=Test13-1] com.cpcommunity.PageObjects.BasePage  - waiting for :[[ChromeDriver: chrome on XP (b2023be0730db036539341ad742afe72)] -> xpath: //button[contains(text(),'Yes,Proceed')]] for :18 seconds
INFO    2020-10-05 02:46:38,952 [TestNG-test=Test13-1] com.cpcommunity.PageObjects.BasePage  - [[ChromeDriver: chrome on XP (b2023be0730db036539341ad742afe72)] -> xpath: //button[contains(text(),'Yes,Proceed')]]is displayed
INFO    2020-10-05 02:46:39,648 [TestNG-test=Test13-5] com.cpcommunity.PageObjects.BasePage  - Clicking on : Selecting AuthorizeNet
INFO    2020-10-05 02:46:39,743 [TestNG-test=Test13-5] com.cpcommunity.PageObjects.BasePage  - waiting for :[[ChromeDriver: chrome on XP (4948eb57e354af782f6a6bf4bc7389c3)] -> xpath: //*[@id='Authorizeform']//span[contains(.,'Proceed')]] for :18 seconds
INFO    2020-10-05 02:46:39,780 [TestNG-test=Test13-5] com.cpcommunity.PageObjects.BasePage  - [[ChromeDriver: chrome on XP (4948eb57e354af782f6a6bf4bc7389c3)] -> xpath: //*[@id='Authorizeform']//span[contains(.,'Proceed')]]is displayed
INFO    2020-10-05 02:46:40,952 [TestNG-test=Test13-1] com.cpcommunity.PageObjects.BasePage  - Clicking on : GroupsYesProceed
INFO    2020-10-05 02:46:41,233 [TestNG-test=Test13-3] com.cpcommunity.PageObjects.BasePage  - Clicking on : myGroups
INFO    2020-10-05 02:46:41,782 [TestNG-test=Test13-5] com.cpcommunity.PageObjects.BasePage  - Clicking on : Proceed
INFO    2020-10-05 02:46:42,136 [TestNG-test=Test13-1] com.cpcommunity.PageObjects.BasePage  - waiting for :[[ChromeDriver: chrome on XP (b2023be0730db036539341ad742afe72)] -> xpath: //div[@class='toast-message']] for :18 seconds
INFO    2020-10-05 02:46:42,180 [TestNG-test=Test13-1] com.cpcommunity.PageObjects.BasePage  - [[ChromeDriver: chrome on XP (b2023be0730db036539341ad742afe72)] -> xpath: //div[@class='toast-message']]is displayed
INFO    2020-10-05 02:46:46,580 [TestNG-test=Test13-5] com.cpcommunity.PageObjects.BasePage  - scrolling up vertically...
INFO    2020-10-05 02:46:51,587 [TestNG-test=Test13-5] com.cpcommunity.PageObjects.BasePage  - Typing in : card Num entered the value as : 4242424242424242
INFO    2020-10-05 02:46:51,876 [TestNG-test=Test13-5] com.cpcommunity.PageObjects.BasePage  - Typing in : Expiry Date entered the value as : 0223
INFO    2020-10-05 02:46:52,035 [TestNG-test=Test13-5] com.cpcommunity.PageObjects.BasePage  - Typing in : CVV entered the value as : 024
4224 2224 222
INFO    2020-10-05 02:46:52,853 [TestNG-test=Test13-1] com.cpcommunity.PageObjects.BasePage  - waiting for :[[ChromeDriver: chrome on XP (b2023be0730db036539341ad742afe72)] -> xpath: //a[contains(text(),'Logout')]] for :18 seconds
INFO    2020-10-05 02:46:52,883 [TestNG-test=Test13-1] com.cpcommunity.PageObjects.BasePage  - [[ChromeDriver: chrome on XP (b2023be0730db036539341ad742afe72)] -> xpath: //a[contains(text(),'Logout')]]is displayed
INFO    2020-10-05 02:47:01,244 [TestNG-test=Test13-1] com.cpcommunity.PageObjects.BasePage  - scrolling up vertically...
INFO    2020-10-05 02:47:06,294 [TestNG-test=Test13-1] com.cpcommunity.PageObjects.BasePage  - waiting for :[[ChromeDriver: chrome on XP (b2023be0730db036539341ad742afe72)] -> xpath: //a[contains(.,'Login')]] for :18 seconds
INFO    2020-10-05 02:47:06,321 [TestNG-test=Test13-1] com.cpcommunity.PageObjects.BasePage  - [[ChromeDriver: chrome on XP (b2023be0730db036539341ad742afe72)] -> xpath: //a[contains(.,'Login')]]is displayed
INFO    2020-10-05 02:47:09,322 [TestNG-test=Test13-1] com.cpcommunity.PageObjects.BasePage  - Clicking on : LOGIN
ChromeDriver: chrome on XP (b2023be0730db036539341ad742afe72)Login Page
INFO    2020-10-05 02:47:10,926 [TestNG-test=Test13-5] com.cpcommunity.PageObjects.BasePage  - Typing in : email entered the value as : andrew74444@gmail.com
INFO    2020-10-05 02:47:11,222 [TestNG-test=Test13-5] com.cpcommunity.PageObjects.BasePage  - Clicking[[ChromeDriver: chrome on XP (4948eb57e354af782f6a6bf4bc7389c3)] -> xpath: //*[@id='payBtn']]
INFO    2020-10-05 02:47:13,382 [TestNG-test=Test13-1] com.cpcommunity.PageObjects.BasePage  - scrolling up vertically...
INFO    2020-10-05 02:47:15,076 [TestNG-test=Test13-2] com.cpcommunity.PageObjects.BasePage  - waiting for :Proxy element for: AjaxElementLocator 'By.xpath: //a[contains(.,'File')]' for :18 seconds
INFO    2020-10-05 02:47:18,390 [TestNG-test=Test13-1] com.cpcommunity.PageObjects.BasePage  - Typing in : email address entered the value as : eaglelier@gmail.com
INFO    2020-10-05 02:47:18,720 [TestNG-test=Test13-1] com.cpcommunity.PageObjects.BasePage  - Typing in : password entered the value as : Admin@123
INFO    2020-10-05 02:47:18,880 [TestNG-test=Test13-1] com.cpcommunity.PageObjects.BasePage  - Clicking on : Login
INFO    2020-10-05 02:47:26,020 [TestNG-test=Test13-1] com.cpcommunity.PageObjects.BasePage  - scrolling up vertically...
INFO    2020-10-05 02:47:31,064 [TestNG-test=Test13-1] com.cpcommunity.PageObjects.BasePage  - waiting for :[[ChromeDriver: chrome on XP (b2023be0730db036539341ad742afe72)] -> xpath: //*[@id='mycommunitestab']//a[contains(text(),'VIEW ALL')]] for :18 seconds
INFO    2020-10-05 02:47:31,093 [TestNG-test=Test13-1] com.cpcommunity.PageObjects.BasePage  - [[ChromeDriver: chrome on XP (b2023be0730db036539341ad742afe72)] -> xpath: //*[@id='mycommunitestab']//a[contains(text(),'VIEW ALL')]]is displayed
INFO    2020-10-05 02:47:33,094 [TestNG-test=Test13-1] com.cpcommunity.PageObjects.BasePage  - Clicking on : view All
INFO    2020-10-05 02:47:35,845 [TestNG-test=Test13-4] com.cpcommunity.PageObjects.BasePage  - waiting for :Proxy element for: AjaxElementLocator 'By.xpath: //input[@value='1']' for :18 seconds
INFO    2020-10-05 02:47:37,635 [TestNG-test=Test13-1] com.cpcommunity.PageObjects.BasePage  - scrolling up vertically...
]]></system-out>
    <system-err><![CDATA[Starting ChromeDriver 2.38.552522 (437e6fbedfa8762dec75e2c5b3ddb86763dc9dcb) on port 27168
Only local connections are allowed.
Starting ChromeDriver 2.38.552522 (437e6fbedfa8762dec75e2c5b3ddb86763dc9dcb) on port 30845
Only local connections are allowed.
Starting ChromeDriver 2.38.552522 (437e6fbedfa8762dec75e2c5b3ddb86763dc9dcb) on port 31083
Only local connections are allowed.
Starting ChromeDriver 2.38.552522 (437e6fbedfa8762dec75e2c5b3ddb86763dc9dcb) on port 28593
Only local connections are allowed.
Starting ChromeDriver 2.38.552522 (437e6fbedfa8762dec75e2c5b3ddb86763dc9dcb) on port 32420
Only local connections are allowed.
Oct 05, 2020 2:44:12 AM org.openqa.selenium.remote.ProtocolHandshake createSession
INFO: Detected dialect: OSS
Oct 05, 2020 2:44:12 AM org.openqa.selenium.remote.ProtocolHandshake createSession
INFO: Detected dialect: OSS
Oct 05, 2020 2:44:12 AM org.openqa.selenium.remote.ProtocolHandshake createSession
INFO: Detected dialect: OSS
Oct 05, 2020 2:44:12 AM org.openqa.selenium.remote.ProtocolHandshake createSession
INFO: Detected dialect: OSS
Oct 05, 2020 2:44:12 AM org.openqa.selenium.remote.ProtocolHandshake createSession
INFO: Detected dialect: OSS
Oct 05, 2020 2:44:24 AM org.openqa.selenium.remote.Augmenter extractRemoteWebDriver
WARNING: Augmenter should be applied to the instances of @Augmentable classes or previously augmented instances only (instance class was: class org.openqa.selenium.chrome.ChromeDriver)
Oct 05, 2020 2:44:24 AM org.openqa.selenium.remote.Augmenter extractRemoteWebDriver
WARNING: Augmenter should be applied to the instances of @Augmentable classes or previously augmented instances only (instance class was: class org.openqa.selenium.chrome.ChromeDriver)
Oct 05, 2020 2:44:24 AM org.openqa.selenium.remote.Augmenter extractRemoteWebDriver
WARNING: Augmenter should be applied to the instances of @Augmentable classes or previously augmented instances only (instance class was: class org.openqa.selenium.chrome.ChromeDriver)
Oct 05, 2020 2:44:24 AM org.openqa.selenium.remote.Augmenter extractRemoteWebDriver
WARNING: Augmenter should be applied to the instances of @Augmentable classes or previously augmented instances only (instance class was: class org.openqa.selenium.chrome.ChromeDriver)
Oct 05, 2020 2:44:26 AM org.openqa.selenium.remote.Augmenter extractRemoteWebDriver
WARNING: Augmenter should be applied to the instances of @Augmentable classes or previously augmented instances only (instance class was: class org.openqa.selenium.chrome.ChromeDriver)
Oct 05, 2020 2:44:26 AM org.openqa.selenium.remote.Augmenter extractRemoteWebDriver
WARNING: Augmenter should be applied to the instances of @Augmentable classes or previously augmented instances only (instance class was: class org.openqa.selenium.chrome.ChromeDriver)
Oct 05, 2020 2:44:26 AM org.openqa.selenium.remote.Augmenter extractRemoteWebDriver
WARNING: Augmenter should be applied to the instances of @Augmentable classes or previously augmented instances only (instance class was: class org.openqa.selenium.chrome.ChromeDriver)
Oct 05, 2020 2:44:26 AM org.openqa.selenium.remote.Augmenter extractRemoteWebDriver
WARNING: Augmenter should be applied to the instances of @Augmentable classes or previously augmented instances only (instance class was: class org.openqa.selenium.chrome.ChromeDriver)
Oct 05, 2020 2:44:26 AM org.openqa.selenium.remote.Augmenter extractRemoteWebDriver
WARNING: Augmenter should be applied to the instances of @Augmentable classes or previously augmented instances only (instance class was: class org.openqa.selenium.chrome.ChromeDriver)
Oct 05, 2020 2:44:28 AM org.openqa.selenium.remote.Augmenter extractRemoteWebDriver
WARNING: Augmenter should be applied to the instances of @Augmentable classes or previously augmented instances only (instance class was: class org.openqa.selenium.chrome.ChromeDriver)
Oct 05, 2020 2:44:28 AM org.openqa.selenium.remote.Augmenter extractRemoteWebDriver
WARNING: Augmenter should be applied to the instances of @Augmentable classes or previously augmented instances only (instance class was: class org.openqa.selenium.chrome.ChromeDriver)
Oct 05, 2020 2:44:28 AM org.openqa.selenium.remote.Augmenter extractRemoteWebDriver
WARNING: Augmenter should be applied to the instances of @Augmentable classes or previously augmented instances only (instance class was: class org.openqa.selenium.chrome.ChromeDriver)
Oct 05, 2020 2:44:28 AM org.openqa.selenium.remote.Augmenter extractRemoteWebDriver
WARNING: Augmenter should be applied to the instances of @Augmentable classes or previously augmented instances only (instance class was: class org.openqa.selenium.chrome.ChromeDriver)
Oct 05, 2020 2:44:28 AM org.openqa.selenium.remote.Augmenter extractRemoteWebDriver
WARNING: Augmenter should be applied to the instances of @Augmentable classes or previously augmented instances only (instance class was: class org.openqa.selenium.chrome.ChromeDriver)
Oct 05, 2020 2:44:29 AM org.openqa.selenium.remote.Augmenter extractRemoteWebDriver
WARNING: Augmenter should be applied to the instances of @Augmentable classes or previously augmented instances only (instance class was: class org.openqa.selenium.chrome.ChromeDriver)
Oct 05, 2020 2:44:41 AM org.openqa.selenium.remote.Augmenter extractRemoteWebDriver
WARNING: Augmenter should be applied to the instances of @Augmentable classes or previously augmented instances only (instance class was: class org.openqa.selenium.chrome.ChromeDriver)
Oct 05, 2020 2:44:44 AM org.openqa.selenium.remote.Augmenter extractRemoteWebDriver
WARNING: Augmenter should be applied to the instances of @Augmentable classes or previously augmented instances only (instance class was: class org.openqa.selenium.chrome.ChromeDriver)
Oct 05, 2020 2:44:45 AM org.openqa.selenium.remote.Augmenter extractRemoteWebDriver
WARNING: Augmenter should be applied to the instances of @Augmentable classes or previously augmented instances only (instance class was: class org.openqa.selenium.chrome.ChromeDriver)
Oct 05, 2020 2:44:45 AM org.openqa.selenium.remote.Augmenter extractRemoteWebDriver
WARNING: Augmenter should be applied to the instances of @Augmentable classes or previously augmented instances only (instance class was: class org.openqa.selenium.chrome.ChromeDriver)
Oct 05, 2020 2:44:45 AM org.openqa.selenium.remote.Augmenter extractRemoteWebDriver
WARNING: Augmenter should be applied to the instances of @Augmentable classes or previously augmented instances only (instance class was: class org.openqa.selenium.chrome.ChromeDriver)
Oct 05, 2020 2:44:45 AM org.openqa.selenium.remote.Augmenter extractRemoteWebDriver
WARNING: Augmenter should be applied to the instances of @Augmentable classes or previously augmented instances only (instance class was: class org.openqa.selenium.chrome.ChromeDriver)
Oct 05, 2020 2:44:50 AM org.openqa.selenium.remote.Augmenter extractRemoteWebDriver
WARNING: Augmenter should be applied to the instances of @Augmentable classes or previously augmented instances only (instance class was: class org.openqa.selenium.chrome.ChromeDriver)
Oct 05, 2020 2:44:50 AM org.openqa.selenium.remote.Augmenter extractRemoteWebDriver
WARNING: Augmenter should be applied to the instances of @Augmentable classes or previously augmented instances only (instance class was: class org.openqa.selenium.chrome.ChromeDriver)
Oct 05, 2020 2:44:50 AM org.openqa.selenium.remote.Augmenter extractRemoteWebDriver
WARNING: Augmenter should be applied to the instances of @Augmentable classes or previously augmented instances only (instance class was: class org.openqa.selenium.chrome.ChromeDriver)
Oct 05, 2020 2:44:50 AM org.openqa.selenium.remote.Augmenter extractRemoteWebDriver
WARNING: Augmenter should be applied to the instances of @Augmentable classes or previously augmented instances only (instance class was: class org.openqa.selenium.chrome.ChromeDriver)
Oct 05, 2020 2:45:08 AM org.openqa.selenium.remote.Augmenter extractRemoteWebDriver
WARNING: Augmenter should be applied to the instances of @Augmentable classes or previously augmented instances only (instance class was: class org.openqa.selenium.chrome.ChromeDriver)
Oct 05, 2020 2:45:08 AM org.openqa.selenium.remote.Augmenter extractRemoteWebDriver
WARNING: Augmenter should be applied to the instances of @Augmentable classes or previously augmented instances only (instance class was: class org.openqa.selenium.chrome.ChromeDriver)
Oct 05, 2020 2:45:08 AM org.openqa.selenium.remote.Augmenter extractRemoteWebDriver
WARNING: Augmenter should be applied to the instances of @Augmentable classes or previously augmented instances only (instance class was: class org.openqa.selenium.chrome.ChromeDriver)
Oct 05, 2020 2:45:09 AM org.openqa.selenium.remote.Augmenter extractRemoteWebDriver
WARNING: Augmenter should be applied to the instances of @Augmentable classes or previously augmented instances only (instance class was: class org.openqa.selenium.chrome.ChromeDriver)
Oct 05, 2020 2:45:09 AM org.openqa.selenium.remote.Augmenter extractRemoteWebDriver
WARNING: Augmenter should be applied to the instances of @Augmentable classes or previously augmented instances only (instance class was: class org.openqa.selenium.chrome.ChromeDriver)
Oct 05, 2020 2:45:09 AM org.openqa.selenium.remote.Augmenter extractRemoteWebDriver
WARNING: Augmenter should be applied to the instances of @Augmentable classes or previously augmented instances only (instance class was: class org.openqa.selenium.chrome.ChromeDriver)
Oct 05, 2020 2:45:09 AM org.openqa.selenium.remote.Augmenter extractRemoteWebDriver
WARNING: Augmenter should be applied to the instances of @Augmentable classes or previously augmented instances only (instance class was: class org.openqa.selenium.chrome.ChromeDriver)
Oct 05, 2020 2:45:09 AM org.openqa.selenium.remote.Augmenter extractRemoteWebDriver
WARNING: Augmenter should be applied to the instances of @Augmentable classes or previously augmented instances only (instance class was: class org.openqa.selenium.chrome.ChromeDriver)
Oct 05, 2020 2:45:10 AM org.openqa.selenium.remote.Augmenter extractRemoteWebDriver
WARNING: Augmenter should be applied to the instances of @Augmentable classes or previously augmented instances only (instance class was: class org.openqa.selenium.chrome.ChromeDriver)
Oct 05, 2020 2:45:11 AM org.openqa.selenium.remote.Augmenter extractRemoteWebDriver
WARNING: Augmenter should be applied to the instances of @Augmentable classes or previously augmented instances only (instance class was: class org.openqa.selenium.chrome.ChromeDriver)
Oct 05, 2020 2:45:11 AM org.openqa.selenium.remote.Augmenter extractRemoteWebDriver
WARNING: Augmenter should be applied to the instances of @Augmentable classes or previously augmented instances only (instance class was: class org.openqa.selenium.chrome.ChromeDriver)
Oct 05, 2020 2:45:11 AM org.openqa.selenium.remote.Augmenter extractRemoteWebDriver
WARNING: Augmenter should be applied to the instances of @Augmentable classes or previously augmented instances only (instance class was: class org.openqa.selenium.chrome.ChromeDriver)
Oct 05, 2020 2:45:11 AM org.openqa.selenium.remote.Augmenter extractRemoteWebDriver
WARNING: Augmenter should be applied to the instances of @Augmentable classes or previously augmented instances only (instance class was: class org.openqa.selenium.chrome.ChromeDriver)
Oct 05, 2020 2:45:12 AM org.openqa.selenium.remote.Augmenter extractRemoteWebDriver
WARNING: Augmenter should be applied to the instances of @Augmentable classes or previously augmented instances only (instance class was: class org.openqa.selenium.chrome.ChromeDriver)
Oct 05, 2020 2:45:12 AM org.openqa.selenium.remote.Augmenter extractRemoteWebDriver
WARNING: Augmenter should be applied to the instances of @Augmentable classes or previously augmented instances only (instance class was: class org.openqa.selenium.chrome.ChromeDriver)
Oct 05, 2020 2:45:26 AM org.openqa.selenium.remote.Augmenter extractRemoteWebDriver
WARNING: Augmenter should be applied to the instances of @Augmentable classes or previously augmented instances only (instance class was: class org.openqa.selenium.chrome.ChromeDriver)
Oct 05, 2020 2:45:26 AM org.openqa.selenium.remote.Augmenter extractRemoteWebDriver
WARNING: Augmenter should be applied to the instances of @Augmentable classes or previously augmented instances only (instance class was: class org.openqa.selenium.chrome.ChromeDriver)
Oct 05, 2020 2:45:26 AM org.openqa.selenium.remote.Augmenter extractRemoteWebDriver
WARNING: Augmenter should be applied to the instances of @Augmentable classes or previously augmented instances only (instance class was: class org.openqa.selenium.chrome.ChromeDriver)
Oct 05, 2020 2:45:27 AM org.openqa.selenium.remote.Augmenter extractRemoteWebDriver
WARNING: Augmenter should be applied to the instances of @Augmentable classes or previously augmented instances only (instance class was: class org.openqa.selenium.chrome.ChromeDriver)
Oct 05, 2020 2:45:27 AM org.openqa.selenium.remote.Augmenter extractRemoteWebDriver
WARNING: Augmenter should be applied to the instances of @Augmentable classes or previously augmented instances only (instance class was: class org.openqa.selenium.chrome.ChromeDriver)
Oct 05, 2020 2:45:27 AM org.openqa.selenium.remote.Augmenter extractRemoteWebDriver
WARNING: Augmenter should be applied to the instances of @Augmentable classes or previously augmented instances only (instance class was: class org.openqa.selenium.chrome.ChromeDriver)
Oct 05, 2020 2:45:27 AM org.openqa.selenium.remote.Augmenter extractRemoteWebDriver
WARNING: Augmenter should be applied to the instances of @Augmentable classes or previously augmented instances only (instance class was: class org.openqa.selenium.chrome.ChromeDriver)
Oct 05, 2020 2:45:27 AM org.openqa.selenium.remote.Augmenter extractRemoteWebDriver
WARNING: Augmenter should be applied to the instances of @Augmentable classes or previously augmented instances only (instance class was: class org.openqa.selenium.chrome.ChromeDriver)
Oct 05, 2020 2:45:28 AM org.openqa.selenium.remote.Augmenter extractRemoteWebDriver
WARNING: Augmenter should be applied to the instances of @Augmentable classes or previously augmented instances only (instance class was: class org.openqa.selenium.chrome.ChromeDriver)
Oct 05, 2020 2:45:28 AM org.openqa.selenium.remote.Augmenter extractRemoteWebDriver
WARNING: Augmenter should be applied to the instances of @Augmentable classes or previously augmented instances only (instance class was: class org.openqa.selenium.chrome.ChromeDriver)
Oct 05, 2020 2:45:54 AM org.openqa.selenium.remote.Augmenter extractRemoteWebDriver
WARNING: Augmenter should be applied to the instances of @Augmentable classes or previously augmented instances only (instance class was: class org.openqa.selenium.chrome.ChromeDriver)
Oct 05, 2020 2:45:54 AM org.openqa.selenium.remote.Augmenter extractRemoteWebDriver
WARNING: Augmenter should be applied to the instances of @Augmentable classes or previously augmented instances only (instance class was: class org.openqa.selenium.chrome.ChromeDriver)
Oct 05, 2020 2:45:56 AM org.openqa.selenium.remote.Augmenter extractRemoteWebDriver
WARNING: Augmenter should be applied to the instances of @Augmentable classes or previously augmented instances only (instance class was: class org.openqa.selenium.chrome.ChromeDriver)
Oct 05, 2020 2:45:56 AM org.openqa.selenium.remote.Augmenter extractRemoteWebDriver
WARNING: Augmenter should be applied to the instances of @Augmentable classes or previously augmented instances only (instance class was: class org.openqa.selenium.chrome.ChromeDriver)
Oct 05, 2020 2:45:57 AM org.openqa.selenium.remote.Augmenter extractRemoteWebDriver
WARNING: Augmenter should be applied to the instances of @Augmentable classes or previously augmented instances only (instance class was: class org.openqa.selenium.chrome.ChromeDriver)
Oct 05, 2020 2:45:58 AM org.openqa.selenium.remote.Augmenter extractRemoteWebDriver
WARNING: Augmenter should be applied to the instances of @Augmentable classes or previously augmented instances only (instance class was: class org.openqa.selenium.chrome.ChromeDriver)
Oct 05, 2020 2:45:59 AM org.openqa.selenium.remote.Augmenter extractRemoteWebDriver
WARNING: Augmenter should be applied to the instances of @Augmentable classes or previously augmented instances only (instance class was: class org.openqa.selenium.chrome.ChromeDriver)
Oct 05, 2020 2:46:00 AM org.openqa.selenium.remote.Augmenter extractRemoteWebDriver
WARNING: Augmenter should be applied to the instances of @Augmentable classes or previously augmented instances only (instance class was: class org.openqa.selenium.chrome.ChromeDriver)
Oct 05, 2020 2:46:00 AM org.openqa.selenium.remote.Augmenter extractRemoteWebDriver
WARNING: Augmenter should be applied to the instances of @Augmentable classes or previously augmented instances only (instance class was: class org.openqa.selenium.chrome.ChromeDriver)
Oct 05, 2020 2:46:00 AM org.openqa.selenium.remote.Augmenter extractRemoteWebDriver
WARNING: Augmenter should be applied to the instances of @Augmentable classes or previously augmented instances only (instance class was: class org.openqa.selenium.chrome.ChromeDriver)
Oct 05, 2020 2:46:02 AM org.openqa.selenium.remote.Augmenter extractRemoteWebDriver
WARNING: Augmenter should be applied to the instances of @Augmentable classes or previously augmented instances only (instance class was: class org.openqa.selenium.chrome.ChromeDriver)
Oct 05, 2020 2:46:03 AM org.openqa.selenium.remote.Augmenter extractRemoteWebDriver
WARNING: Augmenter should be applied to the instances of @Augmentable classes or previously augmented instances only (instance class was: class org.openqa.selenium.chrome.ChromeDriver)
Oct 05, 2020 2:46:04 AM org.openqa.selenium.remote.Augmenter extractRemoteWebDriver
WARNING: Augmenter should be applied to the instances of @Augmentable classes or previously augmented instances only (instance class was: class org.openqa.selenium.chrome.ChromeDriver)
Oct 05, 2020 2:46:06 AM org.openqa.selenium.remote.Augmenter extractRemoteWebDriver
WARNING: Augmenter should be applied to the instances of @Augmentable classes or previously augmented instances only (instance class was: class org.openqa.selenium.chrome.ChromeDriver)
Oct 05, 2020 2:46:08 AM org.openqa.selenium.remote.Augmenter extractRemoteWebDriver
WARNING: Augmenter should be applied to the instances of @Augmentable classes or previously augmented instances only (instance class was: class org.openqa.selenium.chrome.ChromeDriver)
Oct 05, 2020 2:46:09 AM org.openqa.selenium.remote.Augmenter extractRemoteWebDriver
WARNING: Augmenter should be applied to the instances of @Augmentable classes or previously augmented instances only (instance class was: class org.openqa.selenium.chrome.ChromeDriver)
Oct 05, 2020 2:46:12 AM org.openqa.selenium.remote.Augmenter extractRemoteWebDriver
WARNING: Augmenter should be applied to the instances of @Augmentable classes or previously augmented instances only (instance class was: class org.openqa.selenium.chrome.ChromeDriver)
Oct 05, 2020 2:46:46 AM org.openqa.selenium.remote.Augmenter extractRemoteWebDriver
WARNING: Augmenter should be applied to the instances of @Augmentable classes or previously augmented instances only (instance class was: class org.openqa.selenium.chrome.ChromeDriver)
Oct 05, 2020 2:46:57 AM org.openqa.selenium.remote.Augmenter extractRemoteWebDriver
WARNING: Augmenter should be applied to the instances of @Augmentable classes or previously augmented instances only (instance class was: class org.openqa.selenium.chrome.ChromeDriver)
Oct 05, 2020 2:46:58 AM org.openqa.selenium.remote.Augmenter extractRemoteWebDriver
WARNING: Augmenter should be applied to the instances of @Augmentable classes or previously augmented instances only (instance class was: class org.openqa.selenium.chrome.ChromeDriver)
Oct 05, 2020 2:47:00 AM org.openqa.selenium.remote.Augmenter extractRemoteWebDriver
WARNING: Augmenter should be applied to the instances of @Augmentable classes or previously augmented instances only (instance class was: class org.openqa.selenium.chrome.ChromeDriver)
Oct 05, 2020 2:47:11 AM org.openqa.selenium.remote.Augmenter extractRemoteWebDriver
WARNING: Augmenter should be applied to the instances of @Augmentable classes or previously augmented instances only (instance class was: class org.openqa.selenium.chrome.ChromeDriver)
Oct 05, 2020 2:47:12 AM org.openqa.selenium.remote.Augmenter extractRemoteWebDriver
WARNING: Augmenter should be applied to the instances of @Augmentable classes or previously augmented instances only (instance class was: class org.openqa.selenium.chrome.ChromeDriver)
Oct 05, 2020 2:47:22 AM org.openqa.selenium.remote.Augmenter extractRemoteWebDriver
WARNING: Augmenter should be applied to the instances of @Augmentable classes or previously augmented instances only (instance class was: class org.openqa.selenium.chrome.ChromeDriver)
Oct 05, 2020 2:47:24 AM org.openqa.selenium.remote.Augmenter extractRemoteWebDriver
WARNING: Augmenter should be applied to the instances of @Augmentable classes or previously augmented instances only (instance class was: class org.openqa.selenium.chrome.ChromeDriver)
Oct 05, 2020 2:47:25 AM org.openqa.selenium.remote.Augmenter extractRemoteWebDriver
WARNING: Augmenter should be applied to the instances of @Augmentable classes or previously augmented instances only (instance class was: class org.openqa.selenium.chrome.ChromeDriver)
Oct 05, 2020 2:47:35 AM org.openqa.selenium.remote.Augmenter extractRemoteWebDriver
WARNING: Augmenter should be applied to the instances of @Augmentable classes or previously augmented instances only (instance class was: class org.openqa.selenium.chrome.ChromeDriver)
Oct 05, 2020 2:47:37 AM org.openqa.selenium.remote.Augmenter extractRemoteWebDriver
WARNING: Augmenter should be applied to the instances of @Augmentable classes or previously augmented instances only (instance class was: class org.openqa.selenium.chrome.ChromeDriver)
]]></system-err>
  </testcase>
  <testcase name="TC106" classname="com.cpcommunity.testScripts.community.TC106_Join_And_Leave_Public_Group_From_My_Groups_Page" time="15.197">
    <failure message="Timed out after 20 seconds. Unable to locate the element" type="org.openqa.selenium.NoSuchElementException">org.openqa.selenium.NoSuchElementException: Timed out after 20 seconds. Unable to locate the element
	at sun.reflect.GeneratedConstructorAccessor77.newInstance(Unknown Source)
	at sun.reflect.DelegatingConstructorAccessorImpl.newInstance(DelegatingConstructorAccessorImpl.java:45)
	at java.lang.reflect.Constructor.newInstance(Constructor.java:423)
	at org.openqa.selenium.remote.ErrorHandler.createThrowable(ErrorHandler.java:214)
	at org.openqa.selenium.remote.ErrorHandler.throwIfResponseFailed(ErrorHandler.java:166)
	at org.openqa.selenium.remote.http.JsonHttpResponseCodec.reconstructValue(JsonHttpResponseCodec.java:40)
	at org.openqa.selenium.remote.http.AbstractHttpResponseCodec.decode(AbstractHttpResponseCodec.java:80)
	at org.openqa.selenium.remote.http.AbstractHttpResponseCodec.decode(AbstractHttpResponseCodec.java:44)
	at org.openqa.selenium.remote.HttpCommandExecutor.execute(HttpCommandExecutor.java:158)
	at org.openqa.selenium.remote.service.DriverCommandExecutor.execute(DriverCommandExecutor.java:83)
	at org.openqa.selenium.remote.RemoteWebDriver.execute(RemoteWebDriver.java:548)
	at org.openqa.selenium.remote.RemoteWebDriver.findElement(RemoteWebDriver.java:322)
	at org.openqa.selenium.remote.RemoteWebDriver.findElementByXPath(RemoteWebDriver.java:424)
	at org.openqa.selenium.By$ByXPath.findElement(By.java:353)
	at org.openqa.selenium.remote.RemoteWebDriver.findElement(RemoteWebDriver.java:314)
	at org.openqa.selenium.support.pagefactory.DefaultElementLocator.findElement(DefaultElementLocator.java:69)
	at org.openqa.selenium.support.pagefactory.AjaxElementLocator.access$001(AjaxElementLocator.java:39)
	at org.openqa.selenium.support.pagefactory.AjaxElementLocator$SlowLoadingElement.isLoaded(AjaxElementLocator.java:194)
	at org.openqa.selenium.support.ui.SlowLoadableComponent.get(SlowLoadableComponent.java:78)
	at org.openqa.selenium.support.pagefactory.AjaxElementLocator.findElement(AjaxElementLocator.java:119)
	at org.openqa.selenium.support.pagefactory.internal.LocatingElementHandler.invoke(LocatingElementHandler.java:38)
	at com.sun.proxy.$Proxy9.getWrappedElement(Unknown Source)
	at org.openqa.selenium.remote.internal.WebElementToJsonConverter.apply(WebElementToJsonConverter.java:50)
	at java.util.stream.ReferencePipeline$3$1.accept(ReferencePipeline.java:193)
	at java.util.Spliterators$ArraySpliterator.forEachRemaining(Spliterators.java:948)
	at java.util.stream.AbstractPipeline.copyInto(AbstractPipeline.java:482)
	at java.util.stream.AbstractPipeline.wrapAndCopyInto(AbstractPipeline.java:472)
	at java.util.stream.ReduceOps$ReduceOp.evaluateSequential(ReduceOps.java:708)
	at java.util.stream.AbstractPipeline.evaluate(AbstractPipeline.java:234)
	at java.util.stream.ReferencePipeline.collect(ReferencePipeline.java:499)
	at org.openqa.selenium.remote.RemoteWebDriver.executeScript(RemoteWebDriver.java:480)
	at com.cpcommunity.PageObjects.BasePage.highlightElement(BasePage.java:511)
	at com.cpcommunity.PageObjects.BasePage.click(BasePage.java:199)
	at com.cpcommunity.PageObjects.EcoSystemPage.goToMyGroups(EcoSystemPage.java:139)
	at com.cpcommunity.testScripts.community.TC106_Join_And_Leave_Public_Group_From_My_Groups_Page.TC106(TC106_Join_And_Leave_Public_Group_From_My_Groups_Page.java:37)
</failure>
    <system-out><![CDATA[INFO    2020-10-05 02:51:03,914 [TestNG-test=Test13-1] com.cpcommunity.testScripts.community.BaseTest  - Test Execution Completed !!!
Total rows are : 1167
Test case starts from row num: 860
Total rows of data are : 1
Total cols are : 13
@TestCase : TC146
INFO    2020-10-05 02:51:04,048 [TestNG-test=Test13-1] com.cpcommunity.testScripts.community.BaseTest  - Inside Login Test
{attendeeFirstName=, Test Descrption=TC146_PromoCode_Event_Registration_With_Authorize_From_Event_Details_Page, promoCode1=PROMOB_, Runmode=Y, browser=chrome, eventName=Paid event -, communityName=Community -, email=desanctis234@gmail.com, attendeLastName=, password=Admin@123, companyName=, payerEmailID=andrew74444@gmail.com, attendeeEmailID=curatora99@gmail.com}
Launching : chrome
INFO    2020-10-05 02:51:04,717 [TestNG-test=Test13-5] com.cpcommunity.PageObjects.BasePage  - scrolling up vertically...
INFO    2020-10-05 02:51:04,719 [TestNG-test=Test13-4] com.cpcommunity.PageObjects.BasePage  - scrolling up vertically...
ChromeDriver: chrome on XP (6079107fb390c5f5574de56f7d37a35d)
6079107fb390c5f5574de56f7d37a35d
INFO    2020-10-05 02:51:08,810 [TestNG-test=Test13-1] com.cpcommunity.testScripts.community.BaseTest  - Driver Initialized !!!
INFO    2020-10-05 02:51:09,760 [TestNG-test=Test13-4] com.cpcommunity.PageObjects.BasePage  - Clicking on : Register
INFO    2020-10-05 02:51:09,764 [TestNG-test=Test13-5] com.cpcommunity.PageObjects.BasePage  - Clicking on : Register
INFO    2020-10-05 02:51:11,903 [TestNG-test=Test13-5] com.cpcommunity.PageObjects.BasePage  - Selecting the +Ticket+ value as : 1
INFO    2020-10-05 02:51:11,913 [TestNG-test=Test13-4] com.cpcommunity.PageObjects.BasePage  - Selecting the +Ticket+ value as : 1
Page Opened
INFO    2020-10-05 02:51:17,211 [TestNG-test=Test13-5] com.cpcommunity.PageObjects.BasePage  - Typing in : First Name entered the value as : 
INFO    2020-10-05 02:51:17,302 [TestNG-test=Test13-4] com.cpcommunity.PageObjects.BasePage  - Typing in : First Name entered the value as : Andrew
INFO    2020-10-05 02:51:17,400 [TestNG-test=Test13-5] com.cpcommunity.PageObjects.BasePage  - Typing in : Last Name entered the value as : 
INFO    2020-10-05 02:51:17,547 [TestNG-test=Test13-5] com.cpcommunity.PageObjects.BasePage  - Typing in : Company Name entered the value as : 
INFO    2020-10-05 02:51:17,625 [TestNG-test=Test13-4] com.cpcommunity.PageObjects.BasePage  - Typing in : Last Name entered the value as : Thomson
INFO    2020-10-05 02:51:17,655 [TestNG-test=Test13-5] com.cpcommunity.PageObjects.BasePage  - Typing in : Attendee Email ID entered the value as : curatora99@gmail.com
INFO    2020-10-05 02:51:18,119 [TestNG-test=Test13-4] com.cpcommunity.PageObjects.BasePage  - Typing in : Company Name entered the value as : PamTen
INFO    2020-10-05 02:51:18,584 [TestNG-test=Test13-4] com.cpcommunity.PageObjects.BasePage  - Typing in : Attendee Email ID entered the value as : andrew74444@gmail.com
INFO    2020-10-05 02:51:18,813 [TestNG-test=Test13-1] com.cpcommunity.PageObjects.BasePage  - scrolling up vertically...
]]></system-out>
    <system-err><![CDATA[Oct 05, 2020 2:51:03 AM org.openqa.selenium.remote.Augmenter extractRemoteWebDriver
WARNING: Augmenter should be applied to the instances of @Augmentable classes or previously augmented instances only (instance class was: class org.openqa.selenium.chrome.ChromeDriver)
Oct 05, 2020 2:51:03 AM org.openqa.selenium.remote.Augmenter extractRemoteWebDriver
WARNING: Augmenter should be applied to the instances of @Augmentable classes or previously augmented instances only (instance class was: class org.openqa.selenium.chrome.ChromeDriver)
Starting ChromeDriver 2.38.552522 (437e6fbedfa8762dec75e2c5b3ddb86763dc9dcb) on port 35886
Only local connections are allowed.
Oct 05, 2020 2:51:08 AM org.openqa.selenium.remote.ProtocolHandshake createSession
INFO: Detected dialect: OSS
Oct 05, 2020 2:51:14 AM org.openqa.selenium.remote.Augmenter extractRemoteWebDriver
WARNING: Augmenter should be applied to the instances of @Augmentable classes or previously augmented instances only (instance class was: class org.openqa.selenium.chrome.ChromeDriver)
Oct 05, 2020 2:51:16 AM org.openqa.selenium.remote.Augmenter extractRemoteWebDriver
WARNING: Augmenter should be applied to the instances of @Augmentable classes or previously augmented instances only (instance class was: class org.openqa.selenium.chrome.ChromeDriver)
Oct 05, 2020 2:51:17 AM org.openqa.selenium.remote.Augmenter extractRemoteWebDriver
WARNING: Augmenter should be applied to the instances of @Augmentable classes or previously augmented instances only (instance class was: class org.openqa.selenium.chrome.ChromeDriver)
]]></system-err>
  </testcase>
  <testcase name="TC144" classname="com.cpcommunity.testScripts.Event_Registrations.TC144_Paid_Event_Registration_With_Authorize_From_Event_Details_Page" time="67.331"/>
  <testcase name="TC170" classname="com.cpcommunity.testScripts.community.TC170_Verify_Non_Member_Not_Able_Share_Posts_And_Like_Comment_in_Communities" time="0">
    <skipped/>
    <system-out><![CDATA[INFO    2020-10-05 02:48:50,905 [TestNG-test=Test13-5] com.cpcommunity.testScripts.community.BaseTest  - Test Execution Completed !!!
Total rows are : 1167
Test case starts from row num: 856
Total rows of data are : 1
Total cols are : 13
@TestCase : TC145
INFO    2020-10-05 02:48:51,002 [TestNG-test=Test13-5] com.cpcommunity.testScripts.community.BaseTest  - Inside Login Test
{attendeeFirstName=, Test Descrption=TC145_PromoCode_Event_Registration_With_PayPal_From_Event_Details_Page, promoCode1=PROMO_, Runmode=Y, browser=chrome, eventName=Paid event -, communityName=Community -, email=desanctis234@gmail.com, attendeLastName=, password=Admin@123, companyName=, payerEmailID=desanctis234@gmail.com, attendeeEmailID=curatora99@gmail.com}
Launching : chrome
INFO    2020-10-05 02:48:53,228 [TestNG-test=Test13-1] com.cpcommunity.PageObjects.BasePage  - waiting for :[[ChromeDriver: chrome on XP (b2023be0730db036539341ad742afe72)] -> xpath: //a[contains(.,'Login')]] for :18 seconds
INFO    2020-10-05 02:48:53,260 [TestNG-test=Test13-1] com.cpcommunity.PageObjects.BasePage  - [[ChromeDriver: chrome on XP (b2023be0730db036539341ad742afe72)] -> xpath: //a[contains(.,'Login')]]is displayed
Date Format with dd MMMM yyyy : 05 Oct 2020
ChromeDriver: chrome on XP (f2ce9b1e3439e09eacac58909825a441)
f2ce9b1e3439e09eacac58909825a441
INFO    2020-10-05 02:48:54,429 [TestNG-test=Test13-5] com.cpcommunity.testScripts.community.BaseTest  - Driver Initialized !!!
INFO    2020-10-05 02:48:56,261 [TestNG-test=Test13-1] com.cpcommunity.PageObjects.BasePage  - Clicking on : LOGIN
ChromeDriver: chrome on XP (b2023be0730db036539341ad742afe72)Login Page
INFO    2020-10-05 02:48:57,694 [TestNG-test=Test13-3] com.cpcommunity.PageObjects.BasePage  - Clicking on : Groups
INFO    2020-10-05 02:48:58,020 [TestNG-test=Test13-3] com.cpcommunity.PageObjects.BasePage  - waiting for :[[ChromeDriver: chrome on XP (89caccae036e0fb084a19d4e358b10ea)] -> xpath: //input[@placeholder='Search by Groups']] for :18 seconds
INFO    2020-10-05 02:48:58,083 [TestNG-test=Test13-3] com.cpcommunity.PageObjects.BasePage  - [[ChromeDriver: chrome on XP (89caccae036e0fb084a19d4e358b10ea)] -> xpath: //input[@placeholder='Search by Groups']]is displayed
Page Opened
INFO    2020-10-05 02:49:00,981 [TestNG-test=Test13-1] com.cpcommunity.PageObjects.BasePage  - scrolling up vertically...
INFO    2020-10-05 02:49:05,840 [TestNG-test=Test13-5] com.cpcommunity.PageObjects.BasePage  - scrolling up vertically...
INFO    2020-10-05 02:49:05,988 [TestNG-test=Test13-1] com.cpcommunity.PageObjects.BasePage  - Typing in : email address entered the value as : andrew74444@gmail.com
INFO    2020-10-05 02:49:06,301 [TestNG-test=Test13-1] com.cpcommunity.PageObjects.BasePage  - Typing in : password entered the value as : Admin@123
INFO    2020-10-05 02:49:06,433 [TestNG-test=Test13-3] com.cpcommunity.PageObjects.BasePage  - Typing in : Group Name entered the value as : Public Group 05 Oct 2020
INFO    2020-10-05 02:49:06,534 [TestNG-test=Test13-1] com.cpcommunity.PageObjects.BasePage  - Clicking on : Login
INFO    2020-10-05 02:49:06,874 [TestNG-test=Test13-3] com.cpcommunity.PageObjects.BasePage  - Clicking on : Groups Search Btn
INFO    2020-10-05 02:49:10,908 [TestNG-test=Test13-5] com.cpcommunity.PageObjects.BasePage  - waiting for :[[ChromeDriver: chrome on XP (f2ce9b1e3439e09eacac58909825a441)] -> xpath: //a[contains(.,'Login')]] for :18 seconds
INFO    2020-10-05 02:49:10,942 [TestNG-test=Test13-5] com.cpcommunity.PageObjects.BasePage  - [[ChromeDriver: chrome on XP (f2ce9b1e3439e09eacac58909825a441)] -> xpath: //a[contains(.,'Login')]]is displayed
INFO    2020-10-05 02:49:13,372 [TestNG-test=Test13-1] com.cpcommunity.PageObjects.BasePage  - scrolling up vertically...
INFO    2020-10-05 02:49:13,944 [TestNG-test=Test13-5] com.cpcommunity.PageObjects.BasePage  - Clicking on : LOGIN
ChromeDriver: chrome on XP (f2ce9b1e3439e09eacac58909825a441)Login Page
]]></system-out>
    <system-err><![CDATA[Starting ChromeDriver 2.38.552522 (437e6fbedfa8762dec75e2c5b3ddb86763dc9dcb) on port 14677
Only local connections are allowed.
Oct 05, 2020 2:48:54 AM org.openqa.selenium.remote.ProtocolHandshake createSession
INFO: Detected dialect: OSS
Oct 05, 2020 2:48:58 AM org.openqa.selenium.remote.Augmenter extractRemoteWebDriver
WARNING: Augmenter should be applied to the instances of @Augmentable classes or previously augmented instances only (instance class was: class org.openqa.selenium.chrome.ChromeDriver)
Oct 05, 2020 2:49:00 AM org.openqa.selenium.remote.Augmenter extractRemoteWebDriver
WARNING: Augmenter should be applied to the instances of @Augmentable classes or previously augmented instances only (instance class was: class org.openqa.selenium.chrome.ChromeDriver)
Oct 05, 2020 2:49:01 AM org.openqa.selenium.remote.Augmenter extractRemoteWebDriver
WARNING: Augmenter should be applied to the instances of @Augmentable classes or previously augmented instances only (instance class was: class org.openqa.selenium.chrome.ChromeDriver)
Oct 05, 2020 2:49:03 AM org.openqa.selenium.remote.Augmenter extractRemoteWebDriver
WARNING: Augmenter should be applied to the instances of @Augmentable classes or previously augmented instances only (instance class was: class org.openqa.selenium.chrome.ChromeDriver)
Oct 05, 2020 2:49:05 AM org.openqa.selenium.remote.Augmenter extractRemoteWebDriver
WARNING: Augmenter should be applied to the instances of @Augmentable classes or previously augmented instances only (instance class was: class org.openqa.selenium.chrome.ChromeDriver)
Oct 05, 2020 2:49:09 AM org.openqa.selenium.remote.Augmenter extractRemoteWebDriver
WARNING: Augmenter should be applied to the instances of @Augmentable classes or previously augmented instances only (instance class was: class org.openqa.selenium.chrome.ChromeDriver)
Oct 05, 2020 2:49:11 AM org.openqa.selenium.remote.Augmenter extractRemoteWebDriver
WARNING: Augmenter should be applied to the instances of @Augmentable classes or previously augmented instances only (instance class was: class org.openqa.selenium.chrome.ChromeDriver)
Oct 05, 2020 2:49:12 AM org.openqa.selenium.remote.Augmenter extractRemoteWebDriver
WARNING: Augmenter should be applied to the instances of @Augmentable classes or previously augmented instances only (instance class was: class org.openqa.selenium.chrome.ChromeDriver)
]]></system-err>
  </testcase>
  <testcase name="TC170" classname="com.cpcommunity.testScripts.community.TC170_Verify_Non_Member_Not_Able_Share_Posts_And_Like_Comment_in_Communities" time="13.172">
    <failure type="java.lang.NullPointerException:">java.lang.NullPointerException: null
	at sun.reflect.GeneratedMethodAccessor3.invoke(Unknown Source)
	at sun.reflect.DelegatingMethodAccessorImpl.invoke(DelegatingMethodAccessorImpl.java:43)
	at java.lang.reflect.Method.invoke(Method.java:498)
	at org.openqa.selenium.support.pagefactory.internal.LocatingElementHandler.invoke(LocatingElementHandler.java:51)
	at com.sun.proxy.$Proxy9.toString(Unknown Source)
	at com.cpcommunity.PageObjects.BasePage.waitForElementToPresent(BasePage.java:173)
	at com.cpcommunity.PageObjects.Discussions.CheckNonMemberIsNotAbleToPostLikeComment(Discussions.java:316)
	at com.cpcommunity.testScripts.community.TC170_Verify_Non_Member_Not_Able_Share_Posts_And_Like_Comment_in_Communities.TC170(TC170_Verify_Non_Member_Not_Able_Share_Posts_And_Like_Comment_in_Communities.java:36)
</failure>
    <system-out><![CDATA[INFO    2020-10-05 02:51:20,230 [TestNG-test=Test13-3] com.cpcommunity.testScripts.community.BaseTest  - Test Execution Completed !!!
Total rows are : 1167
Test case starts from row num: 864
Total rows of data are : 1
Total cols are : 13
@TestCase : TC147
INFO    2020-10-05 02:51:20,347 [TestNG-test=Test13-3] com.cpcommunity.testScripts.community.BaseTest  - Inside Login Test
{attendeeFirstName=, Test Descrption=TC147_100_Percent_PromoCode_Event_Registration_From_Event_Details_Page, promoCode1=PROMOA_, Runmode=Y, browser=chrome, eventName=Paid event -, communityName=Community -, email=brooksalex796@gmail.com, attendeLastName=, password=Admin@123, companyName=, payerEmailID=andrew74444@gmail.com, attendeeEmailID=curatora99@gmail.com}
Launching : chrome
INFO    2020-10-05 02:51:21,868 [TestNG-test=Test13-5] com.cpcommunity.PageObjects.BasePage  - Taking Screen shot of the element
INFO    2020-10-05 02:51:22,506 [TestNG-test=Test13-4] com.cpcommunity.PageObjects.BasePage  - Taking Screen shot of the element
ChromeDriver: chrome on XP (2ff272fc0b3126ca3ae33f4cfd4729aa)
2ff272fc0b3126ca3ae33f4cfd4729aa
INFO    2020-10-05 02:51:23,442 [TestNG-test=Test13-3] com.cpcommunity.testScripts.community.BaseTest  - Driver Initialized !!!
INFO    2020-10-05 02:51:23,446 [TestNG-test=Test13-4] com.cpcommunity.PageObjects.BasePage  - Taken Screen shot of the element
INFO    2020-10-05 02:51:23,446 [TestNG-test=Test13-5] com.cpcommunity.PageObjects.BasePage  - Taken Screen shot of the element
INFO    2020-10-05 02:51:23,473 [TestNG-test=Test13-4] com.cpcommunity.PageObjects.BasePage  - Clicking on : Next
INFO    2020-10-05 02:51:23,485 [TestNG-test=Test13-5] com.cpcommunity.PageObjects.BasePage  - Clicking on : Next
INFO    2020-10-05 02:51:23,656 [TestNG-test=Test13-4] com.cpcommunity.PageObjects.BasePage  - waiting for :[[ChromeDriver: chrome on XP (4d92fa5dde562a786235e719a17e124e)] -> xpath: //h4[contains(text(),'Booking Information')]] for :18 seconds
INFO    2020-10-05 02:51:23,680 [TestNG-test=Test13-5] com.cpcommunity.PageObjects.BasePage  - waiting for :[[ChromeDriver: chrome on XP (956e47df508cbdd32e59417069b5415b)] -> xpath: //h4[contains(text(),'Booking Information')]] for :18 seconds
INFO    2020-10-05 02:51:23,697 [TestNG-test=Test13-4] com.cpcommunity.PageObjects.BasePage  - [[ChromeDriver: chrome on XP (4d92fa5dde562a786235e719a17e124e)] -> xpath: //h4[contains(text(),'Booking Information')]]is displayed
INFO    2020-10-05 02:51:23,710 [TestNG-test=Test13-5] com.cpcommunity.PageObjects.BasePage  - [[ChromeDriver: chrome on XP (956e47df508cbdd32e59417069b5415b)] -> xpath: //h4[contains(text(),'Booking Information')]]is displayed
INFO    2020-10-05 02:51:23,862 [TestNG-test=Test13-1] com.cpcommunity.PageObjects.BasePage  - waiting for :[[ChromeDriver: chrome on XP (6079107fb390c5f5574de56f7d37a35d)] -> xpath: //a[contains(.,'Login')]] for :18 seconds
INFO    2020-10-05 02:51:23,958 [TestNG-test=Test13-1] com.cpcommunity.PageObjects.BasePage  - [[ChromeDriver: chrome on XP (6079107fb390c5f5574de56f7d37a35d)] -> xpath: //a[contains(.,'Login')]]is displayed
INFO    2020-10-05 02:51:25,806 [TestNG-test=Test13-4] com.cpcommunity.PageObjects.BasePage  - Typing in : Payer Email ID entered the value as : andrew74444@gmail.com
INFO    2020-10-05 02:51:25,823 [TestNG-test=Test13-5] com.cpcommunity.PageObjects.BasePage  - Typing in : Payer Email ID entered the value as : desanctis234@gmail.com
INFO    2020-10-05 02:51:27,027 [TestNG-test=Test13-1] com.cpcommunity.PageObjects.BasePage  - Clicking on : LOGIN
Page Opened
ChromeDriver: chrome on XP (6079107fb390c5f5574de56f7d37a35d)Login Page
INFO    2020-10-05 02:51:31,621 [TestNG-test=Test13-5] com.cpcommunity.PageObjects.BasePage  - scrolling down vertically...
INFO    2020-10-05 02:51:31,681 [TestNG-test=Test13-4] com.cpcommunity.PageObjects.BasePage  - scrolling down vertically...
]]></system-out>
    <system-err><![CDATA[Starting ChromeDriver 2.38.552522 (437e6fbedfa8762dec75e2c5b3ddb86763dc9dcb) on port 5119
Only local connections are allowed.
Oct 05, 2020 2:51:23 AM org.openqa.selenium.remote.ProtocolHandshake createSession
INFO: Detected dialect: OSS
Oct 05, 2020 2:51:29 AM org.openqa.selenium.remote.Augmenter extractRemoteWebDriver
WARNING: Augmenter should be applied to the instances of @Augmentable classes or previously augmented instances only (instance class was: class org.openqa.selenium.chrome.ChromeDriver)
Oct 05, 2020 2:51:31 AM org.openqa.selenium.remote.Augmenter extractRemoteWebDriver
WARNING: Augmenter should be applied to the instances of @Augmentable classes or previously augmented instances only (instance class was: class org.openqa.selenium.chrome.ChromeDriver)
Oct 05, 2020 2:51:31 AM org.openqa.selenium.remote.Augmenter extractRemoteWebDriver
WARNING: Augmenter should be applied to the instances of @Augmentable classes or previously augmented instances only (instance class was: class org.openqa.selenium.chrome.ChromeDriver)
Oct 05, 2020 2:51:33 AM org.openqa.selenium.remote.Augmenter extractRemoteWebDriver
WARNING: Augmenter should be applied to the instances of @Augmentable classes or previously augmented instances only (instance class was: class org.openqa.selenium.chrome.ChromeDriver)
Oct 05, 2020 2:51:33 AM org.openqa.selenium.remote.Augmenter extractRemoteWebDriver
WARNING: Augmenter should be applied to the instances of @Augmentable classes or previously augmented instances only (instance class was: class org.openqa.selenium.chrome.ChromeDriver)
org.openqa.selenium.NoSuchWindowException: no such window: target window already closed
from unknown error: web view not found
  (Session info: chrome=85.0.4183.121)
  (Driver info: chromedriver=2.38.552522 (437e6fbedfa8762dec75e2c5b3ddb86763dc9dcb),platform=Windows NT 10.0.18362 x86_64) (WARNING: The server did not provide any stacktrace information)
Command duration or timeout: 0 milliseconds
Build info: version: '3.14.0', revision: 'aacccce0', time: '2018-08-02T20:19:58.91Z'
System info: host: 'LAPTOP-65H8KDP8', ip: '10.0.0.11', os.name: 'Windows 10', os.arch: 'amd64', os.version: '10.0', java.version: '1.8.0_251'
Driver info: org.openqa.selenium.chrome.ChromeDriver
Capabilities {acceptInsecureCerts: false, acceptSslCerts: false, applicationCacheEnabled: false, browserConnectionEnabled: false, browserName: chrome, chrome: {chromedriverVersion: 2.38.552522 (437e6fbedfa876..., userDataDir: C:\Users\netwo\AppData\Loca...}, cssSelectorsEnabled: true, databaseEnabled: false, handlesAlerts: true, hasTouchScreen: false, javascriptEnabled: true, locationContextEnabled: true, mobileEmulationEnabled: false, nativeEvents: true, networkConnectionEnabled: false, pageLoadStrategy: normal, platform: XP, platformName: XP, rotatable: false, setWindowRect: true, takesHeapSnapshot: true, takesScreenshot: true, unexpectedAlertBehaviour: , unhandledPromptBehavior: , version: 85.0.4183.121, webStorageEnabled: true}
Session ID: 7fc76464debfed68fda0e0d7bf0debc3
	at sun.reflect.NativeConstructorAccessorImpl.newInstance0(Native Method)
	at sun.reflect.NativeConstructorAccessorImpl.newInstance(NativeConstructorAccessorImpl.java:62)
	at sun.reflect.DelegatingConstructorAccessorImpl.newInstance(DelegatingConstructorAccessorImpl.java:45)
	at java.lang.reflect.Constructor.newInstance(Constructor.java:423)
	at org.openqa.selenium.remote.ErrorHandler.createThrowable(ErrorHandler.java:214)
	at org.openqa.selenium.remote.ErrorHandler.throwIfResponseFailed(ErrorHandler.java:166)
	at org.openqa.selenium.remote.http.JsonHttpResponseCodec.reconstructValue(JsonHttpResponseCodec.java:40)
	at org.openqa.selenium.remote.http.AbstractHttpResponseCodec.decode(AbstractHttpResponseCodec.java:80)
	at org.openqa.selenium.remote.http.AbstractHttpResponseCodec.decode(AbstractHttpResponseCodec.java:44)
	at org.openqa.selenium.remote.HttpCommandExecutor.execute(HttpCommandExecutor.java:158)
	at org.openqa.selenium.remote.service.DriverCommandExecutor.execute(DriverCommandExecutor.java:83)
	at org.openqa.selenium.remote.RemoteWebDriver.execute(RemoteWebDriver.java:548)
	at org.openqa.selenium.remote.RemoteWebDriver.execute(RemoteWebDriver.java:605)
	at org.openqa.selenium.remote.RemoteWebDriver.getScreenshotAs(RemoteWebDriver.java:294)
	at com.cpcommunity.ExtentListeners.ExtentManager.captureScreenshot(ExtentManager.java:73)
	at com.cpcommunity.ExtentListeners.ExtentListeners.onTestFailure(ExtentListeners.java:76)
	at org.testng.internal.Invoker.runTestListeners(Invoker.java:1731)
	at org.testng.internal.Invoker.runTestListeners(Invoker.java:1714)
	at org.testng.internal.Invoker.invokeMethod(Invoker.java:714)
	at org.testng.internal.Invoker.retryFailed(Invoker.java:1014)
	at org.testng.internal.Invoker.invokeTestMethods(Invoker.java:1215)
	at org.testng.internal.TestMethodWorker.invokeTestMethods(TestMethodWorker.java:126)
	at org.testng.internal.TestMethodWorker.run(TestMethodWorker.java:109)
	at java.util.concurrent.ThreadPoolExecutor.runWorker(ThreadPoolExecutor.java:1149)
	at java.util.concurrent.ThreadPoolExecutor$Worker.run(ThreadPoolExecutor.java:624)
	at java.lang.Thread.run(Thread.java:748)
]]></system-err>
  </testcase>
  <testcase name="TC143" classname="com.cpcommunity.testScripts.Event_Registrations.TC143_Paid_Event_Registration_With_PayPal_From_Event_Details_Page" time="0">
    <skipped/>
    <system-out><![CDATA[INFO    2020-10-05 02:49:17,240 [TestNG-test=Test13-2] com.cpcommunity.testScripts.community.BaseTest  - Test Execution Completed !!!
Total rows are : 1167
Test case starts from row num: 925
Total rows of data are : 1
Total cols are : 6
@TestCase : TC170
INFO    2020-10-05 02:49:17,355 [TestNG-test=Test13-2] com.cpcommunity.testScripts.community.BaseTest  - Inside Login Test
Launching : chrome
INFO    2020-10-05 02:49:18,459 [TestNG-test=Test13-1] com.cpcommunity.PageObjects.BasePage  - waiting for :[[ChromeDriver: chrome on XP (b2023be0730db036539341ad742afe72)] -> xpath: //*[@id='mycommunitestab']//a[contains(text(),'VIEW ALL')]] for :18 seconds
INFO    2020-10-05 02:49:18,486 [TestNG-test=Test13-1] com.cpcommunity.PageObjects.BasePage  - [[ChromeDriver: chrome on XP (b2023be0730db036539341ad742afe72)] -> xpath: //*[@id='mycommunitestab']//a[contains(text(),'VIEW ALL')]]is displayed
INFO    2020-10-05 02:49:18,750 [TestNG-test=Test13-5] com.cpcommunity.PageObjects.BasePage  - scrolling up vertically...
INFO    2020-10-05 02:49:20,488 [TestNG-test=Test13-1] com.cpcommunity.PageObjects.BasePage  - Clicking on : view All
ChromeDriver: chrome on XP (7fc76464debfed68fda0e0d7bf0debc3)
7fc76464debfed68fda0e0d7bf0debc3
INFO    2020-10-05 02:49:20,514 [TestNG-test=Test13-2] com.cpcommunity.testScripts.community.BaseTest  - Driver Initialized !!!
INFO    2020-10-05 02:49:23,760 [TestNG-test=Test13-5] com.cpcommunity.PageObjects.BasePage  - Typing in : email address entered the value as : desanctis234@gmail.com
INFO    2020-10-05 02:49:24,679 [TestNG-test=Test13-5] com.cpcommunity.PageObjects.BasePage  - Typing in : password entered the value as : Admin@123
Page Opened
INFO    2020-10-05 02:49:25,017 [TestNG-test=Test13-5] com.cpcommunity.PageObjects.BasePage  - Clicking on : Login
INFO    2020-10-05 02:49:25,148 [TestNG-test=Test13-1] com.cpcommunity.PageObjects.BasePage  - scrolling up vertically...
Date Format with dd MMMM yyyy : 05 Oct 2020
INFO    2020-10-05 02:49:30,201 [TestNG-test=Test13-1] com.cpcommunity.PageObjects.BasePage  - waiting for :[[ChromeDriver: chrome on XP (b2023be0730db036539341ad742afe72)] -> xpath: //input[@placeholder='Search by Community Name']] for :18 seconds
INFO    2020-10-05 02:49:30,226 [TestNG-test=Test13-1] com.cpcommunity.PageObjects.BasePage  - [[ChromeDriver: chrome on XP (b2023be0730db036539341ad742afe72)] -> xpath: //input[@placeholder='Search by Community Name']]is displayed
INFO    2020-10-05 02:49:30,424 [TestNG-test=Test13-2] com.cpcommunity.PageObjects.BasePage  - scrolling up vertically...
INFO    2020-10-05 02:49:32,588 [TestNG-test=Test13-1] com.cpcommunity.PageObjects.BasePage  - Typing in : Search by Community entered the value as : Community - 05 Oct 2020
INFO    2020-10-05 02:49:32,807 [TestNG-test=Test13-1] com.cpcommunity.PageObjects.BasePage  - Clicking on : search btn
INFO    2020-10-05 02:49:33,136 [TestNG-test=Test13-5] com.cpcommunity.PageObjects.BasePage  - scrolling up vertically...
INFO    2020-10-05 02:49:35,498 [TestNG-test=Test13-2] com.cpcommunity.PageObjects.BasePage  - waiting for :[[ChromeDriver: chrome on XP (7fc76464debfed68fda0e0d7bf0debc3)] -> xpath: //a[contains(.,'Login')]] for :18 seconds
INFO    2020-10-05 02:49:35,532 [TestNG-test=Test13-2] com.cpcommunity.PageObjects.BasePage  - [[ChromeDriver: chrome on XP (7fc76464debfed68fda0e0d7bf0debc3)] -> xpath: //a[contains(.,'Login')]]is displayed
]]></system-out>
    <system-err><![CDATA[Oct 05, 2020 2:49:16 AM org.openqa.selenium.remote.Augmenter extractRemoteWebDriver
WARNING: Augmenter should be applied to the instances of @Augmentable classes or previously augmented instances only (instance class was: class org.openqa.selenium.chrome.ChromeDriver)
Starting ChromeDriver 2.38.552522 (437e6fbedfa8762dec75e2c5b3ddb86763dc9dcb) on port 15484
Only local connections are allowed.
Oct 05, 2020 2:49:17 AM org.openqa.selenium.remote.Augmenter extractRemoteWebDriver
WARNING: Augmenter should be applied to the instances of @Augmentable classes or previously augmented instances only (instance class was: class org.openqa.selenium.chrome.ChromeDriver)
Oct 05, 2020 2:49:20 AM org.openqa.selenium.remote.ProtocolHandshake createSession
INFO: Detected dialect: OSS
Oct 05, 2020 2:49:22 AM org.openqa.selenium.remote.Augmenter extractRemoteWebDriver
WARNING: Augmenter should be applied to the instances of @Augmentable classes or previously augmented instances only (instance class was: class org.openqa.selenium.chrome.ChromeDriver)
Oct 05, 2020 2:49:24 AM org.openqa.selenium.remote.Augmenter extractRemoteWebDriver
WARNING: Augmenter should be applied to the instances of @Augmentable classes or previously augmented instances only (instance class was: class org.openqa.selenium.chrome.ChromeDriver)
Oct 05, 2020 2:49:25 AM org.openqa.selenium.remote.Augmenter extractRemoteWebDriver
WARNING: Augmenter should be applied to the instances of @Augmentable classes or previously augmented instances only (instance class was: class org.openqa.selenium.chrome.ChromeDriver)
Oct 05, 2020 2:49:27 AM org.openqa.selenium.remote.Augmenter extractRemoteWebDriver
WARNING: Augmenter should be applied to the instances of @Augmentable classes or previously augmented instances only (instance class was: class org.openqa.selenium.chrome.ChromeDriver)
Oct 05, 2020 2:49:29 AM org.openqa.selenium.remote.Augmenter extractRemoteWebDriver
WARNING: Augmenter should be applied to the instances of @Augmentable classes or previously augmented instances only (instance class was: class org.openqa.selenium.chrome.ChromeDriver)
Oct 05, 2020 2:49:29 AM org.openqa.selenium.remote.Augmenter extractRemoteWebDriver
WARNING: Augmenter should be applied to the instances of @Augmentable classes or previously augmented instances only (instance class was: class org.openqa.selenium.chrome.ChromeDriver)
Oct 05, 2020 2:49:30 AM org.openqa.selenium.remote.Augmenter extractRemoteWebDriver
WARNING: Augmenter should be applied to the instances of @Augmentable classes or previously augmented instances only (instance class was: class org.openqa.selenium.chrome.ChromeDriver)
Oct 05, 2020 2:49:32 AM org.openqa.selenium.remote.Augmenter extractRemoteWebDriver
WARNING: Augmenter should be applied to the instances of @Augmentable classes or previously augmented instances only (instance class was: class org.openqa.selenium.chrome.ChromeDriver)
]]></system-err>
  </testcase>
  <testcase name="TC143" classname="com.cpcommunity.testScripts.Event_Registrations.TC143_Paid_Event_Registration_With_PayPal_From_Event_Details_Page" time="99.014">
    <failure type="java.lang.NullPointerException:">java.lang.NullPointerException: null
	at sun.reflect.GeneratedMethodAccessor2.invoke(Unknown Source)
	at sun.reflect.DelegatingMethodAccessorImpl.invoke(DelegatingMethodAccessorImpl.java:43)
	at java.lang.reflect.Method.invoke(Method.java:498)
	at org.openqa.selenium.support.pagefactory.internal.LocatingElementHandler.invoke(LocatingElementHandler.java:51)
	at com.sun.proxy.$Proxy9.isDisplayed(Unknown Source)
	at org.openqa.selenium.support.ui.ExpectedConditions.elementIfVisible(ExpectedConditions.java:315)
	at org.openqa.selenium.support.ui.ExpectedConditions.access$100(ExpectedConditions.java:44)
	at org.openqa.selenium.support.ui.ExpectedConditions$10.apply(ExpectedConditions.java:301)
	at org.openqa.selenium.support.ui.ExpectedConditions$10.apply(ExpectedConditions.java:298)
	at org.openqa.selenium.support.ui.FluentWait.until(FluentWait.java:260)
	at com.cpcommunity.PageObjects.BasePage.waitForElementToPresent(BasePage.java:177)
	at com.cpcommunity.PageObjects.EventDetailsPage.registerEventByPayPal(EventDetailsPage.java:294)
	at com.cpcommunity.testScripts.Event_Registrations.TC143_Paid_Event_Registration_With_PayPal_From_Event_Details_Page.TC143(TC143_Paid_Event_Registration_With_PayPal_From_Event_Details_Page.java:31)
</failure>
    <system-out><![CDATA[INFO    2020-10-05 02:51:33,996 [TestNG-test=Test13-1] com.cpcommunity.PageObjects.BasePage  - scrolling up vertically...
INFO    2020-10-05 02:51:34,258 [TestNG-test=Test13-3] com.cpcommunity.PageObjects.BasePage  - scrolling up vertically...
INFO    2020-10-05 02:51:34,638 [TestNG-test=Test13-2] com.cpcommunity.testScripts.community.BaseTest  - Test Execution Completed !!!
Total rows are : 1167
Test case starts from row num: 868
Total rows of data are : 1
Total cols are : 11
@TestCase : TC148
INFO    2020-10-05 02:51:34,761 [TestNG-test=Test13-5] com.cpcommunity.PageObjects.BasePage  - Typing in : promo Code entered the value as : PROMO_1052020
INFO    2020-10-05 02:51:34,772 [TestNG-test=Test13-2] com.cpcommunity.testScripts.community.BaseTest  - Inside Login Test
{attendeeFirstName=Andrew, Test Descrption=TC148_Free_Event_Registration_From_Event_Details_Page, Runmode=Y, browser=chrome, eventName=Free event -, email=andrew74444@gmail.com, attendeLastName=Thomson, password=Admin@123, companyName=PamTen, payerEmailID=andrew74444@gmail.com, attendeeEmailID=andrew74444@gmail.com}
Launching : chrome
INFO    2020-10-05 02:51:34,774 [TestNG-test=Test13-4] com.cpcommunity.PageObjects.BasePage  - Clicking[[ChromeDriver: chrome on XP (4d92fa5dde562a786235e719a17e124e)] -> xpath: //*[contains(text(),'Book Now')]]
INFO    2020-10-05 02:51:35,121 [TestNG-test=Test13-5] com.cpcommunity.PageObjects.BasePage  - Clicking on : apply button
INFO    2020-10-05 02:51:35,493 [TestNG-test=Test13-5] com.cpcommunity.PageObjects.BasePage  - waiting for :[[ChromeDriver: chrome on XP (956e47df508cbdd32e59417069b5415b)] -> xpath: //*[contains(text(),'The Promo code has been applied  and will be refle')]] for :18 seconds
INFO    2020-10-05 02:51:35,590 [TestNG-test=Test13-5] com.cpcommunity.PageObjects.BasePage  - [[ChromeDriver: chrome on XP (956e47df508cbdd32e59417069b5415b)] -> xpath: //*[contains(text(),'The Promo code has been applied  and will be refle')]]is displayed
INFO    2020-10-05 02:51:36,920 [TestNG-test=Test13-4] com.cpcommunity.PageObjects.BasePage  - Clicked[[ChromeDriver: chrome on XP (4d92fa5dde562a786235e719a17e124e)] -> xpath: //*[contains(text(),'Book Now')]]
INFO    2020-10-05 02:51:37,671 [TestNG-test=Test13-5] com.cpcommunity.PageObjects.BasePage  - Clicking[[ChromeDriver: chrome on XP (956e47df508cbdd32e59417069b5415b)] -> xpath: //*[contains(text(),'Book Now')]]
ChromeDriver: chrome on XP (35a5da3f034bd630a7ff27838a539f5b)
35a5da3f034bd630a7ff27838a539f5b
INFO    2020-10-05 02:51:38,090 [TestNG-test=Test13-2] com.cpcommunity.testScripts.community.BaseTest  - Driver Initialized !!!
INFO    2020-10-05 02:51:39,004 [TestNG-test=Test13-1] com.cpcommunity.PageObjects.BasePage  - Typing in : email address entered the value as : desanctis234@gmail.com
INFO    2020-10-05 02:51:39,353 [TestNG-test=Test13-3] com.cpcommunity.PageObjects.BasePage  - waiting for :[[ChromeDriver: chrome on XP (2ff272fc0b3126ca3ae33f4cfd4729aa)] -> xpath: //a[contains(.,'Login')]] for :18 seconds
INFO    2020-10-05 02:51:39,417 [TestNG-test=Test13-3] com.cpcommunity.PageObjects.BasePage  - [[ChromeDriver: chrome on XP (2ff272fc0b3126ca3ae33f4cfd4729aa)] -> xpath: //a[contains(.,'Login')]]is displayed
INFO    2020-10-05 02:51:39,588 [TestNG-test=Test13-1] com.cpcommunity.PageObjects.BasePage  - Typing in : password entered the value as : Admin@123
INFO    2020-10-05 02:51:39,805 [TestNG-test=Test13-1] com.cpcommunity.PageObjects.BasePage  - Clicking on : Login
INFO    2020-10-05 02:51:39,873 [TestNG-test=Test13-5] com.cpcommunity.PageObjects.BasePage  - Clicked[[ChromeDriver: chrome on XP (956e47df508cbdd32e59417069b5415b)] -> xpath: //*[contains(text(),'Book Now')]]
INFO    2020-10-05 02:51:42,434 [TestNG-test=Test13-3] com.cpcommunity.PageObjects.BasePage  - Clicking on : LOGIN
Page Opened
ChromeDriver: chrome on XP (2ff272fc0b3126ca3ae33f4cfd4729aa)Login Page
INFO    2020-10-05 02:51:49,097 [TestNG-test=Test13-3] com.cpcommunity.PageObjects.BasePage  - scrolling up vertically...
INFO    2020-10-05 02:51:49,267 [TestNG-test=Test13-1] com.cpcommunity.PageObjects.BasePage  - scrolling up vertically...
INFO    2020-10-05 02:51:49,785 [TestNG-test=Test13-2] com.cpcommunity.PageObjects.BasePage  - scrolling up vertically...
INFO    2020-10-05 02:51:54,105 [TestNG-test=Test13-3] com.cpcommunity.PageObjects.BasePage  - Typing in : email address entered the value as : brooksalex796@gmail.com
INFO    2020-10-05 02:51:54,431 [TestNG-test=Test13-1] com.cpcommunity.PageObjects.BasePage  - waiting for :[[ChromeDriver: chrome on XP (6079107fb390c5f5574de56f7d37a35d)] -> xpath: //a[contains(text(),'Upcoming Events')]] for :18 seconds
INFO    2020-10-05 02:51:54,482 [TestNG-test=Test13-1] com.cpcommunity.PageObjects.BasePage  - [[ChromeDriver: chrome on XP (6079107fb390c5f5574de56f7d37a35d)] -> xpath: //a[contains(text(),'Upcoming Events')]]is displayed
INFO    2020-10-05 02:51:54,676 [TestNG-test=Test13-3] com.cpcommunity.PageObjects.BasePage  - Typing in : password entered the value as : Admin@123
INFO    2020-10-05 02:51:54,841 [TestNG-test=Test13-3] com.cpcommunity.PageObjects.BasePage  - Clicking on : Login
INFO    2020-10-05 02:51:54,845 [TestNG-test=Test13-2] com.cpcommunity.PageObjects.BasePage  - waiting for :[[ChromeDriver: chrome on XP (35a5da3f034bd630a7ff27838a539f5b)] -> xpath: //a[contains(.,'Login')]] for :18 seconds
INFO    2020-10-05 02:51:54,892 [TestNG-test=Test13-2] com.cpcommunity.PageObjects.BasePage  - [[ChromeDriver: chrome on XP (35a5da3f034bd630a7ff27838a539f5b)] -> xpath: //a[contains(.,'Login')]]is displayed
INFO    2020-10-05 02:51:56,482 [TestNG-test=Test13-1] com.cpcommunity.PageObjects.BasePage  - Clicking on : Upcoming Events
INFO    2020-10-05 02:51:57,897 [TestNG-test=Test13-2] com.cpcommunity.PageObjects.BasePage  - Clicking on : LOGIN
ChromeDriver: chrome on XP (35a5da3f034bd630a7ff27838a539f5b)Login Page
INFO    2020-10-05 02:52:01,905 [TestNG-test=Test13-3] com.cpcommunity.PageObjects.BasePage  - scrolling up vertically...
INFO    2020-10-05 02:52:02,084 [TestNG-test=Test13-1] com.cpcommunity.PageObjects.BasePage  - scrolling up vertically...
INFO    2020-10-05 02:52:02,986 [TestNG-test=Test13-2] com.cpcommunity.PageObjects.BasePage  - scrolling up vertically...
INFO    2020-10-05 02:52:07,372 [TestNG-test=Test13-3] com.cpcommunity.PageObjects.BasePage  - waiting for :[[ChromeDriver: chrome on XP (2ff272fc0b3126ca3ae33f4cfd4729aa)] -> xpath: //a[contains(text(),'Upcoming Events')]] for :18 seconds
Date Format with dd MMMM yyyy : 05 Oct 2020
INFO    2020-10-05 02:52:07,432 [TestNG-test=Test13-1] com.cpcommunity.PageObjects.BasePage  - Typing in : eventName entered the value as : Paid event - 05 Oct 2020
INFO    2020-10-05 02:52:07,480 [TestNG-test=Test13-3] com.cpcommunity.PageObjects.BasePage  - [[ChromeDriver: chrome on XP (2ff272fc0b3126ca3ae33f4cfd4729aa)] -> xpath: //a[contains(text(),'Upcoming Events')]]is displayed
INFO    2020-10-05 02:52:07,822 [TestNG-test=Test13-1] com.cpcommunity.PageObjects.BasePage  - Clicking on : Search
INFO    2020-10-05 02:52:07,996 [TestNG-test=Test13-2] com.cpcommunity.PageObjects.BasePage  - Typing in : email address entered the value as : andrew74444@gmail.com
INFO    2020-10-05 02:52:08,442 [TestNG-test=Test13-2] com.cpcommunity.PageObjects.BasePage  - Typing in : password entered the value as : Admin@123
INFO    2020-10-05 02:52:08,618 [TestNG-test=Test13-2] com.cpcommunity.PageObjects.BasePage  - Clicking on : Login
INFO    2020-10-05 02:52:09,480 [TestNG-test=Test13-3] com.cpcommunity.PageObjects.BasePage  - Clicking on : Upcoming Events
INFO    2020-10-05 02:52:12,969 [TestNG-test=Test13-1] com.cpcommunity.PageObjects.BasePage  - https://multi1.ezysubscribe.com/event/details/Paid-event-05-Oct-2020/715
INFO    2020-10-05 02:52:15,226 [TestNG-test=Test13-3] com.cpcommunity.PageObjects.BasePage  - scrolling up vertically...
INFO    2020-10-05 02:52:16,035 [TestNG-test=Test13-2] com.cpcommunity.PageObjects.BasePage  - scrolling up vertically...
Date Format with dd MMMM yyyy : 05 Oct 2020
INFO    2020-10-05 02:52:20,306 [TestNG-test=Test13-3] com.cpcommunity.PageObjects.BasePage  - Typing in : eventName entered the value as : Paid event - 05 Oct 2020
INFO    2020-10-05 02:52:20,555 [TestNG-test=Test13-3] com.cpcommunity.PageObjects.BasePage  - Clicking on : Search
INFO    2020-10-05 02:52:21,165 [TestNG-test=Test13-2] com.cpcommunity.PageObjects.BasePage  - waiting for :[[ChromeDriver: chrome on XP (35a5da3f034bd630a7ff27838a539f5b)] -> xpath: //a[contains(text(),'Upcoming Events')]] for :18 seconds
INFO    2020-10-05 02:52:21,200 [TestNG-test=Test13-2] com.cpcommunity.PageObjects.BasePage  - [[ChromeDriver: chrome on XP (35a5da3f034bd630a7ff27838a539f5b)] -> xpath: //a[contains(text(),'Upcoming Events')]]is displayed
INFO    2020-10-05 02:52:23,200 [TestNG-test=Test13-2] com.cpcommunity.PageObjects.BasePage  - Clicking on : Upcoming Events
INFO    2020-10-05 02:52:25,668 [TestNG-test=Test13-3] com.cpcommunity.PageObjects.BasePage  - https://multi1.ezysubscribe.com/event/details/Paid-event-05-Oct-2020/715
INFO    2020-10-05 02:52:26,872 [TestNG-test=Test13-1] com.cpcommunity.PageObjects.BasePage  - scrolling up vertically...
INFO    2020-10-05 02:52:29,158 [TestNG-test=Test13-2] com.cpcommunity.PageObjects.BasePage  - scrolling up vertically...
INFO    2020-10-05 02:52:31,921 [TestNG-test=Test13-1] com.cpcommunity.PageObjects.BasePage  - Clicking on : Register
INFO    2020-10-05 02:52:34,040 [TestNG-test=Test13-1] com.cpcommunity.PageObjects.BasePage  - Selecting the +Ticket+ value as : 1
Date Format with dd MMMM yyyy : 05 Oct 2020
INFO    2020-10-05 02:52:34,236 [TestNG-test=Test13-2] com.cpcommunity.PageObjects.BasePage  - Typing in : eventName entered the value as : Free event - 05 Oct 2020
INFO    2020-10-05 02:52:34,532 [TestNG-test=Test13-2] com.cpcommunity.PageObjects.BasePage  - Clicking on : Search
INFO    2020-10-05 02:52:37,364 [TestNG-test=Test13-3] com.cpcommunity.PageObjects.BasePage  - scrolling up vertically...
INFO    2020-10-05 02:52:37,858 [TestNG-test=Test13-4] com.cpcommunity.PageObjects.BasePage  - waiting for :Proxy element for: AjaxElementLocator 'By.xpath: //input[@value='1']' for :18 seconds
INFO    2020-10-05 02:52:38,740 [TestNG-test=Test13-1] com.cpcommunity.PageObjects.BasePage  - Typing in : First Name entered the value as : 
INFO    2020-10-05 02:52:38,822 [TestNG-test=Test13-1] com.cpcommunity.PageObjects.BasePage  - Typing in : Last Name entered the value as : 
INFO    2020-10-05 02:52:38,953 [TestNG-test=Test13-1] com.cpcommunity.PageObjects.BasePage  - Typing in : Company Name entered the value as : 
INFO    2020-10-05 02:52:39,047 [TestNG-test=Test13-1] com.cpcommunity.PageObjects.BasePage  - Typing in : Attendee Email ID entered the value as : curatora99@gmail.com
INFO    2020-10-05 02:52:39,774 [TestNG-test=Test13-2] com.cpcommunity.PageObjects.BasePage  - https://multi1.ezysubscribe.com/event/details/Free-event-05-Oct-2020/714
INFO    2020-10-05 02:52:40,517 [TestNG-test=Test13-5] com.cpcommunity.PageObjects.BasePage  - waiting for :Proxy element for: AjaxElementLocator 'By.xpath: //input[@value='1']' for :18 seconds
INFO    2020-10-05 02:52:42,404 [TestNG-test=Test13-3] com.cpcommunity.PageObjects.BasePage  - Clicking on : Register
INFO    2020-10-05 02:52:42,616 [TestNG-test=Test13-1] com.cpcommunity.PageObjects.BasePage  - Taking Screen shot of the element
INFO    2020-10-05 02:52:43,046 [TestNG-test=Test13-1] com.cpcommunity.PageObjects.BasePage  - Taken Screen shot of the element
INFO    2020-10-05 02:52:43,069 [TestNG-test=Test13-1] com.cpcommunity.PageObjects.BasePage  - Clicking on : Next
INFO    2020-10-05 02:52:43,219 [TestNG-test=Test13-1] com.cpcommunity.PageObjects.BasePage  - waiting for :[[ChromeDriver: chrome on XP (6079107fb390c5f5574de56f7d37a35d)] -> xpath: //h4[contains(text(),'Booking Information')]] for :18 seconds
INFO    2020-10-05 02:52:43,255 [TestNG-test=Test13-1] com.cpcommunity.PageObjects.BasePage  - [[ChromeDriver: chrome on XP (6079107fb390c5f5574de56f7d37a35d)] -> xpath: //h4[contains(text(),'Booking Information')]]is displayed
INFO    2020-10-05 02:52:44,549 [TestNG-test=Test13-3] com.cpcommunity.PageObjects.BasePage  - Selecting the +Ticket+ value as : 1
INFO    2020-10-05 02:52:45,332 [TestNG-test=Test13-1] com.cpcommunity.PageObjects.BasePage  - Typing in : Payer Email ID entered the value as : andrew74444@gmail.com
INFO    2020-10-05 02:52:49,153 [TestNG-test=Test13-3] com.cpcommunity.PageObjects.BasePage  - Typing in : First Name entered the value as : 
INFO    2020-10-05 02:52:49,249 [TestNG-test=Test13-3] com.cpcommunity.PageObjects.BasePage  - Typing in : Last Name entered the value as : 
INFO    2020-10-05 02:52:49,348 [TestNG-test=Test13-3] com.cpcommunity.PageObjects.BasePage  - Typing in : Company Name entered the value as : 
INFO    2020-10-05 02:52:49,457 [TestNG-test=Test13-3] com.cpcommunity.PageObjects.BasePage  - Typing in : Attendee Email ID entered the value as : curatora99@gmail.com
INFO    2020-10-05 02:52:50,061 [TestNG-test=Test13-1] com.cpcommunity.PageObjects.BasePage  - scrolling down vertically...
INFO    2020-10-05 02:52:51,096 [TestNG-test=Test13-2] com.cpcommunity.PageObjects.BasePage  - scrolling up vertically...
INFO    2020-10-05 02:52:53,052 [TestNG-test=Test13-3] com.cpcommunity.PageObjects.BasePage  - Taking Screen shot of the element
INFO    2020-10-05 02:52:53,160 [TestNG-test=Test13-1] com.cpcommunity.PageObjects.BasePage  - Typing in : promo Code entered the value as : PROMOB_1052020
INFO    2020-10-05 02:52:53,416 [TestNG-test=Test13-1] com.cpcommunity.PageObjects.BasePage  - Clicking on : apply button
INFO    2020-10-05 02:52:53,480 [TestNG-test=Test13-3] com.cpcommunity.PageObjects.BasePage  - Taken Screen shot of the element
INFO    2020-10-05 02:52:53,504 [TestNG-test=Test13-3] com.cpcommunity.PageObjects.BasePage  - Clicking on : Next
INFO    2020-10-05 02:52:53,665 [TestNG-test=Test13-1] com.cpcommunity.PageObjects.BasePage  - waiting for :[[ChromeDriver: chrome on XP (6079107fb390c5f5574de56f7d37a35d)] -> xpath: //*[contains(text(),'The Promo code has been applied  and will be refle')]] for :18 seconds
INFO    2020-10-05 02:52:53,748 [TestNG-test=Test13-1] com.cpcommunity.PageObjects.BasePage  - [[ChromeDriver: chrome on XP (6079107fb390c5f5574de56f7d37a35d)] -> xpath: //*[contains(text(),'The Promo code has been applied  and will be refle')]]is displayed
INFO    2020-10-05 02:52:53,750 [TestNG-test=Test13-3] com.cpcommunity.PageObjects.BasePage  - waiting for :[[ChromeDriver: chrome on XP (2ff272fc0b3126ca3ae33f4cfd4729aa)] -> xpath: //h4[contains(text(),'Booking Information')]] for :18 seconds
INFO    2020-10-05 02:52:53,781 [TestNG-test=Test13-3] com.cpcommunity.PageObjects.BasePage  - [[ChromeDriver: chrome on XP (2ff272fc0b3126ca3ae33f4cfd4729aa)] -> xpath: //h4[contains(text(),'Booking Information')]]is displayed
INFO    2020-10-05 02:52:55,805 [TestNG-test=Test13-1] com.cpcommunity.PageObjects.BasePage  - Clicking[[ChromeDriver: chrome on XP (6079107fb390c5f5574de56f7d37a35d)] -> xpath: //*[contains(text(),'Book Now')]]
INFO    2020-10-05 02:52:55,862 [TestNG-test=Test13-3] com.cpcommunity.PageObjects.BasePage  - Typing in : Payer Email ID entered the value as : andrew74444@gmail.com
INFO    2020-10-05 02:52:56,146 [TestNG-test=Test13-2] com.cpcommunity.PageObjects.BasePage  - Clicking on : Register
INFO    2020-10-05 02:52:58,015 [TestNG-test=Test13-1] com.cpcommunity.PageObjects.BasePage  - Clicked[[ChromeDriver: chrome on XP (6079107fb390c5f5574de56f7d37a35d)] -> xpath: //*[contains(text(),'Book Now')]]
INFO    2020-10-05 02:52:58,043 [TestNG-test=Test13-1] com.cpcommunity.PageObjects.BasePage  - waiting for :[[ChromeDriver: chrome on XP (6079107fb390c5f5574de56f7d37a35d)] -> xpath: //input[@value='2']] for :18 seconds
INFO    2020-10-05 02:52:58,306 [TestNG-test=Test13-2] com.cpcommunity.PageObjects.BasePage  - Selecting the +Ticket+ value as : 1
INFO    2020-10-05 02:53:00,696 [TestNG-test=Test13-3] com.cpcommunity.PageObjects.BasePage  - scrolling down vertically...
INFO    2020-10-05 02:53:02,947 [TestNG-test=Test13-2] com.cpcommunity.PageObjects.BasePage  - Typing in : First Name entered the value as : Andrew
INFO    2020-10-05 02:53:03,157 [TestNG-test=Test13-2] com.cpcommunity.PageObjects.BasePage  - Typing in : Last Name entered the value as : Thomson
INFO    2020-10-05 02:53:03,315 [TestNG-test=Test13-1] com.cpcommunity.PageObjects.BasePage  - [[ChromeDriver: chrome on XP (6079107fb390c5f5574de56f7d37a35d)] -> xpath: //input[@value='2']]is displayed
INFO    2020-10-05 02:53:03,406 [TestNG-test=Test13-2] com.cpcommunity.PageObjects.BasePage  - Typing in : Company Name entered the value as : PamTen
INFO    2020-10-05 02:53:03,589 [TestNG-test=Test13-2] com.cpcommunity.PageObjects.BasePage  - Typing in : Attendee Email ID entered the value as : andrew74444@gmail.com
INFO    2020-10-05 02:53:03,815 [TestNG-test=Test13-3] com.cpcommunity.PageObjects.BasePage  - Typing in : promo Code entered the value as : PROMOA_1052020
INFO    2020-10-05 02:53:04,173 [TestNG-test=Test13-3] com.cpcommunity.PageObjects.BasePage  - Clicking on : apply button
INFO    2020-10-05 02:53:04,455 [TestNG-test=Test13-3] com.cpcommunity.PageObjects.BasePage  - waiting for :[[ChromeDriver: chrome on XP (2ff272fc0b3126ca3ae33f4cfd4729aa)] -> xpath: //*[contains(text(),'The Promo code has been applied  and will be refle')]] for :18 seconds
INFO    2020-10-05 02:53:04,497 [TestNG-test=Test13-3] com.cpcommunity.PageObjects.BasePage  - [[ChromeDriver: chrome on XP (2ff272fc0b3126ca3ae33f4cfd4729aa)] -> xpath: //*[contains(text(),'The Promo code has been applied  and will be refle')]]is displayed
INFO    2020-10-05 02:53:05,316 [TestNG-test=Test13-1] com.cpcommunity.PageObjects.BasePage  - Clicking on : Selecting AuthorizeNet
INFO    2020-10-05 02:53:05,411 [TestNG-test=Test13-1] com.cpcommunity.PageObjects.BasePage  - waiting for :[[ChromeDriver: chrome on XP (6079107fb390c5f5574de56f7d37a35d)] -> xpath: //*[@id='Authorizeform']//span[contains(.,'Proceed')]] for :18 seconds
INFO    2020-10-05 02:53:05,445 [TestNG-test=Test13-1] com.cpcommunity.PageObjects.BasePage  - [[ChromeDriver: chrome on XP (6079107fb390c5f5574de56f7d37a35d)] -> xpath: //*[@id='Authorizeform']//span[contains(.,'Proceed')]]is displayed
INFO    2020-10-05 02:53:06,532 [TestNG-test=Test13-3] com.cpcommunity.PageObjects.BasePage  - Clicking[[ChromeDriver: chrome on XP (2ff272fc0b3126ca3ae33f4cfd4729aa)] -> xpath: //*[contains(text(),'Book Now')]]
INFO    2020-10-05 02:53:07,302 [TestNG-test=Test13-2] com.cpcommunity.PageObjects.BasePage  - Taking Screen shot of the element
INFO    2020-10-05 02:53:07,446 [TestNG-test=Test13-1] com.cpcommunity.PageObjects.BasePage  - Clicking on : Proceed
INFO    2020-10-05 02:53:07,919 [TestNG-test=Test13-2] com.cpcommunity.PageObjects.BasePage  - Taken Screen shot of the element
INFO    2020-10-05 02:53:08,023 [TestNG-test=Test13-2] com.cpcommunity.PageObjects.BasePage  - Clicking[[ChromeDriver: chrome on XP (35a5da3f034bd630a7ff27838a539f5b)] -> xpath: //*[contains(text(),'Book Now')]]
INFO    2020-10-05 02:53:08,733 [TestNG-test=Test13-3] com.cpcommunity.PageObjects.BasePage  - Clicked[[ChromeDriver: chrome on XP (2ff272fc0b3126ca3ae33f4cfd4729aa)] -> xpath: //*[contains(text(),'Book Now')]]
INFO    2020-10-05 02:53:08,763 [TestNG-test=Test13-3] com.cpcommunity.PageObjects.BasePage  - waiting for :[[ChromeDriver: chrome on XP (2ff272fc0b3126ca3ae33f4cfd4729aa)] -> xpath: //*[contains(text(),'Your registration has been processed')]] for :18 seconds
INFO    2020-10-05 02:53:10,098 [TestNG-test=Test13-2] com.cpcommunity.PageObjects.BasePage  - Clicked[[ChromeDriver: chrome on XP (35a5da3f034bd630a7ff27838a539f5b)] -> xpath: //*[contains(text(),'Book Now')]]
INFO    2020-10-05 02:53:10,114 [TestNG-test=Test13-2] com.cpcommunity.PageObjects.BasePage  - waiting for :[[ChromeDriver: chrome on XP (35a5da3f034bd630a7ff27838a539f5b)] -> xpath: //*[contains(text(),'Your registration has been processed')]] for :18 seconds
]]></system-out>
    <system-err><![CDATA[Starting ChromeDriver 2.38.552522 (437e6fbedfa8762dec75e2c5b3ddb86763dc9dcb) on port 38251
Only local connections are allowed.
Oct 05, 2020 2:51:38 AM org.openqa.selenium.remote.ProtocolHandshake createSession
INFO: Detected dialect: OSS
Oct 05, 2020 2:51:45 AM org.openqa.selenium.remote.Augmenter extractRemoteWebDriver
WARNING: Augmenter should be applied to the instances of @Augmentable classes or previously augmented instances only (instance class was: class org.openqa.selenium.chrome.ChromeDriver)
Oct 05, 2020 2:51:45 AM org.openqa.selenium.remote.Augmenter extractRemoteWebDriver
WARNING: Augmenter should be applied to the instances of @Augmentable classes or previously augmented instances only (instance class was: class org.openqa.selenium.chrome.ChromeDriver)
Oct 05, 2020 2:51:47 AM org.openqa.selenium.remote.Augmenter extractRemoteWebDriver
WARNING: Augmenter should be applied to the instances of @Augmentable classes or previously augmented instances only (instance class was: class org.openqa.selenium.chrome.ChromeDriver)
Oct 05, 2020 2:51:47 AM org.openqa.selenium.remote.Augmenter extractRemoteWebDriver
WARNING: Augmenter should be applied to the instances of @Augmentable classes or previously augmented instances only (instance class was: class org.openqa.selenium.chrome.ChromeDriver)
Oct 05, 2020 2:51:47 AM org.openqa.selenium.remote.Augmenter extractRemoteWebDriver
WARNING: Augmenter should be applied to the instances of @Augmentable classes or previously augmented instances only (instance class was: class org.openqa.selenium.chrome.ChromeDriver)
Oct 05, 2020 2:51:48 AM org.openqa.selenium.remote.Augmenter extractRemoteWebDriver
WARNING: Augmenter should be applied to the instances of @Augmentable classes or previously augmented instances only (instance class was: class org.openqa.selenium.chrome.ChromeDriver)
Oct 05, 2020 2:51:48 AM org.openqa.selenium.remote.Augmenter extractRemoteWebDriver
WARNING: Augmenter should be applied to the instances of @Augmentable classes or previously augmented instances only (instance class was: class org.openqa.selenium.chrome.ChromeDriver)
Oct 05, 2020 2:51:48 AM org.openqa.selenium.remote.Augmenter extractRemoteWebDriver
WARNING: Augmenter should be applied to the instances of @Augmentable classes or previously augmented instances only (instance class was: class org.openqa.selenium.chrome.ChromeDriver)
Oct 05, 2020 2:51:58 AM org.openqa.selenium.remote.Augmenter extractRemoteWebDriver
WARNING: Augmenter should be applied to the instances of @Augmentable classes or previously augmented instances only (instance class was: class org.openqa.selenium.chrome.ChromeDriver)
Oct 05, 2020 2:51:59 AM org.openqa.selenium.remote.Augmenter extractRemoteWebDriver
WARNING: Augmenter should be applied to the instances of @Augmentable classes or previously augmented instances only (instance class was: class org.openqa.selenium.chrome.ChromeDriver)
Oct 05, 2020 2:52:00 AM org.openqa.selenium.remote.Augmenter extractRemoteWebDriver
WARNING: Augmenter should be applied to the instances of @Augmentable classes or previously augmented instances only (instance class was: class org.openqa.selenium.chrome.ChromeDriver)
Oct 05, 2020 2:52:01 AM org.openqa.selenium.remote.Augmenter extractRemoteWebDriver
WARNING: Augmenter should be applied to the instances of @Augmentable classes or previously augmented instances only (instance class was: class org.openqa.selenium.chrome.ChromeDriver)
Oct 05, 2020 2:52:01 AM org.openqa.selenium.remote.Augmenter extractRemoteWebDriver
WARNING: Augmenter should be applied to the instances of @Augmentable classes or previously augmented instances only (instance class was: class org.openqa.selenium.chrome.ChromeDriver)
Oct 05, 2020 2:52:01 AM org.openqa.selenium.remote.Augmenter extractRemoteWebDriver
WARNING: Augmenter should be applied to the instances of @Augmentable classes or previously augmented instances only (instance class was: class org.openqa.selenium.chrome.ChromeDriver)
Oct 05, 2020 2:52:02 AM org.openqa.selenium.remote.Augmenter extractRemoteWebDriver
WARNING: Augmenter should be applied to the instances of @Augmentable classes or previously augmented instances only (instance class was: class org.openqa.selenium.chrome.ChromeDriver)
Oct 05, 2020 2:52:12 AM org.openqa.selenium.remote.Augmenter extractRemoteWebDriver
WARNING: Augmenter should be applied to the instances of @Augmentable classes or previously augmented instances only (instance class was: class org.openqa.selenium.chrome.ChromeDriver)
Oct 05, 2020 2:52:12 AM org.openqa.selenium.remote.Augmenter extractRemoteWebDriver
WARNING: Augmenter should be applied to the instances of @Augmentable classes or previously augmented instances only (instance class was: class org.openqa.selenium.chrome.ChromeDriver)
Oct 05, 2020 2:52:13 AM org.openqa.selenium.remote.Augmenter extractRemoteWebDriver
WARNING: Augmenter should be applied to the instances of @Augmentable classes or previously augmented instances only (instance class was: class org.openqa.selenium.chrome.ChromeDriver)
Oct 05, 2020 2:52:14 AM org.openqa.selenium.remote.Augmenter extractRemoteWebDriver
WARNING: Augmenter should be applied to the instances of @Augmentable classes or previously augmented instances only (instance class was: class org.openqa.selenium.chrome.ChromeDriver)
Oct 05, 2020 2:52:15 AM org.openqa.selenium.remote.Augmenter extractRemoteWebDriver
WARNING: Augmenter should be applied to the instances of @Augmentable classes or previously augmented instances only (instance class was: class org.openqa.selenium.chrome.ChromeDriver)
Oct 05, 2020 2:52:19 AM org.openqa.selenium.remote.Augmenter extractRemoteWebDriver
WARNING: Augmenter should be applied to the instances of @Augmentable classes or previously augmented instances only (instance class was: class org.openqa.selenium.chrome.ChromeDriver)
Oct 05, 2020 2:52:21 AM org.openqa.selenium.remote.Augmenter extractRemoteWebDriver
WARNING: Augmenter should be applied to the instances of @Augmentable classes or previously augmented instances only (instance class was: class org.openqa.selenium.chrome.ChromeDriver)
Oct 05, 2020 2:52:22 AM org.openqa.selenium.remote.Augmenter extractRemoteWebDriver
WARNING: Augmenter should be applied to the instances of @Augmentable classes or previously augmented instances only (instance class was: class org.openqa.selenium.chrome.ChromeDriver)
Oct 05, 2020 2:52:24 AM org.openqa.selenium.remote.Augmenter extractRemoteWebDriver
WARNING: Augmenter should be applied to the instances of @Augmentable classes or previously augmented instances only (instance class was: class org.openqa.selenium.chrome.ChromeDriver)
Oct 05, 2020 2:52:25 AM org.openqa.selenium.remote.Augmenter extractRemoteWebDriver
WARNING: Augmenter should be applied to the instances of @Augmentable classes or previously augmented instances only (instance class was: class org.openqa.selenium.chrome.ChromeDriver)
Oct 05, 2020 2:52:26 AM org.openqa.selenium.remote.Augmenter extractRemoteWebDriver
WARNING: Augmenter should be applied to the instances of @Augmentable classes or previously augmented instances only (instance class was: class org.openqa.selenium.chrome.ChromeDriver)
Oct 05, 2020 2:52:28 AM org.openqa.selenium.remote.Augmenter extractRemoteWebDriver
WARNING: Augmenter should be applied to the instances of @Augmentable classes or previously augmented instances only (instance class was: class org.openqa.selenium.chrome.ChromeDriver)
Oct 05, 2020 2:52:30 AM org.openqa.selenium.remote.Augmenter extractRemoteWebDriver
WARNING: Augmenter should be applied to the instances of @Augmentable classes or previously augmented instances only (instance class was: class org.openqa.selenium.chrome.ChromeDriver)
Oct 05, 2020 2:52:31 AM org.openqa.selenium.remote.Augmenter extractRemoteWebDriver
WARNING: Augmenter should be applied to the instances of @Augmentable classes or previously augmented instances only (instance class was: class org.openqa.selenium.chrome.ChromeDriver)
Oct 05, 2020 2:52:33 AM org.openqa.selenium.remote.Augmenter extractRemoteWebDriver
WARNING: Augmenter should be applied to the instances of @Augmentable classes or previously augmented instances only (instance class was: class org.openqa.selenium.chrome.ChromeDriver)
Oct 05, 2020 2:52:34 AM org.openqa.selenium.remote.Augmenter extractRemoteWebDriver
WARNING: Augmenter should be applied to the instances of @Augmentable classes or previously augmented instances only (instance class was: class org.openqa.selenium.chrome.ChromeDriver)
Oct 05, 2020 2:52:36 AM org.openqa.selenium.remote.Augmenter extractRemoteWebDriver
WARNING: Augmenter should be applied to the instances of @Augmentable classes or previously augmented instances only (instance class was: class org.openqa.selenium.chrome.ChromeDriver)
Oct 05, 2020 2:52:43 AM org.openqa.selenium.remote.Augmenter extractRemoteWebDriver
WARNING: Augmenter should be applied to the instances of @Augmentable classes or previously augmented instances only (instance class was: class org.openqa.selenium.chrome.ChromeDriver)
Oct 05, 2020 2:52:45 AM org.openqa.selenium.remote.Augmenter extractRemoteWebDriver
WARNING: Augmenter should be applied to the instances of @Augmentable classes or previously augmented instances only (instance class was: class org.openqa.selenium.chrome.ChromeDriver)
Oct 05, 2020 2:52:46 AM org.openqa.selenium.remote.Augmenter extractRemoteWebDriver
WARNING: Augmenter should be applied to the instances of @Augmentable classes or previously augmented instances only (instance class was: class org.openqa.selenium.chrome.ChromeDriver)
Oct 05, 2020 2:52:48 AM org.openqa.selenium.remote.Augmenter extractRemoteWebDriver
WARNING: Augmenter should be applied to the instances of @Augmentable classes or previously augmented instances only (instance class was: class org.openqa.selenium.chrome.ChromeDriver)
Oct 05, 2020 2:52:49 AM org.openqa.selenium.remote.Augmenter extractRemoteWebDriver
WARNING: Augmenter should be applied to the instances of @Augmentable classes or previously augmented instances only (instance class was: class org.openqa.selenium.chrome.ChromeDriver)
Oct 05, 2020 2:53:11 AM org.openqa.selenium.remote.Augmenter extractRemoteWebDriver
WARNING: Augmenter should be applied to the instances of @Augmentable classes or previously augmented instances only (instance class was: class org.openqa.selenium.chrome.ChromeDriver)
Oct 05, 2020 2:53:13 AM org.openqa.selenium.remote.Augmenter extractRemoteWebDriver
WARNING: Augmenter should be applied to the instances of @Augmentable classes or previously augmented instances only (instance class was: class org.openqa.selenium.chrome.ChromeDriver)
org.openqa.selenium.NoSuchWindowException: no such window: target window already closed
from unknown error: web view not found
  (Session info: chrome=85.0.4183.121)
  (Driver info: chromedriver=2.38.552522 (437e6fbedfa8762dec75e2c5b3ddb86763dc9dcb),platform=Windows NT 10.0.18362 x86_64) (WARNING: The server did not provide any stacktrace information)
Command duration or timeout: 0 milliseconds
Build info: version: '3.14.0', revision: 'aacccce0', time: '2018-08-02T20:19:58.91Z'
System info: host: 'LAPTOP-65H8KDP8', ip: '10.0.0.11', os.name: 'Windows 10', os.arch: 'amd64', os.version: '10.0', java.version: '1.8.0_251'
Driver info: org.openqa.selenium.chrome.ChromeDriver
Capabilities {acceptInsecureCerts: false, acceptSslCerts: false, applicationCacheEnabled: false, browserConnectionEnabled: false, browserName: chrome, chrome: {chromedriverVersion: 2.38.552522 (437e6fbedfa876..., userDataDir: C:\Users\netwo\AppData\Loca...}, cssSelectorsEnabled: true, databaseEnabled: false, handlesAlerts: true, hasTouchScreen: false, javascriptEnabled: true, locationContextEnabled: true, mobileEmulationEnabled: false, nativeEvents: true, networkConnectionEnabled: false, pageLoadStrategy: normal, platform: XP, platformName: XP, rotatable: false, setWindowRect: true, takesHeapSnapshot: true, takesScreenshot: true, unexpectedAlertBehaviour: , unhandledPromptBehavior: , version: 85.0.4183.121, webStorageEnabled: true}
Session ID: 4d92fa5dde562a786235e719a17e124e
	at sun.reflect.NativeConstructorAccessorImpl.newInstance0(Native Method)
	at sun.reflect.NativeConstructorAccessorImpl.newInstance(NativeConstructorAccessorImpl.java:62)
	at sun.reflect.DelegatingConstructorAccessorImpl.newInstance(DelegatingConstructorAccessorImpl.java:45)
	at java.lang.reflect.Constructor.newInstance(Constructor.java:423)
	at org.openqa.selenium.remote.ErrorHandler.createThrowable(ErrorHandler.java:214)
	at org.openqa.selenium.remote.ErrorHandler.throwIfResponseFailed(ErrorHandler.java:166)
	at org.openqa.selenium.remote.http.JsonHttpResponseCodec.reconstructValue(JsonHttpResponseCodec.java:40)
	at org.openqa.selenium.remote.http.AbstractHttpResponseCodec.decode(AbstractHttpResponseCodec.java:80)
	at org.openqa.selenium.remote.http.AbstractHttpResponseCodec.decode(AbstractHttpResponseCodec.java:44)
	at org.openqa.selenium.remote.HttpCommandExecutor.execute(HttpCommandExecutor.java:158)
	at org.openqa.selenium.remote.service.DriverCommandExecutor.execute(DriverCommandExecutor.java:83)
	at org.openqa.selenium.remote.RemoteWebDriver.execute(RemoteWebDriver.java:548)
	at org.openqa.selenium.remote.RemoteWebDriver.execute(RemoteWebDriver.java:605)
	at org.openqa.selenium.remote.RemoteWebDriver.getScreenshotAs(RemoteWebDriver.java:294)
	at com.cpcommunity.ExtentListeners.ExtentManager.captureScreenshot(ExtentManager.java:73)
	at com.cpcommunity.ExtentListeners.ExtentListeners.onTestFailure(ExtentListeners.java:76)
	at org.testng.internal.Invoker.runTestListeners(Invoker.java:1731)
	at org.testng.internal.Invoker.runTestListeners(Invoker.java:1714)
	at org.testng.internal.Invoker.invokeMethod(Invoker.java:714)
	at org.testng.internal.Invoker.retryFailed(Invoker.java:1014)
	at org.testng.internal.Invoker.invokeTestMethods(Invoker.java:1215)
	at org.testng.internal.TestMethodWorker.invokeTestMethods(TestMethodWorker.java:126)
	at org.testng.internal.TestMethodWorker.run(TestMethodWorker.java:109)
	at java.util.concurrent.ThreadPoolExecutor.runWorker(ThreadPoolExecutor.java:1149)
	at java.util.concurrent.ThreadPoolExecutor$Worker.run(ThreadPoolExecutor.java:624)
	at java.lang.Thread.run(Thread.java:748)
]]></system-err>
  </testcase>
  <testcase name="TC145" classname="com.cpcommunity.testScripts.Event_Registrations.TC145_PromoCode_Event_Registration_With_PayPal_From_Event_Details_Page" time="0">
    <skipped/>
    <system-out><![CDATA[INFO    2020-10-05 02:49:38,003 [TestNG-test=Test13-4] com.cpcommunity.testScripts.community.BaseTest  - Test Execution Completed !!!
Total rows are : 1167
Test case starts from row num: 848
Total rows of data are : 1
Total cols are : 12
@TestCase : TC143
INFO    2020-10-05 02:49:38,175 [TestNG-test=Test13-4] com.cpcommunity.testScripts.community.BaseTest  - Inside Login Test
{attendeeFirstName=Andrew, Test Descrption=TC143_Paid_Event_Registration_With_PayPal_From_Event_Details_Page, promoCode1=, Runmode=Y, browser=chrome, eventName=Paid event -, email=andrew74444@gmail.com, attendeLastName=Thomson, password=Admin@123, companyName=PamTen, payerEmailID=andrew74444@gmail.com, attendeeEmailID=andrew74444@gmail.com}
Launching : chrome
INFO    2020-10-05 02:49:38,296 [TestNG-test=Test13-5] com.cpcommunity.PageObjects.BasePage  - waiting for :[[ChromeDriver: chrome on XP (f2ce9b1e3439e09eacac58909825a441)] -> xpath: //a[contains(text(),'Upcoming Events')]] for :18 seconds
INFO    2020-10-05 02:49:38,348 [TestNG-test=Test13-5] com.cpcommunity.PageObjects.BasePage  - [[ChromeDriver: chrome on XP (f2ce9b1e3439e09eacac58909825a441)] -> xpath: //a[contains(text(),'Upcoming Events')]]is displayed
INFO    2020-10-05 02:49:38,534 [TestNG-test=Test13-2] com.cpcommunity.PageObjects.BasePage  - Clicking on : LOGIN
INFO    2020-10-05 02:49:38,959 [TestNG-test=Test13-1] com.cpcommunity.PageObjects.BasePage  - waiting for :[[ChromeDriver: chrome on XP (b2023be0730db036539341ad742afe72)] -> xpath: //a[@tooltip='Community - 05 Oct 2020']] for :18 seconds
INFO    2020-10-05 02:49:38,976 [TestNG-test=Test13-1] com.cpcommunity.PageObjects.BasePage  - [[ChromeDriver: chrome on XP (b2023be0730db036539341ad742afe72)] -> xpath: //a[@tooltip='Community - 05 Oct 2020']]is displayed
INFO    2020-10-05 02:49:40,350 [TestNG-test=Test13-5] com.cpcommunity.PageObjects.BasePage  - Clicking on : Upcoming Events
]]></system-out>
    <system-err><![CDATA[Starting ChromeDriver 2.38.552522 (437e6fbedfa8762dec75e2c5b3ddb86763dc9dcb) on port 22170
Only local connections are allowed.
]]></system-err>
  </testcase>
  <testcase name="TC145" classname="com.cpcommunity.testScripts.Event_Registrations.TC145_PromoCode_Event_Registration_With_PayPal_From_Event_Details_Page" time="187.457">
    <failure message="Expected condition failed: waiting for visibility of Proxy element for: AjaxElementLocator &apos;By.xpath: //input[@value=&apos;1&apos;]&apos; (tried for 30 second(s) with 500 milliseconds interval)" type="org.openqa.selenium.TimeoutException">org.openqa.selenium.TimeoutException: Expected condition failed: waiting for visibility of Proxy element for: AjaxElementLocator 'By.xpath: //input[@value='1']' (tried for 30 second(s) with 500 milliseconds interval)
	at sun.reflect.GeneratedConstructorAccessor77.newInstance(Unknown Source)
	at sun.reflect.DelegatingConstructorAccessorImpl.newInstance(DelegatingConstructorAccessorImpl.java:45)
	at java.lang.reflect.Constructor.newInstance(Constructor.java:423)
	at org.openqa.selenium.remote.ErrorHandler.createThrowable(ErrorHandler.java:214)
	at org.openqa.selenium.remote.ErrorHandler.throwIfResponseFailed(ErrorHandler.java:166)
	at org.openqa.selenium.remote.http.JsonHttpResponseCodec.reconstructValue(JsonHttpResponseCodec.java:40)
	at org.openqa.selenium.remote.http.AbstractHttpResponseCodec.decode(AbstractHttpResponseCodec.java:80)
	at org.openqa.selenium.remote.http.AbstractHttpResponseCodec.decode(AbstractHttpResponseCodec.java:44)
	at org.openqa.selenium.remote.HttpCommandExecutor.execute(HttpCommandExecutor.java:158)
	at org.openqa.selenium.remote.service.DriverCommandExecutor.execute(DriverCommandExecutor.java:83)
	at org.openqa.selenium.remote.RemoteWebDriver.execute(RemoteWebDriver.java:548)
	at org.openqa.selenium.remote.RemoteWebDriver.findElement(RemoteWebDriver.java:322)
	at org.openqa.selenium.remote.RemoteWebDriver.findElementByXPath(RemoteWebDriver.java:424)
	at org.openqa.selenium.By$ByXPath.findElement(By.java:353)
	at org.openqa.selenium.remote.RemoteWebDriver.findElement(RemoteWebDriver.java:314)
	at org.openqa.selenium.support.pagefactory.DefaultElementLocator.findElement(DefaultElementLocator.java:69)
	at org.openqa.selenium.support.pagefactory.AjaxElementLocator.access$001(AjaxElementLocator.java:39)
	at org.openqa.selenium.support.pagefactory.AjaxElementLocator$SlowLoadingElement.isLoaded(AjaxElementLocator.java:194)
	at org.openqa.selenium.support.ui.SlowLoadableComponent.get(SlowLoadableComponent.java:78)
	at org.openqa.selenium.support.pagefactory.AjaxElementLocator.findElement(AjaxElementLocator.java:119)
	at org.openqa.selenium.support.pagefactory.internal.LocatingElementHandler.invoke(LocatingElementHandler.java:38)
	at com.sun.proxy.$Proxy9.isDisplayed(Unknown Source)
	at org.openqa.selenium.support.ui.ExpectedConditions.elementIfVisible(ExpectedConditions.java:315)
	at org.openqa.selenium.support.ui.ExpectedConditions.access$100(ExpectedConditions.java:44)
	at org.openqa.selenium.support.ui.ExpectedConditions$10.apply(ExpectedConditions.java:301)
	at org.openqa.selenium.support.ui.ExpectedConditions$10.apply(ExpectedConditions.java:298)
	at org.openqa.selenium.support.ui.FluentWait.until(FluentWait.java:260)
	at com.cpcommunity.PageObjects.BasePage.waitForElementToPresent(BasePage.java:177)
	at com.cpcommunity.PageObjects.EventDetailsPage.registerEventByPayPal(EventDetailsPage.java:294)
	at com.cpcommunity.testScripts.Event_Registrations.TC145_PromoCode_Event_Registration_With_PayPal_From_Event_Details_Page.TC145(TC145_PromoCode_Event_Registration_With_PayPal_From_Event_Details_Page.java:31)
</failure>
    <system-out><![CDATA[INFO    2020-10-05 02:53:32,739 [TestNG-test=Test13-2] com.cpcommunity.testScripts.community.BaseTest  - Test Execution Completed !!!
INFO    2020-10-05 02:53:32,911 [TestNG-test=Test13-3] com.cpcommunity.testScripts.community.BaseTest  - Test Execution Completed !!!
INFO    2020-10-05 02:53:38,324 [TestNG-test=Test13-1] com.cpcommunity.PageObjects.BasePage  - Typing in : email entered the value as : andrew74444@gmail.com
INFO    2020-10-05 02:53:38,626 [TestNG-test=Test13-1] com.cpcommunity.PageObjects.BasePage  - Clicking[[ChromeDriver: chrome on XP (6079107fb390c5f5574de56f7d37a35d)] -> xpath: //*[@id='payBtn']]
]]></system-out>
  </testcase>
  <testcase name="TC072" classname="com.cpcommunity.testScripts.community.TC072_Community_Admin_Approve_And_Reject_Group_Requests" time="80.976"/>
  <testcase name="TC148" classname="com.cpcommunity.testScripts.Event_Registrations.TC148_Free_Event_Registration_From_Event_Details_Page" time="117.312"/>
  <testcase name="TC147" classname="com.cpcommunity.testScripts.Event_Registrations.TC147_100_Percent_PromoCode_Event_Registration_From_Event_Details_Page" time="117.479"/>
  <testcase name="TC146" classname="com.cpcommunity.testScripts.Event_Registrations.TC146_PromoCode_Event_Registration_With_Authorize_From_Event_Details_Page" time="220.776"/>
  <testcase name="TC064" classname="com.cpcommunity.testScripts.community.TC064_Community_Admin_Approve_And_Reject_Community_Requests" time="0">
    <skipped/>
    <system-out><![CDATA[INFO    2020-10-05 02:55:16,361 [TestNG-test=Test13-1] com.cpcommunity.testScripts.community.BaseTest  - Test Execution Completed !!!
Total rows are : 1167
Test case starts from row num: 184
Total rows of data are : 1
Total cols are : 9
@TestCase : TC064
INFO    2020-10-05 02:55:16,537 [TestNG-test=Test14-1] com.cpcommunity.testScripts.community.BaseTest  - Inside Login Test
Launching : chrome
ChromeDriver: chrome on XP (7da061360bc3b995da911dd7c94b6b3d)
7da061360bc3b995da911dd7c94b6b3d
INFO    2020-10-05 02:55:19,790 [TestNG-test=Test14-1] com.cpcommunity.testScripts.community.BaseTest  - Driver Initialized !!!
Page Opened
INFO    2020-10-05 02:55:29,423 [TestNG-test=Test14-1] com.cpcommunity.PageObjects.BasePage  - scrolling up vertically...
INFO    2020-10-05 02:55:34,468 [TestNG-test=Test14-1] com.cpcommunity.PageObjects.BasePage  - waiting for :[[ChromeDriver: chrome on XP (7da061360bc3b995da911dd7c94b6b3d)] -> xpath: //a[contains(.,'Login')]] for :18 seconds
INFO    2020-10-05 02:55:34,498 [TestNG-test=Test14-1] com.cpcommunity.PageObjects.BasePage  - [[ChromeDriver: chrome on XP (7da061360bc3b995da911dd7c94b6b3d)] -> xpath: //a[contains(.,'Login')]]is displayed
INFO    2020-10-05 02:55:37,499 [TestNG-test=Test14-1] com.cpcommunity.PageObjects.BasePage  - Clicking on : LOGIN
ChromeDriver: chrome on XP (7da061360bc3b995da911dd7c94b6b3d)Login Page
INFO    2020-10-05 02:55:41,631 [TestNG-test=Test14-1] com.cpcommunity.PageObjects.BasePage  - scrolling up vertically...
INFO    2020-10-05 02:55:46,640 [TestNG-test=Test14-1] com.cpcommunity.PageObjects.BasePage  - Typing in : email address entered the value as : andrew74444@gmail.com
INFO    2020-10-05 02:55:46,941 [TestNG-test=Test14-1] com.cpcommunity.PageObjects.BasePage  - Typing in : password entered the value as : Admin@123
INFO    2020-10-05 02:55:47,121 [TestNG-test=Test14-1] com.cpcommunity.PageObjects.BasePage  - Clicking on : Login
]]></system-out>
    <system-err><![CDATA[Starting ChromeDriver 2.38.552522 (437e6fbedfa8762dec75e2c5b3ddb86763dc9dcb) on port 19546
Only local connections are allowed.
Oct 05, 2020 2:55:19 AM org.openqa.selenium.remote.ProtocolHandshake createSession
INFO: Detected dialect: OSS
Oct 05, 2020 2:55:25 AM org.openqa.selenium.remote.Augmenter extractRemoteWebDriver
WARNING: Augmenter should be applied to the instances of @Augmentable classes or previously augmented instances only (instance class was: class org.openqa.selenium.chrome.ChromeDriver)
Oct 05, 2020 2:55:27 AM org.openqa.selenium.remote.Augmenter extractRemoteWebDriver
WARNING: Augmenter should be applied to the instances of @Augmentable classes or previously augmented instances only (instance class was: class org.openqa.selenium.chrome.ChromeDriver)
Oct 05, 2020 2:55:28 AM org.openqa.selenium.remote.Augmenter extractRemoteWebDriver
WARNING: Augmenter should be applied to the instances of @Augmentable classes or previously augmented instances only (instance class was: class org.openqa.selenium.chrome.ChromeDriver)
Oct 05, 2020 2:55:39 AM org.openqa.selenium.remote.Augmenter extractRemoteWebDriver
WARNING: Augmenter should be applied to the instances of @Augmentable classes or previously augmented instances only (instance class was: class org.openqa.selenium.chrome.ChromeDriver)
Oct 05, 2020 2:55:41 AM org.openqa.selenium.remote.Augmenter extractRemoteWebDriver
WARNING: Augmenter should be applied to the instances of @Augmentable classes or previously augmented instances only (instance class was: class org.openqa.selenium.chrome.ChromeDriver)
Oct 05, 2020 2:55:50 AM org.openqa.selenium.remote.Augmenter extractRemoteWebDriver
WARNING: Augmenter should be applied to the instances of @Augmentable classes or previously augmented instances only (instance class was: class org.openqa.selenium.chrome.ChromeDriver)
Oct 05, 2020 2:55:51 AM org.openqa.selenium.remote.Augmenter extractRemoteWebDriver
WARNING: Augmenter should be applied to the instances of @Augmentable classes or previously augmented instances only (instance class was: class org.openqa.selenium.chrome.ChromeDriver)
Oct 05, 2020 2:55:53 AM org.openqa.selenium.remote.Augmenter extractRemoteWebDriver
WARNING: Augmenter should be applied to the instances of @Augmentable classes or previously augmented instances only (instance class was: class org.openqa.selenium.chrome.ChromeDriver)
]]></system-err>
  </testcase>
  <testcase name="TC064" classname="com.cpcommunity.testScripts.community.TC064_Community_Admin_Approve_And_Reject_Community_Requests" time="135.362"/>
  <testcase name="TC107" classname="com.cpcommunity.testScripts.community.TC107_Member_Cancel_Groups_Request_From_MyGroups" time="206.222"/>
  <testcase name="TC099" classname="com.cpcommunity.testScripts.community.TC099_InActivate_Community_By_Community_Admin" time="0">
    <skipped/>
    <system-out><![CDATA[INFO    2020-10-05 03:01:37,304 [TestNG-test=Test15-1] com.cpcommunity.testScripts.community.BaseTest  - Test Execution Completed !!!
Total rows are : 1167
Test case starts from row num: 560
Total rows of data are : 1
Total cols are : 6
@TestCase : TC099
INFO    2020-10-05 03:01:37,460 [TestNG-test=Test16-1] com.cpcommunity.testScripts.community.BaseTest  - Inside Login Test
Launching : chrome
ChromeDriver: chrome on XP (f3b9ba6e5cf350dffb69a3d713b227a5)
f3b9ba6e5cf350dffb69a3d713b227a5
INFO    2020-10-05 03:01:40,710 [TestNG-test=Test16-1] com.cpcommunity.testScripts.community.BaseTest  - Driver Initialized !!!
Page Opened
INFO    2020-10-05 03:01:49,998 [TestNG-test=Test16-1] com.cpcommunity.PageObjects.BasePage  - scrolling up vertically...
INFO    2020-10-05 03:01:55,056 [TestNG-test=Test16-1] com.cpcommunity.PageObjects.BasePage  - waiting for :[[ChromeDriver: chrome on XP (f3b9ba6e5cf350dffb69a3d713b227a5)] -> xpath: //a[contains(.,'Login')]] for :18 seconds
INFO    2020-10-05 03:01:55,090 [TestNG-test=Test16-1] com.cpcommunity.PageObjects.BasePage  - [[ChromeDriver: chrome on XP (f3b9ba6e5cf350dffb69a3d713b227a5)] -> xpath: //a[contains(.,'Login')]]is displayed
INFO    2020-10-05 03:01:58,091 [TestNG-test=Test16-1] com.cpcommunity.PageObjects.BasePage  - Clicking on : LOGIN
ChromeDriver: chrome on XP (f3b9ba6e5cf350dffb69a3d713b227a5)Login Page
INFO    2020-10-05 03:02:02,867 [TestNG-test=Test16-1] com.cpcommunity.PageObjects.BasePage  - scrolling up vertically...
INFO    2020-10-05 03:02:07,875 [TestNG-test=Test16-1] com.cpcommunity.PageObjects.BasePage  - Typing in : email address entered the value as : andrew74444@gmail.com
INFO    2020-10-05 03:02:08,215 [TestNG-test=Test16-1] com.cpcommunity.PageObjects.BasePage  - Typing in : password entered the value as : Admin@123
INFO    2020-10-05 03:02:08,383 [TestNG-test=Test16-1] com.cpcommunity.PageObjects.BasePage  - Clicking on : Login
INFO    2020-10-05 03:02:15,687 [TestNG-test=Test16-1] com.cpcommunity.PageObjects.BasePage  - scrolling up vertically...
INFO    2020-10-05 03:02:41,031 [TestNG-test=Test16-1] com.cpcommunity.PageObjects.BasePage  - waiting for :[[ChromeDriver: chrome on XP (f3b9ba6e5cf350dffb69a3d713b227a5)] -> xpath: //*[@id='mycommunitestab']//a[contains(text(),'VIEW ALL')]] for :18 seconds
INFO    2020-10-05 03:02:41,724 [TestNG-test=Test16-1] com.cpcommunity.PageObjects.BasePage  - [[ChromeDriver: chrome on XP (f3b9ba6e5cf350dffb69a3d713b227a5)] -> xpath: //*[@id='mycommunitestab']//a[contains(text(),'VIEW ALL')]]is displayed
INFO    2020-10-05 03:02:43,725 [TestNG-test=Test16-1] com.cpcommunity.PageObjects.BasePage  - Clicking on : view All
INFO    2020-10-05 03:02:48,567 [TestNG-test=Test16-1] com.cpcommunity.PageObjects.BasePage  - scrolling up vertically...
Date Format with dd MMMM yyyy : 05 Oct 2020
INFO    2020-10-05 03:02:53,619 [TestNG-test=Test16-1] com.cpcommunity.PageObjects.BasePage  - waiting for :[[ChromeDriver: chrome on XP (f3b9ba6e5cf350dffb69a3d713b227a5)] -> xpath: //input[@placeholder='Search by Community Name']] for :18 seconds
INFO    2020-10-05 03:02:53,648 [TestNG-test=Test16-1] com.cpcommunity.PageObjects.BasePage  - [[ChromeDriver: chrome on XP (f3b9ba6e5cf350dffb69a3d713b227a5)] -> xpath: //input[@placeholder='Search by Community Name']]is displayed
INFO    2020-10-05 03:02:55,819 [TestNG-test=Test16-1] com.cpcommunity.PageObjects.BasePage  - Typing in : Search by Community entered the value as : Community - 05 Oct 2020
]]></system-out>
    <system-err><![CDATA[Starting ChromeDriver 2.38.552522 (437e6fbedfa8762dec75e2c5b3ddb86763dc9dcb) on port 46173
Only local connections are allowed.
Oct 05, 2020 3:01:40 AM org.openqa.selenium.remote.ProtocolHandshake createSession
INFO: Detected dialect: OSS
Oct 05, 2020 3:01:45 AM org.openqa.selenium.remote.Augmenter extractRemoteWebDriver
WARNING: Augmenter should be applied to the instances of @Augmentable classes or previously augmented instances only (instance class was: class org.openqa.selenium.chrome.ChromeDriver)
Oct 05, 2020 3:01:47 AM org.openqa.selenium.remote.Augmenter extractRemoteWebDriver
WARNING: Augmenter should be applied to the instances of @Augmentable classes or previously augmented instances only (instance class was: class org.openqa.selenium.chrome.ChromeDriver)
Oct 05, 2020 3:01:49 AM org.openqa.selenium.remote.Augmenter extractRemoteWebDriver
WARNING: Augmenter should be applied to the instances of @Augmentable classes or previously augmented instances only (instance class was: class org.openqa.selenium.chrome.ChromeDriver)
Oct 05, 2020 3:02:01 AM org.openqa.selenium.remote.Augmenter extractRemoteWebDriver
WARNING: Augmenter should be applied to the instances of @Augmentable classes or previously augmented instances only (instance class was: class org.openqa.selenium.chrome.ChromeDriver)
Oct 05, 2020 3:02:02 AM org.openqa.selenium.remote.Augmenter extractRemoteWebDriver
WARNING: Augmenter should be applied to the instances of @Augmentable classes or previously augmented instances only (instance class was: class org.openqa.selenium.chrome.ChromeDriver)
Oct 05, 2020 3:02:12 AM org.openqa.selenium.remote.Augmenter extractRemoteWebDriver
WARNING: Augmenter should be applied to the instances of @Augmentable classes or previously augmented instances only (instance class was: class org.openqa.selenium.chrome.ChromeDriver)
Oct 05, 2020 3:02:13 AM org.openqa.selenium.remote.Augmenter extractRemoteWebDriver
WARNING: Augmenter should be applied to the instances of @Augmentable classes or previously augmented instances only (instance class was: class org.openqa.selenium.chrome.ChromeDriver)
Oct 05, 2020 3:02:14 AM org.openqa.selenium.remote.Augmenter extractRemoteWebDriver
WARNING: Augmenter should be applied to the instances of @Augmentable classes or previously augmented instances only (instance class was: class org.openqa.selenium.chrome.ChromeDriver)
Oct 05, 2020 3:02:46 AM org.openqa.selenium.remote.Augmenter extractRemoteWebDriver
WARNING: Augmenter should be applied to the instances of @Augmentable classes or previously augmented instances only (instance class was: class org.openqa.selenium.chrome.ChromeDriver)
Oct 05, 2020 3:02:47 AM org.openqa.selenium.remote.Augmenter extractRemoteWebDriver
WARNING: Augmenter should be applied to the instances of @Augmentable classes or previously augmented instances only (instance class was: class org.openqa.selenium.chrome.ChromeDriver)
[1601881375.814][WARNING]: screenshot failed, retrying
]]></system-err>
  </testcase>
  <testcase name="TC099" classname="com.cpcommunity.testScripts.community.TC099_InActivate_Community_By_Community_Admin" time="284.125">
    <failure message="Expected condition failed: waiting for visibility of Proxy element for: AjaxElementLocator &apos;By.xpath: //*[contains(text(),&apos;MY ECOSYSTEM&apos;)]&apos; (tried for 30 second(s) with 500 milliseconds interval)" type="org.openqa.selenium.TimeoutException">org.openqa.selenium.TimeoutException: Expected condition failed: waiting for visibility of Proxy element for: AjaxElementLocator 'By.xpath: //*[contains(text(),'MY ECOSYSTEM')]' (tried for 30 second(s) with 500 milliseconds interval)
	at sun.reflect.GeneratedConstructorAccessor77.newInstance(Unknown Source)
	at sun.reflect.DelegatingConstructorAccessorImpl.newInstance(DelegatingConstructorAccessorImpl.java:45)
	at java.lang.reflect.Constructor.newInstance(Constructor.java:423)
	at org.openqa.selenium.remote.ErrorHandler.createThrowable(ErrorHandler.java:214)
	at org.openqa.selenium.remote.ErrorHandler.throwIfResponseFailed(ErrorHandler.java:166)
	at org.openqa.selenium.remote.http.JsonHttpResponseCodec.reconstructValue(JsonHttpResponseCodec.java:40)
	at org.openqa.selenium.remote.http.AbstractHttpResponseCodec.decode(AbstractHttpResponseCodec.java:80)
	at org.openqa.selenium.remote.http.AbstractHttpResponseCodec.decode(AbstractHttpResponseCodec.java:44)
	at org.openqa.selenium.remote.HttpCommandExecutor.execute(HttpCommandExecutor.java:158)
	at org.openqa.selenium.remote.service.DriverCommandExecutor.execute(DriverCommandExecutor.java:83)
	at org.openqa.selenium.remote.RemoteWebDriver.execute(RemoteWebDriver.java:548)
	at org.openqa.selenium.remote.RemoteWebDriver.findElement(RemoteWebDriver.java:322)
	at org.openqa.selenium.remote.RemoteWebDriver.findElementByXPath(RemoteWebDriver.java:424)
	at org.openqa.selenium.By$ByXPath.findElement(By.java:353)
	at org.openqa.selenium.remote.RemoteWebDriver.findElement(RemoteWebDriver.java:314)
	at org.openqa.selenium.support.pagefactory.DefaultElementLocator.findElement(DefaultElementLocator.java:69)
	at org.openqa.selenium.support.pagefactory.AjaxElementLocator.access$001(AjaxElementLocator.java:39)
	at org.openqa.selenium.support.pagefactory.AjaxElementLocator$SlowLoadingElement.isLoaded(AjaxElementLocator.java:194)
	at org.openqa.selenium.support.ui.SlowLoadableComponent.get(SlowLoadableComponent.java:78)
	at org.openqa.selenium.support.pagefactory.AjaxElementLocator.findElement(AjaxElementLocator.java:119)
	at org.openqa.selenium.support.pagefactory.internal.LocatingElementHandler.invoke(LocatingElementHandler.java:38)
	at com.sun.proxy.$Proxy9.isDisplayed(Unknown Source)
	at org.openqa.selenium.support.ui.ExpectedConditions.elementIfVisible(ExpectedConditions.java:315)
	at org.openqa.selenium.support.ui.ExpectedConditions.access$100(ExpectedConditions.java:44)
	at org.openqa.selenium.support.ui.ExpectedConditions$10.apply(ExpectedConditions.java:301)
	at org.openqa.selenium.support.ui.ExpectedConditions$10.apply(ExpectedConditions.java:298)
	at org.openqa.selenium.support.ui.FluentWait.until(FluentWait.java:260)
	at com.cpcommunity.PageObjects.BasePage.waitForPageToLoad(BasePage.java:96)
	at com.cpcommunity.PageObjects.BasePage.openPage(BasePage.java:82)
	at com.cpcommunity.PageObjects.EditCommunityPage.inActiveCommunity(EditCommunityPage.java:99)
	at com.cpcommunity.testScripts.community.TC099_InActivate_Community_By_Community_Admin.TC099(TC099_InActivate_Community_By_Community_Admin.java:37)
</failure>
    <system-out><![CDATA[INFO    2020-10-05 03:02:56,548 [TestNG-test=Test16-1] com.cpcommunity.testScripts.community.BaseTest  - Test Execution Completed !!!
Total rows are : 1167
Test case starts from row num: 560
Total rows of data are : 1
Total cols are : 6
@TestCase : TC099
INFO    2020-10-05 03:02:56,631 [TestNG-test=Test16-1] com.cpcommunity.testScripts.community.BaseTest  - Inside Login Test
Launching : chrome
ChromeDriver: chrome on XP (e707e309e3b0a6ded926104f97c91353)
e707e309e3b0a6ded926104f97c91353
INFO    2020-10-05 03:02:59,620 [TestNG-test=Test16-1] com.cpcommunity.testScripts.community.BaseTest  - Driver Initialized !!!
Page Opened
INFO    2020-10-05 03:03:08,826 [TestNG-test=Test16-1] com.cpcommunity.PageObjects.BasePage  - scrolling up vertically...
INFO    2020-10-05 03:03:13,881 [TestNG-test=Test16-1] com.cpcommunity.PageObjects.BasePage  - waiting for :[[ChromeDriver: chrome on XP (e707e309e3b0a6ded926104f97c91353)] -> xpath: //a[contains(.,'Login')]] for :18 seconds
INFO    2020-10-05 03:03:13,912 [TestNG-test=Test16-1] com.cpcommunity.PageObjects.BasePage  - [[ChromeDriver: chrome on XP (e707e309e3b0a6ded926104f97c91353)] -> xpath: //a[contains(.,'Login')]]is displayed
INFO    2020-10-05 03:03:16,914 [TestNG-test=Test16-1] com.cpcommunity.PageObjects.BasePage  - Clicking on : LOGIN
ChromeDriver: chrome on XP (e707e309e3b0a6ded926104f97c91353)Login Page
INFO    2020-10-05 03:03:21,067 [TestNG-test=Test16-1] com.cpcommunity.PageObjects.BasePage  - scrolling up vertically...
INFO    2020-10-05 03:03:26,075 [TestNG-test=Test16-1] com.cpcommunity.PageObjects.BasePage  - Typing in : email address entered the value as : andrew74444@gmail.com
INFO    2020-10-05 03:03:26,406 [TestNG-test=Test16-1] com.cpcommunity.PageObjects.BasePage  - Typing in : password entered the value as : Admin@123
INFO    2020-10-05 03:03:26,545 [TestNG-test=Test16-1] com.cpcommunity.PageObjects.BasePage  - Clicking on : Login
INFO    2020-10-05 03:03:33,119 [TestNG-test=Test16-1] com.cpcommunity.PageObjects.BasePage  - scrolling up vertically...
INFO    2020-10-05 03:03:38,190 [TestNG-test=Test16-1] com.cpcommunity.PageObjects.BasePage  - waiting for :[[ChromeDriver: chrome on XP (e707e309e3b0a6ded926104f97c91353)] -> xpath: //*[@id='mycommunitestab']//a[contains(text(),'VIEW ALL')]] for :18 seconds
INFO    2020-10-05 03:03:38,222 [TestNG-test=Test16-1] com.cpcommunity.PageObjects.BasePage  - [[ChromeDriver: chrome on XP (e707e309e3b0a6ded926104f97c91353)] -> xpath: //*[@id='mycommunitestab']//a[contains(text(),'VIEW ALL')]]is displayed
INFO    2020-10-05 03:03:40,223 [TestNG-test=Test16-1] com.cpcommunity.PageObjects.BasePage  - Clicking on : view All
INFO    2020-10-05 03:03:44,816 [TestNG-test=Test16-1] com.cpcommunity.PageObjects.BasePage  - scrolling up vertically...
Date Format with dd MMMM yyyy : 05 Oct 2020
INFO    2020-10-05 03:03:49,873 [TestNG-test=Test16-1] com.cpcommunity.PageObjects.BasePage  - waiting for :[[ChromeDriver: chrome on XP (e707e309e3b0a6ded926104f97c91353)] -> xpath: //input[@placeholder='Search by Community Name']] for :18 seconds
INFO    2020-10-05 03:03:49,904 [TestNG-test=Test16-1] com.cpcommunity.PageObjects.BasePage  - [[ChromeDriver: chrome on XP (e707e309e3b0a6ded926104f97c91353)] -> xpath: //input[@placeholder='Search by Community Name']]is displayed
INFO    2020-10-05 03:03:52,214 [TestNG-test=Test16-1] com.cpcommunity.PageObjects.BasePage  - Typing in : Search by Community entered the value as : Community - 05 Oct 2020
INFO    2020-10-05 03:03:52,442 [TestNG-test=Test16-1] com.cpcommunity.PageObjects.BasePage  - Clicking on : search btn
INFO    2020-10-05 03:03:58,581 [TestNG-test=Test16-1] com.cpcommunity.PageObjects.BasePage  - waiting for :[[ChromeDriver: chrome on XP (e707e309e3b0a6ded926104f97c91353)] -> xpath: //a[@tooltip='Community - 05 Oct 2020']] for :18 seconds
INFO    2020-10-05 03:03:58,591 [TestNG-test=Test16-1] com.cpcommunity.PageObjects.BasePage  - [[ChromeDriver: chrome on XP (e707e309e3b0a6ded926104f97c91353)] -> xpath: //a[@tooltip='Community - 05 Oct 2020']]is displayed
INFO    2020-10-05 03:04:00,879 [TestNG-test=Test16-1] com.cpcommunity.PageObjects.BasePage  - Clicking on : Manage
INFO    2020-10-05 03:04:03,139 [TestNG-test=Test16-1] com.cpcommunity.PageObjects.BasePage  - waiting for :[[ChromeDriver: chrome on XP (e707e309e3b0a6ded926104f97c91353)] -> xpath: //h2[contains(text(),'Dashboard')]] for :18 seconds
INFO    2020-10-05 03:04:03,166 [TestNG-test=Test16-1] com.cpcommunity.PageObjects.BasePage  - [[ChromeDriver: chrome on XP (e707e309e3b0a6ded926104f97c91353)] -> xpath: //h2[contains(text(),'Dashboard')]]is displayed
INFO    2020-10-05 03:04:09,612 [TestNG-test=Test16-1] com.cpcommunity.PageObjects.BasePage  - scrolling up vertically...
INFO    2020-10-05 03:04:14,621 [TestNG-test=Test16-1] com.cpcommunity.PageObjects.BasePage  - Clicking on : manage
INFO    2020-10-05 03:04:15,717 [TestNG-test=Test16-1] com.cpcommunity.PageObjects.BasePage  - Clicking on : EditCommunity
INFO    2020-10-05 03:04:24,729 [TestNG-test=Test16-1] com.cpcommunity.PageObjects.BasePage  - scrolling up vertically...
INFO    2020-10-05 03:04:30,071 [TestNG-test=Test16-1] com.cpcommunity.PageObjects.BasePage  - Clicking[[ChromeDriver: chrome on XP (e707e309e3b0a6ded926104f97c91353)] -> xpath: //label[@class='btn btn-success toggle-on']]
INFO    2020-10-05 03:04:32,118 [TestNG-test=Test16-1] com.cpcommunity.PageObjects.BasePage  - Clicked[[ChromeDriver: chrome on XP (e707e309e3b0a6ded926104f97c91353)] -> xpath: //label[@class='btn btn-success toggle-on']]
INFO    2020-10-05 03:04:32,131 [TestNG-test=Test16-1] com.cpcommunity.PageObjects.BasePage  - waiting for :[[ChromeDriver: chrome on XP (e707e309e3b0a6ded926104f97c91353)] -> xpath: //button[contains(.,'Yes, Proceed')]] for :18 seconds
INFO    2020-10-05 03:04:32,163 [TestNG-test=Test16-1] com.cpcommunity.PageObjects.BasePage  - [[ChromeDriver: chrome on XP (e707e309e3b0a6ded926104f97c91353)] -> xpath: //button[contains(.,'Yes, Proceed')]]is displayed
INFO    2020-10-05 03:04:35,904 [TestNG-test=Test16-1] com.cpcommunity.PageObjects.BasePage  - Clicking[[ChromeDriver: chrome on XP (e707e309e3b0a6ded926104f97c91353)] -> xpath: //button[contains(.,'Save')]]
INFO    2020-10-05 03:05:38,822 [TestNG-test=Test16-1] com.cpcommunity.PageObjects.BasePage  - ClickedProxy element for: AjaxElementLocator 'By.xpath: //button[contains(.,'Save')]'
]]></system-out>
    <system-err><![CDATA[Starting ChromeDriver 2.38.552522 (437e6fbedfa8762dec75e2c5b3ddb86763dc9dcb) on port 18384
Only local connections are allowed.
Oct 05, 2020 3:02:59 AM org.openqa.selenium.remote.ProtocolHandshake createSession
INFO: Detected dialect: OSS
Oct 05, 2020 3:03:05 AM org.openqa.selenium.remote.Augmenter extractRemoteWebDriver
WARNING: Augmenter should be applied to the instances of @Augmentable classes or previously augmented instances only (instance class was: class org.openqa.selenium.chrome.ChromeDriver)
Oct 05, 2020 3:03:06 AM org.openqa.selenium.remote.Augmenter extractRemoteWebDriver
WARNING: Augmenter should be applied to the instances of @Augmentable classes or previously augmented instances only (instance class was: class org.openqa.selenium.chrome.ChromeDriver)
Oct 05, 2020 3:03:08 AM org.openqa.selenium.remote.Augmenter extractRemoteWebDriver
WARNING: Augmenter should be applied to the instances of @Augmentable classes or previously augmented instances only (instance class was: class org.openqa.selenium.chrome.ChromeDriver)
Oct 05, 2020 3:03:19 AM org.openqa.selenium.remote.Augmenter extractRemoteWebDriver
WARNING: Augmenter should be applied to the instances of @Augmentable classes or previously augmented instances only (instance class was: class org.openqa.selenium.chrome.ChromeDriver)
Oct 05, 2020 3:03:20 AM org.openqa.selenium.remote.Augmenter extractRemoteWebDriver
WARNING: Augmenter should be applied to the instances of @Augmentable classes or previously augmented instances only (instance class was: class org.openqa.selenium.chrome.ChromeDriver)
Oct 05, 2020 3:03:29 AM org.openqa.selenium.remote.Augmenter extractRemoteWebDriver
WARNING: Augmenter should be applied to the instances of @Augmentable classes or previously augmented instances only (instance class was: class org.openqa.selenium.chrome.ChromeDriver)
Oct 05, 2020 3:03:31 AM org.openqa.selenium.remote.Augmenter extractRemoteWebDriver
WARNING: Augmenter should be applied to the instances of @Augmentable classes or previously augmented instances only (instance class was: class org.openqa.selenium.chrome.ChromeDriver)
Oct 05, 2020 3:03:32 AM org.openqa.selenium.remote.Augmenter extractRemoteWebDriver
WARNING: Augmenter should be applied to the instances of @Augmentable classes or previously augmented instances only (instance class was: class org.openqa.selenium.chrome.ChromeDriver)
Oct 05, 2020 3:03:42 AM org.openqa.selenium.remote.Augmenter extractRemoteWebDriver
WARNING: Augmenter should be applied to the instances of @Augmentable classes or previously augmented instances only (instance class was: class org.openqa.selenium.chrome.ChromeDriver)
Oct 05, 2020 3:03:44 AM org.openqa.selenium.remote.Augmenter extractRemoteWebDriver
WARNING: Augmenter should be applied to the instances of @Augmentable classes or previously augmented instances only (instance class was: class org.openqa.selenium.chrome.ChromeDriver)
Oct 05, 2020 3:04:06 AM org.openqa.selenium.remote.Augmenter extractRemoteWebDriver
WARNING: Augmenter should be applied to the instances of @Augmentable classes or previously augmented instances only (instance class was: class org.openqa.selenium.chrome.ChromeDriver)
Oct 05, 2020 3:04:07 AM org.openqa.selenium.remote.Augmenter extractRemoteWebDriver
WARNING: Augmenter should be applied to the instances of @Augmentable classes or previously augmented instances only (instance class was: class org.openqa.selenium.chrome.ChromeDriver)
Oct 05, 2020 3:04:08 AM org.openqa.selenium.remote.Augmenter extractRemoteWebDriver
WARNING: Augmenter should be applied to the instances of @Augmentable classes or previously augmented instances only (instance class was: class org.openqa.selenium.chrome.ChromeDriver)
Oct 05, 2020 3:04:18 AM org.openqa.selenium.remote.Augmenter extractRemoteWebDriver
WARNING: Augmenter should be applied to the instances of @Augmentable classes or previously augmented instances only (instance class was: class org.openqa.selenium.chrome.ChromeDriver)
Oct 05, 2020 3:04:19 AM org.openqa.selenium.remote.Augmenter extractRemoteWebDriver
WARNING: Augmenter should be applied to the instances of @Augmentable classes or previously augmented instances only (instance class was: class org.openqa.selenium.chrome.ChromeDriver)
Oct 05, 2020 3:04:21 AM org.openqa.selenium.remote.Augmenter extractRemoteWebDriver
WARNING: Augmenter should be applied to the instances of @Augmentable classes or previously augmented instances only (instance class was: class org.openqa.selenium.chrome.ChromeDriver)
Oct 05, 2020 3:04:22 AM org.openqa.selenium.remote.Augmenter extractRemoteWebDriver
WARNING: Augmenter should be applied to the instances of @Augmentable classes or previously augmented instances only (instance class was: class org.openqa.selenium.chrome.ChromeDriver)
Oct 05, 2020 3:04:24 AM org.openqa.selenium.remote.Augmenter extractRemoteWebDriver
WARNING: Augmenter should be applied to the instances of @Augmentable classes or previously augmented instances only (instance class was: class org.openqa.selenium.chrome.ChromeDriver)
]]></system-err>
  </testcase>
  <testcase name="TC168" classname="com.cpcommunity.testScripts.community.TC168_Verify_InActivated_Community_Is_Not_Displayed_In_Global_Communities" time="59.479"/>
  <testcase name="TC099" classname="com.cpcommunity.testScripts.community.TC100_Activate_Community_By_Community_Admin" time="0">
    <skipped/>
    <system-out><![CDATA[INFO    2020-10-05 03:08:41,799 [TestNG-test=Test17-1] com.cpcommunity.testScripts.community.BaseTest  - Test Execution Completed !!!
Total rows are : 1167
Test case starts from row num: 971
Total rows of data are : 1
Total cols are : 7
@TestCase : TC178
Total rows are : 1167
Test case starts from row num: 560
Total rows of data are : 1
Total cols are : 6
@TestCase : TC099
INFO    2020-10-05 03:08:41,972 [TestNG-test=Test18-1] com.cpcommunity.testScripts.community.BaseTest  - Inside Login Test
Launching : chrome
INFO    2020-10-05 03:08:41,973 [TestNG-test=Test18-2] com.cpcommunity.testScripts.community.BaseTest  - Inside Login Test
Launching : chrome
ChromeDriver: chrome on XP (f6e673d9d03179e011f2ae81ffa1fbdd)
f6e673d9d03179e011f2ae81ffa1fbdd
INFO    2020-10-05 03:08:45,360 [TestNG-test=Test18-2] com.cpcommunity.testScripts.community.BaseTest  - Driver Initialized !!!
ChromeDriver: chrome on XP (eb55959b8d70425d07f07c5b6221eb09)
eb55959b8d70425d07f07c5b6221eb09
INFO    2020-10-05 03:08:45,374 [TestNG-test=Test18-1] com.cpcommunity.testScripts.community.BaseTest  - Driver Initialized !!!
Page Opened
Page Opened
INFO    2020-10-05 03:08:55,320 [TestNG-test=Test18-2] com.cpcommunity.PageObjects.BasePage  - scrolling up vertically...
INFO    2020-10-05 03:08:55,569 [TestNG-test=Test18-1] com.cpcommunity.PageObjects.BasePage  - scrolling up vertically...
INFO    2020-10-05 03:09:00,368 [TestNG-test=Test18-2] com.cpcommunity.PageObjects.BasePage  - waiting for :[[ChromeDriver: chrome on XP (f6e673d9d03179e011f2ae81ffa1fbdd)] -> xpath: //a[contains(.,'Login')]] for :18 seconds
INFO    2020-10-05 03:09:00,397 [TestNG-test=Test18-2] com.cpcommunity.PageObjects.BasePage  - [[ChromeDriver: chrome on XP (f6e673d9d03179e011f2ae81ffa1fbdd)] -> xpath: //a[contains(.,'Login')]]is displayed
INFO    2020-10-05 03:09:00,618 [TestNG-test=Test18-1] com.cpcommunity.PageObjects.BasePage  - waiting for :[[ChromeDriver: chrome on XP (eb55959b8d70425d07f07c5b6221eb09)] -> xpath: //a[contains(.,'Login')]] for :18 seconds
INFO    2020-10-05 03:09:00,648 [TestNG-test=Test18-1] com.cpcommunity.PageObjects.BasePage  - [[ChromeDriver: chrome on XP (eb55959b8d70425d07f07c5b6221eb09)] -> xpath: //a[contains(.,'Login')]]is displayed
INFO    2020-10-05 03:09:03,398 [TestNG-test=Test18-2] com.cpcommunity.PageObjects.BasePage  - Clicking on : LOGIN
INFO    2020-10-05 03:09:03,649 [TestNG-test=Test18-1] com.cpcommunity.PageObjects.BasePage  - Clicking on : LOGIN
ChromeDriver: chrome on XP (f6e673d9d03179e011f2ae81ffa1fbdd)Login Page
ChromeDriver: chrome on XP (eb55959b8d70425d07f07c5b6221eb09)Login Page
INFO    2020-10-05 03:09:08,425 [TestNG-test=Test18-2] com.cpcommunity.PageObjects.BasePage  - scrolling up vertically...
INFO    2020-10-05 03:09:08,585 [TestNG-test=Test18-1] com.cpcommunity.PageObjects.BasePage  - scrolling up vertically...
INFO    2020-10-05 03:09:13,433 [TestNG-test=Test18-2] com.cpcommunity.PageObjects.BasePage  - Typing in : email address entered the value as : andrew74444@gmail.com
INFO    2020-10-05 03:09:13,594 [TestNG-test=Test18-1] com.cpcommunity.PageObjects.BasePage  - Typing in : email address entered the value as : andrew74444@gmail.com
INFO    2020-10-05 03:09:13,803 [TestNG-test=Test18-2] com.cpcommunity.PageObjects.BasePage  - Typing in : password entered the value as : Admin@123
INFO    2020-10-05 03:09:14,007 [TestNG-test=Test18-2] com.cpcommunity.PageObjects.BasePage  - Clicking on : Login
INFO    2020-10-05 03:09:14,040 [TestNG-test=Test18-1] com.cpcommunity.PageObjects.BasePage  - Typing in : password entered the value as : Admin@123
INFO    2020-10-05 03:09:14,258 [TestNG-test=Test18-1] com.cpcommunity.PageObjects.BasePage  - Clicking on : Login
INFO    2020-10-05 03:09:22,000 [TestNG-test=Test18-2] com.cpcommunity.PageObjects.BasePage  - scrolling up vertically...
INFO    2020-10-05 03:09:22,207 [TestNG-test=Test18-1] com.cpcommunity.PageObjects.BasePage  - scrolling up vertically...
INFO    2020-10-05 03:09:27,255 [TestNG-test=Test18-1] com.cpcommunity.PageObjects.BasePage  - waiting for :[[ChromeDriver: chrome on XP (eb55959b8d70425d07f07c5b6221eb09)] -> xpath: //*[@id='mycommunitestab']//a[contains(text(),'VIEW ALL')]] for :18 seconds
INFO    2020-10-05 03:09:27,289 [TestNG-test=Test18-1] com.cpcommunity.PageObjects.BasePage  - [[ChromeDriver: chrome on XP (eb55959b8d70425d07f07c5b6221eb09)] -> xpath: //*[@id='mycommunitestab']//a[contains(text(),'VIEW ALL')]]is displayed
INFO    2020-10-05 03:09:29,290 [TestNG-test=Test18-1] com.cpcommunity.PageObjects.BasePage  - Clicking on : view All
INFO    2020-10-05 03:09:33,806 [TestNG-test=Test18-1] com.cpcommunity.PageObjects.BasePage  - scrolling up vertically...
Date Format with dd MMMM yyyy : 05 Oct 2020
INFO    2020-10-05 03:09:38,864 [TestNG-test=Test18-1] com.cpcommunity.PageObjects.BasePage  - waiting for :[[ChromeDriver: chrome on XP (eb55959b8d70425d07f07c5b6221eb09)] -> xpath: //input[@placeholder='Search by Community Name']] for :18 seconds
INFO    2020-10-05 03:09:38,895 [TestNG-test=Test18-1] com.cpcommunity.PageObjects.BasePage  - [[ChromeDriver: chrome on XP (eb55959b8d70425d07f07c5b6221eb09)] -> xpath: //input[@placeholder='Search by Community Name']]is displayed
INFO    2020-10-05 03:09:41,190 [TestNG-test=Test18-1] com.cpcommunity.PageObjects.BasePage  - Typing in : Search by Community entered the value as : Community 1 - 05 Oct 2020
INFO    2020-10-05 03:09:41,420 [TestNG-test=Test18-1] com.cpcommunity.PageObjects.BasePage  - Clicking on : search btn
INFO    2020-10-05 03:09:47,561 [TestNG-test=Test18-1] com.cpcommunity.PageObjects.BasePage  - waiting for :[[ChromeDriver: chrome on XP (eb55959b8d70425d07f07c5b6221eb09)] -> xpath: //a[@tooltip='Community 1 - 05 Oct 2020']] for :18 seconds
INFO    2020-10-05 03:09:47,573 [TestNG-test=Test18-1] com.cpcommunity.PageObjects.BasePage  - [[ChromeDriver: chrome on XP (eb55959b8d70425d07f07c5b6221eb09)] -> xpath: //a[@tooltip='Community 1 - 05 Oct 2020']]is displayed
INFO    2020-10-05 03:09:49,881 [TestNG-test=Test18-1] com.cpcommunity.PageObjects.BasePage  - Clicking on : Manage
INFO    2020-10-05 03:09:51,762 [TestNG-test=Test18-1] com.cpcommunity.PageObjects.BasePage  - waiting for :[[ChromeDriver: chrome on XP (eb55959b8d70425d07f07c5b6221eb09)] -> xpath: //h2[contains(text(),'Dashboard')]] for :18 seconds
INFO    2020-10-05 03:09:51,806 [TestNG-test=Test18-1] com.cpcommunity.PageObjects.BasePage  - [[ChromeDriver: chrome on XP (eb55959b8d70425d07f07c5b6221eb09)] -> xpath: //h2[contains(text(),'Dashboard')]]is displayed
INFO    2020-10-05 03:09:58,300 [TestNG-test=Test18-1] com.cpcommunity.PageObjects.BasePage  - scrolling up vertically...
INFO    2020-10-05 03:10:03,306 [TestNG-test=Test18-1] com.cpcommunity.PageObjects.BasePage  - Clicking on : Members
INFO    2020-10-05 03:10:04,417 [TestNG-test=Test18-1] com.cpcommunity.PageObjects.BasePage  - Clicking on : Manage Members
INFO    2020-10-05 03:10:08,681 [TestNG-test=Test18-1] com.cpcommunity.PageObjects.BasePage  - scrolling up vertically...
INFO    2020-10-05 03:10:15,728 [TestNG-test=Test18-1] com.cpcommunity.PageObjects.BasePage  - Typing in : Searching in members not joined entered the value as : consumera99@gmail.com
INFO    2020-10-05 03:10:17,092 [TestNG-test=Test18-1] com.cpcommunity.PageObjects.BasePage  - waiting for :[[ChromeDriver: chrome on XP (eb55959b8d70425d07f07c5b6221eb09)] -> xpath: ((//*[@class='col-md-5'])[1])//*[contains(text(),'Showing 1 to 1 of 1 entries')]] for :18 seconds
INFO    2020-10-05 03:10:17,120 [TestNG-test=Test18-1] com.cpcommunity.PageObjects.BasePage  - [[ChromeDriver: chrome on XP (eb55959b8d70425d07f07c5b6221eb09)] -> xpath: ((//*[@class='col-md-5'])[1])//*[contains(text(),'Showing 1 to 1 of 1 entries')]]is displayed
INFO    2020-10-05 03:10:27,754 [TestNG-test=Test18-2] com.cpcommunity.PageObjects.BasePage  - waiting for :Proxy element for: AjaxElementLocator 'By.xpath: //*[@id='mycommunitestab']//a[contains(text(),'VIEW ALL')]' for :18 seconds
INFO    2020-10-05 03:10:31,121 [TestNG-test=Test18-1] com.cpcommunity.PageObjects.BasePage  - Clicking on : Selecting Check box
INFO    2020-10-05 03:10:33,217 [TestNG-test=Test18-1] com.cpcommunity.PageObjects.BasePage  - Clicking on : Add
INFO    2020-10-05 03:10:33,423 [TestNG-test=Test18-1] com.cpcommunity.PageObjects.BasePage  - waiting for :[[ChromeDriver: chrome on XP (eb55959b8d70425d07f07c5b6221eb09)] -> xpath: //button[contains(.,'Yes, Proceed')]] for :18 seconds
INFO    2020-10-05 03:10:33,980 [TestNG-test=Test18-1] com.cpcommunity.PageObjects.BasePage  - [[ChromeDriver: chrome on XP (eb55959b8d70425d07f07c5b6221eb09)] -> xpath: //button[contains(.,'Yes, Proceed')]]is displayed
INFO    2020-10-05 03:10:36,266 [TestNG-test=Test18-1] com.cpcommunity.PageObjects.BasePage  - Clicking on : Yes, Proceed
INFO    2020-10-05 03:10:36,739 [TestNG-test=Test18-1] com.cpcommunity.PageObjects.BasePage  - waiting for :[[ChromeDriver: chrome on XP (eb55959b8d70425d07f07c5b6221eb09)] -> xpath: //button[contains(.,'Ok')]] for :18 seconds
INFO    2020-10-05 03:10:37,294 [TestNG-test=Test18-1] com.cpcommunity.PageObjects.BasePage  - [[ChromeDriver: chrome on XP (eb55959b8d70425d07f07c5b6221eb09)] -> xpath: //button[contains(.,'Ok')]]is displayed
INFO    2020-10-05 03:10:39,294 [TestNG-test=Test18-1] com.cpcommunity.PageObjects.BasePage  - Clicking on : Ok Button
INFO    2020-10-05 03:10:45,373 [TestNG-test=Test18-1] com.cpcommunity.PageObjects.BasePage  - Clicking on : Community Admin Menu Drop down
INFO    2020-10-05 03:10:45,484 [TestNG-test=Test18-1] com.cpcommunity.PageObjects.BasePage  - waiting for :[[ChromeDriver: chrome on XP (eb55959b8d70425d07f07c5b6221eb09)] -> xpath: //*[contains(text(),'Logout')]] for :18 seconds
INFO    2020-10-05 03:10:45,514 [TestNG-test=Test18-1] com.cpcommunity.PageObjects.BasePage  - [[ChromeDriver: chrome on XP (eb55959b8d70425d07f07c5b6221eb09)] -> xpath: //*[contains(text(),'Logout')]]is displayed
INFO    2020-10-05 03:10:47,515 [TestNG-test=Test18-1] com.cpcommunity.PageObjects.BasePage  - Clicking on : logout
INFO    2020-10-05 03:10:53,801 [TestNG-test=Test18-1] com.cpcommunity.PageObjects.BasePage  - scrolling up vertically...
INFO    2020-10-05 03:10:58,846 [TestNG-test=Test18-1] com.cpcommunity.PageObjects.BasePage  - waiting for :[[ChromeDriver: chrome on XP (eb55959b8d70425d07f07c5b6221eb09)] -> xpath: //a[contains(.,'Login')]] for :18 seconds
INFO    2020-10-05 03:10:58,870 [TestNG-test=Test18-1] com.cpcommunity.PageObjects.BasePage  - [[ChromeDriver: chrome on XP (eb55959b8d70425d07f07c5b6221eb09)] -> xpath: //a[contains(.,'Login')]]is displayed
INFO    2020-10-05 03:11:01,871 [TestNG-test=Test18-1] com.cpcommunity.PageObjects.BasePage  - Clicking on : LOGIN
ChromeDriver: chrome on XP (eb55959b8d70425d07f07c5b6221eb09)Login Page
INFO    2020-10-05 03:11:05,912 [TestNG-test=Test18-1] com.cpcommunity.PageObjects.BasePage  - scrolling up vertically...
INFO    2020-10-05 03:11:10,919 [TestNG-test=Test18-1] com.cpcommunity.PageObjects.BasePage  - Typing in : email address entered the value as : andrew74444@gmail.com
INFO    2020-10-05 03:11:11,240 [TestNG-test=Test18-1] com.cpcommunity.PageObjects.BasePage  - Typing in : password entered the value as : Admin@123
INFO    2020-10-05 03:11:11,385 [TestNG-test=Test18-1] com.cpcommunity.PageObjects.BasePage  - Clicking on : Login
INFO    2020-10-05 03:11:18,128 [TestNG-test=Test18-1] com.cpcommunity.PageObjects.BasePage  - scrolling up vertically...
INFO    2020-10-05 03:11:23,191 [TestNG-test=Test18-1] com.cpcommunity.PageObjects.BasePage  - waiting for :[[ChromeDriver: chrome on XP (eb55959b8d70425d07f07c5b6221eb09)] -> xpath: //*[@id='mycommunitestab']//a[contains(text(),'VIEW ALL')]] for :18 seconds
INFO    2020-10-05 03:11:23,222 [TestNG-test=Test18-1] com.cpcommunity.PageObjects.BasePage  - [[ChromeDriver: chrome on XP (eb55959b8d70425d07f07c5b6221eb09)] -> xpath: //*[@id='mycommunitestab']//a[contains(text(),'VIEW ALL')]]is displayed
INFO    2020-10-05 03:11:25,223 [TestNG-test=Test18-1] com.cpcommunity.PageObjects.BasePage  - Clicking on : view All
]]></system-out>
    <system-err><![CDATA[Starting ChromeDriver 2.38.552522 (437e6fbedfa8762dec75e2c5b3ddb86763dc9dcb) on port 19237
Only local connections are allowed.
Starting ChromeDriver 2.38.552522 (437e6fbedfa8762dec75e2c5b3ddb86763dc9dcb) on port 11764
Only local connections are allowed.
Oct 05, 2020 3:08:45 AM org.openqa.selenium.remote.ProtocolHandshake createSession
INFO: Detected dialect: OSS
Oct 05, 2020 3:08:45 AM org.openqa.selenium.remote.ProtocolHandshake createSession
INFO: Detected dialect: OSS
Oct 05, 2020 3:08:51 AM org.openqa.selenium.remote.Augmenter extractRemoteWebDriver
WARNING: Augmenter should be applied to the instances of @Augmentable classes or previously augmented instances only (instance class was: class org.openqa.selenium.chrome.ChromeDriver)
Oct 05, 2020 3:08:51 AM org.openqa.selenium.remote.Augmenter extractRemoteWebDriver
WARNING: Augmenter should be applied to the instances of @Augmentable classes or previously augmented instances only (instance class was: class org.openqa.selenium.chrome.ChromeDriver)
Oct 05, 2020 3:08:53 AM org.openqa.selenium.remote.Augmenter extractRemoteWebDriver
WARNING: Augmenter should be applied to the instances of @Augmentable classes or previously augmented instances only (instance class was: class org.openqa.selenium.chrome.ChromeDriver)
Oct 05, 2020 3:08:53 AM org.openqa.selenium.remote.Augmenter extractRemoteWebDriver
WARNING: Augmenter should be applied to the instances of @Augmentable classes or previously augmented instances only (instance class was: class org.openqa.selenium.chrome.ChromeDriver)
Oct 05, 2020 3:08:54 AM org.openqa.selenium.remote.Augmenter extractRemoteWebDriver
WARNING: Augmenter should be applied to the instances of @Augmentable classes or previously augmented instances only (instance class was: class org.openqa.selenium.chrome.ChromeDriver)
Oct 05, 2020 3:08:54 AM org.openqa.selenium.remote.Augmenter extractRemoteWebDriver
WARNING: Augmenter should be applied to the instances of @Augmentable classes or previously augmented instances only (instance class was: class org.openqa.selenium.chrome.ChromeDriver)
Oct 05, 2020 3:09:06 AM org.openqa.selenium.remote.Augmenter extractRemoteWebDriver
WARNING: Augmenter should be applied to the instances of @Augmentable classes or previously augmented instances only (instance class was: class org.openqa.selenium.chrome.ChromeDriver)
Oct 05, 2020 3:09:06 AM org.openqa.selenium.remote.Augmenter extractRemoteWebDriver
WARNING: Augmenter should be applied to the instances of @Augmentable classes or previously augmented instances only (instance class was: class org.openqa.selenium.chrome.ChromeDriver)
Oct 05, 2020 3:09:08 AM org.openqa.selenium.remote.Augmenter extractRemoteWebDriver
WARNING: Augmenter should be applied to the instances of @Augmentable classes or previously augmented instances only (instance class was: class org.openqa.selenium.chrome.ChromeDriver)
Oct 05, 2020 3:09:08 AM org.openqa.selenium.remote.Augmenter extractRemoteWebDriver
WARNING: Augmenter should be applied to the instances of @Augmentable classes or previously augmented instances only (instance class was: class org.openqa.selenium.chrome.ChromeDriver)
Oct 05, 2020 3:09:18 AM org.openqa.selenium.remote.Augmenter extractRemoteWebDriver
WARNING: Augmenter should be applied to the instances of @Augmentable classes or previously augmented instances only (instance class was: class org.openqa.selenium.chrome.ChromeDriver)
Oct 05, 2020 3:09:18 AM org.openqa.selenium.remote.Augmenter extractRemoteWebDriver
WARNING: Augmenter should be applied to the instances of @Augmentable classes or previously augmented instances only (instance class was: class org.openqa.selenium.chrome.ChromeDriver)
Oct 05, 2020 3:09:19 AM org.openqa.selenium.remote.Augmenter extractRemoteWebDriver
WARNING: Augmenter should be applied to the instances of @Augmentable classes or previously augmented instances only (instance class was: class org.openqa.selenium.chrome.ChromeDriver)
Oct 05, 2020 3:09:19 AM org.openqa.selenium.remote.Augmenter extractRemoteWebDriver
WARNING: Augmenter should be applied to the instances of @Augmentable classes or previously augmented instances only (instance class was: class org.openqa.selenium.chrome.ChromeDriver)
Oct 05, 2020 3:09:20 AM org.openqa.selenium.remote.Augmenter extractRemoteWebDriver
WARNING: Augmenter should be applied to the instances of @Augmentable classes or previously augmented instances only (instance class was: class org.openqa.selenium.chrome.ChromeDriver)
Oct 05, 2020 3:09:21 AM org.openqa.selenium.remote.Augmenter extractRemoteWebDriver
WARNING: Augmenter should be applied to the instances of @Augmentable classes or previously augmented instances only (instance class was: class org.openqa.selenium.chrome.ChromeDriver)
Oct 05, 2020 3:09:31 AM org.openqa.selenium.remote.Augmenter extractRemoteWebDriver
WARNING: Augmenter should be applied to the instances of @Augmentable classes or previously augmented instances only (instance class was: class org.openqa.selenium.chrome.ChromeDriver)
Oct 05, 2020 3:09:33 AM org.openqa.selenium.remote.Augmenter extractRemoteWebDriver
WARNING: Augmenter should be applied to the instances of @Augmentable classes or previously augmented instances only (instance class was: class org.openqa.selenium.chrome.ChromeDriver)
Oct 05, 2020 3:09:54 AM org.openqa.selenium.remote.Augmenter extractRemoteWebDriver
WARNING: Augmenter should be applied to the instances of @Augmentable classes or previously augmented instances only (instance class was: class org.openqa.selenium.chrome.ChromeDriver)
Oct 05, 2020 3:09:56 AM org.openqa.selenium.remote.Augmenter extractRemoteWebDriver
WARNING: Augmenter should be applied to the instances of @Augmentable classes or previously augmented instances only (instance class was: class org.openqa.selenium.chrome.ChromeDriver)
Oct 05, 2020 3:09:57 AM org.openqa.selenium.remote.Augmenter extractRemoteWebDriver
WARNING: Augmenter should be applied to the instances of @Augmentable classes or previously augmented instances only (instance class was: class org.openqa.selenium.chrome.ChromeDriver)
Oct 05, 2020 3:10:06 AM org.openqa.selenium.remote.Augmenter extractRemoteWebDriver
WARNING: Augmenter should be applied to the instances of @Augmentable classes or previously augmented instances only (instance class was: class org.openqa.selenium.chrome.ChromeDriver)
Oct 05, 2020 3:10:08 AM org.openqa.selenium.remote.Augmenter extractRemoteWebDriver
WARNING: Augmenter should be applied to the instances of @Augmentable classes or previously augmented instances only (instance class was: class org.openqa.selenium.chrome.ChromeDriver)
Oct 05, 2020 3:10:49 AM org.openqa.selenium.remote.Augmenter extractRemoteWebDriver
WARNING: Augmenter should be applied to the instances of @Augmentable classes or previously augmented instances only (instance class was: class org.openqa.selenium.chrome.ChromeDriver)
Oct 05, 2020 3:10:51 AM org.openqa.selenium.remote.Augmenter extractRemoteWebDriver
WARNING: Augmenter should be applied to the instances of @Augmentable classes or previously augmented instances only (instance class was: class org.openqa.selenium.chrome.ChromeDriver)
Oct 05, 2020 3:10:53 AM org.openqa.selenium.remote.Augmenter extractRemoteWebDriver
WARNING: Augmenter should be applied to the instances of @Augmentable classes or previously augmented instances only (instance class was: class org.openqa.selenium.chrome.ChromeDriver)
Oct 05, 2020 3:11:04 AM org.openqa.selenium.remote.Augmenter extractRemoteWebDriver
WARNING: Augmenter should be applied to the instances of @Augmentable classes or previously augmented instances only (instance class was: class org.openqa.selenium.chrome.ChromeDriver)
Oct 05, 2020 3:11:05 AM org.openqa.selenium.remote.Augmenter extractRemoteWebDriver
WARNING: Augmenter should be applied to the instances of @Augmentable classes or previously augmented instances only (instance class was: class org.openqa.selenium.chrome.ChromeDriver)
Oct 05, 2020 3:11:14 AM org.openqa.selenium.remote.Augmenter extractRemoteWebDriver
WARNING: Augmenter should be applied to the instances of @Augmentable classes or previously augmented instances only (instance class was: class org.openqa.selenium.chrome.ChromeDriver)
Oct 05, 2020 3:11:15 AM org.openqa.selenium.remote.Augmenter extractRemoteWebDriver
WARNING: Augmenter should be applied to the instances of @Augmentable classes or previously augmented instances only (instance class was: class org.openqa.selenium.chrome.ChromeDriver)
Oct 05, 2020 3:11:17 AM org.openqa.selenium.remote.Augmenter extractRemoteWebDriver
WARNING: Augmenter should be applied to the instances of @Augmentable classes or previously augmented instances only (instance class was: class org.openqa.selenium.chrome.ChromeDriver)
Oct 05, 2020 3:11:32 AM org.openqa.selenium.remote.Augmenter extractRemoteWebDriver
WARNING: Augmenter should be applied to the instances of @Augmentable classes or previously augmented instances only (instance class was: class org.openqa.selenium.chrome.ChromeDriver)
]]></system-err>
  </testcase>
  <testcase name="TC099" classname="com.cpcommunity.testScripts.community.TC100_Activate_Community_By_Community_Admin" time="108.793"/>
  <testcase name="TC178" classname="com.cpcommunity.testScripts.community.TC178_Payment_Pending_Is_Displayed_For_Adding_A_Member_By_CA" time="0">
    <skipped/>
    <system-out><![CDATA[INFO    2020-10-05 03:13:23,413 [TestNG-test=Test18-2] com.cpcommunity.testScripts.community.BaseTest  - Test Execution Completed !!!
]]></system-out>
  </testcase>
  <testcase name="TC178" classname="com.cpcommunity.testScripts.community.TC178_Payment_Pending_Is_Displayed_For_Adding_A_Member_By_CA" time="126.2">
    <failure message="stale element reference: element is not attached to the page document&#10;  (Session info: chrome=85.0.4183.121)&#10;  (Driver info: chromedriver=2.38.552522 (437e6fbedfa8762dec75e2c5b3ddb86763dc9dcb),platform=Windows NT 10.0.18362 x86_64) (WARNING: The server did not provide any stacktrace information)&#10;Command duration or timeout: 0 milliseconds&#10;For documentation on this error, please visit: http://seleniumhq.org/exceptions/stale_element_reference.html&#10;Build info: version: &apos;3.14.0&apos;, revision: &apos;aacccce0&apos;, time: &apos;2018-08-02T20:19:58.91Z&apos;&#10;System info: host: &apos;LAPTOP-65H8KDP8&apos;, ip: &apos;10.0.0.11&apos;, os.name: &apos;Windows 10&apos;, os.arch: &apos;amd64&apos;, os.version: &apos;10.0&apos;, java.version: &apos;1.8.0_251&apos;&#10;Driver info: org.openqa.selenium.chrome.ChromeDriver&#10;Capabilities {acceptInsecureCerts: false, acceptSslCerts: false, applicationCacheEnabled: false, browserConnectionEnabled: false, browserName: chrome, chrome: {chromedriverVersion: 2.38.552522 (437e6fbedfa876..., userDataDir: C:\Users\netwo\AppData\Loca...}, cssSelectorsEnabled: true, databaseEnabled: false, handlesAlerts: true, hasTouchScreen: false, javascriptEnabled: true, locationContextEnabled: true, mobileEmulationEnabled: false, nativeEvents: true, networkConnectionEnabled: false, pageLoadStrategy: normal, platform: XP, platformName: XP, rotatable: false, setWindowRect: true, takesHeapSnapshot: true, takesScreenshot: true, unexpectedAlertBehaviour: , unhandledPromptBehavior: , version: 85.0.4183.121, webStorageEnabled: true}&#10;Session ID: deef2ad01be6a73d338599faed037668" type="org.openqa.selenium.StaleElementReferenceException">org.openqa.selenium.StaleElementReferenceException: stale element reference: element is not attached to the page document
  (Session info: chrome=85.0.4183.121)
  (Driver info: chromedriver=2.38.552522 (437e6fbedfa8762dec75e2c5b3ddb86763dc9dcb),platform=Windows NT 10.0.18362 x86_64) (WARNING: The server did not provide any stacktrace information)
Command duration or timeout: 0 milliseconds
For documentation on this error, please visit: http://seleniumhq.org/exceptions/stale_element_reference.html
Build info: version: '3.14.0', revision: 'aacccce0', time: '2018-08-02T20:19:58.91Z'
System info: host: 'LAPTOP-65H8KDP8', ip: '10.0.0.11', os.name: 'Windows 10', os.arch: 'amd64', os.version: '10.0', java.version: '1.8.0_251'
Driver info: org.openqa.selenium.chrome.ChromeDriver
Capabilities {acceptInsecureCerts: false, acceptSslCerts: false, applicationCacheEnabled: false, browserConnectionEnabled: false, browserName: chrome, chrome: {chromedriverVersion: 2.38.552522 (437e6fbedfa876..., userDataDir: C:\Users\netwo\AppData\Loca...}, cssSelectorsEnabled: true, databaseEnabled: false, handlesAlerts: true, hasTouchScreen: false, javascriptEnabled: true, locationContextEnabled: true, mobileEmulationEnabled: false, nativeEvents: true, networkConnectionEnabled: false, pageLoadStrategy: normal, platform: XP, platformName: XP, rotatable: false, setWindowRect: true, takesHeapSnapshot: true, takesScreenshot: true, unexpectedAlertBehaviour: , unhandledPromptBehavior: , version: 85.0.4183.121, webStorageEnabled: true}
Session ID: deef2ad01be6a73d338599faed037668
	at sun.reflect.NativeConstructorAccessorImpl.newInstance0(Native Method)
	at sun.reflect.NativeConstructorAccessorImpl.newInstance(NativeConstructorAccessorImpl.java:62)
	at sun.reflect.DelegatingConstructorAccessorImpl.newInstance(DelegatingConstructorAccessorImpl.java:45)
	at java.lang.reflect.Constructor.newInstance(Constructor.java:423)
	at org.openqa.selenium.remote.ErrorHandler.createThrowable(ErrorHandler.java:214)
	at org.openqa.selenium.remote.ErrorHandler.throwIfResponseFailed(ErrorHandler.java:166)
	at org.openqa.selenium.remote.http.JsonHttpResponseCodec.reconstructValue(JsonHttpResponseCodec.java:40)
	at org.openqa.selenium.remote.http.AbstractHttpResponseCodec.decode(AbstractHttpResponseCodec.java:80)
	at org.openqa.selenium.remote.http.AbstractHttpResponseCodec.decode(AbstractHttpResponseCodec.java:44)
	at org.openqa.selenium.remote.HttpCommandExecutor.execute(HttpCommandExecutor.java:158)
	at org.openqa.selenium.remote.service.DriverCommandExecutor.execute(DriverCommandExecutor.java:83)
	at org.openqa.selenium.remote.RemoteWebDriver.execute(RemoteWebDriver.java:548)
	at org.openqa.selenium.remote.RemoteWebDriver.executeScript(RemoteWebDriver.java:485)
	at com.cpcommunity.PageObjects.BasePage.highlightElement(BasePage.java:511)
	at com.cpcommunity.PageObjects.BasePage.click(BasePage.java:199)
	at com.cpcommunity.PageObjects.MyCommunitiesPage.gotoManageCommunity(MyCommunitiesPage.java:375)
	at com.cpcommunity.testScripts.community.TC178_Payment_Pending_Is_Displayed_For_Adding_A_Member_By_CA.TC178(TC178_Payment_Pending_Is_Displayed_For_Adding_A_Member_By_CA.java:32)
</failure>
    <system-out><![CDATA[INFO    2020-10-05 03:14:53,429 [TestNG-test=Test18-1] com.cpcommunity.testScripts.community.BaseTest  - Test Execution Completed !!!
Total rows are : 1167
Test case starts from row num: 971
Total rows of data are : 1
Total cols are : 7
@TestCase : TC178
INFO    2020-10-05 03:14:53,506 [TestNG-test=Test18-1] com.cpcommunity.testScripts.community.BaseTest  - Inside Login Test
Launching : chrome
ChromeDriver: chrome on XP (deef2ad01be6a73d338599faed037668)
deef2ad01be6a73d338599faed037668
INFO    2020-10-05 03:14:56,821 [TestNG-test=Test18-1] com.cpcommunity.testScripts.community.BaseTest  - Driver Initialized !!!
Page Opened
INFO    2020-10-05 03:15:06,108 [TestNG-test=Test18-1] com.cpcommunity.PageObjects.BasePage  - scrolling up vertically...
INFO    2020-10-05 03:15:11,164 [TestNG-test=Test18-1] com.cpcommunity.PageObjects.BasePage  - waiting for :[[ChromeDriver: chrome on XP (deef2ad01be6a73d338599faed037668)] -> xpath: //a[contains(.,'Login')]] for :18 seconds
INFO    2020-10-05 03:15:11,193 [TestNG-test=Test18-1] com.cpcommunity.PageObjects.BasePage  - [[ChromeDriver: chrome on XP (deef2ad01be6a73d338599faed037668)] -> xpath: //a[contains(.,'Login')]]is displayed
INFO    2020-10-05 03:15:14,195 [TestNG-test=Test18-1] com.cpcommunity.PageObjects.BasePage  - Clicking on : LOGIN
ChromeDriver: chrome on XP (deef2ad01be6a73d338599faed037668)Login Page
INFO    2020-10-05 03:15:18,388 [TestNG-test=Test18-1] com.cpcommunity.PageObjects.BasePage  - scrolling up vertically...
INFO    2020-10-05 03:15:23,397 [TestNG-test=Test18-1] com.cpcommunity.PageObjects.BasePage  - Typing in : email address entered the value as : andrew74444@gmail.com
INFO    2020-10-05 03:15:23,727 [TestNG-test=Test18-1] com.cpcommunity.PageObjects.BasePage  - Typing in : password entered the value as : Admin@123
INFO    2020-10-05 03:15:23,865 [TestNG-test=Test18-1] com.cpcommunity.PageObjects.BasePage  - Clicking on : Login
INFO    2020-10-05 03:15:30,350 [TestNG-test=Test18-1] com.cpcommunity.PageObjects.BasePage  - scrolling up vertically...
INFO    2020-10-05 03:16:10,417 [TestNG-test=Test18-1] com.cpcommunity.PageObjects.BasePage  - waiting for :[[ChromeDriver: chrome on XP (deef2ad01be6a73d338599faed037668)] -> xpath: //*[@id='mycommunitestab']//a[contains(text(),'VIEW ALL')]] for :18 seconds
INFO    2020-10-05 03:16:10,772 [TestNG-test=Test18-1] com.cpcommunity.PageObjects.BasePage  - [[ChromeDriver: chrome on XP (deef2ad01be6a73d338599faed037668)] -> xpath: //*[@id='mycommunitestab']//a[contains(text(),'VIEW ALL')]]is displayed
INFO    2020-10-05 03:16:12,773 [TestNG-test=Test18-1] com.cpcommunity.PageObjects.BasePage  - Clicking on : view All
INFO    2020-10-05 03:16:17,262 [TestNG-test=Test18-1] com.cpcommunity.PageObjects.BasePage  - scrolling up vertically...
Date Format with dd MMMM yyyy : 05 Oct 2020
INFO    2020-10-05 03:16:22,325 [TestNG-test=Test18-1] com.cpcommunity.PageObjects.BasePage  - waiting for :[[ChromeDriver: chrome on XP (deef2ad01be6a73d338599faed037668)] -> xpath: //input[@placeholder='Search by Community Name']] for :18 seconds
INFO    2020-10-05 03:16:22,354 [TestNG-test=Test18-1] com.cpcommunity.PageObjects.BasePage  - [[ChromeDriver: chrome on XP (deef2ad01be6a73d338599faed037668)] -> xpath: //input[@placeholder='Search by Community Name']]is displayed
INFO    2020-10-05 03:16:24,652 [TestNG-test=Test18-1] com.cpcommunity.PageObjects.BasePage  - Typing in : Search by Community entered the value as : Community 1 - 05 Oct 2020
INFO    2020-10-05 03:16:24,890 [TestNG-test=Test18-1] com.cpcommunity.PageObjects.BasePage  - Clicking on : search btn
INFO    2020-10-05 03:16:31,017 [TestNG-test=Test18-1] com.cpcommunity.PageObjects.BasePage  - waiting for :[[ChromeDriver: chrome on XP (deef2ad01be6a73d338599faed037668)] -> xpath: //a[@tooltip='Community 1 - 05 Oct 2020']] for :18 seconds
INFO    2020-10-05 03:16:31,030 [TestNG-test=Test18-1] com.cpcommunity.PageObjects.BasePage  - [[ChromeDriver: chrome on XP (deef2ad01be6a73d338599faed037668)] -> xpath: //a[@tooltip='Community 1 - 05 Oct 2020']]is displayed
INFO    2020-10-05 03:16:33,317 [TestNG-test=Test18-1] com.cpcommunity.PageObjects.BasePage  - Clicking on : Manage
]]></system-out>
    <system-err><![CDATA[Starting ChromeDriver 2.38.552522 (437e6fbedfa8762dec75e2c5b3ddb86763dc9dcb) on port 8966
Only local connections are allowed.
Oct 05, 2020 3:14:56 AM org.openqa.selenium.remote.ProtocolHandshake createSession
INFO: Detected dialect: OSS
Oct 05, 2020 3:15:02 AM org.openqa.selenium.remote.Augmenter extractRemoteWebDriver
WARNING: Augmenter should be applied to the instances of @Augmentable classes or previously augmented instances only (instance class was: class org.openqa.selenium.chrome.ChromeDriver)
Oct 05, 2020 3:15:03 AM org.openqa.selenium.remote.Augmenter extractRemoteWebDriver
WARNING: Augmenter should be applied to the instances of @Augmentable classes or previously augmented instances only (instance class was: class org.openqa.selenium.chrome.ChromeDriver)
Oct 05, 2020 3:15:05 AM org.openqa.selenium.remote.Augmenter extractRemoteWebDriver
WARNING: Augmenter should be applied to the instances of @Augmentable classes or previously augmented instances only (instance class was: class org.openqa.selenium.chrome.ChromeDriver)
Oct 05, 2020 3:15:16 AM org.openqa.selenium.remote.Augmenter extractRemoteWebDriver
WARNING: Augmenter should be applied to the instances of @Augmentable classes or previously augmented instances only (instance class was: class org.openqa.selenium.chrome.ChromeDriver)
Oct 05, 2020 3:15:17 AM org.openqa.selenium.remote.Augmenter extractRemoteWebDriver
WARNING: Augmenter should be applied to the instances of @Augmentable classes or previously augmented instances only (instance class was: class org.openqa.selenium.chrome.ChromeDriver)
Oct 05, 2020 3:15:27 AM org.openqa.selenium.remote.Augmenter extractRemoteWebDriver
WARNING: Augmenter should be applied to the instances of @Augmentable classes or previously augmented instances only (instance class was: class org.openqa.selenium.chrome.ChromeDriver)
Oct 05, 2020 3:15:28 AM org.openqa.selenium.remote.Augmenter extractRemoteWebDriver
WARNING: Augmenter should be applied to the instances of @Augmentable classes or previously augmented instances only (instance class was: class org.openqa.selenium.chrome.ChromeDriver)
Oct 05, 2020 3:15:29 AM org.openqa.selenium.remote.Augmenter extractRemoteWebDriver
WARNING: Augmenter should be applied to the instances of @Augmentable classes or previously augmented instances only (instance class was: class org.openqa.selenium.chrome.ChromeDriver)
Oct 05, 2020 3:16:15 AM org.openqa.selenium.remote.Augmenter extractRemoteWebDriver
WARNING: Augmenter should be applied to the instances of @Augmentable classes or previously augmented instances only (instance class was: class org.openqa.selenium.chrome.ChromeDriver)
Oct 05, 2020 3:16:16 AM org.openqa.selenium.remote.Augmenter extractRemoteWebDriver
WARNING: Augmenter should be applied to the instances of @Augmentable classes or previously augmented instances only (instance class was: class org.openqa.selenium.chrome.ChromeDriver)
]]></system-err>
  </testcase>
</testsuite>