<?xml version="1.0" encoding="UTF-8"?>
<testsuite name="TestSuite" time="8,871.513" tests="104" errors="0" skipped="0" failures="68">
  <properties>
    <property name="java.runtime.name" value="Java(TM) SE Runtime Environment"/>
    <property name="sun.boot.library.path" value="C:\Program Files\Java\jdk1.8.0_251\jre\bin"/>
    <property name="java.vm.version" value="25.251-b08"/>
    <property name="java.vm.vendor" value="Oracle Corporation"/>
    <property name="maven.multiModuleProjectDirectory" value="D:\workspace\bizligo-automation"/>
    <property name="java.vendor.url" value="http://java.oracle.com/"/>
    <property name="path.separator" value=";"/>
    <property name="guice.disable.misplaced.annotation.check" value="true"/>
    <property name="java.vm.name" value="Java HotSpot(TM) 64-Bit Server VM"/>
    <property name="file.encoding.pkg" value="sun.io"/>
    <property name="user.script" value=""/>
    <property name="user.country" value="US"/>
    <property name="sun.java.launcher" value="SUN_STANDARD"/>
    <property name="sun.os.patch.level" value=""/>
    <property name="java.vm.specification.name" value="Java Virtual Machine Specification"/>
    <property name="user.dir" value="D:\workspace\bizligo-automation"/>
    <property name="java.runtime.version" value="1.8.0_251-b08"/>
    <property name="java.awt.graphicsenv" value="sun.awt.Win32GraphicsEnvironment"/>
    <property name="java.endorsed.dirs" value="C:\Program Files\Java\jdk1.8.0_251\jre\lib\endorsed"/>
    <property name="os.arch" value="amd64"/>
    <property name="java.io.tmpdir" value="C:\Users\netwo\AppData\Local\Temp\"/>
    <property name="line.separator" value="&#10;"/>
    <property name="java.vm.specification.vendor" value="Oracle Corporation"/>
    <property name="user.variant" value=""/>
    <property name="os.name" value="Windows 10"/>
    <property name="classworlds.conf" value="C:\apache-maven-3.6.3\bin\..\bin\m2.conf"/>
    <property name="sun.jnu.encoding" value="Cp1252"/>
    <property name="java.library.path" value="C:\Program Files\Java\jdk1.8.0_251\bin;C:\WINDOWS\Sun\Java\bin;C:\WINDOWS\system32;C:\WINDOWS;C:\Program Files (x86)\Common Files\Oracle\Java\javapath;C:\WINDOWS\system32;C:\WINDOWS;C:\WINDOWS\System32\Wbem;C:\WINDOWS\System32\WindowsPowerShell\v1.0\;C:\Program Files (x86)\Common Files\lenovo\easyplussdk\bin;C:\Program Files\Intel\WiFi\bin\;C:\Program Files\Common Files\Intel\WirelessCommon\;C:\WINDOWS\System32\OpenSSH\;C:\apache-maven-3.6.3\bin;C:\Program Files\Java\jdk1.8.0_251\bin;C:\Program Files\Git\cmd;C:\Users\netwo\AppData\Local\Microsoft\WindowsApps;;."/>
    <property name="maven.conf" value="C:\apache-maven-3.6.3\bin\../conf"/>
    <property name="java.specification.name" value="Java Platform API Specification"/>
    <property name="java.class.version" value="52.0"/>
    <property name="sun.management.compiler" value="HotSpot 64-Bit Tiered Compilers"/>
    <property name="os.version" value="10.0"/>
    <property name="library.jansi.path" value="C:\apache-maven-3.6.3\bin\..\lib\jansi-native"/>
    <property name="user.home" value="C:\Users\netwo"/>
    <property name="user.timezone" value="America/New_York"/>
    <property name="java.awt.printerjob" value="sun.awt.windows.WPrinterJob"/>
    <property name="java.specification.version" value="1.8"/>
    <property name="file.encoding" value="Cp1252"/>
    <property name="user.name" value="netwo"/>
    <property name="java.class.path" value="C:\apache-maven-3.6.3\bin\..\boot\plexus-classworlds-2.6.0.jar"/>
    <property name="java.vm.specification.version" value="1.8"/>
    <property name="sun.arch.data.model" value="64"/>
    <property name="java.home" value="C:\Program Files\Java\jdk1.8.0_251\jre"/>
    <property name="sun.java.command" value="org.codehaus.plexus.classworlds.launcher.Launcher clean install"/>
    <property name="java.specification.vendor" value="Oracle Corporation"/>
    <property name="user.language" value="en"/>
    <property name="awt.toolkit" value="sun.awt.windows.WToolkit"/>
    <property name="java.vm.info" value="mixed mode"/>
    <property name="java.version" value="1.8.0_251"/>
    <property name="java.ext.dirs" value="C:\Program Files\Java\jdk1.8.0_251\jre\lib\ext;C:\WINDOWS\Sun\Java\lib\ext"/>
    <property name="sun.boot.class.path" value="C:\Program Files\Java\jdk1.8.0_251\jre\lib\resources.jar;C:\Program Files\Java\jdk1.8.0_251\jre\lib\rt.jar;C:\Program Files\Java\jdk1.8.0_251\jre\lib\sunrsasign.jar;C:\Program Files\Java\jdk1.8.0_251\jre\lib\jsse.jar;C:\Program Files\Java\jdk1.8.0_251\jre\lib\jce.jar;C:\Program Files\Java\jdk1.8.0_251\jre\lib\charsets.jar;C:\Program Files\Java\jdk1.8.0_251\jre\lib\jfr.jar;C:\Program Files\Java\jdk1.8.0_251\jre\classes"/>
    <property name="sun.stderr.encoding" value="cp437"/>
    <property name="java.vendor" value="Oracle Corporation"/>
    <property name="maven.home" value="C:\apache-maven-3.6.3\bin\.."/>
    <property name="file.separator" value="\"/>
    <property name="java.vendor.url.bug" value="http://bugreport.sun.com/bugreport/"/>
    <property name="sun.cpu.endian" value="little"/>
    <property name="sun.io.unicode.encoding" value="UnicodeLittle"/>
    <property name="sun.stdout.encoding" value="cp437"/>
    <property name="sun.desktop" value="windows"/>
    <property name="sun.cpu.isalist" value="amd64"/>
  </properties>
  <testcase name="TC029" classname="com.cpcommunity.testScripts.community.TC029_Create_community_From_My_Communites" time="159.444"/>
  <testcase name="TC084" classname="com.cpcommunity.testScripts.community.TC084_Member_Leave_community_from_My_Communities________" time="18.049">
    <failure message="Expected condition failed: waiting for visibility of Proxy element for: AjaxElementLocator &apos;By.xpath: //*[contains(text(),&apos;MY ECOSYSTEM&apos;)]&apos; (tried for 30 second(s) with 500 milliseconds interval)" type="org.openqa.selenium.TimeoutException">org.openqa.selenium.TimeoutException: Expected condition failed: waiting for visibility of Proxy element for: AjaxElementLocator 'By.xpath: //*[contains(text(),'MY ECOSYSTEM')]' (tried for 30 second(s) with 500 milliseconds interval)
	at sun.reflect.NativeConstructorAccessorImpl.newInstance0(Native Method)
	at sun.reflect.NativeConstructorAccessorImpl.newInstance(NativeConstructorAccessorImpl.java:62)
	at sun.reflect.DelegatingConstructorAccessorImpl.newInstance(DelegatingConstructorAccessorImpl.java:45)
	at java.lang.reflect.Constructor.newInstance(Constructor.java:423)
	at org.openqa.selenium.remote.ErrorHandler.createThrowable(ErrorHandler.java:214)
	at org.openqa.selenium.remote.ErrorHandler.throwIfResponseFailed(ErrorHandler.java:166)
	at org.openqa.selenium.remote.http.JsonHttpResponseCodec.reconstructValue(JsonHttpResponseCodec.java:40)
	at org.openqa.selenium.remote.http.AbstractHttpResponseCodec.decode(AbstractHttpResponseCodec.java:80)
	at org.openqa.selenium.remote.http.AbstractHttpResponseCodec.decode(AbstractHttpResponseCodec.java:44)
	at org.openqa.selenium.remote.HttpCommandExecutor.execute(HttpCommandExecutor.java:158)
	at org.openqa.selenium.remote.service.DriverCommandExecutor.execute(DriverCommandExecutor.java:83)
	at org.openqa.selenium.remote.RemoteWebDriver.execute(RemoteWebDriver.java:548)
	at org.openqa.selenium.remote.RemoteWebDriver.findElement(RemoteWebDriver.java:322)
	at org.openqa.selenium.remote.RemoteWebDriver.findElementByXPath(RemoteWebDriver.java:424)
	at org.openqa.selenium.By$ByXPath.findElement(By.java:353)
	at org.openqa.selenium.remote.RemoteWebDriver.findElement(RemoteWebDriver.java:314)
	at org.openqa.selenium.support.pagefactory.DefaultElementLocator.findElement(DefaultElementLocator.java:69)
	at org.openqa.selenium.support.pagefactory.AjaxElementLocator.access$001(AjaxElementLocator.java:39)
	at org.openqa.selenium.support.pagefactory.AjaxElementLocator$SlowLoadingElement.isLoaded(AjaxElementLocator.java:194)
	at org.openqa.selenium.support.ui.SlowLoadableComponent.get(SlowLoadableComponent.java:78)
	at org.openqa.selenium.support.pagefactory.AjaxElementLocator.findElement(AjaxElementLocator.java:119)
	at org.openqa.selenium.support.pagefactory.internal.LocatingElementHandler.invoke(LocatingElementHandler.java:38)
	at com.sun.proxy.$Proxy9.isDisplayed(Unknown Source)
	at org.openqa.selenium.support.ui.ExpectedConditions.elementIfVisible(ExpectedConditions.java:315)
	at org.openqa.selenium.support.ui.ExpectedConditions.access$100(ExpectedConditions.java:44)
	at org.openqa.selenium.support.ui.ExpectedConditions$10.apply(ExpectedConditions.java:301)
	at org.openqa.selenium.support.ui.ExpectedConditions$10.apply(ExpectedConditions.java:298)
	at org.openqa.selenium.support.ui.FluentWait.until(FluentWait.java:260)
	at com.cpcommunity.PageObjects.BasePage.waitForPageToLoad(BasePage.java:94)
	at com.cpcommunity.PageObjects.BasePage.openPage(BasePage.java:80)
	at com.cpcommunity.PageObjects.LoginPage.loginToApplication(LoginPage.java:90)
	at com.cpcommunity.testScripts.community.TC084_Member_Leave_community_from_My_Communities________.TC084(TC084_Member_Leave_community_from_My_Communities________.java:33)
</failure>
    <system-out><![CDATA[INFO    2020-09-29 06:29:00,655 [TestNG-test=Test1-2] com.cpcommunity.testScripts.community.BaseTest  - Test Execution Completed !!!
Total rows are : 1167
Test case starts from row num: 511
Total rows of data are : 1
Total cols are : 7
@TestCase : TC092
INFO    2020-09-29 06:29:01,161 [TestNG-test=Test1-2] com.cpcommunity.testScripts.community.BaseTest  - Inside Login Test
Launching : chrome
INFO    2020-09-29 06:29:01,475 [TestNG-test=Test1-1] com.cpcommunity.PageObjects.BasePage  - waiting for :[[ChromeDriver: chrome on XP (c0de9d0241626eb180a8db927a7c9dc6)] -> xpath: //a[contains(text(),'Logout')]] for :18 seconds
INFO    2020-09-29 06:29:01,515 [TestNG-test=Test1-1] com.cpcommunity.PageObjects.BasePage  - [[ChromeDriver: chrome on XP (c0de9d0241626eb180a8db927a7c9dc6)] -> xpath: //a[contains(text(),'Logout')]]is displayed
ChromeDriver: chrome on XP (db8ed510c91dea42bcc71d6ae50e34fb)
db8ed510c91dea42bcc71d6ae50e34fb
INFO    2020-09-29 06:29:04,390 [TestNG-test=Test1-2] com.cpcommunity.testScripts.community.BaseTest  - Driver Initialized !!!
Page Opened
INFO    2020-09-29 06:29:10,676 [TestNG-test=Test1-1] com.cpcommunity.PageObjects.BasePage  - scrolling up vertically...
INFO    2020-09-29 06:29:13,971 [TestNG-test=Test1-2] com.cpcommunity.PageObjects.BasePage  - scrolling up vertically...
INFO    2020-09-29 06:29:15,742 [TestNG-test=Test1-1] com.cpcommunity.PageObjects.BasePage  - waiting for :[[ChromeDriver: chrome on XP (c0de9d0241626eb180a8db927a7c9dc6)] -> xpath: //a[contains(.,'Login')]] for :18 seconds
INFO    2020-09-29 06:29:15,779 [TestNG-test=Test1-1] com.cpcommunity.PageObjects.BasePage  - [[ChromeDriver: chrome on XP (c0de9d0241626eb180a8db927a7c9dc6)] -> xpath: //a[contains(.,'Login')]]is displayed
INFO    2020-09-29 06:29:18,780 [TestNG-test=Test1-1] com.cpcommunity.PageObjects.BasePage  - Clicking on : LOGIN
]]></system-out>
    <system-err><![CDATA[Starting ChromeDriver 2.38.552522 (437e6fbedfa8762dec75e2c5b3ddb86763dc9dcb) on port 26935
Only local connections are allowed.
Sep 29, 2020 6:29:04 AM org.openqa.selenium.remote.ProtocolHandshake createSession
INFO: Detected dialect: OSS
Sep 29, 2020 6:29:06 AM org.openqa.selenium.remote.Augmenter extractRemoteWebDriver
WARNING: Augmenter should be applied to the instances of @Augmentable classes or previously augmented instances only (instance class was: class org.openqa.selenium.chrome.ChromeDriver)
Sep 29, 2020 6:29:08 AM org.openqa.selenium.remote.Augmenter extractRemoteWebDriver
WARNING: Augmenter should be applied to the instances of @Augmentable classes or previously augmented instances only (instance class was: class org.openqa.selenium.chrome.ChromeDriver)
Sep 29, 2020 6:29:09 AM org.openqa.selenium.remote.Augmenter extractRemoteWebDriver
WARNING: Augmenter should be applied to the instances of @Augmentable classes or previously augmented instances only (instance class was: class org.openqa.selenium.chrome.ChromeDriver)
Sep 29, 2020 6:29:09 AM org.openqa.selenium.remote.Augmenter extractRemoteWebDriver
WARNING: Augmenter should be applied to the instances of @Augmentable classes or previously augmented instances only (instance class was: class org.openqa.selenium.chrome.ChromeDriver)
Sep 29, 2020 6:29:11 AM org.openqa.selenium.remote.Augmenter extractRemoteWebDriver
WARNING: Augmenter should be applied to the instances of @Augmentable classes or previously augmented instances only (instance class was: class org.openqa.selenium.chrome.ChromeDriver)
Sep 29, 2020 6:29:13 AM org.openqa.selenium.remote.Augmenter extractRemoteWebDriver
WARNING: Augmenter should be applied to the instances of @Augmentable classes or previously augmented instances only (instance class was: class org.openqa.selenium.chrome.ChromeDriver)
]]></system-err>
  </testcase>
  <testcase name="TC081" classname="com.cpcommunity.testScripts.community.TC081_Member_Join_And_Leave_Public_Community_From_Global_Communities" time="37.724">
    <failure message="Timed out after 20 seconds. Unable to locate the element" type="org.openqa.selenium.NoSuchElementException">org.openqa.selenium.NoSuchElementException: Timed out after 20 seconds. Unable to locate the element
	at sun.reflect.NativeConstructorAccessorImpl.newInstance0(Native Method)
	at sun.reflect.NativeConstructorAccessorImpl.newInstance(NativeConstructorAccessorImpl.java:62)
	at sun.reflect.DelegatingConstructorAccessorImpl.newInstance(DelegatingConstructorAccessorImpl.java:45)
	at java.lang.reflect.Constructor.newInstance(Constructor.java:423)
	at org.openqa.selenium.remote.ErrorHandler.createThrowable(ErrorHandler.java:214)
	at org.openqa.selenium.remote.ErrorHandler.throwIfResponseFailed(ErrorHandler.java:166)
	at org.openqa.selenium.remote.http.JsonHttpResponseCodec.reconstructValue(JsonHttpResponseCodec.java:40)
	at org.openqa.selenium.remote.http.AbstractHttpResponseCodec.decode(AbstractHttpResponseCodec.java:80)
	at org.openqa.selenium.remote.http.AbstractHttpResponseCodec.decode(AbstractHttpResponseCodec.java:44)
	at org.openqa.selenium.remote.HttpCommandExecutor.execute(HttpCommandExecutor.java:158)
	at org.openqa.selenium.remote.service.DriverCommandExecutor.execute(DriverCommandExecutor.java:83)
	at org.openqa.selenium.remote.RemoteWebDriver.execute(RemoteWebDriver.java:548)
	at org.openqa.selenium.remote.RemoteWebDriver.findElement(RemoteWebDriver.java:322)
	at org.openqa.selenium.remote.RemoteWebDriver.findElementByXPath(RemoteWebDriver.java:424)
	at org.openqa.selenium.By$ByXPath.findElement(By.java:353)
	at org.openqa.selenium.remote.RemoteWebDriver.findElement(RemoteWebDriver.java:314)
	at org.openqa.selenium.support.pagefactory.DefaultElementLocator.findElement(DefaultElementLocator.java:69)
	at org.openqa.selenium.support.pagefactory.AjaxElementLocator.access$001(AjaxElementLocator.java:39)
	at org.openqa.selenium.support.pagefactory.AjaxElementLocator$SlowLoadingElement.isLoaded(AjaxElementLocator.java:194)
	at org.openqa.selenium.support.ui.SlowLoadableComponent.get(SlowLoadableComponent.java:78)
	at org.openqa.selenium.support.pagefactory.AjaxElementLocator.findElement(AjaxElementLocator.java:119)
	at org.openqa.selenium.support.pagefactory.internal.LocatingElementHandler.invoke(LocatingElementHandler.java:38)
	at com.sun.proxy.$Proxy9.getWrappedElement(Unknown Source)
	at org.openqa.selenium.remote.internal.WebElementToJsonConverter.apply(WebElementToJsonConverter.java:50)
	at java.util.stream.ReferencePipeline$3$1.accept(ReferencePipeline.java:193)
	at java.util.Spliterators$ArraySpliterator.forEachRemaining(Spliterators.java:948)
	at java.util.stream.AbstractPipeline.copyInto(AbstractPipeline.java:482)
	at java.util.stream.AbstractPipeline.wrapAndCopyInto(AbstractPipeline.java:472)
	at java.util.stream.ReduceOps$ReduceOp.evaluateSequential(ReduceOps.java:708)
	at java.util.stream.AbstractPipeline.evaluate(AbstractPipeline.java:234)
	at java.util.stream.ReferencePipeline.collect(ReferencePipeline.java:499)
	at org.openqa.selenium.remote.RemoteWebDriver.executeScript(RemoteWebDriver.java:480)
	at com.cpcommunity.PageObjects.BasePage.highlightElement(BasePage.java:512)
	at com.cpcommunity.PageObjects.BasePage.click(BasePage.java:197)
	at com.cpcommunity.PageObjects.GlobalCommunitesPage.leaveCommunityWithoutDate(GlobalCommunitesPage.java:166)
	at com.cpcommunity.testScripts.community.TC081_Member_Join_And_Leave_Public_Community_From_Global_Communities.TC081(TC081_Member_Join_And_Leave_Public_Community_From_Global_Communities.java:42)
</failure>
    <system-out><![CDATA[INFO    2020-09-29 06:29:19,066 [TestNG-test=Test1-2] com.cpcommunity.PageObjects.BasePage  - waiting for :[[ChromeDriver: chrome on XP (db8ed510c91dea42bcc71d6ae50e34fb)] -> xpath: //a[contains(.,'Login')]] for :18 seconds
INFO    2020-09-29 06:29:19,124 [TestNG-test=Test1-2] com.cpcommunity.PageObjects.BasePage  - [[ChromeDriver: chrome on XP (db8ed510c91dea42bcc71d6ae50e34fb)] -> xpath: //a[contains(.,'Login')]]is displayed
INFO    2020-09-29 06:29:19,952 [TestNG-test=Test1-5] com.cpcommunity.testScripts.community.BaseTest  - Test Execution Completed !!!
Total rows are : 1167
Test case starts from row num: 893
Total rows of data are : 1
Total cols are : 45
@TestCase : TC131
INFO    2020-09-29 06:29:20,529 [TestNG-test=Test1-5] com.cpcommunity.testScripts.community.BaseTest  - Inside Login Test
Launching : chrome
ChromeDriver: chrome on XP (c0de9d0241626eb180a8db927a7c9dc6)Login Page
INFO    2020-09-29 06:29:22,154 [TestNG-test=Test1-2] com.cpcommunity.PageObjects.BasePage  - Clicking on : LOGIN
ChromeDriver: chrome on XP (28801acbea85ffafa6d6853fe59dfccf)
28801acbea85ffafa6d6853fe59dfccf
INFO    2020-09-29 06:29:23,966 [TestNG-test=Test1-5] com.cpcommunity.testScripts.community.BaseTest  - Driver Initialized !!!
INFO    2020-09-29 06:29:24,636 [TestNG-test=Test1-1] com.cpcommunity.PageObjects.BasePage  - scrolling up vertically...
ChromeDriver: chrome on XP (db8ed510c91dea42bcc71d6ae50e34fb)Login Page
INFO    2020-09-29 06:29:29,080 [TestNG-test=Test1-2] com.cpcommunity.PageObjects.BasePage  - scrolling up vertically...
INFO    2020-09-29 06:29:29,652 [TestNG-test=Test1-1] com.cpcommunity.PageObjects.BasePage  - Typing in : email address entered the value as : connectproemqa@gmail.com
INFO    2020-09-29 06:29:30,107 [TestNG-test=Test1-1] com.cpcommunity.PageObjects.BasePage  - Typing in : password entered the value as : Admin@123
INFO    2020-09-29 06:29:30,324 [TestNG-test=Test1-1] com.cpcommunity.PageObjects.BasePage  - Clicking on : Login
Page Opened
INFO    2020-09-29 06:29:34,093 [TestNG-test=Test1-2] com.cpcommunity.PageObjects.BasePage  - Typing in : email address entered the value as : andrew74444@gmail.com
INFO    2020-09-29 06:29:34,716 [TestNG-test=Test1-2] com.cpcommunity.PageObjects.BasePage  - Typing in : password entered the value as : Admin@123
INFO    2020-09-29 06:29:34,986 [TestNG-test=Test1-2] com.cpcommunity.PageObjects.BasePage  - Clicking on : Login
INFO    2020-09-29 06:29:37,980 [TestNG-test=Test1-1] com.cpcommunity.PageObjects.BasePage  - scrolling up vertically...
INFO    2020-09-29 06:29:39,373 [TestNG-test=Test1-5] com.cpcommunity.PageObjects.BasePage  - scrolling up vertically...
INFO    2020-09-29 06:29:42,740 [TestNG-test=Test1-2] com.cpcommunity.PageObjects.BasePage  - scrolling up vertically...
INFO    2020-09-29 06:29:43,034 [TestNG-test=Test1-1] com.cpcommunity.PageObjects.BasePage  - Clicking[[ChromeDriver: chrome on XP (c0de9d0241626eb180a8db927a7c9dc6)] -> xpath: (//*[@class='fa fa-chevron-down'])[2]]
INFO    2020-09-29 06:29:43,292 [TestNG-test=Test1-3] com.cpcommunity.PageObjects.BasePage  - waiting for :Proxy element for: AjaxElementLocator 'By.xpath: //*[contains(text(),'MY ECOSYSTEM')]' for :18 seconds
INFO    2020-09-29 06:29:44,436 [TestNG-test=Test1-5] com.cpcommunity.PageObjects.BasePage  - waiting for :[[ChromeDriver: chrome on XP (28801acbea85ffafa6d6853fe59dfccf)] -> xpath: //a[contains(.,'Login')]] for :18 seconds
INFO    2020-09-29 06:29:44,477 [TestNG-test=Test1-5] com.cpcommunity.PageObjects.BasePage  - [[ChromeDriver: chrome on XP (28801acbea85ffafa6d6853fe59dfccf)] -> xpath: //a[contains(.,'Login')]]is displayed
INFO    2020-09-29 06:29:45,083 [TestNG-test=Test1-1] com.cpcommunity.PageObjects.BasePage  - Clicked[[ChromeDriver: chrome on XP (c0de9d0241626eb180a8db927a7c9dc6)] -> xpath: (//*[@class='fa fa-chevron-down'])[2]]
INFO    2020-09-29 06:29:45,099 [TestNG-test=Test1-1] com.cpcommunity.PageObjects.BasePage  - waiting for :[[ChromeDriver: chrome on XP (c0de9d0241626eb180a8db927a7c9dc6)] -> xpath: //a[@title='Pending Communities']] for :18 seconds
INFO    2020-09-29 06:29:45,132 [TestNG-test=Test1-1] com.cpcommunity.PageObjects.BasePage  - [[ChromeDriver: chrome on XP (c0de9d0241626eb180a8db927a7c9dc6)] -> xpath: //a[@title='Pending Communities']]is displayed
INFO    2020-09-29 06:29:47,177 [TestNG-test=Test1-1] com.cpcommunity.PageObjects.BasePage  - Clicking[[ChromeDriver: chrome on XP (c0de9d0241626eb180a8db927a7c9dc6)] -> xpath: //a[@title='Pending Communities']]
INFO    2020-09-29 06:29:47,478 [TestNG-test=Test1-5] com.cpcommunity.PageObjects.BasePage  - Clicking on : LOGIN
INFO    2020-09-29 06:29:47,931 [TestNG-test=Test1-2] com.cpcommunity.PageObjects.BasePage  - Clicking on : view All
ChromeDriver: chrome on XP (28801acbea85ffafa6d6853fe59dfccf)Login Page
INFO    2020-09-29 06:29:52,325 [TestNG-test=Test1-1] com.cpcommunity.PageObjects.BasePage  - Clicked[[ChromeDriver: chrome on XP (c0de9d0241626eb180a8db927a7c9dc6)] -> xpath: //a[@title='Pending Communities']]
INFO    2020-09-29 06:29:53,734 [TestNG-test=Test1-5] com.cpcommunity.PageObjects.BasePage  - scrolling up vertically...
INFO    2020-09-29 06:29:54,664 [TestNG-test=Test1-2] com.cpcommunity.PageObjects.BasePage  - scrolling up vertically...
INFO    2020-09-29 06:29:55,430 [TestNG-test=Test1-1] com.cpcommunity.PageObjects.BasePage  - scrolling up vertically...
]]></system-out>
    <system-err><![CDATA[Starting ChromeDriver 2.38.552522 (437e6fbedfa8762dec75e2c5b3ddb86763dc9dcb) on port 39911
Only local connections are allowed.
Sep 29, 2020 6:29:22 AM org.openqa.selenium.remote.Augmenter extractRemoteWebDriver
WARNING: Augmenter should be applied to the instances of @Augmentable classes or previously augmented instances only (instance class was: class org.openqa.selenium.chrome.ChromeDriver)
Sep 29, 2020 6:29:23 AM org.openqa.selenium.remote.ProtocolHandshake createSession
INFO: Detected dialect: OSS
Sep 29, 2020 6:29:24 AM org.openqa.selenium.remote.Augmenter extractRemoteWebDriver
WARNING: Augmenter should be applied to the instances of @Augmentable classes or previously augmented instances only (instance class was: class org.openqa.selenium.chrome.ChromeDriver)
Sep 29, 2020 6:29:26 AM org.openqa.selenium.remote.Augmenter extractRemoteWebDriver
WARNING: Augmenter should be applied to the instances of @Augmentable classes or previously augmented instances only (instance class was: class org.openqa.selenium.chrome.ChromeDriver)
Sep 29, 2020 6:29:28 AM org.openqa.selenium.remote.Augmenter extractRemoteWebDriver
WARNING: Augmenter should be applied to the instances of @Augmentable classes or previously augmented instances only (instance class was: class org.openqa.selenium.chrome.ChromeDriver)
Sep 29, 2020 6:29:34 AM org.openqa.selenium.remote.Augmenter extractRemoteWebDriver
WARNING: Augmenter should be applied to the instances of @Augmentable classes or previously augmented instances only (instance class was: class org.openqa.selenium.chrome.ChromeDriver)
Sep 29, 2020 6:29:34 AM org.openqa.selenium.remote.Augmenter extractRemoteWebDriver
WARNING: Augmenter should be applied to the instances of @Augmentable classes or previously augmented instances only (instance class was: class org.openqa.selenium.chrome.ChromeDriver)
Sep 29, 2020 6:29:35 AM org.openqa.selenium.remote.Augmenter extractRemoteWebDriver
WARNING: Augmenter should be applied to the instances of @Augmentable classes or previously augmented instances only (instance class was: class org.openqa.selenium.chrome.ChromeDriver)
Sep 29, 2020 6:29:36 AM org.openqa.selenium.remote.Augmenter extractRemoteWebDriver
WARNING: Augmenter should be applied to the instances of @Augmentable classes or previously augmented instances only (instance class was: class org.openqa.selenium.chrome.ChromeDriver)
Sep 29, 2020 6:29:37 AM org.openqa.selenium.remote.Augmenter extractRemoteWebDriver
WARNING: Augmenter should be applied to the instances of @Augmentable classes or previously augmented instances only (instance class was: class org.openqa.selenium.chrome.ChromeDriver)
Sep 29, 2020 6:29:38 AM org.openqa.selenium.remote.Augmenter extractRemoteWebDriver
WARNING: Augmenter should be applied to the instances of @Augmentable classes or previously augmented instances only (instance class was: class org.openqa.selenium.chrome.ChromeDriver)
Sep 29, 2020 6:29:38 AM org.openqa.selenium.remote.Augmenter extractRemoteWebDriver
WARNING: Augmenter should be applied to the instances of @Augmentable classes or previously augmented instances only (instance class was: class org.openqa.selenium.chrome.ChromeDriver)
Sep 29, 2020 6:29:40 AM org.openqa.selenium.remote.Augmenter extractRemoteWebDriver
WARNING: Augmenter should be applied to the instances of @Augmentable classes or previously augmented instances only (instance class was: class org.openqa.selenium.chrome.ChromeDriver)
Sep 29, 2020 6:29:41 AM org.openqa.selenium.remote.Augmenter extractRemoteWebDriver
WARNING: Augmenter should be applied to the instances of @Augmentable classes or previously augmented instances only (instance class was: class org.openqa.selenium.chrome.ChromeDriver)
Sep 29, 2020 6:29:51 AM org.openqa.selenium.remote.Augmenter extractRemoteWebDriver
WARNING: Augmenter should be applied to the instances of @Augmentable classes or previously augmented instances only (instance class was: class org.openqa.selenium.chrome.ChromeDriver)
Sep 29, 2020 6:29:52 AM org.openqa.selenium.remote.Augmenter extractRemoteWebDriver
WARNING: Augmenter should be applied to the instances of @Augmentable classes or previously augmented instances only (instance class was: class org.openqa.selenium.chrome.ChromeDriver)
Sep 29, 2020 6:29:53 AM org.openqa.selenium.remote.Augmenter extractRemoteWebDriver
WARNING: Augmenter should be applied to the instances of @Augmentable classes or previously augmented instances only (instance class was: class org.openqa.selenium.chrome.ChromeDriver)
Sep 29, 2020 6:29:53 AM org.openqa.selenium.remote.Augmenter extractRemoteWebDriver
WARNING: Augmenter should be applied to the instances of @Augmentable classes or previously augmented instances only (instance class was: class org.openqa.selenium.chrome.ChromeDriver)
Sep 29, 2020 6:29:53 AM org.openqa.selenium.remote.Augmenter extractRemoteWebDriver
WARNING: Augmenter should be applied to the instances of @Augmentable classes or previously augmented instances only (instance class was: class org.openqa.selenium.chrome.ChromeDriver)
Sep 29, 2020 6:29:54 AM org.openqa.selenium.remote.Augmenter extractRemoteWebDriver
WARNING: Augmenter should be applied to the instances of @Augmentable classes or previously augmented instances only (instance class was: class org.openqa.selenium.chrome.ChromeDriver)
]]></system-err>
  </testcase>
  <testcase name="TC031" classname="com.cpcommunity.testScripts.community.TC031_Create_community_From_Global_Communities_page" time="105.593">
    <failure message="Expected condition failed: waiting for visibility of Proxy element for: AjaxElementLocator &apos;By.xpath: //*[contains(text(),&apos;MY ECOSYSTEM&apos;)]&apos; (tried for 30 second(s) with 500 milliseconds interval)" type="org.openqa.selenium.TimeoutException">org.openqa.selenium.TimeoutException: Expected condition failed: waiting for visibility of Proxy element for: AjaxElementLocator 'By.xpath: //*[contains(text(),'MY ECOSYSTEM')]' (tried for 30 second(s) with 500 milliseconds interval)
	at sun.reflect.GeneratedConstructorAccessor73.newInstance(Unknown Source)
	at sun.reflect.DelegatingConstructorAccessorImpl.newInstance(DelegatingConstructorAccessorImpl.java:45)
	at java.lang.reflect.Constructor.newInstance(Constructor.java:423)
	at org.openqa.selenium.remote.ErrorHandler.createThrowable(ErrorHandler.java:214)
	at org.openqa.selenium.remote.ErrorHandler.throwIfResponseFailed(ErrorHandler.java:166)
	at org.openqa.selenium.remote.http.JsonHttpResponseCodec.reconstructValue(JsonHttpResponseCodec.java:40)
	at org.openqa.selenium.remote.http.AbstractHttpResponseCodec.decode(AbstractHttpResponseCodec.java:80)
	at org.openqa.selenium.remote.http.AbstractHttpResponseCodec.decode(AbstractHttpResponseCodec.java:44)
	at org.openqa.selenium.remote.HttpCommandExecutor.execute(HttpCommandExecutor.java:158)
	at org.openqa.selenium.remote.service.DriverCommandExecutor.execute(DriverCommandExecutor.java:83)
	at org.openqa.selenium.remote.RemoteWebDriver.execute(RemoteWebDriver.java:548)
	at org.openqa.selenium.remote.RemoteWebDriver.findElement(RemoteWebDriver.java:322)
	at org.openqa.selenium.remote.RemoteWebDriver.findElementByXPath(RemoteWebDriver.java:424)
	at org.openqa.selenium.By$ByXPath.findElement(By.java:353)
	at org.openqa.selenium.remote.RemoteWebDriver.findElement(RemoteWebDriver.java:314)
	at org.openqa.selenium.support.pagefactory.DefaultElementLocator.findElement(DefaultElementLocator.java:69)
	at org.openqa.selenium.support.pagefactory.AjaxElementLocator.access$001(AjaxElementLocator.java:39)
	at org.openqa.selenium.support.pagefactory.AjaxElementLocator$SlowLoadingElement.isLoaded(AjaxElementLocator.java:194)
	at org.openqa.selenium.support.ui.SlowLoadableComponent.get(SlowLoadableComponent.java:78)
	at org.openqa.selenium.support.pagefactory.AjaxElementLocator.findElement(AjaxElementLocator.java:119)
	at org.openqa.selenium.support.pagefactory.internal.LocatingElementHandler.invoke(LocatingElementHandler.java:38)
	at com.sun.proxy.$Proxy9.isDisplayed(Unknown Source)
	at org.openqa.selenium.support.ui.ExpectedConditions.elementIfVisible(ExpectedConditions.java:315)
	at org.openqa.selenium.support.ui.ExpectedConditions.access$100(ExpectedConditions.java:44)
	at org.openqa.selenium.support.ui.ExpectedConditions$10.apply(ExpectedConditions.java:301)
	at org.openqa.selenium.support.ui.ExpectedConditions$10.apply(ExpectedConditions.java:298)
	at org.openqa.selenium.support.ui.FluentWait.until(FluentWait.java:260)
	at com.cpcommunity.PageObjects.BasePage.waitForElementToPresent(BasePage.java:175)
	at com.cpcommunity.PageObjects.EcoSystemPage.goToMyEcosystem(EcoSystemPage.java:116)
	at com.cpcommunity.testScripts.community.TC031_Create_community_From_Global_Communities_page.TC031(TC031_Create_community_From_Global_Communities_page.java:32)
</failure>
    <system-out><![CDATA[INFO    2020-09-29 06:29:58,746 [TestNG-test=Test1-5] com.cpcommunity.PageObjects.BasePage  - Typing in : email address entered the value as : andrew74444@gmail.com
INFO    2020-09-29 06:29:59,126 [TestNG-test=Test1-5] com.cpcommunity.PageObjects.BasePage  - Typing in : password entered the value as : Admin@123
INFO    2020-09-29 06:29:59,239 [TestNG-test=Test1-4] com.cpcommunity.testScripts.community.BaseTest  - Test Execution Completed !!!
Total rows are : 1167
Test case starts from row num: 946
Total rows of data are : 1
Total cols are : 45
@TestCase : TC175
INFO    2020-09-29 06:29:59,575 [TestNG-test=Test1-5] com.cpcommunity.PageObjects.BasePage  - Clicking on : Login
INFO    2020-09-29 06:29:59,587 [TestNG-test=Test1-4] com.cpcommunity.testScripts.community.BaseTest  - Inside Login Test
Launching : chrome
INFO    2020-09-29 06:29:59,804 [TestNG-test=Test1-2] com.cpcommunity.PageObjects.BasePage  - waiting for :[[ChromeDriver: chrome on XP (db8ed510c91dea42bcc71d6ae50e34fb)] -> xpath: //input[@placeholder='Search by Community Name']] for :18 seconds
INFO    2020-09-29 06:29:59,892 [TestNG-test=Test1-2] com.cpcommunity.PageObjects.BasePage  - [[ChromeDriver: chrome on XP (db8ed510c91dea42bcc71d6ae50e34fb)] -> xpath: //input[@placeholder='Search by Community Name']]is displayed
Date Format with dd MMMM yyyy : 29 Sep 2020
INFO    2020-09-29 06:30:00,444 [TestNG-test=Test1-1] com.cpcommunity.PageObjects.BasePage  - Typing in : Name entered the value as : Community 1 - 29 Sep 2020
INFO    2020-09-29 06:30:01,793 [TestNG-test=Test1-1] com.cpcommunity.PageObjects.BasePage  - Clicking on : btn Search
INFO    2020-09-29 06:30:02,403 [TestNG-test=Test1-2] com.cpcommunity.PageObjects.BasePage  - Typing in : Search by Community entered the value as : Co-next Works
INFO    2020-09-29 06:30:02,828 [TestNG-test=Test1-2] com.cpcommunity.PageObjects.BasePage  - Clicking on : search btn
ChromeDriver: chrome on XP (6e1fdf399d8b53f18d4b4d7008a15b91)
6e1fdf399d8b53f18d4b4d7008a15b91
INFO    2020-09-29 06:30:03,626 [TestNG-test=Test1-4] com.cpcommunity.testScripts.community.BaseTest  - Driver Initialized !!!
INFO    2020-09-29 06:30:09,343 [TestNG-test=Test1-2] com.cpcommunity.PageObjects.BasePage  - waiting for :[[ChromeDriver: chrome on XP (db8ed510c91dea42bcc71d6ae50e34fb)] -> xpath: //a[@tooltip='Co-next Works']] for :18 seconds
INFO    2020-09-29 06:30:09,485 [TestNG-test=Test1-2] com.cpcommunity.PageObjects.BasePage  - [[ChromeDriver: chrome on XP (db8ed510c91dea42bcc71d6ae50e34fb)] -> xpath: //a[@tooltip='Co-next Works']]is displayed
Page Opened
INFO    2020-09-29 06:30:09,530 [TestNG-test=Test1-5] com.cpcommunity.PageObjects.BasePage  - scrolling up vertically...
INFO    2020-09-29 06:30:11,386 [TestNG-test=Test1-1] com.cpcommunity.PageObjects.BasePage  - Clicking on : View btn
INFO    2020-09-29 06:30:11,621 [TestNG-test=Test1-1] com.cpcommunity.PageObjects.BasePage  - waiting for :[[ChromeDriver: chrome on XP (c0de9d0241626eb180a8db927a7c9dc6)] -> xpath: //input[@id='Name']] for :18 seconds
INFO    2020-09-29 06:30:11,925 [TestNG-test=Test1-2] com.cpcommunity.PageObjects.BasePage  - Clicking on : Manage
INFO    2020-09-29 06:30:12,480 [TestNG-test=Test1-1] com.cpcommunity.PageObjects.BasePage  - [[ChromeDriver: chrome on XP (c0de9d0241626eb180a8db927a7c9dc6)] -> xpath: //input[@id='Name']]is displayed
INFO    2020-09-29 06:30:14,512 [TestNG-test=Test1-1] com.cpcommunity.PageObjects.BasePage  - Clicking[[ChromeDriver: chrome on XP (c0de9d0241626eb180a8db927a7c9dc6)] -> xpath: //button[@id='btnApprove']]
INFO    2020-09-29 06:30:14,609 [TestNG-test=Test1-5] com.cpcommunity.PageObjects.BasePage  - Clicking on : view All
INFO    2020-09-29 06:30:16,578 [TestNG-test=Test1-1] com.cpcommunity.PageObjects.BasePage  - Clicked[[ChromeDriver: chrome on XP (c0de9d0241626eb180a8db927a7c9dc6)] -> xpath: //button[@id='btnApprove']]
INFO    2020-09-29 06:30:16,595 [TestNG-test=Test1-1] com.cpcommunity.PageObjects.BasePage  - waiting for :[[ChromeDriver: chrome on XP (c0de9d0241626eb180a8db927a7c9dc6)] -> xpath: //div[@class='bootbox modal fade bootbox-confirm in']//div[@class='modal-footer']//button[2]] for :18 seconds
INFO    2020-09-29 06:30:16,824 [TestNG-test=Test1-4] com.cpcommunity.PageObjects.BasePage  - scrolling up vertically...
INFO    2020-09-29 06:30:16,893 [TestNG-test=Test1-1] com.cpcommunity.PageObjects.BasePage  - [[ChromeDriver: chrome on XP (c0de9d0241626eb180a8db927a7c9dc6)] -> xpath: //div[@class='bootbox modal fade bootbox-confirm in']//div[@class='modal-footer']//button[2]]is displayed
INFO    2020-09-29 06:30:17,695 [TestNG-test=Test1-2] com.cpcommunity.PageObjects.BasePage  - waiting for :[[ChromeDriver: chrome on XP (db8ed510c91dea42bcc71d6ae50e34fb)] -> xpath: //h2[contains(text(),'Dashboard')]] for :18 seconds
INFO    2020-09-29 06:30:17,728 [TestNG-test=Test1-2] com.cpcommunity.PageObjects.BasePage  - [[ChromeDriver: chrome on XP (db8ed510c91dea42bcc71d6ae50e34fb)] -> xpath: //h2[contains(text(),'Dashboard')]]is displayed
INFO    2020-09-29 06:30:18,895 [TestNG-test=Test1-1] com.cpcommunity.PageObjects.BasePage  - Clicking on : Yes Proceed
INFO    2020-09-29 06:30:19,381 [TestNG-test=Test1-1] com.cpcommunity.PageObjects.BasePage  - waiting for :[[ChromeDriver: chrome on XP (c0de9d0241626eb180a8db927a7c9dc6)] -> xpath: //*[contains(text(),'Ok')]] for :18 seconds
INFO    2020-09-29 06:30:20,025 [TestNG-test=Test1-1] com.cpcommunity.PageObjects.BasePage  - [[ChromeDriver: chrome on XP (c0de9d0241626eb180a8db927a7c9dc6)] -> xpath: //*[contains(text(),'Ok')]]is displayed
INFO    2020-09-29 06:30:20,402 [TestNG-test=Test1-5] com.cpcommunity.PageObjects.BasePage  - scrolling up vertically...
INFO    2020-09-29 06:30:22,026 [TestNG-test=Test1-1] com.cpcommunity.PageObjects.BasePage  - Clicking on : Ok Btn
INFO    2020-09-29 06:30:22,052 [TestNG-test=Test1-4] com.cpcommunity.PageObjects.BasePage  - waiting for :[[ChromeDriver: chrome on XP (6e1fdf399d8b53f18d4b4d7008a15b91)] -> xpath: //a[contains(.,'Login')]] for :18 seconds
INFO    2020-09-29 06:30:22,130 [TestNG-test=Test1-4] com.cpcommunity.PageObjects.BasePage  - [[ChromeDriver: chrome on XP (6e1fdf399d8b53f18d4b4d7008a15b91)] -> xpath: //a[contains(.,'Login')]]is displayed
INFO    2020-09-29 06:30:24,326 [TestNG-test=Test1-2] com.cpcommunity.PageObjects.BasePage  - scrolling up vertically...
INFO    2020-09-29 06:30:25,131 [TestNG-test=Test1-4] com.cpcommunity.PageObjects.BasePage  - Clicking on : LOGIN
ChromeDriver: chrome on XP (6e1fdf399d8b53f18d4b4d7008a15b91)Login Page
INFO    2020-09-29 06:30:28,603 [TestNG-test=Test1-1] com.cpcommunity.PageObjects.BasePage  - Clicking on : System Admin Menu Drop down
INFO    2020-09-29 06:30:29,189 [TestNG-test=Test1-1] com.cpcommunity.PageObjects.BasePage  - waiting for :[[ChromeDriver: chrome on XP (c0de9d0241626eb180a8db927a7c9dc6)] -> xpath: //*[contains(text(),'Logout')]] for :18 seconds
INFO    2020-09-29 06:30:29,238 [TestNG-test=Test1-1] com.cpcommunity.PageObjects.BasePage  - [[ChromeDriver: chrome on XP (c0de9d0241626eb180a8db927a7c9dc6)] -> xpath: //*[contains(text(),'Logout')]]is displayed
INFO    2020-09-29 06:30:29,336 [TestNG-test=Test1-2] com.cpcommunity.PageObjects.BasePage  - Clicking on : payment Gateways
INFO    2020-09-29 06:30:30,947 [TestNG-test=Test1-4] com.cpcommunity.PageObjects.BasePage  - scrolling up vertically...
INFO    2020-09-29 06:30:31,239 [TestNG-test=Test1-1] com.cpcommunity.PageObjects.BasePage  - Clicking on : logout
INFO    2020-09-29 06:30:32,602 [TestNG-test=Test1-5] com.cpcommunity.PageObjects.BasePage  - scrolling up vertically...
INFO    2020-09-29 06:30:35,967 [TestNG-test=Test1-4] com.cpcommunity.PageObjects.BasePage  - Typing in : email address entered the value as : andrew74444@gmail.com
INFO    2020-09-29 06:30:36,440 [TestNG-test=Test1-4] com.cpcommunity.PageObjects.BasePage  - Typing in : password entered the value as : Admin@123
INFO    2020-09-29 06:30:36,646 [TestNG-test=Test1-4] com.cpcommunity.PageObjects.BasePage  - Clicking on : Login
Date Format with dd MMMM yyyy : 29 Sep 2020
INFO    2020-09-29 06:30:37,763 [TestNG-test=Test1-5] com.cpcommunity.PageObjects.BasePage  - Typing in : Name entered the value as : Community - 2 29 Sep 2020
INFO    2020-09-29 06:30:38,135 [TestNG-test=Test1-2] com.cpcommunity.PageObjects.BasePage  - scrolling up vertically...
INFO    2020-09-29 06:30:39,695 [TestNG-test=Test1-1] com.cpcommunity.PageObjects.BasePage  - scrolling up vertically...
INFO    2020-09-29 06:30:40,345 [TestNG-test=Test1-5] com.cpcommunity.PageObjects.BasePage  - Typing in : CommunityAbout entered the value as : Please check back soon
INFO    2020-09-29 06:30:42,675 [TestNG-test=Test1-5] com.cpcommunity.PageObjects.BasePage  - selectUsingIndex and index is: 26
INFO    2020-09-29 06:30:42,967 [TestNG-test=Test1-5] com.cpcommunity.PageObjects.BasePage  - Selecting the +CommunityType+ value as : Public
INFO    2020-09-29 06:30:43,511 [TestNG-test=Test1-2] com.cpcommunity.PageObjects.BasePage  - waiting for :[[ChromeDriver: chrome on XP (db8ed510c91dea42bcc71d6ae50e34fb)] -> xpath: //*[contains(text(),'InActivate')]] for :18 seconds
INFO    2020-09-29 06:30:43,570 [TestNG-test=Test1-2] com.cpcommunity.PageObjects.BasePage  - [[ChromeDriver: chrome on XP (db8ed510c91dea42bcc71d6ae50e34fb)] -> xpath: //*[contains(text(),'InActivate')]]is displayed
INFO    2020-09-29 06:30:43,604 [TestNG-test=Test1-5] com.cpcommunity.PageObjects.BasePage  - Clicking on : Create btn
INFO    2020-09-29 06:30:44,822 [TestNG-test=Test1-1] com.cpcommunity.PageObjects.BasePage  - waiting for :[[ChromeDriver: chrome on XP (c0de9d0241626eb180a8db927a7c9dc6)] -> xpath: //a[contains(.,'Login')]] for :18 seconds
INFO    2020-09-29 06:30:44,902 [TestNG-test=Test1-1] com.cpcommunity.PageObjects.BasePage  - [[ChromeDriver: chrome on XP (c0de9d0241626eb180a8db927a7c9dc6)] -> xpath: //a[contains(.,'Login')]]is displayed
INFO    2020-09-29 06:30:45,477 [TestNG-test=Test1-4] com.cpcommunity.PageObjects.BasePage  - scrolling up vertically...
INFO    2020-09-29 06:30:46,000 [TestNG-test=Test1-2] com.cpcommunity.PageObjects.BasePage  - waiting for :[[ChromeDriver: chrome on XP (db8ed510c91dea42bcc71d6ae50e34fb)] -> xpath: //button[contains(.,'Ok')]] for :18 seconds
INFO    2020-09-29 06:30:46,009 [TestNG-test=Test1-5] com.cpcommunity.PageObjects.BasePage  - waiting for :[[ChromeDriver: chrome on XP (28801acbea85ffafa6d6853fe59dfccf)] -> xpath: //button[contains(.,'Ok')]] for :18 seconds
INFO    2020-09-29 06:30:46,092 [TestNG-test=Test1-2] com.cpcommunity.PageObjects.BasePage  - [[ChromeDriver: chrome on XP (db8ed510c91dea42bcc71d6ae50e34fb)] -> xpath: //button[contains(.,'Ok')]]is displayed
INFO    2020-09-29 06:30:46,094 [TestNG-test=Test1-5] com.cpcommunity.PageObjects.BasePage  - [[ChromeDriver: chrome on XP (28801acbea85ffafa6d6853fe59dfccf)] -> xpath: //button[contains(.,'Ok')]]is displayed
INFO    2020-09-29 06:30:47,902 [TestNG-test=Test1-1] com.cpcommunity.PageObjects.BasePage  - Clicking on : LOGIN
INFO    2020-09-29 06:30:48,208 [TestNG-test=Test1-5] com.cpcommunity.PageObjects.BasePage  - Clicking on : Ok Btn
INFO    2020-09-29 06:30:48,408 [TestNG-test=Test1-2] com.cpcommunity.PageObjects.BasePage  - waiting for :[[ChromeDriver: chrome on XP (db8ed510c91dea42bcc71d6ae50e34fb)] -> xpath: //*[contains(text(),'InActivate')]] for :18 seconds
INFO    2020-09-29 06:30:48,494 [TestNG-test=Test1-2] com.cpcommunity.PageObjects.BasePage  - [[ChromeDriver: chrome on XP (db8ed510c91dea42bcc71d6ae50e34fb)] -> xpath: //*[contains(text(),'InActivate')]]is displayed
ChromeDriver: chrome on XP (c0de9d0241626eb180a8db927a7c9dc6)Login Page
INFO    2020-09-29 06:30:50,624 [TestNG-test=Test1-4] com.cpcommunity.PageObjects.BasePage  - Clicking on : view All
INFO    2020-09-29 06:30:51,406 [TestNG-test=Test1-2] com.cpcommunity.PageObjects.BasePage  - waiting for :[[ChromeDriver: chrome on XP (db8ed510c91dea42bcc71d6ae50e34fb)] -> xpath: //button[contains(.,'Ok')]] for :18 seconds
INFO    2020-09-29 06:30:51,528 [TestNG-test=Test1-2] com.cpcommunity.PageObjects.BasePage  - [[ChromeDriver: chrome on XP (db8ed510c91dea42bcc71d6ae50e34fb)] -> xpath: //button[contains(.,'Ok')]]is displayed
INFO    2020-09-29 06:30:54,176 [TestNG-test=Test1-1] com.cpcommunity.PageObjects.BasePage  - scrolling up vertically...
INFO    2020-09-29 06:30:56,319 [TestNG-test=Test1-4] com.cpcommunity.PageObjects.BasePage  - scrolling up vertically...
INFO    2020-09-29 06:30:58,239 [TestNG-test=Test1-2] com.cpcommunity.PageObjects.BasePage  - scrolling up vertically...
INFO    2020-09-29 06:30:59,189 [TestNG-test=Test1-1] com.cpcommunity.PageObjects.BasePage  - Typing in : email address entered the value as : andrew74444@gmail.com
INFO    2020-09-29 06:30:59,538 [TestNG-test=Test1-1] com.cpcommunity.PageObjects.BasePage  - Typing in : password entered the value as : Admin@123
INFO    2020-09-29 06:30:59,707 [TestNG-test=Test1-1] com.cpcommunity.PageObjects.BasePage  - Clicking on : Login
INFO    2020-09-29 06:31:04,055 [TestNG-test=Test1-2] com.cpcommunity.PageObjects.BasePage  - waiting for :[[ChromeDriver: chrome on XP (db8ed510c91dea42bcc71d6ae50e34fb)] -> xpath: //button[contains(.,'Ok')]] for :18 seconds
INFO    2020-09-29 06:31:04,168 [TestNG-test=Test1-2] com.cpcommunity.PageObjects.BasePage  - [[ChromeDriver: chrome on XP (db8ed510c91dea42bcc71d6ae50e34fb)] -> xpath: //button[contains(.,'Ok')]]is displayed
INFO    2020-09-29 06:31:05,574 [TestNG-test=Test1-5] com.cpcommunity.PageObjects.BasePage  - scrolling up vertically...
INFO    2020-09-29 06:31:07,708 [TestNG-test=Test1-1] com.cpcommunity.PageObjects.BasePage  - scrolling up vertically...
INFO    2020-09-29 06:31:08,602 [TestNG-test=Test1-4] com.cpcommunity.PageObjects.BasePage  - scrolling up vertically...
INFO    2020-09-29 06:31:11,317 [TestNG-test=Test1-5] com.cpcommunity.PageObjects.BasePage  - waiting for :[[ChromeDriver: chrome on XP (28801acbea85ffafa6d6853fe59dfccf)] -> xpath: //a[contains(text(),'Logout')]] for :18 seconds
INFO    2020-09-29 06:31:11,416 [TestNG-test=Test1-5] com.cpcommunity.PageObjects.BasePage  - [[ChromeDriver: chrome on XP (28801acbea85ffafa6d6853fe59dfccf)] -> xpath: //a[contains(text(),'Logout')]]is displayed
INFO    2020-09-29 06:31:12,756 [TestNG-test=Test1-1] com.cpcommunity.PageObjects.BasePage  - Clicking on : view All
Date Format with dd MMMM yyyy : 29 Sep 2020
INFO    2020-09-29 06:31:13,819 [TestNG-test=Test1-4] com.cpcommunity.PageObjects.BasePage  - Typing in : Name entered the value as : Community 2 - 29 Sep 2020
INFO    2020-09-29 06:31:14,721 [TestNG-test=Test1-2] com.cpcommunity.PageObjects.BasePage  - scrolling up vertically...
INFO    2020-09-29 06:31:15,977 [TestNG-test=Test1-4] com.cpcommunity.PageObjects.BasePage  - Typing in : CommunityAbout entered the value as : Please check back soon
INFO    2020-09-29 06:31:17,993 [TestNG-test=Test1-4] com.cpcommunity.PageObjects.BasePage  - selectUsingIndex and index is: 26
INFO    2020-09-29 06:31:18,126 [TestNG-test=Test1-1] com.cpcommunity.PageObjects.BasePage  - scrolling up vertically...
INFO    2020-09-29 06:31:18,319 [TestNG-test=Test1-4] com.cpcommunity.PageObjects.BasePage  - Selecting the +CommunityType+ value as : Public
INFO    2020-09-29 06:31:18,943 [TestNG-test=Test1-4] com.cpcommunity.PageObjects.BasePage  - Clicking on : Create btn
INFO    2020-09-29 06:31:21,308 [TestNG-test=Test1-4] com.cpcommunity.PageObjects.BasePage  - waiting for :[[ChromeDriver: chrome on XP (6e1fdf399d8b53f18d4b4d7008a15b91)] -> xpath: //button[contains(.,'Ok')]] for :18 seconds
INFO    2020-09-29 06:31:21,377 [TestNG-test=Test1-4] com.cpcommunity.PageObjects.BasePage  - [[ChromeDriver: chrome on XP (6e1fdf399d8b53f18d4b4d7008a15b91)] -> xpath: //button[contains(.,'Ok')]]is displayed
INFO    2020-09-29 06:31:22,056 [TestNG-test=Test1-5] com.cpcommunity.PageObjects.BasePage  - scrolling up vertically...
Date Format with dd MMMM yyyy : 29 Sep 2020
INFO    2020-09-29 06:31:23,199 [TestNG-test=Test1-1] com.cpcommunity.PageObjects.BasePage  - waiting for :[[ChromeDriver: chrome on XP (c0de9d0241626eb180a8db927a7c9dc6)] -> xpath: //input[@placeholder='Search by Community Name']] for :18 seconds
INFO    2020-09-29 06:31:23,235 [TestNG-test=Test1-1] com.cpcommunity.PageObjects.BasePage  - [[ChromeDriver: chrome on XP (c0de9d0241626eb180a8db927a7c9dc6)] -> xpath: //input[@placeholder='Search by Community Name']]is displayed
INFO    2020-09-29 06:31:23,437 [TestNG-test=Test1-4] com.cpcommunity.PageObjects.BasePage  - Clicking on : Ok Btn
INFO    2020-09-29 06:31:24,497 [TestNG-test=Test1-2] com.cpcommunity.PageObjects.BasePage  - scrolling up vertically...
INFO    2020-09-29 06:31:25,563 [TestNG-test=Test1-1] com.cpcommunity.PageObjects.BasePage  - Typing in : Search by Community entered the value as : Community 1 - 29 Sep 2020
INFO    2020-09-29 06:31:25,870 [TestNG-test=Test1-1] com.cpcommunity.PageObjects.BasePage  - Clicking on : search btn
INFO    2020-09-29 06:31:27,106 [TestNG-test=Test1-5] com.cpcommunity.PageObjects.BasePage  - waiting for :[[ChromeDriver: chrome on XP (28801acbea85ffafa6d6853fe59dfccf)] -> xpath: //a[contains(.,'Login')]] for :18 seconds
INFO    2020-09-29 06:31:27,141 [TestNG-test=Test1-5] com.cpcommunity.PageObjects.BasePage  - [[ChromeDriver: chrome on XP (28801acbea85ffafa6d6853fe59dfccf)] -> xpath: //a[contains(.,'Login')]]is displayed
INFO    2020-09-29 06:31:29,509 [TestNG-test=Test1-2] com.cpcommunity.PageObjects.BasePage  - Clicking on : toggle On
INFO    2020-09-29 06:31:30,056 [TestNG-test=Test1-2] com.cpcommunity.PageObjects.BasePage  - waiting for :[[ChromeDriver: chrome on XP (db8ed510c91dea42bcc71d6ae50e34fb)] -> xpath: //button[contains(.,'Ok')]] for :18 seconds
INFO    2020-09-29 06:31:30,142 [TestNG-test=Test1-5] com.cpcommunity.PageObjects.BasePage  - Clicking on : LOGIN
INFO    2020-09-29 06:31:30,607 [TestNG-test=Test1-2] com.cpcommunity.PageObjects.BasePage  - [[ChromeDriver: chrome on XP (db8ed510c91dea42bcc71d6ae50e34fb)] -> xpath: //button[contains(.,'Ok')]]is displayed
ChromeDriver: chrome on XP (28801acbea85ffafa6d6853fe59dfccf)Login Page
INFO    2020-09-29 06:31:32,006 [TestNG-test=Test1-1] com.cpcommunity.PageObjects.BasePage  - waiting for :[[ChromeDriver: chrome on XP (c0de9d0241626eb180a8db927a7c9dc6)] -> xpath: //a[@tooltip='Community 1 - 29 Sep 2020']] for :18 seconds
INFO    2020-09-29 06:31:32,024 [TestNG-test=Test1-1] com.cpcommunity.PageObjects.BasePage  - [[ChromeDriver: chrome on XP (c0de9d0241626eb180a8db927a7c9dc6)] -> xpath: //a[@tooltip='Community 1 - 29 Sep 2020']]is displayed
INFO    2020-09-29 06:31:34,352 [TestNG-test=Test1-1] com.cpcommunity.PageObjects.BasePage  - Clicking on : complete Set up Community
INFO    2020-09-29 06:31:34,458 [TestNG-test=Test1-5] com.cpcommunity.PageObjects.BasePage  - scrolling up vertically...
ChromeDriver: chrome on XP (c0de9d0241626eb180a8db927a7c9dc6)Select the Plan Page
INFO    2020-09-29 06:31:38,073 [TestNG-test=Test1-4] com.cpcommunity.PageObjects.BasePage  - scrolling up vertically...
INFO    2020-09-29 06:31:39,472 [TestNG-test=Test1-5] com.cpcommunity.PageObjects.BasePage  - Typing in : email address entered the value as : connectproemqa@gmail.com
INFO    2020-09-29 06:31:39,854 [TestNG-test=Test1-5] com.cpcommunity.PageObjects.BasePage  - Typing in : password entered the value as : Admin@123
INFO    2020-09-29 06:31:40,053 [TestNG-test=Test1-5] com.cpcommunity.PageObjects.BasePage  - Clicking on : Login
INFO    2020-09-29 06:31:40,810 [TestNG-test=Test1-2] com.cpcommunity.PageObjects.BasePage  - scrolling up vertically...
INFO    2020-09-29 06:31:43,814 [TestNG-test=Test1-4] com.cpcommunity.PageObjects.BasePage  - waiting for :[[ChromeDriver: chrome on XP (6e1fdf399d8b53f18d4b4d7008a15b91)] -> xpath: //a[contains(text(),'Logout')]] for :18 seconds
INFO    2020-09-29 06:31:43,859 [TestNG-test=Test1-4] com.cpcommunity.PageObjects.BasePage  - [[ChromeDriver: chrome on XP (6e1fdf399d8b53f18d4b4d7008a15b91)] -> xpath: //a[contains(text(),'Logout')]]is displayed
]]></system-out>
    <system-err><![CDATA[Starting ChromeDriver 2.38.552522 (437e6fbedfa8762dec75e2c5b3ddb86763dc9dcb) on port 35927
Only local connections are allowed.
Sep 29, 2020 6:30:03 AM org.openqa.selenium.remote.ProtocolHandshake createSession
INFO: Detected dialect: OSS
Sep 29, 2020 6:30:04 AM org.openqa.selenium.remote.Augmenter extractRemoteWebDriver
WARNING: Augmenter should be applied to the instances of @Augmentable classes or previously augmented instances only (instance class was: class org.openqa.selenium.chrome.ChromeDriver)
Sep 29, 2020 6:30:06 AM org.openqa.selenium.remote.Augmenter extractRemoteWebDriver
WARNING: Augmenter should be applied to the instances of @Augmentable classes or previously augmented instances only (instance class was: class org.openqa.selenium.chrome.ChromeDriver)
Sep 29, 2020 6:30:07 AM org.openqa.selenium.remote.Augmenter extractRemoteWebDriver
WARNING: Augmenter should be applied to the instances of @Augmentable classes or previously augmented instances only (instance class was: class org.openqa.selenium.chrome.ChromeDriver)
Sep 29, 2020 6:30:10 AM org.openqa.selenium.remote.Augmenter extractRemoteWebDriver
WARNING: Augmenter should be applied to the instances of @Augmentable classes or previously augmented instances only (instance class was: class org.openqa.selenium.chrome.ChromeDriver)
Sep 29, 2020 6:30:13 AM org.openqa.selenium.remote.Augmenter extractRemoteWebDriver
WARNING: Augmenter should be applied to the instances of @Augmentable classes or previously augmented instances only (instance class was: class org.openqa.selenium.chrome.ChromeDriver)
Sep 29, 2020 6:30:14 AM org.openqa.selenium.remote.Augmenter extractRemoteWebDriver
WARNING: Augmenter should be applied to the instances of @Augmentable classes or previously augmented instances only (instance class was: class org.openqa.selenium.chrome.ChromeDriver)
Sep 29, 2020 6:30:18 AM org.openqa.selenium.remote.Augmenter extractRemoteWebDriver
WARNING: Augmenter should be applied to the instances of @Augmentable classes or previously augmented instances only (instance class was: class org.openqa.selenium.chrome.ChromeDriver)
Sep 29, 2020 6:30:19 AM org.openqa.selenium.remote.Augmenter extractRemoteWebDriver
WARNING: Augmenter should be applied to the instances of @Augmentable classes or previously augmented instances only (instance class was: class org.openqa.selenium.chrome.ChromeDriver)
Sep 29, 2020 6:30:20 AM org.openqa.selenium.remote.Augmenter extractRemoteWebDriver
WARNING: Augmenter should be applied to the instances of @Augmentable classes or previously augmented instances only (instance class was: class org.openqa.selenium.chrome.ChromeDriver)
Sep 29, 2020 6:30:22 AM org.openqa.selenium.remote.Augmenter extractRemoteWebDriver
WARNING: Augmenter should be applied to the instances of @Augmentable classes or previously augmented instances only (instance class was: class org.openqa.selenium.chrome.ChromeDriver)
Sep 29, 2020 6:30:23 AM org.openqa.selenium.remote.Augmenter extractRemoteWebDriver
WARNING: Augmenter should be applied to the instances of @Augmentable classes or previously augmented instances only (instance class was: class org.openqa.selenium.chrome.ChromeDriver)
Sep 29, 2020 6:30:28 AM org.openqa.selenium.remote.Augmenter extractRemoteWebDriver
WARNING: Augmenter should be applied to the instances of @Augmentable classes or previously augmented instances only (instance class was: class org.openqa.selenium.chrome.ChromeDriver)
Sep 29, 2020 6:30:30 AM org.openqa.selenium.remote.Augmenter extractRemoteWebDriver
WARNING: Augmenter should be applied to the instances of @Augmentable classes or previously augmented instances only (instance class was: class org.openqa.selenium.chrome.ChromeDriver)
Sep 29, 2020 6:30:30 AM org.openqa.selenium.remote.Augmenter extractRemoteWebDriver
WARNING: Augmenter should be applied to the instances of @Augmentable classes or previously augmented instances only (instance class was: class org.openqa.selenium.chrome.ChromeDriver)
Sep 29, 2020 6:30:31 AM org.openqa.selenium.remote.Augmenter extractRemoteWebDriver
WARNING: Augmenter should be applied to the instances of @Augmentable classes or previously augmented instances only (instance class was: class org.openqa.selenium.chrome.ChromeDriver)
Sep 29, 2020 6:30:34 AM org.openqa.selenium.remote.Augmenter extractRemoteWebDriver
WARNING: Augmenter should be applied to the instances of @Augmentable classes or previously augmented instances only (instance class was: class org.openqa.selenium.chrome.ChromeDriver)
Sep 29, 2020 6:30:35 AM org.openqa.selenium.remote.Augmenter extractRemoteWebDriver
WARNING: Augmenter should be applied to the instances of @Augmentable classes or previously augmented instances only (instance class was: class org.openqa.selenium.chrome.ChromeDriver)
Sep 29, 2020 6:30:36 AM org.openqa.selenium.remote.Augmenter extractRemoteWebDriver
WARNING: Augmenter should be applied to the instances of @Augmentable classes or previously augmented instances only (instance class was: class org.openqa.selenium.chrome.ChromeDriver)
Sep 29, 2020 6:30:37 AM org.openqa.selenium.remote.Augmenter extractRemoteWebDriver
WARNING: Augmenter should be applied to the instances of @Augmentable classes or previously augmented instances only (instance class was: class org.openqa.selenium.chrome.ChromeDriver)
Sep 29, 2020 6:30:37 AM org.openqa.selenium.remote.Augmenter extractRemoteWebDriver
WARNING: Augmenter should be applied to the instances of @Augmentable classes or previously augmented instances only (instance class was: class org.openqa.selenium.chrome.ChromeDriver)
Sep 29, 2020 6:30:41 AM org.openqa.selenium.remote.Augmenter extractRemoteWebDriver
WARNING: Augmenter should be applied to the instances of @Augmentable classes or previously augmented instances only (instance class was: class org.openqa.selenium.chrome.ChromeDriver)
Sep 29, 2020 6:30:42 AM org.openqa.selenium.remote.Augmenter extractRemoteWebDriver
WARNING: Augmenter should be applied to the instances of @Augmentable classes or previously augmented instances only (instance class was: class org.openqa.selenium.chrome.ChromeDriver)
Sep 29, 2020 6:30:44 AM org.openqa.selenium.remote.Augmenter extractRemoteWebDriver
WARNING: Augmenter should be applied to the instances of @Augmentable classes or previously augmented instances only (instance class was: class org.openqa.selenium.chrome.ChromeDriver)
Sep 29, 2020 6:30:52 AM org.openqa.selenium.remote.Augmenter extractRemoteWebDriver
WARNING: Augmenter should be applied to the instances of @Augmentable classes or previously augmented instances only (instance class was: class org.openqa.selenium.chrome.ChromeDriver)
Sep 29, 2020 6:30:53 AM org.openqa.selenium.remote.Augmenter extractRemoteWebDriver
WARNING: Augmenter should be applied to the instances of @Augmentable classes or previously augmented instances only (instance class was: class org.openqa.selenium.chrome.ChromeDriver)
Sep 29, 2020 6:30:54 AM org.openqa.selenium.remote.Augmenter extractRemoteWebDriver
WARNING: Augmenter should be applied to the instances of @Augmentable classes or previously augmented instances only (instance class was: class org.openqa.selenium.chrome.ChromeDriver)
Sep 29, 2020 6:30:55 AM org.openqa.selenium.remote.Augmenter extractRemoteWebDriver
WARNING: Augmenter should be applied to the instances of @Augmentable classes or previously augmented instances only (instance class was: class org.openqa.selenium.chrome.ChromeDriver)
Sep 29, 2020 6:30:56 AM org.openqa.selenium.remote.Augmenter extractRemoteWebDriver
WARNING: Augmenter should be applied to the instances of @Augmentable classes or previously augmented instances only (instance class was: class org.openqa.selenium.chrome.ChromeDriver)
Sep 29, 2020 6:30:57 AM org.openqa.selenium.remote.Augmenter extractRemoteWebDriver
WARNING: Augmenter should be applied to the instances of @Augmentable classes or previously augmented instances only (instance class was: class org.openqa.selenium.chrome.ChromeDriver)
Sep 29, 2020 6:31:02 AM org.openqa.selenium.remote.Augmenter extractRemoteWebDriver
WARNING: Augmenter should be applied to the instances of @Augmentable classes or previously augmented instances only (instance class was: class org.openqa.selenium.chrome.ChromeDriver)
Sep 29, 2020 6:31:03 AM org.openqa.selenium.remote.Augmenter extractRemoteWebDriver
WARNING: Augmenter should be applied to the instances of @Augmentable classes or previously augmented instances only (instance class was: class org.openqa.selenium.chrome.ChromeDriver)
Sep 29, 2020 6:31:04 AM org.openqa.selenium.remote.Augmenter extractRemoteWebDriver
WARNING: Augmenter should be applied to the instances of @Augmentable classes or previously augmented instances only (instance class was: class org.openqa.selenium.chrome.ChromeDriver)
Sep 29, 2020 6:31:05 AM org.openqa.selenium.remote.Augmenter extractRemoteWebDriver
WARNING: Augmenter should be applied to the instances of @Augmentable classes or previously augmented instances only (instance class was: class org.openqa.selenium.chrome.ChromeDriver)
Sep 29, 2020 6:31:06 AM org.openqa.selenium.remote.Augmenter extractRemoteWebDriver
WARNING: Augmenter should be applied to the instances of @Augmentable classes or previously augmented instances only (instance class was: class org.openqa.selenium.chrome.ChromeDriver)
Sep 29, 2020 6:31:06 AM org.openqa.selenium.remote.Augmenter extractRemoteWebDriver
WARNING: Augmenter should be applied to the instances of @Augmentable classes or previously augmented instances only (instance class was: class org.openqa.selenium.chrome.ChromeDriver)
Sep 29, 2020 6:31:08 AM org.openqa.selenium.remote.Augmenter extractRemoteWebDriver
WARNING: Augmenter should be applied to the instances of @Augmentable classes or previously augmented instances only (instance class was: class org.openqa.selenium.chrome.ChromeDriver)
Sep 29, 2020 6:31:12 AM org.openqa.selenium.remote.Augmenter extractRemoteWebDriver
WARNING: Augmenter should be applied to the instances of @Augmentable classes or previously augmented instances only (instance class was: class org.openqa.selenium.chrome.ChromeDriver)
Sep 29, 2020 6:31:14 AM org.openqa.selenium.remote.Augmenter extractRemoteWebDriver
WARNING: Augmenter should be applied to the instances of @Augmentable classes or previously augmented instances only (instance class was: class org.openqa.selenium.chrome.ChromeDriver)
Sep 29, 2020 6:31:15 AM org.openqa.selenium.remote.Augmenter extractRemoteWebDriver
WARNING: Augmenter should be applied to the instances of @Augmentable classes or previously augmented instances only (instance class was: class org.openqa.selenium.chrome.ChromeDriver)
Sep 29, 2020 6:31:17 AM org.openqa.selenium.remote.Augmenter extractRemoteWebDriver
WARNING: Augmenter should be applied to the instances of @Augmentable classes or previously augmented instances only (instance class was: class org.openqa.selenium.chrome.ChromeDriver)
Sep 29, 2020 6:31:17 AM org.openqa.selenium.remote.Augmenter extractRemoteWebDriver
WARNING: Augmenter should be applied to the instances of @Augmentable classes or previously augmented instances only (instance class was: class org.openqa.selenium.chrome.ChromeDriver)
Sep 29, 2020 6:31:19 AM org.openqa.selenium.remote.Augmenter extractRemoteWebDriver
WARNING: Augmenter should be applied to the instances of @Augmentable classes or previously augmented instances only (instance class was: class org.openqa.selenium.chrome.ChromeDriver)
Sep 29, 2020 6:31:21 AM org.openqa.selenium.remote.Augmenter extractRemoteWebDriver
WARNING: Augmenter should be applied to the instances of @Augmentable classes or previously augmented instances only (instance class was: class org.openqa.selenium.chrome.ChromeDriver)
Sep 29, 2020 6:31:22 AM org.openqa.selenium.remote.Augmenter extractRemoteWebDriver
WARNING: Augmenter should be applied to the instances of @Augmentable classes or previously augmented instances only (instance class was: class org.openqa.selenium.chrome.ChromeDriver)
Sep 29, 2020 6:31:23 AM org.openqa.selenium.remote.Augmenter extractRemoteWebDriver
WARNING: Augmenter should be applied to the instances of @Augmentable classes or previously augmented instances only (instance class was: class org.openqa.selenium.chrome.ChromeDriver)
Sep 29, 2020 6:31:32 AM org.openqa.selenium.remote.Augmenter extractRemoteWebDriver
WARNING: Augmenter should be applied to the instances of @Augmentable classes or previously augmented instances only (instance class was: class org.openqa.selenium.chrome.ChromeDriver)
Sep 29, 2020 6:31:33 AM org.openqa.selenium.remote.Augmenter extractRemoteWebDriver
WARNING: Augmenter should be applied to the instances of @Augmentable classes or previously augmented instances only (instance class was: class org.openqa.selenium.chrome.ChromeDriver)
Sep 29, 2020 6:31:35 AM org.openqa.selenium.remote.Augmenter extractRemoteWebDriver
WARNING: Augmenter should be applied to the instances of @Augmentable classes or previously augmented instances only (instance class was: class org.openqa.selenium.chrome.ChromeDriver)
Sep 29, 2020 6:31:37 AM org.openqa.selenium.remote.Augmenter extractRemoteWebDriver
WARNING: Augmenter should be applied to the instances of @Augmentable classes or previously augmented instances only (instance class was: class org.openqa.selenium.chrome.ChromeDriver)
Sep 29, 2020 6:31:38 AM org.openqa.selenium.remote.Augmenter extractRemoteWebDriver
WARNING: Augmenter should be applied to the instances of @Augmentable classes or previously augmented instances only (instance class was: class org.openqa.selenium.chrome.ChromeDriver)
Sep 29, 2020 6:31:40 AM org.openqa.selenium.remote.Augmenter extractRemoteWebDriver
WARNING: Augmenter should be applied to the instances of @Augmentable classes or previously augmented instances only (instance class was: class org.openqa.selenium.chrome.ChromeDriver)
Sep 29, 2020 6:31:40 AM org.openqa.selenium.remote.Augmenter extractRemoteWebDriver
WARNING: Augmenter should be applied to the instances of @Augmentable classes or previously augmented instances only (instance class was: class org.openqa.selenium.chrome.ChromeDriver)
Sep 29, 2020 6:31:41 AM org.openqa.selenium.remote.Augmenter extractRemoteWebDriver
WARNING: Augmenter should be applied to the instances of @Augmentable classes or previously augmented instances only (instance class was: class org.openqa.selenium.chrome.ChromeDriver)
Sep 29, 2020 6:31:43 AM org.openqa.selenium.remote.Augmenter extractRemoteWebDriver
WARNING: Augmenter should be applied to the instances of @Augmentable classes or previously augmented instances only (instance class was: class org.openqa.selenium.chrome.ChromeDriver)
Sep 29, 2020 6:31:43 AM org.openqa.selenium.remote.Augmenter extractRemoteWebDriver
WARNING: Augmenter should be applied to the instances of @Augmentable classes or previously augmented instances only (instance class was: class org.openqa.selenium.chrome.ChromeDriver)
Sep 29, 2020 6:31:44 AM org.openqa.selenium.remote.Augmenter extractRemoteWebDriver
WARNING: Augmenter should be applied to the instances of @Augmentable classes or previously augmented instances only (instance class was: class org.openqa.selenium.chrome.ChromeDriver)
]]></system-err>
  </testcase>
  <testcase name="TC092" classname="com.cpcommunity.testScripts.community.TC092_InActivate_PayMent_Gateways" time="106.396"/>
  <testcase name="TC117" classname="com.cpcommunity.testScripts.community.TC117_Send_Connection_From_Member_Directory" time="77.357"/>
  <testcase name="TC115" classname="com.cpcommunity.testScripts.community.TC115_SendMessages" time="105.717"/>
  <testcase name="TC118" classname="com.cpcommunity.testScripts.community.TC118_Send_Connection_From_Community_Details_Page" time="5.782"/>
  <testcase name="TC015" classname="com.cpcommunity.testScripts.myprofiletestcases.TC015_Verify_User_Is_Able_To_Update_Profile" time="84.517">
    <failure message="unknown error: Element &lt;input type=&quot;radio&quot; ng-model=&quot;SIdata.SubscribeTypes&quot; ng-value=&quot;0&quot; ng-click=&quot;SIdata.UnsubscribeDigestEmails()&quot; name=&quot;optradio&quot; class=&quot;ng-pristine ng-untouched ng-valid ng-not-empty&quot; value=&quot;0&quot; style=&quot;background: yellow; border: 2px solid red;&quot;&gt; is not clickable at point (1083, 398). Other element would receive the click: &lt;div class=&quot;row&quot;&gt;...&lt;/div&gt;&#10;  (Session info: chrome=85.0.4183.121)&#10;  (Driver info: chromedriver=2.38.552522 (437e6fbedfa8762dec75e2c5b3ddb86763dc9dcb),platform=Windows NT 10.0.18362 x86_64) (WARNING: The server did not provide any stacktrace information)&#10;Command duration or timeout: 0 milliseconds&#10;Build info: version: &apos;3.14.0&apos;, revision: &apos;aacccce0&apos;, time: &apos;2018-08-02T20:19:58.91Z&apos;&#10;System info: host: &apos;LAPTOP-65H8KDP8&apos;, ip: &apos;10.0.0.8&apos;, os.name: &apos;Windows 10&apos;, os.arch: &apos;amd64&apos;, os.version: &apos;10.0&apos;, java.version: &apos;1.8.0_251&apos;&#10;Driver info: org.openqa.selenium.chrome.ChromeDriver&#10;Capabilities {acceptInsecureCerts: false, acceptSslCerts: false, applicationCacheEnabled: false, browserConnectionEnabled: false, browserName: chrome, chrome: {chromedriverVersion: 2.38.552522 (437e6fbedfa876..., userDataDir: C:\Users\netwo\AppData\Loca...}, cssSelectorsEnabled: true, databaseEnabled: false, handlesAlerts: true, hasTouchScreen: false, javascriptEnabled: true, locationContextEnabled: true, mobileEmulationEnabled: false, nativeEvents: true, networkConnectionEnabled: false, pageLoadStrategy: normal, platform: XP, platformName: XP, rotatable: false, setWindowRect: true, takesHeapSnapshot: true, takesScreenshot: true, unexpectedAlertBehaviour: , unhandledPromptBehavior: , version: 85.0.4183.121, webStorageEnabled: true}&#10;Session ID: 2a342a760d2ff6694b2bc54cfc7ea63f" type="org.openqa.selenium.WebDriverException"><![CDATA[org.openqa.selenium.WebDriverException: unknown error: Element <input type="radio" ng-model="SIdata.SubscribeTypes" ng-value="0" ng-click="SIdata.UnsubscribeDigestEmails()" name="optradio" class="ng-pristine ng-untouched ng-valid ng-not-empty" value="0" style="background: yellow; border: 2px solid red;"> is not clickable at point (1083, 398). Other element would receive the click: <div class="row">...</div>
  (Session info: chrome=85.0.4183.121)
  (Driver info: chromedriver=2.38.552522 (437e6fbedfa8762dec75e2c5b3ddb86763dc9dcb),platform=Windows NT 10.0.18362 x86_64) (WARNING: The server did not provide any stacktrace information)
Command duration or timeout: 0 milliseconds
Build info: version: '3.14.0', revision: 'aacccce0', time: '2018-08-02T20:19:58.91Z'
System info: host: 'LAPTOP-65H8KDP8', ip: '10.0.0.8', os.name: 'Windows 10', os.arch: 'amd64', os.version: '10.0', java.version: '1.8.0_251'
Driver info: org.openqa.selenium.chrome.ChromeDriver
Capabilities {acceptInsecureCerts: false, acceptSslCerts: false, applicationCacheEnabled: false, browserConnectionEnabled: false, browserName: chrome, chrome: {chromedriverVersion: 2.38.552522 (437e6fbedfa876..., userDataDir: C:\Users\netwo\AppData\Loca...}, cssSelectorsEnabled: true, databaseEnabled: false, handlesAlerts: true, hasTouchScreen: false, javascriptEnabled: true, locationContextEnabled: true, mobileEmulationEnabled: false, nativeEvents: true, networkConnectionEnabled: false, pageLoadStrategy: normal, platform: XP, platformName: XP, rotatable: false, setWindowRect: true, takesHeapSnapshot: true, takesScreenshot: true, unexpectedAlertBehaviour: , unhandledPromptBehavior: , version: 85.0.4183.121, webStorageEnabled: true}
Session ID: 2a342a760d2ff6694b2bc54cfc7ea63f
	at sun.reflect.NativeConstructorAccessorImpl.newInstance0(Native Method)
	at sun.reflect.NativeConstructorAccessorImpl.newInstance(NativeConstructorAccessorImpl.java:62)
	at sun.reflect.DelegatingConstructorAccessorImpl.newInstance(DelegatingConstructorAccessorImpl.java:45)
	at java.lang.reflect.Constructor.newInstance(Constructor.java:423)
	at org.openqa.selenium.remote.ErrorHandler.createThrowable(ErrorHandler.java:214)
	at org.openqa.selenium.remote.ErrorHandler.throwIfResponseFailed(ErrorHandler.java:166)
	at org.openqa.selenium.remote.http.JsonHttpResponseCodec.reconstructValue(JsonHttpResponseCodec.java:40)
	at org.openqa.selenium.remote.http.AbstractHttpResponseCodec.decode(AbstractHttpResponseCodec.java:80)
	at org.openqa.selenium.remote.http.AbstractHttpResponseCodec.decode(AbstractHttpResponseCodec.java:44)
	at org.openqa.selenium.remote.HttpCommandExecutor.execute(HttpCommandExecutor.java:158)
	at org.openqa.selenium.remote.service.DriverCommandExecutor.execute(DriverCommandExecutor.java:83)
	at org.openqa.selenium.remote.RemoteWebDriver.execute(RemoteWebDriver.java:548)
	at org.openqa.selenium.remote.RemoteWebElement.execute(RemoteWebElement.java:276)
	at org.openqa.selenium.remote.RemoteWebElement.click(RemoteWebElement.java:83)
	at sun.reflect.GeneratedMethodAccessor4.invoke(Unknown Source)
	at sun.reflect.DelegatingMethodAccessorImpl.invoke(DelegatingMethodAccessorImpl.java:43)
	at java.lang.reflect.Method.invoke(Method.java:498)
	at org.openqa.selenium.support.pagefactory.internal.LocatingElementHandler.invoke(LocatingElementHandler.java:51)
	at com.sun.proxy.$Proxy9.click(Unknown Source)
	at com.cpcommunity.PageObjects.BasePage.click(BasePage.java:198)
	at com.cpcommunity.PageObjects.MyProfilePage.UpdateProfileDetails(MyProfilePage.java:262)
	at com.cpcommunity.testScripts.myprofiletestcases.TC015_Verify_User_Is_Able_To_Update_Profile.TC015(TC015_Verify_User_Is_Able_To_Update_Profile.java:36)
]]></failure>
    <system-out><![CDATA[INFO    2020-09-29 06:35:00,723 [TestNG-test=Test1-5] com.cpcommunity.PageObjects.BasePage  - waiting for :[[ChromeDriver: chrome on XP (28801acbea85ffafa6d6853fe59dfccf)] -> xpath: //*[@value='2']] for :18 seconds
INFO    2020-09-29 06:35:00,770 [TestNG-test=Test1-2] com.cpcommunity.testScripts.community.BaseTest  - Test Execution Completed !!!
INFO    2020-09-29 06:35:00,864 [TestNG-test=Test1-5] com.cpcommunity.PageObjects.BasePage  - [[ChromeDriver: chrome on XP (28801acbea85ffafa6d6853fe59dfccf)] -> xpath: //*[@value='2']]is displayed
Total rows are : 1167
Test case starts from row num: 10
Total rows of data are : 1
Total cols are : 15
@TestCase : TC015
INFO    2020-09-29 06:35:00,994 [TestNG-test=Test1-2] com.cpcommunity.testScripts.community.BaseTest  - Inside Login Test
Launching : chrome
INFO    2020-09-29 06:35:02,864 [TestNG-test=Test1-5] com.cpcommunity.PageObjects.BasePage  - Clicking on : authorize button
INFO    2020-09-29 06:35:03,310 [TestNG-test=Test1-5] com.cpcommunity.PageObjects.BasePage  - waiting for :[[ChromeDriver: chrome on XP (28801acbea85ffafa6d6853fe59dfccf)] -> xpath: //*[@type='submit']//*[@class='fa fa-credit-card']] for :18 seconds
Page Opened
INFO    2020-09-29 06:35:03,533 [TestNG-test=Test1-5] com.cpcommunity.PageObjects.BasePage  - [[ChromeDriver: chrome on XP (28801acbea85ffafa6d6853fe59dfccf)] -> xpath: //*[@type='submit']//*[@class='fa fa-credit-card']]is displayed
ChromeDriver: chrome on XP (2a342a760d2ff6694b2bc54cfc7ea63f)
2a342a760d2ff6694b2bc54cfc7ea63f
INFO    2020-09-29 06:35:04,768 [TestNG-test=Test1-2] com.cpcommunity.testScripts.community.BaseTest  - Driver Initialized !!!
INFO    2020-09-29 06:35:05,534 [TestNG-test=Test1-5] com.cpcommunity.PageObjects.BasePage  - Clicking on : Proceed button
INFO    2020-09-29 06:35:05,883 [TestNG-test=Test1-1] com.cpcommunity.PageObjects.BasePage  - waiting for :[[ChromeDriver: chrome on XP (c0de9d0241626eb180a8db927a7c9dc6)] -> xpath: //*[@data-original-title='Manage Community']] for :18 seconds
INFO    2020-09-29 06:35:05,926 [TestNG-test=Test1-1] com.cpcommunity.PageObjects.BasePage  - [[ChromeDriver: chrome on XP (c0de9d0241626eb180a8db927a7c9dc6)] -> xpath: //*[@data-original-title='Manage Community']]is displayed
INFO    2020-09-29 06:35:10,075 [TestNG-test=Test1-3] com.cpcommunity.PageObjects.BasePage  - scrolling up vertically...
Page Opened
INFO    2020-09-29 06:35:15,241 [TestNG-test=Test1-3] com.cpcommunity.PageObjects.BasePage  - waiting for :[[ChromeDriver: chrome on XP (8c439c9bc22c5baf31183bc1f665e210)] -> xpath: //a[contains(.,'Login')]] for :18 seconds
INFO    2020-09-29 06:35:15,281 [TestNG-test=Test1-3] com.cpcommunity.PageObjects.BasePage  - [[ChromeDriver: chrome on XP (8c439c9bc22c5baf31183bc1f665e210)] -> xpath: //a[contains(.,'Login')]]is displayed
INFO    2020-09-29 06:35:17,371 [TestNG-test=Test1-2] com.cpcommunity.PageObjects.BasePage  - scrolling up vertically...
INFO    2020-09-29 06:35:17,772 [TestNG-test=Test1-1] com.cpcommunity.PageObjects.BasePage  - scrolling up vertically...
INFO    2020-09-29 06:35:18,282 [TestNG-test=Test1-3] com.cpcommunity.PageObjects.BasePage  - Clicking on : LOGIN
INFO    2020-09-29 06:35:19,293 [TestNG-test=Test1-5] com.cpcommunity.PageObjects.BasePage  - scrolling up vertically...
ChromeDriver: chrome on XP (8c439c9bc22c5baf31183bc1f665e210)Login Page
INFO    2020-09-29 06:35:22,482 [TestNG-test=Test1-2] com.cpcommunity.PageObjects.BasePage  - waiting for :[[ChromeDriver: chrome on XP (2a342a760d2ff6694b2bc54cfc7ea63f)] -> xpath: //a[contains(.,'Login')]] for :18 seconds
INFO    2020-09-29 06:35:22,538 [TestNG-test=Test1-2] com.cpcommunity.PageObjects.BasePage  - [[ChromeDriver: chrome on XP (2a342a760d2ff6694b2bc54cfc7ea63f)] -> xpath: //a[contains(.,'Login')]]is displayed
INFO    2020-09-29 06:35:22,782 [TestNG-test=Test1-1] com.cpcommunity.PageObjects.BasePage  - Clicking on : Save
INFO    2020-09-29 06:35:24,108 [TestNG-test=Test1-3] com.cpcommunity.PageObjects.BasePage  - scrolling up vertically...
INFO    2020-09-29 06:35:24,321 [TestNG-test=Test1-5] com.cpcommunity.PageObjects.BasePage  - Typing in : card Num entered the value as : 4242424242424242
INFO    2020-09-29 06:35:25,014 [TestNG-test=Test1-1] com.cpcommunity.PageObjects.BasePage  - waiting for :[[ChromeDriver: chrome on XP (c0de9d0241626eb180a8db927a7c9dc6)] -> xpath: //h2[contains(text(),'Dashboard')]] for :18 seconds
INFO    2020-09-29 06:35:25,130 [TestNG-test=Test1-1] com.cpcommunity.PageObjects.BasePage  - [[ChromeDriver: chrome on XP (c0de9d0241626eb180a8db927a7c9dc6)] -> xpath: //h2[contains(text(),'Dashboard')]]is displayed
INFO    2020-09-29 06:35:25,557 [TestNG-test=Test1-2] com.cpcommunity.PageObjects.BasePage  - Clicking on : LOGIN
INFO    2020-09-29 06:35:25,814 [TestNG-test=Test1-5] com.cpcommunity.PageObjects.BasePage  - Typing in : Expiry Date entered the value as : 0223
INFO    2020-09-29 06:35:26,292 [TestNG-test=Test1-5] com.cpcommunity.PageObjects.BasePage  - Typing in : CVV entered the value as : 024
INFO    2020-09-29 06:35:27,355 [TestNG-test=Test1-5] com.cpcommunity.PageObjects.BasePage  - Typing in : email entered the value as : andrew74444@gmail.com
ChromeDriver: chrome on XP (2a342a760d2ff6694b2bc54cfc7ea63f)Login Page
INFO    2020-09-29 06:35:28,153 [TestNG-test=Test1-5] com.cpcommunity.PageObjects.BasePage  - Clicking[[ChromeDriver: chrome on XP (28801acbea85ffafa6d6853fe59dfccf)] -> xpath: //*[@id='payBtn']]
INFO    2020-09-29 06:35:29,220 [TestNG-test=Test1-3] com.cpcommunity.PageObjects.BasePage  - Typing in : email address entered the value as : andrew74444@gmail.com
INFO    2020-09-29 06:35:30,171 [TestNG-test=Test1-3] com.cpcommunity.PageObjects.BasePage  - Typing in : password entered the value as : Admin@123
INFO    2020-09-29 06:35:30,949 [TestNG-test=Test1-3] com.cpcommunity.PageObjects.BasePage  - Clicking on : Login
INFO    2020-09-29 06:35:30,966 [TestNG-test=Test1-2] com.cpcommunity.PageObjects.BasePage  - scrolling up vertically...
INFO    2020-09-29 06:35:31,805 [TestNG-test=Test1-4] com.cpcommunity.PageObjects.BasePage  - scrolling up vertically...
INFO    2020-09-29 06:35:32,664 [TestNG-test=Test1-1] com.cpcommunity.PageObjects.BasePage  - scrolling up vertically...
INFO    2020-09-29 06:35:36,028 [TestNG-test=Test1-2] com.cpcommunity.PageObjects.BasePage  - Typing in : email address entered the value as : andrew74444@gmail.com
INFO    2020-09-29 06:35:36,833 [TestNG-test=Test1-2] com.cpcommunity.PageObjects.BasePage  - Typing in : password entered the value as : Admin@123
1
2
3
INFO    2020-09-29 06:35:37,310 [TestNG-test=Test1-2] com.cpcommunity.PageObjects.BasePage  - Clicking on : Login
4
5
6
INFO    2020-09-29 06:35:37,698 [TestNG-test=Test1-1] com.cpcommunity.PageObjects.BasePage  - Clicking on : payment Gateways
7
8
9
10
11
12
13
14
15
16
17
18
19
20
21
22
INFO    2020-09-29 06:35:40,427 [TestNG-test=Test1-3] com.cpcommunity.PageObjects.BasePage  - scrolling up vertically...
23
24
25
26
27
28
29
30
31
32
33
34
35
36
37
38
INFO    2020-09-29 06:35:45,497 [TestNG-test=Test1-3] com.cpcommunity.PageObjects.BasePage  - Clicking on : view All
INFO    2020-09-29 06:35:46,702 [TestNG-test=Test1-2] com.cpcommunity.PageObjects.BasePage  - scrolling up vertically...
INFO    2020-09-29 06:35:47,512 [TestNG-test=Test1-1] com.cpcommunity.PageObjects.BasePage  - scrolling up vertically...
INFO    2020-09-29 06:35:49,460 [TestNG-test=Test1-4] com.cpcommunity.PageObjects.BasePage  - Clicking on : Next button
INFO    2020-09-29 06:35:51,163 [TestNG-test=Test1-3] com.cpcommunity.PageObjects.BasePage  - scrolling up vertically...
INFO    2020-09-29 06:35:52,668 [TestNG-test=Test1-1] com.cpcommunity.PageObjects.BasePage  - waiting for :[[ChromeDriver: chrome on XP (c0de9d0241626eb180a8db927a7c9dc6)] -> xpath: //button[contains(.,'Ok')]] for :18 seconds
INFO    2020-09-29 06:35:52,714 [TestNG-test=Test1-1] com.cpcommunity.PageObjects.BasePage  - [[ChromeDriver: chrome on XP (c0de9d0241626eb180a8db927a7c9dc6)] -> xpath: //button[contains(.,'Ok')]]is displayed
INFO    2020-09-29 06:35:55,490 [TestNG-test=Test1-4] com.cpcommunity.PageObjects.BasePage  - waiting for :[[ChromeDriver: chrome on XP (6e1fdf399d8b53f18d4b4d7008a15b91)] -> xpath: //*[contains(text(),'SELECT PAYMENT METHODS')]] for :18 seconds
INFO    2020-09-29 06:35:55,540 [TestNG-test=Test1-4] com.cpcommunity.PageObjects.BasePage  - [[ChromeDriver: chrome on XP (6e1fdf399d8b53f18d4b4d7008a15b91)] -> xpath: //*[contains(text(),'SELECT PAYMENT METHODS')]]is displayed
INFO    2020-09-29 06:35:56,352 [TestNG-test=Test1-3] com.cpcommunity.PageObjects.BasePage  - waiting for :[[ChromeDriver: chrome on XP (8c439c9bc22c5baf31183bc1f665e210)] -> xpath: //input[@placeholder='Search by Community Name']] for :18 seconds
INFO    2020-09-29 06:35:56,446 [TestNG-test=Test1-3] com.cpcommunity.PageObjects.BasePage  - [[ChromeDriver: chrome on XP (8c439c9bc22c5baf31183bc1f665e210)] -> xpath: //input[@placeholder='Search by Community Name']]is displayed
INFO    2020-09-29 06:35:57,574 [TestNG-test=Test1-4] com.cpcommunity.PageObjects.BasePage  - waiting for :[[ChromeDriver: chrome on XP (6e1fdf399d8b53f18d4b4d7008a15b91)] -> xpath: //*[@value='2']] for :18 seconds
INFO    2020-09-29 06:35:57,614 [TestNG-test=Test1-4] com.cpcommunity.PageObjects.BasePage  - [[ChromeDriver: chrome on XP (6e1fdf399d8b53f18d4b4d7008a15b91)] -> xpath: //*[@value='2']]is displayed
INFO    2020-09-29 06:35:58,807 [TestNG-test=Test1-3] com.cpcommunity.PageObjects.BasePage  - Typing in : Search by Community entered the value as : ASAP(As Soon As Possible) Community
INFO    2020-09-29 06:35:59,332 [TestNG-test=Test1-3] com.cpcommunity.PageObjects.BasePage  - Clicking on : search btn
INFO    2020-09-29 06:35:59,616 [TestNG-test=Test1-4] com.cpcommunity.PageObjects.BasePage  - Clicking on : authorize button
INFO    2020-09-29 06:35:59,731 [TestNG-test=Test1-4] com.cpcommunity.PageObjects.BasePage  - waiting for :[[ChromeDriver: chrome on XP (6e1fdf399d8b53f18d4b4d7008a15b91)] -> xpath: //*[@type='submit']//*[@class='fa fa-credit-card']] for :18 seconds
INFO    2020-09-29 06:35:59,789 [TestNG-test=Test1-4] com.cpcommunity.PageObjects.BasePage  - [[ChromeDriver: chrome on XP (6e1fdf399d8b53f18d4b4d7008a15b91)] -> xpath: //*[@type='submit']//*[@class='fa fa-credit-card']]is displayed
INFO    2020-09-29 06:36:01,722 [TestNG-test=Test1-1] com.cpcommunity.PageObjects.BasePage  - scrolling up vertically...
INFO    2020-09-29 06:36:01,789 [TestNG-test=Test1-4] com.cpcommunity.PageObjects.BasePage  - Clicking on : Proceed button
INFO    2020-09-29 06:36:01,843 [TestNG-test=Test1-2] com.cpcommunity.PageObjects.BasePage  - scrolling up vertically...
INFO    2020-09-29 06:36:05,547 [TestNG-test=Test1-3] com.cpcommunity.PageObjects.BasePage  - waiting for :[[ChromeDriver: chrome on XP (8c439c9bc22c5baf31183bc1f665e210)] -> xpath: //a[@tooltip='ASAP(As Soon As Possible) Community']] for :18 seconds
INFO    2020-09-29 06:36:05,567 [TestNG-test=Test1-3] com.cpcommunity.PageObjects.BasePage  - [[ChromeDriver: chrome on XP (8c439c9bc22c5baf31183bc1f665e210)] -> xpath: //a[@tooltip='ASAP(As Soon As Possible) Community']]is displayed
INFO    2020-09-29 06:36:06,946 [TestNG-test=Test1-2] com.cpcommunity.PageObjects.BasePage  - Clicking on : EditBtn
INFO    2020-09-29 06:36:07,929 [TestNG-test=Test1-3] com.cpcommunity.PageObjects.BasePage  - Clicking on : CommunityName
INFO    2020-09-29 06:36:08,790 [TestNG-test=Test1-1] com.cpcommunity.PageObjects.BasePage  - waiting for :[[ChromeDriver: chrome on XP (c0de9d0241626eb180a8db927a7c9dc6)] -> xpath: //button[contains(.,'Ok')]] for :18 seconds
INFO    2020-09-29 06:36:08,861 [TestNG-test=Test1-1] com.cpcommunity.PageObjects.BasePage  - [[ChromeDriver: chrome on XP (c0de9d0241626eb180a8db927a7c9dc6)] -> xpath: //button[contains(.,'Ok')]]is displayed
INFO    2020-09-29 06:36:10,130 [TestNG-test=Test1-3] com.cpcommunity.PageObjects.BasePage  - scrolling up vertically...
Andrew
INFO    2020-09-29 06:36:11,178 [TestNG-test=Test1-2] com.cpcommunity.PageObjects.BasePage  - scroll till web [[ChromeDriver: chrome on XP (2a342a760d2ff6694b2bc54cfc7ea63f)] -> xpath: //*[@name='FirstName']]
INFO    2020-09-29 06:36:14,229 [TestNG-test=Test1-2] com.cpcommunity.PageObjects.BasePage  - Typing in : FirstName entered the value as : Andrew
INFO    2020-09-29 06:36:14,709 [TestNG-test=Test1-2] com.cpcommunity.PageObjects.BasePage  - Typing in : LastName entered the value as : Thomson
INFO    2020-09-29 06:36:15,170 [TestNG-test=Test1-4] com.cpcommunity.PageObjects.BasePage  - scrolling up vertically...
INFO    2020-09-29 06:36:15,209 [TestNG-test=Test1-2] com.cpcommunity.PageObjects.BasePage  - Typing in : JobTitle entered the value as : Business Analyst
INFO    2020-09-29 06:36:15,690 [TestNG-test=Test1-2] com.cpcommunity.PageObjects.BasePage  - Typing in : ProfessionalSummary entered the value as : Lorem Ipsum is simply dummy text of the printing and typesetting industry. Lorem Ipsum has been the industry's standard dummy text ever since the 1500s, when an unknown printer took a galley of type and scrambled it to make a type specimen book. It has survived not only five centuries, but also the leap into electronic typesetting, remaining essentially unchanged. It was popularised in the 1960s with the release of Letraset sheets containing Lorem Ipsum passages, and more recently with desktop publishing software like Aldus PageMaker including versions of Lorem Ipsum
INFO    2020-09-29 06:36:16,319 [TestNG-test=Test1-1] com.cpcommunity.PageObjects.BasePage  - scrolling up vertically...
INFO    2020-09-29 06:36:20,104 [TestNG-test=Test1-3] com.cpcommunity.PageObjects.BasePage  - scrolling up vertically...
INFO    2020-09-29 06:36:20,140 [TestNG-test=Test1-2] com.cpcommunity.PageObjects.BasePage  - Typing in : YouTubeUrl entered the value as : https://www.youtube.com/watch?v=eYerndqXoMc
INFO    2020-09-29 06:36:20,188 [TestNG-test=Test1-4] com.cpcommunity.PageObjects.BasePage  - Typing in : card Num entered the value as : 4242424242424242
INFO    2020-09-29 06:36:20,895 [TestNG-test=Test1-4] com.cpcommunity.PageObjects.BasePage  - Typing in : Expiry Date entered the value as : 0223
INFO    2020-09-29 06:36:21,196 [TestNG-test=Test1-4] com.cpcommunity.PageObjects.BasePage  - Typing in : CVV entered the value as : 024
INFO    2020-09-29 06:36:21,334 [TestNG-test=Test1-1] com.cpcommunity.PageObjects.BasePage  - Typing in : card Num entered the value as : 4242424242424242
INFO    2020-09-29 06:36:21,601 [TestNG-test=Test1-4] com.cpcommunity.PageObjects.BasePage  - Typing in : email entered the value as : andrew74444@gmail.com
INFO    2020-09-29 06:36:21,827 [TestNG-test=Test1-2] com.cpcommunity.PageObjects.BasePage  - Typing in : LinkedInUrl entered the value as : https://www.linkedin.com/company/pamteninc
INFO    2020-09-29 06:36:22,519 [TestNG-test=Test1-1] com.cpcommunity.PageObjects.BasePage  - Typing in : Expiry Date entered the value as : 0223
INFO    2020-09-29 06:36:22,696 [TestNG-test=Test1-4] com.cpcommunity.PageObjects.BasePage  - Clicking[[ChromeDriver: chrome on XP (6e1fdf399d8b53f18d4b4d7008a15b91)] -> xpath: //*[@id='payBtn']]
INFO    2020-09-29 06:36:22,976 [TestNG-test=Test1-1] com.cpcommunity.PageObjects.BasePage  - Typing in : CVV entered the value as : 024
INFO    2020-09-29 06:36:23,228 [TestNG-test=Test1-2] com.cpcommunity.PageObjects.BasePage  - Typing in : FacebookUrl entered the value as : https://www.facebook.com/pages/PamTen/322853384488287?ref=hl
INFO    2020-09-29 06:36:23,294 [TestNG-test=Test1-1] com.cpcommunity.PageObjects.BasePage  - Typing in : email entered the value as : andrew74444@gmail.com
INFO    2020-09-29 06:36:24,091 [TestNG-test=Test1-1] com.cpcommunity.PageObjects.BasePage  - Clicking[[ChromeDriver: chrome on XP (c0de9d0241626eb180a8db927a7c9dc6)] -> xpath: //*[@id='payBtn']]
INFO    2020-09-29 06:36:24,389 [TestNG-test=Test1-2] com.cpcommunity.PageObjects.BasePage  - Typing in : TwitterUrl entered the value as : https://twitter.com/PamTen_Inc
INFO    2020-09-29 06:36:24,825 [TestNG-test=Test1-2] com.cpcommunity.PageObjects.BasePage  - Clicking on : Public Radio Btn
]]></system-out>
    <system-err><![CDATA[Sep 29, 2020 6:35:00 AM org.openqa.selenium.remote.Augmenter extractRemoteWebDriver
WARNING: Augmenter should be applied to the instances of @Augmentable classes or previously augmented instances only (instance class was: class org.openqa.selenium.chrome.ChromeDriver)
Starting ChromeDriver 2.38.552522 (437e6fbedfa8762dec75e2c5b3ddb86763dc9dcb) on port 20095
Only local connections are allowed.
Sep 29, 2020 6:35:02 AM org.openqa.selenium.remote.Augmenter extractRemoteWebDriver
WARNING: Augmenter should be applied to the instances of @Augmentable classes or previously augmented instances only (instance class was: class org.openqa.selenium.chrome.ChromeDriver)
Sep 29, 2020 6:35:03 AM org.openqa.selenium.remote.Augmenter extractRemoteWebDriver
WARNING: Augmenter should be applied to the instances of @Augmentable classes or previously augmented instances only (instance class was: class org.openqa.selenium.chrome.ChromeDriver)
Sep 29, 2020 6:35:04 AM org.openqa.selenium.remote.Augmenter extractRemoteWebDriver
WARNING: Augmenter should be applied to the instances of @Augmentable classes or previously augmented instances only (instance class was: class org.openqa.selenium.chrome.ChromeDriver)
Sep 29, 2020 6:35:04 AM org.openqa.selenium.remote.ProtocolHandshake createSession
INFO: Detected dialect: OSS
Sep 29, 2020 6:35:05 AM org.openqa.selenium.remote.Augmenter extractRemoteWebDriver
WARNING: Augmenter should be applied to the instances of @Augmentable classes or previously augmented instances only (instance class was: class org.openqa.selenium.chrome.ChromeDriver)
Sep 29, 2020 6:35:06 AM org.openqa.selenium.remote.Augmenter extractRemoteWebDriver
WARNING: Augmenter should be applied to the instances of @Augmentable classes or previously augmented instances only (instance class was: class org.openqa.selenium.chrome.ChromeDriver)
Sep 29, 2020 6:35:07 AM org.openqa.selenium.remote.Augmenter extractRemoteWebDriver
WARNING: Augmenter should be applied to the instances of @Augmentable classes or previously augmented instances only (instance class was: class org.openqa.selenium.chrome.ChromeDriver)
Sep 29, 2020 6:35:08 AM org.openqa.selenium.remote.Augmenter extractRemoteWebDriver
WARNING: Augmenter should be applied to the instances of @Augmentable classes or previously augmented instances only (instance class was: class org.openqa.selenium.chrome.ChromeDriver)
Sep 29, 2020 6:35:09 AM org.openqa.selenium.remote.Augmenter extractRemoteWebDriver
WARNING: Augmenter should be applied to the instances of @Augmentable classes or previously augmented instances only (instance class was: class org.openqa.selenium.chrome.ChromeDriver)
Sep 29, 2020 6:35:11 AM org.openqa.selenium.remote.Augmenter extractRemoteWebDriver
WARNING: Augmenter should be applied to the instances of @Augmentable classes or previously augmented instances only (instance class was: class org.openqa.selenium.chrome.ChromeDriver)
Sep 29, 2020 6:35:12 AM org.openqa.selenium.remote.Augmenter extractRemoteWebDriver
WARNING: Augmenter should be applied to the instances of @Augmentable classes or previously augmented instances only (instance class was: class org.openqa.selenium.chrome.ChromeDriver)
Sep 29, 2020 6:35:12 AM org.openqa.selenium.remote.Augmenter extractRemoteWebDriver
WARNING: Augmenter should be applied to the instances of @Augmentable classes or previously augmented instances only (instance class was: class org.openqa.selenium.chrome.ChromeDriver)
Sep 29, 2020 6:35:13 AM org.openqa.selenium.remote.Augmenter extractRemoteWebDriver
WARNING: Augmenter should be applied to the instances of @Augmentable classes or previously augmented instances only (instance class was: class org.openqa.selenium.chrome.ChromeDriver)
Sep 29, 2020 6:35:14 AM org.openqa.selenium.remote.Augmenter extractRemoteWebDriver
WARNING: Augmenter should be applied to the instances of @Augmentable classes or previously augmented instances only (instance class was: class org.openqa.selenium.chrome.ChromeDriver)
Sep 29, 2020 6:35:14 AM org.openqa.selenium.remote.Augmenter extractRemoteWebDriver
WARNING: Augmenter should be applied to the instances of @Augmentable classes or previously augmented instances only (instance class was: class org.openqa.selenium.chrome.ChromeDriver)
Sep 29, 2020 6:35:14 AM org.openqa.selenium.remote.Augmenter extractRemoteWebDriver
WARNING: Augmenter should be applied to the instances of @Augmentable classes or previously augmented instances only (instance class was: class org.openqa.selenium.chrome.ChromeDriver)
Sep 29, 2020 6:35:15 AM org.openqa.selenium.remote.Augmenter extractRemoteWebDriver
WARNING: Augmenter should be applied to the instances of @Augmentable classes or previously augmented instances only (instance class was: class org.openqa.selenium.chrome.ChromeDriver)
Sep 29, 2020 6:35:16 AM org.openqa.selenium.remote.Augmenter extractRemoteWebDriver
WARNING: Augmenter should be applied to the instances of @Augmentable classes or previously augmented instances only (instance class was: class org.openqa.selenium.chrome.ChromeDriver)
Sep 29, 2020 6:35:16 AM org.openqa.selenium.remote.Augmenter extractRemoteWebDriver
WARNING: Augmenter should be applied to the instances of @Augmentable classes or previously augmented instances only (instance class was: class org.openqa.selenium.chrome.ChromeDriver)
Sep 29, 2020 6:35:16 AM org.openqa.selenium.remote.Augmenter extractRemoteWebDriver
WARNING: Augmenter should be applied to the instances of @Augmentable classes or previously augmented instances only (instance class was: class org.openqa.selenium.chrome.ChromeDriver)
Sep 29, 2020 6:35:17 AM org.openqa.selenium.remote.Augmenter extractRemoteWebDriver
WARNING: Augmenter should be applied to the instances of @Augmentable classes or previously augmented instances only (instance class was: class org.openqa.selenium.chrome.ChromeDriver)
Sep 29, 2020 6:35:18 AM org.openqa.selenium.remote.Augmenter extractRemoteWebDriver
WARNING: Augmenter should be applied to the instances of @Augmentable classes or previously augmented instances only (instance class was: class org.openqa.selenium.chrome.ChromeDriver)
Sep 29, 2020 6:35:19 AM org.openqa.selenium.remote.Augmenter extractRemoteWebDriver
WARNING: Augmenter should be applied to the instances of @Augmentable classes or previously augmented instances only (instance class was: class org.openqa.selenium.chrome.ChromeDriver)
Sep 29, 2020 6:35:20 AM org.openqa.selenium.remote.Augmenter extractRemoteWebDriver
WARNING: Augmenter should be applied to the instances of @Augmentable classes or previously augmented instances only (instance class was: class org.openqa.selenium.chrome.ChromeDriver)
Sep 29, 2020 6:35:21 AM org.openqa.selenium.remote.Augmenter extractRemoteWebDriver
WARNING: Augmenter should be applied to the instances of @Augmentable classes or previously augmented instances only (instance class was: class org.openqa.selenium.chrome.ChromeDriver)
Sep 29, 2020 6:35:22 AM org.openqa.selenium.remote.Augmenter extractRemoteWebDriver
WARNING: Augmenter should be applied to the instances of @Augmentable classes or previously augmented instances only (instance class was: class org.openqa.selenium.chrome.ChromeDriver)
Sep 29, 2020 6:35:23 AM org.openqa.selenium.remote.Augmenter extractRemoteWebDriver
WARNING: Augmenter should be applied to the instances of @Augmentable classes or previously augmented instances only (instance class was: class org.openqa.selenium.chrome.ChromeDriver)
Sep 29, 2020 6:35:23 AM org.openqa.selenium.remote.Augmenter extractRemoteWebDriver
WARNING: Augmenter should be applied to the instances of @Augmentable classes or previously augmented instances only (instance class was: class org.openqa.selenium.chrome.ChromeDriver)
Sep 29, 2020 6:35:28 AM org.openqa.selenium.remote.Augmenter extractRemoteWebDriver
WARNING: Augmenter should be applied to the instances of @Augmentable classes or previously augmented instances only (instance class was: class org.openqa.selenium.chrome.ChromeDriver)
Sep 29, 2020 6:35:28 AM org.openqa.selenium.remote.Augmenter extractRemoteWebDriver
WARNING: Augmenter should be applied to the instances of @Augmentable classes or previously augmented instances only (instance class was: class org.openqa.selenium.chrome.ChromeDriver)
Sep 29, 2020 6:35:30 AM org.openqa.selenium.remote.Augmenter extractRemoteWebDriver
WARNING: Augmenter should be applied to the instances of @Augmentable classes or previously augmented instances only (instance class was: class org.openqa.selenium.chrome.ChromeDriver)
Sep 29, 2020 6:35:30 AM org.openqa.selenium.remote.Augmenter extractRemoteWebDriver
WARNING: Augmenter should be applied to the instances of @Augmentable classes or previously augmented instances only (instance class was: class org.openqa.selenium.chrome.ChromeDriver)
Sep 29, 2020 6:35:31 AM org.openqa.selenium.remote.Augmenter extractRemoteWebDriver
WARNING: Augmenter should be applied to the instances of @Augmentable classes or previously augmented instances only (instance class was: class org.openqa.selenium.chrome.ChromeDriver)
Sep 29, 2020 6:35:35 AM org.openqa.selenium.remote.Augmenter extractRemoteWebDriver
WARNING: Augmenter should be applied to the instances of @Augmentable classes or previously augmented instances only (instance class was: class org.openqa.selenium.chrome.ChromeDriver)
Sep 29, 2020 6:35:37 AM org.openqa.selenium.remote.Augmenter extractRemoteWebDriver
WARNING: Augmenter should be applied to the instances of @Augmentable classes or previously augmented instances only (instance class was: class org.openqa.selenium.chrome.ChromeDriver)
Sep 29, 2020 6:35:39 AM org.openqa.selenium.remote.Augmenter extractRemoteWebDriver
WARNING: Augmenter should be applied to the instances of @Augmentable classes or previously augmented instances only (instance class was: class org.openqa.selenium.chrome.ChromeDriver)
Sep 29, 2020 6:35:42 AM org.openqa.selenium.remote.Augmenter extractRemoteWebDriver
WARNING: Augmenter should be applied to the instances of @Augmentable classes or previously augmented instances only (instance class was: class org.openqa.selenium.chrome.ChromeDriver)
Sep 29, 2020 6:35:43 AM org.openqa.selenium.remote.Augmenter extractRemoteWebDriver
WARNING: Augmenter should be applied to the instances of @Augmentable classes or previously augmented instances only (instance class was: class org.openqa.selenium.chrome.ChromeDriver)
Sep 29, 2020 6:35:45 AM org.openqa.selenium.remote.Augmenter extractRemoteWebDriver
WARNING: Augmenter should be applied to the instances of @Augmentable classes or previously augmented instances only (instance class was: class org.openqa.selenium.chrome.ChromeDriver)
Sep 29, 2020 6:35:45 AM org.openqa.selenium.remote.Augmenter extractRemoteWebDriver
WARNING: Augmenter should be applied to the instances of @Augmentable classes or previously augmented instances only (instance class was: class org.openqa.selenium.chrome.ChromeDriver)
Sep 29, 2020 6:35:46 AM org.openqa.selenium.remote.Augmenter extractRemoteWebDriver
WARNING: Augmenter should be applied to the instances of @Augmentable classes or previously augmented instances only (instance class was: class org.openqa.selenium.chrome.ChromeDriver)
Sep 29, 2020 6:35:48 AM org.openqa.selenium.remote.Augmenter extractRemoteWebDriver
WARNING: Augmenter should be applied to the instances of @Augmentable classes or previously augmented instances only (instance class was: class org.openqa.selenium.chrome.ChromeDriver)
Sep 29, 2020 6:35:50 AM org.openqa.selenium.remote.Augmenter extractRemoteWebDriver
WARNING: Augmenter should be applied to the instances of @Augmentable classes or previously augmented instances only (instance class was: class org.openqa.selenium.chrome.ChromeDriver)
Sep 29, 2020 6:35:58 AM org.openqa.selenium.remote.Augmenter extractRemoteWebDriver
WARNING: Augmenter should be applied to the instances of @Augmentable classes or previously augmented instances only (instance class was: class org.openqa.selenium.chrome.ChromeDriver)
Sep 29, 2020 6:35:59 AM org.openqa.selenium.remote.Augmenter extractRemoteWebDriver
WARNING: Augmenter should be applied to the instances of @Augmentable classes or previously augmented instances only (instance class was: class org.openqa.selenium.chrome.ChromeDriver)
Sep 29, 2020 6:35:59 AM org.openqa.selenium.remote.Augmenter extractRemoteWebDriver
WARNING: Augmenter should be applied to the instances of @Augmentable classes or previously augmented instances only (instance class was: class org.openqa.selenium.chrome.ChromeDriver)
Sep 29, 2020 6:36:01 AM org.openqa.selenium.remote.Augmenter extractRemoteWebDriver
WARNING: Augmenter should be applied to the instances of @Augmentable classes or previously augmented instances only (instance class was: class org.openqa.selenium.chrome.ChromeDriver)
Sep 29, 2020 6:36:01 AM org.openqa.selenium.remote.Augmenter extractRemoteWebDriver
WARNING: Augmenter should be applied to the instances of @Augmentable classes or previously augmented instances only (instance class was: class org.openqa.selenium.chrome.ChromeDriver)
Sep 29, 2020 6:36:14 AM org.openqa.selenium.remote.Augmenter extractRemoteWebDriver
WARNING: Augmenter should be applied to the instances of @Augmentable classes or previously augmented instances only (instance class was: class org.openqa.selenium.chrome.ChromeDriver)
Sep 29, 2020 6:36:14 AM org.openqa.selenium.remote.Augmenter extractRemoteWebDriver
WARNING: Augmenter should be applied to the instances of @Augmentable classes or previously augmented instances only (instance class was: class org.openqa.selenium.chrome.ChromeDriver)
Sep 29, 2020 6:36:15 AM org.openqa.selenium.remote.Augmenter extractRemoteWebDriver
WARNING: Augmenter should be applied to the instances of @Augmentable classes or previously augmented instances only (instance class was: class org.openqa.selenium.chrome.ChromeDriver)
Sep 29, 2020 6:36:17 AM org.openqa.selenium.remote.Augmenter extractRemoteWebDriver
WARNING: Augmenter should be applied to the instances of @Augmentable classes or previously augmented instances only (instance class was: class org.openqa.selenium.chrome.ChromeDriver)
Sep 29, 2020 6:36:18 AM org.openqa.selenium.remote.Augmenter extractRemoteWebDriver
WARNING: Augmenter should be applied to the instances of @Augmentable classes or previously augmented instances only (instance class was: class org.openqa.selenium.chrome.ChromeDriver)
]]></system-err>
  </testcase>
  <testcase name="TC131" classname="com.cpcommunity.testScripts.community.TC131_Purchase_Pricing_Plan_With_Authorize_Net" time="25.68"/>
  <testcase name="TC119" classname="com.cpcommunity.testScripts.community.TC119_Send_Connection_From_Group_Details_Page" time="5.727">
    <failure message="no such element: Unable to locate element: {&quot;method&quot;:&quot;xpath&quot;,&quot;selector&quot;:&quot;//*[@tooltip=&apos;ASAP Platinum&apos;]&quot;}&#10;  (Session info: chrome=85.0.4183.121)&#10;  (Driver info: chromedriver=2.38.552522 (437e6fbedfa8762dec75e2c5b3ddb86763dc9dcb),platform=Windows NT 10.0.18362 x86_64) (WARNING: The server did not provide any stacktrace information)&#10;Command duration or timeout: 0 milliseconds&#10;For documentation on this error, please visit: http://seleniumhq.org/exceptions/no_such_element.html&#10;Build info: version: &apos;3.14.0&apos;, revision: &apos;aacccce0&apos;, time: &apos;2018-08-02T20:19:58.91Z&apos;&#10;System info: host: &apos;LAPTOP-65H8KDP8&apos;, ip: &apos;10.0.0.8&apos;, os.name: &apos;Windows 10&apos;, os.arch: &apos;amd64&apos;, os.version: &apos;10.0&apos;, java.version: &apos;1.8.0_251&apos;&#10;Driver info: org.openqa.selenium.chrome.ChromeDriver&#10;Capabilities {acceptInsecureCerts: false, acceptSslCerts: false, applicationCacheEnabled: false, browserConnectionEnabled: false, browserName: chrome, chrome: {chromedriverVersion: 2.38.552522 (437e6fbedfa876..., userDataDir: C:\Users\netwo\AppData\Loca...}, cssSelectorsEnabled: true, databaseEnabled: false, handlesAlerts: true, hasTouchScreen: false, javascriptEnabled: true, locationContextEnabled: true, mobileEmulationEnabled: false, nativeEvents: true, networkConnectionEnabled: false, pageLoadStrategy: normal, platform: XP, platformName: XP, rotatable: false, setWindowRect: true, takesHeapSnapshot: true, takesScreenshot: true, unexpectedAlertBehaviour: , unhandledPromptBehavior: , version: 85.0.4183.121, webStorageEnabled: true}&#10;Session ID: 8c439c9bc22c5baf31183bc1f665e210&#10;*** Element info: {Using=xpath, value=//*[@tooltip=&apos;ASAP Platinum&apos;]}" type="org.openqa.selenium.NoSuchElementException">org.openqa.selenium.NoSuchElementException: no such element: Unable to locate element: {"method":"xpath","selector":"//*[@tooltip='ASAP Platinum']"}
  (Session info: chrome=85.0.4183.121)
  (Driver info: chromedriver=2.38.552522 (437e6fbedfa8762dec75e2c5b3ddb86763dc9dcb),platform=Windows NT 10.0.18362 x86_64) (WARNING: The server did not provide any stacktrace information)
Command duration or timeout: 0 milliseconds
For documentation on this error, please visit: http://seleniumhq.org/exceptions/no_such_element.html
Build info: version: '3.14.0', revision: 'aacccce0', time: '2018-08-02T20:19:58.91Z'
System info: host: 'LAPTOP-65H8KDP8', ip: '10.0.0.8', os.name: 'Windows 10', os.arch: 'amd64', os.version: '10.0', java.version: '1.8.0_251'
Driver info: org.openqa.selenium.chrome.ChromeDriver
Capabilities {acceptInsecureCerts: false, acceptSslCerts: false, applicationCacheEnabled: false, browserConnectionEnabled: false, browserName: chrome, chrome: {chromedriverVersion: 2.38.552522 (437e6fbedfa876..., userDataDir: C:\Users\netwo\AppData\Loca...}, cssSelectorsEnabled: true, databaseEnabled: false, handlesAlerts: true, hasTouchScreen: false, javascriptEnabled: true, locationContextEnabled: true, mobileEmulationEnabled: false, nativeEvents: true, networkConnectionEnabled: false, pageLoadStrategy: normal, platform: XP, platformName: XP, rotatable: false, setWindowRect: true, takesHeapSnapshot: true, takesScreenshot: true, unexpectedAlertBehaviour: , unhandledPromptBehavior: , version: 85.0.4183.121, webStorageEnabled: true}
Session ID: 8c439c9bc22c5baf31183bc1f665e210
*** Element info: {Using=xpath, value=//*[@tooltip='ASAP Platinum']}
	at sun.reflect.GeneratedConstructorAccessor73.newInstance(Unknown Source)
	at sun.reflect.DelegatingConstructorAccessorImpl.newInstance(DelegatingConstructorAccessorImpl.java:45)
	at java.lang.reflect.Constructor.newInstance(Constructor.java:423)
	at org.openqa.selenium.remote.ErrorHandler.createThrowable(ErrorHandler.java:214)
	at org.openqa.selenium.remote.ErrorHandler.throwIfResponseFailed(ErrorHandler.java:166)
	at org.openqa.selenium.remote.http.JsonHttpResponseCodec.reconstructValue(JsonHttpResponseCodec.java:40)
	at org.openqa.selenium.remote.http.AbstractHttpResponseCodec.decode(AbstractHttpResponseCodec.java:80)
	at org.openqa.selenium.remote.http.AbstractHttpResponseCodec.decode(AbstractHttpResponseCodec.java:44)
	at org.openqa.selenium.remote.HttpCommandExecutor.execute(HttpCommandExecutor.java:158)
	at org.openqa.selenium.remote.service.DriverCommandExecutor.execute(DriverCommandExecutor.java:83)
	at org.openqa.selenium.remote.RemoteWebDriver.execute(RemoteWebDriver.java:548)
	at org.openqa.selenium.remote.RemoteWebDriver.findElement(RemoteWebDriver.java:322)
	at org.openqa.selenium.remote.RemoteWebDriver.findElementByXPath(RemoteWebDriver.java:424)
	at org.openqa.selenium.By$ByXPath.findElement(By.java:353)
	at org.openqa.selenium.remote.RemoteWebDriver.findElement(RemoteWebDriver.java:314)
	at com.cpcommunity.PageObjects.CommunityDetailsPage.navigateToGroupDetailsPageWithoutDate(CommunityDetailsPage.java:492)
	at com.cpcommunity.testScripts.community.TC119_Send_Connection_From_Group_Details_Page.TC119(TC119_Send_Connection_From_Group_Details_Page.java:38)
</failure>
    <system-out><![CDATA[INFO    2020-09-29 06:36:53,332 [TestNG-test=Test1-5] com.cpcommunity.testScripts.community.BaseTest  - Test Execution Completed !!!
Total rows are : 1167
Test case starts from row num: 60
Total rows of data are : 1
Total cols are : 6
@TestCase : TC026
INFO    2020-09-29 06:36:53,447 [TestNG-test=Test1-5] com.cpcommunity.testScripts.community.BaseTest  - Inside Login Test
Launching : chrome
INFO    2020-09-29 06:36:54,976 [TestNG-test=Test1-2] com.cpcommunity.PageObjects.BasePage  - scrolling up vertically...
ChromeDriver: chrome on XP (20cfad5603a699c6ea81d002f1b49344)
20cfad5603a699c6ea81d002f1b49344
INFO    2020-09-29 06:36:57,110 [TestNG-test=Test1-5] com.cpcommunity.testScripts.community.BaseTest  - Driver Initialized !!!
]]></system-out>
    <system-err><![CDATA[Sep 29, 2020 6:36:52 AM org.openqa.selenium.remote.Augmenter extractRemoteWebDriver
WARNING: Augmenter should be applied to the instances of @Augmentable classes or previously augmented instances only (instance class was: class org.openqa.selenium.chrome.ChromeDriver)
Starting ChromeDriver 2.38.552522 (437e6fbedfa8762dec75e2c5b3ddb86763dc9dcb) on port 43440
Only local connections are allowed.
Sep 29, 2020 6:36:54 AM org.openqa.selenium.remote.Augmenter extractRemoteWebDriver
WARNING: Augmenter should be applied to the instances of @Augmentable classes or previously augmented instances only (instance class was: class org.openqa.selenium.chrome.ChromeDriver)
Sep 29, 2020 6:36:57 AM org.openqa.selenium.remote.ProtocolHandshake createSession
INFO: Detected dialect: OSS
]]></system-err>
  </testcase>
  <testcase name="TC022" classname="com.cpcommunity.testScripts.myprofiletestcases.TC022_Verify_User_Is_Able_To_Add_Protfolio" time="42.363"/>
  <testcase name="TC027" classname="com.cpcommunity.testScripts.myprofiletestcases.TC027_Verify_User_Is_Able_To_Update_Interests" time="75.191"/>
  <testcase name="TC026" classname="com.cpcommunity.testScripts.myprofiletestcases.TC026_Verify_User_Is_Able_To_Update_Skills" time="82.641"/>
  <testcase name="TC175" classname="com.cpcommunity.testScripts.community.TC175_Verify_Membership_Plan_Is_Not_Available_For_Purchased_Pricing_Plan_Without_Membership_Plan_To_CA" time="156.414"/>
  <testcase name="TC001" classname="com.cpcommunity.testScripts.community.TC001_Purchase_Pricing_Plan_With_PayPal" time="691.778"/>
  <testcase name="TC030" classname="com.cpcommunity.testScripts.community.TC030_System_Admin_Community_Rejection" time="128.099"/>
  <testcase name="TC025" classname="com.cpcommunity.testScripts.myprofiletestcases.TC025_Verify_User_Is_Able_To_Delete_Skills" time="16.808"/>
  <testcase name="TC032" classname="com.cpcommunity.testScripts.community.TC032_System_Admin_Community_Approval" time="35.311"/>
  <testcase name="TC023" classname="com.cpcommunity.testScripts.myprofiletestcases.TC023_Verify_User_Is_Able_To_Update_Protfolio" time="39.354"/>
  <testcase name="TC028" classname="com.cpcommunity.testScripts.myprofiletestcases.TC028_Verify_User_Is_Able_To_Delete_Interests" time="70.657"/>
  <testcase name="TC094" classname="com.cpcommunity.testScripts.community.TC094_Activate_PayMent_Gateways" time="109.2"/>
  <testcase name="TC016" classname="com.cpcommunity.testScripts.myprofiletestcases.TC016_Verify_User_is_Able_to_Select_Private_Radio_Button" time="101.603"/>
  <testcase name="TC166" classname="com.cpcommunity.testScripts.community.TC166_Verify_Rejected_Community_Is_Not_Displayed_In_MyCommunities" time="128.891">
    <failure message="Timed out after 20 seconds. Unable to locate the element" type="org.openqa.selenium.NoSuchElementException">org.openqa.selenium.NoSuchElementException: Timed out after 20 seconds. Unable to locate the element
	at sun.reflect.GeneratedConstructorAccessor73.newInstance(Unknown Source)
	at sun.reflect.DelegatingConstructorAccessorImpl.newInstance(DelegatingConstructorAccessorImpl.java:45)
	at java.lang.reflect.Constructor.newInstance(Constructor.java:423)
	at org.openqa.selenium.remote.ErrorHandler.createThrowable(ErrorHandler.java:214)
	at org.openqa.selenium.remote.ErrorHandler.throwIfResponseFailed(ErrorHandler.java:166)
	at org.openqa.selenium.remote.http.JsonHttpResponseCodec.reconstructValue(JsonHttpResponseCodec.java:40)
	at org.openqa.selenium.remote.http.AbstractHttpResponseCodec.decode(AbstractHttpResponseCodec.java:80)
	at org.openqa.selenium.remote.http.AbstractHttpResponseCodec.decode(AbstractHttpResponseCodec.java:44)
	at org.openqa.selenium.remote.HttpCommandExecutor.execute(HttpCommandExecutor.java:158)
	at org.openqa.selenium.remote.service.DriverCommandExecutor.execute(DriverCommandExecutor.java:83)
	at org.openqa.selenium.remote.RemoteWebDriver.execute(RemoteWebDriver.java:548)
	at org.openqa.selenium.remote.RemoteWebDriver.findElement(RemoteWebDriver.java:322)
	at org.openqa.selenium.remote.RemoteWebDriver.findElementByXPath(RemoteWebDriver.java:424)
	at org.openqa.selenium.By$ByXPath.findElement(By.java:353)
	at org.openqa.selenium.remote.RemoteWebDriver.findElement(RemoteWebDriver.java:314)
	at org.openqa.selenium.support.pagefactory.DefaultElementLocator.findElement(DefaultElementLocator.java:69)
	at org.openqa.selenium.support.pagefactory.AjaxElementLocator.access$001(AjaxElementLocator.java:39)
	at org.openqa.selenium.support.pagefactory.AjaxElementLocator$SlowLoadingElement.isLoaded(AjaxElementLocator.java:194)
	at org.openqa.selenium.support.ui.SlowLoadableComponent.get(SlowLoadableComponent.java:78)
	at org.openqa.selenium.support.pagefactory.AjaxElementLocator.findElement(AjaxElementLocator.java:119)
	at org.openqa.selenium.support.pagefactory.internal.LocatingElementHandler.invoke(LocatingElementHandler.java:38)
	at com.sun.proxy.$Proxy9.getWrappedElement(Unknown Source)
	at org.openqa.selenium.remote.internal.WebElementToJsonConverter.apply(WebElementToJsonConverter.java:50)
	at java.util.stream.ReferencePipeline$3$1.accept(ReferencePipeline.java:193)
	at java.util.Spliterators$ArraySpliterator.forEachRemaining(Spliterators.java:948)
	at java.util.stream.AbstractPipeline.copyInto(AbstractPipeline.java:482)
	at java.util.stream.AbstractPipeline.wrapAndCopyInto(AbstractPipeline.java:472)
	at java.util.stream.ReduceOps$ReduceOp.evaluateSequential(ReduceOps.java:708)
	at java.util.stream.AbstractPipeline.evaluate(AbstractPipeline.java:234)
	at java.util.stream.ReferencePipeline.collect(ReferencePipeline.java:499)
	at org.openqa.selenium.remote.RemoteWebDriver.executeScript(RemoteWebDriver.java:480)
	at com.cpcommunity.PageObjects.BasePage.highlightElement(BasePage.java:512)
	at com.cpcommunity.PageObjects.BasePage.click(BasePage.java:197)
	at com.cpcommunity.PageObjects.EcoSystemPage.goToMyCommunities(EcoSystemPage.java:110)
	at com.cpcommunity.testScripts.community.TC166_Verify_Rejected_Community_Is_Not_Displayed_In_MyCommunities.TC166(TC166_Verify_Rejected_Community_Is_Not_Displayed_In_MyCommunities.java:29)
</failure>
    <system-out><![CDATA[INFO    2020-09-29 06:54:20,507 [TestNG-test=Test3-3] com.cpcommunity.testScripts.community.BaseTest  - Test Execution Completed !!!
]]></system-out>
    <system-err><![CDATA[Sep 29, 2020 6:54:20 AM org.openqa.selenium.remote.Augmenter extractRemoteWebDriver
WARNING: Augmenter should be applied to the instances of @Augmentable classes or previously augmented instances only (instance class was: class org.openqa.selenium.chrome.ChromeDriver)
Sep 29, 2020 6:54:21 AM org.openqa.selenium.remote.Augmenter extractRemoteWebDriver
WARNING: Augmenter should be applied to the instances of @Augmentable classes or previously augmented instances only (instance class was: class org.openqa.selenium.chrome.ChromeDriver)
Sep 29, 2020 6:54:23 AM org.openqa.selenium.remote.Augmenter extractRemoteWebDriver
WARNING: Augmenter should be applied to the instances of @Augmentable classes or previously augmented instances only (instance class was: class org.openqa.selenium.chrome.ChromeDriver)
Sep 29, 2020 6:54:24 AM org.openqa.selenium.remote.Augmenter extractRemoteWebDriver
WARNING: Augmenter should be applied to the instances of @Augmentable classes or previously augmented instances only (instance class was: class org.openqa.selenium.chrome.ChromeDriver)
Sep 29, 2020 6:54:25 AM org.openqa.selenium.remote.Augmenter extractRemoteWebDriver
WARNING: Augmenter should be applied to the instances of @Augmentable classes or previously augmented instances only (instance class was: class org.openqa.selenium.chrome.ChromeDriver)
Sep 29, 2020 6:54:27 AM org.openqa.selenium.remote.Augmenter extractRemoteWebDriver
WARNING: Augmenter should be applied to the instances of @Augmentable classes or previously augmented instances only (instance class was: class org.openqa.selenium.chrome.ChromeDriver)
Sep 29, 2020 6:54:28 AM org.openqa.selenium.remote.Augmenter extractRemoteWebDriver
WARNING: Augmenter should be applied to the instances of @Augmentable classes or previously augmented instances only (instance class was: class org.openqa.selenium.chrome.ChromeDriver)
Sep 29, 2020 6:54:29 AM org.openqa.selenium.remote.Augmenter extractRemoteWebDriver
WARNING: Augmenter should be applied to the instances of @Augmentable classes or previously augmented instances only (instance class was: class org.openqa.selenium.chrome.ChromeDriver)
Sep 29, 2020 6:54:31 AM org.openqa.selenium.remote.Augmenter extractRemoteWebDriver
WARNING: Augmenter should be applied to the instances of @Augmentable classes or previously augmented instances only (instance class was: class org.openqa.selenium.chrome.ChromeDriver)
Sep 29, 2020 6:54:32 AM org.openqa.selenium.remote.Augmenter extractRemoteWebDriver
WARNING: Augmenter should be applied to the instances of @Augmentable classes or previously augmented instances only (instance class was: class org.openqa.selenium.chrome.ChromeDriver)
Sep 29, 2020 6:54:33 AM org.openqa.selenium.remote.Augmenter extractRemoteWebDriver
WARNING: Augmenter should be applied to the instances of @Augmentable classes or previously augmented instances only (instance class was: class org.openqa.selenium.chrome.ChromeDriver)
Sep 29, 2020 6:54:35 AM org.openqa.selenium.remote.Augmenter extractRemoteWebDriver
WARNING: Augmenter should be applied to the instances of @Augmentable classes or previously augmented instances only (instance class was: class org.openqa.selenium.chrome.ChromeDriver)
Sep 29, 2020 6:54:36 AM org.openqa.selenium.remote.Augmenter extractRemoteWebDriver
WARNING: Augmenter should be applied to the instances of @Augmentable classes or previously augmented instances only (instance class was: class org.openqa.selenium.chrome.ChromeDriver)
Sep 29, 2020 6:54:37 AM org.openqa.selenium.remote.Augmenter extractRemoteWebDriver
WARNING: Augmenter should be applied to the instances of @Augmentable classes or previously augmented instances only (instance class was: class org.openqa.selenium.chrome.ChromeDriver)
Sep 29, 2020 6:54:39 AM org.openqa.selenium.remote.Augmenter extractRemoteWebDriver
WARNING: Augmenter should be applied to the instances of @Augmentable classes or previously augmented instances only (instance class was: class org.openqa.selenium.chrome.ChromeDriver)
Sep 29, 2020 6:54:40 AM org.openqa.selenium.remote.Augmenter extractRemoteWebDriver
WARNING: Augmenter should be applied to the instances of @Augmentable classes or previously augmented instances only (instance class was: class org.openqa.selenium.chrome.ChromeDriver)
Sep 29, 2020 6:54:41 AM org.openqa.selenium.remote.Augmenter extractRemoteWebDriver
WARNING: Augmenter should be applied to the instances of @Augmentable classes or previously augmented instances only (instance class was: class org.openqa.selenium.chrome.ChromeDriver)
Sep 29, 2020 6:54:43 AM org.openqa.selenium.remote.Augmenter extractRemoteWebDriver
WARNING: Augmenter should be applied to the instances of @Augmentable classes or previously augmented instances only (instance class was: class org.openqa.selenium.chrome.ChromeDriver)
Sep 29, 2020 6:54:44 AM org.openqa.selenium.remote.Augmenter extractRemoteWebDriver
WARNING: Augmenter should be applied to the instances of @Augmentable classes or previously augmented instances only (instance class was: class org.openqa.selenium.chrome.ChromeDriver)
Sep 29, 2020 6:54:45 AM org.openqa.selenium.remote.Augmenter extractRemoteWebDriver
WARNING: Augmenter should be applied to the instances of @Augmentable classes or previously augmented instances only (instance class was: class org.openqa.selenium.chrome.ChromeDriver)
]]></system-err>
  </testcase>
  <testcase name="TC024" classname="com.cpcommunity.testScripts.myprofiletestcases.TC024_Verify_User_Is_Able_To_Delete_Protfolio" time="146.893"/>
  <testcase name="TC033" classname="com.cpcommunity.testScripts.community.TC033_Complete_Community_Setup" time="289.666"/>
  <testcase name="TC017" classname="com.cpcommunity.testScripts.myprofiletestcases.TC017_Verify_User_is_Able_to_Select_Public_Radio_Button" time="128.962">
    <failure message="unknown error: Element &lt;input type=&quot;radio&quot; ng-model=&quot;SIdata.SubscribeTypes&quot; ng-value=&quot;0&quot; ng-click=&quot;SIdata.UnsubscribeDigestEmails()&quot; name=&quot;optradio&quot; class=&quot;ng-pristine ng-untouched ng-valid ng-not-empty&quot; value=&quot;0&quot; style=&quot;background: yellow; border: 2px solid red;&quot;&gt; is not clickable at point (1083, 398). Other element would receive the click: &lt;div class=&quot;row&quot;&gt;...&lt;/div&gt;&#10;  (Session info: chrome=85.0.4183.121)&#10;  (Driver info: chromedriver=2.38.552522 (437e6fbedfa8762dec75e2c5b3ddb86763dc9dcb),platform=Windows NT 10.0.18362 x86_64) (WARNING: The server did not provide any stacktrace information)&#10;Command duration or timeout: 0 milliseconds&#10;Build info: version: &apos;3.14.0&apos;, revision: &apos;aacccce0&apos;, time: &apos;2018-08-02T20:19:58.91Z&apos;&#10;System info: host: &apos;LAPTOP-65H8KDP8&apos;, ip: &apos;10.0.0.8&apos;, os.name: &apos;Windows 10&apos;, os.arch: &apos;amd64&apos;, os.version: &apos;10.0&apos;, java.version: &apos;1.8.0_251&apos;&#10;Driver info: org.openqa.selenium.chrome.ChromeDriver&#10;Capabilities {acceptInsecureCerts: false, acceptSslCerts: false, applicationCacheEnabled: false, browserConnectionEnabled: false, browserName: chrome, chrome: {chromedriverVersion: 2.38.552522 (437e6fbedfa876..., userDataDir: C:\Users\netwo\AppData\Loca...}, cssSelectorsEnabled: true, databaseEnabled: false, handlesAlerts: true, hasTouchScreen: false, javascriptEnabled: true, locationContextEnabled: true, mobileEmulationEnabled: false, nativeEvents: true, networkConnectionEnabled: false, pageLoadStrategy: normal, platform: XP, platformName: XP, rotatable: false, setWindowRect: true, takesHeapSnapshot: true, takesScreenshot: true, unexpectedAlertBehaviour: , unhandledPromptBehavior: , version: 85.0.4183.121, webStorageEnabled: true}&#10;Session ID: 065c1b99a7c1a6d14c385ee28c1e284a" type="org.openqa.selenium.WebDriverException"><![CDATA[org.openqa.selenium.WebDriverException: unknown error: Element <input type="radio" ng-model="SIdata.SubscribeTypes" ng-value="0" ng-click="SIdata.UnsubscribeDigestEmails()" name="optradio" class="ng-pristine ng-untouched ng-valid ng-not-empty" value="0" style="background: yellow; border: 2px solid red;"> is not clickable at point (1083, 398). Other element would receive the click: <div class="row">...</div>
  (Session info: chrome=85.0.4183.121)
  (Driver info: chromedriver=2.38.552522 (437e6fbedfa8762dec75e2c5b3ddb86763dc9dcb),platform=Windows NT 10.0.18362 x86_64) (WARNING: The server did not provide any stacktrace information)
Command duration or timeout: 0 milliseconds
Build info: version: '3.14.0', revision: 'aacccce0', time: '2018-08-02T20:19:58.91Z'
System info: host: 'LAPTOP-65H8KDP8', ip: '10.0.0.8', os.name: 'Windows 10', os.arch: 'amd64', os.version: '10.0', java.version: '1.8.0_251'
Driver info: org.openqa.selenium.chrome.ChromeDriver
Capabilities {acceptInsecureCerts: false, acceptSslCerts: false, applicationCacheEnabled: false, browserConnectionEnabled: false, browserName: chrome, chrome: {chromedriverVersion: 2.38.552522 (437e6fbedfa876..., userDataDir: C:\Users\netwo\AppData\Loca...}, cssSelectorsEnabled: true, databaseEnabled: false, handlesAlerts: true, hasTouchScreen: false, javascriptEnabled: true, locationContextEnabled: true, mobileEmulationEnabled: false, nativeEvents: true, networkConnectionEnabled: false, pageLoadStrategy: normal, platform: XP, platformName: XP, rotatable: false, setWindowRect: true, takesHeapSnapshot: true, takesScreenshot: true, unexpectedAlertBehaviour: , unhandledPromptBehavior: , version: 85.0.4183.121, webStorageEnabled: true}
Session ID: 065c1b99a7c1a6d14c385ee28c1e284a
	at sun.reflect.NativeConstructorAccessorImpl.newInstance0(Native Method)
	at sun.reflect.NativeConstructorAccessorImpl.newInstance(NativeConstructorAccessorImpl.java:62)
	at sun.reflect.DelegatingConstructorAccessorImpl.newInstance(DelegatingConstructorAccessorImpl.java:45)
	at java.lang.reflect.Constructor.newInstance(Constructor.java:423)
	at org.openqa.selenium.remote.ErrorHandler.createThrowable(ErrorHandler.java:214)
	at org.openqa.selenium.remote.ErrorHandler.throwIfResponseFailed(ErrorHandler.java:166)
	at org.openqa.selenium.remote.http.JsonHttpResponseCodec.reconstructValue(JsonHttpResponseCodec.java:40)
	at org.openqa.selenium.remote.http.AbstractHttpResponseCodec.decode(AbstractHttpResponseCodec.java:80)
	at org.openqa.selenium.remote.http.AbstractHttpResponseCodec.decode(AbstractHttpResponseCodec.java:44)
	at org.openqa.selenium.remote.HttpCommandExecutor.execute(HttpCommandExecutor.java:158)
	at org.openqa.selenium.remote.service.DriverCommandExecutor.execute(DriverCommandExecutor.java:83)
	at org.openqa.selenium.remote.RemoteWebDriver.execute(RemoteWebDriver.java:548)
	at org.openqa.selenium.remote.RemoteWebElement.execute(RemoteWebElement.java:276)
	at org.openqa.selenium.remote.RemoteWebElement.click(RemoteWebElement.java:83)
	at sun.reflect.GeneratedMethodAccessor4.invoke(Unknown Source)
	at sun.reflect.DelegatingMethodAccessorImpl.invoke(DelegatingMethodAccessorImpl.java:43)
	at java.lang.reflect.Method.invoke(Method.java:498)
	at org.openqa.selenium.support.pagefactory.internal.LocatingElementHandler.invoke(LocatingElementHandler.java:51)
	at com.sun.proxy.$Proxy9.click(Unknown Source)
	at com.cpcommunity.PageObjects.BasePage.click(BasePage.java:198)
	at com.cpcommunity.PageObjects.MyProfilePage.publicRadioButton(MyProfilePage.java:393)
	at com.cpcommunity.testScripts.myprofiletestcases.TC017_Verify_User_is_Able_to_Select_Public_Radio_Button.TC017(TC017_Verify_User_is_Able_to_Select_Public_Radio_Button.java:36)
]]></failure>
    <system-out><![CDATA[INFO    2020-09-29 06:57:28,495 [TestNG-test=Test3-1] com.cpcommunity.testScripts.community.BaseTest  - Test Execution Completed !!!
Total rows are : 1167
Test case starts from row num: 19
Total rows of data are : 1
Total cols are : 5
@TestCase : TC017
Total rows are : 1167
Test case starts from row num: 587
Total rows of data are : 1
Total cols are : 26
@TestCase : TC039
Total rows are : 1167
Test case starts from row num: 981
Total rows of data are : 1
Total cols are : 6
@TestCase : TC183
Total rows are : 1167
Test case starts from row num: 976
Total rows of data are : 1
Total cols are : 11
@TestCase : TC182
Total rows are : 1167
Test case starts from row num: 95
Total rows of data are : 1
Total cols are : 17
@TestCase : TC035
INFO    2020-09-29 06:57:28,887 [TestNG-test=Test4-1] com.cpcommunity.testScripts.community.BaseTest  - Inside Login Test
Launching : chrome
INFO    2020-09-29 06:57:28,917 [TestNG-test=Test4-5] com.cpcommunity.testScripts.community.BaseTest  - Inside Login Test
Launching : chrome
INFO    2020-09-29 06:57:28,955 [TestNG-test=Test4-2] com.cpcommunity.testScripts.community.BaseTest  - Inside Login Test
Launching : chrome
INFO    2020-09-29 06:57:29,006 [TestNG-test=Test4-4] com.cpcommunity.testScripts.community.BaseTest  - Inside Login Test
Launching : chrome
INFO    2020-09-29 06:57:29,050 [TestNG-test=Test4-3] com.cpcommunity.testScripts.community.BaseTest  - Inside Login Test
Launching : chrome
ChromeDriver: chrome on XP (065c1b99a7c1a6d14c385ee28c1e284a)
065c1b99a7c1a6d14c385ee28c1e284a
INFO    2020-09-29 06:57:32,429 [TestNG-test=Test4-1] com.cpcommunity.testScripts.community.BaseTest  - Driver Initialized !!!
ChromeDriver: chrome on XP (dffff14dc2a13433aa16cef5cdee7e05)
dffff14dc2a13433aa16cef5cdee7e05
INFO    2020-09-29 06:57:33,082 [TestNG-test=Test4-2] com.cpcommunity.testScripts.community.BaseTest  - Driver Initialized !!!
ChromeDriver: chrome on XP (dad122b938d577dfd0df5d9f4713908a)
dad122b938d577dfd0df5d9f4713908a
INFO    2020-09-29 06:57:33,281 [TestNG-test=Test4-5] com.cpcommunity.testScripts.community.BaseTest  - Driver Initialized !!!
ChromeDriver: chrome on XP (8d21c3a38075e6ff48acbeb2b70e1306)
8d21c3a38075e6ff48acbeb2b70e1306
INFO    2020-09-29 06:57:33,987 [TestNG-test=Test4-4] com.cpcommunity.testScripts.community.BaseTest  - Driver Initialized !!!
ChromeDriver: chrome on XP (fe197741aece4fc37e44c9ba4ba25fbf)
fe197741aece4fc37e44c9ba4ba25fbf
INFO    2020-09-29 06:57:34,870 [TestNG-test=Test4-3] com.cpcommunity.testScripts.community.BaseTest  - Driver Initialized !!!
Page Opened
Page Opened
Page Opened
Page Opened
Page Opened
INFO    2020-09-29 06:57:50,810 [TestNG-test=Test4-3] com.cpcommunity.PageObjects.BasePage  - scrolling up vertically...
INFO    2020-09-29 06:57:51,216 [TestNG-test=Test4-2] com.cpcommunity.PageObjects.BasePage  - scrolling up vertically...
INFO    2020-09-29 06:57:51,245 [TestNG-test=Test4-5] com.cpcommunity.PageObjects.BasePage  - scrolling up vertically...
INFO    2020-09-29 06:57:51,274 [TestNG-test=Test4-4] com.cpcommunity.PageObjects.BasePage  - scrolling up vertically...
INFO    2020-09-29 06:57:51,343 [TestNG-test=Test4-1] com.cpcommunity.PageObjects.BasePage  - scrolling up vertically...
INFO    2020-09-29 06:57:55,928 [TestNG-test=Test4-3] com.cpcommunity.PageObjects.BasePage  - waiting for :[[ChromeDriver: chrome on XP (fe197741aece4fc37e44c9ba4ba25fbf)] -> xpath: //a[contains(.,'Login')]] for :18 seconds
INFO    2020-09-29 06:57:55,961 [TestNG-test=Test4-3] com.cpcommunity.PageObjects.BasePage  - [[ChromeDriver: chrome on XP (fe197741aece4fc37e44c9ba4ba25fbf)] -> xpath: //a[contains(.,'Login')]]is displayed
INFO    2020-09-29 06:57:56,317 [TestNG-test=Test4-2] com.cpcommunity.PageObjects.BasePage  - waiting for :[[ChromeDriver: chrome on XP (dffff14dc2a13433aa16cef5cdee7e05)] -> xpath: //a[contains(.,'Login')]] for :18 seconds
INFO    2020-09-29 06:57:56,347 [TestNG-test=Test4-5] com.cpcommunity.PageObjects.BasePage  - waiting for :[[ChromeDriver: chrome on XP (dad122b938d577dfd0df5d9f4713908a)] -> xpath: //a[contains(.,'Login')]] for :18 seconds
INFO    2020-09-29 06:57:56,363 [TestNG-test=Test4-4] com.cpcommunity.PageObjects.BasePage  - waiting for :[[ChromeDriver: chrome on XP (8d21c3a38075e6ff48acbeb2b70e1306)] -> xpath: //a[contains(.,'Login')]] for :18 seconds
INFO    2020-09-29 06:57:56,427 [TestNG-test=Test4-4] com.cpcommunity.PageObjects.BasePage  - [[ChromeDriver: chrome on XP (8d21c3a38075e6ff48acbeb2b70e1306)] -> xpath: //a[contains(.,'Login')]]is displayed
INFO    2020-09-29 06:57:56,428 [TestNG-test=Test4-2] com.cpcommunity.PageObjects.BasePage  - [[ChromeDriver: chrome on XP (dffff14dc2a13433aa16cef5cdee7e05)] -> xpath: //a[contains(.,'Login')]]is displayed
INFO    2020-09-29 06:57:56,443 [TestNG-test=Test4-5] com.cpcommunity.PageObjects.BasePage  - [[ChromeDriver: chrome on XP (dad122b938d577dfd0df5d9f4713908a)] -> xpath: //a[contains(.,'Login')]]is displayed
INFO    2020-09-29 06:57:56,465 [TestNG-test=Test4-1] com.cpcommunity.PageObjects.BasePage  - waiting for :[[ChromeDriver: chrome on XP (065c1b99a7c1a6d14c385ee28c1e284a)] -> xpath: //a[contains(.,'Login')]] for :18 seconds
INFO    2020-09-29 06:57:56,495 [TestNG-test=Test4-1] com.cpcommunity.PageObjects.BasePage  - [[ChromeDriver: chrome on XP (065c1b99a7c1a6d14c385ee28c1e284a)] -> xpath: //a[contains(.,'Login')]]is displayed
INFO    2020-09-29 06:57:58,973 [TestNG-test=Test4-3] com.cpcommunity.PageObjects.BasePage  - Clicking on : LOGIN
INFO    2020-09-29 06:57:59,435 [TestNG-test=Test4-4] com.cpcommunity.PageObjects.BasePage  - Clicking on : LOGIN
INFO    2020-09-29 06:57:59,444 [TestNG-test=Test4-2] com.cpcommunity.PageObjects.BasePage  - Clicking on : LOGIN
INFO    2020-09-29 06:57:59,447 [TestNG-test=Test4-5] com.cpcommunity.PageObjects.BasePage  - Clicking on : LOGIN
INFO    2020-09-29 06:57:59,497 [TestNG-test=Test4-1] com.cpcommunity.PageObjects.BasePage  - Clicking on : LOGIN
ChromeDriver: chrome on XP (fe197741aece4fc37e44c9ba4ba25fbf)Login Page
ChromeDriver: chrome on XP (dffff14dc2a13433aa16cef5cdee7e05)Login Page
ChromeDriver: chrome on XP (065c1b99a7c1a6d14c385ee28c1e284a)Login Page
ChromeDriver: chrome on XP (8d21c3a38075e6ff48acbeb2b70e1306)Login Page
ChromeDriver: chrome on XP (dad122b938d577dfd0df5d9f4713908a)Login Page
INFO    2020-09-29 06:58:07,933 [TestNG-test=Test4-3] com.cpcommunity.PageObjects.BasePage  - scrolling up vertically...
INFO    2020-09-29 06:58:08,314 [TestNG-test=Test4-2] com.cpcommunity.PageObjects.BasePage  - scrolling up vertically...
INFO    2020-09-29 06:58:08,343 [TestNG-test=Test4-4] com.cpcommunity.PageObjects.BasePage  - scrolling up vertically...
INFO    2020-09-29 06:58:08,344 [TestNG-test=Test4-1] com.cpcommunity.PageObjects.BasePage  - scrolling up vertically...
INFO    2020-09-29 06:58:08,394 [TestNG-test=Test4-5] com.cpcommunity.PageObjects.BasePage  - scrolling up vertically...
INFO    2020-09-29 06:58:13,069 [TestNG-test=Test4-3] com.cpcommunity.PageObjects.BasePage  - Typing in : email address entered the value as : andrew74444@gmail.com
INFO    2020-09-29 06:58:13,364 [TestNG-test=Test4-4] com.cpcommunity.PageObjects.BasePage  - Typing in : email address entered the value as : curatora99@gmail.com
INFO    2020-09-29 06:58:13,364 [TestNG-test=Test4-1] com.cpcommunity.PageObjects.BasePage  - Typing in : email address entered the value as : andrew74444@gmail.com
INFO    2020-09-29 06:58:13,365 [TestNG-test=Test4-2] com.cpcommunity.PageObjects.BasePage  - Typing in : email address entered the value as : andrew74444@gmail.com
INFO    2020-09-29 06:58:13,406 [TestNG-test=Test4-5] com.cpcommunity.PageObjects.BasePage  - Typing in : email address entered the value as : andrew74444@gmail.com
INFO    2020-09-29 06:58:14,159 [TestNG-test=Test4-3] com.cpcommunity.PageObjects.BasePage  - Typing in : password entered the value as : Admin@123
INFO    2020-09-29 06:58:15,502 [TestNG-test=Test4-3] com.cpcommunity.PageObjects.BasePage  - Clicking on : Login
INFO    2020-09-29 06:58:16,995 [TestNG-test=Test4-2] com.cpcommunity.PageObjects.BasePage  - Typing in : password entered the value as : Admin@123
INFO    2020-09-29 06:58:17,030 [TestNG-test=Test4-5] com.cpcommunity.PageObjects.BasePage  - Typing in : password entered the value as : Admin@123
INFO    2020-09-29 06:58:17,204 [TestNG-test=Test4-4] com.cpcommunity.PageObjects.BasePage  - Typing in : password entered the value as : Admin@123
INFO    2020-09-29 06:58:17,474 [TestNG-test=Test4-1] com.cpcommunity.PageObjects.BasePage  - Typing in : password entered the value as : Admin@123
INFO    2020-09-29 06:58:18,809 [TestNG-test=Test4-5] com.cpcommunity.PageObjects.BasePage  - Clicking on : Login
INFO    2020-09-29 06:58:19,497 [TestNG-test=Test4-1] com.cpcommunity.PageObjects.BasePage  - Clicking on : Login
INFO    2020-09-29 06:58:19,610 [TestNG-test=Test4-2] com.cpcommunity.PageObjects.BasePage  - Clicking on : Login
INFO    2020-09-29 06:58:19,611 [TestNG-test=Test4-4] com.cpcommunity.PageObjects.BasePage  - Clicking on : Login
INFO    2020-09-29 06:58:36,200 [TestNG-test=Test4-3] com.cpcommunity.PageObjects.BasePage  - scrolling up vertically...
INFO    2020-09-29 06:58:42,223 [TestNG-test=Test4-3] com.cpcommunity.PageObjects.BasePage  - Clicking on : view All
INFO    2020-09-29 06:58:55,199 [TestNG-test=Test4-3] com.cpcommunity.PageObjects.BasePage  - scrolling up vertically...
Date Format with dd MMMM yyyy : 29 Sep 2020
INFO    2020-09-29 06:59:00,706 [TestNG-test=Test4-3] com.cpcommunity.PageObjects.BasePage  - waiting for :[[ChromeDriver: chrome on XP (fe197741aece4fc37e44c9ba4ba25fbf)] -> xpath: //input[@placeholder='Search by Community Name']] for :18 seconds
INFO    2020-09-29 06:59:00,855 [TestNG-test=Test4-3] com.cpcommunity.PageObjects.BasePage  - [[ChromeDriver: chrome on XP (fe197741aece4fc37e44c9ba4ba25fbf)] -> xpath: //input[@placeholder='Search by Community Name']]is displayed
INFO    2020-09-29 06:59:02,782 [TestNG-test=Test4-5] com.cpcommunity.PageObjects.BasePage  - scrolling up vertically...
INFO    2020-09-29 06:59:03,227 [TestNG-test=Test4-3] com.cpcommunity.PageObjects.BasePage  - Typing in : Search by Community entered the value as : Community - 29 Sep 2020
INFO    2020-09-29 06:59:04,097 [TestNG-test=Test4-3] com.cpcommunity.PageObjects.BasePage  - Clicking on : search btn
INFO    2020-09-29 06:59:04,242 [TestNG-test=Test4-1] com.cpcommunity.PageObjects.BasePage  - scrolling up vertically...
INFO    2020-09-29 06:59:07,858 [TestNG-test=Test4-5] com.cpcommunity.PageObjects.BasePage  - Clicking on : view All
INFO    2020-09-29 06:59:08,994 [TestNG-test=Test4-4] com.cpcommunity.PageObjects.BasePage  - scrolling up vertically...
INFO    2020-09-29 06:59:09,037 [TestNG-test=Test4-2] com.cpcommunity.PageObjects.BasePage  - scrolling up vertically...
INFO    2020-09-29 06:59:10,428 [TestNG-test=Test4-3] com.cpcommunity.PageObjects.BasePage  - waiting for :[[ChromeDriver: chrome on XP (fe197741aece4fc37e44c9ba4ba25fbf)] -> xpath: //a[@tooltip='Community - 29 Sep 2020']] for :18 seconds
INFO    2020-09-29 06:59:10,444 [TestNG-test=Test4-3] com.cpcommunity.PageObjects.BasePage  - [[ChromeDriver: chrome on XP (fe197741aece4fc37e44c9ba4ba25fbf)] -> xpath: //a[@tooltip='Community - 29 Sep 2020']]is displayed
INFO    2020-09-29 06:59:12,794 [TestNG-test=Test4-3] com.cpcommunity.PageObjects.BasePage  - Clicking on : Manage
INFO    2020-09-29 06:59:12,991 [TestNG-test=Test4-5] com.cpcommunity.PageObjects.BasePage  - scrolling up vertically...
INFO    2020-09-29 06:59:14,098 [TestNG-test=Test4-4] com.cpcommunity.PageObjects.BasePage  - Clicking on : view All
INFO    2020-09-29 06:59:14,127 [TestNG-test=Test4-2] com.cpcommunity.PageObjects.BasePage  - Clicking on : view All
INFO    2020-09-29 06:59:16,643 [TestNG-test=Test4-3] com.cpcommunity.PageObjects.BasePage  - waiting for :[[ChromeDriver: chrome on XP (fe197741aece4fc37e44c9ba4ba25fbf)] -> xpath: //h2[contains(text(),'Dashboard')]] for :18 seconds
INFO    2020-09-29 06:59:16,758 [TestNG-test=Test4-3] com.cpcommunity.PageObjects.BasePage  - [[ChromeDriver: chrome on XP (fe197741aece4fc37e44c9ba4ba25fbf)] -> xpath: //h2[contains(text(),'Dashboard')]]is displayed
Date Format with dd MMMM yyyy : 29 Sep 2020
INFO    2020-09-29 06:59:18,332 [TestNG-test=Test4-5] com.cpcommunity.PageObjects.BasePage  - waiting for :[[ChromeDriver: chrome on XP (dad122b938d577dfd0df5d9f4713908a)] -> xpath: //input[@placeholder='Search by Community Name']] for :18 seconds
INFO    2020-09-29 06:59:18,425 [TestNG-test=Test4-5] com.cpcommunity.PageObjects.BasePage  - [[ChromeDriver: chrome on XP (dad122b938d577dfd0df5d9f4713908a)] -> xpath: //input[@placeholder='Search by Community Name']]is displayed
INFO    2020-09-29 06:59:20,911 [TestNG-test=Test4-5] com.cpcommunity.PageObjects.BasePage  - Typing in : Search by Community entered the value as : Community - 29 Sep 2020
INFO    2020-09-29 06:59:20,932 [TestNG-test=Test4-4] com.cpcommunity.PageObjects.BasePage  - scrolling up vertically...
INFO    2020-09-29 06:59:20,940 [TestNG-test=Test4-2] com.cpcommunity.PageObjects.BasePage  - scrolling up vertically...
INFO    2020-09-29 06:59:21,209 [TestNG-test=Test4-5] com.cpcommunity.PageObjects.BasePage  - Clicking on : search btn
INFO    2020-09-29 06:59:23,577 [TestNG-test=Test4-3] com.cpcommunity.PageObjects.BasePage  - scrolling up vertically...
INFO    2020-09-29 06:59:23,757 [TestNG-test=Test4-1] com.cpcommunity.PageObjects.BasePage  - scrolling up vertically...
Date Format with dd MMMM yyyy : 29 Sep 2020
INFO    2020-09-29 06:59:26,025 [TestNG-test=Test4-2] com.cpcommunity.PageObjects.BasePage  - waiting for :[[ChromeDriver: chrome on XP (dffff14dc2a13433aa16cef5cdee7e05)] -> xpath: //input[@placeholder='Search by Community Name']] for :18 seconds
INFO    2020-09-29 06:59:26,112 [TestNG-test=Test4-2] com.cpcommunity.PageObjects.BasePage  - [[ChromeDriver: chrome on XP (dffff14dc2a13433aa16cef5cdee7e05)] -> xpath: //input[@placeholder='Search by Community Name']]is displayed
INFO    2020-09-29 06:59:27,424 [TestNG-test=Test4-5] com.cpcommunity.PageObjects.BasePage  - waiting for :[[ChromeDriver: chrome on XP (dad122b938d577dfd0df5d9f4713908a)] -> xpath: //a[@tooltip='Community - 29 Sep 2020']] for :18 seconds
INFO    2020-09-29 06:59:27,437 [TestNG-test=Test4-5] com.cpcommunity.PageObjects.BasePage  - [[ChromeDriver: chrome on XP (dad122b938d577dfd0df5d9f4713908a)] -> xpath: //a[@tooltip='Community - 29 Sep 2020']]is displayed
INFO    2020-09-29 06:59:28,495 [TestNG-test=Test4-2] com.cpcommunity.PageObjects.BasePage  - Typing in : Search by Community entered the value as : Community - 29 Sep 2020
INFO    2020-09-29 06:59:28,831 [TestNG-test=Test4-1] com.cpcommunity.PageObjects.BasePage  - Clicking on : EditBtn
INFO    2020-09-29 06:59:29,095 [TestNG-test=Test4-3] com.cpcommunity.PageObjects.BasePage  - Clicking on : Membership Plans
INFO    2020-09-29 06:59:29,412 [TestNG-test=Test4-2] com.cpcommunity.PageObjects.BasePage  - Clicking on : search btn
INFO    2020-09-29 06:59:29,963 [TestNG-test=Test4-5] com.cpcommunity.PageObjects.BasePage  - Clicking on : Manage
INFO    2020-09-29 06:59:32,242 [TestNG-test=Test4-4] com.cpcommunity.PageObjects.BasePage  - scrolling up vertically...
INFO    2020-09-29 06:59:32,491 [TestNG-test=Test4-5] com.cpcommunity.PageObjects.BasePage  - waiting for :[[ChromeDriver: chrome on XP (dad122b938d577dfd0df5d9f4713908a)] -> xpath: //h2[contains(text(),'Dashboard')]] for :18 seconds
INFO    2020-09-29 06:59:32,566 [TestNG-test=Test4-5] com.cpcommunity.PageObjects.BasePage  - [[ChromeDriver: chrome on XP (dad122b938d577dfd0df5d9f4713908a)] -> xpath: //h2[contains(text(),'Dashboard')]]is displayed
INFO    2020-09-29 06:59:35,161 [TestNG-test=Test4-3] com.cpcommunity.PageObjects.BasePage  - scrolling up vertically...
INFO    2020-09-29 06:59:36,106 [TestNG-test=Test4-2] com.cpcommunity.PageObjects.BasePage  - waiting for :[[ChromeDriver: chrome on XP (dffff14dc2a13433aa16cef5cdee7e05)] -> xpath: //a[@tooltip='Community - 29 Sep 2020']] for :18 seconds
INFO    2020-09-29 06:59:36,122 [TestNG-test=Test4-2] com.cpcommunity.PageObjects.BasePage  - [[ChromeDriver: chrome on XP (dffff14dc2a13433aa16cef5cdee7e05)] -> xpath: //a[@tooltip='Community - 29 Sep 2020']]is displayed
Date Format with dd MMMM yyyy : 29 Sep 2020
INFO    2020-09-29 06:59:37,472 [TestNG-test=Test4-4] com.cpcommunity.PageObjects.BasePage  - Typing in : Name entered the value as : Virtual Business - 29 Sep 2020
INFO    2020-09-29 06:59:37,474 [TestNG-test=Test4-1] com.cpcommunity.PageObjects.BasePage  - Clicking on : PublicRdnBtn
]]></system-out>
    <system-err><![CDATA[Starting ChromeDriver 2.38.552522 (437e6fbedfa8762dec75e2c5b3ddb86763dc9dcb) on port 18093
Only local connections are allowed.
Starting ChromeDriver 2.38.552522 (437e6fbedfa8762dec75e2c5b3ddb86763dc9dcb) on port 31611
Only local connections are allowed.
Starting ChromeDriver 2.38.552522 (437e6fbedfa8762dec75e2c5b3ddb86763dc9dcb) on port 29411
Only local connections are allowed.
Starting ChromeDriver 2.38.552522 (437e6fbedfa8762dec75e2c5b3ddb86763dc9dcb) on port 36684
Only local connections are allowed.
Starting ChromeDriver 2.38.552522 (437e6fbedfa8762dec75e2c5b3ddb86763dc9dcb) on port 3787
Only local connections are allowed.
Sep 29, 2020 6:57:32 AM org.openqa.selenium.remote.ProtocolHandshake createSession
INFO: Detected dialect: OSS
Sep 29, 2020 6:57:33 AM org.openqa.selenium.remote.ProtocolHandshake createSession
INFO: Detected dialect: OSS
Sep 29, 2020 6:57:33 AM org.openqa.selenium.remote.ProtocolHandshake createSession
INFO: Detected dialect: OSS
Sep 29, 2020 6:57:33 AM org.openqa.selenium.remote.ProtocolHandshake createSession
INFO: Detected dialect: OSS
Sep 29, 2020 6:57:34 AM org.openqa.selenium.remote.ProtocolHandshake createSession
INFO: Detected dialect: OSS
Sep 29, 2020 6:57:45 AM org.openqa.selenium.remote.Augmenter extractRemoteWebDriver
WARNING: Augmenter should be applied to the instances of @Augmentable classes or previously augmented instances only (instance class was: class org.openqa.selenium.chrome.ChromeDriver)
Sep 29, 2020 6:57:45 AM org.openqa.selenium.remote.Augmenter extractRemoteWebDriver
WARNING: Augmenter should be applied to the instances of @Augmentable classes or previously augmented instances only (instance class was: class org.openqa.selenium.chrome.ChromeDriver)
Sep 29, 2020 6:57:45 AM org.openqa.selenium.remote.Augmenter extractRemoteWebDriver
WARNING: Augmenter should be applied to the instances of @Augmentable classes or previously augmented instances only (instance class was: class org.openqa.selenium.chrome.ChromeDriver)
Sep 29, 2020 6:57:45 AM org.openqa.selenium.remote.Augmenter extractRemoteWebDriver
WARNING: Augmenter should be applied to the instances of @Augmentable classes or previously augmented instances only (instance class was: class org.openqa.selenium.chrome.ChromeDriver)
Sep 29, 2020 6:57:46 AM org.openqa.selenium.remote.Augmenter extractRemoteWebDriver
WARNING: Augmenter should be applied to the instances of @Augmentable classes or previously augmented instances only (instance class was: class org.openqa.selenium.chrome.ChromeDriver)
Sep 29, 2020 6:57:47 AM org.openqa.selenium.remote.Augmenter extractRemoteWebDriver
WARNING: Augmenter should be applied to the instances of @Augmentable classes or previously augmented instances only (instance class was: class org.openqa.selenium.chrome.ChromeDriver)
Sep 29, 2020 6:57:48 AM org.openqa.selenium.remote.Augmenter extractRemoteWebDriver
WARNING: Augmenter should be applied to the instances of @Augmentable classes or previously augmented instances only (instance class was: class org.openqa.selenium.chrome.ChromeDriver)
Sep 29, 2020 6:57:48 AM org.openqa.selenium.remote.Augmenter extractRemoteWebDriver
WARNING: Augmenter should be applied to the instances of @Augmentable classes or previously augmented instances only (instance class was: class org.openqa.selenium.chrome.ChromeDriver)
Sep 29, 2020 6:57:48 AM org.openqa.selenium.remote.Augmenter extractRemoteWebDriver
WARNING: Augmenter should be applied to the instances of @Augmentable classes or previously augmented instances only (instance class was: class org.openqa.selenium.chrome.ChromeDriver)
Sep 29, 2020 6:57:48 AM org.openqa.selenium.remote.Augmenter extractRemoteWebDriver
WARNING: Augmenter should be applied to the instances of @Augmentable classes or previously augmented instances only (instance class was: class org.openqa.selenium.chrome.ChromeDriver)
Sep 29, 2020 6:57:49 AM org.openqa.selenium.remote.Augmenter extractRemoteWebDriver
WARNING: Augmenter should be applied to the instances of @Augmentable classes or previously augmented instances only (instance class was: class org.openqa.selenium.chrome.ChromeDriver)
Sep 29, 2020 6:57:49 AM org.openqa.selenium.remote.Augmenter extractRemoteWebDriver
WARNING: Augmenter should be applied to the instances of @Augmentable classes or previously augmented instances only (instance class was: class org.openqa.selenium.chrome.ChromeDriver)
Sep 29, 2020 6:57:49 AM org.openqa.selenium.remote.Augmenter extractRemoteWebDriver
WARNING: Augmenter should be applied to the instances of @Augmentable classes or previously augmented instances only (instance class was: class org.openqa.selenium.chrome.ChromeDriver)
Sep 29, 2020 6:57:49 AM org.openqa.selenium.remote.Augmenter extractRemoteWebDriver
WARNING: Augmenter should be applied to the instances of @Augmentable classes or previously augmented instances only (instance class was: class org.openqa.selenium.chrome.ChromeDriver)
Sep 29, 2020 6:57:49 AM org.openqa.selenium.remote.Augmenter extractRemoteWebDriver
WARNING: Augmenter should be applied to the instances of @Augmentable classes or previously augmented instances only (instance class was: class org.openqa.selenium.chrome.ChromeDriver)
Sep 29, 2020 6:58:06 AM org.openqa.selenium.remote.Augmenter extractRemoteWebDriver
WARNING: Augmenter should be applied to the instances of @Augmentable classes or previously augmented instances only (instance class was: class org.openqa.selenium.chrome.ChromeDriver)
Sep 29, 2020 6:58:06 AM org.openqa.selenium.remote.Augmenter extractRemoteWebDriver
WARNING: Augmenter should be applied to the instances of @Augmentable classes or previously augmented instances only (instance class was: class org.openqa.selenium.chrome.ChromeDriver)
Sep 29, 2020 6:58:06 AM org.openqa.selenium.remote.Augmenter extractRemoteWebDriver
WARNING: Augmenter should be applied to the instances of @Augmentable classes or previously augmented instances only (instance class was: class org.openqa.selenium.chrome.ChromeDriver)
Sep 29, 2020 6:58:06 AM org.openqa.selenium.remote.Augmenter extractRemoteWebDriver
WARNING: Augmenter should be applied to the instances of @Augmentable classes or previously augmented instances only (instance class was: class org.openqa.selenium.chrome.ChromeDriver)
Sep 29, 2020 6:58:06 AM org.openqa.selenium.remote.Augmenter extractRemoteWebDriver
WARNING: Augmenter should be applied to the instances of @Augmentable classes or previously augmented instances only (instance class was: class org.openqa.selenium.chrome.ChromeDriver)
Sep 29, 2020 6:58:07 AM org.openqa.selenium.remote.Augmenter extractRemoteWebDriver
WARNING: Augmenter should be applied to the instances of @Augmentable classes or previously augmented instances only (instance class was: class org.openqa.selenium.chrome.ChromeDriver)
Sep 29, 2020 6:58:07 AM org.openqa.selenium.remote.Augmenter extractRemoteWebDriver
WARNING: Augmenter should be applied to the instances of @Augmentable classes or previously augmented instances only (instance class was: class org.openqa.selenium.chrome.ChromeDriver)
Sep 29, 2020 6:58:07 AM org.openqa.selenium.remote.Augmenter extractRemoteWebDriver
WARNING: Augmenter should be applied to the instances of @Augmentable classes or previously augmented instances only (instance class was: class org.openqa.selenium.chrome.ChromeDriver)
Sep 29, 2020 6:58:07 AM org.openqa.selenium.remote.Augmenter extractRemoteWebDriver
WARNING: Augmenter should be applied to the instances of @Augmentable classes or previously augmented instances only (instance class was: class org.openqa.selenium.chrome.ChromeDriver)
Sep 29, 2020 6:58:07 AM org.openqa.selenium.remote.Augmenter extractRemoteWebDriver
WARNING: Augmenter should be applied to the instances of @Augmentable classes or previously augmented instances only (instance class was: class org.openqa.selenium.chrome.ChromeDriver)
Sep 29, 2020 6:58:22 AM org.openqa.selenium.remote.Augmenter extractRemoteWebDriver
WARNING: Augmenter should be applied to the instances of @Augmentable classes or previously augmented instances only (instance class was: class org.openqa.selenium.chrome.ChromeDriver)
Sep 29, 2020 6:58:25 AM org.openqa.selenium.remote.Augmenter extractRemoteWebDriver
WARNING: Augmenter should be applied to the instances of @Augmentable classes or previously augmented instances only (instance class was: class org.openqa.selenium.chrome.ChromeDriver)
Sep 29, 2020 6:58:29 AM org.openqa.selenium.remote.Augmenter extractRemoteWebDriver
WARNING: Augmenter should be applied to the instances of @Augmentable classes or previously augmented instances only (instance class was: class org.openqa.selenium.chrome.ChromeDriver)
Sep 29, 2020 6:58:42 AM org.openqa.selenium.remote.Augmenter extractRemoteWebDriver
WARNING: Augmenter should be applied to the instances of @Augmentable classes or previously augmented instances only (instance class was: class org.openqa.selenium.chrome.ChromeDriver)
Sep 29, 2020 6:58:42 AM org.openqa.selenium.remote.Augmenter extractRemoteWebDriver
WARNING: Augmenter should be applied to the instances of @Augmentable classes or previously augmented instances only (instance class was: class org.openqa.selenium.chrome.ChromeDriver)
Sep 29, 2020 6:58:42 AM org.openqa.selenium.remote.Augmenter extractRemoteWebDriver
WARNING: Augmenter should be applied to the instances of @Augmentable classes or previously augmented instances only (instance class was: class org.openqa.selenium.chrome.ChromeDriver)
Sep 29, 2020 6:58:42 AM org.openqa.selenium.remote.Augmenter extractRemoteWebDriver
WARNING: Augmenter should be applied to the instances of @Augmentable classes or previously augmented instances only (instance class was: class org.openqa.selenium.chrome.ChromeDriver)
Sep 29, 2020 6:58:51 AM org.openqa.selenium.remote.Augmenter extractRemoteWebDriver
WARNING: Augmenter should be applied to the instances of @Augmentable classes or previously augmented instances only (instance class was: class org.openqa.selenium.chrome.ChromeDriver)
Sep 29, 2020 6:58:52 AM org.openqa.selenium.remote.Augmenter extractRemoteWebDriver
WARNING: Augmenter should be applied to the instances of @Augmentable classes or previously augmented instances only (instance class was: class org.openqa.selenium.chrome.ChromeDriver)
Sep 29, 2020 6:58:53 AM org.openqa.selenium.remote.Augmenter extractRemoteWebDriver
WARNING: Augmenter should be applied to the instances of @Augmentable classes or previously augmented instances only (instance class was: class org.openqa.selenium.chrome.ChromeDriver)
Sep 29, 2020 6:58:54 AM org.openqa.selenium.remote.Augmenter extractRemoteWebDriver
WARNING: Augmenter should be applied to the instances of @Augmentable classes or previously augmented instances only (instance class was: class org.openqa.selenium.chrome.ChromeDriver)
Sep 29, 2020 6:58:56 AM org.openqa.selenium.remote.Augmenter extractRemoteWebDriver
WARNING: Augmenter should be applied to the instances of @Augmentable classes or previously augmented instances only (instance class was: class org.openqa.selenium.chrome.ChromeDriver)
Sep 29, 2020 6:58:58 AM org.openqa.selenium.remote.Augmenter extractRemoteWebDriver
WARNING: Augmenter should be applied to the instances of @Augmentable classes or previously augmented instances only (instance class was: class org.openqa.selenium.chrome.ChromeDriver)
Sep 29, 2020 6:59:06 AM org.openqa.selenium.remote.Augmenter extractRemoteWebDriver
WARNING: Augmenter should be applied to the instances of @Augmentable classes or previously augmented instances only (instance class was: class org.openqa.selenium.chrome.ChromeDriver)
Sep 29, 2020 6:59:06 AM org.openqa.selenium.remote.Augmenter extractRemoteWebDriver
WARNING: Augmenter should be applied to the instances of @Augmentable classes or previously augmented instances only (instance class was: class org.openqa.selenium.chrome.ChromeDriver)
Sep 29, 2020 6:59:07 AM org.openqa.selenium.remote.Augmenter extractRemoteWebDriver
WARNING: Augmenter should be applied to the instances of @Augmentable classes or previously augmented instances only (instance class was: class org.openqa.selenium.chrome.ChromeDriver)
Sep 29, 2020 6:59:08 AM org.openqa.selenium.remote.Augmenter extractRemoteWebDriver
WARNING: Augmenter should be applied to the instances of @Augmentable classes or previously augmented instances only (instance class was: class org.openqa.selenium.chrome.ChromeDriver)
Sep 29, 2020 6:59:10 AM org.openqa.selenium.remote.Augmenter extractRemoteWebDriver
WARNING: Augmenter should be applied to the instances of @Augmentable classes or previously augmented instances only (instance class was: class org.openqa.selenium.chrome.ChromeDriver)
Sep 29, 2020 6:59:12 AM org.openqa.selenium.remote.Augmenter extractRemoteWebDriver
WARNING: Augmenter should be applied to the instances of @Augmentable classes or previously augmented instances only (instance class was: class org.openqa.selenium.chrome.ChromeDriver)
Sep 29, 2020 6:59:18 AM org.openqa.selenium.remote.Augmenter extractRemoteWebDriver
WARNING: Augmenter should be applied to the instances of @Augmentable classes or previously augmented instances only (instance class was: class org.openqa.selenium.chrome.ChromeDriver)
Sep 29, 2020 6:59:18 AM org.openqa.selenium.remote.Augmenter extractRemoteWebDriver
WARNING: Augmenter should be applied to the instances of @Augmentable classes or previously augmented instances only (instance class was: class org.openqa.selenium.chrome.ChromeDriver)
Sep 29, 2020 6:59:19 AM org.openqa.selenium.remote.Augmenter extractRemoteWebDriver
WARNING: Augmenter should be applied to the instances of @Augmentable classes or previously augmented instances only (instance class was: class org.openqa.selenium.chrome.ChromeDriver)
Sep 29, 2020 6:59:19 AM org.openqa.selenium.remote.Augmenter extractRemoteWebDriver
WARNING: Augmenter should be applied to the instances of @Augmentable classes or previously augmented instances only (instance class was: class org.openqa.selenium.chrome.ChromeDriver)
Sep 29, 2020 6:59:19 AM org.openqa.selenium.remote.Augmenter extractRemoteWebDriver
WARNING: Augmenter should be applied to the instances of @Augmentable classes or previously augmented instances only (instance class was: class org.openqa.selenium.chrome.ChromeDriver)
Sep 29, 2020 6:59:20 AM org.openqa.selenium.remote.Augmenter extractRemoteWebDriver
WARNING: Augmenter should be applied to the instances of @Augmentable classes or previously augmented instances only (instance class was: class org.openqa.selenium.chrome.ChromeDriver)
Sep 29, 2020 6:59:21 AM org.openqa.selenium.remote.Augmenter extractRemoteWebDriver
WARNING: Augmenter should be applied to the instances of @Augmentable classes or previously augmented instances only (instance class was: class org.openqa.selenium.chrome.ChromeDriver)
Sep 29, 2020 6:59:21 AM org.openqa.selenium.remote.Augmenter extractRemoteWebDriver
WARNING: Augmenter should be applied to the instances of @Augmentable classes or previously augmented instances only (instance class was: class org.openqa.selenium.chrome.ChromeDriver)
Sep 29, 2020 6:59:22 AM org.openqa.selenium.remote.Augmenter extractRemoteWebDriver
WARNING: Augmenter should be applied to the instances of @Augmentable classes or previously augmented instances only (instance class was: class org.openqa.selenium.chrome.ChromeDriver)
Sep 29, 2020 6:59:22 AM org.openqa.selenium.remote.Augmenter extractRemoteWebDriver
WARNING: Augmenter should be applied to the instances of @Augmentable classes or previously augmented instances only (instance class was: class org.openqa.selenium.chrome.ChromeDriver)
Sep 29, 2020 6:59:29 AM org.openqa.selenium.remote.Augmenter extractRemoteWebDriver
WARNING: Augmenter should be applied to the instances of @Augmentable classes or previously augmented instances only (instance class was: class org.openqa.selenium.chrome.ChromeDriver)
Sep 29, 2020 6:59:31 AM org.openqa.selenium.remote.Augmenter extractRemoteWebDriver
WARNING: Augmenter should be applied to the instances of @Augmentable classes or previously augmented instances only (instance class was: class org.openqa.selenium.chrome.ChromeDriver)
Sep 29, 2020 6:59:33 AM org.openqa.selenium.remote.Augmenter extractRemoteWebDriver
WARNING: Augmenter should be applied to the instances of @Augmentable classes or previously augmented instances only (instance class was: class org.openqa.selenium.chrome.ChromeDriver)
Sep 29, 2020 6:59:34 AM org.openqa.selenium.remote.Augmenter extractRemoteWebDriver
WARNING: Augmenter should be applied to the instances of @Augmentable classes or previously augmented instances only (instance class was: class org.openqa.selenium.chrome.ChromeDriver)
Sep 29, 2020 6:59:35 AM org.openqa.selenium.remote.Augmenter extractRemoteWebDriver
WARNING: Augmenter should be applied to the instances of @Augmentable classes or previously augmented instances only (instance class was: class org.openqa.selenium.chrome.ChromeDriver)
Sep 29, 2020 6:59:37 AM org.openqa.selenium.remote.Augmenter extractRemoteWebDriver
WARNING: Augmenter should be applied to the instances of @Augmentable classes or previously augmented instances only (instance class was: class org.openqa.selenium.chrome.ChromeDriver)
]]></system-err>
  </testcase>
  <testcase name="TC039" classname="com.cpcommunity.testScripts.community.TC039_Edit_Community" time="6.293">
    <failure message="element not visible&#10;  (Session info: chrome=85.0.4183.121)&#10;  (Driver info: chromedriver=2.38.552522 (437e6fbedfa8762dec75e2c5b3ddb86763dc9dcb),platform=Windows NT 10.0.18362 x86_64) (WARNING: The server did not provide any stacktrace information)&#10;Command duration or timeout: 0 milliseconds&#10;Build info: version: &apos;3.14.0&apos;, revision: &apos;aacccce0&apos;, time: &apos;2018-08-02T20:19:58.91Z&apos;&#10;System info: host: &apos;LAPTOP-65H8KDP8&apos;, ip: &apos;10.0.0.8&apos;, os.name: &apos;Windows 10&apos;, os.arch: &apos;amd64&apos;, os.version: &apos;10.0&apos;, java.version: &apos;1.8.0_251&apos;&#10;Driver info: org.openqa.selenium.chrome.ChromeDriver&#10;Capabilities {acceptInsecureCerts: false, acceptSslCerts: false, applicationCacheEnabled: false, browserConnectionEnabled: false, browserName: chrome, chrome: {chromedriverVersion: 2.38.552522 (437e6fbedfa876..., userDataDir: C:\Users\netwo\AppData\Loca...}, cssSelectorsEnabled: true, databaseEnabled: false, handlesAlerts: true, hasTouchScreen: false, javascriptEnabled: true, locationContextEnabled: true, mobileEmulationEnabled: false, nativeEvents: true, networkConnectionEnabled: false, pageLoadStrategy: normal, platform: XP, platformName: XP, rotatable: false, setWindowRect: true, takesHeapSnapshot: true, takesScreenshot: true, unexpectedAlertBehaviour: , unhandledPromptBehavior: , version: 85.0.4183.121, webStorageEnabled: true}&#10;Session ID: dad122b938d577dfd0df5d9f4713908a" type="org.openqa.selenium.ElementNotVisibleException">org.openqa.selenium.ElementNotVisibleException: element not visible
  (Session info: chrome=85.0.4183.121)
  (Driver info: chromedriver=2.38.552522 (437e6fbedfa8762dec75e2c5b3ddb86763dc9dcb),platform=Windows NT 10.0.18362 x86_64) (WARNING: The server did not provide any stacktrace information)
Command duration or timeout: 0 milliseconds
Build info: version: '3.14.0', revision: 'aacccce0', time: '2018-08-02T20:19:58.91Z'
System info: host: 'LAPTOP-65H8KDP8', ip: '10.0.0.8', os.name: 'Windows 10', os.arch: 'amd64', os.version: '10.0', java.version: '1.8.0_251'
Driver info: org.openqa.selenium.chrome.ChromeDriver
Capabilities {acceptInsecureCerts: false, acceptSslCerts: false, applicationCacheEnabled: false, browserConnectionEnabled: false, browserName: chrome, chrome: {chromedriverVersion: 2.38.552522 (437e6fbedfa876..., userDataDir: C:\Users\netwo\AppData\Loca...}, cssSelectorsEnabled: true, databaseEnabled: false, handlesAlerts: true, hasTouchScreen: false, javascriptEnabled: true, locationContextEnabled: true, mobileEmulationEnabled: false, nativeEvents: true, networkConnectionEnabled: false, pageLoadStrategy: normal, platform: XP, platformName: XP, rotatable: false, setWindowRect: true, takesHeapSnapshot: true, takesScreenshot: true, unexpectedAlertBehaviour: , unhandledPromptBehavior: , version: 85.0.4183.121, webStorageEnabled: true}
Session ID: dad122b938d577dfd0df5d9f4713908a
	at sun.reflect.NativeConstructorAccessorImpl.newInstance0(Native Method)
	at sun.reflect.NativeConstructorAccessorImpl.newInstance(NativeConstructorAccessorImpl.java:62)
	at sun.reflect.DelegatingConstructorAccessorImpl.newInstance(DelegatingConstructorAccessorImpl.java:45)
	at java.lang.reflect.Constructor.newInstance(Constructor.java:423)
	at org.openqa.selenium.remote.ErrorHandler.createThrowable(ErrorHandler.java:214)
	at org.openqa.selenium.remote.ErrorHandler.throwIfResponseFailed(ErrorHandler.java:166)
	at org.openqa.selenium.remote.http.JsonHttpResponseCodec.reconstructValue(JsonHttpResponseCodec.java:40)
	at org.openqa.selenium.remote.http.AbstractHttpResponseCodec.decode(AbstractHttpResponseCodec.java:80)
	at org.openqa.selenium.remote.http.AbstractHttpResponseCodec.decode(AbstractHttpResponseCodec.java:44)
	at org.openqa.selenium.remote.HttpCommandExecutor.execute(HttpCommandExecutor.java:158)
	at org.openqa.selenium.remote.service.DriverCommandExecutor.execute(DriverCommandExecutor.java:83)
	at org.openqa.selenium.remote.RemoteWebDriver.execute(RemoteWebDriver.java:548)
	at org.openqa.selenium.remote.RemoteWebElement.execute(RemoteWebElement.java:276)
	at org.openqa.selenium.remote.RemoteWebElement.click(RemoteWebElement.java:83)
	at sun.reflect.GeneratedMethodAccessor4.invoke(Unknown Source)
	at sun.reflect.DelegatingMethodAccessorImpl.invoke(DelegatingMethodAccessorImpl.java:43)
	at java.lang.reflect.Method.invoke(Method.java:498)
	at org.openqa.selenium.support.pagefactory.internal.LocatingElementHandler.invoke(LocatingElementHandler.java:51)
	at com.sun.proxy.$Proxy9.click(Unknown Source)
	at com.cpcommunity.PageObjects.BasePage.click(BasePage.java:198)
	at com.cpcommunity.PageObjects.CommunityDashboardPage.navigateToEditCommunityPage(CommunityDashboardPage.java:201)
	at com.cpcommunity.testScripts.community.TC039_Edit_Community.TC039(TC039_Edit_Community.java:34)
</failure>
    <system-out><![CDATA[INFO    2020-09-29 06:59:38,306 [TestNG-test=Test4-4] com.cpcommunity.PageObjects.BasePage  - Typing in : CommunityAbout entered the value as : Please check back soon
INFO    2020-09-29 06:59:38,470 [TestNG-test=Test4-2] com.cpcommunity.PageObjects.BasePage  - Clicking on : Manage
INFO    2020-09-29 06:59:39,062 [TestNG-test=Test4-5] com.cpcommunity.PageObjects.BasePage  - scrolling up vertically...
INFO    2020-09-29 06:59:39,324 [TestNG-test=Test4-1] com.cpcommunity.testScripts.community.BaseTest  - Test Execution Completed !!!
Total rows are : 1167
Test case starts from row num: 123
Total rows of data are : 1
Total cols are : 13
@TestCase : TC040
INFO    2020-09-29 06:59:39,592 [TestNG-test=Test4-1] com.cpcommunity.testScripts.community.BaseTest  - Inside Login Test
Launching : chrome
INFO    2020-09-29 06:59:40,171 [TestNG-test=Test4-3] com.cpcommunity.PageObjects.BasePage  - Clicking on : Add Paln
INFO    2020-09-29 06:59:40,750 [TestNG-test=Test4-3] com.cpcommunity.PageObjects.BasePage  - waiting for :[[ChromeDriver: chrome on XP (fe197741aece4fc37e44c9ba4ba25fbf)] -> xpath: //input[@id='Name']] for :18 seconds
INFO    2020-09-29 06:59:41,096 [TestNG-test=Test4-3] com.cpcommunity.PageObjects.BasePage  - [[ChromeDriver: chrome on XP (fe197741aece4fc37e44c9ba4ba25fbf)] -> xpath: //input[@id='Name']]is displayed
INFO    2020-09-29 06:59:42,147 [TestNG-test=Test4-4] com.cpcommunity.PageObjects.BasePage  - selectUsingIndex and index is: 26
INFO    2020-09-29 06:59:43,087 [TestNG-test=Test4-4] com.cpcommunity.PageObjects.BasePage  - Selecting the +CommunityType+ value as : Private
INFO    2020-09-29 06:59:43,096 [TestNG-test=Test4-3] com.cpcommunity.PageObjects.BasePage  - Typing in : Price entered the value as : 9
INFO    2020-09-29 06:59:43,144 [TestNG-test=Test4-2] com.cpcommunity.PageObjects.BasePage  - waiting for :[[ChromeDriver: chrome on XP (dffff14dc2a13433aa16cef5cdee7e05)] -> xpath: //h2[contains(text(),'Dashboard')]] for :18 seconds
INFO    2020-09-29 06:59:43,281 [TestNG-test=Test4-2] com.cpcommunity.PageObjects.BasePage  - [[ChromeDriver: chrome on XP (dffff14dc2a13433aa16cef5cdee7e05)] -> xpath: //h2[contains(text(),'Dashboard')]]is displayed
INFO    2020-09-29 06:59:43,478 [TestNG-test=Test4-3] com.cpcommunity.PageObjects.BasePage  - waiting for :[[ChromeDriver: chrome on XP (fe197741aece4fc37e44c9ba4ba25fbf)] -> xpath: //*[contains(text(),'Configure Payment Gateway to proceed')]] for :18 seconds
INFO    2020-09-29 06:59:43,548 [TestNG-test=Test4-3] com.cpcommunity.PageObjects.BasePage  - [[ChromeDriver: chrome on XP (fe197741aece4fc37e44c9ba4ba25fbf)] -> xpath: //*[contains(text(),'Configure Payment Gateway to proceed')]]is displayed
INFO    2020-09-29 06:59:43,931 [TestNG-test=Test4-4] com.cpcommunity.PageObjects.BasePage  - Clicking on : Create btn
INFO    2020-09-29 06:59:44,076 [TestNG-test=Test4-5] com.cpcommunity.PageObjects.BasePage  - Clicking on : manage
ChromeDriver: chrome on XP (83d7efc791c81472c0eafd75856876d6)
83d7efc791c81472c0eafd75856876d6
INFO    2020-09-29 06:59:44,348 [TestNG-test=Test4-1] com.cpcommunity.testScripts.community.BaseTest  - Driver Initialized !!!
INFO    2020-09-29 06:59:45,212 [TestNG-test=Test4-5] com.cpcommunity.PageObjects.BasePage  - Clicking on : EditCommunity
INFO    2020-09-29 06:59:45,549 [TestNG-test=Test4-3] com.cpcommunity.PageObjects.BasePage  - Clicking on : configure Button
]]></system-out>
    <system-err><![CDATA[Sep 29, 2020 6:59:38 AM org.openqa.selenium.remote.Augmenter extractRemoteWebDriver
WARNING: Augmenter should be applied to the instances of @Augmentable classes or previously augmented instances only (instance class was: class org.openqa.selenium.chrome.ChromeDriver)
Starting ChromeDriver 2.38.552522 (437e6fbedfa8762dec75e2c5b3ddb86763dc9dcb) on port 20244
Only local connections are allowed.
Sep 29, 2020 6:59:44 AM org.openqa.selenium.remote.ProtocolHandshake createSession
INFO: Detected dialect: OSS
]]></system-err>
  </testcase>
  <testcase name="TC182" classname="com.cpcommunity.testScripts.community.TC182_Verify_CA_Is_Not_Able_To_Create_Paid_Membership_Plan_Without_PG_Configuration" time="13.303"/>
  <testcase name="TC035" classname="com.cpcommunity.testScripts.community.TC035_Create_Community_With_Rejected_Community_Name" time="8.96"/>
  <testcase name="TC183" classname="com.cpcommunity.testScripts.advertisments.TC183_Verify_CA_Is_Not_Able_To_Create_Advertisment_Plan_Without_PG_Configuration" time="44.021">
    <failure message="Timed out after 20 seconds. Unable to locate the element" type="org.openqa.selenium.NoSuchElementException">org.openqa.selenium.NoSuchElementException: Timed out after 20 seconds. Unable to locate the element
	at sun.reflect.GeneratedConstructorAccessor73.newInstance(Unknown Source)
	at sun.reflect.DelegatingConstructorAccessorImpl.newInstance(DelegatingConstructorAccessorImpl.java:45)
	at java.lang.reflect.Constructor.newInstance(Constructor.java:423)
	at org.openqa.selenium.remote.ErrorHandler.createThrowable(ErrorHandler.java:214)
	at org.openqa.selenium.remote.ErrorHandler.throwIfResponseFailed(ErrorHandler.java:166)
	at org.openqa.selenium.remote.http.JsonHttpResponseCodec.reconstructValue(JsonHttpResponseCodec.java:40)
	at org.openqa.selenium.remote.http.AbstractHttpResponseCodec.decode(AbstractHttpResponseCodec.java:80)
	at org.openqa.selenium.remote.http.AbstractHttpResponseCodec.decode(AbstractHttpResponseCodec.java:44)
	at org.openqa.selenium.remote.HttpCommandExecutor.execute(HttpCommandExecutor.java:158)
	at org.openqa.selenium.remote.service.DriverCommandExecutor.execute(DriverCommandExecutor.java:83)
	at org.openqa.selenium.remote.RemoteWebDriver.execute(RemoteWebDriver.java:548)
	at org.openqa.selenium.remote.RemoteWebDriver.findElement(RemoteWebDriver.java:322)
	at org.openqa.selenium.remote.RemoteWebDriver.findElementByXPath(RemoteWebDriver.java:424)
	at org.openqa.selenium.By$ByXPath.findElement(By.java:353)
	at org.openqa.selenium.remote.RemoteWebDriver.findElement(RemoteWebDriver.java:314)
	at org.openqa.selenium.support.pagefactory.DefaultElementLocator.findElement(DefaultElementLocator.java:69)
	at org.openqa.selenium.support.pagefactory.AjaxElementLocator.access$001(AjaxElementLocator.java:39)
	at org.openqa.selenium.support.pagefactory.AjaxElementLocator$SlowLoadingElement.isLoaded(AjaxElementLocator.java:194)
	at org.openqa.selenium.support.ui.SlowLoadableComponent.get(SlowLoadableComponent.java:78)
	at org.openqa.selenium.support.pagefactory.AjaxElementLocator.findElement(AjaxElementLocator.java:119)
	at org.openqa.selenium.support.pagefactory.internal.LocatingElementHandler.invoke(LocatingElementHandler.java:38)
	at com.sun.proxy.$Proxy9.getWrappedElement(Unknown Source)
	at org.openqa.selenium.remote.internal.WebElementToJsonConverter.apply(WebElementToJsonConverter.java:50)
	at java.util.stream.ReferencePipeline$3$1.accept(ReferencePipeline.java:193)
	at java.util.Spliterators$ArraySpliterator.forEachRemaining(Spliterators.java:948)
	at java.util.stream.AbstractPipeline.copyInto(AbstractPipeline.java:482)
	at java.util.stream.AbstractPipeline.wrapAndCopyInto(AbstractPipeline.java:472)
	at java.util.stream.ReduceOps$ReduceOp.evaluateSequential(ReduceOps.java:708)
	at java.util.stream.AbstractPipeline.evaluate(AbstractPipeline.java:234)
	at java.util.stream.ReferencePipeline.collect(ReferencePipeline.java:499)
	at org.openqa.selenium.remote.RemoteWebDriver.executeScript(RemoteWebDriver.java:480)
	at com.cpcommunity.PageObjects.BasePage.highlightElement(BasePage.java:512)
	at com.cpcommunity.PageObjects.BasePage.click(BasePage.java:197)
	at com.cpcommunity.PageObjects.CommunityDashboardPage.clickOnAdvertisments(CommunityDashboardPage.java:127)
	at com.cpcommunity.PageObjects.CommunityDashboardPage.NavigateToManageAdPlansPage(CommunityDashboardPage.java:132)
	at com.cpcommunity.testScripts.advertisments.TC183_Verify_CA_Is_Not_Able_To_Create_Advertisment_Plan_Without_PG_Configuration.TC183(TC183_Verify_CA_Is_Not_Able_To_Create_Advertisment_Plan_Without_PG_Configuration.java:28)
</failure>
    <system-out><![CDATA[INFO    2020-09-29 07:00:11,230 [TestNG-test=Test4-1] com.cpcommunity.PageObjects.BasePage  - scrolling up vertically...
Page Opened
INFO    2020-09-29 07:00:11,787 [TestNG-test=Test4-5] com.cpcommunity.PageObjects.BasePage  - Clicking on : LOGIN
INFO    2020-09-29 07:00:13,221 [TestNG-test=Test4-4] com.cpcommunity.testScripts.community.BaseTest  - Test Execution Completed !!!
Total rows are : 1167
Test case starts from row num: 169
Total rows of data are : 1
Total cols are : 12
@TestCase : TC079
INFO    2020-09-29 07:00:13,579 [TestNG-test=Test4-4] com.cpcommunity.testScripts.community.BaseTest  - Inside Login Test
Launching : chrome
ChromeDriver: chrome on XP (d96eadd5d87eb68fb14c3591187fa880)Login Page
INFO    2020-09-29 07:00:16,268 [TestNG-test=Test4-1] com.cpcommunity.PageObjects.BasePage  - Typing in : email address entered the value as : andrew74444@gmail.com
INFO    2020-09-29 07:00:16,861 [TestNG-test=Test4-1] com.cpcommunity.PageObjects.BasePage  - Typing in : password entered the value as : Admin@123
INFO    2020-09-29 07:00:17,111 [TestNG-test=Test4-1] com.cpcommunity.PageObjects.BasePage  - Clicking on : Login
ChromeDriver: chrome on XP (bd699362f05b1d889ae42665c429d78b)
bd699362f05b1d889ae42665c429d78b
INFO    2020-09-29 07:00:17,402 [TestNG-test=Test4-4] com.cpcommunity.testScripts.community.BaseTest  - Driver Initialized !!!
INFO    2020-09-29 07:00:17,983 [TestNG-test=Test4-5] com.cpcommunity.PageObjects.BasePage  - scrolling up vertically...
INFO    2020-09-29 07:00:18,788 [TestNG-test=Test4-3] com.cpcommunity.PageObjects.BasePage  - scrolling up vertically...
INFO    2020-09-29 07:00:23,021 [TestNG-test=Test4-5] com.cpcommunity.PageObjects.BasePage  - Typing in : email address entered the value as : andrew74444@gmail.com
Page Opened
INFO    2020-09-29 07:00:24,172 [TestNG-test=Test4-3] com.cpcommunity.PageObjects.BasePage  - waiting for :[[ChromeDriver: chrome on XP (e7f3d6ae0f0e4e1a952b8b157a3f2480)] -> xpath: //a[contains(.,'Login')]] for :18 seconds
INFO    2020-09-29 07:00:24,256 [TestNG-test=Test4-5] com.cpcommunity.PageObjects.BasePage  - Typing in : password entered the value as : Admin@123
INFO    2020-09-29 07:00:24,257 [TestNG-test=Test4-3] com.cpcommunity.PageObjects.BasePage  - [[ChromeDriver: chrome on XP (e7f3d6ae0f0e4e1a952b8b157a3f2480)] -> xpath: //a[contains(.,'Login')]]is displayed
INFO    2020-09-29 07:00:24,539 [TestNG-test=Test4-5] com.cpcommunity.PageObjects.BasePage  - Clicking on : Login
INFO    2020-09-29 07:00:27,268 [TestNG-test=Test4-3] com.cpcommunity.PageObjects.BasePage  - Clicking on : LOGIN
INFO    2020-09-29 07:00:28,027 [TestNG-test=Test4-1] com.cpcommunity.PageObjects.BasePage  - scrolling up vertically...
ChromeDriver: chrome on XP (e7f3d6ae0f0e4e1a952b8b157a3f2480)Login Page
INFO    2020-09-29 07:00:32,212 [TestNG-test=Test4-4] com.cpcommunity.PageObjects.BasePage  - scrolling up vertically...
INFO    2020-09-29 07:00:33,091 [TestNG-test=Test4-1] com.cpcommunity.PageObjects.BasePage  - Clicking on : view All
INFO    2020-09-29 07:00:33,625 [TestNG-test=Test4-3] com.cpcommunity.PageObjects.BasePage  - scrolling up vertically...
INFO    2020-09-29 07:00:36,322 [TestNG-test=Test4-5] com.cpcommunity.PageObjects.BasePage  - scrolling up vertically...
INFO    2020-09-29 07:00:37,369 [TestNG-test=Test4-4] com.cpcommunity.PageObjects.BasePage  - waiting for :[[ChromeDriver: chrome on XP (bd699362f05b1d889ae42665c429d78b)] -> xpath: //a[contains(.,'Login')]] for :18 seconds
INFO    2020-09-29 07:00:37,415 [TestNG-test=Test4-4] com.cpcommunity.PageObjects.BasePage  - [[ChromeDriver: chrome on XP (bd699362f05b1d889ae42665c429d78b)] -> xpath: //a[contains(.,'Login')]]is displayed
INFO    2020-09-29 07:00:38,441 [TestNG-test=Test4-1] com.cpcommunity.PageObjects.BasePage  - scrolling up vertically...
INFO    2020-09-29 07:00:38,636 [TestNG-test=Test4-3] com.cpcommunity.PageObjects.BasePage  - Typing in : email address entered the value as : andrew74444@gmail.com
INFO    2020-09-29 07:00:39,353 [TestNG-test=Test4-3] com.cpcommunity.PageObjects.BasePage  - Typing in : password entered the value as : Admin@123
INFO    2020-09-29 07:00:39,655 [TestNG-test=Test4-3] com.cpcommunity.PageObjects.BasePage  - Clicking on : Login
INFO    2020-09-29 07:00:40,417 [TestNG-test=Test4-4] com.cpcommunity.PageObjects.BasePage  - Clicking on : LOGIN
INFO    2020-09-29 07:00:41,619 [TestNG-test=Test4-5] com.cpcommunity.PageObjects.BasePage  - Clicking on : view All
ChromeDriver: chrome on XP (bd699362f05b1d889ae42665c429d78b)Login Page
Date Format with dd MMMM yyyy : 29 Sep 2020
INFO    2020-09-29 07:00:43,614 [TestNG-test=Test4-1] com.cpcommunity.PageObjects.BasePage  - waiting for :[[ChromeDriver: chrome on XP (83d7efc791c81472c0eafd75856876d6)] -> xpath: //input[@placeholder='Search by Community Name']] for :18 seconds
INFO    2020-09-29 07:00:43,691 [TestNG-test=Test4-1] com.cpcommunity.PageObjects.BasePage  - [[ChromeDriver: chrome on XP (83d7efc791c81472c0eafd75856876d6)] -> xpath: //input[@placeholder='Search by Community Name']]is displayed
INFO    2020-09-29 07:00:46,093 [TestNG-test=Test4-1] com.cpcommunity.PageObjects.BasePage  - Typing in : Search by Community entered the value as : Community - 29 Sep 2020
INFO    2020-09-29 07:00:46,751 [TestNG-test=Test4-4] com.cpcommunity.PageObjects.BasePage  - scrolling up vertically...
INFO    2020-09-29 07:00:46,974 [TestNG-test=Test4-1] com.cpcommunity.PageObjects.BasePage  - Clicking on : search btn
INFO    2020-09-29 07:00:48,979 [TestNG-test=Test4-3] com.cpcommunity.PageObjects.BasePage  - scrolling up vertically...
INFO    2020-09-29 07:00:51,780 [TestNG-test=Test4-4] com.cpcommunity.PageObjects.BasePage  - Typing in : email address entered the value as : andrew74444@gmail.com
INFO    2020-09-29 07:00:52,462 [TestNG-test=Test4-4] com.cpcommunity.PageObjects.BasePage  - Typing in : password entered the value as : Admin@123
INFO    2020-09-29 07:00:52,768 [TestNG-test=Test4-4] com.cpcommunity.PageObjects.BasePage  - Clicking on : Login
INFO    2020-09-29 07:00:52,793 [TestNG-test=Test4-5] com.cpcommunity.PageObjects.BasePage  - scrolling up vertically...
INFO    2020-09-29 07:00:53,389 [TestNG-test=Test4-1] com.cpcommunity.PageObjects.BasePage  - waiting for :[[ChromeDriver: chrome on XP (83d7efc791c81472c0eafd75856876d6)] -> xpath: //a[@tooltip='Community - 29 Sep 2020']] for :18 seconds
INFO    2020-09-29 07:00:53,441 [TestNG-test=Test4-1] com.cpcommunity.PageObjects.BasePage  - [[ChromeDriver: chrome on XP (83d7efc791c81472c0eafd75856876d6)] -> xpath: //a[@tooltip='Community - 29 Sep 2020']]is displayed
INFO    2020-09-29 07:00:54,075 [TestNG-test=Test4-3] com.cpcommunity.PageObjects.BasePage  - Clicking on : view All
INFO    2020-09-29 07:00:55,809 [TestNG-test=Test4-1] com.cpcommunity.PageObjects.BasePage  - Clicking on : Manage
]]></system-out>
    <system-err><![CDATA[Sep 29, 2020 7:00:13 AM org.openqa.selenium.remote.Augmenter extractRemoteWebDriver
WARNING: Augmenter should be applied to the instances of @Augmentable classes or previously augmented instances only (instance class was: class org.openqa.selenium.chrome.ChromeDriver)
Starting ChromeDriver 2.38.552522 (437e6fbedfa8762dec75e2c5b3ddb86763dc9dcb) on port 28195
Only local connections are allowed.
Sep 29, 2020 7:00:15 AM org.openqa.selenium.remote.Augmenter extractRemoteWebDriver
WARNING: Augmenter should be applied to the instances of @Augmentable classes or previously augmented instances only (instance class was: class org.openqa.selenium.chrome.ChromeDriver)
Sep 29, 2020 7:00:15 AM org.openqa.selenium.remote.Augmenter extractRemoteWebDriver
WARNING: Augmenter should be applied to the instances of @Augmentable classes or previously augmented instances only (instance class was: class org.openqa.selenium.chrome.ChromeDriver)
Sep 29, 2020 7:00:16 AM org.openqa.selenium.remote.Augmenter extractRemoteWebDriver
WARNING: Augmenter should be applied to the instances of @Augmentable classes or previously augmented instances only (instance class was: class org.openqa.selenium.chrome.ChromeDriver)
Sep 29, 2020 7:00:17 AM org.openqa.selenium.remote.ProtocolHandshake createSession
INFO: Detected dialect: OSS
Sep 29, 2020 7:00:17 AM org.openqa.selenium.remote.Augmenter extractRemoteWebDriver
WARNING: Augmenter should be applied to the instances of @Augmentable classes or previously augmented instances only (instance class was: class org.openqa.selenium.chrome.ChromeDriver)
Sep 29, 2020 7:00:21 AM org.openqa.selenium.remote.Augmenter extractRemoteWebDriver
WARNING: Augmenter should be applied to the instances of @Augmentable classes or previously augmented instances only (instance class was: class org.openqa.selenium.chrome.ChromeDriver)
Sep 29, 2020 7:00:23 AM org.openqa.selenium.remote.Augmenter extractRemoteWebDriver
WARNING: Augmenter should be applied to the instances of @Augmentable classes or previously augmented instances only (instance class was: class org.openqa.selenium.chrome.ChromeDriver)
Sep 29, 2020 7:00:25 AM org.openqa.selenium.remote.Augmenter extractRemoteWebDriver
WARNING: Augmenter should be applied to the instances of @Augmentable classes or previously augmented instances only (instance class was: class org.openqa.selenium.chrome.ChromeDriver)
Sep 29, 2020 7:00:26 AM org.openqa.selenium.remote.Augmenter extractRemoteWebDriver
WARNING: Augmenter should be applied to the instances of @Augmentable classes or previously augmented instances only (instance class was: class org.openqa.selenium.chrome.ChromeDriver)
Sep 29, 2020 7:00:28 AM org.openqa.selenium.remote.Augmenter extractRemoteWebDriver
WARNING: Augmenter should be applied to the instances of @Augmentable classes or previously augmented instances only (instance class was: class org.openqa.selenium.chrome.ChromeDriver)
Sep 29, 2020 7:00:30 AM org.openqa.selenium.remote.Augmenter extractRemoteWebDriver
WARNING: Augmenter should be applied to the instances of @Augmentable classes or previously augmented instances only (instance class was: class org.openqa.selenium.chrome.ChromeDriver)
Sep 29, 2020 7:00:31 AM org.openqa.selenium.remote.Augmenter extractRemoteWebDriver
WARNING: Augmenter should be applied to the instances of @Augmentable classes or previously augmented instances only (instance class was: class org.openqa.selenium.chrome.ChromeDriver)
Sep 29, 2020 7:00:32 AM org.openqa.selenium.remote.Augmenter extractRemoteWebDriver
WARNING: Augmenter should be applied to the instances of @Augmentable classes or previously augmented instances only (instance class was: class org.openqa.selenium.chrome.ChromeDriver)
Sep 29, 2020 7:00:32 AM org.openqa.selenium.remote.Augmenter extractRemoteWebDriver
WARNING: Augmenter should be applied to the instances of @Augmentable classes or previously augmented instances only (instance class was: class org.openqa.selenium.chrome.ChromeDriver)
Sep 29, 2020 7:00:33 AM org.openqa.selenium.remote.Augmenter extractRemoteWebDriver
WARNING: Augmenter should be applied to the instances of @Augmentable classes or previously augmented instances only (instance class was: class org.openqa.selenium.chrome.ChromeDriver)
Sep 29, 2020 7:00:35 AM org.openqa.selenium.remote.Augmenter extractRemoteWebDriver
WARNING: Augmenter should be applied to the instances of @Augmentable classes or previously augmented instances only (instance class was: class org.openqa.selenium.chrome.ChromeDriver)
Sep 29, 2020 7:00:36 AM org.openqa.selenium.remote.Augmenter extractRemoteWebDriver
WARNING: Augmenter should be applied to the instances of @Augmentable classes or previously augmented instances only (instance class was: class org.openqa.selenium.chrome.ChromeDriver)
Sep 29, 2020 7:00:37 AM org.openqa.selenium.remote.Augmenter extractRemoteWebDriver
WARNING: Augmenter should be applied to the instances of @Augmentable classes or previously augmented instances only (instance class was: class org.openqa.selenium.chrome.ChromeDriver)
Sep 29, 2020 7:00:44 AM org.openqa.selenium.remote.Augmenter extractRemoteWebDriver
WARNING: Augmenter should be applied to the instances of @Augmentable classes or previously augmented instances only (instance class was: class org.openqa.selenium.chrome.ChromeDriver)
Sep 29, 2020 7:00:44 AM org.openqa.selenium.remote.Augmenter extractRemoteWebDriver
WARNING: Augmenter should be applied to the instances of @Augmentable classes or previously augmented instances only (instance class was: class org.openqa.selenium.chrome.ChromeDriver)
Sep 29, 2020 7:00:46 AM org.openqa.selenium.remote.Augmenter extractRemoteWebDriver
WARNING: Augmenter should be applied to the instances of @Augmentable classes or previously augmented instances only (instance class was: class org.openqa.selenium.chrome.ChromeDriver)
Sep 29, 2020 7:00:46 AM org.openqa.selenium.remote.Augmenter extractRemoteWebDriver
WARNING: Augmenter should be applied to the instances of @Augmentable classes or previously augmented instances only (instance class was: class org.openqa.selenium.chrome.ChromeDriver)
Sep 29, 2020 7:00:47 AM org.openqa.selenium.remote.Augmenter extractRemoteWebDriver
WARNING: Augmenter should be applied to the instances of @Augmentable classes or previously augmented instances only (instance class was: class org.openqa.selenium.chrome.ChromeDriver)
Sep 29, 2020 7:00:50 AM org.openqa.selenium.remote.Augmenter extractRemoteWebDriver
WARNING: Augmenter should be applied to the instances of @Augmentable classes or previously augmented instances only (instance class was: class org.openqa.selenium.chrome.ChromeDriver)
Sep 29, 2020 7:00:52 AM org.openqa.selenium.remote.Augmenter extractRemoteWebDriver
WARNING: Augmenter should be applied to the instances of @Augmentable classes or previously augmented instances only (instance class was: class org.openqa.selenium.chrome.ChromeDriver)
Sep 29, 2020 7:00:57 AM org.openqa.selenium.remote.Augmenter extractRemoteWebDriver
WARNING: Augmenter should be applied to the instances of @Augmentable classes or previously augmented instances only (instance class was: class org.openqa.selenium.chrome.ChromeDriver)
]]></system-err>
  </testcase>
  <testcase name="TC040" classname="com.cpcommunity.testScripts.community.TC040_Community_Admin_Invite_Members" time="43.833">
    <failure message="Expected condition failed: waiting for visibility of [[ChromeDriver: chrome on XP (83d7efc791c81472c0eafd75856876d6)] -&gt; xpath: (//*[contains(text(),&apos; Invite Members&apos;)])] (tried for 30 second(s) with 500 milliseconds interval)&#10;Build info: version: &apos;3.14.0&apos;, revision: &apos;aacccce0&apos;, time: &apos;2018-08-02T20:19:58.91Z&apos;&#10;System info: host: &apos;LAPTOP-65H8KDP8&apos;, ip: &apos;10.0.0.8&apos;, os.name: &apos;Windows 10&apos;, os.arch: &apos;amd64&apos;, os.version: &apos;10.0&apos;, java.version: &apos;1.8.0_251&apos;&#10;Driver info: org.openqa.selenium.chrome.ChromeDriver&#10;Capabilities {acceptInsecureCerts: false, acceptSslCerts: false, applicationCacheEnabled: false, browserConnectionEnabled: false, browserName: chrome, chrome: {chromedriverVersion: 2.38.552522 (437e6fbedfa876..., userDataDir: C:\Users\netwo\AppData\Loca...}, cssSelectorsEnabled: true, databaseEnabled: false, handlesAlerts: true, hasTouchScreen: false, javascriptEnabled: true, locationContextEnabled: true, mobileEmulationEnabled: false, nativeEvents: true, networkConnectionEnabled: false, pageLoadStrategy: normal, platform: XP, platformName: XP, rotatable: false, setWindowRect: true, takesHeapSnapshot: true, takesScreenshot: true, unexpectedAlertBehaviour: , unhandledPromptBehavior: , version: 85.0.4183.121, webStorageEnabled: true}&#10;Session ID: 83d7efc791c81472c0eafd75856876d6" type="org.openqa.selenium.TimeoutException">org.openqa.selenium.TimeoutException: Expected condition failed: waiting for visibility of [[ChromeDriver: chrome on XP (83d7efc791c81472c0eafd75856876d6)] -> xpath: (//*[contains(text(),' Invite Members')])] (tried for 30 second(s) with 500 milliseconds interval)
Build info: version: '3.14.0', revision: 'aacccce0', time: '2018-08-02T20:19:58.91Z'
System info: host: 'LAPTOP-65H8KDP8', ip: '10.0.0.8', os.name: 'Windows 10', os.arch: 'amd64', os.version: '10.0', java.version: '1.8.0_251'
Driver info: org.openqa.selenium.chrome.ChromeDriver
Capabilities {acceptInsecureCerts: false, acceptSslCerts: false, applicationCacheEnabled: false, browserConnectionEnabled: false, browserName: chrome, chrome: {chromedriverVersion: 2.38.552522 (437e6fbedfa876..., userDataDir: C:\Users\netwo\AppData\Loca...}, cssSelectorsEnabled: true, databaseEnabled: false, handlesAlerts: true, hasTouchScreen: false, javascriptEnabled: true, locationContextEnabled: true, mobileEmulationEnabled: false, nativeEvents: true, networkConnectionEnabled: false, pageLoadStrategy: normal, platform: XP, platformName: XP, rotatable: false, setWindowRect: true, takesHeapSnapshot: true, takesScreenshot: true, unexpectedAlertBehaviour: , unhandledPromptBehavior: , version: 85.0.4183.121, webStorageEnabled: true}
Session ID: 83d7efc791c81472c0eafd75856876d6
	at org.openqa.selenium.support.ui.WebDriverWait.timeoutException(WebDriverWait.java:113)
	at org.openqa.selenium.support.ui.FluentWait.until(FluentWait.java:283)
	at com.cpcommunity.PageObjects.BasePage.waitForElementToPresent(BasePage.java:175)
	at com.cpcommunity.PageObjects.CommunityDashboardPage.navigateToinvitePeople(CommunityDashboardPage.java:227)
	at com.cpcommunity.testScripts.community.TC040_Community_Admin_Invite_Members.TC040(TC040_Community_Admin_Invite_Members.java:34)
</failure>
    <system-out><![CDATA[Date Format with dd MMMM yyyy : 29 Sep 2020
INFO    2020-09-29 07:00:57,934 [TestNG-test=Test4-5] com.cpcommunity.PageObjects.BasePage  - waiting for :[[ChromeDriver: chrome on XP (d96eadd5d87eb68fb14c3591187fa880)] -> xpath: //input[@placeholder='Search by Community Name']] for :18 seconds
INFO    2020-09-29 07:00:58,029 [TestNG-test=Test4-5] com.cpcommunity.PageObjects.BasePage  - [[ChromeDriver: chrome on XP (d96eadd5d87eb68fb14c3591187fa880)] -> xpath: //input[@placeholder='Search by Community Name']]is displayed
INFO    2020-09-29 07:00:58,882 [TestNG-test=Test4-2] com.cpcommunity.testScripts.community.BaseTest  - Test Execution Completed !!!
Total rows are : 1167
Test case starts from row num: 873
Total rows of data are : 1
Total cols are : 14
@TestCase : TC128
INFO    2020-09-29 07:00:59,065 [TestNG-test=Test4-2] com.cpcommunity.testScripts.community.BaseTest  - Inside Login Test
Launching : chrome
INFO    2020-09-29 07:00:59,290 [TestNG-test=Test4-1] com.cpcommunity.PageObjects.BasePage  - waiting for :[[ChromeDriver: chrome on XP (83d7efc791c81472c0eafd75856876d6)] -> xpath: //h2[contains(text(),'Dashboard')]] for :18 seconds
INFO    2020-09-29 07:00:59,426 [TestNG-test=Test4-1] com.cpcommunity.PageObjects.BasePage  - [[ChromeDriver: chrome on XP (83d7efc791c81472c0eafd75856876d6)] -> xpath: //h2[contains(text(),'Dashboard')]]is displayed
INFO    2020-09-29 07:01:00,729 [TestNG-test=Test4-5] com.cpcommunity.PageObjects.BasePage  - Typing in : Search by Community entered the value as : Community - 29 Sep 2020
INFO    2020-09-29 07:01:01,690 [TestNG-test=Test4-5] com.cpcommunity.PageObjects.BasePage  - Clicking on : search btn
ChromeDriver: chrome on XP (08ded13fb48faae88df192ffcb684f05)
08ded13fb48faae88df192ffcb684f05
INFO    2020-09-29 07:01:02,882 [TestNG-test=Test4-2] com.cpcommunity.testScripts.community.BaseTest  - Driver Initialized !!!
INFO    2020-09-29 07:01:03,153 [TestNG-test=Test4-4] com.cpcommunity.PageObjects.BasePage  - scrolling up vertically...
INFO    2020-09-29 07:01:06,402 [TestNG-test=Test4-1] com.cpcommunity.PageObjects.BasePage  - scrolling up vertically...
INFO    2020-09-29 07:01:07,972 [TestNG-test=Test4-5] com.cpcommunity.PageObjects.BasePage  - waiting for :[[ChromeDriver: chrome on XP (d96eadd5d87eb68fb14c3591187fa880)] -> xpath: //a[@tooltip='Community - 29 Sep 2020']] for :18 seconds
INFO    2020-09-29 07:01:08,001 [TestNG-test=Test4-5] com.cpcommunity.PageObjects.BasePage  - [[ChromeDriver: chrome on XP (d96eadd5d87eb68fb14c3591187fa880)] -> xpath: //a[@tooltip='Community - 29 Sep 2020']]is displayed
INFO    2020-09-29 07:01:08,299 [TestNG-test=Test4-4] com.cpcommunity.PageObjects.BasePage  - waiting for :[[ChromeDriver: chrome on XP (bd699362f05b1d889ae42665c429d78b)] -> xpath: //*[@id='navbar']//*[contains(text(),'Global Communities')]] for :18 seconds
Page Opened
INFO    2020-09-29 07:01:08,401 [TestNG-test=Test4-4] com.cpcommunity.PageObjects.BasePage  - [[ChromeDriver: chrome on XP (bd699362f05b1d889ae42665c429d78b)] -> xpath: //*[@id='navbar']//*[contains(text(),'Global Communities')]]is displayed
INFO    2020-09-29 07:01:10,351 [TestNG-test=Test4-5] com.cpcommunity.PageObjects.BasePage  - Clicking on : Manage
INFO    2020-09-29 07:01:10,460 [TestNG-test=Test4-4] com.cpcommunity.PageObjects.BasePage  - Clicking[[ChromeDriver: chrome on XP (bd699362f05b1d889ae42665c429d78b)] -> xpath: //*[@id='navbar']//*[contains(text(),'Global Communities')]]
INFO    2020-09-29 07:01:11,410 [TestNG-test=Test4-1] com.cpcommunity.PageObjects.BasePage  - Clicking on : manage
INFO    2020-09-29 07:01:11,912 [TestNG-test=Test4-1] com.cpcommunity.PageObjects.BasePage  - waiting for :[[ChromeDriver: chrome on XP (83d7efc791c81472c0eafd75856876d6)] -> xpath: (//*[contains(text(),' Invite Members')])] for :18 seconds
INFO    2020-09-29 07:01:15,084 [TestNG-test=Test4-5] com.cpcommunity.PageObjects.BasePage  - waiting for :[[ChromeDriver: chrome on XP (d96eadd5d87eb68fb14c3591187fa880)] -> xpath: //h2[contains(text(),'Dashboard')]] for :18 seconds
INFO    2020-09-29 07:01:15,142 [TestNG-test=Test4-5] com.cpcommunity.PageObjects.BasePage  - [[ChromeDriver: chrome on XP (d96eadd5d87eb68fb14c3591187fa880)] -> xpath: //h2[contains(text(),'Dashboard')]]is displayed
INFO    2020-09-29 07:01:15,524 [TestNG-test=Test4-2] com.cpcommunity.PageObjects.BasePage  - scrolling up vertically...
INFO    2020-09-29 07:01:19,797 [TestNG-test=Test4-4] com.cpcommunity.PageObjects.BasePage  - Clicked[[ChromeDriver: chrome on XP (bd699362f05b1d889ae42665c429d78b)] -> xpath: //*[@id='navbar']//*[contains(text(),'Global Communities')]]
INFO    2020-09-29 07:01:20,591 [TestNG-test=Test4-2] com.cpcommunity.PageObjects.BasePage  - waiting for :[[ChromeDriver: chrome on XP (08ded13fb48faae88df192ffcb684f05)] -> xpath: //a[contains(.,'Login')]] for :18 seconds
INFO    2020-09-29 07:01:20,625 [TestNG-test=Test4-2] com.cpcommunity.PageObjects.BasePage  - [[ChromeDriver: chrome on XP (08ded13fb48faae88df192ffcb684f05)] -> xpath: //a[contains(.,'Login')]]is displayed
INFO    2020-09-29 07:01:21,744 [TestNG-test=Test4-5] com.cpcommunity.PageObjects.BasePage  - scrolling up vertically...
INFO    2020-09-29 07:01:23,281 [TestNG-test=Test4-4] com.cpcommunity.PageObjects.BasePage  - scrolling up vertically...
INFO    2020-09-29 07:01:23,627 [TestNG-test=Test4-2] com.cpcommunity.PageObjects.BasePage  - Clicking on : LOGIN
ChromeDriver: chrome on XP (08ded13fb48faae88df192ffcb684f05)Login Page
INFO    2020-09-29 07:01:26,754 [TestNG-test=Test4-5] com.cpcommunity.PageObjects.BasePage  - Clicking on : Members
INFO    2020-09-29 07:01:27,904 [TestNG-test=Test4-5] com.cpcommunity.PageObjects.BasePage  - Clicking on : Manage Members
Date Format with dd MMMM yyyy : 29 Sep 2020
INFO    2020-09-29 07:01:28,389 [TestNG-test=Test4-4] com.cpcommunity.PageObjects.BasePage  - Typing in : search entered the value as : Community - 29 Sep 2020
INFO    2020-09-29 07:01:28,599 [TestNG-test=Test4-2] com.cpcommunity.PageObjects.BasePage  - scrolling up vertically...
INFO    2020-09-29 07:01:29,190 [TestNG-test=Test4-4] com.cpcommunity.PageObjects.BasePage  - Clicking on : search Btn
INFO    2020-09-29 07:01:31,435 [TestNG-test=Test4-4] com.cpcommunity.PageObjects.BasePage  - waiting for :[[ChromeDriver: chrome on XP (bd699362f05b1d889ae42665c429d78b)] -> xpath: //a[contains(text(),'Community - 29 Sep 2020')]] for :18 seconds
INFO    2020-09-29 07:01:31,476 [TestNG-test=Test4-4] com.cpcommunity.PageObjects.BasePage  - [[ChromeDriver: chrome on XP (bd699362f05b1d889ae42665c429d78b)] -> xpath: //a[contains(text(),'Community - 29 Sep 2020')]]is displayed
INFO    2020-09-29 07:01:33,091 [TestNG-test=Test4-5] com.cpcommunity.PageObjects.BasePage  - scrolling up vertically...
INFO    2020-09-29 07:01:33,626 [TestNG-test=Test4-2] com.cpcommunity.PageObjects.BasePage  - Typing in : email address entered the value as : andrew74444@gmail.com
INFO    2020-09-29 07:01:34,011 [TestNG-test=Test4-2] com.cpcommunity.PageObjects.BasePage  - Typing in : password entered the value as : Admin@123
INFO    2020-09-29 07:01:34,291 [TestNG-test=Test4-2] com.cpcommunity.PageObjects.BasePage  - Clicking on : Login
INFO    2020-09-29 07:01:34,596 [TestNG-test=Test4-4] com.cpcommunity.PageObjects.BasePage  - scrolling up vertically...
INFO    2020-09-29 07:01:40,172 [TestNG-test=Test4-5] com.cpcommunity.PageObjects.BasePage  - Typing in : Searching in members not joined entered the value as : cookalastair93@gmail.com
INFO    2020-09-29 07:01:42,621 [TestNG-test=Test4-4] com.cpcommunity.PageObjects.BasePage  - scrolling up vertically...
INFO    2020-09-29 07:01:42,739 [TestNG-test=Test4-2] com.cpcommunity.PageObjects.BasePage  - scrolling up vertically...
]]></system-out>
    <system-err><![CDATA[Starting ChromeDriver 2.38.552522 (437e6fbedfa8762dec75e2c5b3ddb86763dc9dcb) on port 6077
Only local connections are allowed.
Sep 29, 2020 7:00:59 AM org.openqa.selenium.remote.Augmenter extractRemoteWebDriver
WARNING: Augmenter should be applied to the instances of @Augmentable classes or previously augmented instances only (instance class was: class org.openqa.selenium.chrome.ChromeDriver)
Sep 29, 2020 7:01:01 AM org.openqa.selenium.remote.Augmenter extractRemoteWebDriver
WARNING: Augmenter should be applied to the instances of @Augmentable classes or previously augmented instances only (instance class was: class org.openqa.selenium.chrome.ChromeDriver)
Sep 29, 2020 7:01:02 AM org.openqa.selenium.remote.Augmenter extractRemoteWebDriver
WARNING: Augmenter should be applied to the instances of @Augmentable classes or previously augmented instances only (instance class was: class org.openqa.selenium.chrome.ChromeDriver)
Sep 29, 2020 7:01:02 AM org.openqa.selenium.remote.ProtocolHandshake createSession
INFO: Detected dialect: OSS
Sep 29, 2020 7:01:04 AM org.openqa.selenium.remote.Augmenter extractRemoteWebDriver
WARNING: Augmenter should be applied to the instances of @Augmentable classes or previously augmented instances only (instance class was: class org.openqa.selenium.chrome.ChromeDriver)
Sep 29, 2020 7:01:05 AM org.openqa.selenium.remote.Augmenter extractRemoteWebDriver
WARNING: Augmenter should be applied to the instances of @Augmentable classes or previously augmented instances only (instance class was: class org.openqa.selenium.chrome.ChromeDriver)
Sep 29, 2020 7:01:09 AM org.openqa.selenium.remote.Augmenter extractRemoteWebDriver
WARNING: Augmenter should be applied to the instances of @Augmentable classes or previously augmented instances only (instance class was: class org.openqa.selenium.chrome.ChromeDriver)
Sep 29, 2020 7:01:12 AM org.openqa.selenium.remote.Augmenter extractRemoteWebDriver
WARNING: Augmenter should be applied to the instances of @Augmentable classes or previously augmented instances only (instance class was: class org.openqa.selenium.chrome.ChromeDriver)
Sep 29, 2020 7:01:14 AM org.openqa.selenium.remote.Augmenter extractRemoteWebDriver
WARNING: Augmenter should be applied to the instances of @Augmentable classes or previously augmented instances only (instance class was: class org.openqa.selenium.chrome.ChromeDriver)
Sep 29, 2020 7:01:18 AM org.openqa.selenium.remote.Augmenter extractRemoteWebDriver
WARNING: Augmenter should be applied to the instances of @Augmentable classes or previously augmented instances only (instance class was: class org.openqa.selenium.chrome.ChromeDriver)
Sep 29, 2020 7:01:19 AM org.openqa.selenium.remote.Augmenter extractRemoteWebDriver
WARNING: Augmenter should be applied to the instances of @Augmentable classes or previously augmented instances only (instance class was: class org.openqa.selenium.chrome.ChromeDriver)
Sep 29, 2020 7:01:20 AM org.openqa.selenium.remote.Augmenter extractRemoteWebDriver
WARNING: Augmenter should be applied to the instances of @Augmentable classes or previously augmented instances only (instance class was: class org.openqa.selenium.chrome.ChromeDriver)
Sep 29, 2020 7:01:20 AM org.openqa.selenium.remote.Augmenter extractRemoteWebDriver
WARNING: Augmenter should be applied to the instances of @Augmentable classes or previously augmented instances only (instance class was: class org.openqa.selenium.chrome.ChromeDriver)
Sep 29, 2020 7:01:22 AM org.openqa.selenium.remote.Augmenter extractRemoteWebDriver
WARNING: Augmenter should be applied to the instances of @Augmentable classes or previously augmented instances only (instance class was: class org.openqa.selenium.chrome.ChromeDriver)
Sep 29, 2020 7:01:26 AM org.openqa.selenium.remote.Augmenter extractRemoteWebDriver
WARNING: Augmenter should be applied to the instances of @Augmentable classes or previously augmented instances only (instance class was: class org.openqa.selenium.chrome.ChromeDriver)
Sep 29, 2020 7:01:28 AM org.openqa.selenium.remote.Augmenter extractRemoteWebDriver
WARNING: Augmenter should be applied to the instances of @Augmentable classes or previously augmented instances only (instance class was: class org.openqa.selenium.chrome.ChromeDriver)
Sep 29, 2020 7:01:31 AM org.openqa.selenium.remote.Augmenter extractRemoteWebDriver
WARNING: Augmenter should be applied to the instances of @Augmentable classes or previously augmented instances only (instance class was: class org.openqa.selenium.chrome.ChromeDriver)
Sep 29, 2020 7:01:32 AM org.openqa.selenium.remote.Augmenter extractRemoteWebDriver
WARNING: Augmenter should be applied to the instances of @Augmentable classes or previously augmented instances only (instance class was: class org.openqa.selenium.chrome.ChromeDriver)
Sep 29, 2020 7:01:38 AM org.openqa.selenium.remote.Augmenter extractRemoteWebDriver
WARNING: Augmenter should be applied to the instances of @Augmentable classes or previously augmented instances only (instance class was: class org.openqa.selenium.chrome.ChromeDriver)
Sep 29, 2020 7:01:38 AM org.openqa.selenium.remote.Augmenter extractRemoteWebDriver
WARNING: Augmenter should be applied to the instances of @Augmentable classes or previously augmented instances only (instance class was: class org.openqa.selenium.chrome.ChromeDriver)
Sep 29, 2020 7:01:39 AM org.openqa.selenium.remote.Augmenter extractRemoteWebDriver
WARNING: Augmenter should be applied to the instances of @Augmentable classes or previously augmented instances only (instance class was: class org.openqa.selenium.chrome.ChromeDriver)
Sep 29, 2020 7:01:41 AM org.openqa.selenium.remote.Augmenter extractRemoteWebDriver
WARNING: Augmenter should be applied to the instances of @Augmentable classes or previously augmented instances only (instance class was: class org.openqa.selenium.chrome.ChromeDriver)
Sep 29, 2020 7:01:41 AM org.openqa.selenium.remote.Augmenter extractRemoteWebDriver
WARNING: Augmenter should be applied to the instances of @Augmentable classes or previously augmented instances only (instance class was: class org.openqa.selenium.chrome.ChromeDriver)
]]></system-err>
  </testcase>
  <testcase name="TC052" classname="com.cpcommunity.testScripts.community.TC052_Community_Admin_Create_Groups" time="11.53">
    <failure message="Timed out after 20 seconds. Unable to locate the element" type="org.openqa.selenium.NoSuchElementException">org.openqa.selenium.NoSuchElementException: Timed out after 20 seconds. Unable to locate the element
	at sun.reflect.GeneratedConstructorAccessor73.newInstance(Unknown Source)
	at sun.reflect.DelegatingConstructorAccessorImpl.newInstance(DelegatingConstructorAccessorImpl.java:45)
	at java.lang.reflect.Constructor.newInstance(Constructor.java:423)
	at org.openqa.selenium.remote.ErrorHandler.createThrowable(ErrorHandler.java:214)
	at org.openqa.selenium.remote.ErrorHandler.throwIfResponseFailed(ErrorHandler.java:166)
	at org.openqa.selenium.remote.http.JsonHttpResponseCodec.reconstructValue(JsonHttpResponseCodec.java:40)
	at org.openqa.selenium.remote.http.AbstractHttpResponseCodec.decode(AbstractHttpResponseCodec.java:80)
	at org.openqa.selenium.remote.http.AbstractHttpResponseCodec.decode(AbstractHttpResponseCodec.java:44)
	at org.openqa.selenium.remote.HttpCommandExecutor.execute(HttpCommandExecutor.java:158)
	at org.openqa.selenium.remote.service.DriverCommandExecutor.execute(DriverCommandExecutor.java:83)
	at org.openqa.selenium.remote.RemoteWebDriver.execute(RemoteWebDriver.java:548)
	at org.openqa.selenium.remote.RemoteWebDriver.findElement(RemoteWebDriver.java:322)
	at org.openqa.selenium.remote.RemoteWebDriver.findElementByXPath(RemoteWebDriver.java:424)
	at org.openqa.selenium.By$ByXPath.findElement(By.java:353)
	at org.openqa.selenium.remote.RemoteWebDriver.findElement(RemoteWebDriver.java:314)
	at org.openqa.selenium.support.pagefactory.DefaultElementLocator.findElement(DefaultElementLocator.java:69)
	at org.openqa.selenium.support.pagefactory.AjaxElementLocator.access$001(AjaxElementLocator.java:39)
	at org.openqa.selenium.support.pagefactory.AjaxElementLocator$SlowLoadingElement.isLoaded(AjaxElementLocator.java:194)
	at org.openqa.selenium.support.ui.SlowLoadableComponent.get(SlowLoadableComponent.java:78)
	at org.openqa.selenium.support.pagefactory.AjaxElementLocator.findElement(AjaxElementLocator.java:119)
	at org.openqa.selenium.support.pagefactory.internal.LocatingElementHandler.invoke(LocatingElementHandler.java:38)
	at com.sun.proxy.$Proxy9.getWrappedElement(Unknown Source)
	at org.openqa.selenium.remote.internal.WebElementToJsonConverter.apply(WebElementToJsonConverter.java:50)
	at java.util.stream.ReferencePipeline$3$1.accept(ReferencePipeline.java:193)
	at java.util.Spliterators$ArraySpliterator.forEachRemaining(Spliterators.java:948)
	at java.util.stream.AbstractPipeline.copyInto(AbstractPipeline.java:482)
	at java.util.stream.AbstractPipeline.wrapAndCopyInto(AbstractPipeline.java:472)
	at java.util.stream.ReduceOps$ReduceOp.evaluateSequential(ReduceOps.java:708)
	at java.util.stream.AbstractPipeline.evaluate(AbstractPipeline.java:234)
	at java.util.stream.ReferencePipeline.collect(ReferencePipeline.java:499)
	at org.openqa.selenium.remote.RemoteWebDriver.executeScript(RemoteWebDriver.java:480)
	at com.cpcommunity.PageObjects.BasePage.highlightElement(BasePage.java:512)
	at com.cpcommunity.PageObjects.BasePage.click(BasePage.java:197)
	at com.cpcommunity.PageObjects.EcoSystemPage.goToMyCommunities(EcoSystemPage.java:110)
	at com.cpcommunity.testScripts.community.TC052_Community_Admin_Create_Groups.TC052(TC052_Community_Admin_Create_Groups.java:32)
</failure>
    <system-out><![CDATA[INFO    2020-09-29 07:01:43,559 [TestNG-test=Test4-1] com.cpcommunity.testScripts.community.BaseTest  - Test Execution Completed !!!
Total rows are : 1167
Test case starts from row num: 1028
Total rows of data are : 1
Total cols are : 7
@TestCase : TC162
INFO    2020-09-29 07:01:43,758 [TestNG-test=Test4-1] com.cpcommunity.testScripts.community.BaseTest  - Inside Login Test
Launching : chrome
ChromeDriver: chrome on XP (a91ef393e7b3b8df93fbc5d5e6a0beb5)
a91ef393e7b3b8df93fbc5d5e6a0beb5
INFO    2020-09-29 07:01:47,033 [TestNG-test=Test4-1] com.cpcommunity.testScripts.community.BaseTest  - Driver Initialized !!!
INFO    2020-09-29 07:01:47,802 [TestNG-test=Test4-2] com.cpcommunity.PageObjects.BasePage  - Clicking on : view All
Page Opened
INFO    2020-09-29 07:01:53,036 [TestNG-test=Test4-2] com.cpcommunity.PageObjects.BasePage  - scrolling up vertically...
]]></system-out>
    <system-err><![CDATA[Starting ChromeDriver 2.38.552522 (437e6fbedfa8762dec75e2c5b3ddb86763dc9dcb) on port 46943
Only local connections are allowed.
Sep 29, 2020 7:01:47 AM org.openqa.selenium.remote.ProtocolHandshake createSession
INFO: Detected dialect: OSS
Sep 29, 2020 7:01:50 AM org.openqa.selenium.remote.Augmenter extractRemoteWebDriver
WARNING: Augmenter should be applied to the instances of @Augmentable classes or previously augmented instances only (instance class was: class org.openqa.selenium.chrome.ChromeDriver)
Sep 29, 2020 7:01:52 AM org.openqa.selenium.remote.Augmenter extractRemoteWebDriver
WARNING: Augmenter should be applied to the instances of @Augmentable classes or previously augmented instances only (instance class was: class org.openqa.selenium.chrome.ChromeDriver)
Sep 29, 2020 7:01:52 AM org.openqa.selenium.remote.Augmenter extractRemoteWebDriver
WARNING: Augmenter should be applied to the instances of @Augmentable classes or previously augmented instances only (instance class was: class org.openqa.selenium.chrome.ChromeDriver)
Sep 29, 2020 7:01:54 AM org.openqa.selenium.remote.Augmenter extractRemoteWebDriver
WARNING: Augmenter should be applied to the instances of @Augmentable classes or previously augmented instances only (instance class was: class org.openqa.selenium.chrome.ChromeDriver)
]]></system-err>
  </testcase>
  <testcase name="TC052" classname="com.cpcommunity.testScripts.community.TC052_Community_Admin_Create_Groups" time="11.335"/>
  <testcase name="TC079" classname="com.cpcommunity.testScripts.community.TC079_Share_Posts_in_Communities" time="22.616">
    <failure message="Expected condition failed: waiting for visibility of [[ChromeDriver: chrome on XP (bd699362f05b1d889ae42665c429d78b)] -&gt; xpath: (//*[contains(text(),&apos;Discussions&apos;)])[1]] (tried for 30 second(s) with 500 milliseconds interval)&#10;Build info: version: &apos;3.14.0&apos;, revision: &apos;aacccce0&apos;, time: &apos;2018-08-02T20:19:58.91Z&apos;&#10;System info: host: &apos;LAPTOP-65H8KDP8&apos;, ip: &apos;10.0.0.8&apos;, os.name: &apos;Windows 10&apos;, os.arch: &apos;amd64&apos;, os.version: &apos;10.0&apos;, java.version: &apos;1.8.0_251&apos;&#10;Driver info: org.openqa.selenium.chrome.ChromeDriver&#10;Capabilities {acceptInsecureCerts: false, acceptSslCerts: false, applicationCacheEnabled: false, browserConnectionEnabled: false, browserName: chrome, chrome: {chromedriverVersion: 2.38.552522 (437e6fbedfa876..., userDataDir: C:\Users\netwo\AppData\Loca...}, cssSelectorsEnabled: true, databaseEnabled: false, handlesAlerts: true, hasTouchScreen: false, javascriptEnabled: true, locationContextEnabled: true, mobileEmulationEnabled: false, nativeEvents: true, networkConnectionEnabled: false, pageLoadStrategy: normal, platform: XP, platformName: XP, rotatable: false, setWindowRect: true, takesHeapSnapshot: true, takesScreenshot: true, unexpectedAlertBehaviour: , unhandledPromptBehavior: , version: 85.0.4183.121, webStorageEnabled: true}&#10;Session ID: bd699362f05b1d889ae42665c429d78b" type="org.openqa.selenium.TimeoutException">org.openqa.selenium.TimeoutException: Expected condition failed: waiting for visibility of [[ChromeDriver: chrome on XP (bd699362f05b1d889ae42665c429d78b)] -> xpath: (//*[contains(text(),'Discussions')])[1]] (tried for 30 second(s) with 500 milliseconds interval)
Build info: version: '3.14.0', revision: 'aacccce0', time: '2018-08-02T20:19:58.91Z'
System info: host: 'LAPTOP-65H8KDP8', ip: '10.0.0.8', os.name: 'Windows 10', os.arch: 'amd64', os.version: '10.0', java.version: '1.8.0_251'
Driver info: org.openqa.selenium.chrome.ChromeDriver
Capabilities {acceptInsecureCerts: false, acceptSslCerts: false, applicationCacheEnabled: false, browserConnectionEnabled: false, browserName: chrome, chrome: {chromedriverVersion: 2.38.552522 (437e6fbedfa876..., userDataDir: C:\Users\netwo\AppData\Loca...}, cssSelectorsEnabled: true, databaseEnabled: false, handlesAlerts: true, hasTouchScreen: false, javascriptEnabled: true, locationContextEnabled: true, mobileEmulationEnabled: false, nativeEvents: true, networkConnectionEnabled: false, pageLoadStrategy: normal, platform: XP, platformName: XP, rotatable: false, setWindowRect: true, takesHeapSnapshot: true, takesScreenshot: true, unexpectedAlertBehaviour: , unhandledPromptBehavior: , version: 85.0.4183.121, webStorageEnabled: true}
Session ID: bd699362f05b1d889ae42665c429d78b
	at org.openqa.selenium.support.ui.WebDriverWait.timeoutException(WebDriverWait.java:113)
	at org.openqa.selenium.support.ui.FluentWait.until(FluentWait.java:283)
	at com.cpcommunity.PageObjects.BasePage.waitForPageToLoad(BasePage.java:94)
	at com.cpcommunity.PageObjects.BasePage.openPage(BasePage.java:80)
	at com.cpcommunity.PageObjects.CommunityDetailsPage.sharePosts(CommunityDetailsPage.java:456)
	at com.cpcommunity.testScripts.community.TC079_Share_Posts_in_Communities.TC079(TC079_Share_Posts_in_Communities.java:35)
</failure>
    <system-out><![CDATA[INFO    2020-09-29 07:01:56,483 [TestNG-test=Test4-3] com.cpcommunity.testScripts.community.BaseTest  - Test Execution Completed !!!
@TestCase : TC052
INFO    2020-09-29 07:01:56,558 [TestNG-test=Test4-3] com.cpcommunity.testScripts.community.BaseTest  - Inside Login Test
Launching : chrome
INFO    2020-09-29 07:01:57,362 [TestNG-test=Test4-1] com.cpcommunity.PageObjects.BasePage  - scrolling up vertically...
Date Format with dd MMMM yyyy : 29 Sep 2020
INFO    2020-09-29 07:01:58,207 [TestNG-test=Test4-2] com.cpcommunity.PageObjects.BasePage  - waiting for :[[ChromeDriver: chrome on XP (08ded13fb48faae88df192ffcb684f05)] -> xpath: //input[@placeholder='Search by Community Name']] for :18 seconds
INFO    2020-09-29 07:01:58,251 [TestNG-test=Test4-2] com.cpcommunity.PageObjects.BasePage  - [[ChromeDriver: chrome on XP (08ded13fb48faae88df192ffcb684f05)] -> xpath: //input[@placeholder='Search by Community Name']]is displayed
ChromeDriver: chrome on XP (ba1b3c6e78dda07773d32a8c0b9ee918)
ba1b3c6e78dda07773d32a8c0b9ee918
INFO    2020-09-29 07:01:59,922 [TestNG-test=Test4-3] com.cpcommunity.testScripts.community.BaseTest  - Driver Initialized !!!
INFO    2020-09-29 07:02:00,607 [TestNG-test=Test4-2] com.cpcommunity.PageObjects.BasePage  - Typing in : Search by Community entered the value as : Community - 29 Sep 2020
INFO    2020-09-29 07:02:01,008 [TestNG-test=Test4-2] com.cpcommunity.PageObjects.BasePage  - Clicking on : search btn
null
INFO    2020-09-29 07:02:02,485 [TestNG-test=Test4-1] com.cpcommunity.PageObjects.BasePage  - waiting for :[[ChromeDriver: chrome on XP (a91ef393e7b3b8df93fbc5d5e6a0beb5)] -> xpath: //a[contains(.,'Login')]] for :18 seconds
INFO    2020-09-29 07:02:02,530 [TestNG-test=Test4-1] com.cpcommunity.PageObjects.BasePage  - [[ChromeDriver: chrome on XP (a91ef393e7b3b8df93fbc5d5e6a0beb5)] -> xpath: //a[contains(.,'Login')]]is displayed
Page Opened
INFO    2020-09-29 07:02:05,530 [TestNG-test=Test4-1] com.cpcommunity.PageObjects.BasePage  - Clicking on : LOGIN
INFO    2020-09-29 07:02:07,188 [TestNG-test=Test4-2] com.cpcommunity.PageObjects.BasePage  - waiting for :[[ChromeDriver: chrome on XP (08ded13fb48faae88df192ffcb684f05)] -> xpath: //a[@tooltip='Community - 29 Sep 2020']] for :18 seconds
INFO    2020-09-29 07:02:07,202 [TestNG-test=Test4-2] com.cpcommunity.PageObjects.BasePage  - [[ChromeDriver: chrome on XP (08ded13fb48faae88df192ffcb684f05)] -> xpath: //a[@tooltip='Community - 29 Sep 2020']]is displayed
ChromeDriver: chrome on XP (a91ef393e7b3b8df93fbc5d5e6a0beb5)Login Page
INFO    2020-09-29 07:02:09,549 [TestNG-test=Test4-2] com.cpcommunity.PageObjects.BasePage  - Clicking on : Manage
INFO    2020-09-29 07:02:11,434 [TestNG-test=Test4-3] com.cpcommunity.PageObjects.BasePage  - scrolling up vertically...
INFO    2020-09-29 07:02:11,806 [TestNG-test=Test4-2] com.cpcommunity.PageObjects.BasePage  - waiting for :[[ChromeDriver: chrome on XP (08ded13fb48faae88df192ffcb684f05)] -> xpath: //h2[contains(text(),'Dashboard')]] for :18 seconds
INFO    2020-09-29 07:02:11,853 [TestNG-test=Test4-2] com.cpcommunity.PageObjects.BasePage  - [[ChromeDriver: chrome on XP (08ded13fb48faae88df192ffcb684f05)] -> xpath: //h2[contains(text(),'Dashboard')]]is displayed
INFO    2020-09-29 07:02:12,716 [TestNG-test=Test4-1] com.cpcommunity.PageObjects.BasePage  - scrolling up vertically...
INFO    2020-09-29 07:02:16,752 [TestNG-test=Test4-3] com.cpcommunity.PageObjects.BasePage  - waiting for :[[ChromeDriver: chrome on XP (ba1b3c6e78dda07773d32a8c0b9ee918)] -> xpath: //a[contains(.,'Login')]] for :18 seconds
INFO    2020-09-29 07:02:16,801 [TestNG-test=Test4-3] com.cpcommunity.PageObjects.BasePage  - [[ChromeDriver: chrome on XP (ba1b3c6e78dda07773d32a8c0b9ee918)] -> xpath: //a[contains(.,'Login')]]is displayed
INFO    2020-09-29 07:02:17,724 [TestNG-test=Test4-1] com.cpcommunity.PageObjects.BasePage  - Typing in : email address entered the value as : andrew74444@gmail.com
INFO    2020-09-29 07:02:18,499 [TestNG-test=Test4-1] com.cpcommunity.PageObjects.BasePage  - Typing in : password entered the value as : Admin@123
INFO    2020-09-29 07:02:18,537 [TestNG-test=Test4-2] com.cpcommunity.PageObjects.BasePage  - scrolling up vertically...
INFO    2020-09-29 07:02:18,774 [TestNG-test=Test4-1] com.cpcommunity.PageObjects.BasePage  - Clicking on : Login
]]></system-out>
    <system-err><![CDATA[Sep 29, 2020 7:01:56 AM org.openqa.selenium.remote.Augmenter extractRemoteWebDriver
WARNING: Augmenter should be applied to the instances of @Augmentable classes or previously augmented instances only (instance class was: class org.openqa.selenium.chrome.ChromeDriver)
Starting ChromeDriver 2.38.552522 (437e6fbedfa8762dec75e2c5b3ddb86763dc9dcb) on port 20858
Only local connections are allowed.
Sep 29, 2020 7:01:59 AM org.openqa.selenium.remote.ProtocolHandshake createSession
INFO: Detected dialect: OSS
Sep 29, 2020 7:02:06 AM org.openqa.selenium.remote.Augmenter extractRemoteWebDriver
WARNING: Augmenter should be applied to the instances of @Augmentable classes or previously augmented instances only (instance class was: class org.openqa.selenium.chrome.ChromeDriver)
Sep 29, 2020 7:02:08 AM org.openqa.selenium.remote.Augmenter extractRemoteWebDriver
WARNING: Augmenter should be applied to the instances of @Augmentable classes or previously augmented instances only (instance class was: class org.openqa.selenium.chrome.ChromeDriver)
Sep 29, 2020 7:02:09 AM org.openqa.selenium.remote.Augmenter extractRemoteWebDriver
WARNING: Augmenter should be applied to the instances of @Augmentable classes or previously augmented instances only (instance class was: class org.openqa.selenium.chrome.ChromeDriver)
Sep 29, 2020 7:02:10 AM org.openqa.selenium.remote.Augmenter extractRemoteWebDriver
WARNING: Augmenter should be applied to the instances of @Augmentable classes or previously augmented instances only (instance class was: class org.openqa.selenium.chrome.ChromeDriver)
Sep 29, 2020 7:02:12 AM org.openqa.selenium.remote.Augmenter extractRemoteWebDriver
WARNING: Augmenter should be applied to the instances of @Augmentable classes or previously augmented instances only (instance class was: class org.openqa.selenium.chrome.ChromeDriver)
Sep 29, 2020 7:02:14 AM org.openqa.selenium.remote.Augmenter extractRemoteWebDriver
WARNING: Augmenter should be applied to the instances of @Augmentable classes or previously augmented instances only (instance class was: class org.openqa.selenium.chrome.ChromeDriver)
Sep 29, 2020 7:02:16 AM org.openqa.selenium.remote.Augmenter extractRemoteWebDriver
WARNING: Augmenter should be applied to the instances of @Augmentable classes or previously augmented instances only (instance class was: class org.openqa.selenium.chrome.ChromeDriver)
Sep 29, 2020 7:02:17 AM org.openqa.selenium.remote.Augmenter extractRemoteWebDriver
WARNING: Augmenter should be applied to the instances of @Augmentable classes or previously augmented instances only (instance class was: class org.openqa.selenium.chrome.ChromeDriver)
]]></system-err>
  </testcase>
  <testcase name="TC047" classname="com.cpcommunity.testScripts.community.TC047_Community_Admin_Able_To_Manage_Community_Members" time="142.487">
    <failure message="Expected condition failed: waiting for visibility of Proxy element for: AjaxElementLocator &apos;By.xpath: ((//*[@class=&apos;col-md-5&apos;])[1])//*[contains(text(),&apos;Showing 1 to 1 of 1 entries&apos;)]&apos; (tried for 30 second(s) with 500 milliseconds interval)" type="org.openqa.selenium.TimeoutException">org.openqa.selenium.TimeoutException: Expected condition failed: waiting for visibility of Proxy element for: AjaxElementLocator 'By.xpath: ((//*[@class='col-md-5'])[1])//*[contains(text(),'Showing 1 to 1 of 1 entries')]' (tried for 30 second(s) with 500 milliseconds interval)
	at sun.reflect.GeneratedConstructorAccessor73.newInstance(Unknown Source)
	at sun.reflect.DelegatingConstructorAccessorImpl.newInstance(DelegatingConstructorAccessorImpl.java:45)
	at java.lang.reflect.Constructor.newInstance(Constructor.java:423)
	at org.openqa.selenium.remote.ErrorHandler.createThrowable(ErrorHandler.java:214)
	at org.openqa.selenium.remote.ErrorHandler.throwIfResponseFailed(ErrorHandler.java:166)
	at org.openqa.selenium.remote.http.JsonHttpResponseCodec.reconstructValue(JsonHttpResponseCodec.java:40)
	at org.openqa.selenium.remote.http.AbstractHttpResponseCodec.decode(AbstractHttpResponseCodec.java:80)
	at org.openqa.selenium.remote.http.AbstractHttpResponseCodec.decode(AbstractHttpResponseCodec.java:44)
	at org.openqa.selenium.remote.HttpCommandExecutor.execute(HttpCommandExecutor.java:158)
	at org.openqa.selenium.remote.service.DriverCommandExecutor.execute(DriverCommandExecutor.java:83)
	at org.openqa.selenium.remote.RemoteWebDriver.execute(RemoteWebDriver.java:548)
	at org.openqa.selenium.remote.RemoteWebDriver.findElement(RemoteWebDriver.java:322)
	at org.openqa.selenium.remote.RemoteWebDriver.findElementByXPath(RemoteWebDriver.java:424)
	at org.openqa.selenium.By$ByXPath.findElement(By.java:353)
	at org.openqa.selenium.remote.RemoteWebDriver.findElement(RemoteWebDriver.java:314)
	at org.openqa.selenium.support.pagefactory.DefaultElementLocator.findElement(DefaultElementLocator.java:69)
	at org.openqa.selenium.support.pagefactory.AjaxElementLocator.access$001(AjaxElementLocator.java:39)
	at org.openqa.selenium.support.pagefactory.AjaxElementLocator$SlowLoadingElement.isLoaded(AjaxElementLocator.java:194)
	at org.openqa.selenium.support.ui.SlowLoadableComponent.get(SlowLoadableComponent.java:78)
	at org.openqa.selenium.support.pagefactory.AjaxElementLocator.findElement(AjaxElementLocator.java:119)
	at org.openqa.selenium.support.pagefactory.internal.LocatingElementHandler.invoke(LocatingElementHandler.java:38)
	at com.sun.proxy.$Proxy9.isDisplayed(Unknown Source)
	at org.openqa.selenium.support.ui.ExpectedConditions.elementIfVisible(ExpectedConditions.java:315)
	at org.openqa.selenium.support.ui.ExpectedConditions.access$100(ExpectedConditions.java:44)
	at org.openqa.selenium.support.ui.ExpectedConditions$10.apply(ExpectedConditions.java:301)
	at org.openqa.selenium.support.ui.ExpectedConditions$10.apply(ExpectedConditions.java:298)
	at org.openqa.selenium.support.ui.FluentWait.until(FluentWait.java:260)
	at com.cpcommunity.PageObjects.BasePage.waitForElementToPresent(BasePage.java:175)
	at com.cpcommunity.PageObjects.ManageCommunityMembersPage.memberOutSearch(ManageCommunityMembersPage.java:118)
	at com.cpcommunity.PageObjects.ManageCommunityMembersPage.addmember(ManageCommunityMembersPage.java:161)
	at com.cpcommunity.PageObjects.ManageCommunityMembersPage.ManageMembers(ManageCommunityMembersPage.java:97)
	at com.cpcommunity.testScripts.community.TC047_Community_Admin_Able_To_Manage_Community_Members.TC047(TC047_Community_Admin_Able_To_Manage_Community_Members.java:38)
</failure>
    <system-out><![CDATA[INFO    2020-09-29 07:02:19,802 [TestNG-test=Test4-3] com.cpcommunity.PageObjects.BasePage  - Clicking on : LOGIN
INFO    2020-09-29 07:02:20,297 [TestNG-test=Test4-4] com.cpcommunity.testScripts.community.BaseTest  - Test Execution Completed !!!
Total rows are : 1167
Test case starts from row num: 1032
Total rows of data are : 1
Total cols are : 7
@TestCase : TC163
INFO    2020-09-29 07:02:20,720 [TestNG-test=Test4-4] com.cpcommunity.testScripts.community.BaseTest  - Inside Login Test
Launching : chrome
ChromeDriver: chrome on XP (ba1b3c6e78dda07773d32a8c0b9ee918)Login Page
INFO    2020-09-29 07:02:23,572 [TestNG-test=Test4-2] com.cpcommunity.PageObjects.BasePage  - scrolling down vertically...
INFO    2020-09-29 07:02:23,707 [TestNG-test=Test4-2] com.cpcommunity.PageObjects.BasePage  - Clicking on : Jobs
INFO    2020-09-29 07:02:24,137 [TestNG-test=Test4-2] com.cpcommunity.PageObjects.BasePage  - waiting for :[[ChromeDriver: chrome on XP (08ded13fb48faae88df192ffcb684f05)] -> xpath: (//*[@class='col-md-3 left_col']//*[@title='Manage Jobs'])] for :18 seconds
INFO    2020-09-29 07:02:24,288 [TestNG-test=Test4-2] com.cpcommunity.PageObjects.BasePage  - [[ChromeDriver: chrome on XP (08ded13fb48faae88df192ffcb684f05)] -> xpath: (//*[@class='col-md-3 left_col']//*[@title='Manage Jobs'])]is displayed
ChromeDriver: chrome on XP (e15aaa42d5cf4f9cb1817a6224ece21e)
e15aaa42d5cf4f9cb1817a6224ece21e
INFO    2020-09-29 07:02:24,991 [TestNG-test=Test4-4] com.cpcommunity.testScripts.community.BaseTest  - Driver Initialized !!!
INFO    2020-09-29 07:02:25,751 [TestNG-test=Test4-3] com.cpcommunity.PageObjects.BasePage  - scrolling up vertically...
INFO    2020-09-29 07:02:26,289 [TestNG-test=Test4-2] com.cpcommunity.PageObjects.BasePage  - Clicking on : ManageJobs
INFO    2020-09-29 07:02:28,383 [TestNG-test=Test4-1] com.cpcommunity.PageObjects.BasePage  - scrolling up vertically...
Page Opened
INFO    2020-09-29 07:02:30,762 [TestNG-test=Test4-3] com.cpcommunity.PageObjects.BasePage  - Typing in : email address entered the value as : andrew74444@gmail.com
INFO    2020-09-29 07:02:32,318 [TestNG-test=Test4-3] com.cpcommunity.PageObjects.BasePage  - Typing in : password entered the value as : Admin@123
INFO    2020-09-29 07:02:32,380 [TestNG-test=Test4-2] com.cpcommunity.PageObjects.BasePage  - scrolling up vertically...
INFO    2020-09-29 07:02:32,700 [TestNG-test=Test4-3] com.cpcommunity.PageObjects.BasePage  - Clicking on : Login
INFO    2020-09-29 07:02:33,466 [TestNG-test=Test4-1] com.cpcommunity.PageObjects.BasePage  - Clicking on : view All
INFO    2020-09-29 07:02:37,251 [TestNG-test=Test4-4] com.cpcommunity.PageObjects.BasePage  - scrolling up vertically...
INFO    2020-09-29 07:02:37,434 [TestNG-test=Test4-2] com.cpcommunity.PageObjects.BasePage  - Clicking on : Add New Job
INFO    2020-09-29 07:02:38,068 [TestNG-test=Test4-2] com.cpcommunity.PageObjects.BasePage  - waiting for :[[ChromeDriver: chrome on XP (08ded13fb48faae88df192ffcb684f05)] -> xpath: //div[@class='col-sm-8']//input[@id='JobTitle']] for :18 seconds
INFO    2020-09-29 07:02:38,233 [TestNG-test=Test4-2] com.cpcommunity.PageObjects.BasePage  - [[ChromeDriver: chrome on XP (08ded13fb48faae88df192ffcb684f05)] -> xpath: //div[@class='col-sm-8']//input[@id='JobTitle']]is displayed
INFO    2020-09-29 07:02:40,233 [TestNG-test=Test4-2] com.cpcommunity.PageObjects.BasePage  - Typing in : JobTitle entered the value as : Business Analyst
INFO    2020-09-29 07:02:40,567 [TestNG-test=Test4-1] com.cpcommunity.PageObjects.BasePage  - scrolling up vertically...
INFO    2020-09-29 07:02:40,999 [TestNG-test=Test4-2] com.cpcommunity.PageObjects.BasePage  - Selecting the +billingRate+ value as : $20-$25
INFO    2020-09-29 07:02:41,246 [TestNG-test=Test4-2] com.cpcommunity.PageObjects.BasePage  - Selecting the +jobTypeID+ value as : Contract
INFO    2020-09-29 07:02:41,267 [TestNG-test=Test4-5] com.cpcommunity.PageObjects.BasePage  - waiting for :Proxy element for: AjaxElementLocator 'By.xpath: ((//*[@class='col-md-5'])[1])//*[contains(text(),'Showing 1 to 1 of 1 entries')]' for :18 seconds
INFO    2020-09-29 07:02:41,522 [TestNG-test=Test4-2] com.cpcommunity.PageObjects.BasePage  - Typing in : Location entered the value as : Madhapur, Hyderabad
INFO    2020-09-29 07:02:42,418 [TestNG-test=Test4-4] com.cpcommunity.PageObjects.BasePage  - waiting for :[[ChromeDriver: chrome on XP (e15aaa42d5cf4f9cb1817a6224ece21e)] -> xpath: //a[contains(.,'Login')]] for :18 seconds
INFO    2020-09-29 07:02:42,436 [TestNG-test=Test4-3] com.cpcommunity.PageObjects.BasePage  - scrolling up vertically...
INFO    2020-09-29 07:02:42,498 [TestNG-test=Test4-4] com.cpcommunity.PageObjects.BasePage  - [[ChromeDriver: chrome on XP (e15aaa42d5cf4f9cb1817a6224ece21e)] -> xpath: //a[contains(.,'Login')]]is displayed
INFO    2020-09-29 07:02:45,503 [TestNG-test=Test4-4] com.cpcommunity.PageObjects.BasePage  - Clicking on : LOGIN
Date Format with dd MMMM yyyy : 29 Sep 2020
INFO    2020-09-29 07:02:45,780 [TestNG-test=Test4-1] com.cpcommunity.PageObjects.BasePage  - waiting for :[[ChromeDriver: chrome on XP (a91ef393e7b3b8df93fbc5d5e6a0beb5)] -> xpath: //input[@placeholder='Search by Community Name']] for :18 seconds
INFO    2020-09-29 07:02:45,875 [TestNG-test=Test4-1] com.cpcommunity.PageObjects.BasePage  - [[ChromeDriver: chrome on XP (a91ef393e7b3b8df93fbc5d5e6a0beb5)] -> xpath: //input[@placeholder='Search by Community Name']]is displayed
INFO    2020-09-29 07:02:47,606 [TestNG-test=Test4-3] com.cpcommunity.PageObjects.BasePage  - Clicking on : view All
ChromeDriver: chrome on XP (e15aaa42d5cf4f9cb1817a6224ece21e)Login Page
INFO    2020-09-29 07:02:48,355 [TestNG-test=Test4-1] com.cpcommunity.PageObjects.BasePage  - Typing in : Search by Community entered the value as : Community - 29 Sep 2020
INFO    2020-09-29 07:02:50,085 [TestNG-test=Test4-1] com.cpcommunity.PageObjects.BasePage  - Clicking on : search btn
INFO    2020-09-29 07:02:51,497 [TestNG-test=Test4-4] com.cpcommunity.PageObjects.BasePage  - scrolling up vertically...
INFO    2020-09-29 07:02:53,761 [TestNG-test=Test4-3] com.cpcommunity.PageObjects.BasePage  - scrolling up vertically...
INFO    2020-09-29 07:02:56,546 [TestNG-test=Test4-4] com.cpcommunity.PageObjects.BasePage  - Typing in : email address entered the value as : andrew74444@gmail.com
INFO    2020-09-29 07:02:56,627 [TestNG-test=Test4-1] com.cpcommunity.PageObjects.BasePage  - waiting for :[[ChromeDriver: chrome on XP (a91ef393e7b3b8df93fbc5d5e6a0beb5)] -> xpath: //a[@tooltip='Community - 29 Sep 2020']] for :18 seconds
INFO    2020-09-29 07:02:56,670 [TestNG-test=Test4-1] com.cpcommunity.PageObjects.BasePage  - [[ChromeDriver: chrome on XP (a91ef393e7b3b8df93fbc5d5e6a0beb5)] -> xpath: //a[@tooltip='Community - 29 Sep 2020']]is displayed
INFO    2020-09-29 07:02:57,421 [TestNG-test=Test4-4] com.cpcommunity.PageObjects.BasePage  - Typing in : password entered the value as : Admin@123
INFO    2020-09-29 07:02:57,845 [TestNG-test=Test4-4] com.cpcommunity.PageObjects.BasePage  - Clicking on : Login
Date Format with dd MMMM yyyy : 29 Sep 2020
INFO    2020-09-29 07:02:58,906 [TestNG-test=Test4-3] com.cpcommunity.PageObjects.BasePage  - waiting for :[[ChromeDriver: chrome on XP (ba1b3c6e78dda07773d32a8c0b9ee918)] -> xpath: //input[@placeholder='Search by Community Name']] for :18 seconds
INFO    2020-09-29 07:02:59,098 [TestNG-test=Test4-1] com.cpcommunity.PageObjects.BasePage  - Clicking on : Manage
INFO    2020-09-29 07:02:59,120 [TestNG-test=Test4-3] com.cpcommunity.PageObjects.BasePage  - [[ChromeDriver: chrome on XP (ba1b3c6e78dda07773d32a8c0b9ee918)] -> xpath: //input[@placeholder='Search by Community Name']]is displayed
INFO    2020-09-29 07:03:01,672 [TestNG-test=Test4-3] com.cpcommunity.PageObjects.BasePage  - Typing in : Search by Community entered the value as : Community - 29 Sep 2020
INFO    2020-09-29 07:03:01,770 [TestNG-test=Test4-1] com.cpcommunity.PageObjects.BasePage  - waiting for :[[ChromeDriver: chrome on XP (a91ef393e7b3b8df93fbc5d5e6a0beb5)] -> xpath: //h2[contains(text(),'Dashboard')]] for :18 seconds
INFO    2020-09-29 07:03:01,967 [TestNG-test=Test4-1] com.cpcommunity.PageObjects.BasePage  - [[ChromeDriver: chrome on XP (a91ef393e7b3b8df93fbc5d5e6a0beb5)] -> xpath: //h2[contains(text(),'Dashboard')]]is displayed
INFO    2020-09-29 07:03:02,652 [TestNG-test=Test4-3] com.cpcommunity.PageObjects.BasePage  - Clicking on : search btn
INFO    2020-09-29 07:03:09,265 [TestNG-test=Test4-4] com.cpcommunity.PageObjects.BasePage  - scrolling up vertically...
INFO    2020-09-29 07:03:09,432 [TestNG-test=Test4-3] com.cpcommunity.PageObjects.BasePage  - waiting for :[[ChromeDriver: chrome on XP (ba1b3c6e78dda07773d32a8c0b9ee918)] -> xpath: //a[@tooltip='Community - 29 Sep 2020']] for :18 seconds
INFO    2020-09-29 07:03:09,518 [TestNG-test=Test4-1] com.cpcommunity.PageObjects.BasePage  - scrolling up vertically...
INFO    2020-09-29 07:03:09,570 [TestNG-test=Test4-3] com.cpcommunity.PageObjects.BasePage  - [[ChromeDriver: chrome on XP (ba1b3c6e78dda07773d32a8c0b9ee918)] -> xpath: //a[@tooltip='Community - 29 Sep 2020']]is displayed
INFO    2020-09-29 07:03:11,930 [TestNG-test=Test4-3] com.cpcommunity.PageObjects.BasePage  - Clicking on : Manage
INFO    2020-09-29 07:03:14,289 [TestNG-test=Test4-3] com.cpcommunity.PageObjects.BasePage  - waiting for :[[ChromeDriver: chrome on XP (ba1b3c6e78dda07773d32a8c0b9ee918)] -> xpath: //h2[contains(text(),'Dashboard')]] for :18 seconds
INFO    2020-09-29 07:03:14,370 [TestNG-test=Test4-3] com.cpcommunity.PageObjects.BasePage  - [[ChromeDriver: chrome on XP (ba1b3c6e78dda07773d32a8c0b9ee918)] -> xpath: //h2[contains(text(),'Dashboard')]]is displayed
INFO    2020-09-29 07:03:14,629 [TestNG-test=Test4-1] com.cpcommunity.PageObjects.BasePage  - Clicking on : Members
INFO    2020-09-29 07:03:14,633 [TestNG-test=Test4-4] com.cpcommunity.PageObjects.BasePage  - Clicking on : view All
INFO    2020-09-29 07:03:15,872 [TestNG-test=Test4-1] com.cpcommunity.PageObjects.BasePage  - Clicking on : Manage Members
INFO    2020-09-29 07:03:20,789 [TestNG-test=Test4-4] com.cpcommunity.PageObjects.BasePage  - scrolling up vertically...
INFO    2020-09-29 07:03:21,673 [TestNG-test=Test4-3] com.cpcommunity.PageObjects.BasePage  - scrolling up vertically...
INFO    2020-09-29 07:03:21,968 [TestNG-test=Test4-1] com.cpcommunity.PageObjects.BasePage  - scrolling up vertically...
Date Format with dd MMMM yyyy : 29 Sep 2020
INFO    2020-09-29 07:03:25,914 [TestNG-test=Test4-4] com.cpcommunity.PageObjects.BasePage  - waiting for :[[ChromeDriver: chrome on XP (e15aaa42d5cf4f9cb1817a6224ece21e)] -> xpath: //input[@placeholder='Search by Community Name']] for :18 seconds
INFO    2020-09-29 07:03:25,977 [TestNG-test=Test4-4] com.cpcommunity.PageObjects.BasePage  - [[ChromeDriver: chrome on XP (e15aaa42d5cf4f9cb1817a6224ece21e)] -> xpath: //input[@placeholder='Search by Community Name']]is displayed
INFO    2020-09-29 07:03:26,720 [TestNG-test=Test4-3] com.cpcommunity.PageObjects.BasePage  - Clicking on : Groups
INFO    2020-09-29 07:03:27,953 [TestNG-test=Test4-3] com.cpcommunity.PageObjects.BasePage  - Clicking on : Manage Groups
INFO    2020-09-29 07:03:28,387 [TestNG-test=Test4-4] com.cpcommunity.PageObjects.BasePage  - Typing in : Search by Community entered the value as : Community - 29 Sep 2020
INFO    2020-09-29 07:03:29,217 [TestNG-test=Test4-1] com.cpcommunity.PageObjects.BasePage  - Typing in : Searching in members not joined entered the value as : consumera99@gmail.com
INFO    2020-09-29 07:03:30,136 [TestNG-test=Test4-4] com.cpcommunity.PageObjects.BasePage  - Clicking on : search btn
INFO    2020-09-29 07:03:33,315 [TestNG-test=Test4-3] com.cpcommunity.PageObjects.BasePage  - scrolling up vertically...
INFO    2020-09-29 07:03:36,453 [TestNG-test=Test4-4] com.cpcommunity.PageObjects.BasePage  - waiting for :[[ChromeDriver: chrome on XP (e15aaa42d5cf4f9cb1817a6224ece21e)] -> xpath: //a[@tooltip='Community - 29 Sep 2020']] for :18 seconds
INFO    2020-09-29 07:03:36,477 [TestNG-test=Test4-4] com.cpcommunity.PageObjects.BasePage  - [[ChromeDriver: chrome on XP (e15aaa42d5cf4f9cb1817a6224ece21e)] -> xpath: //a[@tooltip='Community - 29 Sep 2020']]is displayed
INFO    2020-09-29 07:03:38,472 [TestNG-test=Test4-3] com.cpcommunity.PageObjects.BasePage  - Clicking on :  Create Btn
INFO    2020-09-29 07:03:38,846 [TestNG-test=Test4-4] com.cpcommunity.PageObjects.BasePage  - Clicking on : CommunityName
INFO    2020-09-29 07:03:42,786 [TestNG-test=Test4-4] com.cpcommunity.PageObjects.BasePage  - scrolling up vertically...
INFO    2020-09-29 07:03:45,179 [TestNG-test=Test4-3] com.cpcommunity.PageObjects.BasePage  - scrolling up vertically...
INFO    2020-09-29 07:03:48,052 [TestNG-test=Test4-4] com.cpcommunity.PageObjects.BasePage  - scrolling up vertically...
Date Format with dd MMMM yyyy : 29 Sep 2020
INFO    2020-09-29 07:03:53,219 [TestNG-test=Test4-4] com.cpcommunity.PageObjects.BasePage  - Clicking[[ChromeDriver: chrome on XP (e15aaa42d5cf4f9cb1817a6224ece21e)] -> xpath: //*[@value='Invite Friends']]
INFO    2020-09-29 07:03:55,360 [TestNG-test=Test4-4] com.cpcommunity.PageObjects.BasePage  - Clicked[[ChromeDriver: chrome on XP (e15aaa42d5cf4f9cb1817a6224ece21e)] -> xpath: //*[@value='Invite Friends']]
INFO    2020-09-29 07:03:55,381 [TestNG-test=Test4-4] com.cpcommunity.PageObjects.BasePage  - waiting for :[[ChromeDriver: chrome on XP (e15aaa42d5cf4f9cb1817a6224ece21e)] -> xpath: //*[@id='btnInvites']] for :18 seconds
INFO    2020-09-29 07:03:55,436 [TestNG-test=Test4-4] com.cpcommunity.PageObjects.BasePage  - [[ChromeDriver: chrome on XP (e15aaa42d5cf4f9cb1817a6224ece21e)] -> xpath: //*[@id='btnInvites']]is displayed
INFO    2020-09-29 07:03:57,438 [TestNG-test=Test4-4] com.cpcommunity.PageObjects.BasePage  - Typing in : invite entered the value as : elliswatson12x@gmail.com
INFO    2020-09-29 07:04:05,655 [TestNG-test=Test4-3] com.cpcommunity.PageObjects.BasePage  - Typing in : Name entered the value as : Private Group 29 Sep 2020
INFO    2020-09-29 07:04:06,399 [TestNG-test=Test4-3] com.cpcommunity.PageObjects.BasePage  - Typing in : Description entered the value as : Please check back soon....
INFO    2020-09-29 07:04:07,247 [TestNG-test=Test4-3] com.cpcommunity.PageObjects.BasePage  - Typing in : City entered the value as : Hyderabad
INFO    2020-09-29 07:04:07,706 [TestNG-test=Test4-3] com.cpcommunity.PageObjects.BasePage  - Typing in : State entered the value as : Telangana
INFO    2020-09-29 07:04:08,148 [TestNG-test=Test4-3] com.cpcommunity.PageObjects.BasePage  - selectUsingIndex and index is: 1
INFO    2020-09-29 07:04:08,335 [TestNG-test=Test4-3] com.cpcommunity.PageObjects.BasePage  - Selecting the +GroupType+ value as : Private
INFO    2020-09-29 07:04:08,613 [TestNG-test=Test4-3] com.cpcommunity.PageObjects.BasePage  - Clicking on : change Image Link
INFO    2020-09-29 07:04:08,845 [TestNG-test=Test4-3] com.cpcommunity.PageObjects.BasePage  - waiting for :[[ChromeDriver: chrome on XP (ba1b3c6e78dda07773d32a8c0b9ee918)] -> xpath: //*[@id='EditMyGroupImageForm']//*[contains(text(),'Browse')]] for :18 seconds
INFO    2020-09-29 07:04:09,443 [TestNG-test=Test4-3] com.cpcommunity.PageObjects.BasePage  - [[ChromeDriver: chrome on XP (ba1b3c6e78dda07773d32a8c0b9ee918)] -> xpath: //*[@id='EditMyGroupImageForm']//*[contains(text(),'Browse')]]is displayed
INFO    2020-09-29 07:04:11,443 [TestNG-test=Test4-3] com.cpcommunity.PageObjects.BasePage  - Clicking on :  Browse
D:\workspace\bizligo-automation\src\test\resources\testImages\ExeFiles\ChromeImage4.exe
INFO    2020-09-29 07:04:31,064 [TestNG-test=Test4-1] com.cpcommunity.PageObjects.BasePage  - waiting for :Proxy element for: AjaxElementLocator 'By.xpath: ((//*[@class='col-md-5'])[1])//*[contains(text(),'Showing 1 to 1 of 1 entries')]' for :18 seconds
INFO    2020-09-29 07:04:31,684 [TestNG-test=Test4-3] com.cpcommunity.PageObjects.BasePage  - Clicking on : Upload
INFO    2020-09-29 07:04:38,985 [TestNG-test=Test4-2] com.cpcommunity.PageObjects.BasePage  - Typing in : Additional Details entered the value as : Event Management Prefered 
INFO    2020-09-29 07:04:39,663 [TestNG-test=Test4-2] com.cpcommunity.PageObjects.BasePage  - Clicking on : makeGlobal
INFO    2020-09-29 07:04:39,759 [TestNG-test=Test4-2] com.cpcommunity.PageObjects.BasePage  - Clicking on : Active
INFO    2020-09-29 07:04:39,861 [TestNG-test=Test4-2] com.cpcommunity.PageObjects.BasePage  - Typing in : reMarks entered the value as : immediate joining required
INFO    2020-09-29 07:04:40,548 [TestNG-test=Test4-2] com.cpcommunity.PageObjects.BasePage  - Clicking on : post
INFO    2020-09-29 07:04:40,890 [TestNG-test=Test4-2] com.cpcommunity.PageObjects.BasePage  - waiting for :[[ChromeDriver: chrome on XP (08ded13fb48faae88df192ffcb684f05)] -> xpath: //div[@class='toast-message']] for :18 seconds
INFO    2020-09-29 07:04:40,981 [TestNG-test=Test4-2] com.cpcommunity.PageObjects.BasePage  - [[ChromeDriver: chrome on XP (08ded13fb48faae88df192ffcb684f05)] -> xpath: //div[@class='toast-message']]is displayed
INFO    2020-09-29 07:04:42,309 [TestNG-test=Test4-3] com.cpcommunity.PageObjects.BasePage  - waiting for :[[ChromeDriver: chrome on XP (ba1b3c6e78dda07773d32a8c0b9ee918)] -> xpath: //span[contains(text(),'Create')]] for :18 seconds
INFO    2020-09-29 07:04:42,345 [TestNG-test=Test4-3] com.cpcommunity.PageObjects.BasePage  - [[ChromeDriver: chrome on XP (ba1b3c6e78dda07773d32a8c0b9ee918)] -> xpath: //span[contains(text(),'Create')]]is displayed
]]></system-out>
    <system-err><![CDATA[Starting ChromeDriver 2.38.552522 (437e6fbedfa8762dec75e2c5b3ddb86763dc9dcb) on port 17478
Only local connections are allowed.
Sep 29, 2020 7:02:23 AM org.openqa.selenium.remote.Augmenter extractRemoteWebDriver
WARNING: Augmenter should be applied to the instances of @Augmentable classes or previously augmented instances only (instance class was: class org.openqa.selenium.chrome.ChromeDriver)
Sep 29, 2020 7:02:24 AM org.openqa.selenium.remote.Augmenter extractRemoteWebDriver
WARNING: Augmenter should be applied to the instances of @Augmentable classes or previously augmented instances only (instance class was: class org.openqa.selenium.chrome.ChromeDriver)
Sep 29, 2020 7:02:24 AM org.openqa.selenium.remote.ProtocolHandshake createSession
INFO: Detected dialect: OSS
Sep 29, 2020 7:02:25 AM org.openqa.selenium.remote.Augmenter extractRemoteWebDriver
WARNING: Augmenter should be applied to the instances of @Augmentable classes or previously augmented instances only (instance class was: class org.openqa.selenium.chrome.ChromeDriver)
Sep 29, 2020 7:02:25 AM org.openqa.selenium.remote.Augmenter extractRemoteWebDriver
WARNING: Augmenter should be applied to the instances of @Augmentable classes or previously augmented instances only (instance class was: class org.openqa.selenium.chrome.ChromeDriver)
Sep 29, 2020 7:02:27 AM org.openqa.selenium.remote.Augmenter extractRemoteWebDriver
WARNING: Augmenter should be applied to the instances of @Augmentable classes or previously augmented instances only (instance class was: class org.openqa.selenium.chrome.ChromeDriver)
Sep 29, 2020 7:02:30 AM org.openqa.selenium.remote.Augmenter extractRemoteWebDriver
WARNING: Augmenter should be applied to the instances of @Augmentable classes or previously augmented instances only (instance class was: class org.openqa.selenium.chrome.ChromeDriver)
Sep 29, 2020 7:02:30 AM org.openqa.selenium.remote.Augmenter extractRemoteWebDriver
WARNING: Augmenter should be applied to the instances of @Augmentable classes or previously augmented instances only (instance class was: class org.openqa.selenium.chrome.ChromeDriver)
Sep 29, 2020 7:02:31 AM org.openqa.selenium.remote.Augmenter extractRemoteWebDriver
WARNING: Augmenter should be applied to the instances of @Augmentable classes or previously augmented instances only (instance class was: class org.openqa.selenium.chrome.ChromeDriver)
Sep 29, 2020 7:02:33 AM org.openqa.selenium.remote.Augmenter extractRemoteWebDriver
WARNING: Augmenter should be applied to the instances of @Augmentable classes or previously augmented instances only (instance class was: class org.openqa.selenium.chrome.ChromeDriver)
Sep 29, 2020 7:02:35 AM org.openqa.selenium.remote.Augmenter extractRemoteWebDriver
WARNING: Augmenter should be applied to the instances of @Augmentable classes or previously augmented instances only (instance class was: class org.openqa.selenium.chrome.ChromeDriver)
Sep 29, 2020 7:02:37 AM org.openqa.selenium.remote.Augmenter extractRemoteWebDriver
WARNING: Augmenter should be applied to the instances of @Augmentable classes or previously augmented instances only (instance class was: class org.openqa.selenium.chrome.ChromeDriver)
Sep 29, 2020 7:02:38 AM org.openqa.selenium.remote.Augmenter extractRemoteWebDriver
WARNING: Augmenter should be applied to the instances of @Augmentable classes or previously augmented instances only (instance class was: class org.openqa.selenium.chrome.ChromeDriver)
Sep 29, 2020 7:02:39 AM org.openqa.selenium.remote.Augmenter extractRemoteWebDriver
WARNING: Augmenter should be applied to the instances of @Augmentable classes or previously augmented instances only (instance class was: class org.openqa.selenium.chrome.ChromeDriver)
Sep 29, 2020 7:02:39 AM org.openqa.selenium.remote.Augmenter extractRemoteWebDriver
WARNING: Augmenter should be applied to the instances of @Augmentable classes or previously augmented instances only (instance class was: class org.openqa.selenium.chrome.ChromeDriver)
Sep 29, 2020 7:02:41 AM org.openqa.selenium.remote.Augmenter extractRemoteWebDriver
WARNING: Augmenter should be applied to the instances of @Augmentable classes or previously augmented instances only (instance class was: class org.openqa.selenium.chrome.ChromeDriver)
Sep 29, 2020 7:02:49 AM org.openqa.selenium.remote.Augmenter extractRemoteWebDriver
WARNING: Augmenter should be applied to the instances of @Augmentable classes or previously augmented instances only (instance class was: class org.openqa.selenium.chrome.ChromeDriver)
Sep 29, 2020 7:02:50 AM org.openqa.selenium.remote.Augmenter extractRemoteWebDriver
WARNING: Augmenter should be applied to the instances of @Augmentable classes or previously augmented instances only (instance class was: class org.openqa.selenium.chrome.ChromeDriver)
Sep 29, 2020 7:02:51 AM org.openqa.selenium.remote.Augmenter extractRemoteWebDriver
WARNING: Augmenter should be applied to the instances of @Augmentable classes or previously augmented instances only (instance class was: class org.openqa.selenium.chrome.ChromeDriver)
Sep 29, 2020 7:02:52 AM org.openqa.selenium.remote.Augmenter extractRemoteWebDriver
WARNING: Augmenter should be applied to the instances of @Augmentable classes or previously augmented instances only (instance class was: class org.openqa.selenium.chrome.ChromeDriver)
Sep 29, 2020 7:03:02 AM org.openqa.selenium.remote.Augmenter extractRemoteWebDriver
WARNING: Augmenter should be applied to the instances of @Augmentable classes or previously augmented instances only (instance class was: class org.openqa.selenium.chrome.ChromeDriver)
Sep 29, 2020 7:03:05 AM org.openqa.selenium.remote.Augmenter extractRemoteWebDriver
WARNING: Augmenter should be applied to the instances of @Augmentable classes or previously augmented instances only (instance class was: class org.openqa.selenium.chrome.ChromeDriver)
Sep 29, 2020 7:03:06 AM org.openqa.selenium.remote.Augmenter extractRemoteWebDriver
WARNING: Augmenter should be applied to the instances of @Augmentable classes or previously augmented instances only (instance class was: class org.openqa.selenium.chrome.ChromeDriver)
Sep 29, 2020 7:03:06 AM org.openqa.selenium.remote.Augmenter extractRemoteWebDriver
WARNING: Augmenter should be applied to the instances of @Augmentable classes or previously augmented instances only (instance class was: class org.openqa.selenium.chrome.ChromeDriver)
Sep 29, 2020 7:03:07 AM org.openqa.selenium.remote.Augmenter extractRemoteWebDriver
WARNING: Augmenter should be applied to the instances of @Augmentable classes or previously augmented instances only (instance class was: class org.openqa.selenium.chrome.ChromeDriver)
Sep 29, 2020 7:03:08 AM org.openqa.selenium.remote.Augmenter extractRemoteWebDriver
WARNING: Augmenter should be applied to the instances of @Augmentable classes or previously augmented instances only (instance class was: class org.openqa.selenium.chrome.ChromeDriver)
Sep 29, 2020 7:03:17 AM org.openqa.selenium.remote.Augmenter extractRemoteWebDriver
WARNING: Augmenter should be applied to the instances of @Augmentable classes or previously augmented instances only (instance class was: class org.openqa.selenium.chrome.ChromeDriver)
Sep 29, 2020 7:03:18 AM org.openqa.selenium.remote.Augmenter extractRemoteWebDriver
WARNING: Augmenter should be applied to the instances of @Augmentable classes or previously augmented instances only (instance class was: class org.openqa.selenium.chrome.ChromeDriver)
Sep 29, 2020 7:03:19 AM org.openqa.selenium.remote.Augmenter extractRemoteWebDriver
WARNING: Augmenter should be applied to the instances of @Augmentable classes or previously augmented instances only (instance class was: class org.openqa.selenium.chrome.ChromeDriver)
Sep 29, 2020 7:03:19 AM org.openqa.selenium.remote.Augmenter extractRemoteWebDriver
WARNING: Augmenter should be applied to the instances of @Augmentable classes or previously augmented instances only (instance class was: class org.openqa.selenium.chrome.ChromeDriver)
Sep 29, 2020 7:03:19 AM org.openqa.selenium.remote.Augmenter extractRemoteWebDriver
WARNING: Augmenter should be applied to the instances of @Augmentable classes or previously augmented instances only (instance class was: class org.openqa.selenium.chrome.ChromeDriver)
Sep 29, 2020 7:03:20 AM org.openqa.selenium.remote.Augmenter extractRemoteWebDriver
WARNING: Augmenter should be applied to the instances of @Augmentable classes or previously augmented instances only (instance class was: class org.openqa.selenium.chrome.ChromeDriver)
Sep 29, 2020 7:03:20 AM org.openqa.selenium.remote.Augmenter extractRemoteWebDriver
WARNING: Augmenter should be applied to the instances of @Augmentable classes or previously augmented instances only (instance class was: class org.openqa.selenium.chrome.ChromeDriver)
Sep 29, 2020 7:03:31 AM org.openqa.selenium.remote.Augmenter extractRemoteWebDriver
WARNING: Augmenter should be applied to the instances of @Augmentable classes or previously augmented instances only (instance class was: class org.openqa.selenium.chrome.ChromeDriver)
Sep 29, 2020 7:03:32 AM org.openqa.selenium.remote.Augmenter extractRemoteWebDriver
WARNING: Augmenter should be applied to the instances of @Augmentable classes or previously augmented instances only (instance class was: class org.openqa.selenium.chrome.ChromeDriver)
Sep 29, 2020 7:03:42 AM org.openqa.selenium.remote.Augmenter extractRemoteWebDriver
WARNING: Augmenter should be applied to the instances of @Augmentable classes or previously augmented instances only (instance class was: class org.openqa.selenium.chrome.ChromeDriver)
Sep 29, 2020 7:03:44 AM org.openqa.selenium.remote.Augmenter extractRemoteWebDriver
WARNING: Augmenter should be applied to the instances of @Augmentable classes or previously augmented instances only (instance class was: class org.openqa.selenium.chrome.ChromeDriver)
Sep 29, 2020 7:03:44 AM org.openqa.selenium.remote.Augmenter extractRemoteWebDriver
WARNING: Augmenter should be applied to the instances of @Augmentable classes or previously augmented instances only (instance class was: class org.openqa.selenium.chrome.ChromeDriver)
Sep 29, 2020 7:03:46 AM org.openqa.selenium.remote.Augmenter extractRemoteWebDriver
WARNING: Augmenter should be applied to the instances of @Augmentable classes or previously augmented instances only (instance class was: class org.openqa.selenium.chrome.ChromeDriver)
]]></system-err>
  </testcase>
  <testcase name="TC163" classname="com.cpcommunity.testScripts.community.TC163_Member_Invite_Friends_To_Community" time="2.451">
    <failure message="Timed out after 20 seconds. Unable to locate the element" type="org.openqa.selenium.NoSuchElementException">org.openqa.selenium.NoSuchElementException: Timed out after 20 seconds. Unable to locate the element
	at sun.reflect.GeneratedConstructorAccessor73.newInstance(Unknown Source)
	at sun.reflect.DelegatingConstructorAccessorImpl.newInstance(DelegatingConstructorAccessorImpl.java:45)
	at java.lang.reflect.Constructor.newInstance(Constructor.java:423)
	at org.openqa.selenium.remote.ErrorHandler.createThrowable(ErrorHandler.java:214)
	at org.openqa.selenium.remote.ErrorHandler.throwIfResponseFailed(ErrorHandler.java:166)
	at org.openqa.selenium.remote.http.JsonHttpResponseCodec.reconstructValue(JsonHttpResponseCodec.java:40)
	at org.openqa.selenium.remote.http.AbstractHttpResponseCodec.decode(AbstractHttpResponseCodec.java:80)
	at org.openqa.selenium.remote.http.AbstractHttpResponseCodec.decode(AbstractHttpResponseCodec.java:44)
	at org.openqa.selenium.remote.HttpCommandExecutor.execute(HttpCommandExecutor.java:158)
	at org.openqa.selenium.remote.service.DriverCommandExecutor.execute(DriverCommandExecutor.java:83)
	at org.openqa.selenium.remote.RemoteWebDriver.execute(RemoteWebDriver.java:548)
	at org.openqa.selenium.remote.RemoteWebDriver.findElement(RemoteWebDriver.java:322)
	at org.openqa.selenium.remote.RemoteWebDriver.findElementByXPath(RemoteWebDriver.java:424)
	at org.openqa.selenium.By$ByXPath.findElement(By.java:353)
	at org.openqa.selenium.remote.RemoteWebDriver.findElement(RemoteWebDriver.java:314)
	at org.openqa.selenium.support.pagefactory.DefaultElementLocator.findElement(DefaultElementLocator.java:69)
	at org.openqa.selenium.support.pagefactory.AjaxElementLocator.access$001(AjaxElementLocator.java:39)
	at org.openqa.selenium.support.pagefactory.AjaxElementLocator$SlowLoadingElement.isLoaded(AjaxElementLocator.java:194)
	at org.openqa.selenium.support.ui.SlowLoadableComponent.get(SlowLoadableComponent.java:78)
	at org.openqa.selenium.support.pagefactory.AjaxElementLocator.findElement(AjaxElementLocator.java:119)
	at org.openqa.selenium.support.pagefactory.internal.LocatingElementHandler.invoke(LocatingElementHandler.java:38)
	at com.sun.proxy.$Proxy9.clear(Unknown Source)
	at com.cpcommunity.PageObjects.BasePage.type(BasePage.java:206)
	at com.cpcommunity.PageObjects.CommunityDetailsPage.inviteFriends(CommunityDetailsPage.java:684)
	at com.cpcommunity.testScripts.community.TC163_Member_Invite_Friends_To_Community.TC163(TC163_Member_Invite_Friends_To_Community.java:35)
</failure>
    <system-out><![CDATA[INFO    2020-09-29 07:04:56,605 [TestNG-test=Test4-3] com.cpcommunity.testScripts.community.BaseTest  - Test Execution Completed !!!
Total rows are : 1167
Test case starts from row num: 930
Total rows of data are : 1
Total cols are : 6
@TestCase : TC171
INFO    2020-09-29 07:04:56,779 [TestNG-test=Test4-3] com.cpcommunity.testScripts.community.BaseTest  - Inside Login Test
Launching : chrome
INFO    2020-09-29 07:04:58,673 [TestNG-test=Test4-5] com.cpcommunity.PageObjects.BasePage  - scrolling up vertically...
]]></system-out>
    <system-err><![CDATA[Sep 29, 2020 7:04:55 AM org.openqa.selenium.remote.Augmenter extractRemoteWebDriver
WARNING: Augmenter should be applied to the instances of @Augmentable classes or previously augmented instances only (instance class was: class org.openqa.selenium.chrome.ChromeDriver)
Starting ChromeDriver 2.38.552522 (437e6fbedfa8762dec75e2c5b3ddb86763dc9dcb) on port 31539
Only local connections are allowed.
Sep 29, 2020 7:04:57 AM org.openqa.selenium.remote.Augmenter extractRemoteWebDriver
WARNING: Augmenter should be applied to the instances of @Augmentable classes or previously augmented instances only (instance class was: class org.openqa.selenium.chrome.ChromeDriver)
Sep 29, 2020 7:04:57 AM org.openqa.selenium.remote.Augmenter extractRemoteWebDriver
WARNING: Augmenter should be applied to the instances of @Augmentable classes or previously augmented instances only (instance class was: class org.openqa.selenium.chrome.ChromeDriver)
]]></system-err>
  </testcase>
  <testcase name="TC171" classname="com.cpcommunity.testScripts.community.TC171_Verify_Total_Communities_Count_And_In_My_Communities_Are_Same" time="57.423"/>
  <testcase name="TC162" classname="com.cpcommunity.testScripts.community.TC162_Verify_Member_Able_To_Access_Manage_Community_When_The_CA_Role_Is_Assigned" time="33.283">
    <failure message="Expected condition failed: waiting for visibility of Proxy element for: AjaxElementLocator &apos;By.xpath: ((//*[@class=&apos;col-md-5&apos;])[1])//*[contains(text(),&apos;Showing 1 to 1 of 1 entries&apos;)]&apos; (tried for 30 second(s) with 500 milliseconds interval)" type="org.openqa.selenium.TimeoutException">org.openqa.selenium.TimeoutException: Expected condition failed: waiting for visibility of Proxy element for: AjaxElementLocator 'By.xpath: ((//*[@class='col-md-5'])[1])//*[contains(text(),'Showing 1 to 1 of 1 entries')]' (tried for 30 second(s) with 500 milliseconds interval)
	at sun.reflect.GeneratedConstructorAccessor73.newInstance(Unknown Source)
	at sun.reflect.DelegatingConstructorAccessorImpl.newInstance(DelegatingConstructorAccessorImpl.java:45)
	at java.lang.reflect.Constructor.newInstance(Constructor.java:423)
	at org.openqa.selenium.remote.ErrorHandler.createThrowable(ErrorHandler.java:214)
	at org.openqa.selenium.remote.ErrorHandler.throwIfResponseFailed(ErrorHandler.java:166)
	at org.openqa.selenium.remote.http.JsonHttpResponseCodec.reconstructValue(JsonHttpResponseCodec.java:40)
	at org.openqa.selenium.remote.http.AbstractHttpResponseCodec.decode(AbstractHttpResponseCodec.java:80)
	at org.openqa.selenium.remote.http.AbstractHttpResponseCodec.decode(AbstractHttpResponseCodec.java:44)
	at org.openqa.selenium.remote.HttpCommandExecutor.execute(HttpCommandExecutor.java:158)
	at org.openqa.selenium.remote.service.DriverCommandExecutor.execute(DriverCommandExecutor.java:83)
	at org.openqa.selenium.remote.RemoteWebDriver.execute(RemoteWebDriver.java:548)
	at org.openqa.selenium.remote.RemoteWebDriver.findElement(RemoteWebDriver.java:322)
	at org.openqa.selenium.remote.RemoteWebDriver.findElementByXPath(RemoteWebDriver.java:424)
	at org.openqa.selenium.By$ByXPath.findElement(By.java:353)
	at org.openqa.selenium.remote.RemoteWebDriver.findElement(RemoteWebDriver.java:314)
	at org.openqa.selenium.support.pagefactory.DefaultElementLocator.findElement(DefaultElementLocator.java:69)
	at org.openqa.selenium.support.pagefactory.AjaxElementLocator.access$001(AjaxElementLocator.java:39)
	at org.openqa.selenium.support.pagefactory.AjaxElementLocator$SlowLoadingElement.isLoaded(AjaxElementLocator.java:194)
	at org.openqa.selenium.support.ui.SlowLoadableComponent.get(SlowLoadableComponent.java:78)
	at org.openqa.selenium.support.pagefactory.AjaxElementLocator.findElement(AjaxElementLocator.java:119)
	at org.openqa.selenium.support.pagefactory.internal.LocatingElementHandler.invoke(LocatingElementHandler.java:38)
	at com.sun.proxy.$Proxy9.isDisplayed(Unknown Source)
	at org.openqa.selenium.support.ui.ExpectedConditions.elementIfVisible(ExpectedConditions.java:315)
	at org.openqa.selenium.support.ui.ExpectedConditions.access$100(ExpectedConditions.java:44)
	at org.openqa.selenium.support.ui.ExpectedConditions$10.apply(ExpectedConditions.java:301)
	at org.openqa.selenium.support.ui.ExpectedConditions$10.apply(ExpectedConditions.java:298)
	at org.openqa.selenium.support.ui.FluentWait.until(FluentWait.java:260)
	at com.cpcommunity.PageObjects.BasePage.waitForElementToPresent(BasePage.java:175)
	at com.cpcommunity.PageObjects.ManageCommunityMembersPage.memberOutSearch(ManageCommunityMembersPage.java:118)
	at com.cpcommunity.PageObjects.ManageCommunityMembersPage.addmember(ManageCommunityMembersPage.java:161)
	at com.cpcommunity.testScripts.community.TC162_Verify_Member_Able_To_Access_Manage_Community_When_The_CA_Role_Is_Assigned.TC162(TC162_Verify_Member_Able_To_Access_Manage_Community_When_The_CA_Role_Is_Assigned.java:36)
</failure>
    <system-out><![CDATA[INFO    2020-09-29 07:05:59,324 [TestNG-test=Test4-3] com.cpcommunity.testScripts.community.BaseTest  - Test Execution Completed !!!
Total rows are : 1167
Test case starts from row num: 900
Total rows of data are : 1
Total cols are : 45
@TestCase : TC001
INFO    2020-09-29 07:05:59,470 [TestNG-test=Test4-3] com.cpcommunity.testScripts.community.BaseTest  - Inside Login Test
Launching : chrome
Date Format with dd MMMM yyyy : 29 Sep 2020
INFO    2020-09-29 07:06:00,338 [TestNG-test=Test4-4] com.cpcommunity.PageObjects.BasePage  - waiting for :[[ChromeDriver: chrome on XP (42e74c2125c76ac53442d7d121988a0d)] -> xpath: //input[@placeholder='Search by Community Name']] for :18 seconds
INFO    2020-09-29 07:06:00,382 [TestNG-test=Test4-4] com.cpcommunity.PageObjects.BasePage  - [[ChromeDriver: chrome on XP (42e74c2125c76ac53442d7d121988a0d)] -> xpath: //input[@placeholder='Search by Community Name']]is displayed
INFO    2020-09-29 07:06:02,725 [TestNG-test=Test4-4] com.cpcommunity.PageObjects.BasePage  - Typing in : Search by Community entered the value as : Community 1 - 29 Sep 2020
ChromeDriver: chrome on XP (3a3512382b6c4b0035e867403205738f)
3a3512382b6c4b0035e867403205738f
INFO    2020-09-29 07:06:03,011 [TestNG-test=Test4-3] com.cpcommunity.testScripts.community.BaseTest  - Driver Initialized !!!
INFO    2020-09-29 07:06:03,114 [TestNG-test=Test4-4] com.cpcommunity.PageObjects.BasePage  - Clicking on : search btn
INFO    2020-09-29 07:06:04,626 [TestNG-test=Test4-5] com.cpcommunity.PageObjects.BasePage  - scrolling up vertically...
Page Opened
INFO    2020-09-29 07:06:09,289 [TestNG-test=Test4-4] com.cpcommunity.PageObjects.BasePage  - waiting for :[[ChromeDriver: chrome on XP (42e74c2125c76ac53442d7d121988a0d)] -> xpath: //a[@tooltip='Community 1 - 29 Sep 2020']] for :18 seconds
INFO    2020-09-29 07:06:09,339 [TestNG-test=Test4-4] com.cpcommunity.PageObjects.BasePage  - [[ChromeDriver: chrome on XP (42e74c2125c76ac53442d7d121988a0d)] -> xpath: //a[@tooltip='Community 1 - 29 Sep 2020']]is displayed
INFO    2020-09-29 07:06:09,637 [TestNG-test=Test4-5] com.cpcommunity.PageObjects.BasePage  - Clicking on : Members
INFO    2020-09-29 07:06:10,804 [TestNG-test=Test4-5] com.cpcommunity.PageObjects.BasePage  - Clicking on : Manage Members
INFO    2020-09-29 07:06:11,680 [TestNG-test=Test4-4] com.cpcommunity.PageObjects.BasePage  - Clicking on : Manage
INFO    2020-09-29 07:06:13,880 [TestNG-test=Test4-3] com.cpcommunity.PageObjects.BasePage  - scrolling up vertically...
INFO    2020-09-29 07:06:14,422 [TestNG-test=Test4-4] com.cpcommunity.PageObjects.BasePage  - waiting for :[[ChromeDriver: chrome on XP (42e74c2125c76ac53442d7d121988a0d)] -> xpath: //h2[contains(text(),'Dashboard')]] for :18 seconds
INFO    2020-09-29 07:06:14,503 [TestNG-test=Test4-4] com.cpcommunity.PageObjects.BasePage  - [[ChromeDriver: chrome on XP (42e74c2125c76ac53442d7d121988a0d)] -> xpath: //h2[contains(text(),'Dashboard')]]is displayed
INFO    2020-09-29 07:06:16,312 [TestNG-test=Test4-5] com.cpcommunity.PageObjects.BasePage  - scrolling up vertically...
INFO    2020-09-29 07:06:18,951 [TestNG-test=Test4-3] com.cpcommunity.PageObjects.BasePage  - waiting for :[[ChromeDriver: chrome on XP (3a3512382b6c4b0035e867403205738f)] -> xpath: //a[contains(.,'Login')]] for :18 seconds
INFO    2020-09-29 07:06:18,976 [TestNG-test=Test4-3] com.cpcommunity.PageObjects.BasePage  - [[ChromeDriver: chrome on XP (3a3512382b6c4b0035e867403205738f)] -> xpath: //a[contains(.,'Login')]]is displayed
INFO    2020-09-29 07:06:20,823 [TestNG-test=Test4-4] com.cpcommunity.PageObjects.BasePage  - scrolling up vertically...
INFO    2020-09-29 07:06:21,089 [TestNG-test=Test4-2] com.cpcommunity.PageObjects.BasePage  - waiting for :Proxy element for: AjaxElementLocator 'By.xpath: //*[@id='navbar']//*[contains(text(),'Global Communities')]' for :18 seconds
INFO    2020-09-29 07:06:21,977 [TestNG-test=Test4-3] com.cpcommunity.PageObjects.BasePage  - Clicking on : LOGIN
INFO    2020-09-29 07:06:23,436 [TestNG-test=Test4-5] com.cpcommunity.PageObjects.BasePage  - Typing in : Searching in members joined entered the value as : andrew74444@gmail.com
ChromeDriver: chrome on XP (3a3512382b6c4b0035e867403205738f)Login Page
INFO    2020-09-29 07:06:23,811 [TestNG-test=Test4-5] com.cpcommunity.PageObjects.BasePage  - waiting for :[[ChromeDriver: chrome on XP (ec71180728f2d71a14e2352e18fef9e0)] -> xpath: ((//*[@class='col-md-5'])[2])//*[contains(text(),'Showing 1 to 1 of 1 entries')]] for :18 seconds
INFO    2020-09-29 07:06:23,840 [TestNG-test=Test4-5] com.cpcommunity.PageObjects.BasePage  - [[ChromeDriver: chrome on XP (ec71180728f2d71a14e2352e18fef9e0)] -> xpath: ((//*[@class='col-md-5'])[2])//*[contains(text(),'Showing 1 to 1 of 1 entries')]]is displayed
INFO    2020-09-29 07:06:26,337 [TestNG-test=Test4-4] com.cpcommunity.PageObjects.BasePage  - Clicking on : Membership Plans
INFO    2020-09-29 07:06:26,679 [TestNG-test=Test4-3] com.cpcommunity.PageObjects.BasePage  - scrolling up vertically...
INFO    2020-09-29 07:06:30,872 [TestNG-test=Test4-4] com.cpcommunity.PageObjects.BasePage  - scrolling up vertically...
INFO    2020-09-29 07:06:31,700 [TestNG-test=Test4-3] com.cpcommunity.PageObjects.BasePage  - Typing in : email address entered the value as : andrew74444@gmail.com
INFO    2020-09-29 07:06:32,081 [TestNG-test=Test4-3] com.cpcommunity.PageObjects.BasePage  - Typing in : password entered the value as : Admin@123
INFO    2020-09-29 07:06:32,276 [TestNG-test=Test4-3] com.cpcommunity.PageObjects.BasePage  - Clicking on : Login
]]></system-out>
    <system-err><![CDATA[Starting ChromeDriver 2.38.552522 (437e6fbedfa8762dec75e2c5b3ddb86763dc9dcb) on port 4053
Only local connections are allowed.
Sep 29, 2020 7:06:01 AM org.openqa.selenium.remote.Augmenter extractRemoteWebDriver
WARNING: Augmenter should be applied to the instances of @Augmentable classes or previously augmented instances only (instance class was: class org.openqa.selenium.chrome.ChromeDriver)
Sep 29, 2020 7:06:02 AM org.openqa.selenium.remote.Augmenter extractRemoteWebDriver
WARNING: Augmenter should be applied to the instances of @Augmentable classes or previously augmented instances only (instance class was: class org.openqa.selenium.chrome.ChromeDriver)
Sep 29, 2020 7:06:03 AM org.openqa.selenium.remote.ProtocolHandshake createSession
INFO: Detected dialect: OSS
Sep 29, 2020 7:06:03 AM org.openqa.selenium.remote.Augmenter extractRemoteWebDriver
WARNING: Augmenter should be applied to the instances of @Augmentable classes or previously augmented instances only (instance class was: class org.openqa.selenium.chrome.ChromeDriver)
Sep 29, 2020 7:06:08 AM org.openqa.selenium.remote.Augmenter extractRemoteWebDriver
WARNING: Augmenter should be applied to the instances of @Augmentable classes or previously augmented instances only (instance class was: class org.openqa.selenium.chrome.ChromeDriver)
Sep 29, 2020 7:06:10 AM org.openqa.selenium.remote.Augmenter extractRemoteWebDriver
WARNING: Augmenter should be applied to the instances of @Augmentable classes or previously augmented instances only (instance class was: class org.openqa.selenium.chrome.ChromeDriver)
Sep 29, 2020 7:06:12 AM org.openqa.selenium.remote.Augmenter extractRemoteWebDriver
WARNING: Augmenter should be applied to the instances of @Augmentable classes or previously augmented instances only (instance class was: class org.openqa.selenium.chrome.ChromeDriver)
Sep 29, 2020 7:06:14 AM org.openqa.selenium.remote.Augmenter extractRemoteWebDriver
WARNING: Augmenter should be applied to the instances of @Augmentable classes or previously augmented instances only (instance class was: class org.openqa.selenium.chrome.ChromeDriver)
Sep 29, 2020 7:06:15 AM org.openqa.selenium.remote.Augmenter extractRemoteWebDriver
WARNING: Augmenter should be applied to the instances of @Augmentable classes or previously augmented instances only (instance class was: class org.openqa.selenium.chrome.ChromeDriver)
Sep 29, 2020 7:06:17 AM org.openqa.selenium.remote.Augmenter extractRemoteWebDriver
WARNING: Augmenter should be applied to the instances of @Augmentable classes or previously augmented instances only (instance class was: class org.openqa.selenium.chrome.ChromeDriver)
Sep 29, 2020 7:06:18 AM org.openqa.selenium.remote.Augmenter extractRemoteWebDriver
WARNING: Augmenter should be applied to the instances of @Augmentable classes or previously augmented instances only (instance class was: class org.openqa.selenium.chrome.ChromeDriver)
Sep 29, 2020 7:06:20 AM org.openqa.selenium.remote.Augmenter extractRemoteWebDriver
WARNING: Augmenter should be applied to the instances of @Augmentable classes or previously augmented instances only (instance class was: class org.openqa.selenium.chrome.ChromeDriver)
Sep 29, 2020 7:06:24 AM org.openqa.selenium.remote.Augmenter extractRemoteWebDriver
WARNING: Augmenter should be applied to the instances of @Augmentable classes or previously augmented instances only (instance class was: class org.openqa.selenium.chrome.ChromeDriver)
Sep 29, 2020 7:06:26 AM org.openqa.selenium.remote.Augmenter extractRemoteWebDriver
WARNING: Augmenter should be applied to the instances of @Augmentable classes or previously augmented instances only (instance class was: class org.openqa.selenium.chrome.ChromeDriver)
Sep 29, 2020 7:06:29 AM org.openqa.selenium.remote.Augmenter extractRemoteWebDriver
WARNING: Augmenter should be applied to the instances of @Augmentable classes or previously augmented instances only (instance class was: class org.openqa.selenium.chrome.ChromeDriver)
Sep 29, 2020 7:06:30 AM org.openqa.selenium.remote.Augmenter extractRemoteWebDriver
WARNING: Augmenter should be applied to the instances of @Augmentable classes or previously augmented instances only (instance class was: class org.openqa.selenium.chrome.ChromeDriver)
]]></system-err>
  </testcase>
  <testcase name="TC172" classname="com.cpcommunity.testScripts.community.TC172_Verify_Purchased_Membership_Is_Not_Editable_To_CA" time="41.395"/>
  <testcase name="TC162" classname="com.cpcommunity.testScripts.community.TC169_Verify_Member_Cannot_Able_To_Remove_CA_From_Manage_Community_Members_page_For_Only_One_Community_Admin" time="42.404"/>
  <testcase name="TC001" classname="com.cpcommunity.testScripts.community.TC174_Verify_CA_Is_Not_Able_Configure_Membership_Plan_More_Than_Pricing_Plan_Duration" time="108.823"/>
  <testcase name="TC128" classname="com.cpcommunity.testScripts.community.TC128_Create_Job_Requirement" time="143.294">
    <failure message="Expected condition failed: waiting for visibility of Proxy element for: AjaxElementLocator &apos;By.xpath: //*[@id=&apos;navbar&apos;]//*[contains(text(),&apos;Global Communities&apos;)]&apos; (tried for 30 second(s) with 500 milliseconds interval)" type="org.openqa.selenium.TimeoutException">org.openqa.selenium.TimeoutException: Expected condition failed: waiting for visibility of Proxy element for: AjaxElementLocator 'By.xpath: //*[@id='navbar']//*[contains(text(),'Global Communities')]' (tried for 30 second(s) with 500 milliseconds interval)
	at sun.reflect.GeneratedConstructorAccessor73.newInstance(Unknown Source)
	at sun.reflect.DelegatingConstructorAccessorImpl.newInstance(DelegatingConstructorAccessorImpl.java:45)
	at java.lang.reflect.Constructor.newInstance(Constructor.java:423)
	at org.openqa.selenium.remote.ErrorHandler.createThrowable(ErrorHandler.java:214)
	at org.openqa.selenium.remote.ErrorHandler.throwIfResponseFailed(ErrorHandler.java:166)
	at org.openqa.selenium.remote.http.JsonHttpResponseCodec.reconstructValue(JsonHttpResponseCodec.java:40)
	at org.openqa.selenium.remote.http.AbstractHttpResponseCodec.decode(AbstractHttpResponseCodec.java:80)
	at org.openqa.selenium.remote.http.AbstractHttpResponseCodec.decode(AbstractHttpResponseCodec.java:44)
	at org.openqa.selenium.remote.HttpCommandExecutor.execute(HttpCommandExecutor.java:158)
	at org.openqa.selenium.remote.service.DriverCommandExecutor.execute(DriverCommandExecutor.java:83)
	at org.openqa.selenium.remote.RemoteWebDriver.execute(RemoteWebDriver.java:548)
	at org.openqa.selenium.remote.RemoteWebDriver.findElement(RemoteWebDriver.java:322)
	at org.openqa.selenium.remote.RemoteWebDriver.findElementByXPath(RemoteWebDriver.java:424)
	at org.openqa.selenium.By$ByXPath.findElement(By.java:353)
	at org.openqa.selenium.remote.RemoteWebDriver.findElement(RemoteWebDriver.java:314)
	at org.openqa.selenium.support.pagefactory.DefaultElementLocator.findElement(DefaultElementLocator.java:69)
	at org.openqa.selenium.support.pagefactory.AjaxElementLocator.access$001(AjaxElementLocator.java:39)
	at org.openqa.selenium.support.pagefactory.AjaxElementLocator$SlowLoadingElement.isLoaded(AjaxElementLocator.java:194)
	at org.openqa.selenium.support.ui.SlowLoadableComponent.get(SlowLoadableComponent.java:78)
	at org.openqa.selenium.support.pagefactory.AjaxElementLocator.findElement(AjaxElementLocator.java:119)
	at org.openqa.selenium.support.pagefactory.internal.LocatingElementHandler.invoke(LocatingElementHandler.java:38)
	at com.sun.proxy.$Proxy9.isDisplayed(Unknown Source)
	at org.openqa.selenium.support.ui.ExpectedConditions.elementIfVisible(ExpectedConditions.java:315)
	at org.openqa.selenium.support.ui.ExpectedConditions.access$100(ExpectedConditions.java:44)
	at org.openqa.selenium.support.ui.ExpectedConditions$10.apply(ExpectedConditions.java:301)
	at org.openqa.selenium.support.ui.ExpectedConditions$10.apply(ExpectedConditions.java:298)
	at org.openqa.selenium.support.ui.FluentWait.until(FluentWait.java:260)
	at com.cpcommunity.PageObjects.BasePage.waitForElementToPresent(BasePage.java:175)
	at com.cpcommunity.PageObjects.EcoSystemPage.goToGlobalCommunities(EcoSystemPage.java:101)
	at com.cpcommunity.testScripts.community.TC128_Create_Job_Requirement.TC128(TC128_Create_Job_Requirement.java:39)
</failure>
    <system-out><![CDATA[INFO    2020-09-29 07:07:49,263 [TestNG-test=Test4-3] com.cpcommunity.testScripts.community.BaseTest  - Test Execution Completed !!!
]]></system-out>
  </testcase>
  <testcase name="TC087" classname="com.cpcommunity.testScripts.community.TC087_Configure_Cash_Payment" time="124.656"/>
  <testcase name="TC165" classname="com.cpcommunity.testScripts.community.TC165_Veirfy_Community_Website_URL_Redirected_To_Configured_Website" time="0.128"/>
  <testcase name="TC088" classname="com.cpcommunity.testScripts.community.TC088_Configure_Cheque_Payment" time="14.136"/>
  <testcase name="TC127" classname="com.cpcommunity.testScripts.community.TC127_Zoom_Meeting_Configuration" time="34.405"/>
  <testcase name="TC089" classname="com.cpcommunity.testScripts.community.TC089_Configure_Paypal_Payment_Gateway" time="53.848">
    <failure message="This is not the PayPalPayment page" type="java.lang.IllegalStateException">java.lang.IllegalStateException: This is not the PayPalPayment page
	at com.cpcommunity.PageObjects.BasePage.openPage(BasePage.java:87)
	at com.cpcommunity.PageObjects.SetupPayPalPage.SetUpPayPalPaymentGateway(SetupPayPalPage.java:112)
	at com.cpcommunity.testScripts.community.TC089_Configure_Paypal_Payment_Gateway.TC089(TC089_Configure_Paypal_Payment_Gateway.java:38)
</failure>
    <system-out><![CDATA[INFO    2020-09-29 07:11:04,962 [TestNG-test=Test5-1] com.cpcommunity.PageObjects.BasePage  - Typing in : email address entered the value as : andrew74444@gmail.com
INFO    2020-09-29 07:11:05,478 [TestNG-test=Test5-1] com.cpcommunity.PageObjects.BasePage  - Typing in : password entered the value as : Admin@123
INFO    2020-09-29 07:11:05,626 [TestNG-test=Test5-5] com.cpcommunity.testScripts.community.BaseTest  - Test Execution Completed !!!
INFO    2020-09-29 07:11:05,708 [TestNG-test=Test5-1] com.cpcommunity.PageObjects.BasePage  - Clicking on : Login
INFO    2020-09-29 07:11:12,944 [TestNG-test=Test5-1] com.cpcommunity.PageObjects.BasePage  - scrolling up vertically...
INFO    2020-09-29 07:11:17,979 [TestNG-test=Test5-1] com.cpcommunity.PageObjects.BasePage  - Clicking on : view All
INFO    2020-09-29 07:11:22,313 [TestNG-test=Test5-1] com.cpcommunity.PageObjects.BasePage  - scrolling up vertically...
]]></system-out>
    <system-err><![CDATA[Sep 29, 2020 7:11:09 AM org.openqa.selenium.remote.Augmenter extractRemoteWebDriver
WARNING: Augmenter should be applied to the instances of @Augmentable classes or previously augmented instances only (instance class was: class org.openqa.selenium.chrome.ChromeDriver)
Sep 29, 2020 7:11:10 AM org.openqa.selenium.remote.Augmenter extractRemoteWebDriver
WARNING: Augmenter should be applied to the instances of @Augmentable classes or previously augmented instances only (instance class was: class org.openqa.selenium.chrome.ChromeDriver)
Sep 29, 2020 7:11:12 AM org.openqa.selenium.remote.Augmenter extractRemoteWebDriver
WARNING: Augmenter should be applied to the instances of @Augmentable classes or previously augmented instances only (instance class was: class org.openqa.selenium.chrome.ChromeDriver)
Sep 29, 2020 7:11:20 AM org.openqa.selenium.remote.Augmenter extractRemoteWebDriver
WARNING: Augmenter should be applied to the instances of @Augmentable classes or previously augmented instances only (instance class was: class org.openqa.selenium.chrome.ChromeDriver)
Sep 29, 2020 7:11:21 AM org.openqa.selenium.remote.Augmenter extractRemoteWebDriver
WARNING: Augmenter should be applied to the instances of @Augmentable classes or previously augmented instances only (instance class was: class org.openqa.selenium.chrome.ChromeDriver)
]]></system-err>
  </testcase>
  <testcase name="TC184" classname="com.cpcommunity.testScripts.Promocodes.TC184_Create_PromoCode" time="97.336">
    <failure message="element not visible&#10;  (Session info: chrome=85.0.4183.121)&#10;  (Driver info: chromedriver=2.38.552522 (437e6fbedfa8762dec75e2c5b3ddb86763dc9dcb),platform=Windows NT 10.0.18362 x86_64) (WARNING: The server did not provide any stacktrace information)&#10;Command duration or timeout: 0 milliseconds&#10;Build info: version: &apos;3.14.0&apos;, revision: &apos;aacccce0&apos;, time: &apos;2018-08-02T20:19:58.91Z&apos;&#10;System info: host: &apos;LAPTOP-65H8KDP8&apos;, ip: &apos;10.0.0.8&apos;, os.name: &apos;Windows 10&apos;, os.arch: &apos;amd64&apos;, os.version: &apos;10.0&apos;, java.version: &apos;1.8.0_251&apos;&#10;Driver info: org.openqa.selenium.chrome.ChromeDriver&#10;Capabilities {acceptInsecureCerts: false, acceptSslCerts: false, applicationCacheEnabled: false, browserConnectionEnabled: false, browserName: chrome, chrome: {chromedriverVersion: 2.38.552522 (437e6fbedfa876..., userDataDir: C:\Users\netwo\AppData\Loca...}, cssSelectorsEnabled: true, databaseEnabled: false, handlesAlerts: true, hasTouchScreen: false, javascriptEnabled: true, locationContextEnabled: true, mobileEmulationEnabled: false, nativeEvents: true, networkConnectionEnabled: false, pageLoadStrategy: normal, platform: XP, platformName: XP, rotatable: false, setWindowRect: true, takesHeapSnapshot: true, takesScreenshot: true, unexpectedAlertBehaviour: , unhandledPromptBehavior: , version: 85.0.4183.121, webStorageEnabled: true}&#10;Session ID: 5c5b6c7741abff5c47b75b6e75fdcedd" type="org.openqa.selenium.ElementNotVisibleException">org.openqa.selenium.ElementNotVisibleException: element not visible
  (Session info: chrome=85.0.4183.121)
  (Driver info: chromedriver=2.38.552522 (437e6fbedfa8762dec75e2c5b3ddb86763dc9dcb),platform=Windows NT 10.0.18362 x86_64) (WARNING: The server did not provide any stacktrace information)
Command duration or timeout: 0 milliseconds
Build info: version: '3.14.0', revision: 'aacccce0', time: '2018-08-02T20:19:58.91Z'
System info: host: 'LAPTOP-65H8KDP8', ip: '10.0.0.8', os.name: 'Windows 10', os.arch: 'amd64', os.version: '10.0', java.version: '1.8.0_251'
Driver info: org.openqa.selenium.chrome.ChromeDriver
Capabilities {acceptInsecureCerts: false, acceptSslCerts: false, applicationCacheEnabled: false, browserConnectionEnabled: false, browserName: chrome, chrome: {chromedriverVersion: 2.38.552522 (437e6fbedfa876..., userDataDir: C:\Users\netwo\AppData\Loca...}, cssSelectorsEnabled: true, databaseEnabled: false, handlesAlerts: true, hasTouchScreen: false, javascriptEnabled: true, locationContextEnabled: true, mobileEmulationEnabled: false, nativeEvents: true, networkConnectionEnabled: false, pageLoadStrategy: normal, platform: XP, platformName: XP, rotatable: false, setWindowRect: true, takesHeapSnapshot: true, takesScreenshot: true, unexpectedAlertBehaviour: , unhandledPromptBehavior: , version: 85.0.4183.121, webStorageEnabled: true}
Session ID: 5c5b6c7741abff5c47b75b6e75fdcedd
	at sun.reflect.NativeConstructorAccessorImpl.newInstance0(Native Method)
	at sun.reflect.NativeConstructorAccessorImpl.newInstance(NativeConstructorAccessorImpl.java:62)
	at sun.reflect.DelegatingConstructorAccessorImpl.newInstance(DelegatingConstructorAccessorImpl.java:45)
	at java.lang.reflect.Constructor.newInstance(Constructor.java:423)
	at org.openqa.selenium.remote.ErrorHandler.createThrowable(ErrorHandler.java:214)
	at org.openqa.selenium.remote.ErrorHandler.throwIfResponseFailed(ErrorHandler.java:166)
	at org.openqa.selenium.remote.http.JsonHttpResponseCodec.reconstructValue(JsonHttpResponseCodec.java:40)
	at org.openqa.selenium.remote.http.AbstractHttpResponseCodec.decode(AbstractHttpResponseCodec.java:80)
	at org.openqa.selenium.remote.http.AbstractHttpResponseCodec.decode(AbstractHttpResponseCodec.java:44)
	at org.openqa.selenium.remote.HttpCommandExecutor.execute(HttpCommandExecutor.java:158)
	at org.openqa.selenium.remote.service.DriverCommandExecutor.execute(DriverCommandExecutor.java:83)
	at org.openqa.selenium.remote.RemoteWebDriver.execute(RemoteWebDriver.java:548)
	at org.openqa.selenium.remote.RemoteWebElement.execute(RemoteWebElement.java:276)
	at org.openqa.selenium.remote.RemoteWebElement.click(RemoteWebElement.java:83)
	at sun.reflect.GeneratedMethodAccessor4.invoke(Unknown Source)
	at sun.reflect.DelegatingMethodAccessorImpl.invoke(DelegatingMethodAccessorImpl.java:43)
	at java.lang.reflect.Method.invoke(Method.java:498)
	at org.openqa.selenium.support.pagefactory.internal.LocatingElementHandler.invoke(LocatingElementHandler.java:51)
	at com.sun.proxy.$Proxy9.click(Unknown Source)
	at com.cpcommunity.PageObjects.BasePage.click(BasePage.java:198)
	at com.cpcommunity.PageObjects.PromoCodePage.createPromocode(PromoCodePage.java:135)
	at com.cpcommunity.testScripts.Promocodes.TC184_Create_PromoCode.TC184(TC184_Create_PromoCode.java:29)
</failure>
    <system-out><![CDATA[INFO    2020-09-29 07:11:25,096 [TestNG-test=Test5-3] com.cpcommunity.testScripts.community.BaseTest  - Test Execution Completed !!!
Date Format with dd MMMM yyyy : 29 Sep 2020
INFO    2020-09-29 07:11:27,359 [TestNG-test=Test5-1] com.cpcommunity.PageObjects.BasePage  - waiting for :[[ChromeDriver: chrome on XP (5c5b6c7741abff5c47b75b6e75fdcedd)] -> xpath: //input[@placeholder='Search by Community Name']] for :18 seconds
INFO    2020-09-29 07:11:27,390 [TestNG-test=Test5-1] com.cpcommunity.PageObjects.BasePage  - [[ChromeDriver: chrome on XP (5c5b6c7741abff5c47b75b6e75fdcedd)] -> xpath: //input[@placeholder='Search by Community Name']]is displayed
INFO    2020-09-29 07:11:29,691 [TestNG-test=Test5-1] com.cpcommunity.PageObjects.BasePage  - Typing in : Search by Community entered the value as : Community - 29 Sep 2020
INFO    2020-09-29 07:11:29,949 [TestNG-test=Test5-1] com.cpcommunity.PageObjects.BasePage  - Clicking on : search btn
INFO    2020-09-29 07:11:36,105 [TestNG-test=Test5-1] com.cpcommunity.PageObjects.BasePage  - waiting for :[[ChromeDriver: chrome on XP (5c5b6c7741abff5c47b75b6e75fdcedd)] -> xpath: //a[@tooltip='Community - 29 Sep 2020']] for :18 seconds
INFO    2020-09-29 07:11:36,115 [TestNG-test=Test5-1] com.cpcommunity.PageObjects.BasePage  - [[ChromeDriver: chrome on XP (5c5b6c7741abff5c47b75b6e75fdcedd)] -> xpath: //a[@tooltip='Community - 29 Sep 2020']]is displayed
INFO    2020-09-29 07:11:38,404 [TestNG-test=Test5-1] com.cpcommunity.PageObjects.BasePage  - Clicking on : Manage
INFO    2020-09-29 07:11:40,414 [TestNG-test=Test5-1] com.cpcommunity.PageObjects.BasePage  - waiting for :[[ChromeDriver: chrome on XP (5c5b6c7741abff5c47b75b6e75fdcedd)] -> xpath: //h2[contains(text(),'Dashboard')]] for :18 seconds
INFO    2020-09-29 07:11:40,576 [TestNG-test=Test5-1] com.cpcommunity.PageObjects.BasePage  - [[ChromeDriver: chrome on XP (5c5b6c7741abff5c47b75b6e75fdcedd)] -> xpath: //h2[contains(text(),'Dashboard')]]is displayed
INFO    2020-09-29 07:11:46,771 [TestNG-test=Test5-1] com.cpcommunity.PageObjects.BasePage  - scrolling up vertically...
INFO    2020-09-29 07:11:51,829 [TestNG-test=Test5-1] com.cpcommunity.PageObjects.BasePage  - waiting for :[[ChromeDriver: chrome on XP (5c5b6c7741abff5c47b75b6e75fdcedd)] -> xpath: //a[contains(text(),'Promo Code')]] for :18 seconds
INFO    2020-09-29 07:11:51,863 [TestNG-test=Test5-1] com.cpcommunity.PageObjects.BasePage  - [[ChromeDriver: chrome on XP (5c5b6c7741abff5c47b75b6e75fdcedd)] -> xpath: //a[contains(text(),'Promo Code')]]is displayed
INFO    2020-09-29 07:11:52,445 [TestNG-test=Test5-4] com.cpcommunity.PageObjects.BasePage  - ClickedProxy element for: AjaxElementLocator 'By.xpath: //*[@id='payBtn']'
INFO    2020-09-29 07:11:53,864 [TestNG-test=Test5-1] com.cpcommunity.PageObjects.BasePage  - Clicking on : promoCode
INFO    2020-09-29 07:11:58,301 [TestNG-test=Test5-1] com.cpcommunity.PageObjects.BasePage  - scrolling up vertically...
INFO    2020-09-29 07:12:03,307 [TestNG-test=Test5-1] com.cpcommunity.PageObjects.BasePage  - Clicking on : Add New button
INFO    2020-09-29 07:12:03,481 [TestNG-test=Test5-1] com.cpcommunity.PageObjects.BasePage  - waiting for :[[ChromeDriver: chrome on XP (5c5b6c7741abff5c47b75b6e75fdcedd)] -> xpath: //input[@id='PromoCodeName']] for :18 seconds
INFO    2020-09-29 07:12:04,045 [TestNG-test=Test5-1] com.cpcommunity.PageObjects.BasePage  - [[ChromeDriver: chrome on XP (5c5b6c7741abff5c47b75b6e75fdcedd)] -> xpath: //input[@id='PromoCodeName']]is displayed
INFO    2020-09-29 07:12:05,448 [TestNG-test=Test5-4] com.cpcommunity.PageObjects.BasePage  - scrolling up vertically...
INFO    2020-09-29 07:12:06,045 [TestNG-test=Test5-1] com.cpcommunity.PageObjects.BasePage  - Typing in : promo Code entered the value as : PROMO_9292020
INFO    2020-09-29 07:12:06,311 [TestNG-test=Test5-1] com.cpcommunity.PageObjects.BasePage  - Clicking on : No Expiry
INFO    2020-09-29 07:12:06,772 [TestNG-test=Test5-1] com.cpcommunity.PageObjects.BasePage  - Clicking on : discount Percent 
INFO    2020-09-29 07:12:06,888 [TestNG-test=Test5-1] com.cpcommunity.PageObjects.BasePage  - Typing in : 50 entered the value as : 50
INFO    2020-09-29 07:12:07,025 [TestNG-test=Test5-1] com.cpcommunity.PageObjects.BasePage  - Typing in : 3 entered the value as : 3
INFO    2020-09-29 07:12:07,155 [TestNG-test=Test5-1] com.cpcommunity.PageObjects.BasePage  - Clicking on : advertisement Plans
INFO    2020-09-29 07:12:07,256 [TestNG-test=Test5-1] com.cpcommunity.PageObjects.BasePage  - Clicking on : All Advertisements Plans
INFO    2020-09-29 07:12:07,368 [TestNG-test=Test5-1] com.cpcommunity.PageObjects.BasePage  - Clicking on : membership Plans
]]></system-out>
    <system-err><![CDATA[Sep 29, 2020 7:11:43 AM org.openqa.selenium.remote.Augmenter extractRemoteWebDriver
WARNING: Augmenter should be applied to the instances of @Augmentable classes or previously augmented instances only (instance class was: class org.openqa.selenium.chrome.ChromeDriver)
Sep 29, 2020 7:11:44 AM org.openqa.selenium.remote.Augmenter extractRemoteWebDriver
WARNING: Augmenter should be applied to the instances of @Augmentable classes or previously augmented instances only (instance class was: class org.openqa.selenium.chrome.ChromeDriver)
Sep 29, 2020 7:11:46 AM org.openqa.selenium.remote.Augmenter extractRemoteWebDriver
WARNING: Augmenter should be applied to the instances of @Augmentable classes or previously augmented instances only (instance class was: class org.openqa.selenium.chrome.ChromeDriver)
Sep 29, 2020 7:11:56 AM org.openqa.selenium.remote.Augmenter extractRemoteWebDriver
WARNING: Augmenter should be applied to the instances of @Augmentable classes or previously augmented instances only (instance class was: class org.openqa.selenium.chrome.ChromeDriver)
Sep 29, 2020 7:11:57 AM org.openqa.selenium.remote.Augmenter extractRemoteWebDriver
WARNING: Augmenter should be applied to the instances of @Augmentable classes or previously augmented instances only (instance class was: class org.openqa.selenium.chrome.ChromeDriver)
Sep 29, 2020 7:12:03 AM org.openqa.selenium.remote.Augmenter extractRemoteWebDriver
WARNING: Augmenter should be applied to the instances of @Augmentable classes or previously augmented instances only (instance class was: class org.openqa.selenium.chrome.ChromeDriver)
Sep 29, 2020 7:12:04 AM org.openqa.selenium.remote.Augmenter extractRemoteWebDriver
WARNING: Augmenter should be applied to the instances of @Augmentable classes or previously augmented instances only (instance class was: class org.openqa.selenium.chrome.ChromeDriver)
]]></system-err>
  </testcase>
  <testcase name="TC090" classname="com.cpcommunity.testScripts.community.TC090_Configure_AuthorizeNet_Payment_Gateway_____" time="167.153"/>
  <testcase name="TC141" classname="com.cpcommunity.testScripts.Create_Free_Event.TC141_Create_Free_Event" time="177.5">
    <failure message="Timed out after 20 seconds. Unable to locate the element" type="org.openqa.selenium.NoSuchElementException">org.openqa.selenium.NoSuchElementException: Timed out after 20 seconds. Unable to locate the element
	at sun.reflect.GeneratedConstructorAccessor73.newInstance(Unknown Source)
	at sun.reflect.DelegatingConstructorAccessorImpl.newInstance(DelegatingConstructorAccessorImpl.java:45)
	at java.lang.reflect.Constructor.newInstance(Constructor.java:423)
	at org.openqa.selenium.remote.ErrorHandler.createThrowable(ErrorHandler.java:214)
	at org.openqa.selenium.remote.ErrorHandler.throwIfResponseFailed(ErrorHandler.java:166)
	at org.openqa.selenium.remote.http.JsonHttpResponseCodec.reconstructValue(JsonHttpResponseCodec.java:40)
	at org.openqa.selenium.remote.http.AbstractHttpResponseCodec.decode(AbstractHttpResponseCodec.java:80)
	at org.openqa.selenium.remote.http.AbstractHttpResponseCodec.decode(AbstractHttpResponseCodec.java:44)
	at org.openqa.selenium.remote.HttpCommandExecutor.execute(HttpCommandExecutor.java:158)
	at org.openqa.selenium.remote.service.DriverCommandExecutor.execute(DriverCommandExecutor.java:83)
	at org.openqa.selenium.remote.RemoteWebDriver.execute(RemoteWebDriver.java:548)
	at org.openqa.selenium.remote.RemoteWebDriver.findElement(RemoteWebDriver.java:322)
	at org.openqa.selenium.remote.RemoteWebDriver.findElementByXPath(RemoteWebDriver.java:424)
	at org.openqa.selenium.By$ByXPath.findElement(By.java:353)
	at org.openqa.selenium.remote.RemoteWebDriver.findElement(RemoteWebDriver.java:314)
	at org.openqa.selenium.support.pagefactory.DefaultElementLocator.findElement(DefaultElementLocator.java:69)
	at org.openqa.selenium.support.pagefactory.AjaxElementLocator.access$001(AjaxElementLocator.java:39)
	at org.openqa.selenium.support.pagefactory.AjaxElementLocator$SlowLoadingElement.isLoaded(AjaxElementLocator.java:194)
	at org.openqa.selenium.support.ui.SlowLoadableComponent.get(SlowLoadableComponent.java:78)
	at org.openqa.selenium.support.pagefactory.AjaxElementLocator.findElement(AjaxElementLocator.java:119)
	at org.openqa.selenium.support.pagefactory.internal.LocatingElementHandler.invoke(LocatingElementHandler.java:38)
	at com.sun.proxy.$Proxy9.clear(Unknown Source)
	at com.cpcommunity.PageObjects.BasePage.type(BasePage.java:206)
	at com.cpcommunity.PageObjects.CreateOrEditEvent.FillEventDetails(CreateOrEditEvent.java:382)
	at com.cpcommunity.PageObjects.CreateOrEditEvent.createEvent(CreateOrEditEvent.java:321)
	at com.cpcommunity.testScripts.Create_Free_Event.TC141_Create_Free_Event.TC141(TC141_Create_Free_Event.java:33)
</failure>
    <system-out><![CDATA[INFO    2020-09-29 07:13:18,336 [TestNG-test=Test5-4] com.cpcommunity.testScripts.community.BaseTest  - Test Execution Completed !!!
Total rows are : 1167
Test case starts from row num: 831
Total rows of data are : 1
Total cols are : 48
@TestCase : TC141
INFO    2020-09-29 07:13:18,490 [TestNG-test=Test6-1] com.cpcommunity.testScripts.community.BaseTest  - Inside Login Test
{isPaidEvent=no, uploadDocumentPath=D:/workspace/bizligo-Automation/src/test/resources/testImages/Files/ChromePDF1.pdf, speakerBio=Please check speaker bio again, documentDescription=Document Re-discovery our passion to play the game professionally., communityName=Community -, ticketType=Individual, ticketAvailablityEndson=05/11/2019 10:30 PM, browser=chrome, timeZone=India Standard Time, agendaDescription=Please check back Agenda description again, eventEndTime=05/11/2019 10:30 PM, sponsorUrl=https://www.pamten.com/, speakerImagePath=D:\workspace\bizligo-Automation\src\test\resources\testImages\Files\ChromeImage8.jpg, documentTitle=Doc Corporate Premier League, isPrivateGroupEvent=No, totalTickets=100, location=5 Independence Way, Princeton, NJ, ticketName=Member Ticket, eventStartTime=05/11/2019 9:15 PM, speakerLinkedUrl=http://www.linkedin.com/company/pamten/, eventCategory=Community, speakerName=Donald trump, videoDescription=Video Re-discovery our passion to play the game professionally., eventTitleName=Free event -, email=andrew74444@gmail.com, isPrivateCommunityEvent=No, publicGroupName=NA, sponsorType=Gold, ticketAvailablityStartsFrom=05/11/2019 12:15 AM, videoURL=https://www.pamten.com/, password=Admin@123, agendaVenue=5 Independence Way, Princeton, eventModeTo=inperson, Runmode=Y, imagePath=D:\workspace\bizligo-Automation\src\test\resources\testImages\Files\ChromeImage8.jpg, ticketValue=10, albumTitle=Album Corporate Premier League, albumURL=https://www.pamten.com/, sponsorImage=D:\workspace\bizligo-Automation\src\test\resources\testImages\Files\ChromeImage6.jpg, eventDescription=Please check back event description soon, Test Descrption=TC141_Create_Free_Event, albumDescription=Album Re-discovery our passion to play the game professionally., agendaStartTime=05/11/2019 9:15 PM, noOfTicketPerTable=10, agendaEndTime=05/11/2019 10:30 PM, privateGroupName=NA, sponsorName=PamTen, videoTitle=Video Corporate Premier League}
Launching : chrome
ChromeDriver: chrome on XP (2f6c32188caabe969a6863529bade9e1)
2f6c32188caabe969a6863529bade9e1
INFO    2020-09-29 07:13:21,535 [TestNG-test=Test6-1] com.cpcommunity.testScripts.community.BaseTest  - Driver Initialized !!!
Page Opened
INFO    2020-09-29 07:13:30,981 [TestNG-test=Test6-1] com.cpcommunity.PageObjects.BasePage  - scrolling up vertically...
INFO    2020-09-29 07:13:36,025 [TestNG-test=Test6-1] com.cpcommunity.PageObjects.BasePage  - waiting for :[[ChromeDriver: chrome on XP (2f6c32188caabe969a6863529bade9e1)] -> xpath: //a[contains(.,'Login')]] for :18 seconds
INFO    2020-09-29 07:13:36,056 [TestNG-test=Test6-1] com.cpcommunity.PageObjects.BasePage  - [[ChromeDriver: chrome on XP (2f6c32188caabe969a6863529bade9e1)] -> xpath: //a[contains(.,'Login')]]is displayed
INFO    2020-09-29 07:13:39,057 [TestNG-test=Test6-1] com.cpcommunity.PageObjects.BasePage  - Clicking on : LOGIN
ChromeDriver: chrome on XP (2f6c32188caabe969a6863529bade9e1)Login Page
INFO    2020-09-29 07:13:43,627 [TestNG-test=Test6-1] com.cpcommunity.PageObjects.BasePage  - scrolling up vertically...
INFO    2020-09-29 07:13:48,635 [TestNG-test=Test6-1] com.cpcommunity.PageObjects.BasePage  - Typing in : email address entered the value as : andrew74444@gmail.com
INFO    2020-09-29 07:13:49,002 [TestNG-test=Test6-1] com.cpcommunity.PageObjects.BasePage  - Typing in : password entered the value as : Admin@123
INFO    2020-09-29 07:13:49,166 [TestNG-test=Test6-1] com.cpcommunity.PageObjects.BasePage  - Clicking on : Login
INFO    2020-09-29 07:13:55,868 [TestNG-test=Test6-1] com.cpcommunity.PageObjects.BasePage  - scrolling up vertically...
INFO    2020-09-29 07:14:00,903 [TestNG-test=Test6-1] com.cpcommunity.PageObjects.BasePage  - Clicking on : view All
INFO    2020-09-29 07:14:05,459 [TestNG-test=Test6-1] com.cpcommunity.PageObjects.BasePage  - scrolling up vertically...
Date Format with dd MMMM yyyy : 29 Sep 2020
INFO    2020-09-29 07:14:10,535 [TestNG-test=Test6-1] com.cpcommunity.PageObjects.BasePage  - waiting for :[[ChromeDriver: chrome on XP (2f6c32188caabe969a6863529bade9e1)] -> xpath: //input[@placeholder='Search by Community Name']] for :18 seconds
INFO    2020-09-29 07:14:10,570 [TestNG-test=Test6-1] com.cpcommunity.PageObjects.BasePage  - [[ChromeDriver: chrome on XP (2f6c32188caabe969a6863529bade9e1)] -> xpath: //input[@placeholder='Search by Community Name']]is displayed
INFO    2020-09-29 07:14:12,874 [TestNG-test=Test6-1] com.cpcommunity.PageObjects.BasePage  - Typing in : Search by Community entered the value as : Community - 29 Sep 2020
INFO    2020-09-29 07:14:13,108 [TestNG-test=Test6-1] com.cpcommunity.PageObjects.BasePage  - Clicking on : search btn
INFO    2020-09-29 07:14:19,263 [TestNG-test=Test6-1] com.cpcommunity.PageObjects.BasePage  - waiting for :[[ChromeDriver: chrome on XP (2f6c32188caabe969a6863529bade9e1)] -> xpath: //a[@tooltip='Community - 29 Sep 2020']] for :18 seconds
INFO    2020-09-29 07:14:19,274 [TestNG-test=Test6-1] com.cpcommunity.PageObjects.BasePage  - [[ChromeDriver: chrome on XP (2f6c32188caabe969a6863529bade9e1)] -> xpath: //a[@tooltip='Community - 29 Sep 2020']]is displayed
INFO    2020-09-29 07:14:21,560 [TestNG-test=Test6-1] com.cpcommunity.PageObjects.BasePage  - Clicking on : Manage
INFO    2020-09-29 07:14:23,485 [TestNG-test=Test6-1] com.cpcommunity.PageObjects.BasePage  - waiting for :[[ChromeDriver: chrome on XP (2f6c32188caabe969a6863529bade9e1)] -> xpath: //h2[contains(text(),'Dashboard')]] for :18 seconds
INFO    2020-09-29 07:14:23,601 [TestNG-test=Test6-1] com.cpcommunity.PageObjects.BasePage  - [[ChromeDriver: chrome on XP (2f6c32188caabe969a6863529bade9e1)] -> xpath: //h2[contains(text(),'Dashboard')]]is displayed
INFO    2020-09-29 07:14:29,829 [TestNG-test=Test6-1] com.cpcommunity.PageObjects.BasePage  - scrolling up vertically...
INFO    2020-09-29 07:14:34,836 [TestNG-test=Test6-1] com.cpcommunity.PageObjects.BasePage  - Clicking on : Events
INFO    2020-09-29 07:14:39,215 [TestNG-test=Test6-1] com.cpcommunity.PageObjects.BasePage  - scrolling up vertically...
INFO    2020-09-29 07:14:44,223 [TestNG-test=Test6-1] com.cpcommunity.PageObjects.BasePage  - Clicking on : New button
INFO    2020-09-29 07:14:56,538 [TestNG-test=Test6-1] com.cpcommunity.PageObjects.BasePage  - scrolling up vertically...
Date Format with dd-M-yyyy hh:mm:ss : 07
Date Format with dd-M-yyyy hh:mm:ss : 15
Date Format using getTimeInstance(): 7:15:01 AM
9/29/2020 7:30 AM
INFO    2020-09-29 07:15:01,545 [TestNG-test=Test6-1] com.cpcommunity.PageObjects.BasePage  - Typing in : Location entered the value as : 5 Independence Way, Princeton, NJ
Date Format with dd MMMM yyyy : 29 Sep 2020
INFO    2020-09-29 07:15:04,649 [TestNG-test=Test6-1] com.cpcommunity.PageObjects.BasePage  - Typing in : Event Name entered the value as : Free event - 29 Sep 2020
INFO    2020-09-29 07:15:05,798 [TestNG-test=Test6-1] com.cpcommunity.PageObjects.BasePage  - Selecting the +Event Category+ value as : Community
INFO    2020-09-29 07:15:06,919 [TestNG-test=Test6-1] com.cpcommunity.PageObjects.BasePage  - Selecting the +Timezone+ value as : India Standard Time
INFO    2020-09-29 07:15:07,062 [TestNG-test=Test6-1] com.cpcommunity.PageObjects.BasePage  - Clicking on : Start Date Time
INFO    2020-09-29 07:15:08,316 [TestNG-test=Test6-1] com.cpcommunity.PageObjects.BasePage  - Typing in : Event Start Time entered the value as : 9/29/2020 7:30 AM
INFO    2020-09-29 07:15:08,803 [TestNG-test=Test6-1] com.cpcommunity.PageObjects.BasePage  - Selecting the +hourselect+ value as : 7
INFO    2020-09-29 07:15:08,873 [TestNG-test=Test6-1] com.cpcommunity.PageObjects.BasePage  - Selecting the +hourselect+ value as : 30
INFO    2020-09-29 07:15:08,947 [TestNG-test=Test6-1] com.cpcommunity.PageObjects.BasePage  - Selecting the +ampmselect+ value as : AM
INFO    2020-09-29 07:15:08,984 [TestNG-test=Test6-1] com.cpcommunity.PageObjects.BasePage  - Typing in : Event End Date entered the value as : 9/29/2020 11:30 PM
INFO    2020-09-29 07:15:09,362 [TestNG-test=Test6-1] com.cpcommunity.PageObjects.BasePage  - Selecting the +Selecting Event End hour+ value as : 10
INFO    2020-09-29 07:15:09,474 [TestNG-test=Test6-1] com.cpcommunity.PageObjects.BasePage  - Selecting the +hour selecting+ value as : 30
INFO    2020-09-29 07:15:09,582 [TestNG-test=Test6-1] com.cpcommunity.PageObjects.BasePage  - Selecting the +PM+ value as : PM
INFO    2020-09-29 07:15:09,613 [TestNG-test=Test6-1] com.cpcommunity.PageObjects.BasePage  - Clicking on : ApplyBtn
INFO    2020-09-29 07:15:13,888 [TestNG-test=Test6-1] com.cpcommunity.PageObjects.BasePage  - Typing in : Description entered the value as : Please check back event description soon
INFO    2020-09-29 07:15:14,984 [TestNG-test=Test6-1] com.cpcommunity.PageObjects.BasePage  - Typing in : Description entered the value as : D:\workspace\bizligo-Automation\src\test\resources\testImages\Files\ChromeImage8.jpg
]]></system-out>
    <system-err><![CDATA[Starting ChromeDriver 2.38.552522 (437e6fbedfa8762dec75e2c5b3ddb86763dc9dcb) on port 39732
Only local connections are allowed.
Sep 29, 2020 7:13:21 AM org.openqa.selenium.remote.ProtocolHandshake createSession
INFO: Detected dialect: OSS
Sep 29, 2020 7:13:26 AM org.openqa.selenium.remote.Augmenter extractRemoteWebDriver
WARNING: Augmenter should be applied to the instances of @Augmentable classes or previously augmented instances only (instance class was: class org.openqa.selenium.chrome.ChromeDriver)
Sep 29, 2020 7:13:28 AM org.openqa.selenium.remote.Augmenter extractRemoteWebDriver
WARNING: Augmenter should be applied to the instances of @Augmentable classes or previously augmented instances only (instance class was: class org.openqa.selenium.chrome.ChromeDriver)
Sep 29, 2020 7:13:30 AM org.openqa.selenium.remote.Augmenter extractRemoteWebDriver
WARNING: Augmenter should be applied to the instances of @Augmentable classes or previously augmented instances only (instance class was: class org.openqa.selenium.chrome.ChromeDriver)
Sep 29, 2020 7:13:41 AM org.openqa.selenium.remote.Augmenter extractRemoteWebDriver
WARNING: Augmenter should be applied to the instances of @Augmentable classes or previously augmented instances only (instance class was: class org.openqa.selenium.chrome.ChromeDriver)
Sep 29, 2020 7:13:43 AM org.openqa.selenium.remote.Augmenter extractRemoteWebDriver
WARNING: Augmenter should be applied to the instances of @Augmentable classes or previously augmented instances only (instance class was: class org.openqa.selenium.chrome.ChromeDriver)
Sep 29, 2020 7:13:52 AM org.openqa.selenium.remote.Augmenter extractRemoteWebDriver
WARNING: Augmenter should be applied to the instances of @Augmentable classes or previously augmented instances only (instance class was: class org.openqa.selenium.chrome.ChromeDriver)
Sep 29, 2020 7:13:53 AM org.openqa.selenium.remote.Augmenter extractRemoteWebDriver
WARNING: Augmenter should be applied to the instances of @Augmentable classes or previously augmented instances only (instance class was: class org.openqa.selenium.chrome.ChromeDriver)
Sep 29, 2020 7:13:55 AM org.openqa.selenium.remote.Augmenter extractRemoteWebDriver
WARNING: Augmenter should be applied to the instances of @Augmentable classes or previously augmented instances only (instance class was: class org.openqa.selenium.chrome.ChromeDriver)
Sep 29, 2020 7:14:03 AM org.openqa.selenium.remote.Augmenter extractRemoteWebDriver
WARNING: Augmenter should be applied to the instances of @Augmentable classes or previously augmented instances only (instance class was: class org.openqa.selenium.chrome.ChromeDriver)
Sep 29, 2020 7:14:04 AM org.openqa.selenium.remote.Augmenter extractRemoteWebDriver
WARNING: Augmenter should be applied to the instances of @Augmentable classes or previously augmented instances only (instance class was: class org.openqa.selenium.chrome.ChromeDriver)
Sep 29, 2020 7:14:26 AM org.openqa.selenium.remote.Augmenter extractRemoteWebDriver
WARNING: Augmenter should be applied to the instances of @Augmentable classes or previously augmented instances only (instance class was: class org.openqa.selenium.chrome.ChromeDriver)
Sep 29, 2020 7:14:27 AM org.openqa.selenium.remote.Augmenter extractRemoteWebDriver
WARNING: Augmenter should be applied to the instances of @Augmentable classes or previously augmented instances only (instance class was: class org.openqa.selenium.chrome.ChromeDriver)
Sep 29, 2020 7:14:29 AM org.openqa.selenium.remote.Augmenter extractRemoteWebDriver
WARNING: Augmenter should be applied to the instances of @Augmentable classes or previously augmented instances only (instance class was: class org.openqa.selenium.chrome.ChromeDriver)
Sep 29, 2020 7:14:37 AM org.openqa.selenium.remote.Augmenter extractRemoteWebDriver
WARNING: Augmenter should be applied to the instances of @Augmentable classes or previously augmented instances only (instance class was: class org.openqa.selenium.chrome.ChromeDriver)
Sep 29, 2020 7:14:38 AM org.openqa.selenium.remote.Augmenter extractRemoteWebDriver
WARNING: Augmenter should be applied to the instances of @Augmentable classes or previously augmented instances only (instance class was: class org.openqa.selenium.chrome.ChromeDriver)
Sep 29, 2020 7:14:49 AM org.openqa.selenium.remote.Augmenter extractRemoteWebDriver
WARNING: Augmenter should be applied to the instances of @Augmentable classes or previously augmented instances only (instance class was: class org.openqa.selenium.chrome.ChromeDriver)
Sep 29, 2020 7:14:50 AM org.openqa.selenium.remote.Augmenter extractRemoteWebDriver
WARNING: Augmenter should be applied to the instances of @Augmentable classes or previously augmented instances only (instance class was: class org.openqa.selenium.chrome.ChromeDriver)
Sep 29, 2020 7:14:51 AM org.openqa.selenium.remote.Augmenter extractRemoteWebDriver
WARNING: Augmenter should be applied to the instances of @Augmentable classes or previously augmented instances only (instance class was: class org.openqa.selenium.chrome.ChromeDriver)
Sep 29, 2020 7:14:53 AM org.openqa.selenium.remote.Augmenter extractRemoteWebDriver
WARNING: Augmenter should be applied to the instances of @Augmentable classes or previously augmented instances only (instance class was: class org.openqa.selenium.chrome.ChromeDriver)
Sep 29, 2020 7:14:54 AM org.openqa.selenium.remote.Augmenter extractRemoteWebDriver
WARNING: Augmenter should be applied to the instances of @Augmentable classes or previously augmented instances only (instance class was: class org.openqa.selenium.chrome.ChromeDriver)
Sep 29, 2020 7:14:55 AM org.openqa.selenium.remote.Augmenter extractRemoteWebDriver
WARNING: Augmenter should be applied to the instances of @Augmentable classes or previously augmented instances only (instance class was: class org.openqa.selenium.chrome.ChromeDriver)
]]></system-err>
  </testcase>
  <testcase name="TC142" classname="com.cpcommunity.testScripts.Create_Paid_Event.TC142_Create_Paid_Event" time="184.17">
    <failure message="Timed out after 20 seconds. Unable to locate the element" type="org.openqa.selenium.NoSuchElementException">org.openqa.selenium.NoSuchElementException: Timed out after 20 seconds. Unable to locate the element
	at sun.reflect.GeneratedConstructorAccessor73.newInstance(Unknown Source)
	at sun.reflect.DelegatingConstructorAccessorImpl.newInstance(DelegatingConstructorAccessorImpl.java:45)
	at java.lang.reflect.Constructor.newInstance(Constructor.java:423)
	at org.openqa.selenium.remote.ErrorHandler.createThrowable(ErrorHandler.java:214)
	at org.openqa.selenium.remote.ErrorHandler.throwIfResponseFailed(ErrorHandler.java:166)
	at org.openqa.selenium.remote.http.JsonHttpResponseCodec.reconstructValue(JsonHttpResponseCodec.java:40)
	at org.openqa.selenium.remote.http.AbstractHttpResponseCodec.decode(AbstractHttpResponseCodec.java:80)
	at org.openqa.selenium.remote.http.AbstractHttpResponseCodec.decode(AbstractHttpResponseCodec.java:44)
	at org.openqa.selenium.remote.HttpCommandExecutor.execute(HttpCommandExecutor.java:158)
	at org.openqa.selenium.remote.service.DriverCommandExecutor.execute(DriverCommandExecutor.java:83)
	at org.openqa.selenium.remote.RemoteWebDriver.execute(RemoteWebDriver.java:548)
	at org.openqa.selenium.remote.RemoteWebDriver.findElement(RemoteWebDriver.java:322)
	at org.openqa.selenium.remote.RemoteWebDriver.findElementByXPath(RemoteWebDriver.java:424)
	at org.openqa.selenium.By$ByXPath.findElement(By.java:353)
	at org.openqa.selenium.remote.RemoteWebDriver.findElement(RemoteWebDriver.java:314)
	at org.openqa.selenium.support.pagefactory.DefaultElementLocator.findElement(DefaultElementLocator.java:69)
	at org.openqa.selenium.support.pagefactory.AjaxElementLocator.access$001(AjaxElementLocator.java:39)
	at org.openqa.selenium.support.pagefactory.AjaxElementLocator$SlowLoadingElement.isLoaded(AjaxElementLocator.java:194)
	at org.openqa.selenium.support.ui.SlowLoadableComponent.get(SlowLoadableComponent.java:78)
	at org.openqa.selenium.support.pagefactory.AjaxElementLocator.findElement(AjaxElementLocator.java:119)
	at org.openqa.selenium.support.pagefactory.internal.LocatingElementHandler.invoke(LocatingElementHandler.java:38)
	at com.sun.proxy.$Proxy9.getLocation(Unknown Source)
	at com.cpcommunity.PageObjects.BasePage.scrollToElement(BasePage.java:516)
	at com.cpcommunity.PageObjects.CreateOrEditEvent.FillEventDetails(CreateOrEditEvent.java:375)
	at com.cpcommunity.PageObjects.CreateOrEditEvent.createEvent(CreateOrEditEvent.java:321)
	at com.cpcommunity.testScripts.Create_Paid_Event.TC142_Create_Paid_Event.TC142(TC142_Create_Paid_Event.java:33)
</failure>
    <system-out><![CDATA[INFO    2020-09-29 07:16:16,777 [TestNG-test=Test6-1] com.cpcommunity.testScripts.community.BaseTest  - Test Execution Completed !!!
Total rows are : 1167
Test case starts from row num: 844
Total rows of data are : 1
Total cols are : 48
@TestCase : TC142
INFO    2020-09-29 07:16:16,967 [TestNG-test=Test7-1] com.cpcommunity.testScripts.community.BaseTest  - Inside Login Test
{isPaidEvent=yes, uploadDocumentPath=D:/workspace/bizligo-Automation/src/test/resources/testImages/Files/ChromePDF1.pdf, speakerBio=Please check speaker bio again, documentDescription=Document Re-discovery our passion to play the game professionally., communityName=Community -, ticketType=Individual, ticketAvailablityEndson=05/11/2019 10:30 PM, browser=chrome, timeZone=India Standard Time, agendaDescription=Please check back Agenda description again, eventEndTime=10/13/2019 6:15 PM, sponsorUrl=https://www.pamten.com/, speakerImagePath=D:\workspace\bizligo-Automation\src\test\resources\testImages\Files\ChromeImage8.jpg, documentTitle=Doc Corporate Premier League, isPrivateGroupEvent=No, totalTickets=100, location=5 Independence Way, Princeton, NJ, ticketName=Member Ticket, eventStartTime=10/12/2019 6:15 PM, speakerLinkedUrl=http://www.linkedin.com/company/pamten/, eventCategory=Community, speakerName=Donald trump, videoDescription=Video Re-discovery our passion to play the game professionally., eventTitleName=Paid event -, email=andrew74444@gmail.com, isPrivateCommunityEvent=No, publicGroupName=NA, sponsorType=Gold, ticketAvailablityStartsFrom=05/11/2019 12:15 AM, videoURL=https://www.pamten.com/, password=Admin@123, agendaVenue=5 Independence Way, Princeton, eventModeTo=online, Runmode=Y, imagePath=D:\workspace\bizligo-Automation\src\test\resources\testImages\Files\ChromeImage8.jpg, ticketValue=10, albumTitle=Album Corporate Premier League, albumURL=https://www.pamten.com/, sponsorImage=D:\workspace\bizligo-Automation\src\test\resources\testImages\Files\ChromeImage6.jpg, eventDescription=Please check back event description soon, Test Descrption=TC142_Create_Paid_Event, albumDescription=Album Re-discovery our passion to play the game professionally., agendaStartTime=05/11/2019 9:15 PM, noOfTicketPerTable=10, agendaEndTime=05/11/2019 10:30 PM, privateGroupName=NA, sponsorName=PamTen, videoTitle=Video Corporate Premier League}
Launching : chrome
ChromeDriver: chrome on XP (4956ed47476ef0fda793cb7adaa91fe4)
4956ed47476ef0fda793cb7adaa91fe4
INFO    2020-09-29 07:16:20,207 [TestNG-test=Test7-1] com.cpcommunity.testScripts.community.BaseTest  - Driver Initialized !!!
Page Opened
INFO    2020-09-29 07:16:34,535 [TestNG-test=Test7-1] com.cpcommunity.PageObjects.BasePage  - scrolling up vertically...
INFO    2020-09-29 07:16:39,578 [TestNG-test=Test7-1] com.cpcommunity.PageObjects.BasePage  - waiting for :[[ChromeDriver: chrome on XP (4956ed47476ef0fda793cb7adaa91fe4)] -> xpath: //a[contains(.,'Login')]] for :18 seconds
INFO    2020-09-29 07:16:39,609 [TestNG-test=Test7-1] com.cpcommunity.PageObjects.BasePage  - [[ChromeDriver: chrome on XP (4956ed47476ef0fda793cb7adaa91fe4)] -> xpath: //a[contains(.,'Login')]]is displayed
INFO    2020-09-29 07:16:42,610 [TestNG-test=Test7-1] com.cpcommunity.PageObjects.BasePage  - Clicking on : LOGIN
ChromeDriver: chrome on XP (4956ed47476ef0fda793cb7adaa91fe4)Login Page
INFO    2020-09-29 07:16:48,300 [TestNG-test=Test7-1] com.cpcommunity.PageObjects.BasePage  - scrolling up vertically...
INFO    2020-09-29 07:16:53,314 [TestNG-test=Test7-1] com.cpcommunity.PageObjects.BasePage  - Typing in : email address entered the value as : andrew74444@gmail.com
INFO    2020-09-29 07:16:53,673 [TestNG-test=Test7-1] com.cpcommunity.PageObjects.BasePage  - Typing in : password entered the value as : Admin@123
INFO    2020-09-29 07:16:53,830 [TestNG-test=Test7-1] com.cpcommunity.PageObjects.BasePage  - Clicking on : Login
INFO    2020-09-29 07:17:01,036 [TestNG-test=Test7-1] com.cpcommunity.PageObjects.BasePage  - scrolling up vertically...
INFO    2020-09-29 07:17:06,069 [TestNG-test=Test7-1] com.cpcommunity.PageObjects.BasePage  - Clicking on : view All
INFO    2020-09-29 07:17:10,508 [TestNG-test=Test7-1] com.cpcommunity.PageObjects.BasePage  - scrolling up vertically...
Date Format with dd MMMM yyyy : 29 Sep 2020
INFO    2020-09-29 07:17:15,556 [TestNG-test=Test7-1] com.cpcommunity.PageObjects.BasePage  - waiting for :[[ChromeDriver: chrome on XP (4956ed47476ef0fda793cb7adaa91fe4)] -> xpath: //input[@placeholder='Search by Community Name']] for :18 seconds
INFO    2020-09-29 07:17:15,585 [TestNG-test=Test7-1] com.cpcommunity.PageObjects.BasePage  - [[ChromeDriver: chrome on XP (4956ed47476ef0fda793cb7adaa91fe4)] -> xpath: //input[@placeholder='Search by Community Name']]is displayed
INFO    2020-09-29 07:17:17,884 [TestNG-test=Test7-1] com.cpcommunity.PageObjects.BasePage  - Typing in : Search by Community entered the value as : Community - 29 Sep 2020
INFO    2020-09-29 07:17:18,148 [TestNG-test=Test7-1] com.cpcommunity.PageObjects.BasePage  - Clicking on : search btn
INFO    2020-09-29 07:17:24,306 [TestNG-test=Test7-1] com.cpcommunity.PageObjects.BasePage  - waiting for :[[ChromeDriver: chrome on XP (4956ed47476ef0fda793cb7adaa91fe4)] -> xpath: //a[@tooltip='Community - 29 Sep 2020']] for :18 seconds
INFO    2020-09-29 07:17:24,316 [TestNG-test=Test7-1] com.cpcommunity.PageObjects.BasePage  - [[ChromeDriver: chrome on XP (4956ed47476ef0fda793cb7adaa91fe4)] -> xpath: //a[@tooltip='Community - 29 Sep 2020']]is displayed
INFO    2020-09-29 07:17:26,601 [TestNG-test=Test7-1] com.cpcommunity.PageObjects.BasePage  - Clicking on : Manage
INFO    2020-09-29 07:17:31,886 [TestNG-test=Test7-1] com.cpcommunity.PageObjects.BasePage  - waiting for :[[ChromeDriver: chrome on XP (4956ed47476ef0fda793cb7adaa91fe4)] -> xpath: //h2[contains(text(),'Dashboard')]] for :18 seconds
INFO    2020-09-29 07:17:32,041 [TestNG-test=Test7-1] com.cpcommunity.PageObjects.BasePage  - [[ChromeDriver: chrome on XP (4956ed47476ef0fda793cb7adaa91fe4)] -> xpath: //h2[contains(text(),'Dashboard')]]is displayed
INFO    2020-09-29 07:17:38,247 [TestNG-test=Test7-1] com.cpcommunity.PageObjects.BasePage  - scrolling up vertically...
INFO    2020-09-29 07:17:43,256 [TestNG-test=Test7-1] com.cpcommunity.PageObjects.BasePage  - Clicking on : Events
INFO    2020-09-29 07:17:47,685 [TestNG-test=Test7-1] com.cpcommunity.PageObjects.BasePage  - scrolling up vertically...
INFO    2020-09-29 07:17:52,697 [TestNG-test=Test7-1] com.cpcommunity.PageObjects.BasePage  - Clicking on : New button
INFO    2020-09-29 07:18:03,984 [TestNG-test=Test7-1] com.cpcommunity.PageObjects.BasePage  - scrolling up vertically...
Date Format with dd-M-yyyy hh:mm:ss : 07
Date Format with dd-M-yyyy hh:mm:ss : 18
Date Format using getTimeInstance(): 7:18:08 AM
9/29/2020 7:45 AM
INFO    2020-09-29 07:18:08,991 [TestNG-test=Test7-1] com.cpcommunity.PageObjects.BasePage  - Typing in : Location entered the value as : 5 Independence Way, Princeton, NJ
Date Format with dd MMMM yyyy : 29 Sep 2020
INFO    2020-09-29 07:18:12,114 [TestNG-test=Test7-1] com.cpcommunity.PageObjects.BasePage  - Typing in : Event Name entered the value as : Paid event - 29 Sep 2020
INFO    2020-09-29 07:18:13,295 [TestNG-test=Test7-1] com.cpcommunity.PageObjects.BasePage  - Clicking on : Paid Event
INFO    2020-09-29 07:18:13,954 [TestNG-test=Test7-1] com.cpcommunity.PageObjects.BasePage  - Clicking on : Online
INFO    2020-09-29 07:18:14,271 [TestNG-test=Test7-1] com.cpcommunity.PageObjects.BasePage  - Selecting the +Event Category+ value as : Community
INFO    2020-09-29 07:18:15,409 [TestNG-test=Test7-1] com.cpcommunity.PageObjects.BasePage  - Selecting the +Timezone+ value as : India Standard Time
INFO    2020-09-29 07:18:15,547 [TestNG-test=Test7-1] com.cpcommunity.PageObjects.BasePage  - Clicking on : Start Date Time
INFO    2020-09-29 07:18:16,772 [TestNG-test=Test7-1] com.cpcommunity.PageObjects.BasePage  - Typing in : Event Start Time entered the value as : 9/29/2020 7:45 AM
INFO    2020-09-29 07:18:17,241 [TestNG-test=Test7-1] com.cpcommunity.PageObjects.BasePage  - Selecting the +hourselect+ value as : 7
INFO    2020-09-29 07:18:17,310 [TestNG-test=Test7-1] com.cpcommunity.PageObjects.BasePage  - Selecting the +hourselect+ value as : 45
INFO    2020-09-29 07:18:17,370 [TestNG-test=Test7-1] com.cpcommunity.PageObjects.BasePage  - Selecting the +ampmselect+ value as : AM
INFO    2020-09-29 07:18:17,408 [TestNG-test=Test7-1] com.cpcommunity.PageObjects.BasePage  - Typing in : Event End Date entered the value as : 9/29/2020 11:45 PM
INFO    2020-09-29 07:18:17,770 [TestNG-test=Test7-1] com.cpcommunity.PageObjects.BasePage  - Selecting the +Selecting Event End hour+ value as : 10
INFO    2020-09-29 07:18:17,882 [TestNG-test=Test7-1] com.cpcommunity.PageObjects.BasePage  - Selecting the +hour selecting+ value as : 45
INFO    2020-09-29 07:18:17,986 [TestNG-test=Test7-1] com.cpcommunity.PageObjects.BasePage  - Selecting the +PM+ value as : PM
INFO    2020-09-29 07:18:18,021 [TestNG-test=Test7-1] com.cpcommunity.PageObjects.BasePage  - Clicking on : ApplyBtn
]]></system-out>
    <system-err><![CDATA[Starting ChromeDriver 2.38.552522 (437e6fbedfa8762dec75e2c5b3ddb86763dc9dcb) on port 24071
Only local connections are allowed.
Sep 29, 2020 7:16:20 AM org.openqa.selenium.remote.ProtocolHandshake createSession
INFO: Detected dialect: OSS
Sep 29, 2020 7:16:30 AM org.openqa.selenium.remote.Augmenter extractRemoteWebDriver
WARNING: Augmenter should be applied to the instances of @Augmentable classes or previously augmented instances only (instance class was: class org.openqa.selenium.chrome.ChromeDriver)
Sep 29, 2020 7:16:32 AM org.openqa.selenium.remote.Augmenter extractRemoteWebDriver
WARNING: Augmenter should be applied to the instances of @Augmentable classes or previously augmented instances only (instance class was: class org.openqa.selenium.chrome.ChromeDriver)
Sep 29, 2020 7:16:33 AM org.openqa.selenium.remote.Augmenter extractRemoteWebDriver
WARNING: Augmenter should be applied to the instances of @Augmentable classes or previously augmented instances only (instance class was: class org.openqa.selenium.chrome.ChromeDriver)
Sep 29, 2020 7:16:46 AM org.openqa.selenium.remote.Augmenter extractRemoteWebDriver
WARNING: Augmenter should be applied to the instances of @Augmentable classes or previously augmented instances only (instance class was: class org.openqa.selenium.chrome.ChromeDriver)
Sep 29, 2020 7:16:47 AM org.openqa.selenium.remote.Augmenter extractRemoteWebDriver
WARNING: Augmenter should be applied to the instances of @Augmentable classes or previously augmented instances only (instance class was: class org.openqa.selenium.chrome.ChromeDriver)
Sep 29, 2020 7:16:57 AM org.openqa.selenium.remote.Augmenter extractRemoteWebDriver
WARNING: Augmenter should be applied to the instances of @Augmentable classes or previously augmented instances only (instance class was: class org.openqa.selenium.chrome.ChromeDriver)
Sep 29, 2020 7:16:59 AM org.openqa.selenium.remote.Augmenter extractRemoteWebDriver
WARNING: Augmenter should be applied to the instances of @Augmentable classes or previously augmented instances only (instance class was: class org.openqa.selenium.chrome.ChromeDriver)
Sep 29, 2020 7:17:00 AM org.openqa.selenium.remote.Augmenter extractRemoteWebDriver
WARNING: Augmenter should be applied to the instances of @Augmentable classes or previously augmented instances only (instance class was: class org.openqa.selenium.chrome.ChromeDriver)
Sep 29, 2020 7:17:08 AM org.openqa.selenium.remote.Augmenter extractRemoteWebDriver
WARNING: Augmenter should be applied to the instances of @Augmentable classes or previously augmented instances only (instance class was: class org.openqa.selenium.chrome.ChromeDriver)
Sep 29, 2020 7:17:10 AM org.openqa.selenium.remote.Augmenter extractRemoteWebDriver
WARNING: Augmenter should be applied to the instances of @Augmentable classes or previously augmented instances only (instance class was: class org.openqa.selenium.chrome.ChromeDriver)
Sep 29, 2020 7:17:35 AM org.openqa.selenium.remote.Augmenter extractRemoteWebDriver
WARNING: Augmenter should be applied to the instances of @Augmentable classes or previously augmented instances only (instance class was: class org.openqa.selenium.chrome.ChromeDriver)
Sep 29, 2020 7:17:36 AM org.openqa.selenium.remote.Augmenter extractRemoteWebDriver
WARNING: Augmenter should be applied to the instances of @Augmentable classes or previously augmented instances only (instance class was: class org.openqa.selenium.chrome.ChromeDriver)
Sep 29, 2020 7:17:37 AM org.openqa.selenium.remote.Augmenter extractRemoteWebDriver
WARNING: Augmenter should be applied to the instances of @Augmentable classes or previously augmented instances only (instance class was: class org.openqa.selenium.chrome.ChromeDriver)
Sep 29, 2020 7:17:45 AM org.openqa.selenium.remote.Augmenter extractRemoteWebDriver
WARNING: Augmenter should be applied to the instances of @Augmentable classes or previously augmented instances only (instance class was: class org.openqa.selenium.chrome.ChromeDriver)
Sep 29, 2020 7:17:47 AM org.openqa.selenium.remote.Augmenter extractRemoteWebDriver
WARNING: Augmenter should be applied to the instances of @Augmentable classes or previously augmented instances only (instance class was: class org.openqa.selenium.chrome.ChromeDriver)
Sep 29, 2020 7:17:56 AM org.openqa.selenium.remote.Augmenter extractRemoteWebDriver
WARNING: Augmenter should be applied to the instances of @Augmentable classes or previously augmented instances only (instance class was: class org.openqa.selenium.chrome.ChromeDriver)
Sep 29, 2020 7:17:57 AM org.openqa.selenium.remote.Augmenter extractRemoteWebDriver
WARNING: Augmenter should be applied to the instances of @Augmentable classes or previously augmented instances only (instance class was: class org.openqa.selenium.chrome.ChromeDriver)
Sep 29, 2020 7:17:59 AM org.openqa.selenium.remote.Augmenter extractRemoteWebDriver
WARNING: Augmenter should be applied to the instances of @Augmentable classes or previously augmented instances only (instance class was: class org.openqa.selenium.chrome.ChromeDriver)
Sep 29, 2020 7:18:00 AM org.openqa.selenium.remote.Augmenter extractRemoteWebDriver
WARNING: Augmenter should be applied to the instances of @Augmentable classes or previously augmented instances only (instance class was: class org.openqa.selenium.chrome.ChromeDriver)
Sep 29, 2020 7:18:01 AM org.openqa.selenium.remote.Augmenter extractRemoteWebDriver
WARNING: Augmenter should be applied to the instances of @Augmentable classes or previously augmented instances only (instance class was: class org.openqa.selenium.chrome.ChromeDriver)
Sep 29, 2020 7:18:03 AM org.openqa.selenium.remote.Augmenter extractRemoteWebDriver
WARNING: Augmenter should be applied to the instances of @Augmentable classes or previously augmented instances only (instance class was: class org.openqa.selenium.chrome.ChromeDriver)
]]></system-err>
  </testcase>
  <testcase name="TC018" classname="com.cpcommunity.testScripts.myprofiletestcases.TC018_Verify_User_is_Able_to_Select_Email_As_Private" time="93.3"/>
  <testcase name="TC041ToTC046" classname="com.cpcommunity.testScripts.community.TC044_Member_Accept_Community_Request_From_Community_details_page" time="70.903">
    <failure message="Expected condition failed: waiting for visibility of Proxy element for: AjaxElementLocator &apos;By.xpath: //*[contains(text(),&apos;MY ECOSYSTEM&apos;)]&apos; (tried for 30 second(s) with 500 milliseconds interval)" type="org.openqa.selenium.TimeoutException">org.openqa.selenium.TimeoutException: Expected condition failed: waiting for visibility of Proxy element for: AjaxElementLocator 'By.xpath: //*[contains(text(),'MY ECOSYSTEM')]' (tried for 30 second(s) with 500 milliseconds interval)
	at sun.reflect.GeneratedConstructorAccessor73.newInstance(Unknown Source)
	at sun.reflect.DelegatingConstructorAccessorImpl.newInstance(DelegatingConstructorAccessorImpl.java:45)
	at java.lang.reflect.Constructor.newInstance(Constructor.java:423)
	at org.openqa.selenium.remote.ErrorHandler.createThrowable(ErrorHandler.java:214)
	at org.openqa.selenium.remote.ErrorHandler.throwIfResponseFailed(ErrorHandler.java:166)
	at org.openqa.selenium.remote.http.JsonHttpResponseCodec.reconstructValue(JsonHttpResponseCodec.java:40)
	at org.openqa.selenium.remote.http.AbstractHttpResponseCodec.decode(AbstractHttpResponseCodec.java:80)
	at org.openqa.selenium.remote.http.AbstractHttpResponseCodec.decode(AbstractHttpResponseCodec.java:44)
	at org.openqa.selenium.remote.HttpCommandExecutor.execute(HttpCommandExecutor.java:158)
	at org.openqa.selenium.remote.service.DriverCommandExecutor.execute(DriverCommandExecutor.java:83)
	at org.openqa.selenium.remote.RemoteWebDriver.execute(RemoteWebDriver.java:548)
	at org.openqa.selenium.remote.RemoteWebDriver.findElement(RemoteWebDriver.java:322)
	at org.openqa.selenium.remote.RemoteWebDriver.findElementByXPath(RemoteWebDriver.java:424)
	at org.openqa.selenium.By$ByXPath.findElement(By.java:353)
	at org.openqa.selenium.remote.RemoteWebDriver.findElement(RemoteWebDriver.java:314)
	at org.openqa.selenium.support.pagefactory.DefaultElementLocator.findElement(DefaultElementLocator.java:69)
	at org.openqa.selenium.support.pagefactory.AjaxElementLocator.access$001(AjaxElementLocator.java:39)
	at org.openqa.selenium.support.pagefactory.AjaxElementLocator$SlowLoadingElement.isLoaded(AjaxElementLocator.java:194)
	at org.openqa.selenium.support.ui.SlowLoadableComponent.get(SlowLoadableComponent.java:78)
	at org.openqa.selenium.support.pagefactory.AjaxElementLocator.findElement(AjaxElementLocator.java:119)
	at org.openqa.selenium.support.pagefactory.internal.LocatingElementHandler.invoke(LocatingElementHandler.java:38)
	at com.sun.proxy.$Proxy9.isDisplayed(Unknown Source)
	at org.openqa.selenium.support.ui.ExpectedConditions.elementIfVisible(ExpectedConditions.java:315)
	at org.openqa.selenium.support.ui.ExpectedConditions.access$100(ExpectedConditions.java:44)
	at org.openqa.selenium.support.ui.ExpectedConditions$10.apply(ExpectedConditions.java:301)
	at org.openqa.selenium.support.ui.ExpectedConditions$10.apply(ExpectedConditions.java:298)
	at org.openqa.selenium.support.ui.FluentWait.until(FluentWait.java:260)
	at com.cpcommunity.PageObjects.BasePage.waitForPageToLoad(BasePage.java:94)
	at com.cpcommunity.PageObjects.BasePage.openPage(BasePage.java:80)
	at com.cpcommunity.PageObjects.LoginPage.loginToApplication(LoginPage.java:90)
	at com.cpcommunity.testScripts.community.TC044_Member_Accept_Community_Request_From_Community_details_page.TC041ToTC046(TC044_Member_Accept_Community_Request_From_Community_details_page.java:33)
</failure>
    <system-out><![CDATA[INFO    2020-09-29 07:20:56,488 [TestNG-test=Test8-1] com.cpcommunity.testScripts.community.BaseTest  - Test Execution Completed !!!
Total rows are : 1167
Test case starts from row num: 180
Total rows of data are : 1
Total cols are : 12
@TestCase : TC041ToTC046
INFO    2020-09-29 07:20:56,578 [TestNG-test=Test8-1] com.cpcommunity.testScripts.community.BaseTest  - Inside Login Test
Launching : chrome
ChromeDriver: chrome on XP (500dad0b92279c180bf8be2881fa3773)
500dad0b92279c180bf8be2881fa3773
INFO    2020-09-29 07:20:59,717 [TestNG-test=Test8-1] com.cpcommunity.testScripts.community.BaseTest  - Driver Initialized !!!
Page Opened
INFO    2020-09-29 07:21:10,285 [TestNG-test=Test8-1] com.cpcommunity.PageObjects.BasePage  - scrolling up vertically...
INFO    2020-09-29 07:21:15,351 [TestNG-test=Test8-1] com.cpcommunity.PageObjects.BasePage  - waiting for :[[ChromeDriver: chrome on XP (500dad0b92279c180bf8be2881fa3773)] -> xpath: //a[contains(.,'Login')]] for :18 seconds
INFO    2020-09-29 07:21:15,390 [TestNG-test=Test8-1] com.cpcommunity.PageObjects.BasePage  - [[ChromeDriver: chrome on XP (500dad0b92279c180bf8be2881fa3773)] -> xpath: //a[contains(.,'Login')]]is displayed
INFO    2020-09-29 07:21:18,391 [TestNG-test=Test8-1] com.cpcommunity.PageObjects.BasePage  - Clicking on : LOGIN
ChromeDriver: chrome on XP (500dad0b92279c180bf8be2881fa3773)Login Page
INFO    2020-09-29 07:21:24,220 [TestNG-test=Test8-1] com.cpcommunity.PageObjects.BasePage  - scrolling up vertically...
INFO    2020-09-29 07:21:29,234 [TestNG-test=Test8-1] com.cpcommunity.PageObjects.BasePage  - Typing in : email address entered the value as : curatora99@gmail.com
INFO    2020-09-29 07:21:29,562 [TestNG-test=Test8-1] com.cpcommunity.PageObjects.BasePage  - Typing in : password entered the value as : Admin@123
INFO    2020-09-29 07:21:29,737 [TestNG-test=Test8-1] com.cpcommunity.PageObjects.BasePage  - Clicking on : Login
INFO    2020-09-29 07:21:36,523 [TestNG-test=Test8-1] com.cpcommunity.PageObjects.BasePage  - scrolling up vertically...
INFO    2020-09-29 07:21:41,569 [TestNG-test=Test8-1] com.cpcommunity.PageObjects.BasePage  - waiting for :[[ChromeDriver: chrome on XP (500dad0b92279c180bf8be2881fa3773)] -> xpath: //*[@id='navbar']//*[contains(text(),'Global Communities')]] for :18 seconds
INFO    2020-09-29 07:21:41,598 [TestNG-test=Test8-1] com.cpcommunity.PageObjects.BasePage  - [[ChromeDriver: chrome on XP (500dad0b92279c180bf8be2881fa3773)] -> xpath: //*[@id='navbar']//*[contains(text(),'Global Communities')]]is displayed
INFO    2020-09-29 07:21:43,658 [TestNG-test=Test8-1] com.cpcommunity.PageObjects.BasePage  - Clicking[[ChromeDriver: chrome on XP (500dad0b92279c180bf8be2881fa3773)] -> xpath: //*[@id='navbar']//*[contains(text(),'Global Communities')]]
INFO    2020-09-29 07:21:51,116 [TestNG-test=Test8-1] com.cpcommunity.PageObjects.BasePage  - Clicked[[ChromeDriver: chrome on XP (500dad0b92279c180bf8be2881fa3773)] -> xpath: //*[@id='navbar']//*[contains(text(),'Global Communities')]]
INFO    2020-09-29 07:21:54,273 [TestNG-test=Test8-1] com.cpcommunity.PageObjects.BasePage  - scrolling up vertically...
Date Format with dd MMMM yyyy : 29 Sep 2020
INFO    2020-09-29 07:21:59,375 [TestNG-test=Test8-1] com.cpcommunity.PageObjects.BasePage  - Typing in : search entered the value as : Community - 29 Sep 2020
INFO    2020-09-29 07:21:59,634 [TestNG-test=Test8-1] com.cpcommunity.PageObjects.BasePage  - Clicking on : search Btn
INFO    2020-09-29 07:22:01,799 [TestNG-test=Test8-1] com.cpcommunity.PageObjects.BasePage  - waiting for :[[ChromeDriver: chrome on XP (500dad0b92279c180bf8be2881fa3773)] -> xpath: //a[contains(text(),'Community - 29 Sep 2020')]] for :18 seconds
INFO    2020-09-29 07:22:01,813 [TestNG-test=Test8-1] com.cpcommunity.PageObjects.BasePage  - [[ChromeDriver: chrome on XP (500dad0b92279c180bf8be2881fa3773)] -> xpath: //a[contains(text(),'Community - 29 Sep 2020')]]is displayed
INFO    2020-09-29 07:22:03,813 [TestNG-test=Test8-1] com.cpcommunity.PageObjects.BasePage  - Clicking on : Accept Btn
]]></system-out>
    <system-err><![CDATA[Starting ChromeDriver 2.38.552522 (437e6fbedfa8762dec75e2c5b3ddb86763dc9dcb) on port 15755
Only local connections are allowed.
Sep 29, 2020 7:20:59 AM org.openqa.selenium.remote.ProtocolHandshake createSession
INFO: Detected dialect: OSS
Sep 29, 2020 7:21:05 AM org.openqa.selenium.remote.Augmenter extractRemoteWebDriver
WARNING: Augmenter should be applied to the instances of @Augmentable classes or previously augmented instances only (instance class was: class org.openqa.selenium.chrome.ChromeDriver)
Sep 29, 2020 7:21:07 AM org.openqa.selenium.remote.Augmenter extractRemoteWebDriver
WARNING: Augmenter should be applied to the instances of @Augmentable classes or previously augmented instances only (instance class was: class org.openqa.selenium.chrome.ChromeDriver)
Sep 29, 2020 7:21:09 AM org.openqa.selenium.remote.Augmenter extractRemoteWebDriver
WARNING: Augmenter should be applied to the instances of @Augmentable classes or previously augmented instances only (instance class was: class org.openqa.selenium.chrome.ChromeDriver)
Sep 29, 2020 7:21:22 AM org.openqa.selenium.remote.Augmenter extractRemoteWebDriver
WARNING: Augmenter should be applied to the instances of @Augmentable classes or previously augmented instances only (instance class was: class org.openqa.selenium.chrome.ChromeDriver)
Sep 29, 2020 7:21:23 AM org.openqa.selenium.remote.Augmenter extractRemoteWebDriver
WARNING: Augmenter should be applied to the instances of @Augmentable classes or previously augmented instances only (instance class was: class org.openqa.selenium.chrome.ChromeDriver)
Sep 29, 2020 7:21:33 AM org.openqa.selenium.remote.Augmenter extractRemoteWebDriver
WARNING: Augmenter should be applied to the instances of @Augmentable classes or previously augmented instances only (instance class was: class org.openqa.selenium.chrome.ChromeDriver)
Sep 29, 2020 7:21:34 AM org.openqa.selenium.remote.Augmenter extractRemoteWebDriver
WARNING: Augmenter should be applied to the instances of @Augmentable classes or previously augmented instances only (instance class was: class org.openqa.selenium.chrome.ChromeDriver)
Sep 29, 2020 7:21:35 AM org.openqa.selenium.remote.Augmenter extractRemoteWebDriver
WARNING: Augmenter should be applied to the instances of @Augmentable classes or previously augmented instances only (instance class was: class org.openqa.selenium.chrome.ChromeDriver)
Sep 29, 2020 7:21:52 AM org.openqa.selenium.remote.Augmenter extractRemoteWebDriver
WARNING: Augmenter should be applied to the instances of @Augmentable classes or previously augmented instances only (instance class was: class org.openqa.selenium.chrome.ChromeDriver)
Sep 29, 2020 7:21:53 AM org.openqa.selenium.remote.Augmenter extractRemoteWebDriver
WARNING: Augmenter should be applied to the instances of @Augmentable classes or previously augmented instances only (instance class was: class org.openqa.selenium.chrome.ChromeDriver)
]]></system-err>
  </testcase>
  <testcase name="TC041ToTC046" classname="com.cpcommunity.testScripts.community.TC041_Member_Reject_Community_request_from_My_Communities" time="71.728">
    <failure message="Expected condition failed: waiting for visibility of Proxy element for: AjaxElementLocator &apos;By.xpath: //*[contains(text(),&apos;MY ECOSYSTEM&apos;)]&apos; (tried for 30 second(s) with 500 milliseconds interval)" type="org.openqa.selenium.TimeoutException">org.openqa.selenium.TimeoutException: Expected condition failed: waiting for visibility of Proxy element for: AjaxElementLocator 'By.xpath: //*[contains(text(),'MY ECOSYSTEM')]' (tried for 30 second(s) with 500 milliseconds interval)
	at sun.reflect.GeneratedConstructorAccessor73.newInstance(Unknown Source)
	at sun.reflect.DelegatingConstructorAccessorImpl.newInstance(DelegatingConstructorAccessorImpl.java:45)
	at java.lang.reflect.Constructor.newInstance(Constructor.java:423)
	at org.openqa.selenium.remote.ErrorHandler.createThrowable(ErrorHandler.java:214)
	at org.openqa.selenium.remote.ErrorHandler.throwIfResponseFailed(ErrorHandler.java:166)
	at org.openqa.selenium.remote.http.JsonHttpResponseCodec.reconstructValue(JsonHttpResponseCodec.java:40)
	at org.openqa.selenium.remote.http.AbstractHttpResponseCodec.decode(AbstractHttpResponseCodec.java:80)
	at org.openqa.selenium.remote.http.AbstractHttpResponseCodec.decode(AbstractHttpResponseCodec.java:44)
	at org.openqa.selenium.remote.HttpCommandExecutor.execute(HttpCommandExecutor.java:158)
	at org.openqa.selenium.remote.service.DriverCommandExecutor.execute(DriverCommandExecutor.java:83)
	at org.openqa.selenium.remote.RemoteWebDriver.execute(RemoteWebDriver.java:548)
	at org.openqa.selenium.remote.RemoteWebDriver.findElement(RemoteWebDriver.java:322)
	at org.openqa.selenium.remote.RemoteWebDriver.findElementByXPath(RemoteWebDriver.java:424)
	at org.openqa.selenium.By$ByXPath.findElement(By.java:353)
	at org.openqa.selenium.remote.RemoteWebDriver.findElement(RemoteWebDriver.java:314)
	at org.openqa.selenium.support.pagefactory.DefaultElementLocator.findElement(DefaultElementLocator.java:69)
	at org.openqa.selenium.support.pagefactory.AjaxElementLocator.access$001(AjaxElementLocator.java:39)
	at org.openqa.selenium.support.pagefactory.AjaxElementLocator$SlowLoadingElement.isLoaded(AjaxElementLocator.java:194)
	at org.openqa.selenium.support.ui.SlowLoadableComponent.get(SlowLoadableComponent.java:78)
	at org.openqa.selenium.support.pagefactory.AjaxElementLocator.findElement(AjaxElementLocator.java:119)
	at org.openqa.selenium.support.pagefactory.internal.LocatingElementHandler.invoke(LocatingElementHandler.java:38)
	at com.sun.proxy.$Proxy9.isDisplayed(Unknown Source)
	at org.openqa.selenium.support.ui.ExpectedConditions.elementIfVisible(ExpectedConditions.java:315)
	at org.openqa.selenium.support.ui.ExpectedConditions.access$100(ExpectedConditions.java:44)
	at org.openqa.selenium.support.ui.ExpectedConditions$10.apply(ExpectedConditions.java:301)
	at org.openqa.selenium.support.ui.ExpectedConditions$10.apply(ExpectedConditions.java:298)
	at org.openqa.selenium.support.ui.FluentWait.until(FluentWait.java:260)
	at com.cpcommunity.PageObjects.BasePage.waitForPageToLoad(BasePage.java:94)
	at com.cpcommunity.PageObjects.BasePage.openPage(BasePage.java:80)
	at com.cpcommunity.PageObjects.LoginPage.loginToApplication(LoginPage.java:90)
	at com.cpcommunity.testScripts.community.TC041_Member_Reject_Community_request_from_My_Communities.TC041ToTC046(TC041_Member_Reject_Community_request_from_My_Communities.java:31)
</failure>
    <system-out><![CDATA[INFO    2020-09-29 07:22:08,140 [TestNG-test=Test8-5] com.cpcommunity.testScripts.community.BaseTest  - Test Execution Completed !!!
]]></system-out>
  </testcase>
  <testcase name="TC041ToTC046" classname="com.cpcommunity.testScripts.community.TC042_Member_Reject_community_Request_from_Community_details_page" time="5.788">
    <failure message="Expected condition failed: waiting for visibility of Proxy element for: AjaxElementLocator &apos;By.xpath: //*[contains(text(),&apos;MY ECOSYSTEM&apos;)]&apos; (tried for 30 second(s) with 500 milliseconds interval)" type="org.openqa.selenium.TimeoutException">org.openqa.selenium.TimeoutException: Expected condition failed: waiting for visibility of Proxy element for: AjaxElementLocator 'By.xpath: //*[contains(text(),'MY ECOSYSTEM')]' (tried for 30 second(s) with 500 milliseconds interval)
	at sun.reflect.GeneratedConstructorAccessor73.newInstance(Unknown Source)
	at sun.reflect.DelegatingConstructorAccessorImpl.newInstance(DelegatingConstructorAccessorImpl.java:45)
	at java.lang.reflect.Constructor.newInstance(Constructor.java:423)
	at org.openqa.selenium.remote.ErrorHandler.createThrowable(ErrorHandler.java:214)
	at org.openqa.selenium.remote.ErrorHandler.throwIfResponseFailed(ErrorHandler.java:166)
	at org.openqa.selenium.remote.http.JsonHttpResponseCodec.reconstructValue(JsonHttpResponseCodec.java:40)
	at org.openqa.selenium.remote.http.AbstractHttpResponseCodec.decode(AbstractHttpResponseCodec.java:80)
	at org.openqa.selenium.remote.http.AbstractHttpResponseCodec.decode(AbstractHttpResponseCodec.java:44)
	at org.openqa.selenium.remote.HttpCommandExecutor.execute(HttpCommandExecutor.java:158)
	at org.openqa.selenium.remote.service.DriverCommandExecutor.execute(DriverCommandExecutor.java:83)
	at org.openqa.selenium.remote.RemoteWebDriver.execute(RemoteWebDriver.java:548)
	at org.openqa.selenium.remote.RemoteWebDriver.findElement(RemoteWebDriver.java:322)
	at org.openqa.selenium.remote.RemoteWebDriver.findElementByXPath(RemoteWebDriver.java:424)
	at org.openqa.selenium.By$ByXPath.findElement(By.java:353)
	at org.openqa.selenium.remote.RemoteWebDriver.findElement(RemoteWebDriver.java:314)
	at org.openqa.selenium.support.pagefactory.DefaultElementLocator.findElement(DefaultElementLocator.java:69)
	at org.openqa.selenium.support.pagefactory.AjaxElementLocator.access$001(AjaxElementLocator.java:39)
	at org.openqa.selenium.support.pagefactory.AjaxElementLocator$SlowLoadingElement.isLoaded(AjaxElementLocator.java:194)
	at org.openqa.selenium.support.ui.SlowLoadableComponent.get(SlowLoadableComponent.java:78)
	at org.openqa.selenium.support.pagefactory.AjaxElementLocator.findElement(AjaxElementLocator.java:119)
	at org.openqa.selenium.support.pagefactory.internal.LocatingElementHandler.invoke(LocatingElementHandler.java:38)
	at com.sun.proxy.$Proxy9.isDisplayed(Unknown Source)
	at org.openqa.selenium.support.ui.ExpectedConditions.elementIfVisible(ExpectedConditions.java:315)
	at org.openqa.selenium.support.ui.ExpectedConditions.access$100(ExpectedConditions.java:44)
	at org.openqa.selenium.support.ui.ExpectedConditions$10.apply(ExpectedConditions.java:301)
	at org.openqa.selenium.support.ui.ExpectedConditions$10.apply(ExpectedConditions.java:298)
	at org.openqa.selenium.support.ui.FluentWait.until(FluentWait.java:260)
	at com.cpcommunity.PageObjects.BasePage.waitForPageToLoad(BasePage.java:94)
	at com.cpcommunity.PageObjects.BasePage.openPage(BasePage.java:80)
	at com.cpcommunity.PageObjects.LoginPage.loginToApplication(LoginPage.java:90)
	at com.cpcommunity.testScripts.community.TC042_Member_Reject_community_Request_from_Community_details_page.TC041ToTC046(TC042_Member_Reject_community_Request_from_Community_details_page.java:32)
</failure>
    <system-out><![CDATA[Total rows are : 1167
Test case starts from row num: 180
Total rows of data are : 1
Total cols are : 12
@TestCase : TC041ToTC046
INFO    2020-09-29 07:22:08,406 [TestNG-test=Test8-5] com.cpcommunity.testScripts.community.BaseTest  - Inside Login Test
Launching : chrome
INFO    2020-09-29 07:22:09,047 [TestNG-test=Test8-2] com.cpcommunity.testScripts.community.BaseTest  - Test Execution Completed !!!
Total rows are : 1167
Test case starts from row num: 145
Total rows of data are : 1
Total cols are : 7
@TestCase : TC063
INFO    2020-09-29 07:22:09,277 [TestNG-test=Test8-2] com.cpcommunity.testScripts.community.BaseTest  - Inside Login Test
Launching : chrome
ChromeDriver: chrome on XP (046094aaf815ca8bbbf3d961e12b697c)
046094aaf815ca8bbbf3d961e12b697c
INFO    2020-09-29 07:22:11,700 [TestNG-test=Test8-5] com.cpcommunity.testScripts.community.BaseTest  - Driver Initialized !!!
ChromeDriver: chrome on XP (0fd4e68bcf3ed086616b4f206dfd115e)
0fd4e68bcf3ed086616b4f206dfd115e
INFO    2020-09-29 07:22:13,020 [TestNG-test=Test8-2] com.cpcommunity.testScripts.community.BaseTest  - Driver Initialized !!!
]]></system-out>
    <system-err><![CDATA[Starting ChromeDriver 2.38.552522 (437e6fbedfa8762dec75e2c5b3ddb86763dc9dcb) on port 17361
Only local connections are allowed.
Starting ChromeDriver 2.38.552522 (437e6fbedfa8762dec75e2c5b3ddb86763dc9dcb) on port 6567
Only local connections are allowed.
Sep 29, 2020 7:22:11 AM org.openqa.selenium.remote.ProtocolHandshake createSession
INFO: Detected dialect: OSS
Sep 29, 2020 7:22:13 AM org.openqa.selenium.remote.ProtocolHandshake createSession
INFO: Detected dialect: OSS
]]></system-err>
  </testcase>
  <testcase name="TC041ToTC046" classname="com.cpcommunity.testScripts.community.TC043_Member_Reject_Community_Request_From_Global_Community" time="4.466">
    <failure message="Expected condition failed: waiting for visibility of Proxy element for: AjaxElementLocator &apos;By.xpath: //*[contains(text(),&apos;MY ECOSYSTEM&apos;)]&apos; (tried for 30 second(s) with 500 milliseconds interval)" type="org.openqa.selenium.TimeoutException">org.openqa.selenium.TimeoutException: Expected condition failed: waiting for visibility of Proxy element for: AjaxElementLocator 'By.xpath: //*[contains(text(),'MY ECOSYSTEM')]' (tried for 30 second(s) with 500 milliseconds interval)
	at sun.reflect.GeneratedConstructorAccessor73.newInstance(Unknown Source)
	at sun.reflect.DelegatingConstructorAccessorImpl.newInstance(DelegatingConstructorAccessorImpl.java:45)
	at java.lang.reflect.Constructor.newInstance(Constructor.java:423)
	at org.openqa.selenium.remote.ErrorHandler.createThrowable(ErrorHandler.java:214)
	at org.openqa.selenium.remote.ErrorHandler.throwIfResponseFailed(ErrorHandler.java:166)
	at org.openqa.selenium.remote.http.JsonHttpResponseCodec.reconstructValue(JsonHttpResponseCodec.java:40)
	at org.openqa.selenium.remote.http.AbstractHttpResponseCodec.decode(AbstractHttpResponseCodec.java:80)
	at org.openqa.selenium.remote.http.AbstractHttpResponseCodec.decode(AbstractHttpResponseCodec.java:44)
	at org.openqa.selenium.remote.HttpCommandExecutor.execute(HttpCommandExecutor.java:158)
	at org.openqa.selenium.remote.service.DriverCommandExecutor.execute(DriverCommandExecutor.java:83)
	at org.openqa.selenium.remote.RemoteWebDriver.execute(RemoteWebDriver.java:548)
	at org.openqa.selenium.remote.RemoteWebDriver.findElement(RemoteWebDriver.java:322)
	at org.openqa.selenium.remote.RemoteWebDriver.findElementByXPath(RemoteWebDriver.java:424)
	at org.openqa.selenium.By$ByXPath.findElement(By.java:353)
	at org.openqa.selenium.remote.RemoteWebDriver.findElement(RemoteWebDriver.java:314)
	at org.openqa.selenium.support.pagefactory.DefaultElementLocator.findElement(DefaultElementLocator.java:69)
	at org.openqa.selenium.support.pagefactory.AjaxElementLocator.access$001(AjaxElementLocator.java:39)
	at org.openqa.selenium.support.pagefactory.AjaxElementLocator$SlowLoadingElement.isLoaded(AjaxElementLocator.java:194)
	at org.openqa.selenium.support.ui.SlowLoadableComponent.get(SlowLoadableComponent.java:78)
	at org.openqa.selenium.support.pagefactory.AjaxElementLocator.findElement(AjaxElementLocator.java:119)
	at org.openqa.selenium.support.pagefactory.internal.LocatingElementHandler.invoke(LocatingElementHandler.java:38)
	at com.sun.proxy.$Proxy9.isDisplayed(Unknown Source)
	at org.openqa.selenium.support.ui.ExpectedConditions.elementIfVisible(ExpectedConditions.java:315)
	at org.openqa.selenium.support.ui.ExpectedConditions.access$100(ExpectedConditions.java:44)
	at org.openqa.selenium.support.ui.ExpectedConditions$10.apply(ExpectedConditions.java:301)
	at org.openqa.selenium.support.ui.ExpectedConditions$10.apply(ExpectedConditions.java:298)
	at org.openqa.selenium.support.ui.FluentWait.until(FluentWait.java:260)
	at com.cpcommunity.PageObjects.BasePage.waitForPageToLoad(BasePage.java:94)
	at com.cpcommunity.PageObjects.BasePage.openPage(BasePage.java:80)
	at com.cpcommunity.PageObjects.LoginPage.loginToApplication(LoginPage.java:90)
	at com.cpcommunity.testScripts.community.TC043_Member_Reject_Community_Request_From_Global_Community.TC041ToTC046(TC043_Member_Reject_Community_Request_From_Global_Community.java:33)
</failure>
    <system-out><![CDATA[INFO    2020-09-29 07:22:16,057 [TestNG-test=Test8-3] com.cpcommunity.testScripts.community.BaseTest  - Test Execution Completed !!!
Total rows are : 1167
Test case starts from row num: 401
Total rows of data are : 1
Total cols are : 6
@TestCase : TC075
INFO    2020-09-29 07:22:16,395 [TestNG-test=Test8-3] com.cpcommunity.testScripts.community.BaseTest  - Inside Login Test
Launching : chrome
Page Opened
Page Opened
]]></system-out>
    <system-err><![CDATA[Starting ChromeDriver 2.38.552522 (437e6fbedfa8762dec75e2c5b3ddb86763dc9dcb) on port 13429
Only local connections are allowed.
Sep 29, 2020 7:22:20 AM org.openqa.selenium.remote.Augmenter extractRemoteWebDriver
WARNING: Augmenter should be applied to the instances of @Augmentable classes or previously augmented instances only (instance class was: class org.openqa.selenium.chrome.ChromeDriver)
Sep 29, 2020 7:22:20 AM org.openqa.selenium.remote.Augmenter extractRemoteWebDriver
WARNING: Augmenter should be applied to the instances of @Augmentable classes or previously augmented instances only (instance class was: class org.openqa.selenium.chrome.ChromeDriver)
]]></system-err>
  </testcase>
  <testcase name="TC041ToTC046" classname="com.cpcommunity.testScripts.community.TC045_Member_Accept_Community_Request_From_Global_Community" time="44.53">
    <failure message="Timed out after 20 seconds. Unable to locate the element" type="org.openqa.selenium.NoSuchElementException">org.openqa.selenium.NoSuchElementException: Timed out after 20 seconds. Unable to locate the element
	at sun.reflect.GeneratedConstructorAccessor73.newInstance(Unknown Source)
	at sun.reflect.DelegatingConstructorAccessorImpl.newInstance(DelegatingConstructorAccessorImpl.java:45)
	at java.lang.reflect.Constructor.newInstance(Constructor.java:423)
	at org.openqa.selenium.remote.ErrorHandler.createThrowable(ErrorHandler.java:214)
	at org.openqa.selenium.remote.ErrorHandler.throwIfResponseFailed(ErrorHandler.java:166)
	at org.openqa.selenium.remote.http.JsonHttpResponseCodec.reconstructValue(JsonHttpResponseCodec.java:40)
	at org.openqa.selenium.remote.http.AbstractHttpResponseCodec.decode(AbstractHttpResponseCodec.java:80)
	at org.openqa.selenium.remote.http.AbstractHttpResponseCodec.decode(AbstractHttpResponseCodec.java:44)
	at org.openqa.selenium.remote.HttpCommandExecutor.execute(HttpCommandExecutor.java:158)
	at org.openqa.selenium.remote.service.DriverCommandExecutor.execute(DriverCommandExecutor.java:83)
	at org.openqa.selenium.remote.RemoteWebDriver.execute(RemoteWebDriver.java:548)
	at org.openqa.selenium.remote.RemoteWebDriver.findElement(RemoteWebDriver.java:322)
	at org.openqa.selenium.remote.RemoteWebDriver.findElementByXPath(RemoteWebDriver.java:424)
	at org.openqa.selenium.By$ByXPath.findElement(By.java:353)
	at org.openqa.selenium.remote.RemoteWebDriver.findElement(RemoteWebDriver.java:314)
	at org.openqa.selenium.support.pagefactory.DefaultElementLocator.findElement(DefaultElementLocator.java:69)
	at org.openqa.selenium.support.pagefactory.AjaxElementLocator.access$001(AjaxElementLocator.java:39)
	at org.openqa.selenium.support.pagefactory.AjaxElementLocator$SlowLoadingElement.isLoaded(AjaxElementLocator.java:194)
	at org.openqa.selenium.support.ui.SlowLoadableComponent.get(SlowLoadableComponent.java:78)
	at org.openqa.selenium.support.pagefactory.AjaxElementLocator.findElement(AjaxElementLocator.java:119)
	at org.openqa.selenium.support.pagefactory.internal.LocatingElementHandler.invoke(LocatingElementHandler.java:38)
	at com.sun.proxy.$Proxy9.getWrappedElement(Unknown Source)
	at org.openqa.selenium.remote.internal.WebElementToJsonConverter.apply(WebElementToJsonConverter.java:50)
	at java.util.stream.ReferencePipeline$3$1.accept(ReferencePipeline.java:193)
	at java.util.Spliterators$ArraySpliterator.forEachRemaining(Spliterators.java:948)
	at java.util.stream.AbstractPipeline.copyInto(AbstractPipeline.java:482)
	at java.util.stream.AbstractPipeline.wrapAndCopyInto(AbstractPipeline.java:472)
	at java.util.stream.ReduceOps$ReduceOp.evaluateSequential(ReduceOps.java:708)
	at java.util.stream.AbstractPipeline.evaluate(AbstractPipeline.java:234)
	at java.util.stream.ReferencePipeline.collect(ReferencePipeline.java:499)
	at org.openqa.selenium.remote.RemoteWebDriver.executeScript(RemoteWebDriver.java:480)
	at com.cpcommunity.PageObjects.BasePage.highlightElement(BasePage.java:512)
	at com.cpcommunity.PageObjects.BasePage.click(BasePage.java:197)
	at com.cpcommunity.PageObjects.GlobalCommunitesPage.acceptCommunity(GlobalCommunitesPage.java:311)
	at com.cpcommunity.testScripts.community.TC045_Member_Accept_Community_Request_From_Global_Community.TC041ToTC046(TC045_Member_Accept_Community_Request_From_Global_Community.java:34)
</failure>
    <system-out><![CDATA[ChromeDriver: chrome on XP (9ec16a1394d571b8770dbdce488adcbb)
9ec16a1394d571b8770dbdce488adcbb
INFO    2020-09-29 07:22:21,193 [TestNG-test=Test8-3] com.cpcommunity.testScripts.community.BaseTest  - Driver Initialized !!!
INFO    2020-09-29 07:22:22,239 [TestNG-test=Test8-4] com.cpcommunity.testScripts.community.BaseTest  - Test Execution Completed !!!
Total rows are : 1167
Test case starts from row num: 415
Total rows of data are : 1
Total cols are : 6
@TestCase : TC077
INFO    2020-09-29 07:22:22,383 [TestNG-test=Test8-4] com.cpcommunity.testScripts.community.BaseTest  - Inside Login Test
Launching : chrome
INFO    2020-09-29 07:22:25,691 [TestNG-test=Test8-2] com.cpcommunity.PageObjects.BasePage  - scrolling up vertically...
INFO    2020-09-29 07:22:25,896 [TestNG-test=Test8-5] com.cpcommunity.PageObjects.BasePage  - scrolling up vertically...
ChromeDriver: chrome on XP (cfa9c28069afdee0aaf67a7ca0aa954b)
cfa9c28069afdee0aaf67a7ca0aa954b
INFO    2020-09-29 07:22:26,098 [TestNG-test=Test8-4] com.cpcommunity.testScripts.community.BaseTest  - Driver Initialized !!!
Page Opened
INFO    2020-09-29 07:22:30,766 [TestNG-test=Test8-2] com.cpcommunity.PageObjects.BasePage  - waiting for :[[ChromeDriver: chrome on XP (0fd4e68bcf3ed086616b4f206dfd115e)] -> xpath: //a[contains(.,'Login')]] for :18 seconds
INFO    2020-09-29 07:22:30,857 [TestNG-test=Test8-2] com.cpcommunity.PageObjects.BasePage  - [[ChromeDriver: chrome on XP (0fd4e68bcf3ed086616b4f206dfd115e)] -> xpath: //a[contains(.,'Login')]]is displayed
INFO    2020-09-29 07:22:31,152 [TestNG-test=Test8-5] com.cpcommunity.PageObjects.BasePage  - waiting for :[[ChromeDriver: chrome on XP (046094aaf815ca8bbbf3d961e12b697c)] -> xpath: //a[contains(.,'Login')]] for :18 seconds
INFO    2020-09-29 07:22:31,267 [TestNG-test=Test8-5] com.cpcommunity.PageObjects.BasePage  - [[ChromeDriver: chrome on XP (046094aaf815ca8bbbf3d961e12b697c)] -> xpath: //a[contains(.,'Login')]]is displayed
Page Opened
INFO    2020-09-29 07:22:32,203 [TestNG-test=Test8-3] com.cpcommunity.PageObjects.BasePage  - scrolling up vertically...
INFO    2020-09-29 07:22:33,858 [TestNG-test=Test8-2] com.cpcommunity.PageObjects.BasePage  - Clicking on : LOGIN
INFO    2020-09-29 07:22:34,268 [TestNG-test=Test8-5] com.cpcommunity.PageObjects.BasePage  - Clicking on : LOGIN
INFO    2020-09-29 07:22:37,277 [TestNG-test=Test8-3] com.cpcommunity.PageObjects.BasePage  - waiting for :[[ChromeDriver: chrome on XP (9ec16a1394d571b8770dbdce488adcbb)] -> xpath: //a[contains(.,'Login')]] for :18 seconds
INFO    2020-09-29 07:22:37,316 [TestNG-test=Test8-3] com.cpcommunity.PageObjects.BasePage  - [[ChromeDriver: chrome on XP (9ec16a1394d571b8770dbdce488adcbb)] -> xpath: //a[contains(.,'Login')]]is displayed
INFO    2020-09-29 07:22:38,996 [TestNG-test=Test8-4] com.cpcommunity.PageObjects.BasePage  - scrolling up vertically...
INFO    2020-09-29 07:22:40,317 [TestNG-test=Test8-3] com.cpcommunity.PageObjects.BasePage  - Clicking on : LOGIN
ChromeDriver: chrome on XP (0fd4e68bcf3ed086616b4f206dfd115e)Login Page
ChromeDriver: chrome on XP (046094aaf815ca8bbbf3d961e12b697c)Login Page
ChromeDriver: chrome on XP (9ec16a1394d571b8770dbdce488adcbb)Login Page
INFO    2020-09-29 07:22:44,055 [TestNG-test=Test8-4] com.cpcommunity.PageObjects.BasePage  - waiting for :[[ChromeDriver: chrome on XP (cfa9c28069afdee0aaf67a7ca0aa954b)] -> xpath: //a[contains(.,'Login')]] for :18 seconds
INFO    2020-09-29 07:22:44,082 [TestNG-test=Test8-4] com.cpcommunity.PageObjects.BasePage  - [[ChromeDriver: chrome on XP (cfa9c28069afdee0aaf67a7ca0aa954b)] -> xpath: //a[contains(.,'Login')]]is displayed
INFO    2020-09-29 07:22:44,772 [TestNG-test=Test8-2] com.cpcommunity.PageObjects.BasePage  - scrolling up vertically...
INFO    2020-09-29 07:22:45,525 [TestNG-test=Test8-5] com.cpcommunity.PageObjects.BasePage  - scrolling up vertically...
INFO    2020-09-29 07:22:47,066 [TestNG-test=Test8-3] com.cpcommunity.PageObjects.BasePage  - scrolling up vertically...
INFO    2020-09-29 07:22:47,083 [TestNG-test=Test8-4] com.cpcommunity.PageObjects.BasePage  - Clicking on : LOGIN
INFO    2020-09-29 07:22:49,800 [TestNG-test=Test8-2] com.cpcommunity.PageObjects.BasePage  - Typing in : email address entered the value as : jennings.lampbell@gmail.com
ChromeDriver: chrome on XP (cfa9c28069afdee0aaf67a7ca0aa954b)Login Page
INFO    2020-09-29 07:22:50,532 [TestNG-test=Test8-5] com.cpcommunity.PageObjects.BasePage  - Typing in : email address entered the value as : nancykemper463@gmail.com
INFO    2020-09-29 07:22:50,593 [TestNG-test=Test8-2] com.cpcommunity.PageObjects.BasePage  - Typing in : password entered the value as : Admin@123
INFO    2020-09-29 07:22:51,102 [TestNG-test=Test8-2] com.cpcommunity.PageObjects.BasePage  - Clicking on : Login
INFO    2020-09-29 07:22:51,777 [TestNG-test=Test8-5] com.cpcommunity.PageObjects.BasePage  - Typing in : password entered the value as : Admin@123
INFO    2020-09-29 07:22:52,079 [TestNG-test=Test8-3] com.cpcommunity.PageObjects.BasePage  - Typing in : email address entered the value as : indiaaustralia0@gmail.com
INFO    2020-09-29 07:22:52,297 [TestNG-test=Test8-5] com.cpcommunity.PageObjects.BasePage  - Clicking on : Login
INFO    2020-09-29 07:22:53,913 [TestNG-test=Test8-4] com.cpcommunity.PageObjects.BasePage  - scrolling up vertically...
INFO    2020-09-29 07:22:54,063 [TestNG-test=Test8-3] com.cpcommunity.PageObjects.BasePage  - Typing in : password entered the value as : Admin@123
INFO    2020-09-29 07:22:55,094 [TestNG-test=Test8-3] com.cpcommunity.PageObjects.BasePage  - Clicking on : Login
INFO    2020-09-29 07:22:59,061 [TestNG-test=Test8-4] com.cpcommunity.PageObjects.BasePage  - Typing in : email address entered the value as : eaglelier@gmail.com
INFO    2020-09-29 07:22:59,998 [TestNG-test=Test8-4] com.cpcommunity.PageObjects.BasePage  - Typing in : password entered the value as : Admin@123
INFO    2020-09-29 07:23:01,421 [TestNG-test=Test8-4] com.cpcommunity.PageObjects.BasePage  - Clicking on : Login
INFO    2020-09-29 07:23:03,207 [TestNG-test=Test8-5] com.cpcommunity.PageObjects.BasePage  - scrolling up vertically...
]]></system-out>
    <system-err><![CDATA[Sep 29, 2020 7:22:21 AM org.openqa.selenium.remote.ProtocolHandshake createSession
INFO: Detected dialect: OSS
Starting ChromeDriver 2.38.552522 (437e6fbedfa8762dec75e2c5b3ddb86763dc9dcb) on port 46808
Only local connections are allowed.
Sep 29, 2020 7:22:22 AM org.openqa.selenium.remote.Augmenter extractRemoteWebDriver
WARNING: Augmenter should be applied to the instances of @Augmentable classes or previously augmented instances only (instance class was: class org.openqa.selenium.chrome.ChromeDriver)
Sep 29, 2020 7:22:22 AM org.openqa.selenium.remote.Augmenter extractRemoteWebDriver
WARNING: Augmenter should be applied to the instances of @Augmentable classes or previously augmented instances only (instance class was: class org.openqa.selenium.chrome.ChromeDriver)
Sep 29, 2020 7:22:24 AM org.openqa.selenium.remote.Augmenter extractRemoteWebDriver
WARNING: Augmenter should be applied to the instances of @Augmentable classes or previously augmented instances only (instance class was: class org.openqa.selenium.chrome.ChromeDriver)
Sep 29, 2020 7:22:24 AM org.openqa.selenium.remote.Augmenter extractRemoteWebDriver
WARNING: Augmenter should be applied to the instances of @Augmentable classes or previously augmented instances only (instance class was: class org.openqa.selenium.chrome.ChromeDriver)
Sep 29, 2020 7:22:26 AM org.openqa.selenium.remote.ProtocolHandshake createSession
INFO: Detected dialect: OSS
Sep 29, 2020 7:22:27 AM org.openqa.selenium.remote.Augmenter extractRemoteWebDriver
WARNING: Augmenter should be applied to the instances of @Augmentable classes or previously augmented instances only (instance class was: class org.openqa.selenium.chrome.ChromeDriver)
Sep 29, 2020 7:22:29 AM org.openqa.selenium.remote.Augmenter extractRemoteWebDriver
WARNING: Augmenter should be applied to the instances of @Augmentable classes or previously augmented instances only (instance class was: class org.openqa.selenium.chrome.ChromeDriver)
Sep 29, 2020 7:22:31 AM org.openqa.selenium.remote.Augmenter extractRemoteWebDriver
WARNING: Augmenter should be applied to the instances of @Augmentable classes or previously augmented instances only (instance class was: class org.openqa.selenium.chrome.ChromeDriver)
Sep 29, 2020 7:22:33 AM org.openqa.selenium.remote.Augmenter extractRemoteWebDriver
WARNING: Augmenter should be applied to the instances of @Augmentable classes or previously augmented instances only (instance class was: class org.openqa.selenium.chrome.ChromeDriver)
Sep 29, 2020 7:22:35 AM org.openqa.selenium.remote.Augmenter extractRemoteWebDriver
WARNING: Augmenter should be applied to the instances of @Augmentable classes or previously augmented instances only (instance class was: class org.openqa.selenium.chrome.ChromeDriver)
Sep 29, 2020 7:22:37 AM org.openqa.selenium.remote.Augmenter extractRemoteWebDriver
WARNING: Augmenter should be applied to the instances of @Augmentable classes or previously augmented instances only (instance class was: class org.openqa.selenium.chrome.ChromeDriver)
Sep 29, 2020 7:22:42 AM org.openqa.selenium.remote.Augmenter extractRemoteWebDriver
WARNING: Augmenter should be applied to the instances of @Augmentable classes or previously augmented instances only (instance class was: class org.openqa.selenium.chrome.ChromeDriver)
Sep 29, 2020 7:22:43 AM org.openqa.selenium.remote.Augmenter extractRemoteWebDriver
WARNING: Augmenter should be applied to the instances of @Augmentable classes or previously augmented instances only (instance class was: class org.openqa.selenium.chrome.ChromeDriver)
Sep 29, 2020 7:22:44 AM org.openqa.selenium.remote.Augmenter extractRemoteWebDriver
WARNING: Augmenter should be applied to the instances of @Augmentable classes or previously augmented instances only (instance class was: class org.openqa.selenium.chrome.ChromeDriver)
Sep 29, 2020 7:22:44 AM org.openqa.selenium.remote.Augmenter extractRemoteWebDriver
WARNING: Augmenter should be applied to the instances of @Augmentable classes or previously augmented instances only (instance class was: class org.openqa.selenium.chrome.ChromeDriver)
Sep 29, 2020 7:22:44 AM org.openqa.selenium.remote.Augmenter extractRemoteWebDriver
WARNING: Augmenter should be applied to the instances of @Augmentable classes or previously augmented instances only (instance class was: class org.openqa.selenium.chrome.ChromeDriver)
Sep 29, 2020 7:22:46 AM org.openqa.selenium.remote.Augmenter extractRemoteWebDriver
WARNING: Augmenter should be applied to the instances of @Augmentable classes or previously augmented instances only (instance class was: class org.openqa.selenium.chrome.ChromeDriver)
Sep 29, 2020 7:22:51 AM org.openqa.selenium.remote.Augmenter extractRemoteWebDriver
WARNING: Augmenter should be applied to the instances of @Augmentable classes or previously augmented instances only (instance class was: class org.openqa.selenium.chrome.ChromeDriver)
Sep 29, 2020 7:22:53 AM org.openqa.selenium.remote.Augmenter extractRemoteWebDriver
WARNING: Augmenter should be applied to the instances of @Augmentable classes or previously augmented instances only (instance class was: class org.openqa.selenium.chrome.ChromeDriver)
Sep 29, 2020 7:22:57 AM org.openqa.selenium.remote.Augmenter extractRemoteWebDriver
WARNING: Augmenter should be applied to the instances of @Augmentable classes or previously augmented instances only (instance class was: class org.openqa.selenium.chrome.ChromeDriver)
Sep 29, 2020 7:22:58 AM org.openqa.selenium.remote.Augmenter extractRemoteWebDriver
WARNING: Augmenter should be applied to the instances of @Augmentable classes or previously augmented instances only (instance class was: class org.openqa.selenium.chrome.ChromeDriver)
Sep 29, 2020 7:23:00 AM org.openqa.selenium.remote.Augmenter extractRemoteWebDriver
WARNING: Augmenter should be applied to the instances of @Augmentable classes or previously augmented instances only (instance class was: class org.openqa.selenium.chrome.ChromeDriver)
Sep 29, 2020 7:23:02 AM org.openqa.selenium.remote.Augmenter extractRemoteWebDriver
WARNING: Augmenter should be applied to the instances of @Augmentable classes or previously augmented instances only (instance class was: class org.openqa.selenium.chrome.ChromeDriver)
]]></system-err>
  </testcase>
  <testcase name="TC125" classname="com.cpcommunity.testScripts.community.TC125_Member_Cancel_Created_Community_Request" time="82.374"/>
  <testcase name="TC063" classname="com.cpcommunity.testScripts.community.TC063_Member_to_Join_Private_Communities_From_Community_Details" time="21.23">
    <failure message="Expected condition failed: waiting for visibility of Proxy element for: AjaxElementLocator &apos;By.xpath: //*[contains(text(),&apos;MY ECOSYSTEM&apos;)]&apos; (tried for 30 second(s) with 500 milliseconds interval)" type="org.openqa.selenium.TimeoutException">org.openqa.selenium.TimeoutException: Expected condition failed: waiting for visibility of Proxy element for: AjaxElementLocator 'By.xpath: //*[contains(text(),'MY ECOSYSTEM')]' (tried for 30 second(s) with 500 milliseconds interval)
	at sun.reflect.GeneratedConstructorAccessor73.newInstance(Unknown Source)
	at sun.reflect.DelegatingConstructorAccessorImpl.newInstance(DelegatingConstructorAccessorImpl.java:45)
	at java.lang.reflect.Constructor.newInstance(Constructor.java:423)
	at org.openqa.selenium.remote.ErrorHandler.createThrowable(ErrorHandler.java:214)
	at org.openqa.selenium.remote.ErrorHandler.throwIfResponseFailed(ErrorHandler.java:166)
	at org.openqa.selenium.remote.http.JsonHttpResponseCodec.reconstructValue(JsonHttpResponseCodec.java:40)
	at org.openqa.selenium.remote.http.AbstractHttpResponseCodec.decode(AbstractHttpResponseCodec.java:80)
	at org.openqa.selenium.remote.http.AbstractHttpResponseCodec.decode(AbstractHttpResponseCodec.java:44)
	at org.openqa.selenium.remote.HttpCommandExecutor.execute(HttpCommandExecutor.java:158)
	at org.openqa.selenium.remote.service.DriverCommandExecutor.execute(DriverCommandExecutor.java:83)
	at org.openqa.selenium.remote.RemoteWebDriver.execute(RemoteWebDriver.java:548)
	at org.openqa.selenium.remote.RemoteWebDriver.findElement(RemoteWebDriver.java:322)
	at org.openqa.selenium.remote.RemoteWebDriver.findElementByXPath(RemoteWebDriver.java:424)
	at org.openqa.selenium.By$ByXPath.findElement(By.java:353)
	at org.openqa.selenium.remote.RemoteWebDriver.findElement(RemoteWebDriver.java:314)
	at org.openqa.selenium.support.pagefactory.DefaultElementLocator.findElement(DefaultElementLocator.java:69)
	at org.openqa.selenium.support.pagefactory.AjaxElementLocator.access$001(AjaxElementLocator.java:39)
	at org.openqa.selenium.support.pagefactory.AjaxElementLocator$SlowLoadingElement.isLoaded(AjaxElementLocator.java:194)
	at org.openqa.selenium.support.ui.SlowLoadableComponent.get(SlowLoadableComponent.java:78)
	at org.openqa.selenium.support.pagefactory.AjaxElementLocator.findElement(AjaxElementLocator.java:119)
	at org.openqa.selenium.support.pagefactory.internal.LocatingElementHandler.invoke(LocatingElementHandler.java:38)
	at com.sun.proxy.$Proxy9.isDisplayed(Unknown Source)
	at org.openqa.selenium.support.ui.ExpectedConditions.elementIfVisible(ExpectedConditions.java:315)
	at org.openqa.selenium.support.ui.ExpectedConditions.access$100(ExpectedConditions.java:44)
	at org.openqa.selenium.support.ui.ExpectedConditions$10.apply(ExpectedConditions.java:301)
	at org.openqa.selenium.support.ui.ExpectedConditions$10.apply(ExpectedConditions.java:298)
	at org.openqa.selenium.support.ui.FluentWait.until(FluentWait.java:260)
	at com.cpcommunity.PageObjects.BasePage.waitForPageToLoad(BasePage.java:94)
	at com.cpcommunity.PageObjects.BasePage.openPage(BasePage.java:80)
	at com.cpcommunity.PageObjects.LoginPage.loginToApplication(LoginPage.java:90)
	at com.cpcommunity.testScripts.community.TC063_Member_to_Join_Private_Communities_From_Community_Details.TC063(TC063_Member_to_Join_Private_Communities_From_Community_Details.java:33)
</failure>
    <system-out><![CDATA[INFO    2020-09-29 07:24:31,972 [TestNG-test=Test8-1] com.cpcommunity.testScripts.community.BaseTest  - Test Execution Completed !!!
Total rows are : 1167
Test case starts from row num: 756
Total rows of data are : 1
Total cols are : 16
@TestCase : TC132
INFO    2020-09-29 07:24:32,109 [TestNG-test=Test8-1] com.cpcommunity.testScripts.community.BaseTest  - Inside Login Test
Launching : chrome
ChromeDriver: chrome on XP (63a0f78a63aeb498522abea288ce2f15)
63a0f78a63aeb498522abea288ce2f15
INFO    2020-09-29 07:24:36,120 [TestNG-test=Test8-1] com.cpcommunity.testScripts.community.BaseTest  - Driver Initialized !!!
Page Opened
INFO    2020-09-29 07:24:46,701 [TestNG-test=Test8-1] com.cpcommunity.PageObjects.BasePage  - scrolling up vertically...
INFO    2020-09-29 07:24:51,774 [TestNG-test=Test8-1] com.cpcommunity.PageObjects.BasePage  - waiting for :[[ChromeDriver: chrome on XP (63a0f78a63aeb498522abea288ce2f15)] -> xpath: //a[contains(.,'Login')]] for :18 seconds
INFO    2020-09-29 07:24:51,807 [TestNG-test=Test8-1] com.cpcommunity.PageObjects.BasePage  - [[ChromeDriver: chrome on XP (63a0f78a63aeb498522abea288ce2f15)] -> xpath: //a[contains(.,'Login')]]is displayed
]]></system-out>
    <system-err><![CDATA[Starting ChromeDriver 2.38.552522 (437e6fbedfa8762dec75e2c5b3ddb86763dc9dcb) on port 29669
Only local connections are allowed.
Sep 29, 2020 7:24:36 AM org.openqa.selenium.remote.ProtocolHandshake createSession
INFO: Detected dialect: OSS
Sep 29, 2020 7:24:41 AM org.openqa.selenium.remote.Augmenter extractRemoteWebDriver
WARNING: Augmenter should be applied to the instances of @Augmentable classes or previously augmented instances only (instance class was: class org.openqa.selenium.chrome.ChromeDriver)
Sep 29, 2020 7:24:43 AM org.openqa.selenium.remote.Augmenter extractRemoteWebDriver
WARNING: Augmenter should be applied to the instances of @Augmentable classes or previously augmented instances only (instance class was: class org.openqa.selenium.chrome.ChromeDriver)
Sep 29, 2020 7:24:45 AM org.openqa.selenium.remote.Augmenter extractRemoteWebDriver
WARNING: Augmenter should be applied to the instances of @Augmentable classes or previously augmented instances only (instance class was: class org.openqa.selenium.chrome.ChromeDriver)
]]></system-err>
  </testcase>
  <testcase name="TC075" classname="com.cpcommunity.testScripts.community.TC075_Member_Cancel_Community_Join_Request_from_My_Communities________" time="3.182">
    <failure message="Expected condition failed: waiting for visibility of Proxy element for: AjaxElementLocator &apos;By.xpath: //*[contains(text(),&apos;MY ECOSYSTEM&apos;)]&apos; (tried for 30 second(s) with 500 milliseconds interval)" type="org.openqa.selenium.TimeoutException">org.openqa.selenium.TimeoutException: Expected condition failed: waiting for visibility of Proxy element for: AjaxElementLocator 'By.xpath: //*[contains(text(),'MY ECOSYSTEM')]' (tried for 30 second(s) with 500 milliseconds interval)
	at sun.reflect.GeneratedConstructorAccessor73.newInstance(Unknown Source)
	at sun.reflect.DelegatingConstructorAccessorImpl.newInstance(DelegatingConstructorAccessorImpl.java:45)
	at java.lang.reflect.Constructor.newInstance(Constructor.java:423)
	at org.openqa.selenium.remote.ErrorHandler.createThrowable(ErrorHandler.java:214)
	at org.openqa.selenium.remote.ErrorHandler.throwIfResponseFailed(ErrorHandler.java:166)
	at org.openqa.selenium.remote.http.JsonHttpResponseCodec.reconstructValue(JsonHttpResponseCodec.java:40)
	at org.openqa.selenium.remote.http.AbstractHttpResponseCodec.decode(AbstractHttpResponseCodec.java:80)
	at org.openqa.selenium.remote.http.AbstractHttpResponseCodec.decode(AbstractHttpResponseCodec.java:44)
	at org.openqa.selenium.remote.HttpCommandExecutor.execute(HttpCommandExecutor.java:158)
	at org.openqa.selenium.remote.service.DriverCommandExecutor.execute(DriverCommandExecutor.java:83)
	at org.openqa.selenium.remote.RemoteWebDriver.execute(RemoteWebDriver.java:548)
	at org.openqa.selenium.remote.RemoteWebDriver.findElement(RemoteWebDriver.java:322)
	at org.openqa.selenium.remote.RemoteWebDriver.findElementByXPath(RemoteWebDriver.java:424)
	at org.openqa.selenium.By$ByXPath.findElement(By.java:353)
	at org.openqa.selenium.remote.RemoteWebDriver.findElement(RemoteWebDriver.java:314)
	at org.openqa.selenium.support.pagefactory.DefaultElementLocator.findElement(DefaultElementLocator.java:69)
	at org.openqa.selenium.support.pagefactory.AjaxElementLocator.access$001(AjaxElementLocator.java:39)
	at org.openqa.selenium.support.pagefactory.AjaxElementLocator$SlowLoadingElement.isLoaded(AjaxElementLocator.java:194)
	at org.openqa.selenium.support.ui.SlowLoadableComponent.get(SlowLoadableComponent.java:78)
	at org.openqa.selenium.support.pagefactory.AjaxElementLocator.findElement(AjaxElementLocator.java:119)
	at org.openqa.selenium.support.pagefactory.internal.LocatingElementHandler.invoke(LocatingElementHandler.java:38)
	at com.sun.proxy.$Proxy9.isDisplayed(Unknown Source)
	at org.openqa.selenium.support.ui.ExpectedConditions.elementIfVisible(ExpectedConditions.java:315)
	at org.openqa.selenium.support.ui.ExpectedConditions.access$100(ExpectedConditions.java:44)
	at org.openqa.selenium.support.ui.ExpectedConditions$10.apply(ExpectedConditions.java:301)
	at org.openqa.selenium.support.ui.ExpectedConditions$10.apply(ExpectedConditions.java:298)
	at org.openqa.selenium.support.ui.FluentWait.until(FluentWait.java:260)
	at com.cpcommunity.PageObjects.BasePage.waitForPageToLoad(BasePage.java:94)
	at com.cpcommunity.PageObjects.BasePage.openPage(BasePage.java:80)
	at com.cpcommunity.PageObjects.LoginPage.loginToApplication(LoginPage.java:90)
	at com.cpcommunity.testScripts.community.TC075_Member_Cancel_Community_Join_Request_from_My_Communities________.TC075(TC075_Member_Cancel_Community_Join_Request_from_My_Communities________.java:32)
</failure>
    <system-out><![CDATA[INFO    2020-09-29 07:24:54,181 [TestNG-test=Test8-2] com.cpcommunity.testScripts.community.BaseTest  - Test Execution Completed !!!
Total rows are : 1167
Test case starts from row num: 762
Total rows of data are : 1
Total cols are : 16
@TestCase : TC133
Launching : chrome
INFO    2020-09-29 07:24:54,809 [TestNG-test=Test8-1] com.cpcommunity.PageObjects.BasePage  - Clicking on : LOGIN
ChromeDriver: chrome on XP (63a0f78a63aeb498522abea288ce2f15)Login Page
]]></system-out>
    <system-err><![CDATA[Starting ChromeDriver 2.38.552522 (437e6fbedfa8762dec75e2c5b3ddb86763dc9dcb) on port 28180
Only local connections are allowed.
]]></system-err>
  </testcase>
  <testcase name="TC077" classname="com.cpcommunity.testScripts.community.TC077_Member_Join_And_Cancel_Community_From_Global_Communities_______" time="5.125">
    <failure message="Expected condition failed: waiting for visibility of Proxy element for: AjaxElementLocator &apos;By.xpath: //*[contains(text(),&apos;MY ECOSYSTEM&apos;)]&apos; (tried for 30 second(s) with 500 milliseconds interval)" type="org.openqa.selenium.TimeoutException">org.openqa.selenium.TimeoutException: Expected condition failed: waiting for visibility of Proxy element for: AjaxElementLocator 'By.xpath: //*[contains(text(),'MY ECOSYSTEM')]' (tried for 30 second(s) with 500 milliseconds interval)
	at sun.reflect.GeneratedConstructorAccessor73.newInstance(Unknown Source)
	at sun.reflect.DelegatingConstructorAccessorImpl.newInstance(DelegatingConstructorAccessorImpl.java:45)
	at java.lang.reflect.Constructor.newInstance(Constructor.java:423)
	at org.openqa.selenium.remote.ErrorHandler.createThrowable(ErrorHandler.java:214)
	at org.openqa.selenium.remote.ErrorHandler.throwIfResponseFailed(ErrorHandler.java:166)
	at org.openqa.selenium.remote.http.JsonHttpResponseCodec.reconstructValue(JsonHttpResponseCodec.java:40)
	at org.openqa.selenium.remote.http.AbstractHttpResponseCodec.decode(AbstractHttpResponseCodec.java:80)
	at org.openqa.selenium.remote.http.AbstractHttpResponseCodec.decode(AbstractHttpResponseCodec.java:44)
	at org.openqa.selenium.remote.HttpCommandExecutor.execute(HttpCommandExecutor.java:158)
	at org.openqa.selenium.remote.service.DriverCommandExecutor.execute(DriverCommandExecutor.java:83)
	at org.openqa.selenium.remote.RemoteWebDriver.execute(RemoteWebDriver.java:548)
	at org.openqa.selenium.remote.RemoteWebDriver.findElement(RemoteWebDriver.java:322)
	at org.openqa.selenium.remote.RemoteWebDriver.findElementByXPath(RemoteWebDriver.java:424)
	at org.openqa.selenium.By$ByXPath.findElement(By.java:353)
	at org.openqa.selenium.remote.RemoteWebDriver.findElement(RemoteWebDriver.java:314)
	at org.openqa.selenium.support.pagefactory.DefaultElementLocator.findElement(DefaultElementLocator.java:69)
	at org.openqa.selenium.support.pagefactory.AjaxElementLocator.access$001(AjaxElementLocator.java:39)
	at org.openqa.selenium.support.pagefactory.AjaxElementLocator$SlowLoadingElement.isLoaded(AjaxElementLocator.java:194)
	at org.openqa.selenium.support.ui.SlowLoadableComponent.get(SlowLoadableComponent.java:78)
	at org.openqa.selenium.support.pagefactory.AjaxElementLocator.findElement(AjaxElementLocator.java:119)
	at org.openqa.selenium.support.pagefactory.internal.LocatingElementHandler.invoke(LocatingElementHandler.java:38)
	at com.sun.proxy.$Proxy9.isDisplayed(Unknown Source)
	at org.openqa.selenium.support.ui.ExpectedConditions.elementIfVisible(ExpectedConditions.java:315)
	at org.openqa.selenium.support.ui.ExpectedConditions.access$100(ExpectedConditions.java:44)
	at org.openqa.selenium.support.ui.ExpectedConditions$10.apply(ExpectedConditions.java:301)
	at org.openqa.selenium.support.ui.ExpectedConditions$10.apply(ExpectedConditions.java:298)
	at org.openqa.selenium.support.ui.FluentWait.until(FluentWait.java:260)
	at com.cpcommunity.PageObjects.BasePage.waitForPageToLoad(BasePage.java:94)
	at com.cpcommunity.PageObjects.BasePage.openPage(BasePage.java:80)
	at com.cpcommunity.PageObjects.LoginPage.loginToApplication(LoginPage.java:90)
	at com.cpcommunity.testScripts.community.TC077_Member_Join_And_Cancel_Community_From_Global_Communities_______.TC077(TC077_Member_Join_And_Cancel_Community_From_Global_Communities_______.java:31)
</failure>
    <system-out><![CDATA[ChromeDriver: chrome on XP (c8b2391c6f47446906c0d85d844de24a)
c8b2391c6f47446906c0d85d844de24a
INFO    2020-09-29 07:24:57,815 [TestNG-test=Test8-2] com.cpcommunity.testScripts.community.BaseTest  - Driver Initialized !!!
INFO    2020-09-29 07:24:58,164 [TestNG-test=Test8-3] com.cpcommunity.testScripts.community.BaseTest  - Test Execution Completed !!!
Total rows are : 1167
Test case starts from row num: 1036
Total rows of data are : 1
Total cols are : 7
@TestCase : TC164
INFO    2020-09-29 07:24:58,368 [TestNG-test=Test8-3] com.cpcommunity.testScripts.community.BaseTest  - Inside Login Test
Launching : chrome
INFO    2020-09-29 07:25:00,699 [TestNG-test=Test8-1] com.cpcommunity.PageObjects.BasePage  - scrolling up vertically...
ChromeDriver: chrome on XP (18bdac60745e85dbf872b9ab6ee417ce)
18bdac60745e85dbf872b9ab6ee417ce
INFO    2020-09-29 07:25:01,785 [TestNG-test=Test8-3] com.cpcommunity.testScripts.community.BaseTest  - Driver Initialized !!!
Page Opened
]]></system-out>
    <system-err><![CDATA[Sep 29, 2020 7:24:57 AM org.openqa.selenium.remote.ProtocolHandshake createSession
INFO: Detected dialect: OSS
Sep 29, 2020 7:24:58 AM org.openqa.selenium.remote.Augmenter extractRemoteWebDriver
WARNING: Augmenter should be applied to the instances of @Augmentable classes or previously augmented instances only (instance class was: class org.openqa.selenium.chrome.ChromeDriver)
Starting ChromeDriver 2.38.552522 (437e6fbedfa8762dec75e2c5b3ddb86763dc9dcb) on port 40208
Only local connections are allowed.
Sep 29, 2020 7:25:00 AM org.openqa.selenium.remote.Augmenter extractRemoteWebDriver
WARNING: Augmenter should be applied to the instances of @Augmentable classes or previously augmented instances only (instance class was: class org.openqa.selenium.chrome.ChromeDriver)
Sep 29, 2020 7:25:01 AM org.openqa.selenium.remote.ProtocolHandshake createSession
INFO: Detected dialect: OSS
]]></system-err>
  </testcase>
  <testcase name="TC041ToTC046" classname="com.cpcommunity.testScripts.community.TC046_Member_Accept_Community_Request_from_My_Communities" time="7.306">
    <failure message="Expected condition failed: waiting for visibility of Proxy element for: AjaxElementLocator &apos;By.xpath: //h3[@class=&apos;MyCommunitiesHeader text-uppercase&apos;]&apos; (tried for 30 second(s) with 500 milliseconds interval)" type="org.openqa.selenium.TimeoutException">org.openqa.selenium.TimeoutException: Expected condition failed: waiting for visibility of Proxy element for: AjaxElementLocator 'By.xpath: //h3[@class='MyCommunitiesHeader text-uppercase']' (tried for 30 second(s) with 500 milliseconds interval)
	at sun.reflect.GeneratedConstructorAccessor73.newInstance(Unknown Source)
	at sun.reflect.DelegatingConstructorAccessorImpl.newInstance(DelegatingConstructorAccessorImpl.java:45)
	at java.lang.reflect.Constructor.newInstance(Constructor.java:423)
	at org.openqa.selenium.remote.ErrorHandler.createThrowable(ErrorHandler.java:214)
	at org.openqa.selenium.remote.ErrorHandler.throwIfResponseFailed(ErrorHandler.java:166)
	at org.openqa.selenium.remote.http.JsonHttpResponseCodec.reconstructValue(JsonHttpResponseCodec.java:40)
	at org.openqa.selenium.remote.http.AbstractHttpResponseCodec.decode(AbstractHttpResponseCodec.java:80)
	at org.openqa.selenium.remote.http.AbstractHttpResponseCodec.decode(AbstractHttpResponseCodec.java:44)
	at org.openqa.selenium.remote.HttpCommandExecutor.execute(HttpCommandExecutor.java:158)
	at org.openqa.selenium.remote.service.DriverCommandExecutor.execute(DriverCommandExecutor.java:83)
	at org.openqa.selenium.remote.RemoteWebDriver.execute(RemoteWebDriver.java:548)
	at org.openqa.selenium.remote.RemoteWebDriver.findElement(RemoteWebDriver.java:322)
	at org.openqa.selenium.remote.RemoteWebDriver.findElementByXPath(RemoteWebDriver.java:424)
	at org.openqa.selenium.By$ByXPath.findElement(By.java:353)
	at org.openqa.selenium.remote.RemoteWebDriver.findElement(RemoteWebDriver.java:314)
	at org.openqa.selenium.support.pagefactory.DefaultElementLocator.findElement(DefaultElementLocator.java:69)
	at org.openqa.selenium.support.pagefactory.AjaxElementLocator.access$001(AjaxElementLocator.java:39)
	at org.openqa.selenium.support.pagefactory.AjaxElementLocator$SlowLoadingElement.isLoaded(AjaxElementLocator.java:194)
	at org.openqa.selenium.support.ui.SlowLoadableComponent.get(SlowLoadableComponent.java:78)
	at org.openqa.selenium.support.pagefactory.AjaxElementLocator.findElement(AjaxElementLocator.java:119)
	at org.openqa.selenium.support.pagefactory.internal.LocatingElementHandler.invoke(LocatingElementHandler.java:38)
	at com.sun.proxy.$Proxy9.isDisplayed(Unknown Source)
	at org.openqa.selenium.support.ui.ExpectedConditions.elementIfVisible(ExpectedConditions.java:315)
	at org.openqa.selenium.support.ui.ExpectedConditions.access$100(ExpectedConditions.java:44)
	at org.openqa.selenium.support.ui.ExpectedConditions$10.apply(ExpectedConditions.java:301)
	at org.openqa.selenium.support.ui.ExpectedConditions$10.apply(ExpectedConditions.java:298)
	at org.openqa.selenium.support.ui.FluentWait.until(FluentWait.java:260)
	at com.cpcommunity.PageObjects.BasePage.waitForPageToLoad(BasePage.java:94)
	at com.cpcommunity.PageObjects.BasePage.openPage(BasePage.java:80)
	at com.cpcommunity.PageObjects.EcoSystemPage.goToMyCommunities(EcoSystemPage.java:111)
	at com.cpcommunity.testScripts.community.TC046_Member_Accept_Community_Request_from_My_Communities.TC041ToTC046(TC046_Member_Accept_Community_Request_from_My_Communities.java:35)
</failure>
    <system-out><![CDATA[INFO    2020-09-29 07:25:04,257 [TestNG-test=Test8-4] com.cpcommunity.testScripts.community.BaseTest  - Test Execution Completed !!!
Total rows are : 1167
Test case starts from row num: 1002
Total rows of data are : 1
Total cols are : 12
@TestCase : TC150
INFO    2020-09-29 07:25:04,408 [TestNG-test=Test8-4] com.cpcommunity.testScripts.community.BaseTest  - Inside Login Test
{attendeeFirstName=Andrew, Test Descrption=TC150_Paid_Event_Registration_With_Authorize_From_Event_CheckIn, Runmode=Y, browser=chrome, eventName=Paid event -, communityName=Community -, email=andrew74444@gmail.com, attendeLastName=Thomson, password=Admin@123, companyName=PamTen, payerEmailID=andrew74444@gmail.com, attendeeEmailID=andrew74444@gmail.com}
Launching : chrome
INFO    2020-09-29 07:25:05,716 [TestNG-test=Test8-1] com.cpcommunity.PageObjects.BasePage  - Typing in : email address entered the value as : andrew74444@gmail.com
INFO    2020-09-29 07:25:06,525 [TestNG-test=Test8-1] com.cpcommunity.PageObjects.BasePage  - Typing in : password entered the value as : Admin@123
INFO    2020-09-29 07:25:06,689 [TestNG-test=Test8-1] com.cpcommunity.PageObjects.BasePage  - Clicking on : Login
Page Opened
ChromeDriver: chrome on XP (d227e431249897a502f75a829ef1de2b)
d227e431249897a502f75a829ef1de2b
INFO    2020-09-29 07:25:09,801 [TestNG-test=Test8-4] com.cpcommunity.testScripts.community.BaseTest  - Driver Initialized !!!
INFO    2020-09-29 07:25:10,462 [TestNG-test=Test8-2] com.cpcommunity.PageObjects.BasePage  - scrolling up vertically...
]]></system-out>
    <system-err><![CDATA[Sep 29, 2020 7:25:03 AM org.openqa.selenium.remote.Augmenter extractRemoteWebDriver
WARNING: Augmenter should be applied to the instances of @Augmentable classes or previously augmented instances only (instance class was: class org.openqa.selenium.chrome.ChromeDriver)
Starting ChromeDriver 2.38.552522 (437e6fbedfa8762dec75e2c5b3ddb86763dc9dcb) on port 16241
Only local connections are allowed.
Sep 29, 2020 7:25:05 AM org.openqa.selenium.remote.Augmenter extractRemoteWebDriver
WARNING: Augmenter should be applied to the instances of @Augmentable classes or previously augmented instances only (instance class was: class org.openqa.selenium.chrome.ChromeDriver)
Sep 29, 2020 7:25:08 AM org.openqa.selenium.remote.Augmenter extractRemoteWebDriver
WARNING: Augmenter should be applied to the instances of @Augmentable classes or previously augmented instances only (instance class was: class org.openqa.selenium.chrome.ChromeDriver)
Sep 29, 2020 7:25:09 AM org.openqa.selenium.remote.Augmenter extractRemoteWebDriver
WARNING: Augmenter should be applied to the instances of @Augmentable classes or previously augmented instances only (instance class was: class org.openqa.selenium.chrome.ChromeDriver)
Sep 29, 2020 7:25:09 AM org.openqa.selenium.remote.ProtocolHandshake createSession
INFO: Detected dialect: OSS
Sep 29, 2020 7:25:11 AM org.openqa.selenium.remote.Augmenter extractRemoteWebDriver
WARNING: Augmenter should be applied to the instances of @Augmentable classes or previously augmented instances only (instance class was: class org.openqa.selenium.chrome.ChromeDriver)
]]></system-err>
  </testcase>
  <testcase name="TC164" classname="com.cpcommunity.testScripts.community.TC164_Search_Event_In_Community_Details_Page" time="97.071">
    <failure message="no such element: Unable to locate element: {&quot;method&quot;:&quot;xpath&quot;,&quot;selector&quot;:&quot;//*[contains(text(),&apos;Free event - 29 Sep 2020&apos;)]&quot;}&#10;  (Session info: chrome=85.0.4183.121)&#10;  (Driver info: chromedriver=2.38.552522 (437e6fbedfa8762dec75e2c5b3ddb86763dc9dcb),platform=Windows NT 10.0.18362 x86_64) (WARNING: The server did not provide any stacktrace information)&#10;Command duration or timeout: 0 milliseconds&#10;For documentation on this error, please visit: http://seleniumhq.org/exceptions/no_such_element.html&#10;Build info: version: &apos;3.14.0&apos;, revision: &apos;aacccce0&apos;, time: &apos;2018-08-02T20:19:58.91Z&apos;&#10;System info: host: &apos;LAPTOP-65H8KDP8&apos;, ip: &apos;10.0.0.8&apos;, os.name: &apos;Windows 10&apos;, os.arch: &apos;amd64&apos;, os.version: &apos;10.0&apos;, java.version: &apos;1.8.0_251&apos;&#10;Driver info: org.openqa.selenium.chrome.ChromeDriver&#10;Capabilities {acceptInsecureCerts: false, acceptSslCerts: false, applicationCacheEnabled: false, browserConnectionEnabled: false, browserName: chrome, chrome: {chromedriverVersion: 2.38.552522 (437e6fbedfa876..., userDataDir: C:\Users\netwo\AppData\Loca...}, cssSelectorsEnabled: true, databaseEnabled: false, handlesAlerts: true, hasTouchScreen: false, javascriptEnabled: true, locationContextEnabled: true, mobileEmulationEnabled: false, nativeEvents: true, networkConnectionEnabled: false, pageLoadStrategy: normal, platform: XP, platformName: XP, rotatable: false, setWindowRect: true, takesHeapSnapshot: true, takesScreenshot: true, unexpectedAlertBehaviour: , unhandledPromptBehavior: , version: 85.0.4183.121, webStorageEnabled: true}&#10;Session ID: 18bdac60745e85dbf872b9ab6ee417ce&#10;*** Element info: {Using=xpath, value=//*[contains(text(),&apos;Free event - 29 Sep 2020&apos;)]}" type="org.openqa.selenium.NoSuchElementException">org.openqa.selenium.NoSuchElementException: no such element: Unable to locate element: {"method":"xpath","selector":"//*[contains(text(),'Free event - 29 Sep 2020')]"}
  (Session info: chrome=85.0.4183.121)
  (Driver info: chromedriver=2.38.552522 (437e6fbedfa8762dec75e2c5b3ddb86763dc9dcb),platform=Windows NT 10.0.18362 x86_64) (WARNING: The server did not provide any stacktrace information)
Command duration or timeout: 0 milliseconds
For documentation on this error, please visit: http://seleniumhq.org/exceptions/no_such_element.html
Build info: version: '3.14.0', revision: 'aacccce0', time: '2018-08-02T20:19:58.91Z'
System info: host: 'LAPTOP-65H8KDP8', ip: '10.0.0.8', os.name: 'Windows 10', os.arch: 'amd64', os.version: '10.0', java.version: '1.8.0_251'
Driver info: org.openqa.selenium.chrome.ChromeDriver
Capabilities {acceptInsecureCerts: false, acceptSslCerts: false, applicationCacheEnabled: false, browserConnectionEnabled: false, browserName: chrome, chrome: {chromedriverVersion: 2.38.552522 (437e6fbedfa876..., userDataDir: C:\Users\netwo\AppData\Loca...}, cssSelectorsEnabled: true, databaseEnabled: false, handlesAlerts: true, hasTouchScreen: false, javascriptEnabled: true, locationContextEnabled: true, mobileEmulationEnabled: false, nativeEvents: true, networkConnectionEnabled: false, pageLoadStrategy: normal, platform: XP, platformName: XP, rotatable: false, setWindowRect: true, takesHeapSnapshot: true, takesScreenshot: true, unexpectedAlertBehaviour: , unhandledPromptBehavior: , version: 85.0.4183.121, webStorageEnabled: true}
Session ID: 18bdac60745e85dbf872b9ab6ee417ce
*** Element info: {Using=xpath, value=//*[contains(text(),'Free event - 29 Sep 2020')]}
	at sun.reflect.GeneratedConstructorAccessor73.newInstance(Unknown Source)
	at sun.reflect.DelegatingConstructorAccessorImpl.newInstance(DelegatingConstructorAccessorImpl.java:45)
	at java.lang.reflect.Constructor.newInstance(Constructor.java:423)
	at org.openqa.selenium.remote.ErrorHandler.createThrowable(ErrorHandler.java:214)
	at org.openqa.selenium.remote.ErrorHandler.throwIfResponseFailed(ErrorHandler.java:166)
	at org.openqa.selenium.remote.http.JsonHttpResponseCodec.reconstructValue(JsonHttpResponseCodec.java:40)
	at org.openqa.selenium.remote.http.AbstractHttpResponseCodec.decode(AbstractHttpResponseCodec.java:80)
	at org.openqa.selenium.remote.http.AbstractHttpResponseCodec.decode(AbstractHttpResponseCodec.java:44)
	at org.openqa.selenium.remote.HttpCommandExecutor.execute(HttpCommandExecutor.java:158)
	at org.openqa.selenium.remote.service.DriverCommandExecutor.execute(DriverCommandExecutor.java:83)
	at org.openqa.selenium.remote.RemoteWebDriver.execute(RemoteWebDriver.java:548)
	at org.openqa.selenium.remote.RemoteWebDriver.findElement(RemoteWebDriver.java:322)
	at org.openqa.selenium.remote.RemoteWebDriver.findElementByXPath(RemoteWebDriver.java:424)
	at org.openqa.selenium.By$ByXPath.findElement(By.java:353)
	at org.openqa.selenium.remote.RemoteWebDriver.findElement(RemoteWebDriver.java:314)
	at com.cpcommunity.PageObjects.CommunityDetailsPage.searchEvent(CommunityDetailsPage.java:718)
	at com.cpcommunity.testScripts.community.TC164_Search_Event_In_Community_Details_Page.TC164(TC164_Search_Event_In_Community_Details_Page.java:35)
</failure>
    <system-out><![CDATA[INFO    2020-09-29 07:25:13,078 [TestNG-test=Test8-5] com.cpcommunity.testScripts.community.BaseTest  - Test Execution Completed !!!
Total rows are : 1167
Test case starts from row num: 997
Total rows of data are : 1
Total cols are : 12
@TestCase : TC149
INFO    2020-09-29 07:25:13,425 [TestNG-test=Test8-5] com.cpcommunity.testScripts.community.BaseTest  - Inside Login Test
{attendeeFirstName=Andrew, Test Descrption=TC149_Paid_Event_Registration_With_PayPal_From_Event_CheckIn, Runmode=Y, browser=chrome, eventName=Paid event -, communityName=Community -, email=andrew74444@gmail.com, attendeLastName=Thomson, password=Admin@123, companyName=PamTen, payerEmailID=andrew74444@gmail.com, attendeeEmailID=andrew74444@gmail.com}
Launching : chrome
INFO    2020-09-29 07:25:15,198 [TestNG-test=Test8-3] com.cpcommunity.PageObjects.BasePage  - scrolling up vertically...
INFO    2020-09-29 07:25:15,625 [TestNG-test=Test8-2] com.cpcommunity.PageObjects.BasePage  - waiting for :[[ChromeDriver: chrome on XP (c8b2391c6f47446906c0d85d844de24a)] -> xpath: //a[contains(.,'Login')]] for :18 seconds
INFO    2020-09-29 07:25:15,673 [TestNG-test=Test8-2] com.cpcommunity.PageObjects.BasePage  - [[ChromeDriver: chrome on XP (c8b2391c6f47446906c0d85d844de24a)] -> xpath: //a[contains(.,'Login')]]is displayed
ChromeDriver: chrome on XP (9b9e29bf7991551ee2881c24de41c2af)
9b9e29bf7991551ee2881c24de41c2af
INFO    2020-09-29 07:25:17,190 [TestNG-test=Test8-5] com.cpcommunity.testScripts.community.BaseTest  - Driver Initialized !!!
Page Opened
INFO    2020-09-29 07:25:18,329 [TestNG-test=Test8-1] com.cpcommunity.PageObjects.BasePage  - scrolling up vertically...
INFO    2020-09-29 07:25:18,674 [TestNG-test=Test8-2] com.cpcommunity.PageObjects.BasePage  - Clicking on : LOGIN
INFO    2020-09-29 07:25:21,640 [TestNG-test=Test8-3] com.cpcommunity.PageObjects.BasePage  - waiting for :[[ChromeDriver: chrome on XP (18bdac60745e85dbf872b9ab6ee417ce)] -> xpath: //a[contains(.,'Login')]] for :18 seconds
ChromeDriver: chrome on XP (c8b2391c6f47446906c0d85d844de24a)Login Page
INFO    2020-09-29 07:25:22,219 [TestNG-test=Test8-3] com.cpcommunity.PageObjects.BasePage  - [[ChromeDriver: chrome on XP (18bdac60745e85dbf872b9ab6ee417ce)] -> xpath: //a[contains(.,'Login')]]is displayed
Page Opened
INFO    2020-09-29 07:25:23,372 [TestNG-test=Test8-1] com.cpcommunity.PageObjects.BasePage  - Clicking on : view All
INFO    2020-09-29 07:25:25,223 [TestNG-test=Test8-3] com.cpcommunity.PageObjects.BasePage  - Clicking on : LOGIN
INFO    2020-09-29 07:25:26,110 [TestNG-test=Test8-4] com.cpcommunity.PageObjects.BasePage  - scrolling up vertically...
INFO    2020-09-29 07:25:26,204 [TestNG-test=Test8-2] com.cpcommunity.PageObjects.BasePage  - scrolling up vertically...
ChromeDriver: chrome on XP (18bdac60745e85dbf872b9ab6ee417ce)Login Page
INFO    2020-09-29 07:25:29,519 [TestNG-test=Test8-1] com.cpcommunity.PageObjects.BasePage  - scrolling up vertically...
INFO    2020-09-29 07:25:30,321 [TestNG-test=Test8-5] com.cpcommunity.PageObjects.BasePage  - scrolling up vertically...
INFO    2020-09-29 07:25:31,254 [TestNG-test=Test8-2] com.cpcommunity.PageObjects.BasePage  - Typing in : email address entered the value as : andrew74444@gmail.com
INFO    2020-09-29 07:25:31,268 [TestNG-test=Test8-4] com.cpcommunity.PageObjects.BasePage  - waiting for :[[ChromeDriver: chrome on XP (d227e431249897a502f75a829ef1de2b)] -> xpath: //a[contains(.,'Login')]] for :18 seconds
INFO    2020-09-29 07:25:31,324 [TestNG-test=Test8-4] com.cpcommunity.PageObjects.BasePage  - [[ChromeDriver: chrome on XP (d227e431249897a502f75a829ef1de2b)] -> xpath: //a[contains(.,'Login')]]is displayed
INFO    2020-09-29 07:25:31,811 [TestNG-test=Test8-3] com.cpcommunity.PageObjects.BasePage  - scrolling up vertically...
INFO    2020-09-29 07:25:31,838 [TestNG-test=Test8-2] com.cpcommunity.PageObjects.BasePage  - Typing in : password entered the value as : Admin@123
INFO    2020-09-29 07:25:32,089 [TestNG-test=Test8-2] com.cpcommunity.PageObjects.BasePage  - Clicking on : Login
INFO    2020-09-29 07:25:34,326 [TestNG-test=Test8-4] com.cpcommunity.PageObjects.BasePage  - Clicking on : LOGIN
Date Format with dd MMMM yyyy : 29 Sep 2020
INFO    2020-09-29 07:25:34,626 [TestNG-test=Test8-1] com.cpcommunity.PageObjects.BasePage  - waiting for :[[ChromeDriver: chrome on XP (63a0f78a63aeb498522abea288ce2f15)] -> xpath: //input[@placeholder='Search by Community Name']] for :18 seconds
INFO    2020-09-29 07:25:34,689 [TestNG-test=Test8-1] com.cpcommunity.PageObjects.BasePage  - [[ChromeDriver: chrome on XP (63a0f78a63aeb498522abea288ce2f15)] -> xpath: //input[@placeholder='Search by Community Name']]is displayed
INFO    2020-09-29 07:25:35,402 [TestNG-test=Test8-5] com.cpcommunity.PageObjects.BasePage  - waiting for :[[ChromeDriver: chrome on XP (9b9e29bf7991551ee2881c24de41c2af)] -> xpath: //a[contains(.,'Login')]] for :18 seconds
INFO    2020-09-29 07:25:35,449 [TestNG-test=Test8-5] com.cpcommunity.PageObjects.BasePage  - [[ChromeDriver: chrome on XP (9b9e29bf7991551ee2881c24de41c2af)] -> xpath: //a[contains(.,'Login')]]is displayed
INFO    2020-09-29 07:25:36,847 [TestNG-test=Test8-3] com.cpcommunity.PageObjects.BasePage  - Typing in : email address entered the value as : andrew74444@gmail.com
INFO    2020-09-29 07:25:37,054 [TestNG-test=Test8-1] com.cpcommunity.PageObjects.BasePage  - Typing in : Search by Community entered the value as : Community - 29 Sep 2020
INFO    2020-09-29 07:25:37,750 [TestNG-test=Test8-1] com.cpcommunity.PageObjects.BasePage  - Clicking on : search btn
ChromeDriver: chrome on XP (d227e431249897a502f75a829ef1de2b)Login Page
INFO    2020-09-29 07:25:38,393 [TestNG-test=Test8-3] com.cpcommunity.PageObjects.BasePage  - Typing in : password entered the value as : Admin@123
INFO    2020-09-29 07:25:38,482 [TestNG-test=Test8-5] com.cpcommunity.PageObjects.BasePage  - Clicking on : LOGIN
INFO    2020-09-29 07:25:38,959 [TestNG-test=Test8-3] com.cpcommunity.PageObjects.BasePage  - Clicking on : Login
ChromeDriver: chrome on XP (9b9e29bf7991551ee2881c24de41c2af)Login Page
INFO    2020-09-29 07:25:41,500 [TestNG-test=Test8-2] com.cpcommunity.PageObjects.BasePage  - scrolling up vertically...
INFO    2020-09-29 07:25:42,274 [TestNG-test=Test8-4] com.cpcommunity.PageObjects.BasePage  - scrolling up vertically...
INFO    2020-09-29 07:25:44,208 [TestNG-test=Test8-1] com.cpcommunity.PageObjects.BasePage  - waiting for :[[ChromeDriver: chrome on XP (63a0f78a63aeb498522abea288ce2f15)] -> xpath: //a[@tooltip='Community - 29 Sep 2020']] for :18 seconds
INFO    2020-09-29 07:25:44,233 [TestNG-test=Test8-1] com.cpcommunity.PageObjects.BasePage  - [[ChromeDriver: chrome on XP (63a0f78a63aeb498522abea288ce2f15)] -> xpath: //a[@tooltip='Community - 29 Sep 2020']]is displayed
INFO    2020-09-29 07:25:45,143 [TestNG-test=Test8-5] com.cpcommunity.PageObjects.BasePage  - scrolling up vertically...
INFO    2020-09-29 07:25:46,624 [TestNG-test=Test8-1] com.cpcommunity.PageObjects.BasePage  - Clicking on : Manage
INFO    2020-09-29 07:25:46,757 [TestNG-test=Test8-2] com.cpcommunity.PageObjects.BasePage  - Clicking on : view All
INFO    2020-09-29 07:25:47,327 [TestNG-test=Test8-4] com.cpcommunity.PageObjects.BasePage  - Typing in : email address entered the value as : andrew74444@gmail.com
INFO    2020-09-29 07:25:48,627 [TestNG-test=Test8-4] com.cpcommunity.PageObjects.BasePage  - Typing in : password entered the value as : Admin@123
INFO    2020-09-29 07:25:49,951 [TestNG-test=Test8-1] com.cpcommunity.PageObjects.BasePage  - waiting for :[[ChromeDriver: chrome on XP (63a0f78a63aeb498522abea288ce2f15)] -> xpath: //h2[contains(text(),'Dashboard')]] for :18 seconds
INFO    2020-09-29 07:25:50,073 [TestNG-test=Test8-1] com.cpcommunity.PageObjects.BasePage  - [[ChromeDriver: chrome on XP (63a0f78a63aeb498522abea288ce2f15)] -> xpath: //h2[contains(text(),'Dashboard')]]is displayed
INFO    2020-09-29 07:25:50,174 [TestNG-test=Test8-5] com.cpcommunity.PageObjects.BasePage  - Typing in : email address entered the value as : andrew74444@gmail.com
INFO    2020-09-29 07:25:50,393 [TestNG-test=Test8-4] com.cpcommunity.PageObjects.BasePage  - Clicking on : Login
INFO    2020-09-29 07:25:50,569 [TestNG-test=Test8-3] com.cpcommunity.PageObjects.BasePage  - scrolling up vertically...
INFO    2020-09-29 07:25:51,091 [TestNG-test=Test8-5] com.cpcommunity.PageObjects.BasePage  - Typing in : password entered the value as : Admin@123
INFO    2020-09-29 07:25:51,455 [TestNG-test=Test8-5] com.cpcommunity.PageObjects.BasePage  - Clicking on : Login
INFO    2020-09-29 07:25:54,199 [TestNG-test=Test8-2] com.cpcommunity.PageObjects.BasePage  - scrolling up vertically...
INFO    2020-09-29 07:25:55,709 [TestNG-test=Test8-3] com.cpcommunity.PageObjects.BasePage  - Clicking on : view All
INFO    2020-09-29 07:25:57,357 [TestNG-test=Test8-1] com.cpcommunity.PageObjects.BasePage  - scrolling up vertically...
Date Format with dd MMMM yyyy : 29 Sep 2020
INFO    2020-09-29 07:25:59,387 [TestNG-test=Test8-2] com.cpcommunity.PageObjects.BasePage  - waiting for :[[ChromeDriver: chrome on XP (c8b2391c6f47446906c0d85d844de24a)] -> xpath: //input[@placeholder='Search by Community Name']] for :18 seconds
INFO    2020-09-29 07:25:59,445 [TestNG-test=Test8-2] com.cpcommunity.PageObjects.BasePage  - [[ChromeDriver: chrome on XP (c8b2391c6f47446906c0d85d844de24a)] -> xpath: //input[@placeholder='Search by Community Name']]is displayed
INFO    2020-09-29 07:26:01,322 [TestNG-test=Test8-4] com.cpcommunity.PageObjects.BasePage  - scrolling up vertically...
INFO    2020-09-29 07:26:01,520 [TestNG-test=Test8-3] com.cpcommunity.PageObjects.BasePage  - scrolling up vertically...
INFO    2020-09-29 07:26:01,905 [TestNG-test=Test8-2] com.cpcommunity.PageObjects.BasePage  - Typing in : Search by Community entered the value as : Community - 29 Sep 2020
INFO    2020-09-29 07:26:02,401 [TestNG-test=Test8-1] com.cpcommunity.PageObjects.BasePage  - Clicking on : advertisements
INFO    2020-09-29 07:26:02,505 [TestNG-test=Test8-2] com.cpcommunity.PageObjects.BasePage  - Clicking on : search btn
INFO    2020-09-29 07:26:05,746 [TestNG-test=Test8-5] com.cpcommunity.PageObjects.BasePage  - scrolling up vertically...
INFO    2020-09-29 07:26:06,421 [TestNG-test=Test8-4] com.cpcommunity.PageObjects.BasePage  - Clicking on : view All
Date Format with dd MMMM yyyy : 29 Sep 2020
INFO    2020-09-29 07:26:06,734 [TestNG-test=Test8-3] com.cpcommunity.PageObjects.BasePage  - waiting for :[[ChromeDriver: chrome on XP (18bdac60745e85dbf872b9ab6ee417ce)] -> xpath: //input[@placeholder='Search by Community Name']] for :18 seconds
INFO    2020-09-29 07:26:06,900 [TestNG-test=Test8-3] com.cpcommunity.PageObjects.BasePage  - [[ChromeDriver: chrome on XP (18bdac60745e85dbf872b9ab6ee417ce)] -> xpath: //input[@placeholder='Search by Community Name']]is displayed
INFO    2020-09-29 07:26:08,850 [TestNG-test=Test8-2] com.cpcommunity.PageObjects.BasePage  - waiting for :[[ChromeDriver: chrome on XP (c8b2391c6f47446906c0d85d844de24a)] -> xpath: //a[@tooltip='Community - 29 Sep 2020']] for :18 seconds
INFO    2020-09-29 07:26:08,873 [TestNG-test=Test8-2] com.cpcommunity.PageObjects.BasePage  - [[ChromeDriver: chrome on XP (c8b2391c6f47446906c0d85d844de24a)] -> xpath: //a[@tooltip='Community - 29 Sep 2020']]is displayed
INFO    2020-09-29 07:26:09,318 [TestNG-test=Test8-3] com.cpcommunity.PageObjects.BasePage  - Typing in : Search by Community entered the value as : Community - 29 Sep 2020
INFO    2020-09-29 07:26:10,066 [TestNG-test=Test8-3] com.cpcommunity.PageObjects.BasePage  - Clicking on : search btn
INFO    2020-09-29 07:26:10,824 [TestNG-test=Test8-5] com.cpcommunity.PageObjects.BasePage  - Clicking on : view All
INFO    2020-09-29 07:26:11,251 [TestNG-test=Test8-2] com.cpcommunity.PageObjects.BasePage  - Clicking on : Manage
INFO    2020-09-29 07:26:12,450 [TestNG-test=Test8-4] com.cpcommunity.PageObjects.BasePage  - scrolling up vertically...
INFO    2020-09-29 07:26:14,251 [TestNG-test=Test8-2] com.cpcommunity.PageObjects.BasePage  - waiting for :[[ChromeDriver: chrome on XP (c8b2391c6f47446906c0d85d844de24a)] -> xpath: //h2[contains(text(),'Dashboard')]] for :18 seconds
INFO    2020-09-29 07:26:14,324 [TestNG-test=Test8-2] com.cpcommunity.PageObjects.BasePage  - [[ChromeDriver: chrome on XP (c8b2391c6f47446906c0d85d844de24a)] -> xpath: //h2[contains(text(),'Dashboard')]]is displayed
INFO    2020-09-29 07:26:16,362 [TestNG-test=Test8-3] com.cpcommunity.PageObjects.BasePage  - waiting for :[[ChromeDriver: chrome on XP (18bdac60745e85dbf872b9ab6ee417ce)] -> xpath: //a[@tooltip='Community - 29 Sep 2020']] for :18 seconds
INFO    2020-09-29 07:26:16,405 [TestNG-test=Test8-3] com.cpcommunity.PageObjects.BasePage  - [[ChromeDriver: chrome on XP (18bdac60745e85dbf872b9ab6ee417ce)] -> xpath: //a[@tooltip='Community - 29 Sep 2020']]is displayed
Date Format with dd MMMM yyyy : 29 Sep 2020
INFO    2020-09-29 07:26:17,546 [TestNG-test=Test8-5] com.cpcommunity.PageObjects.BasePage  - scrolling up vertically...
INFO    2020-09-29 07:26:17,563 [TestNG-test=Test8-4] com.cpcommunity.PageObjects.BasePage  - waiting for :[[ChromeDriver: chrome on XP (d227e431249897a502f75a829ef1de2b)] -> xpath: //input[@placeholder='Search by Community Name']] for :18 seconds
INFO    2020-09-29 07:26:17,608 [TestNG-test=Test8-4] com.cpcommunity.PageObjects.BasePage  - [[ChromeDriver: chrome on XP (d227e431249897a502f75a829ef1de2b)] -> xpath: //input[@placeholder='Search by Community Name']]is displayed
INFO    2020-09-29 07:26:18,764 [TestNG-test=Test8-3] com.cpcommunity.PageObjects.BasePage  - Clicking on : CommunityName
INFO    2020-09-29 07:26:20,128 [TestNG-test=Test8-4] com.cpcommunity.PageObjects.BasePage  - Typing in : Search by Community entered the value as : Community - 29 Sep 2020
INFO    2020-09-29 07:26:20,423 [TestNG-test=Test8-3] com.cpcommunity.PageObjects.BasePage  - scrolling up vertically...
INFO    2020-09-29 07:26:20,970 [TestNG-test=Test8-4] com.cpcommunity.PageObjects.BasePage  - Clicking on : search btn
INFO    2020-09-29 07:26:21,234 [TestNG-test=Test8-2] com.cpcommunity.PageObjects.BasePage  - scrolling up vertically...
Date Format with dd MMMM yyyy : 29 Sep 2020
INFO    2020-09-29 07:26:22,615 [TestNG-test=Test8-5] com.cpcommunity.PageObjects.BasePage  - waiting for :[[ChromeDriver: chrome on XP (9b9e29bf7991551ee2881c24de41c2af)] -> xpath: //input[@placeholder='Search by Community Name']] for :18 seconds
INFO    2020-09-29 07:26:22,650 [TestNG-test=Test8-5] com.cpcommunity.PageObjects.BasePage  - [[ChromeDriver: chrome on XP (9b9e29bf7991551ee2881c24de41c2af)] -> xpath: //input[@placeholder='Search by Community Name']]is displayed
INFO    2020-09-29 07:26:25,104 [TestNG-test=Test8-5] com.cpcommunity.PageObjects.BasePage  - Typing in : Search by Community entered the value as : Community - 29 Sep 2020
INFO    2020-09-29 07:26:25,591 [TestNG-test=Test8-5] com.cpcommunity.PageObjects.BasePage  - Clicking on : search btn
INFO    2020-09-29 07:26:26,245 [TestNG-test=Test8-2] com.cpcommunity.PageObjects.BasePage  - Clicking on : advertisements
INFO    2020-09-29 07:26:27,205 [TestNG-test=Test8-4] com.cpcommunity.PageObjects.BasePage  - waiting for :[[ChromeDriver: chrome on XP (d227e431249897a502f75a829ef1de2b)] -> xpath: //a[@tooltip='Community - 29 Sep 2020']] for :18 seconds
INFO    2020-09-29 07:26:27,217 [TestNG-test=Test8-4] com.cpcommunity.PageObjects.BasePage  - [[ChromeDriver: chrome on XP (d227e431249897a502f75a829ef1de2b)] -> xpath: //a[@tooltip='Community - 29 Sep 2020']]is displayed
INFO    2020-09-29 07:26:28,704 [TestNG-test=Test8-3] com.cpcommunity.PageObjects.BasePage  - scrolling up vertically...
INFO    2020-09-29 07:26:29,498 [TestNG-test=Test8-4] com.cpcommunity.PageObjects.BasePage  - Clicking on : Manage
INFO    2020-09-29 07:26:31,859 [TestNG-test=Test8-4] com.cpcommunity.PageObjects.BasePage  - waiting for :[[ChromeDriver: chrome on XP (d227e431249897a502f75a829ef1de2b)] -> xpath: //h2[contains(text(),'Dashboard')]] for :18 seconds
INFO    2020-09-29 07:26:31,864 [TestNG-test=Test8-5] com.cpcommunity.PageObjects.BasePage  - waiting for :[[ChromeDriver: chrome on XP (9b9e29bf7991551ee2881c24de41c2af)] -> xpath: //a[@tooltip='Community - 29 Sep 2020']] for :18 seconds
INFO    2020-09-29 07:26:31,903 [TestNG-test=Test8-5] com.cpcommunity.PageObjects.BasePage  - [[ChromeDriver: chrome on XP (9b9e29bf7991551ee2881c24de41c2af)] -> xpath: //a[@tooltip='Community - 29 Sep 2020']]is displayed
INFO    2020-09-29 07:26:32,065 [TestNG-test=Test8-4] com.cpcommunity.PageObjects.BasePage  - [[ChromeDriver: chrome on XP (d227e431249897a502f75a829ef1de2b)] -> xpath: //h2[contains(text(),'Dashboard')]]is displayed
INFO    2020-09-29 07:26:33,734 [TestNG-test=Test8-3] com.cpcommunity.PageObjects.BasePage  - Clicking on : Events
Date Format with dd MMMM yyyy : 29 Sep 2020
INFO    2020-09-29 07:26:33,872 [TestNG-test=Test8-3] com.cpcommunity.PageObjects.BasePage  - Typing in : event Search entered the value as : Free event - 29 Sep 2020
INFO    2020-09-29 07:26:34,332 [TestNG-test=Test8-5] com.cpcommunity.PageObjects.BasePage  - Clicking on : Manage
INFO    2020-09-29 07:26:34,889 [TestNG-test=Test8-3] com.cpcommunity.PageObjects.BasePage  - Clicking on : Events Search Button
Date Format with dd MMMM yyyy : 29 Sep 2020
INFO    2020-09-29 07:26:36,505 [TestNG-test=Test8-5] com.cpcommunity.PageObjects.BasePage  - waiting for :[[ChromeDriver: chrome on XP (9b9e29bf7991551ee2881c24de41c2af)] -> xpath: //h2[contains(text(),'Dashboard')]] for :18 seconds
INFO    2020-09-29 07:26:36,687 [TestNG-test=Test8-5] com.cpcommunity.PageObjects.BasePage  - [[ChromeDriver: chrome on XP (9b9e29bf7991551ee2881c24de41c2af)] -> xpath: //h2[contains(text(),'Dashboard')]]is displayed
INFO    2020-09-29 07:26:38,852 [TestNG-test=Test8-4] com.cpcommunity.PageObjects.BasePage  - scrolling up vertically...
INFO    2020-09-29 07:26:43,179 [TestNG-test=Test8-5] com.cpcommunity.PageObjects.BasePage  - scrolling up vertically...
INFO    2020-09-29 07:26:43,867 [TestNG-test=Test8-4] com.cpcommunity.PageObjects.BasePage  - Clicking on : Events
INFO    2020-09-29 07:26:48,187 [TestNG-test=Test8-5] com.cpcommunity.PageObjects.BasePage  - Clicking on : Events
]]></system-out>
    <system-err><![CDATA[Sep 29, 2020 7:25:13 AM org.openqa.selenium.remote.Augmenter extractRemoteWebDriver
WARNING: Augmenter should be applied to the instances of @Augmentable classes or previously augmented instances only (instance class was: class org.openqa.selenium.chrome.ChromeDriver)
Sep 29, 2020 7:25:13 AM org.openqa.selenium.remote.Augmenter extractRemoteWebDriver
WARNING: Augmenter should be applied to the instances of @Augmentable classes or previously augmented instances only (instance class was: class org.openqa.selenium.chrome.ChromeDriver)
Starting ChromeDriver 2.38.552522 (437e6fbedfa8762dec75e2c5b3ddb86763dc9dcb) on port 40388
Only local connections are allowed.
Sep 29, 2020 7:25:15 AM org.openqa.selenium.remote.Augmenter extractRemoteWebDriver
WARNING: Augmenter should be applied to the instances of @Augmentable classes or previously augmented instances only (instance class was: class org.openqa.selenium.chrome.ChromeDriver)
Sep 29, 2020 7:25:16 AM org.openqa.selenium.remote.Augmenter extractRemoteWebDriver
WARNING: Augmenter should be applied to the instances of @Augmentable classes or previously augmented instances only (instance class was: class org.openqa.selenium.chrome.ChromeDriver)
Sep 29, 2020 7:25:17 AM org.openqa.selenium.remote.ProtocolHandshake createSession
INFO: Detected dialect: OSS
Sep 29, 2020 7:25:19 AM org.openqa.selenium.remote.Augmenter extractRemoteWebDriver
WARNING: Augmenter should be applied to the instances of @Augmentable classes or previously augmented instances only (instance class was: class org.openqa.selenium.chrome.ChromeDriver)
Sep 29, 2020 7:25:22 AM org.openqa.selenium.remote.Augmenter extractRemoteWebDriver
WARNING: Augmenter should be applied to the instances of @Augmentable classes or previously augmented instances only (instance class was: class org.openqa.selenium.chrome.ChromeDriver)
Sep 29, 2020 7:25:23 AM org.openqa.selenium.remote.Augmenter extractRemoteWebDriver
WARNING: Augmenter should be applied to the instances of @Augmentable classes or previously augmented instances only (instance class was: class org.openqa.selenium.chrome.ChromeDriver)
Sep 29, 2020 7:25:24 AM org.openqa.selenium.remote.Augmenter extractRemoteWebDriver
WARNING: Augmenter should be applied to the instances of @Augmentable classes or previously augmented instances only (instance class was: class org.openqa.selenium.chrome.ChromeDriver)
Sep 29, 2020 7:25:24 AM org.openqa.selenium.remote.Augmenter extractRemoteWebDriver
WARNING: Augmenter should be applied to the instances of @Augmentable classes or previously augmented instances only (instance class was: class org.openqa.selenium.chrome.ChromeDriver)
Sep 29, 2020 7:25:25 AM org.openqa.selenium.remote.Augmenter extractRemoteWebDriver
WARNING: Augmenter should be applied to the instances of @Augmentable classes or previously augmented instances only (instance class was: class org.openqa.selenium.chrome.ChromeDriver)
Sep 29, 2020 7:25:26 AM org.openqa.selenium.remote.Augmenter extractRemoteWebDriver
WARNING: Augmenter should be applied to the instances of @Augmentable classes or previously augmented instances only (instance class was: class org.openqa.selenium.chrome.ChromeDriver)
Sep 29, 2020 7:25:27 AM org.openqa.selenium.remote.Augmenter extractRemoteWebDriver
WARNING: Augmenter should be applied to the instances of @Augmentable classes or previously augmented instances only (instance class was: class org.openqa.selenium.chrome.ChromeDriver)
Sep 29, 2020 7:25:28 AM org.openqa.selenium.remote.Augmenter extractRemoteWebDriver
WARNING: Augmenter should be applied to the instances of @Augmentable classes or previously augmented instances only (instance class was: class org.openqa.selenium.chrome.ChromeDriver)
Sep 29, 2020 7:25:29 AM org.openqa.selenium.remote.Augmenter extractRemoteWebDriver
WARNING: Augmenter should be applied to the instances of @Augmentable classes or previously augmented instances only (instance class was: class org.openqa.selenium.chrome.ChromeDriver)
Sep 29, 2020 7:25:29 AM org.openqa.selenium.remote.Augmenter extractRemoteWebDriver
WARNING: Augmenter should be applied to the instances of @Augmentable classes or previously augmented instances only (instance class was: class org.openqa.selenium.chrome.ChromeDriver)
Sep 29, 2020 7:25:30 AM org.openqa.selenium.remote.Augmenter extractRemoteWebDriver
WARNING: Augmenter should be applied to the instances of @Augmentable classes or previously augmented instances only (instance class was: class org.openqa.selenium.chrome.ChromeDriver)
Sep 29, 2020 7:25:35 AM org.openqa.selenium.remote.Augmenter extractRemoteWebDriver
WARNING: Augmenter should be applied to the instances of @Augmentable classes or previously augmented instances only (instance class was: class org.openqa.selenium.chrome.ChromeDriver)
Sep 29, 2020 7:25:38 AM org.openqa.selenium.remote.Augmenter extractRemoteWebDriver
WARNING: Augmenter should be applied to the instances of @Augmentable classes or previously augmented instances only (instance class was: class org.openqa.selenium.chrome.ChromeDriver)
Sep 29, 2020 7:25:39 AM org.openqa.selenium.remote.Augmenter extractRemoteWebDriver
WARNING: Augmenter should be applied to the instances of @Augmentable classes or previously augmented instances only (instance class was: class org.openqa.selenium.chrome.ChromeDriver)
Sep 29, 2020 7:25:39 AM org.openqa.selenium.remote.Augmenter extractRemoteWebDriver
WARNING: Augmenter should be applied to the instances of @Augmentable classes or previously augmented instances only (instance class was: class org.openqa.selenium.chrome.ChromeDriver)
Sep 29, 2020 7:25:41 AM org.openqa.selenium.remote.Augmenter extractRemoteWebDriver
WARNING: Augmenter should be applied to the instances of @Augmentable classes or previously augmented instances only (instance class was: class org.openqa.selenium.chrome.ChromeDriver)
Sep 29, 2020 7:25:42 AM org.openqa.selenium.remote.Augmenter extractRemoteWebDriver
WARNING: Augmenter should be applied to the instances of @Augmentable classes or previously augmented instances only (instance class was: class org.openqa.selenium.chrome.ChromeDriver)
Sep 29, 2020 7:25:44 AM org.openqa.selenium.remote.Augmenter extractRemoteWebDriver
WARNING: Augmenter should be applied to the instances of @Augmentable classes or previously augmented instances only (instance class was: class org.openqa.selenium.chrome.ChromeDriver)
Sep 29, 2020 7:25:44 AM org.openqa.selenium.remote.Augmenter extractRemoteWebDriver
WARNING: Augmenter should be applied to the instances of @Augmentable classes or previously augmented instances only (instance class was: class org.openqa.selenium.chrome.ChromeDriver)
Sep 29, 2020 7:25:46 AM org.openqa.selenium.remote.Augmenter extractRemoteWebDriver
WARNING: Augmenter should be applied to the instances of @Augmentable classes or previously augmented instances only (instance class was: class org.openqa.selenium.chrome.ChromeDriver)
Sep 29, 2020 7:25:48 AM org.openqa.selenium.remote.Augmenter extractRemoteWebDriver
WARNING: Augmenter should be applied to the instances of @Augmentable classes or previously augmented instances only (instance class was: class org.openqa.selenium.chrome.ChromeDriver)
Sep 29, 2020 7:25:51 AM org.openqa.selenium.remote.Augmenter extractRemoteWebDriver
WARNING: Augmenter should be applied to the instances of @Augmentable classes or previously augmented instances only (instance class was: class org.openqa.selenium.chrome.ChromeDriver)
Sep 29, 2020 7:25:52 AM org.openqa.selenium.remote.Augmenter extractRemoteWebDriver
WARNING: Augmenter should be applied to the instances of @Augmentable classes or previously augmented instances only (instance class was: class org.openqa.selenium.chrome.ChromeDriver)
Sep 29, 2020 7:25:53 AM org.openqa.selenium.remote.Augmenter extractRemoteWebDriver
WARNING: Augmenter should be applied to the instances of @Augmentable classes or previously augmented instances only (instance class was: class org.openqa.selenium.chrome.ChromeDriver)
Sep 29, 2020 7:25:54 AM org.openqa.selenium.remote.Augmenter extractRemoteWebDriver
WARNING: Augmenter should be applied to the instances of @Augmentable classes or previously augmented instances only (instance class was: class org.openqa.selenium.chrome.ChromeDriver)
Sep 29, 2020 7:25:55 AM org.openqa.selenium.remote.Augmenter extractRemoteWebDriver
WARNING: Augmenter should be applied to the instances of @Augmentable classes or previously augmented instances only (instance class was: class org.openqa.selenium.chrome.ChromeDriver)
Sep 29, 2020 7:25:56 AM org.openqa.selenium.remote.Augmenter extractRemoteWebDriver
WARNING: Augmenter should be applied to the instances of @Augmentable classes or previously augmented instances only (instance class was: class org.openqa.selenium.chrome.ChromeDriver)
Sep 29, 2020 7:25:58 AM org.openqa.selenium.remote.Augmenter extractRemoteWebDriver
WARNING: Augmenter should be applied to the instances of @Augmentable classes or previously augmented instances only (instance class was: class org.openqa.selenium.chrome.ChromeDriver)
Sep 29, 2020 7:25:59 AM org.openqa.selenium.remote.Augmenter extractRemoteWebDriver
WARNING: Augmenter should be applied to the instances of @Augmentable classes or previously augmented instances only (instance class was: class org.openqa.selenium.chrome.ChromeDriver)
Sep 29, 2020 7:25:59 AM org.openqa.selenium.remote.Augmenter extractRemoteWebDriver
WARNING: Augmenter should be applied to the instances of @Augmentable classes or previously augmented instances only (instance class was: class org.openqa.selenium.chrome.ChromeDriver)
Sep 29, 2020 7:26:00 AM org.openqa.selenium.remote.Augmenter extractRemoteWebDriver
WARNING: Augmenter should be applied to the instances of @Augmentable classes or previously augmented instances only (instance class was: class org.openqa.selenium.chrome.ChromeDriver)
Sep 29, 2020 7:26:00 AM org.openqa.selenium.remote.Augmenter extractRemoteWebDriver
WARNING: Augmenter should be applied to the instances of @Augmentable classes or previously augmented instances only (instance class was: class org.openqa.selenium.chrome.ChromeDriver)
Sep 29, 2020 7:26:01 AM org.openqa.selenium.remote.Augmenter extractRemoteWebDriver
WARNING: Augmenter should be applied to the instances of @Augmentable classes or previously augmented instances only (instance class was: class org.openqa.selenium.chrome.ChromeDriver)
Sep 29, 2020 7:26:04 AM org.openqa.selenium.remote.Augmenter extractRemoteWebDriver
WARNING: Augmenter should be applied to the instances of @Augmentable classes or previously augmented instances only (instance class was: class org.openqa.selenium.chrome.ChromeDriver)
Sep 29, 2020 7:26:09 AM org.openqa.selenium.remote.Augmenter extractRemoteWebDriver
WARNING: Augmenter should be applied to the instances of @Augmentable classes or previously augmented instances only (instance class was: class org.openqa.selenium.chrome.ChromeDriver)
Sep 29, 2020 7:26:11 AM org.openqa.selenium.remote.Augmenter extractRemoteWebDriver
WARNING: Augmenter should be applied to the instances of @Augmentable classes or previously augmented instances only (instance class was: class org.openqa.selenium.chrome.ChromeDriver)
Sep 29, 2020 7:26:15 AM org.openqa.selenium.remote.Augmenter extractRemoteWebDriver
WARNING: Augmenter should be applied to the instances of @Augmentable classes or previously augmented instances only (instance class was: class org.openqa.selenium.chrome.ChromeDriver)
Sep 29, 2020 7:26:16 AM org.openqa.selenium.remote.Augmenter extractRemoteWebDriver
WARNING: Augmenter should be applied to the instances of @Augmentable classes or previously augmented instances only (instance class was: class org.openqa.selenium.chrome.ChromeDriver)
Sep 29, 2020 7:26:17 AM org.openqa.selenium.remote.Augmenter extractRemoteWebDriver
WARNING: Augmenter should be applied to the instances of @Augmentable classes or previously augmented instances only (instance class was: class org.openqa.selenium.chrome.ChromeDriver)
Sep 29, 2020 7:26:18 AM org.openqa.selenium.remote.Augmenter extractRemoteWebDriver
WARNING: Augmenter should be applied to the instances of @Augmentable classes or previously augmented instances only (instance class was: class org.openqa.selenium.chrome.ChromeDriver)
Sep 29, 2020 7:26:20 AM org.openqa.selenium.remote.Augmenter extractRemoteWebDriver
WARNING: Augmenter should be applied to the instances of @Augmentable classes or previously augmented instances only (instance class was: class org.openqa.selenium.chrome.ChromeDriver)
Sep 29, 2020 7:26:26 AM org.openqa.selenium.remote.Augmenter extractRemoteWebDriver
WARNING: Augmenter should be applied to the instances of @Augmentable classes or previously augmented instances only (instance class was: class org.openqa.selenium.chrome.ChromeDriver)
Sep 29, 2020 7:26:28 AM org.openqa.selenium.remote.Augmenter extractRemoteWebDriver
WARNING: Augmenter should be applied to the instances of @Augmentable classes or previously augmented instances only (instance class was: class org.openqa.selenium.chrome.ChromeDriver)
Sep 29, 2020 7:26:35 AM org.openqa.selenium.remote.Augmenter extractRemoteWebDriver
WARNING: Augmenter should be applied to the instances of @Augmentable classes or previously augmented instances only (instance class was: class org.openqa.selenium.chrome.ChromeDriver)
Sep 29, 2020 7:26:36 AM org.openqa.selenium.remote.Augmenter extractRemoteWebDriver
WARNING: Augmenter should be applied to the instances of @Augmentable classes or previously augmented instances only (instance class was: class org.openqa.selenium.chrome.ChromeDriver)
Sep 29, 2020 7:26:38 AM org.openqa.selenium.remote.Augmenter extractRemoteWebDriver
WARNING: Augmenter should be applied to the instances of @Augmentable classes or previously augmented instances only (instance class was: class org.openqa.selenium.chrome.ChromeDriver)
Sep 29, 2020 7:26:39 AM org.openqa.selenium.remote.Augmenter extractRemoteWebDriver
WARNING: Augmenter should be applied to the instances of @Augmentable classes or previously augmented instances only (instance class was: class org.openqa.selenium.chrome.ChromeDriver)
Sep 29, 2020 7:26:41 AM org.openqa.selenium.remote.Augmenter extractRemoteWebDriver
WARNING: Augmenter should be applied to the instances of @Augmentable classes or previously augmented instances only (instance class was: class org.openqa.selenium.chrome.ChromeDriver)
Sep 29, 2020 7:26:42 AM org.openqa.selenium.remote.Augmenter extractRemoteWebDriver
WARNING: Augmenter should be applied to the instances of @Augmentable classes or previously augmented instances only (instance class was: class org.openqa.selenium.chrome.ChromeDriver)
Sep 29, 2020 7:26:48 AM org.openqa.selenium.remote.Augmenter extractRemoteWebDriver
WARNING: Augmenter should be applied to the instances of @Augmentable classes or previously augmented instances only (instance class was: class org.openqa.selenium.chrome.ChromeDriver)
]]></system-err>
  </testcase>
  <testcase name="TC132" classname="com.cpcommunity.testScripts.advertisments.TC132_Create_Advertisement_Plans_With_No_Approval" time="11.395">
    <failure message="Timed out after 20 seconds. Unable to locate the element" type="org.openqa.selenium.NoSuchElementException">org.openqa.selenium.NoSuchElementException: Timed out after 20 seconds. Unable to locate the element
	at sun.reflect.GeneratedConstructorAccessor73.newInstance(Unknown Source)
	at sun.reflect.DelegatingConstructorAccessorImpl.newInstance(DelegatingConstructorAccessorImpl.java:45)
	at java.lang.reflect.Constructor.newInstance(Constructor.java:423)
	at org.openqa.selenium.remote.ErrorHandler.createThrowable(ErrorHandler.java:214)
	at org.openqa.selenium.remote.ErrorHandler.throwIfResponseFailed(ErrorHandler.java:166)
	at org.openqa.selenium.remote.http.JsonHttpResponseCodec.reconstructValue(JsonHttpResponseCodec.java:40)
	at org.openqa.selenium.remote.http.AbstractHttpResponseCodec.decode(AbstractHttpResponseCodec.java:80)
	at org.openqa.selenium.remote.http.AbstractHttpResponseCodec.decode(AbstractHttpResponseCodec.java:44)
	at org.openqa.selenium.remote.HttpCommandExecutor.execute(HttpCommandExecutor.java:158)
	at org.openqa.selenium.remote.service.DriverCommandExecutor.execute(DriverCommandExecutor.java:83)
	at org.openqa.selenium.remote.RemoteWebDriver.execute(RemoteWebDriver.java:548)
	at org.openqa.selenium.remote.RemoteWebDriver.findElement(RemoteWebDriver.java:322)
	at org.openqa.selenium.remote.RemoteWebDriver.findElementByXPath(RemoteWebDriver.java:424)
	at org.openqa.selenium.By$ByXPath.findElement(By.java:353)
	at org.openqa.selenium.remote.RemoteWebDriver.findElement(RemoteWebDriver.java:314)
	at org.openqa.selenium.support.pagefactory.DefaultElementLocator.findElement(DefaultElementLocator.java:69)
	at org.openqa.selenium.support.pagefactory.AjaxElementLocator.access$001(AjaxElementLocator.java:39)
	at org.openqa.selenium.support.pagefactory.AjaxElementLocator$SlowLoadingElement.isLoaded(AjaxElementLocator.java:194)
	at org.openqa.selenium.support.ui.SlowLoadableComponent.get(SlowLoadableComponent.java:78)
	at org.openqa.selenium.support.pagefactory.AjaxElementLocator.findElement(AjaxElementLocator.java:119)
	at org.openqa.selenium.support.pagefactory.internal.LocatingElementHandler.invoke(LocatingElementHandler.java:38)
	at com.sun.proxy.$Proxy9.getWrappedElement(Unknown Source)
	at org.openqa.selenium.remote.internal.WebElementToJsonConverter.apply(WebElementToJsonConverter.java:50)
	at java.util.stream.ReferencePipeline$3$1.accept(ReferencePipeline.java:193)
	at java.util.Spliterators$ArraySpliterator.forEachRemaining(Spliterators.java:948)
	at java.util.stream.AbstractPipeline.copyInto(AbstractPipeline.java:482)
	at java.util.stream.AbstractPipeline.wrapAndCopyInto(AbstractPipeline.java:472)
	at java.util.stream.ReduceOps$ReduceOp.evaluateSequential(ReduceOps.java:708)
	at java.util.stream.AbstractPipeline.evaluate(AbstractPipeline.java:234)
	at java.util.stream.ReferencePipeline.collect(ReferencePipeline.java:499)
	at org.openqa.selenium.remote.RemoteWebDriver.executeScript(RemoteWebDriver.java:480)
	at com.cpcommunity.PageObjects.BasePage.highlightElement(BasePage.java:512)
	at com.cpcommunity.PageObjects.BasePage.click(BasePage.java:197)
	at com.cpcommunity.PageObjects.CommunityDashboardPage.clickOnAdvertisments(CommunityDashboardPage.java:127)
	at com.cpcommunity.PageObjects.CommunityDashboardPage.NavigateToManageAdPlansPage(CommunityDashboardPage.java:132)
	at com.cpcommunity.testScripts.advertisments.TC132_Create_Advertisement_Plans_With_No_Approval.TC132(TC132_Create_Advertisement_Plans_With_No_Approval.java:28)
</failure>
    <system-out><![CDATA[INFO    2020-09-29 07:26:51,426 [TestNG-test=Test8-4] com.cpcommunity.PageObjects.BasePage  - scrolling up vertically...
INFO    2020-09-29 07:26:51,942 [TestNG-test=Test8-3] com.cpcommunity.testScripts.community.BaseTest  - Test Execution Completed !!!
Total rows are : 1167
Test case starts from row num: 1007
Total rows of data are : 1
Total cols are : 12
@TestCase : TC151
INFO    2020-09-29 07:26:52,025 [TestNG-test=Test8-3] com.cpcommunity.testScripts.community.BaseTest  - Inside Login Test
{attendeeFirstName=Andrew, Test Descrption=TC151_Paid_Event_Registration_With_Cheque_From_Event_CheckIn, Runmode=Y, browser=chrome, eventName=Paid event -, communityName=Community -, email=andrew74444@gmail.com, attendeLastName=Thomson, password=Admin@123, companyName=PamTen, payerEmailID=andrew74444@gmail.com, attendeeEmailID=andrew74444@gmail.com}
Launching : chrome
INFO    2020-09-29 07:26:53,595 [TestNG-test=Test8-5] com.cpcommunity.PageObjects.BasePage  - scrolling up vertically...
ChromeDriver: chrome on XP (e30dbc57649e231950e0d8bbb28f14d3)
e30dbc57649e231950e0d8bbb28f14d3
INFO    2020-09-29 07:26:55,329 [TestNG-test=Test8-3] com.cpcommunity.testScripts.community.BaseTest  - Driver Initialized !!!
Date Format with dd MMMM yyyy : 29 Sep 2020
INFO    2020-09-29 07:26:56,438 [TestNG-test=Test8-4] com.cpcommunity.PageObjects.BasePage  - Typing in : Event Name Search entered the value as : Paid event - 29 Sep 2020
INFO    2020-09-29 07:26:56,758 [TestNG-test=Test8-4] com.cpcommunity.PageObjects.BasePage  - Selecting the +Published+ value as : Published
INFO    2020-09-29 07:26:56,898 [TestNG-test=Test8-4] com.cpcommunity.PageObjects.BasePage  - Clicking on : button Search
Date Format with dd MMMM yyyy : 29 Sep 2020
INFO    2020-09-29 07:26:58,602 [TestNG-test=Test8-5] com.cpcommunity.PageObjects.BasePage  - Typing in : Event Name Search entered the value as : Paid event - 29 Sep 2020
INFO    2020-09-29 07:26:59,753 [TestNG-test=Test8-5] com.cpcommunity.PageObjects.BasePage  - Selecting the +Published+ value as : Published
INFO    2020-09-29 07:27:00,151 [TestNG-test=Test8-5] com.cpcommunity.PageObjects.BasePage  - Clicking on : button Search
Page Opened
INFO    2020-09-29 07:27:03,030 [TestNG-test=Test8-4] com.cpcommunity.PageObjects.BasePage  - Clicking on : firstEventRowCheckBox
]]></system-out>
    <system-err><![CDATA[Sep 29, 2020 7:26:50 AM org.openqa.selenium.remote.Augmenter extractRemoteWebDriver
WARNING: Augmenter should be applied to the instances of @Augmentable classes or previously augmented instances only (instance class was: class org.openqa.selenium.chrome.ChromeDriver)
Sep 29, 2020 7:26:51 AM org.openqa.selenium.remote.Augmenter extractRemoteWebDriver
WARNING: Augmenter should be applied to the instances of @Augmentable classes or previously augmented instances only (instance class was: class org.openqa.selenium.chrome.ChromeDriver)
Starting ChromeDriver 2.38.552522 (437e6fbedfa8762dec75e2c5b3ddb86763dc9dcb) on port 13851
Only local connections are allowed.
Sep 29, 2020 7:26:52 AM org.openqa.selenium.remote.Augmenter extractRemoteWebDriver
WARNING: Augmenter should be applied to the instances of @Augmentable classes or previously augmented instances only (instance class was: class org.openqa.selenium.chrome.ChromeDriver)
Sep 29, 2020 7:26:55 AM org.openqa.selenium.remote.ProtocolHandshake createSession
INFO: Detected dialect: OSS
Sep 29, 2020 7:27:01 AM org.openqa.selenium.remote.Augmenter extractRemoteWebDriver
WARNING: Augmenter should be applied to the instances of @Augmentable classes or previously augmented instances only (instance class was: class org.openqa.selenium.chrome.ChromeDriver)
Sep 29, 2020 7:27:03 AM org.openqa.selenium.remote.Augmenter extractRemoteWebDriver
WARNING: Augmenter should be applied to the instances of @Augmentable classes or previously augmented instances only (instance class was: class org.openqa.selenium.chrome.ChromeDriver)
]]></system-err>
  </testcase>
  <testcase name="TC133" classname="com.cpcommunity.testScripts.advertisments.TC133_Create_Advertisement_Plans_With_Required_Approval" time="23.012">
    <failure message="Timed out after 20 seconds. Unable to locate the element" type="org.openqa.selenium.NoSuchElementException">org.openqa.selenium.NoSuchElementException: Timed out after 20 seconds. Unable to locate the element
	at sun.reflect.GeneratedConstructorAccessor73.newInstance(Unknown Source)
	at sun.reflect.DelegatingConstructorAccessorImpl.newInstance(DelegatingConstructorAccessorImpl.java:45)
	at java.lang.reflect.Constructor.newInstance(Constructor.java:423)
	at org.openqa.selenium.remote.ErrorHandler.createThrowable(ErrorHandler.java:214)
	at org.openqa.selenium.remote.ErrorHandler.throwIfResponseFailed(ErrorHandler.java:166)
	at org.openqa.selenium.remote.http.JsonHttpResponseCodec.reconstructValue(JsonHttpResponseCodec.java:40)
	at org.openqa.selenium.remote.http.AbstractHttpResponseCodec.decode(AbstractHttpResponseCodec.java:80)
	at org.openqa.selenium.remote.http.AbstractHttpResponseCodec.decode(AbstractHttpResponseCodec.java:44)
	at org.openqa.selenium.remote.HttpCommandExecutor.execute(HttpCommandExecutor.java:158)
	at org.openqa.selenium.remote.service.DriverCommandExecutor.execute(DriverCommandExecutor.java:83)
	at org.openqa.selenium.remote.RemoteWebDriver.execute(RemoteWebDriver.java:548)
	at org.openqa.selenium.remote.RemoteWebDriver.findElement(RemoteWebDriver.java:322)
	at org.openqa.selenium.remote.RemoteWebDriver.findElementByXPath(RemoteWebDriver.java:424)
	at org.openqa.selenium.By$ByXPath.findElement(By.java:353)
	at org.openqa.selenium.remote.RemoteWebDriver.findElement(RemoteWebDriver.java:314)
	at org.openqa.selenium.support.pagefactory.DefaultElementLocator.findElement(DefaultElementLocator.java:69)
	at org.openqa.selenium.support.pagefactory.AjaxElementLocator.access$001(AjaxElementLocator.java:39)
	at org.openqa.selenium.support.pagefactory.AjaxElementLocator$SlowLoadingElement.isLoaded(AjaxElementLocator.java:194)
	at org.openqa.selenium.support.ui.SlowLoadableComponent.get(SlowLoadableComponent.java:78)
	at org.openqa.selenium.support.pagefactory.AjaxElementLocator.findElement(AjaxElementLocator.java:119)
	at org.openqa.selenium.support.pagefactory.internal.LocatingElementHandler.invoke(LocatingElementHandler.java:38)
	at com.sun.proxy.$Proxy9.getWrappedElement(Unknown Source)
	at org.openqa.selenium.remote.internal.WebElementToJsonConverter.apply(WebElementToJsonConverter.java:50)
	at java.util.stream.ReferencePipeline$3$1.accept(ReferencePipeline.java:193)
	at java.util.Spliterators$ArraySpliterator.forEachRemaining(Spliterators.java:948)
	at java.util.stream.AbstractPipeline.copyInto(AbstractPipeline.java:482)
	at java.util.stream.AbstractPipeline.wrapAndCopyInto(AbstractPipeline.java:472)
	at java.util.stream.ReduceOps$ReduceOp.evaluateSequential(ReduceOps.java:708)
	at java.util.stream.AbstractPipeline.evaluate(AbstractPipeline.java:234)
	at java.util.stream.ReferencePipeline.collect(ReferencePipeline.java:499)
	at org.openqa.selenium.remote.RemoteWebDriver.executeScript(RemoteWebDriver.java:480)
	at com.cpcommunity.PageObjects.BasePage.highlightElement(BasePage.java:512)
	at com.cpcommunity.PageObjects.BasePage.click(BasePage.java:197)
	at com.cpcommunity.PageObjects.CommunityDashboardPage.clickOnAdvertisments(CommunityDashboardPage.java:127)
	at com.cpcommunity.PageObjects.CommunityDashboardPage.NavigateToManageAdPlansPage(CommunityDashboardPage.java:132)
	at com.cpcommunity.testScripts.advertisments.TC133_Create_Advertisement_Plans_With_Required_Approval.TC133(TC133_Create_Advertisement_Plans_With_Required_Approval.java:32)
</failure>
    <system-out><![CDATA[INFO    2020-09-29 07:27:04,275 [TestNG-test=Test8-1] com.cpcommunity.testScripts.community.BaseTest  - Test Execution Completed !!!
Total rows are : 1167
Test case starts from row num: 1011
Total rows of data are : 1
Total cols are : 12
@TestCase : TC152
INFO    2020-09-29 07:27:04,431 [TestNG-test=Test8-1] com.cpcommunity.testScripts.community.BaseTest  - Inside Login Test
{attendeeFirstName=Andrew, Test Descrption=TC152_Paid_Event_Registration_With_Cash_From_Event_CheckIn, Runmode=Y, browser=chrome, eventName=Paid event -, communityName=Community -, email=andrew74444@gmail.com, attendeLastName=Thomson, password=Admin@123, companyName=PamTen, payerEmailID=andrew74444@gmail.com, attendeeEmailID=andrew74444@gmail.com}
Launching : chrome
INFO    2020-09-29 07:27:05,651 [TestNG-test=Test8-3] com.cpcommunity.PageObjects.BasePage  - scrolling up vertically...
INFO    2020-09-29 07:27:06,420 [TestNG-test=Test8-5] com.cpcommunity.PageObjects.BasePage  - Clicking on : firstEventRowCheckBox
ChromeDriver: chrome on XP (a25d8093157bbd0de63978cc6d209e6c)
a25d8093157bbd0de63978cc6d209e6c
INFO    2020-09-29 07:27:09,355 [TestNG-test=Test8-1] com.cpcommunity.testScripts.community.BaseTest  - Driver Initialized !!!
INFO    2020-09-29 07:27:10,706 [TestNG-test=Test8-3] com.cpcommunity.PageObjects.BasePage  - waiting for :[[ChromeDriver: chrome on XP (e30dbc57649e231950e0d8bbb28f14d3)] -> xpath: //a[contains(.,'Login')]] for :18 seconds
INFO    2020-09-29 07:27:10,746 [TestNG-test=Test8-3] com.cpcommunity.PageObjects.BasePage  - [[ChromeDriver: chrome on XP (e30dbc57649e231950e0d8bbb28f14d3)] -> xpath: //a[contains(.,'Login')]]is displayed
INFO    2020-09-29 07:27:13,753 [TestNG-test=Test8-3] com.cpcommunity.PageObjects.BasePage  - Clicking on : LOGIN
Page Opened
ChromeDriver: chrome on XP (e30dbc57649e231950e0d8bbb28f14d3)Login Page
INFO    2020-09-29 07:27:19,787 [TestNG-test=Test8-3] com.cpcommunity.PageObjects.BasePage  - scrolling up vertically...
INFO    2020-09-29 07:27:20,596 [TestNG-test=Test8-1] com.cpcommunity.PageObjects.BasePage  - scrolling up vertically...
INFO    2020-09-29 07:27:24,830 [TestNG-test=Test8-3] com.cpcommunity.PageObjects.BasePage  - Typing in : email address entered the value as : andrew74444@gmail.com
INFO    2020-09-29 07:27:25,403 [TestNG-test=Test8-3] com.cpcommunity.PageObjects.BasePage  - Typing in : password entered the value as : Admin@123
INFO    2020-09-29 07:27:25,678 [TestNG-test=Test8-3] com.cpcommunity.PageObjects.BasePage  - Clicking on : Login
INFO    2020-09-29 07:27:25,695 [TestNG-test=Test8-1] com.cpcommunity.PageObjects.BasePage  - waiting for :[[ChromeDriver: chrome on XP (a25d8093157bbd0de63978cc6d209e6c)] -> xpath: //a[contains(.,'Login')]] for :18 seconds
INFO    2020-09-29 07:27:25,793 [TestNG-test=Test8-1] com.cpcommunity.PageObjects.BasePage  - [[ChromeDriver: chrome on XP (a25d8093157bbd0de63978cc6d209e6c)] -> xpath: //a[contains(.,'Login')]]is displayed
]]></system-out>
    <system-err><![CDATA[Starting ChromeDriver 2.38.552522 (437e6fbedfa8762dec75e2c5b3ddb86763dc9dcb) on port 8234
Only local connections are allowed.
Sep 29, 2020 7:27:04 AM org.openqa.selenium.remote.Augmenter extractRemoteWebDriver
WARNING: Augmenter should be applied to the instances of @Augmentable classes or previously augmented instances only (instance class was: class org.openqa.selenium.chrome.ChromeDriver)
Sep 29, 2020 7:27:09 AM org.openqa.selenium.remote.ProtocolHandshake createSession
INFO: Detected dialect: OSS
Sep 29, 2020 7:27:15 AM org.openqa.selenium.remote.Augmenter extractRemoteWebDriver
WARNING: Augmenter should be applied to the instances of @Augmentable classes or previously augmented instances only (instance class was: class org.openqa.selenium.chrome.ChromeDriver)
Sep 29, 2020 7:27:17 AM org.openqa.selenium.remote.Augmenter extractRemoteWebDriver
WARNING: Augmenter should be applied to the instances of @Augmentable classes or previously augmented instances only (instance class was: class org.openqa.selenium.chrome.ChromeDriver)
Sep 29, 2020 7:27:17 AM org.openqa.selenium.remote.Augmenter extractRemoteWebDriver
WARNING: Augmenter should be applied to the instances of @Augmentable classes or previously augmented instances only (instance class was: class org.openqa.selenium.chrome.ChromeDriver)
Sep 29, 2020 7:27:19 AM org.openqa.selenium.remote.Augmenter extractRemoteWebDriver
WARNING: Augmenter should be applied to the instances of @Augmentable classes or previously augmented instances only (instance class was: class org.openqa.selenium.chrome.ChromeDriver)
Sep 29, 2020 7:27:19 AM org.openqa.selenium.remote.Augmenter extractRemoteWebDriver
WARNING: Augmenter should be applied to the instances of @Augmentable classes or previously augmented instances only (instance class was: class org.openqa.selenium.chrome.ChromeDriver)
]]></system-err>
  </testcase>
  <testcase name="TC150" classname="com.cpcommunity.testScripts.Event_Registrations.TC150_Paid_Event_Registration_With_Authorize_From_Event_CheckIn" time="35.266">
    <failure message="Timed out after 20 seconds. Unable to locate the element" type="org.openqa.selenium.NoSuchElementException">org.openqa.selenium.NoSuchElementException: Timed out after 20 seconds. Unable to locate the element
	at sun.reflect.GeneratedConstructorAccessor73.newInstance(Unknown Source)
	at sun.reflect.DelegatingConstructorAccessorImpl.newInstance(DelegatingConstructorAccessorImpl.java:45)
	at java.lang.reflect.Constructor.newInstance(Constructor.java:423)
	at org.openqa.selenium.remote.ErrorHandler.createThrowable(ErrorHandler.java:214)
	at org.openqa.selenium.remote.ErrorHandler.throwIfResponseFailed(ErrorHandler.java:166)
	at org.openqa.selenium.remote.http.JsonHttpResponseCodec.reconstructValue(JsonHttpResponseCodec.java:40)
	at org.openqa.selenium.remote.http.AbstractHttpResponseCodec.decode(AbstractHttpResponseCodec.java:80)
	at org.openqa.selenium.remote.http.AbstractHttpResponseCodec.decode(AbstractHttpResponseCodec.java:44)
	at org.openqa.selenium.remote.HttpCommandExecutor.execute(HttpCommandExecutor.java:158)
	at org.openqa.selenium.remote.service.DriverCommandExecutor.execute(DriverCommandExecutor.java:83)
	at org.openqa.selenium.remote.RemoteWebDriver.execute(RemoteWebDriver.java:548)
	at org.openqa.selenium.remote.RemoteWebDriver.findElement(RemoteWebDriver.java:322)
	at org.openqa.selenium.remote.RemoteWebDriver.findElementByXPath(RemoteWebDriver.java:424)
	at org.openqa.selenium.By$ByXPath.findElement(By.java:353)
	at org.openqa.selenium.remote.RemoteWebDriver.findElement(RemoteWebDriver.java:314)
	at org.openqa.selenium.support.pagefactory.DefaultElementLocator.findElement(DefaultElementLocator.java:69)
	at org.openqa.selenium.support.pagefactory.AjaxElementLocator.access$001(AjaxElementLocator.java:39)
	at org.openqa.selenium.support.pagefactory.AjaxElementLocator$SlowLoadingElement.isLoaded(AjaxElementLocator.java:194)
	at org.openqa.selenium.support.ui.SlowLoadableComponent.get(SlowLoadableComponent.java:78)
	at org.openqa.selenium.support.pagefactory.AjaxElementLocator.findElement(AjaxElementLocator.java:119)
	at org.openqa.selenium.support.pagefactory.internal.LocatingElementHandler.invoke(LocatingElementHandler.java:38)
	at com.sun.proxy.$Proxy9.getWrappedElement(Unknown Source)
	at org.openqa.selenium.remote.internal.WebElementToJsonConverter.apply(WebElementToJsonConverter.java:50)
	at java.util.stream.ReferencePipeline$3$1.accept(ReferencePipeline.java:193)
	at java.util.Spliterators$ArraySpliterator.forEachRemaining(Spliterators.java:948)
	at java.util.stream.AbstractPipeline.copyInto(AbstractPipeline.java:482)
	at java.util.stream.AbstractPipeline.wrapAndCopyInto(AbstractPipeline.java:472)
	at java.util.stream.ReduceOps$ReduceOp.evaluateSequential(ReduceOps.java:708)
	at java.util.stream.AbstractPipeline.evaluate(AbstractPipeline.java:234)
	at java.util.stream.ReferencePipeline.collect(ReferencePipeline.java:499)
	at org.openqa.selenium.remote.RemoteWebDriver.executeScript(RemoteWebDriver.java:480)
	at com.cpcommunity.PageObjects.BasePage.highlightElement(BasePage.java:512)
	at com.cpcommunity.PageObjects.BasePage.click(BasePage.java:197)
	at com.cpcommunity.PageObjects.CommunityEventsPage.checkIn(CommunityEventsPage.java:97)
	at com.cpcommunity.testScripts.Event_Registrations.TC150_Paid_Event_Registration_With_Authorize_From_Event_CheckIn.TC150(TC150_Paid_Event_Registration_With_Authorize_From_Event_CheckIn.java:33)
</failure>
    <system-out><![CDATA[INFO    2020-09-29 07:27:28,612 [TestNG-test=Test8-2] com.cpcommunity.testScripts.community.BaseTest  - Test Execution Completed !!!
Total rows are : 1167
Test case starts from row num: 1019
Total rows of data are : 1
Total cols are : 11
@TestCase : TC153
INFO    2020-09-29 07:27:28,804 [TestNG-test=Test8-1] com.cpcommunity.PageObjects.BasePage  - Clicking on : LOGIN
INFO    2020-09-29 07:27:28,832 [TestNG-test=Test8-2] com.cpcommunity.testScripts.community.BaseTest  - Inside Login Test
{attendeeFirstName=Andrew, Test Descrption=TC153_Free_Event_Registration_From_Event_CheckIn, Runmode=Y, browser=chrome, eventName=Free event -, communityName=Community -, email=andrew74444@gmail.com, attendeLastName=Thomson, password=Admin@123, companyName=PamTen, attendeeEmailID=andrew74444@gmail.com}
Launching : chrome
ChromeDriver: chrome on XP (a25d8093157bbd0de63978cc6d209e6c)Login Page
ChromeDriver: chrome on XP (f2aaf12dfb6f7b3fbb235f2e445a3676)
f2aaf12dfb6f7b3fbb235f2e445a3676
INFO    2020-09-29 07:27:33,056 [TestNG-test=Test8-2] com.cpcommunity.testScripts.community.BaseTest  - Driver Initialized !!!
INFO    2020-09-29 07:27:35,334 [TestNG-test=Test8-3] com.cpcommunity.PageObjects.BasePage  - scrolling up vertically...
INFO    2020-09-29 07:27:36,258 [TestNG-test=Test8-1] com.cpcommunity.PageObjects.BasePage  - scrolling up vertically...
Page Opened
INFO    2020-09-29 07:27:40,396 [TestNG-test=Test8-3] com.cpcommunity.PageObjects.BasePage  - Clicking on : view All
INFO    2020-09-29 07:27:41,269 [TestNG-test=Test8-1] com.cpcommunity.PageObjects.BasePage  - Typing in : email address entered the value as : andrew74444@gmail.com
INFO    2020-09-29 07:27:42,486 [TestNG-test=Test8-1] com.cpcommunity.PageObjects.BasePage  - Typing in : password entered the value as : Admin@123
INFO    2020-09-29 07:27:43,032 [TestNG-test=Test8-1] com.cpcommunity.PageObjects.BasePage  - Clicking on : Login
INFO    2020-09-29 07:27:46,216 [TestNG-test=Test8-2] com.cpcommunity.PageObjects.BasePage  - scrolling up vertically...
INFO    2020-09-29 07:27:46,497 [TestNG-test=Test8-3] com.cpcommunity.PageObjects.BasePage  - scrolling up vertically...
INFO    2020-09-29 07:27:51,363 [TestNG-test=Test8-2] com.cpcommunity.PageObjects.BasePage  - waiting for :[[ChromeDriver: chrome on XP (f2aaf12dfb6f7b3fbb235f2e445a3676)] -> xpath: //a[contains(.,'Login')]] for :18 seconds
INFO    2020-09-29 07:27:51,424 [TestNG-test=Test8-2] com.cpcommunity.PageObjects.BasePage  - [[ChromeDriver: chrome on XP (f2aaf12dfb6f7b3fbb235f2e445a3676)] -> xpath: //a[contains(.,'Login')]]is displayed
Date Format with dd MMMM yyyy : 29 Sep 2020
INFO    2020-09-29 07:27:51,633 [TestNG-test=Test8-3] com.cpcommunity.PageObjects.BasePage  - waiting for :[[ChromeDriver: chrome on XP (e30dbc57649e231950e0d8bbb28f14d3)] -> xpath: //input[@placeholder='Search by Community Name']] for :18 seconds
INFO    2020-09-29 07:27:51,720 [TestNG-test=Test8-3] com.cpcommunity.PageObjects.BasePage  - [[ChromeDriver: chrome on XP (e30dbc57649e231950e0d8bbb28f14d3)] -> xpath: //input[@placeholder='Search by Community Name']]is displayed
INFO    2020-09-29 07:27:51,895 [TestNG-test=Test8-1] com.cpcommunity.PageObjects.BasePage  - scrolling up vertically...
INFO    2020-09-29 07:27:54,083 [TestNG-test=Test8-3] com.cpcommunity.PageObjects.BasePage  - Typing in : Search by Community entered the value as : Community - 29 Sep 2020
INFO    2020-09-29 07:27:54,427 [TestNG-test=Test8-2] com.cpcommunity.PageObjects.BasePage  - Clicking on : LOGIN
INFO    2020-09-29 07:27:54,654 [TestNG-test=Test8-3] com.cpcommunity.PageObjects.BasePage  - Clicking on : search btn
ChromeDriver: chrome on XP (f2aaf12dfb6f7b3fbb235f2e445a3676)Login Page
INFO    2020-09-29 07:27:56,941 [TestNG-test=Test8-1] com.cpcommunity.PageObjects.BasePage  - Clicking on : view All
INFO    2020-09-29 07:27:59,498 [TestNG-test=Test8-2] com.cpcommunity.PageObjects.BasePage  - scrolling up vertically...
INFO    2020-09-29 07:28:01,047 [TestNG-test=Test8-3] com.cpcommunity.PageObjects.BasePage  - waiting for :[[ChromeDriver: chrome on XP (e30dbc57649e231950e0d8bbb28f14d3)] -> xpath: //a[@tooltip='Community - 29 Sep 2020']] for :18 seconds
INFO    2020-09-29 07:28:01,063 [TestNG-test=Test8-3] com.cpcommunity.PageObjects.BasePage  - [[ChromeDriver: chrome on XP (e30dbc57649e231950e0d8bbb28f14d3)] -> xpath: //a[@tooltip='Community - 29 Sep 2020']]is displayed
INFO    2020-09-29 07:28:01,683 [TestNG-test=Test8-1] com.cpcommunity.PageObjects.BasePage  - scrolling up vertically...
INFO    2020-09-29 07:28:03,356 [TestNG-test=Test8-3] com.cpcommunity.PageObjects.BasePage  - Clicking on : Manage
]]></system-out>
    <system-err><![CDATA[Starting ChromeDriver 2.38.552522 (437e6fbedfa8762dec75e2c5b3ddb86763dc9dcb) on port 23050
Only local connections are allowed.
Sep 29, 2020 7:27:31 AM org.openqa.selenium.remote.Augmenter extractRemoteWebDriver
WARNING: Augmenter should be applied to the instances of @Augmentable classes or previously augmented instances only (instance class was: class org.openqa.selenium.chrome.ChromeDriver)
Sep 29, 2020 7:27:32 AM org.openqa.selenium.remote.Augmenter extractRemoteWebDriver
WARNING: Augmenter should be applied to the instances of @Augmentable classes or previously augmented instances only (instance class was: class org.openqa.selenium.chrome.ChromeDriver)
Sep 29, 2020 7:27:33 AM org.openqa.selenium.remote.ProtocolHandshake createSession
INFO: Detected dialect: OSS
Sep 29, 2020 7:27:34 AM org.openqa.selenium.remote.Augmenter extractRemoteWebDriver
WARNING: Augmenter should be applied to the instances of @Augmentable classes or previously augmented instances only (instance class was: class org.openqa.selenium.chrome.ChromeDriver)
Sep 29, 2020 7:27:34 AM org.openqa.selenium.remote.Augmenter extractRemoteWebDriver
WARNING: Augmenter should be applied to the instances of @Augmentable classes or previously augmented instances only (instance class was: class org.openqa.selenium.chrome.ChromeDriver)
Sep 29, 2020 7:27:35 AM org.openqa.selenium.remote.Augmenter extractRemoteWebDriver
WARNING: Augmenter should be applied to the instances of @Augmentable classes or previously augmented instances only (instance class was: class org.openqa.selenium.chrome.ChromeDriver)
Sep 29, 2020 7:27:40 AM org.openqa.selenium.remote.Augmenter extractRemoteWebDriver
WARNING: Augmenter should be applied to the instances of @Augmentable classes or previously augmented instances only (instance class was: class org.openqa.selenium.chrome.ChromeDriver)
Sep 29, 2020 7:27:42 AM org.openqa.selenium.remote.Augmenter extractRemoteWebDriver
WARNING: Augmenter should be applied to the instances of @Augmentable classes or previously augmented instances only (instance class was: class org.openqa.selenium.chrome.ChromeDriver)
Sep 29, 2020 7:27:44 AM org.openqa.selenium.remote.Augmenter extractRemoteWebDriver
WARNING: Augmenter should be applied to the instances of @Augmentable classes or previously augmented instances only (instance class was: class org.openqa.selenium.chrome.ChromeDriver)
Sep 29, 2020 7:27:44 AM org.openqa.selenium.remote.Augmenter extractRemoteWebDriver
WARNING: Augmenter should be applied to the instances of @Augmentable classes or previously augmented instances only (instance class was: class org.openqa.selenium.chrome.ChromeDriver)
Sep 29, 2020 7:27:45 AM org.openqa.selenium.remote.Augmenter extractRemoteWebDriver
WARNING: Augmenter should be applied to the instances of @Augmentable classes or previously augmented instances only (instance class was: class org.openqa.selenium.chrome.ChromeDriver)
Sep 29, 2020 7:27:47 AM org.openqa.selenium.remote.Augmenter extractRemoteWebDriver
WARNING: Augmenter should be applied to the instances of @Augmentable classes or previously augmented instances only (instance class was: class org.openqa.selenium.chrome.ChromeDriver)
Sep 29, 2020 7:27:49 AM org.openqa.selenium.remote.Augmenter extractRemoteWebDriver
WARNING: Augmenter should be applied to the instances of @Augmentable classes or previously augmented instances only (instance class was: class org.openqa.selenium.chrome.ChromeDriver)
Sep 29, 2020 7:27:50 AM org.openqa.selenium.remote.Augmenter extractRemoteWebDriver
WARNING: Augmenter should be applied to the instances of @Augmentable classes or previously augmented instances only (instance class was: class org.openqa.selenium.chrome.ChromeDriver)
Sep 29, 2020 7:27:57 AM org.openqa.selenium.remote.Augmenter extractRemoteWebDriver
WARNING: Augmenter should be applied to the instances of @Augmentable classes or previously augmented instances only (instance class was: class org.openqa.selenium.chrome.ChromeDriver)
Sep 29, 2020 7:27:59 AM org.openqa.selenium.remote.Augmenter extractRemoteWebDriver
WARNING: Augmenter should be applied to the instances of @Augmentable classes or previously augmented instances only (instance class was: class org.openqa.selenium.chrome.ChromeDriver)
Sep 29, 2020 7:27:59 AM org.openqa.selenium.remote.Augmenter extractRemoteWebDriver
WARNING: Augmenter should be applied to the instances of @Augmentable classes or previously augmented instances only (instance class was: class org.openqa.selenium.chrome.ChromeDriver)
Sep 29, 2020 7:28:00 AM org.openqa.selenium.remote.Augmenter extractRemoteWebDriver
WARNING: Augmenter should be applied to the instances of @Augmentable classes or previously augmented instances only (instance class was: class org.openqa.selenium.chrome.ChromeDriver)
]]></system-err>
  </testcase>
  <testcase name="TC149" classname="com.cpcommunity.testScripts.Event_Registrations.TC149_Paid_Event_Registration_With_PayPal_From_Event_CheckIn" time="38.905">
    <failure message="Timed out after 20 seconds. Unable to locate the element" type="org.openqa.selenium.NoSuchElementException">org.openqa.selenium.NoSuchElementException: Timed out after 20 seconds. Unable to locate the element
	at sun.reflect.GeneratedConstructorAccessor73.newInstance(Unknown Source)
	at sun.reflect.DelegatingConstructorAccessorImpl.newInstance(DelegatingConstructorAccessorImpl.java:45)
	at java.lang.reflect.Constructor.newInstance(Constructor.java:423)
	at org.openqa.selenium.remote.ErrorHandler.createThrowable(ErrorHandler.java:214)
	at org.openqa.selenium.remote.ErrorHandler.throwIfResponseFailed(ErrorHandler.java:166)
	at org.openqa.selenium.remote.http.JsonHttpResponseCodec.reconstructValue(JsonHttpResponseCodec.java:40)
	at org.openqa.selenium.remote.http.AbstractHttpResponseCodec.decode(AbstractHttpResponseCodec.java:80)
	at org.openqa.selenium.remote.http.AbstractHttpResponseCodec.decode(AbstractHttpResponseCodec.java:44)
	at org.openqa.selenium.remote.HttpCommandExecutor.execute(HttpCommandExecutor.java:158)
	at org.openqa.selenium.remote.service.DriverCommandExecutor.execute(DriverCommandExecutor.java:83)
	at org.openqa.selenium.remote.RemoteWebDriver.execute(RemoteWebDriver.java:548)
	at org.openqa.selenium.remote.RemoteWebDriver.findElement(RemoteWebDriver.java:322)
	at org.openqa.selenium.remote.RemoteWebDriver.findElementByXPath(RemoteWebDriver.java:424)
	at org.openqa.selenium.By$ByXPath.findElement(By.java:353)
	at org.openqa.selenium.remote.RemoteWebDriver.findElement(RemoteWebDriver.java:314)
	at org.openqa.selenium.support.pagefactory.DefaultElementLocator.findElement(DefaultElementLocator.java:69)
	at org.openqa.selenium.support.pagefactory.AjaxElementLocator.access$001(AjaxElementLocator.java:39)
	at org.openqa.selenium.support.pagefactory.AjaxElementLocator$SlowLoadingElement.isLoaded(AjaxElementLocator.java:194)
	at org.openqa.selenium.support.ui.SlowLoadableComponent.get(SlowLoadableComponent.java:78)
	at org.openqa.selenium.support.pagefactory.AjaxElementLocator.findElement(AjaxElementLocator.java:119)
	at org.openqa.selenium.support.pagefactory.internal.LocatingElementHandler.invoke(LocatingElementHandler.java:38)
	at com.sun.proxy.$Proxy9.getWrappedElement(Unknown Source)
	at org.openqa.selenium.remote.internal.WebElementToJsonConverter.apply(WebElementToJsonConverter.java:50)
	at java.util.stream.ReferencePipeline$3$1.accept(ReferencePipeline.java:193)
	at java.util.Spliterators$ArraySpliterator.forEachRemaining(Spliterators.java:948)
	at java.util.stream.AbstractPipeline.copyInto(AbstractPipeline.java:482)
	at java.util.stream.AbstractPipeline.wrapAndCopyInto(AbstractPipeline.java:472)
	at java.util.stream.ReduceOps$ReduceOp.evaluateSequential(ReduceOps.java:708)
	at java.util.stream.AbstractPipeline.evaluate(AbstractPipeline.java:234)
	at java.util.stream.ReferencePipeline.collect(ReferencePipeline.java:499)
	at org.openqa.selenium.remote.RemoteWebDriver.executeScript(RemoteWebDriver.java:480)
	at com.cpcommunity.PageObjects.BasePage.highlightElement(BasePage.java:512)
	at com.cpcommunity.PageObjects.BasePage.click(BasePage.java:197)
	at com.cpcommunity.PageObjects.CommunityEventsPage.checkIn(CommunityEventsPage.java:97)
	at com.cpcommunity.testScripts.Event_Registrations.TC149_Paid_Event_Registration_With_PayPal_From_Event_CheckIn.TC149(TC149_Paid_Event_Registration_With_PayPal_From_Event_CheckIn.java:33)
</failure>
    <system-out><![CDATA[INFO    2020-09-29 07:28:04,535 [TestNG-test=Test8-2] com.cpcommunity.PageObjects.BasePage  - Typing in : email address entered the value as : andrew74444@gmail.com
INFO    2020-09-29 07:28:04,982 [TestNG-test=Test8-2] com.cpcommunity.PageObjects.BasePage  - Typing in : password entered the value as : Admin@123
INFO    2020-09-29 07:28:05,149 [TestNG-test=Test8-2] com.cpcommunity.PageObjects.BasePage  - Clicking on : Login
INFO    2020-09-29 07:28:05,854 [TestNG-test=Test8-4] com.cpcommunity.testScripts.community.BaseTest  - Test Execution Completed !!!
Date Format with dd MMMM yyyy : 29 Sep 2020
INFO    2020-09-29 07:28:06,847 [TestNG-test=Test8-1] com.cpcommunity.PageObjects.BasePage  - waiting for :[[ChromeDriver: chrome on XP (a25d8093157bbd0de63978cc6d209e6c)] -> xpath: //input[@placeholder='Search by Community Name']] for :18 seconds
INFO    2020-09-29 07:28:07,215 [TestNG-test=Test8-1] com.cpcommunity.PageObjects.BasePage  - [[ChromeDriver: chrome on XP (a25d8093157bbd0de63978cc6d209e6c)] -> xpath: //input[@placeholder='Search by Community Name']]is displayed
]]></system-out>
  </testcase>
  <testcase name="TC151" classname="com.cpcommunity.testScripts.Event_Registrations.TC151_Paid_Event_Registration_With_Cheque_From_Event_CheckIn" time="128.769">
    <failure message="Timed out after 20 seconds. Unable to locate the element" type="org.openqa.selenium.NoSuchElementException">org.openqa.selenium.NoSuchElementException: Timed out after 20 seconds. Unable to locate the element
	at sun.reflect.GeneratedConstructorAccessor73.newInstance(Unknown Source)
	at sun.reflect.DelegatingConstructorAccessorImpl.newInstance(DelegatingConstructorAccessorImpl.java:45)
	at java.lang.reflect.Constructor.newInstance(Constructor.java:423)
	at org.openqa.selenium.remote.ErrorHandler.createThrowable(ErrorHandler.java:214)
	at org.openqa.selenium.remote.ErrorHandler.throwIfResponseFailed(ErrorHandler.java:166)
	at org.openqa.selenium.remote.http.JsonHttpResponseCodec.reconstructValue(JsonHttpResponseCodec.java:40)
	at org.openqa.selenium.remote.http.AbstractHttpResponseCodec.decode(AbstractHttpResponseCodec.java:80)
	at org.openqa.selenium.remote.http.AbstractHttpResponseCodec.decode(AbstractHttpResponseCodec.java:44)
	at org.openqa.selenium.remote.HttpCommandExecutor.execute(HttpCommandExecutor.java:158)
	at org.openqa.selenium.remote.service.DriverCommandExecutor.execute(DriverCommandExecutor.java:83)
	at org.openqa.selenium.remote.RemoteWebDriver.execute(RemoteWebDriver.java:548)
	at org.openqa.selenium.remote.RemoteWebDriver.findElement(RemoteWebDriver.java:322)
	at org.openqa.selenium.remote.RemoteWebDriver.findElementByXPath(RemoteWebDriver.java:424)
	at org.openqa.selenium.By$ByXPath.findElement(By.java:353)
	at org.openqa.selenium.remote.RemoteWebDriver.findElement(RemoteWebDriver.java:314)
	at org.openqa.selenium.support.pagefactory.DefaultElementLocator.findElement(DefaultElementLocator.java:69)
	at org.openqa.selenium.support.pagefactory.AjaxElementLocator.access$001(AjaxElementLocator.java:39)
	at org.openqa.selenium.support.pagefactory.AjaxElementLocator$SlowLoadingElement.isLoaded(AjaxElementLocator.java:194)
	at org.openqa.selenium.support.ui.SlowLoadableComponent.get(SlowLoadableComponent.java:78)
	at org.openqa.selenium.support.pagefactory.AjaxElementLocator.findElement(AjaxElementLocator.java:119)
	at org.openqa.selenium.support.pagefactory.internal.LocatingElementHandler.invoke(LocatingElementHandler.java:38)
	at com.sun.proxy.$Proxy9.getWrappedElement(Unknown Source)
	at org.openqa.selenium.remote.internal.WebElementToJsonConverter.apply(WebElementToJsonConverter.java:50)
	at java.util.stream.ReferencePipeline$3$1.accept(ReferencePipeline.java:193)
	at java.util.Spliterators$ArraySpliterator.forEachRemaining(Spliterators.java:948)
	at java.util.stream.AbstractPipeline.copyInto(AbstractPipeline.java:482)
	at java.util.stream.AbstractPipeline.wrapAndCopyInto(AbstractPipeline.java:472)
	at java.util.stream.ReduceOps$ReduceOp.evaluateSequential(ReduceOps.java:708)
	at java.util.stream.AbstractPipeline.evaluate(AbstractPipeline.java:234)
	at java.util.stream.ReferencePipeline.collect(ReferencePipeline.java:499)
	at org.openqa.selenium.remote.RemoteWebDriver.executeScript(RemoteWebDriver.java:480)
	at com.cpcommunity.PageObjects.BasePage.highlightElement(BasePage.java:512)
	at com.cpcommunity.PageObjects.BasePage.click(BasePage.java:197)
	at com.cpcommunity.PageObjects.CommunityEventsPage.checkIn(CommunityEventsPage.java:97)
	at com.cpcommunity.testScripts.Event_Registrations.TC151_Paid_Event_Registration_With_Cheque_From_Event_CheckIn.TC151(TC151_Paid_Event_Registration_With_Cheque_From_Event_CheckIn.java:33)
</failure>
    <system-out><![CDATA[INFO    2020-09-29 07:28:07,879 [TestNG-test=Test8-3] com.cpcommunity.PageObjects.BasePage  - waiting for :[[ChromeDriver: chrome on XP (e30dbc57649e231950e0d8bbb28f14d3)] -> xpath: //h2[contains(text(),'Dashboard')]] for :18 seconds
INFO    2020-09-29 07:28:07,929 [TestNG-test=Test8-3] com.cpcommunity.PageObjects.BasePage  - [[ChromeDriver: chrome on XP (e30dbc57649e231950e0d8bbb28f14d3)] -> xpath: //h2[contains(text(),'Dashboard')]]is displayed
INFO    2020-09-29 07:28:09,558 [TestNG-test=Test8-5] com.cpcommunity.testScripts.community.BaseTest  - Test Execution Completed !!!
INFO    2020-09-29 07:28:09,616 [TestNG-test=Test8-1] com.cpcommunity.PageObjects.BasePage  - Typing in : Search by Community entered the value as : Community - 29 Sep 2020
INFO    2020-09-29 07:28:10,162 [TestNG-test=Test8-1] com.cpcommunity.PageObjects.BasePage  - Clicking on : search btn
INFO    2020-09-29 07:28:13,718 [TestNG-test=Test8-2] com.cpcommunity.PageObjects.BasePage  - scrolling up vertically...
INFO    2020-09-29 07:28:14,511 [TestNG-test=Test8-3] com.cpcommunity.PageObjects.BasePage  - scrolling up vertically...
INFO    2020-09-29 07:28:16,485 [TestNG-test=Test8-1] com.cpcommunity.PageObjects.BasePage  - waiting for :[[ChromeDriver: chrome on XP (a25d8093157bbd0de63978cc6d209e6c)] -> xpath: //a[@tooltip='Community - 29 Sep 2020']] for :18 seconds
INFO    2020-09-29 07:28:16,501 [TestNG-test=Test8-1] com.cpcommunity.PageObjects.BasePage  - [[ChromeDriver: chrome on XP (a25d8093157bbd0de63978cc6d209e6c)] -> xpath: //a[@tooltip='Community - 29 Sep 2020']]is displayed
INFO    2020-09-29 07:28:18,762 [TestNG-test=Test8-2] com.cpcommunity.PageObjects.BasePage  - Clicking on : view All
INFO    2020-09-29 07:28:18,819 [TestNG-test=Test8-1] com.cpcommunity.PageObjects.BasePage  - Clicking on : Manage
INFO    2020-09-29 07:28:19,526 [TestNG-test=Test8-3] com.cpcommunity.PageObjects.BasePage  - Clicking on : Events
INFO    2020-09-29 07:28:21,963 [TestNG-test=Test8-1] com.cpcommunity.PageObjects.BasePage  - waiting for :[[ChromeDriver: chrome on XP (a25d8093157bbd0de63978cc6d209e6c)] -> xpath: //h2[contains(text(),'Dashboard')]] for :18 seconds
INFO    2020-09-29 07:28:22,116 [TestNG-test=Test8-1] com.cpcommunity.PageObjects.BasePage  - [[ChromeDriver: chrome on XP (a25d8093157bbd0de63978cc6d209e6c)] -> xpath: //h2[contains(text(),'Dashboard')]]is displayed
INFO    2020-09-29 07:28:24,551 [TestNG-test=Test8-2] com.cpcommunity.PageObjects.BasePage  - scrolling up vertically...
INFO    2020-09-29 07:28:25,096 [TestNG-test=Test8-3] com.cpcommunity.PageObjects.BasePage  - scrolling up vertically...
INFO    2020-09-29 07:28:29,110 [TestNG-test=Test8-1] com.cpcommunity.PageObjects.BasePage  - scrolling up vertically...
Date Format with dd MMMM yyyy : 29 Sep 2020
INFO    2020-09-29 07:28:29,602 [TestNG-test=Test8-2] com.cpcommunity.PageObjects.BasePage  - waiting for :[[ChromeDriver: chrome on XP (f2aaf12dfb6f7b3fbb235f2e445a3676)] -> xpath: //input[@placeholder='Search by Community Name']] for :18 seconds
INFO    2020-09-29 07:28:29,636 [TestNG-test=Test8-2] com.cpcommunity.PageObjects.BasePage  - [[ChromeDriver: chrome on XP (f2aaf12dfb6f7b3fbb235f2e445a3676)] -> xpath: //input[@placeholder='Search by Community Name']]is displayed
Date Format with dd MMMM yyyy : 29 Sep 2020
INFO    2020-09-29 07:28:30,103 [TestNG-test=Test8-3] com.cpcommunity.PageObjects.BasePage  - Typing in : Event Name Search entered the value as : Paid event - 29 Sep 2020
INFO    2020-09-29 07:28:30,394 [TestNG-test=Test8-3] com.cpcommunity.PageObjects.BasePage  - Selecting the +Published+ value as : Published
INFO    2020-09-29 07:28:30,558 [TestNG-test=Test8-3] com.cpcommunity.PageObjects.BasePage  - Clicking on : button Search
INFO    2020-09-29 07:28:31,935 [TestNG-test=Test8-2] com.cpcommunity.PageObjects.BasePage  - Typing in : Search by Community entered the value as : Community - 29 Sep 2020
INFO    2020-09-29 07:28:32,225 [TestNG-test=Test8-2] com.cpcommunity.PageObjects.BasePage  - Clicking on : search btn
INFO    2020-09-29 07:28:34,118 [TestNG-test=Test8-1] com.cpcommunity.PageObjects.BasePage  - Clicking on : Events
INFO    2020-09-29 07:28:36,710 [TestNG-test=Test8-3] com.cpcommunity.PageObjects.BasePage  - Clicking on : firstEventRowCheckBox
INFO    2020-09-29 07:28:38,398 [TestNG-test=Test8-2] com.cpcommunity.PageObjects.BasePage  - waiting for :[[ChromeDriver: chrome on XP (f2aaf12dfb6f7b3fbb235f2e445a3676)] -> xpath: //a[@tooltip='Community - 29 Sep 2020']] for :18 seconds
INFO    2020-09-29 07:28:38,410 [TestNG-test=Test8-2] com.cpcommunity.PageObjects.BasePage  - [[ChromeDriver: chrome on XP (f2aaf12dfb6f7b3fbb235f2e445a3676)] -> xpath: //a[@tooltip='Community - 29 Sep 2020']]is displayed
INFO    2020-09-29 07:28:38,683 [TestNG-test=Test8-1] com.cpcommunity.PageObjects.BasePage  - scrolling up vertically...
INFO    2020-09-29 07:28:40,694 [TestNG-test=Test8-2] com.cpcommunity.PageObjects.BasePage  - Clicking on : Manage
INFO    2020-09-29 07:28:42,118 [TestNG-test=Test8-2] com.cpcommunity.PageObjects.BasePage  - waiting for :[[ChromeDriver: chrome on XP (f2aaf12dfb6f7b3fbb235f2e445a3676)] -> xpath: //h2[contains(text(),'Dashboard')]] for :18 seconds
INFO    2020-09-29 07:28:42,301 [TestNG-test=Test8-2] com.cpcommunity.PageObjects.BasePage  - [[ChromeDriver: chrome on XP (f2aaf12dfb6f7b3fbb235f2e445a3676)] -> xpath: //h2[contains(text(),'Dashboard')]]is displayed
Date Format with dd MMMM yyyy : 29 Sep 2020
INFO    2020-09-29 07:28:43,693 [TestNG-test=Test8-1] com.cpcommunity.PageObjects.BasePage  - Typing in : Event Name Search entered the value as : Paid event - 29 Sep 2020
INFO    2020-09-29 07:28:43,975 [TestNG-test=Test8-1] com.cpcommunity.PageObjects.BasePage  - Selecting the +Published+ value as : Published
INFO    2020-09-29 07:28:44,111 [TestNG-test=Test8-1] com.cpcommunity.PageObjects.BasePage  - Clicking on : button Search
INFO    2020-09-29 07:28:48,637 [TestNG-test=Test8-2] com.cpcommunity.PageObjects.BasePage  - scrolling up vertically...
INFO    2020-09-29 07:28:50,241 [TestNG-test=Test8-1] com.cpcommunity.PageObjects.BasePage  - Clicking on : firstEventRowCheckBox
INFO    2020-09-29 07:28:53,644 [TestNG-test=Test8-2] com.cpcommunity.PageObjects.BasePage  - Clicking on : Events
INFO    2020-09-29 07:28:58,058 [TestNG-test=Test8-2] com.cpcommunity.PageObjects.BasePage  - scrolling up vertically...
Date Format with dd MMMM yyyy : 29 Sep 2020
INFO    2020-09-29 07:29:03,066 [TestNG-test=Test8-2] com.cpcommunity.PageObjects.BasePage  - Typing in : Event Name Search entered the value as : Free event - 29 Sep 2020
INFO    2020-09-29 07:29:03,340 [TestNG-test=Test8-2] com.cpcommunity.PageObjects.BasePage  - Selecting the +Published+ value as : Published
INFO    2020-09-29 07:29:03,481 [TestNG-test=Test8-2] com.cpcommunity.PageObjects.BasePage  - Clicking on : button Search
INFO    2020-09-29 07:29:09,628 [TestNG-test=Test8-2] com.cpcommunity.PageObjects.BasePage  - Clicking on : firstEventRowCheckBox
]]></system-out>
    <system-err><![CDATA[Sep 29, 2020 7:28:09 AM org.openqa.selenium.remote.Augmenter extractRemoteWebDriver
WARNING: Augmenter should be applied to the instances of @Augmentable classes or previously augmented instances only (instance class was: class org.openqa.selenium.chrome.ChromeDriver)
Sep 29, 2020 7:28:11 AM org.openqa.selenium.remote.Augmenter extractRemoteWebDriver
WARNING: Augmenter should be applied to the instances of @Augmentable classes or previously augmented instances only (instance class was: class org.openqa.selenium.chrome.ChromeDriver)
Sep 29, 2020 7:28:11 AM org.openqa.selenium.remote.Augmenter extractRemoteWebDriver
WARNING: Augmenter should be applied to the instances of @Augmentable classes or previously augmented instances only (instance class was: class org.openqa.selenium.chrome.ChromeDriver)
Sep 29, 2020 7:28:12 AM org.openqa.selenium.remote.Augmenter extractRemoteWebDriver
WARNING: Augmenter should be applied to the instances of @Augmentable classes or previously augmented instances only (instance class was: class org.openqa.selenium.chrome.ChromeDriver)
Sep 29, 2020 7:28:13 AM org.openqa.selenium.remote.Augmenter extractRemoteWebDriver
WARNING: Augmenter should be applied to the instances of @Augmentable classes or previously augmented instances only (instance class was: class org.openqa.selenium.chrome.ChromeDriver)
Sep 29, 2020 7:28:13 AM org.openqa.selenium.remote.Augmenter extractRemoteWebDriver
WARNING: Augmenter should be applied to the instances of @Augmentable classes or previously augmented instances only (instance class was: class org.openqa.selenium.chrome.ChromeDriver)
Sep 29, 2020 7:28:22 AM org.openqa.selenium.remote.Augmenter extractRemoteWebDriver
WARNING: Augmenter should be applied to the instances of @Augmentable classes or previously augmented instances only (instance class was: class org.openqa.selenium.chrome.ChromeDriver)
Sep 29, 2020 7:28:23 AM org.openqa.selenium.remote.Augmenter extractRemoteWebDriver
WARNING: Augmenter should be applied to the instances of @Augmentable classes or previously augmented instances only (instance class was: class org.openqa.selenium.chrome.ChromeDriver)
Sep 29, 2020 7:28:23 AM org.openqa.selenium.remote.Augmenter extractRemoteWebDriver
WARNING: Augmenter should be applied to the instances of @Augmentable classes or previously augmented instances only (instance class was: class org.openqa.selenium.chrome.ChromeDriver)
Sep 29, 2020 7:28:24 AM org.openqa.selenium.remote.Augmenter extractRemoteWebDriver
WARNING: Augmenter should be applied to the instances of @Augmentable classes or previously augmented instances only (instance class was: class org.openqa.selenium.chrome.ChromeDriver)
Sep 29, 2020 7:28:25 AM org.openqa.selenium.remote.Augmenter extractRemoteWebDriver
WARNING: Augmenter should be applied to the instances of @Augmentable classes or previously augmented instances only (instance class was: class org.openqa.selenium.chrome.ChromeDriver)
Sep 29, 2020 7:28:26 AM org.openqa.selenium.remote.Augmenter extractRemoteWebDriver
WARNING: Augmenter should be applied to the instances of @Augmentable classes or previously augmented instances only (instance class was: class org.openqa.selenium.chrome.ChromeDriver)
Sep 29, 2020 7:28:28 AM org.openqa.selenium.remote.Augmenter extractRemoteWebDriver
WARNING: Augmenter should be applied to the instances of @Augmentable classes or previously augmented instances only (instance class was: class org.openqa.selenium.chrome.ChromeDriver)
Sep 29, 2020 7:28:36 AM org.openqa.selenium.remote.Augmenter extractRemoteWebDriver
WARNING: Augmenter should be applied to the instances of @Augmentable classes or previously augmented instances only (instance class was: class org.openqa.selenium.chrome.ChromeDriver)
Sep 29, 2020 7:28:38 AM org.openqa.selenium.remote.Augmenter extractRemoteWebDriver
WARNING: Augmenter should be applied to the instances of @Augmentable classes or previously augmented instances only (instance class was: class org.openqa.selenium.chrome.ChromeDriver)
Sep 29, 2020 7:28:45 AM org.openqa.selenium.remote.Augmenter extractRemoteWebDriver
WARNING: Augmenter should be applied to the instances of @Augmentable classes or previously augmented instances only (instance class was: class org.openqa.selenium.chrome.ChromeDriver)
Sep 29, 2020 7:28:46 AM org.openqa.selenium.remote.Augmenter extractRemoteWebDriver
WARNING: Augmenter should be applied to the instances of @Augmentable classes or previously augmented instances only (instance class was: class org.openqa.selenium.chrome.ChromeDriver)
Sep 29, 2020 7:28:48 AM org.openqa.selenium.remote.Augmenter extractRemoteWebDriver
WARNING: Augmenter should be applied to the instances of @Augmentable classes or previously augmented instances only (instance class was: class org.openqa.selenium.chrome.ChromeDriver)
Sep 29, 2020 7:28:56 AM org.openqa.selenium.remote.Augmenter extractRemoteWebDriver
WARNING: Augmenter should be applied to the instances of @Augmentable classes or previously augmented instances only (instance class was: class org.openqa.selenium.chrome.ChromeDriver)
Sep 29, 2020 7:28:57 AM org.openqa.selenium.remote.Augmenter extractRemoteWebDriver
WARNING: Augmenter should be applied to the instances of @Augmentable classes or previously augmented instances only (instance class was: class org.openqa.selenium.chrome.ChromeDriver)
]]></system-err>
  </testcase>
  <testcase name="TC152" classname="com.cpcommunity.testScripts.Event_Registrations.TC152_Paid_Event_Registration_With_Cash_From_Event_CheckIn" time="142.373">
    <failure message="Timed out after 20 seconds. Unable to locate the element" type="org.openqa.selenium.NoSuchElementException">org.openqa.selenium.NoSuchElementException: Timed out after 20 seconds. Unable to locate the element
	at sun.reflect.GeneratedConstructorAccessor73.newInstance(Unknown Source)
	at sun.reflect.DelegatingConstructorAccessorImpl.newInstance(DelegatingConstructorAccessorImpl.java:45)
	at java.lang.reflect.Constructor.newInstance(Constructor.java:423)
	at org.openqa.selenium.remote.ErrorHandler.createThrowable(ErrorHandler.java:214)
	at org.openqa.selenium.remote.ErrorHandler.throwIfResponseFailed(ErrorHandler.java:166)
	at org.openqa.selenium.remote.http.JsonHttpResponseCodec.reconstructValue(JsonHttpResponseCodec.java:40)
	at org.openqa.selenium.remote.http.AbstractHttpResponseCodec.decode(AbstractHttpResponseCodec.java:80)
	at org.openqa.selenium.remote.http.AbstractHttpResponseCodec.decode(AbstractHttpResponseCodec.java:44)
	at org.openqa.selenium.remote.HttpCommandExecutor.execute(HttpCommandExecutor.java:158)
	at org.openqa.selenium.remote.service.DriverCommandExecutor.execute(DriverCommandExecutor.java:83)
	at org.openqa.selenium.remote.RemoteWebDriver.execute(RemoteWebDriver.java:548)
	at org.openqa.selenium.remote.RemoteWebDriver.findElement(RemoteWebDriver.java:322)
	at org.openqa.selenium.remote.RemoteWebDriver.findElementByXPath(RemoteWebDriver.java:424)
	at org.openqa.selenium.By$ByXPath.findElement(By.java:353)
	at org.openqa.selenium.remote.RemoteWebDriver.findElement(RemoteWebDriver.java:314)
	at org.openqa.selenium.support.pagefactory.DefaultElementLocator.findElement(DefaultElementLocator.java:69)
	at org.openqa.selenium.support.pagefactory.AjaxElementLocator.access$001(AjaxElementLocator.java:39)
	at org.openqa.selenium.support.pagefactory.AjaxElementLocator$SlowLoadingElement.isLoaded(AjaxElementLocator.java:194)
	at org.openqa.selenium.support.ui.SlowLoadableComponent.get(SlowLoadableComponent.java:78)
	at org.openqa.selenium.support.pagefactory.AjaxElementLocator.findElement(AjaxElementLocator.java:119)
	at org.openqa.selenium.support.pagefactory.internal.LocatingElementHandler.invoke(LocatingElementHandler.java:38)
	at com.sun.proxy.$Proxy9.getWrappedElement(Unknown Source)
	at org.openqa.selenium.remote.internal.WebElementToJsonConverter.apply(WebElementToJsonConverter.java:50)
	at java.util.stream.ReferencePipeline$3$1.accept(ReferencePipeline.java:193)
	at java.util.Spliterators$ArraySpliterator.forEachRemaining(Spliterators.java:948)
	at java.util.stream.AbstractPipeline.copyInto(AbstractPipeline.java:482)
	at java.util.stream.AbstractPipeline.wrapAndCopyInto(AbstractPipeline.java:472)
	at java.util.stream.ReduceOps$ReduceOp.evaluateSequential(ReduceOps.java:708)
	at java.util.stream.AbstractPipeline.evaluate(AbstractPipeline.java:234)
	at java.util.stream.ReferencePipeline.collect(ReferencePipeline.java:499)
	at org.openqa.selenium.remote.RemoteWebDriver.executeScript(RemoteWebDriver.java:480)
	at com.cpcommunity.PageObjects.BasePage.highlightElement(BasePage.java:512)
	at com.cpcommunity.PageObjects.BasePage.click(BasePage.java:197)
	at com.cpcommunity.PageObjects.CommunityEventsPage.checkIn(CommunityEventsPage.java:97)
	at com.cpcommunity.testScripts.Event_Registrations.TC152_Paid_Event_Registration_With_Cash_From_Event_CheckIn.TC152(TC152_Paid_Event_Registration_With_Cash_From_Event_CheckIn.java:33)
</failure>
    <system-out><![CDATA[INFO    2020-09-29 07:29:38,356 [TestNG-test=Test8-3] com.cpcommunity.testScripts.community.BaseTest  - Test Execution Completed !!!
]]></system-out>
  </testcase>
  <testcase name="TC153" classname="com.cpcommunity.testScripts.Event_Registrations.TC153_Free_Event_Registration_From_Event_CheckIn" time="161.771">
    <failure message="Timed out after 20 seconds. Unable to locate the element" type="org.openqa.selenium.NoSuchElementException">org.openqa.selenium.NoSuchElementException: Timed out after 20 seconds. Unable to locate the element
	at sun.reflect.GeneratedConstructorAccessor73.newInstance(Unknown Source)
	at sun.reflect.DelegatingConstructorAccessorImpl.newInstance(DelegatingConstructorAccessorImpl.java:45)
	at java.lang.reflect.Constructor.newInstance(Constructor.java:423)
	at org.openqa.selenium.remote.ErrorHandler.createThrowable(ErrorHandler.java:214)
	at org.openqa.selenium.remote.ErrorHandler.throwIfResponseFailed(ErrorHandler.java:166)
	at org.openqa.selenium.remote.http.JsonHttpResponseCodec.reconstructValue(JsonHttpResponseCodec.java:40)
	at org.openqa.selenium.remote.http.AbstractHttpResponseCodec.decode(AbstractHttpResponseCodec.java:80)
	at org.openqa.selenium.remote.http.AbstractHttpResponseCodec.decode(AbstractHttpResponseCodec.java:44)
	at org.openqa.selenium.remote.HttpCommandExecutor.execute(HttpCommandExecutor.java:158)
	at org.openqa.selenium.remote.service.DriverCommandExecutor.execute(DriverCommandExecutor.java:83)
	at org.openqa.selenium.remote.RemoteWebDriver.execute(RemoteWebDriver.java:548)
	at org.openqa.selenium.remote.RemoteWebDriver.findElement(RemoteWebDriver.java:322)
	at org.openqa.selenium.remote.RemoteWebDriver.findElementByXPath(RemoteWebDriver.java:424)
	at org.openqa.selenium.By$ByXPath.findElement(By.java:353)
	at org.openqa.selenium.remote.RemoteWebDriver.findElement(RemoteWebDriver.java:314)
	at org.openqa.selenium.support.pagefactory.DefaultElementLocator.findElement(DefaultElementLocator.java:69)
	at org.openqa.selenium.support.pagefactory.AjaxElementLocator.access$001(AjaxElementLocator.java:39)
	at org.openqa.selenium.support.pagefactory.AjaxElementLocator$SlowLoadingElement.isLoaded(AjaxElementLocator.java:194)
	at org.openqa.selenium.support.ui.SlowLoadableComponent.get(SlowLoadableComponent.java:78)
	at org.openqa.selenium.support.pagefactory.AjaxElementLocator.findElement(AjaxElementLocator.java:119)
	at org.openqa.selenium.support.pagefactory.internal.LocatingElementHandler.invoke(LocatingElementHandler.java:38)
	at com.sun.proxy.$Proxy9.getWrappedElement(Unknown Source)
	at org.openqa.selenium.remote.internal.WebElementToJsonConverter.apply(WebElementToJsonConverter.java:50)
	at java.util.stream.ReferencePipeline$3$1.accept(ReferencePipeline.java:193)
	at java.util.Spliterators$ArraySpliterator.forEachRemaining(Spliterators.java:948)
	at java.util.stream.AbstractPipeline.copyInto(AbstractPipeline.java:482)
	at java.util.stream.AbstractPipeline.wrapAndCopyInto(AbstractPipeline.java:472)
	at java.util.stream.ReduceOps$ReduceOp.evaluateSequential(ReduceOps.java:708)
	at java.util.stream.AbstractPipeline.evaluate(AbstractPipeline.java:234)
	at java.util.stream.ReferencePipeline.collect(ReferencePipeline.java:499)
	at org.openqa.selenium.remote.RemoteWebDriver.executeScript(RemoteWebDriver.java:480)
	at com.cpcommunity.PageObjects.BasePage.highlightElement(BasePage.java:512)
	at com.cpcommunity.PageObjects.BasePage.click(BasePage.java:197)
	at com.cpcommunity.PageObjects.CommunityEventsPage.checkIn(CommunityEventsPage.java:97)
	at com.cpcommunity.testScripts.Event_Registrations.TC153_Free_Event_Registration_From_Event_CheckIn.TC153(TC153_Free_Event_Registration_From_Event_CheckIn.java:30)
</failure>
    <system-out><![CDATA[INFO    2020-09-29 07:29:51,949 [TestNG-test=Test8-1] com.cpcommunity.testScripts.community.BaseTest  - Test Execution Completed !!!
]]></system-out>
  </testcase>
  <testcase name="TC019" classname="com.cpcommunity.testScripts.myprofiletestcases.TC019_Verify_User_is_Able_to_Un_Select_Email_Private" time="92.842">
    <failure message="element not visible&#10;  (Session info: chrome=85.0.4183.121)&#10;  (Driver info: chromedriver=2.38.552522 (437e6fbedfa8762dec75e2c5b3ddb86763dc9dcb),platform=Windows NT 10.0.18362 x86_64) (WARNING: The server did not provide any stacktrace information)&#10;Command duration or timeout: 0 milliseconds&#10;Build info: version: &apos;3.14.0&apos;, revision: &apos;aacccce0&apos;, time: &apos;2018-08-02T20:19:58.91Z&apos;&#10;System info: host: &apos;LAPTOP-65H8KDP8&apos;, ip: &apos;10.0.0.8&apos;, os.name: &apos;Windows 10&apos;, os.arch: &apos;amd64&apos;, os.version: &apos;10.0&apos;, java.version: &apos;1.8.0_251&apos;&#10;Driver info: org.openqa.selenium.chrome.ChromeDriver&#10;Capabilities {acceptInsecureCerts: false, acceptSslCerts: false, applicationCacheEnabled: false, browserConnectionEnabled: false, browserName: chrome, chrome: {chromedriverVersion: 2.38.552522 (437e6fbedfa876..., userDataDir: C:\Users\netwo\AppData\Loca...}, cssSelectorsEnabled: true, databaseEnabled: false, handlesAlerts: true, hasTouchScreen: false, javascriptEnabled: true, locationContextEnabled: true, mobileEmulationEnabled: false, nativeEvents: true, networkConnectionEnabled: false, pageLoadStrategy: normal, platform: XP, platformName: XP, rotatable: false, setWindowRect: true, takesHeapSnapshot: true, takesScreenshot: true, unexpectedAlertBehaviour: , unhandledPromptBehavior: , version: 85.0.4183.121, webStorageEnabled: true}&#10;Session ID: 0d9253d9adec0d5365811d9e391ea6d8" type="org.openqa.selenium.ElementNotVisibleException">org.openqa.selenium.ElementNotVisibleException: element not visible
  (Session info: chrome=85.0.4183.121)
  (Driver info: chromedriver=2.38.552522 (437e6fbedfa8762dec75e2c5b3ddb86763dc9dcb),platform=Windows NT 10.0.18362 x86_64) (WARNING: The server did not provide any stacktrace information)
Command duration or timeout: 0 milliseconds
Build info: version: '3.14.0', revision: 'aacccce0', time: '2018-08-02T20:19:58.91Z'
System info: host: 'LAPTOP-65H8KDP8', ip: '10.0.0.8', os.name: 'Windows 10', os.arch: 'amd64', os.version: '10.0', java.version: '1.8.0_251'
Driver info: org.openqa.selenium.chrome.ChromeDriver
Capabilities {acceptInsecureCerts: false, acceptSslCerts: false, applicationCacheEnabled: false, browserConnectionEnabled: false, browserName: chrome, chrome: {chromedriverVersion: 2.38.552522 (437e6fbedfa876..., userDataDir: C:\Users\netwo\AppData\Loca...}, cssSelectorsEnabled: true, databaseEnabled: false, handlesAlerts: true, hasTouchScreen: false, javascriptEnabled: true, locationContextEnabled: true, mobileEmulationEnabled: false, nativeEvents: true, networkConnectionEnabled: false, pageLoadStrategy: normal, platform: XP, platformName: XP, rotatable: false, setWindowRect: true, takesHeapSnapshot: true, takesScreenshot: true, unexpectedAlertBehaviour: , unhandledPromptBehavior: , version: 85.0.4183.121, webStorageEnabled: true}
Session ID: 0d9253d9adec0d5365811d9e391ea6d8
	at sun.reflect.NativeConstructorAccessorImpl.newInstance0(Native Method)
	at sun.reflect.NativeConstructorAccessorImpl.newInstance(NativeConstructorAccessorImpl.java:62)
	at sun.reflect.DelegatingConstructorAccessorImpl.newInstance(DelegatingConstructorAccessorImpl.java:45)
	at java.lang.reflect.Constructor.newInstance(Constructor.java:423)
	at org.openqa.selenium.remote.ErrorHandler.createThrowable(ErrorHandler.java:214)
	at org.openqa.selenium.remote.ErrorHandler.throwIfResponseFailed(ErrorHandler.java:166)
	at org.openqa.selenium.remote.http.JsonHttpResponseCodec.reconstructValue(JsonHttpResponseCodec.java:40)
	at org.openqa.selenium.remote.http.AbstractHttpResponseCodec.decode(AbstractHttpResponseCodec.java:80)
	at org.openqa.selenium.remote.http.AbstractHttpResponseCodec.decode(AbstractHttpResponseCodec.java:44)
	at org.openqa.selenium.remote.HttpCommandExecutor.execute(HttpCommandExecutor.java:158)
	at org.openqa.selenium.remote.service.DriverCommandExecutor.execute(DriverCommandExecutor.java:83)
	at org.openqa.selenium.remote.RemoteWebDriver.execute(RemoteWebDriver.java:548)
	at org.openqa.selenium.remote.RemoteWebElement.execute(RemoteWebElement.java:276)
	at org.openqa.selenium.remote.RemoteWebElement.click(RemoteWebElement.java:83)
	at sun.reflect.GeneratedMethodAccessor4.invoke(Unknown Source)
	at sun.reflect.DelegatingMethodAccessorImpl.invoke(DelegatingMethodAccessorImpl.java:43)
	at java.lang.reflect.Method.invoke(Method.java:498)
	at org.openqa.selenium.support.pagefactory.internal.LocatingElementHandler.invoke(LocatingElementHandler.java:51)
	at com.sun.proxy.$Proxy9.click(Unknown Source)
	at com.cpcommunity.PageObjects.BasePage.click(BasePage.java:198)
	at com.cpcommunity.PageObjects.MyProfilePage.UnSelectEmailPrivate(MyProfilePage.java:316)
	at com.cpcommunity.testScripts.myprofiletestcases.TC019_Verify_User_is_Able_to_Un_Select_Email_Private.TC019(TC019_Verify_User_is_Able_to_Un_Select_Email_Private.java:35)
</failure>
    <system-out><![CDATA[INFO    2020-09-29 07:30:11,298 [TestNG-test=Test8-2] com.cpcommunity.testScripts.community.BaseTest  - Test Execution Completed !!!
Total rows are : 1167
Test case starts from row num: 184
Total rows of data are : 1
Total cols are : 9
@TestCase : TC064
Total rows are : 1167
Test case starts from row num: 29
Total rows of data are : 1
Total cols are : 5
@TestCase : TC019
Total rows are : 1167
Test case starts from row num: 260
Total rows of data are : 1
Total cols are : 8
@TestCase : TC053
Total rows are : 1167
Test case starts from row num: 383
Total rows of data are : 1
Total cols are : 10
@TestCase : TC072
Total rows are : 1167
Test case starts from row num: 352
Total rows of data are : 1
Total cols are : 8
@TestCase : TC067
INFO    2020-09-29 07:30:11,648 [TestNG-test=Test9-4] com.cpcommunity.testScripts.community.BaseTest  - Inside Login Test
Launching : chrome
INFO    2020-09-29 07:30:11,680 [TestNG-test=Test9-1] com.cpcommunity.testScripts.community.BaseTest  - Inside Login Test
Launching : chrome
INFO    2020-09-29 07:30:11,691 [TestNG-test=Test9-2] com.cpcommunity.testScripts.community.BaseTest  - Inside Login Test
Launching : chrome
INFO    2020-09-29 07:30:11,698 [TestNG-test=Test9-5] com.cpcommunity.testScripts.community.BaseTest  - Inside Login Test
Launching : chrome
INFO    2020-09-29 07:30:11,704 [TestNG-test=Test9-3] com.cpcommunity.testScripts.community.BaseTest  - Inside Login Test
Launching : chrome
ChromeDriver: chrome on XP (12f27855f9ecd77ace32c0dd175f3961)
12f27855f9ecd77ace32c0dd175f3961
INFO    2020-09-29 07:30:15,143 [TestNG-test=Test9-2] com.cpcommunity.testScripts.community.BaseTest  - Driver Initialized !!!
ChromeDriver: chrome on XP (0d9253d9adec0d5365811d9e391ea6d8)
0d9253d9adec0d5365811d9e391ea6d8
INFO    2020-09-29 07:30:15,238 [TestNG-test=Test9-1] com.cpcommunity.testScripts.community.BaseTest  - Driver Initialized !!!
ChromeDriver: chrome on XP (4dcce8e1a16d34c56587531d506cfb18)
4dcce8e1a16d34c56587531d506cfb18
INFO    2020-09-29 07:30:15,564 [TestNG-test=Test9-4] com.cpcommunity.testScripts.community.BaseTest  - Driver Initialized !!!
ChromeDriver: chrome on XP (1037d24d4d75448a4b07c57220943ed4)
1037d24d4d75448a4b07c57220943ed4
INFO    2020-09-29 07:30:16,764 [TestNG-test=Test9-3] com.cpcommunity.testScripts.community.BaseTest  - Driver Initialized !!!
ChromeDriver: chrome on XP (defe66c926895c163f6e79daf1c06e3f)
defe66c926895c163f6e79daf1c06e3f
INFO    2020-09-29 07:30:16,833 [TestNG-test=Test9-5] com.cpcommunity.testScripts.community.BaseTest  - Driver Initialized !!!
Page Opened
Page Opened
Page Opened
Page Opened
Page Opened
INFO    2020-09-29 07:30:34,453 [TestNG-test=Test9-2] com.cpcommunity.PageObjects.BasePage  - scrolling up vertically...
INFO    2020-09-29 07:30:36,645 [TestNG-test=Test9-4] com.cpcommunity.PageObjects.BasePage  - scrolling up vertically...
INFO    2020-09-29 07:30:37,397 [TestNG-test=Test9-5] com.cpcommunity.PageObjects.BasePage  - scrolling up vertically...
INFO    2020-09-29 07:30:38,000 [TestNG-test=Test9-1] com.cpcommunity.PageObjects.BasePage  - scrolling up vertically...
INFO    2020-09-29 07:30:39,511 [TestNG-test=Test9-2] com.cpcommunity.PageObjects.BasePage  - waiting for :[[ChromeDriver: chrome on XP (12f27855f9ecd77ace32c0dd175f3961)] -> xpath: //a[contains(.,'Login')]] for :18 seconds
INFO    2020-09-29 07:30:39,540 [TestNG-test=Test9-2] com.cpcommunity.PageObjects.BasePage  - [[ChromeDriver: chrome on XP (12f27855f9ecd77ace32c0dd175f3961)] -> xpath: //a[contains(.,'Login')]]is displayed
INFO    2020-09-29 07:30:39,595 [TestNG-test=Test9-3] com.cpcommunity.PageObjects.BasePage  - scrolling up vertically...
INFO    2020-09-29 07:30:41,744 [TestNG-test=Test9-4] com.cpcommunity.PageObjects.BasePage  - waiting for :[[ChromeDriver: chrome on XP (4dcce8e1a16d34c56587531d506cfb18)] -> xpath: //a[contains(.,'Login')]] for :18 seconds
INFO    2020-09-29 07:30:41,799 [TestNG-test=Test9-4] com.cpcommunity.PageObjects.BasePage  - [[ChromeDriver: chrome on XP (4dcce8e1a16d34c56587531d506cfb18)] -> xpath: //a[contains(.,'Login')]]is displayed
INFO    2020-09-29 07:30:42,482 [TestNG-test=Test9-5] com.cpcommunity.PageObjects.BasePage  - waiting for :[[ChromeDriver: chrome on XP (defe66c926895c163f6e79daf1c06e3f)] -> xpath: //a[contains(.,'Login')]] for :18 seconds
INFO    2020-09-29 07:30:42,529 [TestNG-test=Test9-5] com.cpcommunity.PageObjects.BasePage  - [[ChromeDriver: chrome on XP (defe66c926895c163f6e79daf1c06e3f)] -> xpath: //a[contains(.,'Login')]]is displayed
INFO    2020-09-29 07:30:42,550 [TestNG-test=Test9-2] com.cpcommunity.PageObjects.BasePage  - Clicking on : LOGIN
INFO    2020-09-29 07:30:43,089 [TestNG-test=Test9-1] com.cpcommunity.PageObjects.BasePage  - waiting for :[[ChromeDriver: chrome on XP (0d9253d9adec0d5365811d9e391ea6d8)] -> xpath: //a[contains(.,'Login')]] for :18 seconds
INFO    2020-09-29 07:30:43,130 [TestNG-test=Test9-1] com.cpcommunity.PageObjects.BasePage  - [[ChromeDriver: chrome on XP (0d9253d9adec0d5365811d9e391ea6d8)] -> xpath: //a[contains(.,'Login')]]is displayed
INFO    2020-09-29 07:30:44,671 [TestNG-test=Test9-3] com.cpcommunity.PageObjects.BasePage  - waiting for :[[ChromeDriver: chrome on XP (1037d24d4d75448a4b07c57220943ed4)] -> xpath: //a[contains(.,'Login')]] for :18 seconds
INFO    2020-09-29 07:30:44,729 [TestNG-test=Test9-3] com.cpcommunity.PageObjects.BasePage  - [[ChromeDriver: chrome on XP (1037d24d4d75448a4b07c57220943ed4)] -> xpath: //a[contains(.,'Login')]]is displayed
INFO    2020-09-29 07:30:44,800 [TestNG-test=Test9-4] com.cpcommunity.PageObjects.BasePage  - Clicking on : LOGIN
INFO    2020-09-29 07:30:45,541 [TestNG-test=Test9-5] com.cpcommunity.PageObjects.BasePage  - Clicking on : LOGIN
INFO    2020-09-29 07:30:46,146 [TestNG-test=Test9-1] com.cpcommunity.PageObjects.BasePage  - Clicking on : LOGIN
ChromeDriver: chrome on XP (4dcce8e1a16d34c56587531d506cfb18)Login Page
INFO    2020-09-29 07:30:47,735 [TestNG-test=Test9-3] com.cpcommunity.PageObjects.BasePage  - Clicking on : LOGIN
ChromeDriver: chrome on XP (defe66c926895c163f6e79daf1c06e3f)Login Page
ChromeDriver: chrome on XP (0d9253d9adec0d5365811d9e391ea6d8)Login Page
ChromeDriver: chrome on XP (1037d24d4d75448a4b07c57220943ed4)Login Page
ChromeDriver: chrome on XP (12f27855f9ecd77ace32c0dd175f3961)Login Page
INFO    2020-09-29 07:30:51,226 [TestNG-test=Test9-4] com.cpcommunity.PageObjects.BasePage  - scrolling up vertically...
INFO    2020-09-29 07:30:51,543 [TestNG-test=Test9-5] com.cpcommunity.PageObjects.BasePage  - scrolling up vertically...
INFO    2020-09-29 07:30:53,043 [TestNG-test=Test9-1] com.cpcommunity.PageObjects.BasePage  - scrolling up vertically...
INFO    2020-09-29 07:30:53,559 [TestNG-test=Test9-3] com.cpcommunity.PageObjects.BasePage  - scrolling up vertically...
INFO    2020-09-29 07:30:54,243 [TestNG-test=Test9-2] com.cpcommunity.PageObjects.BasePage  - scrolling up vertically...
INFO    2020-09-29 07:30:56,261 [TestNG-test=Test9-4] com.cpcommunity.PageObjects.BasePage  - Typing in : email address entered the value as : andrew74444@gmail.com
INFO    2020-09-29 07:30:56,559 [TestNG-test=Test9-5] com.cpcommunity.PageObjects.BasePage  - Typing in : email address entered the value as : andrew74444@gmail.com
INFO    2020-09-29 07:30:57,194 [TestNG-test=Test9-4] com.cpcommunity.PageObjects.BasePage  - Typing in : password entered the value as : Admin@123
INFO    2020-09-29 07:30:57,376 [TestNG-test=Test9-5] com.cpcommunity.PageObjects.BasePage  - Typing in : password entered the value as : Admin@123
INFO    2020-09-29 07:30:57,789 [TestNG-test=Test9-5] com.cpcommunity.PageObjects.BasePage  - Clicking on : Login
INFO    2020-09-29 07:30:57,823 [TestNG-test=Test9-4] com.cpcommunity.PageObjects.BasePage  - Clicking on : Login
INFO    2020-09-29 07:30:58,072 [TestNG-test=Test9-1] com.cpcommunity.PageObjects.BasePage  - Typing in : email address entered the value as : andrew74444@gmail.com
INFO    2020-09-29 07:30:58,655 [TestNG-test=Test9-3] com.cpcommunity.PageObjects.BasePage  - Typing in : email address entered the value as : nancykemper463@gmail.com
INFO    2020-09-29 07:30:59,270 [TestNG-test=Test9-2] com.cpcommunity.PageObjects.BasePage  - Typing in : email address entered the value as : indiaaustralia0@gmail.com
INFO    2020-09-29 07:31:01,328 [TestNG-test=Test9-1] com.cpcommunity.PageObjects.BasePage  - Typing in : password entered the value as : Admin@123
INFO    2020-09-29 07:31:01,694 [TestNG-test=Test9-3] com.cpcommunity.PageObjects.BasePage  - Typing in : password entered the value as : Admin@123
INFO    2020-09-29 07:31:02,277 [TestNG-test=Test9-2] com.cpcommunity.PageObjects.BasePage  - Typing in : password entered the value as : Admin@123
INFO    2020-09-29 07:31:02,443 [TestNG-test=Test9-1] com.cpcommunity.PageObjects.BasePage  - Clicking on : Login
INFO    2020-09-29 07:31:02,645 [TestNG-test=Test9-3] com.cpcommunity.PageObjects.BasePage  - Clicking on : Login
INFO    2020-09-29 07:31:07,751 [TestNG-test=Test9-2] com.cpcommunity.PageObjects.BasePage  - Clicking on : Login
INFO    2020-09-29 07:31:13,566 [TestNG-test=Test9-4] com.cpcommunity.PageObjects.BasePage  - scrolling up vertically...
INFO    2020-09-29 07:31:15,254 [TestNG-test=Test9-1] com.cpcommunity.PageObjects.BasePage  - scrolling up vertically...
INFO    2020-09-29 07:31:16,721 [TestNG-test=Test9-3] com.cpcommunity.PageObjects.BasePage  - scrolling up vertically...
INFO    2020-09-29 07:31:18,690 [TestNG-test=Test9-4] com.cpcommunity.PageObjects.BasePage  - Clicking on : view All
INFO    2020-09-29 07:31:22,523 [TestNG-test=Test9-3] com.cpcommunity.PageObjects.BasePage  - waiting for :[[ChromeDriver: chrome on XP (1037d24d4d75448a4b07c57220943ed4)] -> xpath: //*[@id='navbar']//*[contains(text(),'Global Communities')]] for :18 seconds
INFO    2020-09-29 07:31:22,856 [TestNG-test=Test9-3] com.cpcommunity.PageObjects.BasePage  - [[ChromeDriver: chrome on XP (1037d24d4d75448a4b07c57220943ed4)] -> xpath: //*[@id='navbar']//*[contains(text(),'Global Communities')]]is displayed
INFO    2020-09-29 07:31:23,286 [TestNG-test=Test9-5] com.cpcommunity.PageObjects.BasePage  - scrolling up vertically...
INFO    2020-09-29 07:31:25,022 [TestNG-test=Test9-3] com.cpcommunity.PageObjects.BasePage  - Clicking[[ChromeDriver: chrome on XP (1037d24d4d75448a4b07c57220943ed4)] -> xpath: //*[@id='navbar']//*[contains(text(),'Global Communities')]]
INFO    2020-09-29 07:31:26,560 [TestNG-test=Test9-4] com.cpcommunity.PageObjects.BasePage  - scrolling up vertically...
INFO    2020-09-29 07:31:28,357 [TestNG-test=Test9-5] com.cpcommunity.PageObjects.BasePage  - Clicking on : view All
INFO    2020-09-29 07:31:29,021 [TestNG-test=Test9-3] com.cpcommunity.PageObjects.BasePage  - Clicked[[ChromeDriver: chrome on XP (1037d24d4d75448a4b07c57220943ed4)] -> xpath: //*[@id='navbar']//*[contains(text(),'Global Communities')]]
Date Format with dd MMMM yyyy : 29 Sep 2020
INFO    2020-09-29 07:31:31,733 [TestNG-test=Test9-4] com.cpcommunity.PageObjects.BasePage  - waiting for :[[ChromeDriver: chrome on XP (4dcce8e1a16d34c56587531d506cfb18)] -> xpath: //input[@placeholder='Search by Community Name']] for :18 seconds
INFO    2020-09-29 07:31:31,789 [TestNG-test=Test9-4] com.cpcommunity.PageObjects.BasePage  - [[ChromeDriver: chrome on XP (4dcce8e1a16d34c56587531d506cfb18)] -> xpath: //input[@placeholder='Search by Community Name']]is displayed
INFO    2020-09-29 07:31:33,513 [TestNG-test=Test9-3] com.cpcommunity.PageObjects.BasePage  - scrolling up vertically...
INFO    2020-09-29 07:31:33,867 [TestNG-test=Test9-5] com.cpcommunity.PageObjects.BasePage  - scrolling up vertically...
INFO    2020-09-29 07:31:34,258 [TestNG-test=Test9-4] com.cpcommunity.PageObjects.BasePage  - Typing in : Search by Community entered the value as : Community - 29 Sep 2020
INFO    2020-09-29 07:31:34,837 [TestNG-test=Test9-4] com.cpcommunity.PageObjects.BasePage  - Clicking on : search btn
INFO    2020-09-29 07:31:35,317 [TestNG-test=Test9-1] com.cpcommunity.PageObjects.BasePage  - scrolling up vertically...
Date Format with dd MMMM yyyy : 29 Sep 2020
INFO    2020-09-29 07:31:38,622 [TestNG-test=Test9-3] com.cpcommunity.PageObjects.BasePage  - Typing in : search entered the value as : Community - 29 Sep 2020
Date Format with dd MMMM yyyy : 29 Sep 2020
INFO    2020-09-29 07:31:39,007 [TestNG-test=Test9-5] com.cpcommunity.PageObjects.BasePage  - waiting for :[[ChromeDriver: chrome on XP (defe66c926895c163f6e79daf1c06e3f)] -> xpath: //input[@placeholder='Search by Community Name']] for :18 seconds
INFO    2020-09-29 07:31:39,069 [TestNG-test=Test9-5] com.cpcommunity.PageObjects.BasePage  - [[ChromeDriver: chrome on XP (defe66c926895c163f6e79daf1c06e3f)] -> xpath: //input[@placeholder='Search by Community Name']]is displayed
INFO    2020-09-29 07:31:39,107 [TestNG-test=Test9-3] com.cpcommunity.PageObjects.BasePage  - Clicking on : search Btn
INFO    2020-09-29 07:31:40,407 [TestNG-test=Test9-1] com.cpcommunity.PageObjects.BasePage  - Clicking on : EditBtn
INFO    2020-09-29 07:31:41,302 [TestNG-test=Test9-4] com.cpcommunity.PageObjects.BasePage  - waiting for :[[ChromeDriver: chrome on XP (4dcce8e1a16d34c56587531d506cfb18)] -> xpath: //a[@tooltip='Community - 29 Sep 2020']] for :18 seconds
INFO    2020-09-29 07:31:41,404 [TestNG-test=Test9-5] com.cpcommunity.PageObjects.BasePage  - Typing in : Search by Community entered the value as : Community - 29 Sep 2020
INFO    2020-09-29 07:31:41,322 [TestNG-test=Test9-3] com.cpcommunity.PageObjects.BasePage  - waiting for :[[ChromeDriver: chrome on XP (1037d24d4d75448a4b07c57220943ed4)] -> xpath: //a[contains(text(),'Community - 29 Sep 2020')]] for :18 seconds
INFO    2020-09-29 07:31:41,450 [TestNG-test=Test9-3] com.cpcommunity.PageObjects.BasePage  - [[ChromeDriver: chrome on XP (1037d24d4d75448a4b07c57220943ed4)] -> xpath: //a[contains(text(),'Community - 29 Sep 2020')]]is displayed
INFO    2020-09-29 07:31:41,451 [TestNG-test=Test9-4] com.cpcommunity.PageObjects.BasePage  - [[ChromeDriver: chrome on XP (4dcce8e1a16d34c56587531d506cfb18)] -> xpath: //a[@tooltip='Community - 29 Sep 2020']]is displayed
INFO    2020-09-29 07:31:41,841 [TestNG-test=Test9-5] com.cpcommunity.PageObjects.BasePage  - Clicking on : search btn
INFO    2020-09-29 07:31:42,966 [TestNG-test=Test9-1] com.cpcommunity.PageObjects.BasePage  - scroll till web [[ChromeDriver: chrome on XP (0d9253d9adec0d5365811d9e391ea6d8)] -> xpath: (//form[@id='EditMyProfileForm'])//*[contains(text(),'Save')]]
INFO    2020-09-29 07:31:43,747 [TestNG-test=Test9-4] com.cpcommunity.PageObjects.BasePage  - Clicking on : Manage
INFO    2020-09-29 07:31:44,033 [TestNG-test=Test9-1] com.cpcommunity.PageObjects.BasePage  - Clicking on : PrivateEmail
]]></system-out>
    <system-err><![CDATA[Starting ChromeDriver 2.38.552522 (437e6fbedfa8762dec75e2c5b3ddb86763dc9dcb) on port 21712
Only local connections are allowed.
Starting ChromeDriver 2.38.552522 (437e6fbedfa8762dec75e2c5b3ddb86763dc9dcb) on port 32132
Only local connections are allowed.
Starting ChromeDriver 2.38.552522 (437e6fbedfa8762dec75e2c5b3ddb86763dc9dcb) on port 3293
Only local connections are allowed.
Starting ChromeDriver 2.38.552522 (437e6fbedfa8762dec75e2c5b3ddb86763dc9dcb) on port 41487
Only local connections are allowed.
Starting ChromeDriver 2.38.552522 (437e6fbedfa8762dec75e2c5b3ddb86763dc9dcb) on port 11248
Only local connections are allowed.
Sep 29, 2020 7:30:15 AM org.openqa.selenium.remote.ProtocolHandshake createSession
INFO: Detected dialect: OSS
Sep 29, 2020 7:30:15 AM org.openqa.selenium.remote.ProtocolHandshake createSession
INFO: Detected dialect: OSS
Sep 29, 2020 7:30:15 AM org.openqa.selenium.remote.ProtocolHandshake createSession
INFO: Detected dialect: OSS
Sep 29, 2020 7:30:16 AM org.openqa.selenium.remote.ProtocolHandshake createSession
INFO: Detected dialect: OSS
Sep 29, 2020 7:30:16 AM org.openqa.selenium.remote.ProtocolHandshake createSession
INFO: Detected dialect: OSS
Sep 29, 2020 7:30:29 AM org.openqa.selenium.remote.Augmenter extractRemoteWebDriver
WARNING: Augmenter should be applied to the instances of @Augmentable classes or previously augmented instances only (instance class was: class org.openqa.selenium.chrome.ChromeDriver)
Sep 29, 2020 7:30:31 AM org.openqa.selenium.remote.Augmenter extractRemoteWebDriver
WARNING: Augmenter should be applied to the instances of @Augmentable classes or previously augmented instances only (instance class was: class org.openqa.selenium.chrome.ChromeDriver)
Sep 29, 2020 7:30:31 AM org.openqa.selenium.remote.Augmenter extractRemoteWebDriver
WARNING: Augmenter should be applied to the instances of @Augmentable classes or previously augmented instances only (instance class was: class org.openqa.selenium.chrome.ChromeDriver)
Sep 29, 2020 7:30:32 AM org.openqa.selenium.remote.Augmenter extractRemoteWebDriver
WARNING: Augmenter should be applied to the instances of @Augmentable classes or previously augmented instances only (instance class was: class org.openqa.selenium.chrome.ChromeDriver)
Sep 29, 2020 7:30:33 AM org.openqa.selenium.remote.Augmenter extractRemoteWebDriver
WARNING: Augmenter should be applied to the instances of @Augmentable classes or previously augmented instances only (instance class was: class org.openqa.selenium.chrome.ChromeDriver)
Sep 29, 2020 7:30:33 AM org.openqa.selenium.remote.Augmenter extractRemoteWebDriver
WARNING: Augmenter should be applied to the instances of @Augmentable classes or previously augmented instances only (instance class was: class org.openqa.selenium.chrome.ChromeDriver)
Sep 29, 2020 7:30:33 AM org.openqa.selenium.remote.Augmenter extractRemoteWebDriver
WARNING: Augmenter should be applied to the instances of @Augmentable classes or previously augmented instances only (instance class was: class org.openqa.selenium.chrome.ChromeDriver)
Sep 29, 2020 7:30:34 AM org.openqa.selenium.remote.Augmenter extractRemoteWebDriver
WARNING: Augmenter should be applied to the instances of @Augmentable classes or previously augmented instances only (instance class was: class org.openqa.selenium.chrome.ChromeDriver)
Sep 29, 2020 7:30:35 AM org.openqa.selenium.remote.Augmenter extractRemoteWebDriver
WARNING: Augmenter should be applied to the instances of @Augmentable classes or previously augmented instances only (instance class was: class org.openqa.selenium.chrome.ChromeDriver)
Sep 29, 2020 7:30:35 AM org.openqa.selenium.remote.Augmenter extractRemoteWebDriver
WARNING: Augmenter should be applied to the instances of @Augmentable classes or previously augmented instances only (instance class was: class org.openqa.selenium.chrome.ChromeDriver)
Sep 29, 2020 7:30:35 AM org.openqa.selenium.remote.Augmenter extractRemoteWebDriver
WARNING: Augmenter should be applied to the instances of @Augmentable classes or previously augmented instances only (instance class was: class org.openqa.selenium.chrome.ChromeDriver)
Sep 29, 2020 7:30:36 AM org.openqa.selenium.remote.Augmenter extractRemoteWebDriver
WARNING: Augmenter should be applied to the instances of @Augmentable classes or previously augmented instances only (instance class was: class org.openqa.selenium.chrome.ChromeDriver)
Sep 29, 2020 7:30:36 AM org.openqa.selenium.remote.Augmenter extractRemoteWebDriver
WARNING: Augmenter should be applied to the instances of @Augmentable classes or previously augmented instances only (instance class was: class org.openqa.selenium.chrome.ChromeDriver)
Sep 29, 2020 7:30:36 AM org.openqa.selenium.remote.Augmenter extractRemoteWebDriver
WARNING: Augmenter should be applied to the instances of @Augmentable classes or previously augmented instances only (instance class was: class org.openqa.selenium.chrome.ChromeDriver)
Sep 29, 2020 7:30:38 AM org.openqa.selenium.remote.Augmenter extractRemoteWebDriver
WARNING: Augmenter should be applied to the instances of @Augmentable classes or previously augmented instances only (instance class was: class org.openqa.selenium.chrome.ChromeDriver)
Sep 29, 2020 7:30:48 AM org.openqa.selenium.remote.Augmenter extractRemoteWebDriver
WARNING: Augmenter should be applied to the instances of @Augmentable classes or previously augmented instances only (instance class was: class org.openqa.selenium.chrome.ChromeDriver)
Sep 29, 2020 7:30:49 AM org.openqa.selenium.remote.Augmenter extractRemoteWebDriver
WARNING: Augmenter should be applied to the instances of @Augmentable classes or previously augmented instances only (instance class was: class org.openqa.selenium.chrome.ChromeDriver)
Sep 29, 2020 7:30:50 AM org.openqa.selenium.remote.Augmenter extractRemoteWebDriver
WARNING: Augmenter should be applied to the instances of @Augmentable classes or previously augmented instances only (instance class was: class org.openqa.selenium.chrome.ChromeDriver)
Sep 29, 2020 7:30:50 AM org.openqa.selenium.remote.Augmenter extractRemoteWebDriver
WARNING: Augmenter should be applied to the instances of @Augmentable classes or previously augmented instances only (instance class was: class org.openqa.selenium.chrome.ChromeDriver)
Sep 29, 2020 7:30:50 AM org.openqa.selenium.remote.Augmenter extractRemoteWebDriver
WARNING: Augmenter should be applied to the instances of @Augmentable classes or previously augmented instances only (instance class was: class org.openqa.selenium.chrome.ChromeDriver)
Sep 29, 2020 7:30:51 AM org.openqa.selenium.remote.Augmenter extractRemoteWebDriver
WARNING: Augmenter should be applied to the instances of @Augmentable classes or previously augmented instances only (instance class was: class org.openqa.selenium.chrome.ChromeDriver)
Sep 29, 2020 7:30:52 AM org.openqa.selenium.remote.Augmenter extractRemoteWebDriver
WARNING: Augmenter should be applied to the instances of @Augmentable classes or previously augmented instances only (instance class was: class org.openqa.selenium.chrome.ChromeDriver)
Sep 29, 2020 7:30:52 AM org.openqa.selenium.remote.Augmenter extractRemoteWebDriver
WARNING: Augmenter should be applied to the instances of @Augmentable classes or previously augmented instances only (instance class was: class org.openqa.selenium.chrome.ChromeDriver)
Sep 29, 2020 7:30:52 AM org.openqa.selenium.remote.Augmenter extractRemoteWebDriver
WARNING: Augmenter should be applied to the instances of @Augmentable classes or previously augmented instances only (instance class was: class org.openqa.selenium.chrome.ChromeDriver)
Sep 29, 2020 7:30:53 AM org.openqa.selenium.remote.Augmenter extractRemoteWebDriver
WARNING: Augmenter should be applied to the instances of @Augmentable classes or previously augmented instances only (instance class was: class org.openqa.selenium.chrome.ChromeDriver)
Sep 29, 2020 7:31:08 AM org.openqa.selenium.remote.Augmenter extractRemoteWebDriver
WARNING: Augmenter should be applied to the instances of @Augmentable classes or previously augmented instances only (instance class was: class org.openqa.selenium.chrome.ChromeDriver)
Sep 29, 2020 7:31:10 AM org.openqa.selenium.remote.Augmenter extractRemoteWebDriver
WARNING: Augmenter should be applied to the instances of @Augmentable classes or previously augmented instances only (instance class was: class org.openqa.selenium.chrome.ChromeDriver)
Sep 29, 2020 7:31:10 AM org.openqa.selenium.remote.Augmenter extractRemoteWebDriver
WARNING: Augmenter should be applied to the instances of @Augmentable classes or previously augmented instances only (instance class was: class org.openqa.selenium.chrome.ChromeDriver)
Sep 29, 2020 7:31:10 AM org.openqa.selenium.remote.Augmenter extractRemoteWebDriver
WARNING: Augmenter should be applied to the instances of @Augmentable classes or previously augmented instances only (instance class was: class org.openqa.selenium.chrome.ChromeDriver)
Sep 29, 2020 7:31:12 AM org.openqa.selenium.remote.Augmenter extractRemoteWebDriver
WARNING: Augmenter should be applied to the instances of @Augmentable classes or previously augmented instances only (instance class was: class org.openqa.selenium.chrome.ChromeDriver)
Sep 29, 2020 7:31:12 AM org.openqa.selenium.remote.Augmenter extractRemoteWebDriver
WARNING: Augmenter should be applied to the instances of @Augmentable classes or previously augmented instances only (instance class was: class org.openqa.selenium.chrome.ChromeDriver)
Sep 29, 2020 7:31:12 AM org.openqa.selenium.remote.Augmenter extractRemoteWebDriver
WARNING: Augmenter should be applied to the instances of @Augmentable classes or previously augmented instances only (instance class was: class org.openqa.selenium.chrome.ChromeDriver)
Sep 29, 2020 7:31:12 AM org.openqa.selenium.remote.Augmenter extractRemoteWebDriver
WARNING: Augmenter should be applied to the instances of @Augmentable classes or previously augmented instances only (instance class was: class org.openqa.selenium.chrome.ChromeDriver)
Sep 29, 2020 7:31:14 AM org.openqa.selenium.remote.Augmenter extractRemoteWebDriver
WARNING: Augmenter should be applied to the instances of @Augmentable classes or previously augmented instances only (instance class was: class org.openqa.selenium.chrome.ChromeDriver)
Sep 29, 2020 7:31:14 AM org.openqa.selenium.remote.Augmenter extractRemoteWebDriver
WARNING: Augmenter should be applied to the instances of @Augmentable classes or previously augmented instances only (instance class was: class org.openqa.selenium.chrome.ChromeDriver)
Sep 29, 2020 7:31:15 AM org.openqa.selenium.remote.Augmenter extractRemoteWebDriver
WARNING: Augmenter should be applied to the instances of @Augmentable classes or previously augmented instances only (instance class was: class org.openqa.selenium.chrome.ChromeDriver)
Sep 29, 2020 7:31:20 AM org.openqa.selenium.remote.Augmenter extractRemoteWebDriver
WARNING: Augmenter should be applied to the instances of @Augmentable classes or previously augmented instances only (instance class was: class org.openqa.selenium.chrome.ChromeDriver)
Sep 29, 2020 7:31:21 AM org.openqa.selenium.remote.Augmenter extractRemoteWebDriver
WARNING: Augmenter should be applied to the instances of @Augmentable classes or previously augmented instances only (instance class was: class org.openqa.selenium.chrome.ChromeDriver)
Sep 29, 2020 7:31:23 AM org.openqa.selenium.remote.Augmenter extractRemoteWebDriver
WARNING: Augmenter should be applied to the instances of @Augmentable classes or previously augmented instances only (instance class was: class org.openqa.selenium.chrome.ChromeDriver)
Sep 29, 2020 7:31:25 AM org.openqa.selenium.remote.Augmenter extractRemoteWebDriver
WARNING: Augmenter should be applied to the instances of @Augmentable classes or previously augmented instances only (instance class was: class org.openqa.selenium.chrome.ChromeDriver)
Sep 29, 2020 7:31:30 AM org.openqa.selenium.remote.Augmenter extractRemoteWebDriver
WARNING: Augmenter should be applied to the instances of @Augmentable classes or previously augmented instances only (instance class was: class org.openqa.selenium.chrome.ChromeDriver)
Sep 29, 2020 7:31:30 AM org.openqa.selenium.remote.Augmenter extractRemoteWebDriver
WARNING: Augmenter should be applied to the instances of @Augmentable classes or previously augmented instances only (instance class was: class org.openqa.selenium.chrome.ChromeDriver)
Sep 29, 2020 7:31:31 AM org.openqa.selenium.remote.Augmenter extractRemoteWebDriver
WARNING: Augmenter should be applied to the instances of @Augmentable classes or previously augmented instances only (instance class was: class org.openqa.selenium.chrome.ChromeDriver)
Sep 29, 2020 7:31:32 AM org.openqa.selenium.remote.Augmenter extractRemoteWebDriver
WARNING: Augmenter should be applied to the instances of @Augmentable classes or previously augmented instances only (instance class was: class org.openqa.selenium.chrome.ChromeDriver)
Sep 29, 2020 7:31:32 AM org.openqa.selenium.remote.Augmenter extractRemoteWebDriver
WARNING: Augmenter should be applied to the instances of @Augmentable classes or previously augmented instances only (instance class was: class org.openqa.selenium.chrome.ChromeDriver)
Sep 29, 2020 7:31:33 AM org.openqa.selenium.remote.Augmenter extractRemoteWebDriver
WARNING: Augmenter should be applied to the instances of @Augmentable classes or previously augmented instances only (instance class was: class org.openqa.selenium.chrome.ChromeDriver)
Sep 29, 2020 7:31:34 AM org.openqa.selenium.remote.Augmenter extractRemoteWebDriver
WARNING: Augmenter should be applied to the instances of @Augmentable classes or previously augmented instances only (instance class was: class org.openqa.selenium.chrome.ChromeDriver)
]]></system-err>
  </testcase>
  <testcase name="TC067" classname="com.cpcommunity.testScripts.community.TC067_Join_Leave_Public_And_Join_Cance_Private_Groups_From_Community_Details" time="46.519">
    <failure message="Expected condition failed: waiting for visibility of [[ChromeDriver: chrome on XP (1037d24d4d75448a4b07c57220943ed4)] -&gt; xpath: //input[@placeholder=&apos;Search by Groups&apos;]] (tried for 30 second(s) with 500 milliseconds interval)&#10;Build info: version: &apos;3.14.0&apos;, revision: &apos;aacccce0&apos;, time: &apos;2018-08-02T20:19:58.91Z&apos;&#10;System info: host: &apos;LAPTOP-65H8KDP8&apos;, ip: &apos;10.0.0.8&apos;, os.name: &apos;Windows 10&apos;, os.arch: &apos;amd64&apos;, os.version: &apos;10.0&apos;, java.version: &apos;1.8.0_251&apos;&#10;Driver info: org.openqa.selenium.chrome.ChromeDriver&#10;Capabilities {acceptInsecureCerts: false, acceptSslCerts: false, applicationCacheEnabled: false, browserConnectionEnabled: false, browserName: chrome, chrome: {chromedriverVersion: 2.38.552522 (437e6fbedfa876..., userDataDir: C:\Users\netwo\AppData\Loca...}, cssSelectorsEnabled: true, databaseEnabled: false, handlesAlerts: true, hasTouchScreen: false, javascriptEnabled: true, locationContextEnabled: true, mobileEmulationEnabled: false, nativeEvents: true, networkConnectionEnabled: false, pageLoadStrategy: normal, platform: XP, platformName: XP, rotatable: false, setWindowRect: true, takesHeapSnapshot: true, takesScreenshot: true, unexpectedAlertBehaviour: , unhandledPromptBehavior: , version: 85.0.4183.121, webStorageEnabled: true}&#10;Session ID: 1037d24d4d75448a4b07c57220943ed4" type="org.openqa.selenium.TimeoutException">org.openqa.selenium.TimeoutException: Expected condition failed: waiting for visibility of [[ChromeDriver: chrome on XP (1037d24d4d75448a4b07c57220943ed4)] -> xpath: //input[@placeholder='Search by Groups']] (tried for 30 second(s) with 500 milliseconds interval)
Build info: version: '3.14.0', revision: 'aacccce0', time: '2018-08-02T20:19:58.91Z'
System info: host: 'LAPTOP-65H8KDP8', ip: '10.0.0.8', os.name: 'Windows 10', os.arch: 'amd64', os.version: '10.0', java.version: '1.8.0_251'
Driver info: org.openqa.selenium.chrome.ChromeDriver
Capabilities {acceptInsecureCerts: false, acceptSslCerts: false, applicationCacheEnabled: false, browserConnectionEnabled: false, browserName: chrome, chrome: {chromedriverVersion: 2.38.552522 (437e6fbedfa876..., userDataDir: C:\Users\netwo\AppData\Loca...}, cssSelectorsEnabled: true, databaseEnabled: false, handlesAlerts: true, hasTouchScreen: false, javascriptEnabled: true, locationContextEnabled: true, mobileEmulationEnabled: false, nativeEvents: true, networkConnectionEnabled: false, pageLoadStrategy: normal, platform: XP, platformName: XP, rotatable: false, setWindowRect: true, takesHeapSnapshot: true, takesScreenshot: true, unexpectedAlertBehaviour: , unhandledPromptBehavior: , version: 85.0.4183.121, webStorageEnabled: true}
Session ID: 1037d24d4d75448a4b07c57220943ed4
	at org.openqa.selenium.support.ui.WebDriverWait.timeoutException(WebDriverWait.java:113)
	at org.openqa.selenium.support.ui.FluentWait.until(FluentWait.java:283)
	at com.cpcommunity.PageObjects.BasePage.waitForElementToPresent(BasePage.java:175)
	at com.cpcommunity.PageObjects.CommunityDetailsPage.searchGroup(CommunityDetailsPage.java:469)
	at com.cpcommunity.PageObjects.CommunityDetailsPage.JoinGroups(CommunityDetailsPage.java:501)
	at com.cpcommunity.PageObjects.CommunityDetailsPage.PublicGroupJoinedSuccessfully(CommunityDetailsPage.java:510)
	at com.cpcommunity.testScripts.community.TC067_Join_Leave_Public_And_Join_Cance_Private_Groups_From_Community_Details.TC067(TC067_Join_Leave_Public_And_Join_Cance_Private_Groups_From_Community_Details.java:35)
</failure>
    <system-out><![CDATA[INFO    2020-09-29 07:31:44,671 [TestNG-test=Test9-3] com.cpcommunity.PageObjects.BasePage  - scrolling up vertically...
INFO    2020-09-29 07:31:46,194 [TestNG-test=Test9-1] com.cpcommunity.testScripts.community.BaseTest  - Test Execution Completed !!!
Total rows are : 1167
Test case starts from row num: 292
Total rows of data are : 1
Total cols are : 8
@TestCase : TC058
INFO    2020-09-29 07:31:46,566 [TestNG-test=Test9-1] com.cpcommunity.testScripts.community.BaseTest  - Inside Login Test
Launching : chrome
INFO    2020-09-29 07:31:46,955 [TestNG-test=Test9-4] com.cpcommunity.PageObjects.BasePage  - waiting for :[[ChromeDriver: chrome on XP (4dcce8e1a16d34c56587531d506cfb18)] -> xpath: //h2[contains(text(),'Dashboard')]] for :18 seconds
INFO    2020-09-29 07:31:47,017 [TestNG-test=Test9-4] com.cpcommunity.PageObjects.BasePage  - [[ChromeDriver: chrome on XP (4dcce8e1a16d34c56587531d506cfb18)] -> xpath: //h2[contains(text(),'Dashboard')]]is displayed
INFO    2020-09-29 07:31:48,157 [TestNG-test=Test9-5] com.cpcommunity.PageObjects.BasePage  - waiting for :[[ChromeDriver: chrome on XP (defe66c926895c163f6e79daf1c06e3f)] -> xpath: //a[@tooltip='Community - 29 Sep 2020']] for :18 seconds
INFO    2020-09-29 07:31:48,205 [TestNG-test=Test9-5] com.cpcommunity.PageObjects.BasePage  - [[ChromeDriver: chrome on XP (defe66c926895c163f6e79daf1c06e3f)] -> xpath: //a[@tooltip='Community - 29 Sep 2020']]is displayed
ChromeDriver: chrome on XP (ca522c7e53c8321f28c2b81d1b673d65)
ca522c7e53c8321f28c2b81d1b673d65
INFO    2020-09-29 07:31:50,443 [TestNG-test=Test9-1] com.cpcommunity.testScripts.community.BaseTest  - Driver Initialized !!!
INFO    2020-09-29 07:31:50,495 [TestNG-test=Test9-5] com.cpcommunity.PageObjects.BasePage  - Clicking on : Manage
INFO    2020-09-29 07:31:52,765 [TestNG-test=Test9-3] com.cpcommunity.PageObjects.BasePage  - scrolling up vertically...
INFO    2020-09-29 07:31:54,003 [TestNG-test=Test9-4] com.cpcommunity.PageObjects.BasePage  - scrolling up vertically...
INFO    2020-09-29 07:31:58,235 [TestNG-test=Test9-5] com.cpcommunity.PageObjects.BasePage  - waiting for :[[ChromeDriver: chrome on XP (defe66c926895c163f6e79daf1c06e3f)] -> xpath: //h2[contains(text(),'Dashboard')]] for :18 seconds
INFO    2020-09-29 07:31:58,601 [TestNG-test=Test9-5] com.cpcommunity.PageObjects.BasePage  - [[ChromeDriver: chrome on XP (defe66c926895c163f6e79daf1c06e3f)] -> xpath: //h2[contains(text(),'Dashboard')]]is displayed
Page Opened
INFO    2020-09-29 07:31:59,009 [TestNG-test=Test9-4] com.cpcommunity.PageObjects.BasePage  - Clicking on : Members
INFO    2020-09-29 07:31:59,207 [TestNG-test=Test9-4] com.cpcommunity.PageObjects.BasePage  - waiting for :[[ChromeDriver: chrome on XP (4dcce8e1a16d34c56587531d506cfb18)] -> xpath: (//*[contains(text(),'Pending Requests')])[1]] for :18 seconds
INFO    2020-09-29 07:31:59,818 [TestNG-test=Test9-4] com.cpcommunity.PageObjects.BasePage  - [[ChromeDriver: chrome on XP (4dcce8e1a16d34c56587531d506cfb18)] -> xpath: (//*[contains(text(),'Pending Requests')])[1]]is displayed
INFO    2020-09-29 07:32:01,818 [TestNG-test=Test9-4] com.cpcommunity.PageObjects.BasePage  - Clicking on : Community Pending Requests
INFO    2020-09-29 07:32:02,136 [TestNG-test=Test9-3] com.cpcommunity.PageObjects.BasePage  - Clicking on : Groups
INFO    2020-09-29 07:32:02,443 [TestNG-test=Test9-3] com.cpcommunity.PageObjects.BasePage  - waiting for :[[ChromeDriver: chrome on XP (1037d24d4d75448a4b07c57220943ed4)] -> xpath: //input[@placeholder='Search by Groups']] for :18 seconds
INFO    2020-09-29 07:32:04,996 [TestNG-test=Test9-1] com.cpcommunity.PageObjects.BasePage  - scrolling up vertically...
INFO    2020-09-29 07:32:05,421 [TestNG-test=Test9-5] com.cpcommunity.PageObjects.BasePage  - scrolling up vertically...
INFO    2020-09-29 07:32:07,192 [TestNG-test=Test9-4] com.cpcommunity.PageObjects.BasePage  - scrolling up vertically...
INFO    2020-09-29 07:32:10,068 [TestNG-test=Test9-1] com.cpcommunity.PageObjects.BasePage  - waiting for :[[ChromeDriver: chrome on XP (ca522c7e53c8321f28c2b81d1b673d65)] -> xpath: //a[contains(.,'Login')]] for :18 seconds
INFO    2020-09-29 07:32:10,103 [TestNG-test=Test9-1] com.cpcommunity.PageObjects.BasePage  - [[ChromeDriver: chrome on XP (ca522c7e53c8321f28c2b81d1b673d65)] -> xpath: //a[contains(.,'Login')]]is displayed
INFO    2020-09-29 07:32:10,430 [TestNG-test=Test9-5] com.cpcommunity.PageObjects.BasePage  - Clicking on : Groups
INFO    2020-09-29 07:32:11,589 [TestNG-test=Test9-5] com.cpcommunity.PageObjects.BasePage  - Clicking on : Manage Groups
INFO    2020-09-29 07:32:13,156 [TestNG-test=Test9-1] com.cpcommunity.PageObjects.BasePage  - Clicking on : LOGIN
INFO    2020-09-29 07:32:14,318 [TestNG-test=Test9-4] com.cpcommunity.PageObjects.BasePage  - Typing in : Searching in member to Approve entered the value as : jennings.lampbell@gmail.com
ChromeDriver: chrome on XP (ca522c7e53c8321f28c2b81d1b673d65)Login Page
INFO    2020-09-29 07:32:17,305 [TestNG-test=Test9-5] com.cpcommunity.PageObjects.BasePage  - scrolling up vertically...
INFO    2020-09-29 07:32:20,425 [TestNG-test=Test9-1] com.cpcommunity.PageObjects.BasePage  - scrolling up vertically...
INFO    2020-09-29 07:32:22,316 [TestNG-test=Test9-5] com.cpcommunity.PageObjects.BasePage  - Typing in : Search by Group Name entered the value as : Public Group
INFO    2020-09-29 07:32:22,623 [TestNG-test=Test9-5] com.cpcommunity.PageObjects.BasePage  - Clicking on : Search
INFO    2020-09-29 07:32:24,793 [TestNG-test=Test9-4] com.cpcommunity.PageObjects.BasePage  - Clicking on : selectCheckBox
INFO    2020-09-29 07:32:25,440 [TestNG-test=Test9-1] com.cpcommunity.PageObjects.BasePage  - Typing in : email address entered the value as : andrew74444@gmail.com
INFO    2020-09-29 07:32:25,901 [TestNG-test=Test9-1] com.cpcommunity.PageObjects.BasePage  - Typing in : password entered the value as : Admin@123
INFO    2020-09-29 07:32:26,118 [TestNG-test=Test9-1] com.cpcommunity.PageObjects.BasePage  - Clicking on : Login
INFO    2020-09-29 07:32:27,792 [TestNG-test=Test9-5] com.cpcommunity.PageObjects.BasePage  - Clicking on : Menu
]]></system-out>
    <system-err><![CDATA[Starting ChromeDriver 2.38.552522 (437e6fbedfa8762dec75e2c5b3ddb86763dc9dcb) on port 13546
Only local connections are allowed.
Sep 29, 2020 7:31:49 AM org.openqa.selenium.remote.Augmenter extractRemoteWebDriver
WARNING: Augmenter should be applied to the instances of @Augmentable classes or previously augmented instances only (instance class was: class org.openqa.selenium.chrome.ChromeDriver)
Sep 29, 2020 7:31:50 AM org.openqa.selenium.remote.Augmenter extractRemoteWebDriver
WARNING: Augmenter should be applied to the instances of @Augmentable classes or previously augmented instances only (instance class was: class org.openqa.selenium.chrome.ChromeDriver)
Sep 29, 2020 7:31:50 AM org.openqa.selenium.remote.ProtocolHandshake createSession
INFO: Detected dialect: OSS
Sep 29, 2020 7:31:51 AM org.openqa.selenium.remote.Augmenter extractRemoteWebDriver
WARNING: Augmenter should be applied to the instances of @Augmentable classes or previously augmented instances only (instance class was: class org.openqa.selenium.chrome.ChromeDriver)
Sep 29, 2020 7:31:51 AM org.openqa.selenium.remote.Augmenter extractRemoteWebDriver
WARNING: Augmenter should be applied to the instances of @Augmentable classes or previously augmented instances only (instance class was: class org.openqa.selenium.chrome.ChromeDriver)
Sep 29, 2020 7:31:53 AM org.openqa.selenium.remote.Augmenter extractRemoteWebDriver
WARNING: Augmenter should be applied to the instances of @Augmentable classes or previously augmented instances only (instance class was: class org.openqa.selenium.chrome.ChromeDriver)
Sep 29, 2020 7:31:59 AM org.openqa.selenium.remote.Augmenter extractRemoteWebDriver
WARNING: Augmenter should be applied to the instances of @Augmentable classes or previously augmented instances only (instance class was: class org.openqa.selenium.chrome.ChromeDriver)
Sep 29, 2020 7:32:01 AM org.openqa.selenium.remote.Augmenter extractRemoteWebDriver
WARNING: Augmenter should be applied to the instances of @Augmentable classes or previously augmented instances only (instance class was: class org.openqa.selenium.chrome.ChromeDriver)
Sep 29, 2020 7:32:02 AM org.openqa.selenium.remote.Augmenter extractRemoteWebDriver
WARNING: Augmenter should be applied to the instances of @Augmentable classes or previously augmented instances only (instance class was: class org.openqa.selenium.chrome.ChromeDriver)
Sep 29, 2020 7:32:03 AM org.openqa.selenium.remote.Augmenter extractRemoteWebDriver
WARNING: Augmenter should be applied to the instances of @Augmentable classes or previously augmented instances only (instance class was: class org.openqa.selenium.chrome.ChromeDriver)
Sep 29, 2020 7:32:04 AM org.openqa.selenium.remote.Augmenter extractRemoteWebDriver
WARNING: Augmenter should be applied to the instances of @Augmentable classes or previously augmented instances only (instance class was: class org.openqa.selenium.chrome.ChromeDriver)
Sep 29, 2020 7:32:04 AM org.openqa.selenium.remote.Augmenter extractRemoteWebDriver
WARNING: Augmenter should be applied to the instances of @Augmentable classes or previously augmented instances only (instance class was: class org.openqa.selenium.chrome.ChromeDriver)
Sep 29, 2020 7:32:04 AM org.openqa.selenium.remote.Augmenter extractRemoteWebDriver
WARNING: Augmenter should be applied to the instances of @Augmentable classes or previously augmented instances only (instance class was: class org.openqa.selenium.chrome.ChromeDriver)
Sep 29, 2020 7:32:06 AM org.openqa.selenium.remote.Augmenter extractRemoteWebDriver
WARNING: Augmenter should be applied to the instances of @Augmentable classes or previously augmented instances only (instance class was: class org.openqa.selenium.chrome.ChromeDriver)
Sep 29, 2020 7:32:14 AM org.openqa.selenium.remote.Augmenter extractRemoteWebDriver
WARNING: Augmenter should be applied to the instances of @Augmentable classes or previously augmented instances only (instance class was: class org.openqa.selenium.chrome.ChromeDriver)
Sep 29, 2020 7:32:16 AM org.openqa.selenium.remote.Augmenter extractRemoteWebDriver
WARNING: Augmenter should be applied to the instances of @Augmentable classes or previously augmented instances only (instance class was: class org.openqa.selenium.chrome.ChromeDriver)
Sep 29, 2020 7:32:18 AM org.openqa.selenium.remote.Augmenter extractRemoteWebDriver
WARNING: Augmenter should be applied to the instances of @Augmentable classes or previously augmented instances only (instance class was: class org.openqa.selenium.chrome.ChromeDriver)
Sep 29, 2020 7:32:19 AM org.openqa.selenium.remote.Augmenter extractRemoteWebDriver
WARNING: Augmenter should be applied to the instances of @Augmentable classes or previously augmented instances only (instance class was: class org.openqa.selenium.chrome.ChromeDriver)
Sep 29, 2020 7:32:29 AM org.openqa.selenium.remote.Augmenter extractRemoteWebDriver
WARNING: Augmenter should be applied to the instances of @Augmentable classes or previously augmented instances only (instance class was: class org.openqa.selenium.chrome.ChromeDriver)
Sep 29, 2020 7:32:31 AM org.openqa.selenium.remote.Augmenter extractRemoteWebDriver
WARNING: Augmenter should be applied to the instances of @Augmentable classes or previously augmented instances only (instance class was: class org.openqa.selenium.chrome.ChromeDriver)
Sep 29, 2020 7:32:32 AM org.openqa.selenium.remote.Augmenter extractRemoteWebDriver
WARNING: Augmenter should be applied to the instances of @Augmentable classes or previously augmented instances only (instance class was: class org.openqa.selenium.chrome.ChromeDriver)
]]></system-err>
  </testcase>
  <testcase name="TC064" classname="com.cpcommunity.testScripts.community.TC064_Community_Admin_Approve_And_Reject_Community_Requests" time="6.121">
    <failure message="no such element: Unable to locate element: {&quot;method&quot;:&quot;xpath&quot;,&quot;selector&quot;:&quot;//td[contains(@class,&apos;select-checkbox&apos;)]&quot;}&#10;  (Session info: chrome=85.0.4183.121)&#10;  (Driver info: chromedriver=2.38.552522 (437e6fbedfa8762dec75e2c5b3ddb86763dc9dcb),platform=Windows NT 10.0.18362 x86_64) (WARNING: The server did not provide any stacktrace information)&#10;Command duration or timeout: 0 milliseconds&#10;For documentation on this error, please visit: http://seleniumhq.org/exceptions/no_such_element.html&#10;Build info: version: &apos;3.14.0&apos;, revision: &apos;aacccce0&apos;, time: &apos;2018-08-02T20:19:58.91Z&apos;&#10;System info: host: &apos;LAPTOP-65H8KDP8&apos;, ip: &apos;10.0.0.8&apos;, os.name: &apos;Windows 10&apos;, os.arch: &apos;amd64&apos;, os.version: &apos;10.0&apos;, java.version: &apos;1.8.0_251&apos;&#10;Driver info: org.openqa.selenium.chrome.ChromeDriver&#10;Capabilities {acceptInsecureCerts: false, acceptSslCerts: false, applicationCacheEnabled: false, browserConnectionEnabled: false, browserName: chrome, chrome: {chromedriverVersion: 2.38.552522 (437e6fbedfa876..., userDataDir: C:\Users\netwo\AppData\Loca...}, cssSelectorsEnabled: true, databaseEnabled: false, handlesAlerts: true, hasTouchScreen: false, javascriptEnabled: true, locationContextEnabled: true, mobileEmulationEnabled: false, nativeEvents: true, networkConnectionEnabled: false, pageLoadStrategy: normal, platform: XP, platformName: XP, rotatable: false, setWindowRect: true, takesHeapSnapshot: true, takesScreenshot: true, unexpectedAlertBehaviour: , unhandledPromptBehavior: , version: 85.0.4183.121, webStorageEnabled: true}&#10;Session ID: 4dcce8e1a16d34c56587531d506cfb18&#10;*** Element info: {Using=xpath, value=//td[contains(@class,&apos;select-checkbox&apos;)]}" type="org.openqa.selenium.NoSuchElementException">org.openqa.selenium.NoSuchElementException: no such element: Unable to locate element: {"method":"xpath","selector":"//td[contains(@class,'select-checkbox')]"}
  (Session info: chrome=85.0.4183.121)
  (Driver info: chromedriver=2.38.552522 (437e6fbedfa8762dec75e2c5b3ddb86763dc9dcb),platform=Windows NT 10.0.18362 x86_64) (WARNING: The server did not provide any stacktrace information)
Command duration or timeout: 0 milliseconds
For documentation on this error, please visit: http://seleniumhq.org/exceptions/no_such_element.html
Build info: version: '3.14.0', revision: 'aacccce0', time: '2018-08-02T20:19:58.91Z'
System info: host: 'LAPTOP-65H8KDP8', ip: '10.0.0.8', os.name: 'Windows 10', os.arch: 'amd64', os.version: '10.0', java.version: '1.8.0_251'
Driver info: org.openqa.selenium.chrome.ChromeDriver
Capabilities {acceptInsecureCerts: false, acceptSslCerts: false, applicationCacheEnabled: false, browserConnectionEnabled: false, browserName: chrome, chrome: {chromedriverVersion: 2.38.552522 (437e6fbedfa876..., userDataDir: C:\Users\netwo\AppData\Loca...}, cssSelectorsEnabled: true, databaseEnabled: false, handlesAlerts: true, hasTouchScreen: false, javascriptEnabled: true, locationContextEnabled: true, mobileEmulationEnabled: false, nativeEvents: true, networkConnectionEnabled: false, pageLoadStrategy: normal, platform: XP, platformName: XP, rotatable: false, setWindowRect: true, takesHeapSnapshot: true, takesScreenshot: true, unexpectedAlertBehaviour: , unhandledPromptBehavior: , version: 85.0.4183.121, webStorageEnabled: true}
Session ID: 4dcce8e1a16d34c56587531d506cfb18
*** Element info: {Using=xpath, value=//td[contains(@class,'select-checkbox')]}
	at sun.reflect.GeneratedConstructorAccessor73.newInstance(Unknown Source)
	at sun.reflect.DelegatingConstructorAccessorImpl.newInstance(DelegatingConstructorAccessorImpl.java:45)
	at java.lang.reflect.Constructor.newInstance(Constructor.java:423)
	at org.openqa.selenium.remote.ErrorHandler.createThrowable(ErrorHandler.java:214)
	at org.openqa.selenium.remote.ErrorHandler.throwIfResponseFailed(ErrorHandler.java:166)
	at org.openqa.selenium.remote.http.JsonHttpResponseCodec.reconstructValue(JsonHttpResponseCodec.java:40)
	at org.openqa.selenium.remote.http.AbstractHttpResponseCodec.decode(AbstractHttpResponseCodec.java:80)
	at org.openqa.selenium.remote.http.AbstractHttpResponseCodec.decode(AbstractHttpResponseCodec.java:44)
	at org.openqa.selenium.remote.HttpCommandExecutor.execute(HttpCommandExecutor.java:158)
	at org.openqa.selenium.remote.service.DriverCommandExecutor.execute(DriverCommandExecutor.java:83)
	at org.openqa.selenium.remote.RemoteWebDriver.execute(RemoteWebDriver.java:548)
	at org.openqa.selenium.remote.RemoteWebDriver.findElement(RemoteWebDriver.java:322)
	at org.openqa.selenium.remote.RemoteWebDriver.findElementByXPath(RemoteWebDriver.java:424)
	at org.openqa.selenium.By$ByXPath.findElement(By.java:353)
	at org.openqa.selenium.remote.RemoteWebDriver.findElement(RemoteWebDriver.java:314)
	at org.openqa.selenium.support.pagefactory.DefaultElementLocator.findElement(DefaultElementLocator.java:69)
	at org.openqa.selenium.support.pagefactory.internal.LocatingElementHandler.invoke(LocatingElementHandler.java:38)
	at com.sun.proxy.$Proxy9.getWrappedElement(Unknown Source)
	at org.openqa.selenium.remote.internal.WebElementToJsonConverter.apply(WebElementToJsonConverter.java:50)
	at java.util.stream.ReferencePipeline$3$1.accept(ReferencePipeline.java:193)
	at java.util.Spliterators$ArraySpliterator.forEachRemaining(Spliterators.java:948)
	at java.util.stream.AbstractPipeline.copyInto(AbstractPipeline.java:482)
	at java.util.stream.AbstractPipeline.wrapAndCopyInto(AbstractPipeline.java:472)
	at java.util.stream.ReduceOps$ReduceOp.evaluateSequential(ReduceOps.java:708)
	at java.util.stream.AbstractPipeline.evaluate(AbstractPipeline.java:234)
	at java.util.stream.ReferencePipeline.collect(ReferencePipeline.java:499)
	at org.openqa.selenium.remote.RemoteWebDriver.executeScript(RemoteWebDriver.java:480)
	at com.cpcommunity.PageObjects.BasePage.highlightElement(BasePage.java:512)
	at com.cpcommunity.PageObjects.BasePage.click(BasePage.java:197)
	at com.cpcommunity.PageObjects.ManageRequests.approveRequest(ManageRequests.java:66)
	at com.cpcommunity.PageObjects.CommunityPendingRequestsPage.approveMember(CommunityPendingRequestsPage.java:30)
	at com.cpcommunity.testScripts.community.TC064_Community_Admin_Approve_And_Reject_Community_Requests.TC064(TC064_Community_Admin_Approve_And_Reject_Community_Requests.java:38)
</failure>
    <system-out><![CDATA[INFO    2020-09-29 07:32:33,373 [TestNG-test=Test9-1] com.cpcommunity.PageObjects.BasePage  - scrolling up vertically...
INFO    2020-09-29 07:32:33,993 [TestNG-test=Test9-3] com.cpcommunity.testScripts.community.BaseTest  - Test Execution Completed !!!
Total rows are : 1167
Test case starts from row num: 201
Total rows of data are : 1
Total cols are : 7
@TestCase : TC106
INFO    2020-09-29 07:32:34,264 [TestNG-test=Test9-3] com.cpcommunity.testScripts.community.BaseTest  - Inside Login Test
Launching : chrome
ChromeDriver: chrome on XP (6371de9b9c889a50428af570c71bab2c)
6371de9b9c889a50428af570c71bab2c
INFO    2020-09-29 07:32:37,895 [TestNG-test=Test9-3] com.cpcommunity.testScripts.community.BaseTest  - Driver Initialized !!!
INFO    2020-09-29 07:32:38,424 [TestNG-test=Test9-1] com.cpcommunity.PageObjects.BasePage  - Clicking on : myGroups
]]></system-out>
    <system-err><![CDATA[Starting ChromeDriver 2.38.552522 (437e6fbedfa8762dec75e2c5b3ddb86763dc9dcb) on port 27210
Only local connections are allowed.
Sep 29, 2020 7:32:37 AM org.openqa.selenium.remote.ProtocolHandshake createSession
INFO: Detected dialect: OSS
]]></system-err>
  </testcase>
  <testcase name="TC072" classname="com.cpcommunity.testScripts.community.TC072_Community_Admin_Approve_And_Reject_Group_Requests" time="29.927">
    <failure message="Expected condition failed: waiting for visibility of Proxy element for: AjaxElementLocator &apos;By.xpath: //*[contains(text(),&apos;MY ECOSYSTEM&apos;)]&apos; (tried for 30 second(s) with 500 milliseconds interval)" type="org.openqa.selenium.TimeoutException">org.openqa.selenium.TimeoutException: Expected condition failed: waiting for visibility of Proxy element for: AjaxElementLocator 'By.xpath: //*[contains(text(),'MY ECOSYSTEM')]' (tried for 30 second(s) with 500 milliseconds interval)
	at sun.reflect.GeneratedConstructorAccessor73.newInstance(Unknown Source)
	at sun.reflect.DelegatingConstructorAccessorImpl.newInstance(DelegatingConstructorAccessorImpl.java:45)
	at java.lang.reflect.Constructor.newInstance(Constructor.java:423)
	at org.openqa.selenium.remote.ErrorHandler.createThrowable(ErrorHandler.java:214)
	at org.openqa.selenium.remote.ErrorHandler.throwIfResponseFailed(ErrorHandler.java:166)
	at org.openqa.selenium.remote.http.JsonHttpResponseCodec.reconstructValue(JsonHttpResponseCodec.java:40)
	at org.openqa.selenium.remote.http.AbstractHttpResponseCodec.decode(AbstractHttpResponseCodec.java:80)
	at org.openqa.selenium.remote.http.AbstractHttpResponseCodec.decode(AbstractHttpResponseCodec.java:44)
	at org.openqa.selenium.remote.HttpCommandExecutor.execute(HttpCommandExecutor.java:158)
	at org.openqa.selenium.remote.service.DriverCommandExecutor.execute(DriverCommandExecutor.java:83)
	at org.openqa.selenium.remote.RemoteWebDriver.execute(RemoteWebDriver.java:548)
	at org.openqa.selenium.remote.RemoteWebDriver.findElement(RemoteWebDriver.java:322)
	at org.openqa.selenium.remote.RemoteWebDriver.findElementByXPath(RemoteWebDriver.java:424)
	at org.openqa.selenium.By$ByXPath.findElement(By.java:353)
	at org.openqa.selenium.remote.RemoteWebDriver.findElement(RemoteWebDriver.java:314)
	at org.openqa.selenium.support.pagefactory.DefaultElementLocator.findElement(DefaultElementLocator.java:69)
	at org.openqa.selenium.support.pagefactory.AjaxElementLocator.access$001(AjaxElementLocator.java:39)
	at org.openqa.selenium.support.pagefactory.AjaxElementLocator$SlowLoadingElement.isLoaded(AjaxElementLocator.java:194)
	at org.openqa.selenium.support.ui.SlowLoadableComponent.get(SlowLoadableComponent.java:78)
	at org.openqa.selenium.support.pagefactory.AjaxElementLocator.findElement(AjaxElementLocator.java:119)
	at org.openqa.selenium.support.pagefactory.internal.LocatingElementHandler.invoke(LocatingElementHandler.java:38)
	at com.sun.proxy.$Proxy9.isDisplayed(Unknown Source)
	at org.openqa.selenium.support.ui.ExpectedConditions.elementIfVisible(ExpectedConditions.java:315)
	at org.openqa.selenium.support.ui.ExpectedConditions.access$100(ExpectedConditions.java:44)
	at org.openqa.selenium.support.ui.ExpectedConditions$10.apply(ExpectedConditions.java:301)
	at org.openqa.selenium.support.ui.ExpectedConditions$10.apply(ExpectedConditions.java:298)
	at org.openqa.selenium.support.ui.FluentWait.until(FluentWait.java:260)
	at com.cpcommunity.PageObjects.BasePage.waitForPageToLoad(BasePage.java:94)
	at com.cpcommunity.PageObjects.BasePage.openPage(BasePage.java:80)
	at com.cpcommunity.PageObjects.LoginPage.loginToApplication(LoginPage.java:90)
	at com.cpcommunity.testScripts.community.TC072_Community_Admin_Approve_And_Reject_Group_Requests.TC072(TC072_Community_Admin_Approve_And_Reject_Group_Requests.java:32)
</failure>
    <system-out><![CDATA[INFO    2020-09-29 07:32:41,185 [TestNG-test=Test9-4] com.cpcommunity.testScripts.community.BaseTest  - Test Execution Completed !!!
Total rows are : 1167
Test case starts from row num: 208
Total rows of data are : 1
Total cols are : 7
@TestCase : TC107
INFO    2020-09-29 07:32:41,349 [TestNG-test=Test9-4] com.cpcommunity.testScripts.community.BaseTest  - Inside Login Test
Launching : chrome
ChromeDriver: chrome on XP (e22b6dcbad0794ab45f61732ceda5c38)
e22b6dcbad0794ab45f61732ceda5c38
INFO    2020-09-29 07:32:45,038 [TestNG-test=Test9-4] com.cpcommunity.testScripts.community.BaseTest  - Driver Initialized !!!
Page Opened
INFO    2020-09-29 07:32:48,047 [TestNG-test=Test9-1] com.cpcommunity.PageObjects.BasePage  - scrolling up vertically...
INFO    2020-09-29 07:32:53,233 [TestNG-test=Test9-3] com.cpcommunity.PageObjects.BasePage  - scrolling up vertically...
INFO    2020-09-29 07:32:53,337 [TestNG-test=Test9-1] com.cpcommunity.PageObjects.BasePage  - Typing in : Search by Group Name entered the value as : Public Group Tue Sep 29 07:32:53 EDT 2020
Page Opened
INFO    2020-09-29 07:32:54,249 [TestNG-test=Test9-1] com.cpcommunity.PageObjects.BasePage  - Clicking on : search btn
INFO    2020-09-29 07:32:58,332 [TestNG-test=Test9-3] com.cpcommunity.PageObjects.BasePage  - waiting for :[[ChromeDriver: chrome on XP (6371de9b9c889a50428af570c71bab2c)] -> xpath: //a[contains(.,'Login')]] for :18 seconds
INFO    2020-09-29 07:32:58,370 [TestNG-test=Test9-3] com.cpcommunity.PageObjects.BasePage  - [[ChromeDriver: chrome on XP (6371de9b9c889a50428af570c71bab2c)] -> xpath: //a[contains(.,'Login')]]is displayed
INFO    2020-09-29 07:32:59,271 [TestNG-test=Test9-4] com.cpcommunity.PageObjects.BasePage  - scrolling up vertically...
INFO    2020-09-29 07:33:01,376 [TestNG-test=Test9-3] com.cpcommunity.PageObjects.BasePage  - Clicking on : LOGIN
INFO    2020-09-29 07:33:04,346 [TestNG-test=Test9-4] com.cpcommunity.PageObjects.BasePage  - waiting for :[[ChromeDriver: chrome on XP (e22b6dcbad0794ab45f61732ceda5c38)] -> xpath: //a[contains(.,'Login')]] for :18 seconds
INFO    2020-09-29 07:33:04,385 [TestNG-test=Test9-4] com.cpcommunity.PageObjects.BasePage  - [[ChromeDriver: chrome on XP (e22b6dcbad0794ab45f61732ceda5c38)] -> xpath: //a[contains(.,'Login')]]is displayed
ChromeDriver: chrome on XP (6371de9b9c889a50428af570c71bab2c)Login Page
INFO    2020-09-29 07:33:07,387 [TestNG-test=Test9-4] com.cpcommunity.PageObjects.BasePage  - Clicking on : LOGIN
ChromeDriver: chrome on XP (e22b6dcbad0794ab45f61732ceda5c38)Login Page
INFO    2020-09-29 07:33:09,372 [TestNG-test=Test9-3] com.cpcommunity.PageObjects.BasePage  - scrolling up vertically...
]]></system-out>
    <system-err><![CDATA[Starting ChromeDriver 2.38.552522 (437e6fbedfa8762dec75e2c5b3ddb86763dc9dcb) on port 27614
Only local connections are allowed.
Sep 29, 2020 7:32:45 AM org.openqa.selenium.remote.ProtocolHandshake createSession
INFO: Detected dialect: OSS
Sep 29, 2020 7:32:45 AM org.openqa.selenium.remote.Augmenter extractRemoteWebDriver
WARNING: Augmenter should be applied to the instances of @Augmentable classes or previously augmented instances only (instance class was: class org.openqa.selenium.chrome.ChromeDriver)
Sep 29, 2020 7:32:46 AM org.openqa.selenium.remote.Augmenter extractRemoteWebDriver
WARNING: Augmenter should be applied to the instances of @Augmentable classes or previously augmented instances only (instance class was: class org.openqa.selenium.chrome.ChromeDriver)
Sep 29, 2020 7:32:47 AM org.openqa.selenium.remote.Augmenter extractRemoteWebDriver
WARNING: Augmenter should be applied to the instances of @Augmentable classes or previously augmented instances only (instance class was: class org.openqa.selenium.chrome.ChromeDriver)
Sep 29, 2020 7:32:49 AM org.openqa.selenium.remote.Augmenter extractRemoteWebDriver
WARNING: Augmenter should be applied to the instances of @Augmentable classes or previously augmented instances only (instance class was: class org.openqa.selenium.chrome.ChromeDriver)
Sep 29, 2020 7:32:51 AM org.openqa.selenium.remote.Augmenter extractRemoteWebDriver
WARNING: Augmenter should be applied to the instances of @Augmentable classes or previously augmented instances only (instance class was: class org.openqa.selenium.chrome.ChromeDriver)
Sep 29, 2020 7:32:54 AM org.openqa.selenium.remote.Augmenter extractRemoteWebDriver
WARNING: Augmenter should be applied to the instances of @Augmentable classes or previously augmented instances only (instance class was: class org.openqa.selenium.chrome.ChromeDriver)
Sep 29, 2020 7:32:56 AM org.openqa.selenium.remote.Augmenter extractRemoteWebDriver
WARNING: Augmenter should be applied to the instances of @Augmentable classes or previously augmented instances only (instance class was: class org.openqa.selenium.chrome.ChromeDriver)
Sep 29, 2020 7:32:58 AM org.openqa.selenium.remote.Augmenter extractRemoteWebDriver
WARNING: Augmenter should be applied to the instances of @Augmentable classes or previously augmented instances only (instance class was: class org.openqa.selenium.chrome.ChromeDriver)
Sep 29, 2020 7:33:07 AM org.openqa.selenium.remote.Augmenter extractRemoteWebDriver
WARNING: Augmenter should be applied to the instances of @Augmentable classes or previously augmented instances only (instance class was: class org.openqa.selenium.chrome.ChromeDriver)
Sep 29, 2020 7:33:08 AM org.openqa.selenium.remote.Augmenter extractRemoteWebDriver
WARNING: Augmenter should be applied to the instances of @Augmentable classes or previously augmented instances only (instance class was: class org.openqa.selenium.chrome.ChromeDriver)
Sep 29, 2020 7:33:10 AM org.openqa.selenium.remote.Augmenter extractRemoteWebDriver
WARNING: Augmenter should be applied to the instances of @Augmentable classes or previously augmented instances only (instance class was: class org.openqa.selenium.chrome.ChromeDriver)
]]></system-err>
  </testcase>
  <testcase name="TC053" classname="com.cpcommunity.testScripts.community.TC053_Community_Admin_Manage_Group_Members" time="16.698">
    <failure message="Timed out after 20 seconds. Unable to locate the element" type="org.openqa.selenium.NoSuchElementException">org.openqa.selenium.NoSuchElementException: Timed out after 20 seconds. Unable to locate the element
	at sun.reflect.GeneratedConstructorAccessor73.newInstance(Unknown Source)
	at sun.reflect.DelegatingConstructorAccessorImpl.newInstance(DelegatingConstructorAccessorImpl.java:45)
	at java.lang.reflect.Constructor.newInstance(Constructor.java:423)
	at org.openqa.selenium.remote.ErrorHandler.createThrowable(ErrorHandler.java:214)
	at org.openqa.selenium.remote.ErrorHandler.throwIfResponseFailed(ErrorHandler.java:166)
	at org.openqa.selenium.remote.http.JsonHttpResponseCodec.reconstructValue(JsonHttpResponseCodec.java:40)
	at org.openqa.selenium.remote.http.AbstractHttpResponseCodec.decode(AbstractHttpResponseCodec.java:80)
	at org.openqa.selenium.remote.http.AbstractHttpResponseCodec.decode(AbstractHttpResponseCodec.java:44)
	at org.openqa.selenium.remote.HttpCommandExecutor.execute(HttpCommandExecutor.java:158)
	at org.openqa.selenium.remote.service.DriverCommandExecutor.execute(DriverCommandExecutor.java:83)
	at org.openqa.selenium.remote.RemoteWebDriver.execute(RemoteWebDriver.java:548)
	at org.openqa.selenium.remote.RemoteWebDriver.findElement(RemoteWebDriver.java:322)
	at org.openqa.selenium.remote.RemoteWebDriver.findElementByXPath(RemoteWebDriver.java:424)
	at org.openqa.selenium.By$ByXPath.findElement(By.java:353)
	at org.openqa.selenium.remote.RemoteWebDriver.findElement(RemoteWebDriver.java:314)
	at org.openqa.selenium.support.pagefactory.DefaultElementLocator.findElement(DefaultElementLocator.java:69)
	at org.openqa.selenium.support.pagefactory.AjaxElementLocator.access$001(AjaxElementLocator.java:39)
	at org.openqa.selenium.support.pagefactory.AjaxElementLocator$SlowLoadingElement.isLoaded(AjaxElementLocator.java:194)
	at org.openqa.selenium.support.ui.SlowLoadableComponent.get(SlowLoadableComponent.java:78)
	at org.openqa.selenium.support.pagefactory.AjaxElementLocator.findElement(AjaxElementLocator.java:119)
	at org.openqa.selenium.support.pagefactory.internal.LocatingElementHandler.invoke(LocatingElementHandler.java:38)
	at com.sun.proxy.$Proxy9.getWrappedElement(Unknown Source)
	at org.openqa.selenium.remote.internal.WebElementToJsonConverter.apply(WebElementToJsonConverter.java:50)
	at java.util.stream.ReferencePipeline$3$1.accept(ReferencePipeline.java:193)
	at java.util.Spliterators$ArraySpliterator.forEachRemaining(Spliterators.java:948)
	at java.util.stream.AbstractPipeline.copyInto(AbstractPipeline.java:482)
	at java.util.stream.AbstractPipeline.wrapAndCopyInto(AbstractPipeline.java:472)
	at java.util.stream.ReduceOps$ReduceOp.evaluateSequential(ReduceOps.java:708)
	at java.util.stream.AbstractPipeline.evaluate(AbstractPipeline.java:234)
	at java.util.stream.ReferencePipeline.collect(ReferencePipeline.java:499)
	at org.openqa.selenium.remote.RemoteWebDriver.executeScript(RemoteWebDriver.java:480)
	at com.cpcommunity.PageObjects.BasePage.highlightElement(BasePage.java:512)
	at com.cpcommunity.PageObjects.BasePage.click(BasePage.java:197)
	at com.cpcommunity.PageObjects.ManageGroupsPage.navigateToManageGroupMembers(ManageGroupsPage.java:76)
	at com.cpcommunity.testScripts.community.TC053_Community_Admin_Manage_Group_Members.TC053(TC053_Community_Admin_Manage_Group_Members.java:37)
</failure>
    <system-out><![CDATA[INFO    2020-09-29 07:33:12,115 [TestNG-test=Test9-4] com.cpcommunity.PageObjects.BasePage  - scrolling up vertically...
INFO    2020-09-29 07:33:12,183 [TestNG-test=Test9-2] com.cpcommunity.testScripts.community.BaseTest  - Test Execution Completed !!!
Total rows are : 1167
Test case starts from row num: 216
Total rows of data are : 1
Total cols are : 13
@TestCase : TC108
INFO    2020-09-29 07:33:12,364 [TestNG-test=Test9-2] com.cpcommunity.testScripts.community.BaseTest  - Inside Login Test
Launching : chrome
INFO    2020-09-29 07:33:14,387 [TestNG-test=Test9-3] com.cpcommunity.PageObjects.BasePage  - Typing in : email address entered the value as : curatora99@gmail.com
INFO    2020-09-29 07:33:15,023 [TestNG-test=Test9-3] com.cpcommunity.PageObjects.BasePage  - Typing in : password entered the value as : Admin@123
INFO    2020-09-29 07:33:15,266 [TestNG-test=Test9-3] com.cpcommunity.PageObjects.BasePage  - Clicking on : Login
ChromeDriver: chrome on XP (0749af5f731342819baffa56de627514)
0749af5f731342819baffa56de627514
INFO    2020-09-29 07:33:16,936 [TestNG-test=Test9-2] com.cpcommunity.testScripts.community.BaseTest  - Driver Initialized !!!
INFO    2020-09-29 07:33:17,122 [TestNG-test=Test9-4] com.cpcommunity.PageObjects.BasePage  - Typing in : email address entered the value as : nancykemper463@gmail.com
INFO    2020-09-29 07:33:18,052 [TestNG-test=Test9-4] com.cpcommunity.PageObjects.BasePage  - Typing in : password entered the value as : Admin@123
INFO    2020-09-29 07:33:18,345 [TestNG-test=Test9-4] com.cpcommunity.PageObjects.BasePage  - Clicking on : Login
Page Opened
]]></system-out>
    <system-err><![CDATA[Sep 29, 2020 7:33:11 AM org.openqa.selenium.remote.Augmenter extractRemoteWebDriver
WARNING: Augmenter should be applied to the instances of @Augmentable classes or previously augmented instances only (instance class was: class org.openqa.selenium.chrome.ChromeDriver)
Starting ChromeDriver 2.38.552522 (437e6fbedfa8762dec75e2c5b3ddb86763dc9dcb) on port 17855
Only local connections are allowed.
Sep 29, 2020 7:33:16 AM org.openqa.selenium.remote.ProtocolHandshake createSession
INFO: Detected dialect: OSS
Sep 29, 2020 7:33:26 AM org.openqa.selenium.remote.Augmenter extractRemoteWebDriver
WARNING: Augmenter should be applied to the instances of @Augmentable classes or previously augmented instances only (instance class was: class org.openqa.selenium.chrome.ChromeDriver)
Sep 29, 2020 7:33:28 AM org.openqa.selenium.remote.Augmenter extractRemoteWebDriver
WARNING: Augmenter should be applied to the instances of @Augmentable classes or previously augmented instances only (instance class was: class org.openqa.selenium.chrome.ChromeDriver)
]]></system-err>
  </testcase>
  <testcase name="TC106" classname="com.cpcommunity.testScripts.community.TC106_Join_And_Leave_Public_Group_From_My_Groups_Page" time="95.348">
    <failure message="Expected condition failed: waiting for visibility of [[ChromeDriver: chrome on XP (6371de9b9c889a50428af570c71bab2c)] -&gt; xpath: //input[@placeholder=&apos;Search by Groups&apos;]] (tried for 30 second(s) with 500 milliseconds interval)&#10;Build info: version: &apos;3.14.0&apos;, revision: &apos;aacccce0&apos;, time: &apos;2018-08-02T20:19:58.91Z&apos;&#10;System info: host: &apos;LAPTOP-65H8KDP8&apos;, ip: &apos;10.0.0.8&apos;, os.name: &apos;Windows 10&apos;, os.arch: &apos;amd64&apos;, os.version: &apos;10.0&apos;, java.version: &apos;1.8.0_251&apos;&#10;Driver info: org.openqa.selenium.chrome.ChromeDriver&#10;Capabilities {acceptInsecureCerts: false, acceptSslCerts: false, applicationCacheEnabled: false, browserConnectionEnabled: false, browserName: chrome, chrome: {chromedriverVersion: 2.38.552522 (437e6fbedfa876..., userDataDir: C:\Users\netwo\AppData\Loca...}, cssSelectorsEnabled: true, databaseEnabled: false, handlesAlerts: true, hasTouchScreen: false, javascriptEnabled: true, locationContextEnabled: true, mobileEmulationEnabled: false, nativeEvents: true, networkConnectionEnabled: false, pageLoadStrategy: normal, platform: XP, platformName: XP, rotatable: false, setWindowRect: true, takesHeapSnapshot: true, takesScreenshot: true, unexpectedAlertBehaviour: , unhandledPromptBehavior: , version: 85.0.4183.121, webStorageEnabled: true}&#10;Session ID: 6371de9b9c889a50428af570c71bab2c" type="org.openqa.selenium.TimeoutException">org.openqa.selenium.TimeoutException: Expected condition failed: waiting for visibility of [[ChromeDriver: chrome on XP (6371de9b9c889a50428af570c71bab2c)] -> xpath: //input[@placeholder='Search by Groups']] (tried for 30 second(s) with 500 milliseconds interval)
Build info: version: '3.14.0', revision: 'aacccce0', time: '2018-08-02T20:19:58.91Z'
System info: host: 'LAPTOP-65H8KDP8', ip: '10.0.0.8', os.name: 'Windows 10', os.arch: 'amd64', os.version: '10.0', java.version: '1.8.0_251'
Driver info: org.openqa.selenium.chrome.ChromeDriver
Capabilities {acceptInsecureCerts: false, acceptSslCerts: false, applicationCacheEnabled: false, browserConnectionEnabled: false, browserName: chrome, chrome: {chromedriverVersion: 2.38.552522 (437e6fbedfa876..., userDataDir: C:\Users\netwo\AppData\Loca...}, cssSelectorsEnabled: true, databaseEnabled: false, handlesAlerts: true, hasTouchScreen: false, javascriptEnabled: true, locationContextEnabled: true, mobileEmulationEnabled: false, nativeEvents: true, networkConnectionEnabled: false, pageLoadStrategy: normal, platform: XP, platformName: XP, rotatable: false, setWindowRect: true, takesHeapSnapshot: true, takesScreenshot: true, unexpectedAlertBehaviour: , unhandledPromptBehavior: , version: 85.0.4183.121, webStorageEnabled: true}
Session ID: 6371de9b9c889a50428af570c71bab2c
	at org.openqa.selenium.support.ui.WebDriverWait.timeoutException(WebDriverWait.java:113)
	at org.openqa.selenium.support.ui.FluentWait.until(FluentWait.java:283)
	at com.cpcommunity.PageObjects.BasePage.waitForElementToPresent(BasePage.java:175)
	at com.cpcommunity.PageObjects.CommunityDetailsPage.searchGroup(CommunityDetailsPage.java:469)
	at com.cpcommunity.PageObjects.CommunityDetailsPage.JoinGroups(CommunityDetailsPage.java:501)
	at com.cpcommunity.testScripts.community.TC106_Join_And_Leave_Public_Group_From_My_Groups_Page.TC106(TC106_Join_And_Leave_Public_Group_From_My_Groups_Page.java:35)
</failure>
    <system-out><![CDATA[INFO    2020-09-29 07:33:32,543 [TestNG-test=Test9-2] com.cpcommunity.PageObjects.BasePage  - scrolling up vertically...
INFO    2020-09-29 07:33:32,710 [TestNG-test=Test9-5] com.cpcommunity.testScripts.community.BaseTest  - Test Execution Completed !!!
INFO    2020-09-29 07:33:32,937 [TestNG-test=Test9-3] com.cpcommunity.PageObjects.BasePage  - scrolling up vertically...
INFO    2020-09-29 07:33:37,632 [TestNG-test=Test9-2] com.cpcommunity.PageObjects.BasePage  - waiting for :[[ChromeDriver: chrome on XP (0749af5f731342819baffa56de627514)] -> xpath: //a[contains(.,'Login')]] for :18 seconds
INFO    2020-09-29 07:33:37,676 [TestNG-test=Test9-2] com.cpcommunity.PageObjects.BasePage  - [[ChromeDriver: chrome on XP (0749af5f731342819baffa56de627514)] -> xpath: //a[contains(.,'Login')]]is displayed
INFO    2020-09-29 07:33:38,055 [TestNG-test=Test9-3] com.cpcommunity.PageObjects.BasePage  - waiting for :[[ChromeDriver: chrome on XP (6371de9b9c889a50428af570c71bab2c)] -> xpath: //*[@id='navbar']//*[contains(text(),'Global Communities')]] for :18 seconds
INFO    2020-09-29 07:33:38,121 [TestNG-test=Test9-3] com.cpcommunity.PageObjects.BasePage  - [[ChromeDriver: chrome on XP (6371de9b9c889a50428af570c71bab2c)] -> xpath: //*[@id='navbar']//*[contains(text(),'Global Communities')]]is displayed
INFO    2020-09-29 07:33:38,658 [TestNG-test=Test9-4] com.cpcommunity.PageObjects.BasePage  - scrolling up vertically...
INFO    2020-09-29 07:33:40,182 [TestNG-test=Test9-3] com.cpcommunity.PageObjects.BasePage  - Clicking[[ChromeDriver: chrome on XP (6371de9b9c889a50428af570c71bab2c)] -> xpath: //*[@id='navbar']//*[contains(text(),'Global Communities')]]
INFO    2020-09-29 07:33:40,682 [TestNG-test=Test9-2] com.cpcommunity.PageObjects.BasePage  - Clicking on : LOGIN
ChromeDriver: chrome on XP (0749af5f731342819baffa56de627514)Login Page
INFO    2020-09-29 07:33:43,836 [TestNG-test=Test9-4] com.cpcommunity.PageObjects.BasePage  - waiting for :[[ChromeDriver: chrome on XP (e22b6dcbad0794ab45f61732ceda5c38)] -> xpath: //*[@id='navbar']//*[contains(text(),'Global Communities')]] for :18 seconds
INFO    2020-09-29 07:33:43,886 [TestNG-test=Test9-3] com.cpcommunity.PageObjects.BasePage  - Clicked[[ChromeDriver: chrome on XP (6371de9b9c889a50428af570c71bab2c)] -> xpath: //*[@id='navbar']//*[contains(text(),'Global Communities')]]
INFO    2020-09-29 07:33:43,967 [TestNG-test=Test9-4] com.cpcommunity.PageObjects.BasePage  - [[ChromeDriver: chrome on XP (e22b6dcbad0794ab45f61732ceda5c38)] -> xpath: //*[@id='navbar']//*[contains(text(),'Global Communities')]]is displayed
INFO    2020-09-29 07:33:46,008 [TestNG-test=Test9-4] com.cpcommunity.PageObjects.BasePage  - Clicking[[ChromeDriver: chrome on XP (e22b6dcbad0794ab45f61732ceda5c38)] -> xpath: //*[@id='navbar']//*[contains(text(),'Global Communities')]]
INFO    2020-09-29 07:33:47,262 [TestNG-test=Test9-2] com.cpcommunity.PageObjects.BasePage  - scrolling up vertically...
INFO    2020-09-29 07:33:47,715 [TestNG-test=Test9-3] com.cpcommunity.PageObjects.BasePage  - scrolling up vertically...
INFO    2020-09-29 07:33:50,422 [TestNG-test=Test9-4] com.cpcommunity.PageObjects.BasePage  - Clicked[[ChromeDriver: chrome on XP (e22b6dcbad0794ab45f61732ceda5c38)] -> xpath: //*[@id='navbar']//*[contains(text(),'Global Communities')]]
INFO    2020-09-29 07:33:52,271 [TestNG-test=Test9-2] com.cpcommunity.PageObjects.BasePage  - Typing in : email address entered the value as : andrew74444@gmail.com
INFO    2020-09-29 07:33:52,731 [TestNG-test=Test9-2] com.cpcommunity.PageObjects.BasePage  - Typing in : password entered the value as : Admin@123
Date Format with dd MMMM yyyy : 29 Sep 2020
INFO    2020-09-29 07:33:52,838 [TestNG-test=Test9-3] com.cpcommunity.PageObjects.BasePage  - Typing in : search entered the value as : Community - 29 Sep 2020
INFO    2020-09-29 07:33:53,012 [TestNG-test=Test9-2] com.cpcommunity.PageObjects.BasePage  - Clicking on : Login
INFO    2020-09-29 07:33:53,527 [TestNG-test=Test9-3] com.cpcommunity.PageObjects.BasePage  - Clicking on : search Btn
INFO    2020-09-29 07:33:54,029 [TestNG-test=Test9-4] com.cpcommunity.PageObjects.BasePage  - scrolling up vertically...
INFO    2020-09-29 07:33:55,888 [TestNG-test=Test9-3] com.cpcommunity.PageObjects.BasePage  - waiting for :[[ChromeDriver: chrome on XP (6371de9b9c889a50428af570c71bab2c)] -> xpath: //a[contains(text(),'Community - 29 Sep 2020')]] for :18 seconds
INFO    2020-09-29 07:33:55,919 [TestNG-test=Test9-3] com.cpcommunity.PageObjects.BasePage  - [[ChromeDriver: chrome on XP (6371de9b9c889a50428af570c71bab2c)] -> xpath: //a[contains(text(),'Community - 29 Sep 2020')]]is displayed
Date Format with dd MMMM yyyy : 29 Sep 2020
INFO    2020-09-29 07:33:59,117 [TestNG-test=Test9-4] com.cpcommunity.PageObjects.BasePage  - Typing in : search entered the value as : Community - 29 Sep 2020
INFO    2020-09-29 07:33:59,749 [TestNG-test=Test9-3] com.cpcommunity.PageObjects.BasePage  - scrolling up vertically...
INFO    2020-09-29 07:33:59,934 [TestNG-test=Test9-4] com.cpcommunity.PageObjects.BasePage  - Clicking on : search Btn
INFO    2020-09-29 07:34:01,460 [TestNG-test=Test9-1] com.cpcommunity.PageObjects.BasePage  - waiting for :Proxy element for: AjaxElementLocator 'By.xpath: //img[@height='17']' for :18 seconds
INFO    2020-09-29 07:34:01,954 [TestNG-test=Test9-2] com.cpcommunity.PageObjects.BasePage  - scrolling up vertically...
INFO    2020-09-29 07:34:02,319 [TestNG-test=Test9-4] com.cpcommunity.PageObjects.BasePage  - waiting for :[[ChromeDriver: chrome on XP (e22b6dcbad0794ab45f61732ceda5c38)] -> xpath: //a[contains(text(),'Community - 29 Sep 2020')]] for :18 seconds
INFO    2020-09-29 07:34:02,538 [TestNG-test=Test9-4] com.cpcommunity.PageObjects.BasePage  - [[ChromeDriver: chrome on XP (e22b6dcbad0794ab45f61732ceda5c38)] -> xpath: //a[contains(text(),'Community - 29 Sep 2020')]]is displayed
INFO    2020-09-29 07:34:06,552 [TestNG-test=Test9-4] com.cpcommunity.PageObjects.BasePage  - scrolling up vertically...
INFO    2020-09-29 07:34:07,092 [TestNG-test=Test9-2] com.cpcommunity.PageObjects.BasePage  - waiting for :[[ChromeDriver: chrome on XP (0749af5f731342819baffa56de627514)] -> xpath: //*[@id='navbar']//*[contains(text(),'Global Communities')]] for :18 seconds
INFO    2020-09-29 07:34:07,141 [TestNG-test=Test9-2] com.cpcommunity.PageObjects.BasePage  - [[ChromeDriver: chrome on XP (0749af5f731342819baffa56de627514)] -> xpath: //*[@id='navbar']//*[contains(text(),'Global Communities')]]is displayed
INFO    2020-09-29 07:34:07,837 [TestNG-test=Test9-3] com.cpcommunity.PageObjects.BasePage  - scrolling up vertically...
INFO    2020-09-29 07:34:09,181 [TestNG-test=Test9-2] com.cpcommunity.PageObjects.BasePage  - Clicking[[ChromeDriver: chrome on XP (0749af5f731342819baffa56de627514)] -> xpath: //*[@id='navbar']//*[contains(text(),'Global Communities')]]
INFO    2020-09-29 07:34:11,543 [TestNG-test=Test9-4] com.cpcommunity.PageObjects.BasePage  - scrolling up vertically...
INFO    2020-09-29 07:34:16,867 [TestNG-test=Test9-3] com.cpcommunity.PageObjects.BasePage  - Clicking on : Groups
INFO    2020-09-29 07:34:16,869 [TestNG-test=Test9-2] com.cpcommunity.PageObjects.BasePage  - Clicked[[ChromeDriver: chrome on XP (0749af5f731342819baffa56de627514)] -> xpath: //*[@id='navbar']//*[contains(text(),'Global Communities')]]
INFO    2020-09-29 07:34:17,162 [TestNG-test=Test9-3] com.cpcommunity.PageObjects.BasePage  - waiting for :[[ChromeDriver: chrome on XP (6371de9b9c889a50428af570c71bab2c)] -> xpath: //input[@placeholder='Search by Groups']] for :18 seconds
INFO    2020-09-29 07:34:19,915 [TestNG-test=Test9-2] com.cpcommunity.PageObjects.BasePage  - scrolling up vertically...
INFO    2020-09-29 07:34:20,588 [TestNG-test=Test9-4] com.cpcommunity.PageObjects.BasePage  - Clicking on : Groups
INFO    2020-09-29 07:34:20,997 [TestNG-test=Test9-4] com.cpcommunity.PageObjects.BasePage  - waiting for :[[ChromeDriver: chrome on XP (e22b6dcbad0794ab45f61732ceda5c38)] -> xpath: //input[@placeholder='Search by Groups']] for :18 seconds
Date Format with dd MMMM yyyy : 29 Sep 2020
INFO    2020-09-29 07:34:25,009 [TestNG-test=Test9-2] com.cpcommunity.PageObjects.BasePage  - Typing in : search entered the value as : Community - 29 Sep 2020
INFO    2020-09-29 07:34:25,301 [TestNG-test=Test9-2] com.cpcommunity.PageObjects.BasePage  - Clicking on : search Btn
INFO    2020-09-29 07:34:27,442 [TestNG-test=Test9-2] com.cpcommunity.PageObjects.BasePage  - waiting for :[[ChromeDriver: chrome on XP (0749af5f731342819baffa56de627514)] -> xpath: //a[contains(text(),'Community - 29 Sep 2020')]] for :18 seconds
INFO    2020-09-29 07:34:27,453 [TestNG-test=Test9-2] com.cpcommunity.PageObjects.BasePage  - [[ChromeDriver: chrome on XP (0749af5f731342819baffa56de627514)] -> xpath: //a[contains(text(),'Community - 29 Sep 2020')]]is displayed
INFO    2020-09-29 07:34:30,393 [TestNG-test=Test9-2] com.cpcommunity.PageObjects.BasePage  - scrolling up vertically...
INFO    2020-09-29 07:34:35,824 [TestNG-test=Test9-2] com.cpcommunity.PageObjects.BasePage  - scrolling up vertically...
INFO    2020-09-29 07:34:44,855 [TestNG-test=Test9-2] com.cpcommunity.PageObjects.BasePage  - Clicking on : Groups
INFO    2020-09-29 07:34:45,096 [TestNG-test=Test9-2] com.cpcommunity.PageObjects.BasePage  - waiting for :[[ChromeDriver: chrome on XP (0749af5f731342819baffa56de627514)] -> xpath: //input[@placeholder='Search by Groups']] for :18 seconds
INFO    2020-09-29 07:34:45,142 [TestNG-test=Test9-2] com.cpcommunity.PageObjects.BasePage  - [[ChromeDriver: chrome on XP (0749af5f731342819baffa56de627514)] -> xpath: //input[@placeholder='Search by Groups']]is displayed
]]></system-out>
    <system-err><![CDATA[Sep 29, 2020 7:33:29 AM org.openqa.selenium.remote.Augmenter extractRemoteWebDriver
WARNING: Augmenter should be applied to the instances of @Augmentable classes or previously augmented instances only (instance class was: class org.openqa.selenium.chrome.ChromeDriver)
Sep 29, 2020 7:33:30 AM org.openqa.selenium.remote.Augmenter extractRemoteWebDriver
WARNING: Augmenter should be applied to the instances of @Augmentable classes or previously augmented instances only (instance class was: class org.openqa.selenium.chrome.ChromeDriver)
Sep 29, 2020 7:33:31 AM org.openqa.selenium.remote.Augmenter extractRemoteWebDriver
WARNING: Augmenter should be applied to the instances of @Augmentable classes or previously augmented instances only (instance class was: class org.openqa.selenium.chrome.ChromeDriver)
Sep 29, 2020 7:33:31 AM org.openqa.selenium.remote.Augmenter extractRemoteWebDriver
WARNING: Augmenter should be applied to the instances of @Augmentable classes or previously augmented instances only (instance class was: class org.openqa.selenium.chrome.ChromeDriver)
Sep 29, 2020 7:33:32 AM org.openqa.selenium.remote.Augmenter extractRemoteWebDriver
WARNING: Augmenter should be applied to the instances of @Augmentable classes or previously augmented instances only (instance class was: class org.openqa.selenium.chrome.ChromeDriver)
Sep 29, 2020 7:33:34 AM org.openqa.selenium.remote.Augmenter extractRemoteWebDriver
WARNING: Augmenter should be applied to the instances of @Augmentable classes or previously augmented instances only (instance class was: class org.openqa.selenium.chrome.ChromeDriver)
Sep 29, 2020 7:33:35 AM org.openqa.selenium.remote.Augmenter extractRemoteWebDriver
WARNING: Augmenter should be applied to the instances of @Augmentable classes or previously augmented instances only (instance class was: class org.openqa.selenium.chrome.ChromeDriver)
Sep 29, 2020 7:33:37 AM org.openqa.selenium.remote.Augmenter extractRemoteWebDriver
WARNING: Augmenter should be applied to the instances of @Augmentable classes or previously augmented instances only (instance class was: class org.openqa.selenium.chrome.ChromeDriver)
Sep 29, 2020 7:33:44 AM org.openqa.selenium.remote.Augmenter extractRemoteWebDriver
WARNING: Augmenter should be applied to the instances of @Augmentable classes or previously augmented instances only (instance class was: class org.openqa.selenium.chrome.ChromeDriver)
Sep 29, 2020 7:33:45 AM org.openqa.selenium.remote.Augmenter extractRemoteWebDriver
WARNING: Augmenter should be applied to the instances of @Augmentable classes or previously augmented instances only (instance class was: class org.openqa.selenium.chrome.ChromeDriver)
Sep 29, 2020 7:33:45 AM org.openqa.selenium.remote.Augmenter extractRemoteWebDriver
WARNING: Augmenter should be applied to the instances of @Augmentable classes or previously augmented instances only (instance class was: class org.openqa.selenium.chrome.ChromeDriver)
Sep 29, 2020 7:33:46 AM org.openqa.selenium.remote.Augmenter extractRemoteWebDriver
WARNING: Augmenter should be applied to the instances of @Augmentable classes or previously augmented instances only (instance class was: class org.openqa.selenium.chrome.ChromeDriver)
Sep 29, 2020 7:33:51 AM org.openqa.selenium.remote.Augmenter extractRemoteWebDriver
WARNING: Augmenter should be applied to the instances of @Augmentable classes or previously augmented instances only (instance class was: class org.openqa.selenium.chrome.ChromeDriver)
Sep 29, 2020 7:33:52 AM org.openqa.selenium.remote.Augmenter extractRemoteWebDriver
WARNING: Augmenter should be applied to the instances of @Augmentable classes or previously augmented instances only (instance class was: class org.openqa.selenium.chrome.ChromeDriver)
Sep 29, 2020 7:33:57 AM org.openqa.selenium.remote.Augmenter extractRemoteWebDriver
WARNING: Augmenter should be applied to the instances of @Augmentable classes or previously augmented instances only (instance class was: class org.openqa.selenium.chrome.ChromeDriver)
Sep 29, 2020 7:33:58 AM org.openqa.selenium.remote.Augmenter extractRemoteWebDriver
WARNING: Augmenter should be applied to the instances of @Augmentable classes or previously augmented instances only (instance class was: class org.openqa.selenium.chrome.ChromeDriver)
Sep 29, 2020 7:34:00 AM org.openqa.selenium.remote.Augmenter extractRemoteWebDriver
WARNING: Augmenter should be applied to the instances of @Augmentable classes or previously augmented instances only (instance class was: class org.openqa.selenium.chrome.ChromeDriver)
Sep 29, 2020 7:34:04 AM org.openqa.selenium.remote.Augmenter extractRemoteWebDriver
WARNING: Augmenter should be applied to the instances of @Augmentable classes or previously augmented instances only (instance class was: class org.openqa.selenium.chrome.ChromeDriver)
Sep 29, 2020 7:34:06 AM org.openqa.selenium.remote.Augmenter extractRemoteWebDriver
WARNING: Augmenter should be applied to the instances of @Augmentable classes or previously augmented instances only (instance class was: class org.openqa.selenium.chrome.ChromeDriver)
Sep 29, 2020 7:34:08 AM org.openqa.selenium.remote.Augmenter extractRemoteWebDriver
WARNING: Augmenter should be applied to the instances of @Augmentable classes or previously augmented instances only (instance class was: class org.openqa.selenium.chrome.ChromeDriver)
Sep 29, 2020 7:34:10 AM org.openqa.selenium.remote.Augmenter extractRemoteWebDriver
WARNING: Augmenter should be applied to the instances of @Augmentable classes or previously augmented instances only (instance class was: class org.openqa.selenium.chrome.ChromeDriver)
Sep 29, 2020 7:34:17 AM org.openqa.selenium.remote.Augmenter extractRemoteWebDriver
WARNING: Augmenter should be applied to the instances of @Augmentable classes or previously augmented instances only (instance class was: class org.openqa.selenium.chrome.ChromeDriver)
Sep 29, 2020 7:34:19 AM org.openqa.selenium.remote.Augmenter extractRemoteWebDriver
WARNING: Augmenter should be applied to the instances of @Augmentable classes or previously augmented instances only (instance class was: class org.openqa.selenium.chrome.ChromeDriver)
Sep 29, 2020 7:34:33 AM org.openqa.selenium.remote.Augmenter extractRemoteWebDriver
WARNING: Augmenter should be applied to the instances of @Augmentable classes or previously augmented instances only (instance class was: class org.openqa.selenium.chrome.ChromeDriver)
Sep 29, 2020 7:34:35 AM org.openqa.selenium.remote.Augmenter extractRemoteWebDriver
WARNING: Augmenter should be applied to the instances of @Augmentable classes or previously augmented instances only (instance class was: class org.openqa.selenium.chrome.ChromeDriver)
]]></system-err>
  </testcase>
  <testcase name="TC107" classname="com.cpcommunity.testScripts.community.TC107_Member_Cancel_Groups_Request_From_MyGroups" time="99.133">
    <failure message="Expected condition failed: waiting for visibility of [[ChromeDriver: chrome on XP (e22b6dcbad0794ab45f61732ceda5c38)] -&gt; xpath: //input[@placeholder=&apos;Search by Groups&apos;]] (tried for 30 second(s) with 500 milliseconds interval)&#10;Build info: version: &apos;3.14.0&apos;, revision: &apos;aacccce0&apos;, time: &apos;2018-08-02T20:19:58.91Z&apos;&#10;System info: host: &apos;LAPTOP-65H8KDP8&apos;, ip: &apos;10.0.0.8&apos;, os.name: &apos;Windows 10&apos;, os.arch: &apos;amd64&apos;, os.version: &apos;10.0&apos;, java.version: &apos;1.8.0_251&apos;&#10;Driver info: org.openqa.selenium.chrome.ChromeDriver&#10;Capabilities {acceptInsecureCerts: false, acceptSslCerts: false, applicationCacheEnabled: false, browserConnectionEnabled: false, browserName: chrome, chrome: {chromedriverVersion: 2.38.552522 (437e6fbedfa876..., userDataDir: C:\Users\netwo\AppData\Loca...}, cssSelectorsEnabled: true, databaseEnabled: false, handlesAlerts: true, hasTouchScreen: false, javascriptEnabled: true, locationContextEnabled: true, mobileEmulationEnabled: false, nativeEvents: true, networkConnectionEnabled: false, pageLoadStrategy: normal, platform: XP, platformName: XP, rotatable: false, setWindowRect: true, takesHeapSnapshot: true, takesScreenshot: true, unexpectedAlertBehaviour: , unhandledPromptBehavior: , version: 85.0.4183.121, webStorageEnabled: true}&#10;Session ID: e22b6dcbad0794ab45f61732ceda5c38" type="org.openqa.selenium.TimeoutException">org.openqa.selenium.TimeoutException: Expected condition failed: waiting for visibility of [[ChromeDriver: chrome on XP (e22b6dcbad0794ab45f61732ceda5c38)] -> xpath: //input[@placeholder='Search by Groups']] (tried for 30 second(s) with 500 milliseconds interval)
Build info: version: '3.14.0', revision: 'aacccce0', time: '2018-08-02T20:19:58.91Z'
System info: host: 'LAPTOP-65H8KDP8', ip: '10.0.0.8', os.name: 'Windows 10', os.arch: 'amd64', os.version: '10.0', java.version: '1.8.0_251'
Driver info: org.openqa.selenium.chrome.ChromeDriver
Capabilities {acceptInsecureCerts: false, acceptSslCerts: false, applicationCacheEnabled: false, browserConnectionEnabled: false, browserName: chrome, chrome: {chromedriverVersion: 2.38.552522 (437e6fbedfa876..., userDataDir: C:\Users\netwo\AppData\Loca...}, cssSelectorsEnabled: true, databaseEnabled: false, handlesAlerts: true, hasTouchScreen: false, javascriptEnabled: true, locationContextEnabled: true, mobileEmulationEnabled: false, nativeEvents: true, networkConnectionEnabled: false, pageLoadStrategy: normal, platform: XP, platformName: XP, rotatable: false, setWindowRect: true, takesHeapSnapshot: true, takesScreenshot: true, unexpectedAlertBehaviour: , unhandledPromptBehavior: , version: 85.0.4183.121, webStorageEnabled: true}
Session ID: e22b6dcbad0794ab45f61732ceda5c38
	at org.openqa.selenium.support.ui.WebDriverWait.timeoutException(WebDriverWait.java:113)
	at org.openqa.selenium.support.ui.FluentWait.until(FluentWait.java:283)
	at com.cpcommunity.PageObjects.BasePage.waitForElementToPresent(BasePage.java:175)
	at com.cpcommunity.PageObjects.CommunityDetailsPage.searchGroup(CommunityDetailsPage.java:469)
	at com.cpcommunity.PageObjects.CommunityDetailsPage.navigateToGroupDetailsPage(CommunityDetailsPage.java:481)
	at com.cpcommunity.testScripts.community.TC107_Member_Cancel_Groups_Request_From_MyGroups.TC107(TC107_Member_Cancel_Groups_Request_From_MyGroups.java:37)
</failure>
    <system-out><![CDATA[INFO    2020-09-29 07:34:48,476 [TestNG-test=Test9-3] com.cpcommunity.testScripts.community.BaseTest  - Test Execution Completed !!!
]]></system-out>
  </testcase>
  <testcase name="TC108" classname="com.cpcommunity.testScripts.community.TC108_Share_Posts_in_Group" time="122.107">
    <failure message="no such element: Unable to locate element: {&quot;method&quot;:&quot;xpath&quot;,&quot;selector&quot;:&quot;//*[@tooltip=&apos;Public Group Tue Sep 29 07:34:40 EDT 2020&apos;]&quot;}&#10;  (Session info: chrome=85.0.4183.121)&#10;  (Driver info: chromedriver=2.38.552522 (437e6fbedfa8762dec75e2c5b3ddb86763dc9dcb),platform=Windows NT 10.0.18362 x86_64) (WARNING: The server did not provide any stacktrace information)&#10;Command duration or timeout: 0 milliseconds&#10;For documentation on this error, please visit: http://seleniumhq.org/exceptions/no_such_element.html&#10;Build info: version: &apos;3.14.0&apos;, revision: &apos;aacccce0&apos;, time: &apos;2018-08-02T20:19:58.91Z&apos;&#10;System info: host: &apos;LAPTOP-65H8KDP8&apos;, ip: &apos;10.0.0.8&apos;, os.name: &apos;Windows 10&apos;, os.arch: &apos;amd64&apos;, os.version: &apos;10.0&apos;, java.version: &apos;1.8.0_251&apos;&#10;Driver info: org.openqa.selenium.chrome.ChromeDriver&#10;Capabilities {acceptInsecureCerts: false, acceptSslCerts: false, applicationCacheEnabled: false, browserConnectionEnabled: false, browserName: chrome, chrome: {chromedriverVersion: 2.38.552522 (437e6fbedfa876..., userDataDir: C:\Users\netwo\AppData\Loca...}, cssSelectorsEnabled: true, databaseEnabled: false, handlesAlerts: true, hasTouchScreen: false, javascriptEnabled: true, locationContextEnabled: true, mobileEmulationEnabled: false, nativeEvents: true, networkConnectionEnabled: false, pageLoadStrategy: normal, platform: XP, platformName: XP, rotatable: false, setWindowRect: true, takesHeapSnapshot: true, takesScreenshot: true, unexpectedAlertBehaviour: , unhandledPromptBehavior: , version: 85.0.4183.121, webStorageEnabled: true}&#10;Session ID: 0749af5f731342819baffa56de627514&#10;*** Element info: {Using=xpath, value=//*[@tooltip=&apos;Public Group Tue Sep 29 07:34:40 EDT 2020&apos;]}" type="org.openqa.selenium.NoSuchElementException">org.openqa.selenium.NoSuchElementException: no such element: Unable to locate element: {"method":"xpath","selector":"//*[@tooltip='Public Group Tue Sep 29 07:34:40 EDT 2020']"}
  (Session info: chrome=85.0.4183.121)
  (Driver info: chromedriver=2.38.552522 (437e6fbedfa8762dec75e2c5b3ddb86763dc9dcb),platform=Windows NT 10.0.18362 x86_64) (WARNING: The server did not provide any stacktrace information)
Command duration or timeout: 0 milliseconds
For documentation on this error, please visit: http://seleniumhq.org/exceptions/no_such_element.html
Build info: version: '3.14.0', revision: 'aacccce0', time: '2018-08-02T20:19:58.91Z'
System info: host: 'LAPTOP-65H8KDP8', ip: '10.0.0.8', os.name: 'Windows 10', os.arch: 'amd64', os.version: '10.0', java.version: '1.8.0_251'
Driver info: org.openqa.selenium.chrome.ChromeDriver
Capabilities {acceptInsecureCerts: false, acceptSslCerts: false, applicationCacheEnabled: false, browserConnectionEnabled: false, browserName: chrome, chrome: {chromedriverVersion: 2.38.552522 (437e6fbedfa876..., userDataDir: C:\Users\netwo\AppData\Loca...}, cssSelectorsEnabled: true, databaseEnabled: false, handlesAlerts: true, hasTouchScreen: false, javascriptEnabled: true, locationContextEnabled: true, mobileEmulationEnabled: false, nativeEvents: true, networkConnectionEnabled: false, pageLoadStrategy: normal, platform: XP, platformName: XP, rotatable: false, setWindowRect: true, takesHeapSnapshot: true, takesScreenshot: true, unexpectedAlertBehaviour: , unhandledPromptBehavior: , version: 85.0.4183.121, webStorageEnabled: true}
Session ID: 0749af5f731342819baffa56de627514
*** Element info: {Using=xpath, value=//*[@tooltip='Public Group Tue Sep 29 07:34:40 EDT 2020']}
	at sun.reflect.GeneratedConstructorAccessor73.newInstance(Unknown Source)
	at sun.reflect.DelegatingConstructorAccessorImpl.newInstance(DelegatingConstructorAccessorImpl.java:45)
	at java.lang.reflect.Constructor.newInstance(Constructor.java:423)
	at org.openqa.selenium.remote.ErrorHandler.createThrowable(ErrorHandler.java:214)
	at org.openqa.selenium.remote.ErrorHandler.throwIfResponseFailed(ErrorHandler.java:166)
	at org.openqa.selenium.remote.http.JsonHttpResponseCodec.reconstructValue(JsonHttpResponseCodec.java:40)
	at org.openqa.selenium.remote.http.AbstractHttpResponseCodec.decode(AbstractHttpResponseCodec.java:80)
	at org.openqa.selenium.remote.http.AbstractHttpResponseCodec.decode(AbstractHttpResponseCodec.java:44)
	at org.openqa.selenium.remote.HttpCommandExecutor.execute(HttpCommandExecutor.java:158)
	at org.openqa.selenium.remote.service.DriverCommandExecutor.execute(DriverCommandExecutor.java:83)
	at org.openqa.selenium.remote.RemoteWebDriver.execute(RemoteWebDriver.java:548)
	at org.openqa.selenium.remote.RemoteWebDriver.findElement(RemoteWebDriver.java:322)
	at org.openqa.selenium.remote.RemoteWebDriver.findElementByXPath(RemoteWebDriver.java:424)
	at org.openqa.selenium.By$ByXPath.findElement(By.java:353)
	at org.openqa.selenium.remote.RemoteWebDriver.findElement(RemoteWebDriver.java:314)
	at com.cpcommunity.PageObjects.CommunityDetailsPage.navigateToGroupDetailsPage(CommunityDetailsPage.java:482)
	at com.cpcommunity.testScripts.community.TC108_Share_Posts_in_Group.TC108(TC108_Share_Posts_in_Group.java:34)
</failure>
    <system-out><![CDATA[INFO    2020-09-29 07:34:52,254 [TestNG-test=Test9-4] com.cpcommunity.testScripts.community.BaseTest  - Test Execution Completed !!!
INFO    2020-09-29 07:34:53,479 [TestNG-test=Test9-2] com.cpcommunity.PageObjects.BasePage  - Typing in : Group Name entered the value as : Public Group Tue Sep 29 07:34:40 EDT 2020
INFO    2020-09-29 07:34:53,896 [TestNG-test=Test9-2] com.cpcommunity.PageObjects.BasePage  - Clicking on : Groups Search Btn
]]></system-out>
  </testcase>
  <testcase name="TC058" classname="com.cpcommunity.testScripts.community.TC058_Group_Admin_Manage_Group_Members" time="170.782">
    <failure message="Expected condition failed: waiting for visibility of Proxy element for: AjaxElementLocator &apos;By.xpath: //img[@height=&apos;17&apos;]&apos; (tried for 30 second(s) with 500 milliseconds interval)" type="org.openqa.selenium.TimeoutException">org.openqa.selenium.TimeoutException: Expected condition failed: waiting for visibility of Proxy element for: AjaxElementLocator 'By.xpath: //img[@height='17']' (tried for 30 second(s) with 500 milliseconds interval)
	at sun.reflect.GeneratedConstructorAccessor73.newInstance(Unknown Source)
	at sun.reflect.DelegatingConstructorAccessorImpl.newInstance(DelegatingConstructorAccessorImpl.java:45)
	at java.lang.reflect.Constructor.newInstance(Constructor.java:423)
	at org.openqa.selenium.remote.ErrorHandler.createThrowable(ErrorHandler.java:214)
	at org.openqa.selenium.remote.ErrorHandler.throwIfResponseFailed(ErrorHandler.java:166)
	at org.openqa.selenium.remote.http.JsonHttpResponseCodec.reconstructValue(JsonHttpResponseCodec.java:40)
	at org.openqa.selenium.remote.http.AbstractHttpResponseCodec.decode(AbstractHttpResponseCodec.java:80)
	at org.openqa.selenium.remote.http.AbstractHttpResponseCodec.decode(AbstractHttpResponseCodec.java:44)
	at org.openqa.selenium.remote.HttpCommandExecutor.execute(HttpCommandExecutor.java:158)
	at org.openqa.selenium.remote.service.DriverCommandExecutor.execute(DriverCommandExecutor.java:83)
	at org.openqa.selenium.remote.RemoteWebDriver.execute(RemoteWebDriver.java:548)
	at org.openqa.selenium.remote.RemoteWebDriver.findElement(RemoteWebDriver.java:322)
	at org.openqa.selenium.remote.RemoteWebDriver.findElementByXPath(RemoteWebDriver.java:424)
	at org.openqa.selenium.By$ByXPath.findElement(By.java:353)
	at org.openqa.selenium.remote.RemoteWebDriver.findElement(RemoteWebDriver.java:314)
	at org.openqa.selenium.support.pagefactory.DefaultElementLocator.findElement(DefaultElementLocator.java:69)
	at org.openqa.selenium.support.pagefactory.AjaxElementLocator.access$001(AjaxElementLocator.java:39)
	at org.openqa.selenium.support.pagefactory.AjaxElementLocator$SlowLoadingElement.isLoaded(AjaxElementLocator.java:194)
	at org.openqa.selenium.support.ui.SlowLoadableComponent.get(SlowLoadableComponent.java:78)
	at org.openqa.selenium.support.pagefactory.AjaxElementLocator.findElement(AjaxElementLocator.java:119)
	at org.openqa.selenium.support.pagefactory.internal.LocatingElementHandler.invoke(LocatingElementHandler.java:38)
	at com.sun.proxy.$Proxy9.isDisplayed(Unknown Source)
	at org.openqa.selenium.support.ui.ExpectedConditions.elementIfVisible(ExpectedConditions.java:315)
	at org.openqa.selenium.support.ui.ExpectedConditions.access$100(ExpectedConditions.java:44)
	at org.openqa.selenium.support.ui.ExpectedConditions$10.apply(ExpectedConditions.java:301)
	at org.openqa.selenium.support.ui.ExpectedConditions$10.apply(ExpectedConditions.java:298)
	at org.openqa.selenium.support.ui.FluentWait.until(FluentWait.java:260)
	at com.cpcommunity.PageObjects.BasePage.waitForElementToPresent(BasePage.java:175)
	at com.cpcommunity.PageObjects.MyGroupsPage.manageGroupMembers(MyGroupsPage.java:61)
	at com.cpcommunity.testScripts.community.TC058_Group_Admin_Manage_Group_Members.TC058(TC058_Group_Admin_Manage_Group_Members.java:36)
</failure>
    <system-out><![CDATA[INFO    2020-09-29 07:35:15,481 [TestNG-test=Test9-2] com.cpcommunity.testScripts.community.BaseTest  - Test Execution Completed !!!
]]></system-out>
  </testcase>
  <testcase name="TC020" classname="com.cpcommunity.testScripts.myprofiletestcases.TC020_Verify_User_is_Able_to_Select_Phone_Private" time="101.798"/>
  <testcase name="TC134" classname="com.cpcommunity.testScripts.advertisments.TC134_Verify_Member_Is_Able_Purchased_Required_Approval_Ad" time="108.013">
    <failure message="no such element: Unable to locate element: {&quot;method&quot;:&quot;xpath&quot;,&quot;selector&quot;:&quot;//a[@tooltip=&apos;Community - 29 Sep 2020&apos;]&quot;}&#10;  (Session info: chrome=85.0.4183.121)&#10;  (Driver info: chromedriver=2.38.552522 (437e6fbedfa8762dec75e2c5b3ddb86763dc9dcb),platform=Windows NT 10.0.18362 x86_64) (WARNING: The server did not provide any stacktrace information)&#10;Command duration or timeout: 0 milliseconds&#10;For documentation on this error, please visit: http://seleniumhq.org/exceptions/no_such_element.html&#10;Build info: version: &apos;3.14.0&apos;, revision: &apos;aacccce0&apos;, time: &apos;2018-08-02T20:19:58.91Z&apos;&#10;System info: host: &apos;LAPTOP-65H8KDP8&apos;, ip: &apos;10.0.0.8&apos;, os.name: &apos;Windows 10&apos;, os.arch: &apos;amd64&apos;, os.version: &apos;10.0&apos;, java.version: &apos;1.8.0_251&apos;&#10;Driver info: org.openqa.selenium.chrome.ChromeDriver&#10;Capabilities {acceptInsecureCerts: false, acceptSslCerts: false, applicationCacheEnabled: false, browserConnectionEnabled: false, browserName: chrome, chrome: {chromedriverVersion: 2.38.552522 (437e6fbedfa876..., userDataDir: C:\Users\netwo\AppData\Loca...}, cssSelectorsEnabled: true, databaseEnabled: false, handlesAlerts: true, hasTouchScreen: false, javascriptEnabled: true, locationContextEnabled: true, mobileEmulationEnabled: false, nativeEvents: true, networkConnectionEnabled: false, pageLoadStrategy: normal, platform: XP, platformName: XP, rotatable: false, setWindowRect: true, takesHeapSnapshot: true, takesScreenshot: true, unexpectedAlertBehaviour: , unhandledPromptBehavior: , version: 85.0.4183.121, webStorageEnabled: true}&#10;Session ID: 0c658e5d7357cf279768e6d6dd0a9656&#10;*** Element info: {Using=xpath, value=//a[@tooltip=&apos;Community - 29 Sep 2020&apos;]}" type="org.openqa.selenium.NoSuchElementException">org.openqa.selenium.NoSuchElementException: no such element: Unable to locate element: {"method":"xpath","selector":"//a[@tooltip='Community - 29 Sep 2020']"}
  (Session info: chrome=85.0.4183.121)
  (Driver info: chromedriver=2.38.552522 (437e6fbedfa8762dec75e2c5b3ddb86763dc9dcb),platform=Windows NT 10.0.18362 x86_64) (WARNING: The server did not provide any stacktrace information)
Command duration or timeout: 0 milliseconds
For documentation on this error, please visit: http://seleniumhq.org/exceptions/no_such_element.html
Build info: version: '3.14.0', revision: 'aacccce0', time: '2018-08-02T20:19:58.91Z'
System info: host: 'LAPTOP-65H8KDP8', ip: '10.0.0.8', os.name: 'Windows 10', os.arch: 'amd64', os.version: '10.0', java.version: '1.8.0_251'
Driver info: org.openqa.selenium.chrome.ChromeDriver
Capabilities {acceptInsecureCerts: false, acceptSslCerts: false, applicationCacheEnabled: false, browserConnectionEnabled: false, browserName: chrome, chrome: {chromedriverVersion: 2.38.552522 (437e6fbedfa876..., userDataDir: C:\Users\netwo\AppData\Loca...}, cssSelectorsEnabled: true, databaseEnabled: false, handlesAlerts: true, hasTouchScreen: false, javascriptEnabled: true, locationContextEnabled: true, mobileEmulationEnabled: false, nativeEvents: true, networkConnectionEnabled: false, pageLoadStrategy: normal, platform: XP, platformName: XP, rotatable: false, setWindowRect: true, takesHeapSnapshot: true, takesScreenshot: true, unexpectedAlertBehaviour: , unhandledPromptBehavior: , version: 85.0.4183.121, webStorageEnabled: true}
Session ID: 0c658e5d7357cf279768e6d6dd0a9656
*** Element info: {Using=xpath, value=//a[@tooltip='Community - 29 Sep 2020']}
	at sun.reflect.GeneratedConstructorAccessor73.newInstance(Unknown Source)
	at sun.reflect.DelegatingConstructorAccessorImpl.newInstance(DelegatingConstructorAccessorImpl.java:45)
	at java.lang.reflect.Constructor.newInstance(Constructor.java:423)
	at org.openqa.selenium.remote.ErrorHandler.createThrowable(ErrorHandler.java:214)
	at org.openqa.selenium.remote.ErrorHandler.throwIfResponseFailed(ErrorHandler.java:166)
	at org.openqa.selenium.remote.http.JsonHttpResponseCodec.reconstructValue(JsonHttpResponseCodec.java:40)
	at org.openqa.selenium.remote.http.AbstractHttpResponseCodec.decode(AbstractHttpResponseCodec.java:80)
	at org.openqa.selenium.remote.http.AbstractHttpResponseCodec.decode(AbstractHttpResponseCodec.java:44)
	at org.openqa.selenium.remote.HttpCommandExecutor.execute(HttpCommandExecutor.java:158)
	at org.openqa.selenium.remote.service.DriverCommandExecutor.execute(DriverCommandExecutor.java:83)
	at org.openqa.selenium.remote.RemoteWebDriver.execute(RemoteWebDriver.java:548)
	at org.openqa.selenium.remote.RemoteWebDriver.findElement(RemoteWebDriver.java:322)
	at org.openqa.selenium.remote.RemoteWebDriver.findElementByXPath(RemoteWebDriver.java:424)
	at org.openqa.selenium.By$ByXPath.findElement(By.java:353)
	at org.openqa.selenium.remote.RemoteWebDriver.findElement(RemoteWebDriver.java:314)
	at com.cpcommunity.PageObjects.MyCommunitiesPage.searchCommunity(MyCommunitiesPage.java:169)
	at com.cpcommunity.PageObjects.MyCommunitiesPage.navigateToCommunityDetailsPage(MyCommunitiesPage.java:252)
	at com.cpcommunity.testScripts.advertisments.TC134_Verify_Member_Is_Able_Purchased_Required_Approval_Ad.TC134(TC134_Verify_Member_Is_Able_Purchased_Required_Approval_Ad.java:32)
</failure>
    <system-out><![CDATA[INFO    2020-09-29 07:37:46,795 [TestNG-test=Test10-1] com.cpcommunity.testScripts.community.BaseTest  - Test Execution Completed !!!
INFO    2020-09-29 07:37:50,608 [TestNG-test=Test10-2] com.cpcommunity.PageObjects.BasePage  - waiting for :[[ChromeDriver: chrome on XP (54694452078d5f3ee6f4d135e6b7eaf5)] -> xpath: //a[@tooltip='Community - 29 Sep 2020']] for :18 seconds
INFO    2020-09-29 07:37:50,621 [TestNG-test=Test10-2] com.cpcommunity.PageObjects.BasePage  - [[ChromeDriver: chrome on XP (54694452078d5f3ee6f4d135e6b7eaf5)] -> xpath: //a[@tooltip='Community - 29 Sep 2020']]is displayed
]]></system-out>
  </testcase>
  <testcase name="TC105" classname="com.cpcommunity.testScripts.community.TC105_Group_Admin_Approve_And_Reject_Group_Requests" time="110.827">
    <failure message="no such element: Unable to locate element: {&quot;method&quot;:&quot;xpath&quot;,&quot;selector&quot;:&quot;//a[@tooltip=&apos;Community - 29 Sep 2020&apos;]&quot;}&#10;  (Session info: chrome=85.0.4183.121)&#10;  (Driver info: chromedriver=2.38.552522 (437e6fbedfa8762dec75e2c5b3ddb86763dc9dcb),platform=Windows NT 10.0.18362 x86_64) (WARNING: The server did not provide any stacktrace information)&#10;Command duration or timeout: 0 milliseconds&#10;For documentation on this error, please visit: http://seleniumhq.org/exceptions/no_such_element.html&#10;Build info: version: &apos;3.14.0&apos;, revision: &apos;aacccce0&apos;, time: &apos;2018-08-02T20:19:58.91Z&apos;&#10;System info: host: &apos;LAPTOP-65H8KDP8&apos;, ip: &apos;10.0.0.8&apos;, os.name: &apos;Windows 10&apos;, os.arch: &apos;amd64&apos;, os.version: &apos;10.0&apos;, java.version: &apos;1.8.0_251&apos;&#10;Driver info: org.openqa.selenium.chrome.ChromeDriver&#10;Capabilities {acceptInsecureCerts: false, acceptSslCerts: false, applicationCacheEnabled: false, browserConnectionEnabled: false, browserName: chrome, chrome: {chromedriverVersion: 2.38.552522 (437e6fbedfa876..., userDataDir: C:\Users\netwo\AppData\Loca...}, cssSelectorsEnabled: true, databaseEnabled: false, handlesAlerts: true, hasTouchScreen: false, javascriptEnabled: true, locationContextEnabled: true, mobileEmulationEnabled: false, nativeEvents: true, networkConnectionEnabled: false, pageLoadStrategy: normal, platform: XP, platformName: XP, rotatable: false, setWindowRect: true, takesHeapSnapshot: true, takesScreenshot: true, unexpectedAlertBehaviour: , unhandledPromptBehavior: , version: 85.0.4183.121, webStorageEnabled: true}&#10;Session ID: 45404da57b9d0cda9197ee7a5c0fe235&#10;*** Element info: {Using=xpath, value=//a[@tooltip=&apos;Community - 29 Sep 2020&apos;]}" type="org.openqa.selenium.NoSuchElementException">org.openqa.selenium.NoSuchElementException: no such element: Unable to locate element: {"method":"xpath","selector":"//a[@tooltip='Community - 29 Sep 2020']"}
  (Session info: chrome=85.0.4183.121)
  (Driver info: chromedriver=2.38.552522 (437e6fbedfa8762dec75e2c5b3ddb86763dc9dcb),platform=Windows NT 10.0.18362 x86_64) (WARNING: The server did not provide any stacktrace information)
Command duration or timeout: 0 milliseconds
For documentation on this error, please visit: http://seleniumhq.org/exceptions/no_such_element.html
Build info: version: '3.14.0', revision: 'aacccce0', time: '2018-08-02T20:19:58.91Z'
System info: host: 'LAPTOP-65H8KDP8', ip: '10.0.0.8', os.name: 'Windows 10', os.arch: 'amd64', os.version: '10.0', java.version: '1.8.0_251'
Driver info: org.openqa.selenium.chrome.ChromeDriver
Capabilities {acceptInsecureCerts: false, acceptSslCerts: false, applicationCacheEnabled: false, browserConnectionEnabled: false, browserName: chrome, chrome: {chromedriverVersion: 2.38.552522 (437e6fbedfa876..., userDataDir: C:\Users\netwo\AppData\Loca...}, cssSelectorsEnabled: true, databaseEnabled: false, handlesAlerts: true, hasTouchScreen: false, javascriptEnabled: true, locationContextEnabled: true, mobileEmulationEnabled: false, nativeEvents: true, networkConnectionEnabled: false, pageLoadStrategy: normal, platform: XP, platformName: XP, rotatable: false, setWindowRect: true, takesHeapSnapshot: true, takesScreenshot: true, unexpectedAlertBehaviour: , unhandledPromptBehavior: , version: 85.0.4183.121, webStorageEnabled: true}
Session ID: 45404da57b9d0cda9197ee7a5c0fe235
*** Element info: {Using=xpath, value=//a[@tooltip='Community - 29 Sep 2020']}
	at sun.reflect.GeneratedConstructorAccessor73.newInstance(Unknown Source)
	at sun.reflect.DelegatingConstructorAccessorImpl.newInstance(DelegatingConstructorAccessorImpl.java:45)
	at java.lang.reflect.Constructor.newInstance(Constructor.java:423)
	at org.openqa.selenium.remote.ErrorHandler.createThrowable(ErrorHandler.java:214)
	at org.openqa.selenium.remote.ErrorHandler.throwIfResponseFailed(ErrorHandler.java:166)
	at org.openqa.selenium.remote.http.JsonHttpResponseCodec.reconstructValue(JsonHttpResponseCodec.java:40)
	at org.openqa.selenium.remote.http.AbstractHttpResponseCodec.decode(AbstractHttpResponseCodec.java:80)
	at org.openqa.selenium.remote.http.AbstractHttpResponseCodec.decode(AbstractHttpResponseCodec.java:44)
	at org.openqa.selenium.remote.HttpCommandExecutor.execute(HttpCommandExecutor.java:158)
	at org.openqa.selenium.remote.service.DriverCommandExecutor.execute(DriverCommandExecutor.java:83)
	at org.openqa.selenium.remote.RemoteWebDriver.execute(RemoteWebDriver.java:548)
	at org.openqa.selenium.remote.RemoteWebDriver.findElement(RemoteWebDriver.java:322)
	at org.openqa.selenium.remote.RemoteWebDriver.findElementByXPath(RemoteWebDriver.java:424)
	at org.openqa.selenium.By$ByXPath.findElement(By.java:353)
	at org.openqa.selenium.remote.RemoteWebDriver.findElement(RemoteWebDriver.java:314)
	at com.cpcommunity.PageObjects.MyCommunitiesPage.searchCommunity(MyCommunitiesPage.java:169)
	at com.cpcommunity.PageObjects.MyCommunitiesPage.navigateToCommunityDetailsPage(MyCommunitiesPage.java:252)
	at com.cpcommunity.testScripts.community.TC105_Group_Admin_Approve_And_Reject_Group_Requests.TC105(TC105_Group_Admin_Approve_And_Reject_Group_Requests.java:34)
</failure>
    <system-out><![CDATA[INFO    2020-09-29 07:37:52,831 [TestNG-test=Test10-4] com.cpcommunity.testScripts.community.BaseTest  - Test Execution Completed !!!
INFO    2020-09-29 07:37:52,897 [TestNG-test=Test10-2] com.cpcommunity.PageObjects.BasePage  - Clicking on : Manage
INFO    2020-09-29 07:37:54,638 [TestNG-test=Test10-2] com.cpcommunity.PageObjects.BasePage  - waiting for :[[ChromeDriver: chrome on XP (54694452078d5f3ee6f4d135e6b7eaf5)] -> xpath: //h2[contains(text(),'Dashboard')]] for :18 seconds
INFO    2020-09-29 07:37:54,690 [TestNG-test=Test10-2] com.cpcommunity.PageObjects.BasePage  - [[ChromeDriver: chrome on XP (54694452078d5f3ee6f4d135e6b7eaf5)] -> xpath: //h2[contains(text(),'Dashboard')]]is displayed
]]></system-out>
  </testcase>
  <testcase name="TC135" classname="com.cpcommunity.testScripts.advertisments.TC135_Verify_Member_Is_Able_Purchased_Required_Approval_Global_Members_Ad" time="111.879">
    <failure message="no such element: Unable to locate element: {&quot;method&quot;:&quot;xpath&quot;,&quot;selector&quot;:&quot;//a[@tooltip=&apos;Community - 29 Sep 2020&apos;]&quot;}&#10;  (Session info: chrome=85.0.4183.121)&#10;  (Driver info: chromedriver=2.38.552522 (437e6fbedfa8762dec75e2c5b3ddb86763dc9dcb),platform=Windows NT 10.0.18362 x86_64) (WARNING: The server did not provide any stacktrace information)&#10;Command duration or timeout: 0 milliseconds&#10;For documentation on this error, please visit: http://seleniumhq.org/exceptions/no_such_element.html&#10;Build info: version: &apos;3.14.0&apos;, revision: &apos;aacccce0&apos;, time: &apos;2018-08-02T20:19:58.91Z&apos;&#10;System info: host: &apos;LAPTOP-65H8KDP8&apos;, ip: &apos;10.0.0.8&apos;, os.name: &apos;Windows 10&apos;, os.arch: &apos;amd64&apos;, os.version: &apos;10.0&apos;, java.version: &apos;1.8.0_251&apos;&#10;Driver info: org.openqa.selenium.chrome.ChromeDriver&#10;Capabilities {acceptInsecureCerts: false, acceptSslCerts: false, applicationCacheEnabled: false, browserConnectionEnabled: false, browserName: chrome, chrome: {chromedriverVersion: 2.38.552522 (437e6fbedfa876..., userDataDir: C:\Users\netwo\AppData\Loca...}, cssSelectorsEnabled: true, databaseEnabled: false, handlesAlerts: true, hasTouchScreen: false, javascriptEnabled: true, locationContextEnabled: true, mobileEmulationEnabled: false, nativeEvents: true, networkConnectionEnabled: false, pageLoadStrategy: normal, platform: XP, platformName: XP, rotatable: false, setWindowRect: true, takesHeapSnapshot: true, takesScreenshot: true, unexpectedAlertBehaviour: , unhandledPromptBehavior: , version: 85.0.4183.121, webStorageEnabled: true}&#10;Session ID: f332459c6ca36ad182ffd45f84b0ebe3&#10;*** Element info: {Using=xpath, value=//a[@tooltip=&apos;Community - 29 Sep 2020&apos;]}" type="org.openqa.selenium.NoSuchElementException">org.openqa.selenium.NoSuchElementException: no such element: Unable to locate element: {"method":"xpath","selector":"//a[@tooltip='Community - 29 Sep 2020']"}
  (Session info: chrome=85.0.4183.121)
  (Driver info: chromedriver=2.38.552522 (437e6fbedfa8762dec75e2c5b3ddb86763dc9dcb),platform=Windows NT 10.0.18362 x86_64) (WARNING: The server did not provide any stacktrace information)
Command duration or timeout: 0 milliseconds
For documentation on this error, please visit: http://seleniumhq.org/exceptions/no_such_element.html
Build info: version: '3.14.0', revision: 'aacccce0', time: '2018-08-02T20:19:58.91Z'
System info: host: 'LAPTOP-65H8KDP8', ip: '10.0.0.8', os.name: 'Windows 10', os.arch: 'amd64', os.version: '10.0', java.version: '1.8.0_251'
Driver info: org.openqa.selenium.chrome.ChromeDriver
Capabilities {acceptInsecureCerts: false, acceptSslCerts: false, applicationCacheEnabled: false, browserConnectionEnabled: false, browserName: chrome, chrome: {chromedriverVersion: 2.38.552522 (437e6fbedfa876..., userDataDir: C:\Users\netwo\AppData\Loca...}, cssSelectorsEnabled: true, databaseEnabled: false, handlesAlerts: true, hasTouchScreen: false, javascriptEnabled: true, locationContextEnabled: true, mobileEmulationEnabled: false, nativeEvents: true, networkConnectionEnabled: false, pageLoadStrategy: normal, platform: XP, platformName: XP, rotatable: false, setWindowRect: true, takesHeapSnapshot: true, takesScreenshot: true, unexpectedAlertBehaviour: , unhandledPromptBehavior: , version: 85.0.4183.121, webStorageEnabled: true}
Session ID: f332459c6ca36ad182ffd45f84b0ebe3
*** Element info: {Using=xpath, value=//a[@tooltip='Community - 29 Sep 2020']}
	at sun.reflect.GeneratedConstructorAccessor73.newInstance(Unknown Source)
	at sun.reflect.DelegatingConstructorAccessorImpl.newInstance(DelegatingConstructorAccessorImpl.java:45)
	at java.lang.reflect.Constructor.newInstance(Constructor.java:423)
	at org.openqa.selenium.remote.ErrorHandler.createThrowable(ErrorHandler.java:214)
	at org.openqa.selenium.remote.ErrorHandler.throwIfResponseFailed(ErrorHandler.java:166)
	at org.openqa.selenium.remote.http.JsonHttpResponseCodec.reconstructValue(JsonHttpResponseCodec.java:40)
	at org.openqa.selenium.remote.http.AbstractHttpResponseCodec.decode(AbstractHttpResponseCodec.java:80)
	at org.openqa.selenium.remote.http.AbstractHttpResponseCodec.decode(AbstractHttpResponseCodec.java:44)
	at org.openqa.selenium.remote.HttpCommandExecutor.execute(HttpCommandExecutor.java:158)
	at org.openqa.selenium.remote.service.DriverCommandExecutor.execute(DriverCommandExecutor.java:83)
	at org.openqa.selenium.remote.RemoteWebDriver.execute(RemoteWebDriver.java:548)
	at org.openqa.selenium.remote.RemoteWebDriver.findElement(RemoteWebDriver.java:322)
	at org.openqa.selenium.remote.RemoteWebDriver.findElementByXPath(RemoteWebDriver.java:424)
	at org.openqa.selenium.By$ByXPath.findElement(By.java:353)
	at org.openqa.selenium.remote.RemoteWebDriver.findElement(RemoteWebDriver.java:314)
	at com.cpcommunity.PageObjects.MyCommunitiesPage.searchCommunity(MyCommunitiesPage.java:169)
	at com.cpcommunity.PageObjects.MyCommunitiesPage.navigateToCommunityDetailsPage(MyCommunitiesPage.java:252)
	at com.cpcommunity.testScripts.advertisments.TC135_Verify_Member_Is_Able_Purchased_Required_Approval_Global_Members_Ad.TC135(TC135_Verify_Member_Is_Able_Purchased_Required_Approval_Global_Members_Ad.java:29)
</failure>
  </testcase>
  <testcase name="TC120" classname="com.cpcommunity.testScripts.community.TC120_Add_Terms_And_Conditions" time="123.378">
    <failure message="element not visible&#10;  (Session info: chrome=85.0.4183.121)&#10;  (Driver info: chromedriver=2.38.552522 (437e6fbedfa8762dec75e2c5b3ddb86763dc9dcb),platform=Windows NT 10.0.18362 x86_64) (WARNING: The server did not provide any stacktrace information)&#10;Command duration or timeout: 0 milliseconds&#10;Build info: version: &apos;3.14.0&apos;, revision: &apos;aacccce0&apos;, time: &apos;2018-08-02T20:19:58.91Z&apos;&#10;System info: host: &apos;LAPTOP-65H8KDP8&apos;, ip: &apos;10.0.0.8&apos;, os.name: &apos;Windows 10&apos;, os.arch: &apos;amd64&apos;, os.version: &apos;10.0&apos;, java.version: &apos;1.8.0_251&apos;&#10;Driver info: org.openqa.selenium.chrome.ChromeDriver&#10;Capabilities {acceptInsecureCerts: false, acceptSslCerts: false, applicationCacheEnabled: false, browserConnectionEnabled: false, browserName: chrome, chrome: {chromedriverVersion: 2.38.552522 (437e6fbedfa876..., userDataDir: C:\Users\netwo\AppData\Loca...}, cssSelectorsEnabled: true, databaseEnabled: false, handlesAlerts: true, hasTouchScreen: false, javascriptEnabled: true, locationContextEnabled: true, mobileEmulationEnabled: false, nativeEvents: true, networkConnectionEnabled: false, pageLoadStrategy: normal, platform: XP, platformName: XP, rotatable: false, setWindowRect: true, takesHeapSnapshot: true, takesScreenshot: true, unexpectedAlertBehaviour: , unhandledPromptBehavior: , version: 85.0.4183.121, webStorageEnabled: true}&#10;Session ID: 54694452078d5f3ee6f4d135e6b7eaf5" type="org.openqa.selenium.ElementNotVisibleException">org.openqa.selenium.ElementNotVisibleException: element not visible
  (Session info: chrome=85.0.4183.121)
  (Driver info: chromedriver=2.38.552522 (437e6fbedfa8762dec75e2c5b3ddb86763dc9dcb),platform=Windows NT 10.0.18362 x86_64) (WARNING: The server did not provide any stacktrace information)
Command duration or timeout: 0 milliseconds
Build info: version: '3.14.0', revision: 'aacccce0', time: '2018-08-02T20:19:58.91Z'
System info: host: 'LAPTOP-65H8KDP8', ip: '10.0.0.8', os.name: 'Windows 10', os.arch: 'amd64', os.version: '10.0', java.version: '1.8.0_251'
Driver info: org.openqa.selenium.chrome.ChromeDriver
Capabilities {acceptInsecureCerts: false, acceptSslCerts: false, applicationCacheEnabled: false, browserConnectionEnabled: false, browserName: chrome, chrome: {chromedriverVersion: 2.38.552522 (437e6fbedfa876..., userDataDir: C:\Users\netwo\AppData\Loca...}, cssSelectorsEnabled: true, databaseEnabled: false, handlesAlerts: true, hasTouchScreen: false, javascriptEnabled: true, locationContextEnabled: true, mobileEmulationEnabled: false, nativeEvents: true, networkConnectionEnabled: false, pageLoadStrategy: normal, platform: XP, platformName: XP, rotatable: false, setWindowRect: true, takesHeapSnapshot: true, takesScreenshot: true, unexpectedAlertBehaviour: , unhandledPromptBehavior: , version: 85.0.4183.121, webStorageEnabled: true}
Session ID: 54694452078d5f3ee6f4d135e6b7eaf5
	at sun.reflect.NativeConstructorAccessorImpl.newInstance0(Native Method)
	at sun.reflect.NativeConstructorAccessorImpl.newInstance(NativeConstructorAccessorImpl.java:62)
	at sun.reflect.DelegatingConstructorAccessorImpl.newInstance(DelegatingConstructorAccessorImpl.java:45)
	at java.lang.reflect.Constructor.newInstance(Constructor.java:423)
	at org.openqa.selenium.remote.ErrorHandler.createThrowable(ErrorHandler.java:214)
	at org.openqa.selenium.remote.ErrorHandler.throwIfResponseFailed(ErrorHandler.java:166)
	at org.openqa.selenium.remote.http.JsonHttpResponseCodec.reconstructValue(JsonHttpResponseCodec.java:40)
	at org.openqa.selenium.remote.http.AbstractHttpResponseCodec.decode(AbstractHttpResponseCodec.java:80)
	at org.openqa.selenium.remote.http.AbstractHttpResponseCodec.decode(AbstractHttpResponseCodec.java:44)
	at org.openqa.selenium.remote.HttpCommandExecutor.execute(HttpCommandExecutor.java:158)
	at org.openqa.selenium.remote.service.DriverCommandExecutor.execute(DriverCommandExecutor.java:83)
	at org.openqa.selenium.remote.RemoteWebDriver.execute(RemoteWebDriver.java:548)
	at org.openqa.selenium.remote.RemoteWebElement.execute(RemoteWebElement.java:276)
	at org.openqa.selenium.remote.RemoteWebElement.click(RemoteWebElement.java:83)
	at sun.reflect.GeneratedMethodAccessor4.invoke(Unknown Source)
	at sun.reflect.DelegatingMethodAccessorImpl.invoke(DelegatingMethodAccessorImpl.java:43)
	at java.lang.reflect.Method.invoke(Method.java:498)
	at org.openqa.selenium.support.pagefactory.internal.LocatingElementHandler.invoke(LocatingElementHandler.java:51)
	at com.sun.proxy.$Proxy9.click(Unknown Source)
	at com.cpcommunity.PageObjects.BasePage.click(BasePage.java:198)
	at com.cpcommunity.PageObjects.CommunityDashboardPage.navigateToEditCommunityPage(CommunityDashboardPage.java:201)
	at com.cpcommunity.testScripts.community.TC120_Add_Terms_And_Conditions.TC120(TC120_Add_Terms_And_Conditions.java:38)
</failure>
    <system-out><![CDATA[INFO    2020-09-29 07:37:56,423 [TestNG-test=Test10-3] com.cpcommunity.testScripts.community.BaseTest  - Test Execution Completed !!!
INFO    2020-09-29 07:37:57,102 [TestNG-test=Test10-5] com.cpcommunity.testScripts.community.BaseTest  - Test Execution Completed !!!
INFO    2020-09-29 07:38:01,017 [TestNG-test=Test10-2] com.cpcommunity.PageObjects.BasePage  - scrolling up vertically...
INFO    2020-09-29 07:38:06,024 [TestNG-test=Test10-2] com.cpcommunity.PageObjects.BasePage  - Clicking on : manage
INFO    2020-09-29 07:38:07,135 [TestNG-test=Test10-2] com.cpcommunity.PageObjects.BasePage  - Clicking on : EditCommunity
]]></system-out>
    <system-err><![CDATA[Sep 29, 2020 7:37:57 AM org.openqa.selenium.remote.Augmenter extractRemoteWebDriver
WARNING: Augmenter should be applied to the instances of @Augmentable classes or previously augmented instances only (instance class was: class org.openqa.selenium.chrome.ChromeDriver)
Sep 29, 2020 7:37:59 AM org.openqa.selenium.remote.Augmenter extractRemoteWebDriver
WARNING: Augmenter should be applied to the instances of @Augmentable classes or previously augmented instances only (instance class was: class org.openqa.selenium.chrome.ChromeDriver)
Sep 29, 2020 7:38:00 AM org.openqa.selenium.remote.Augmenter extractRemoteWebDriver
WARNING: Augmenter should be applied to the instances of @Augmentable classes or previously augmented instances only (instance class was: class org.openqa.selenium.chrome.ChromeDriver)
]]></system-err>
  </testcase>
  <testcase name="TC021" classname="com.cpcommunity.testScripts.myprofiletestcases.TC021_Verify_User_is_Able_to_Un_Select_Phone_Private" time="66.734">
    <failure message="element not visible&#10;  (Session info: chrome=85.0.4183.121)&#10;  (Driver info: chromedriver=2.38.552522 (437e6fbedfa8762dec75e2c5b3ddb86763dc9dcb),platform=Windows NT 10.0.18362 x86_64) (WARNING: The server did not provide any stacktrace information)&#10;Command duration or timeout: 0 milliseconds&#10;Build info: version: &apos;3.14.0&apos;, revision: &apos;aacccce0&apos;, time: &apos;2018-08-02T20:19:58.91Z&apos;&#10;System info: host: &apos;LAPTOP-65H8KDP8&apos;, ip: &apos;10.0.0.8&apos;, os.name: &apos;Windows 10&apos;, os.arch: &apos;amd64&apos;, os.version: &apos;10.0&apos;, java.version: &apos;1.8.0_251&apos;&#10;Driver info: org.openqa.selenium.chrome.ChromeDriver&#10;Capabilities {acceptInsecureCerts: false, acceptSslCerts: false, applicationCacheEnabled: false, browserConnectionEnabled: false, browserName: chrome, chrome: {chromedriverVersion: 2.38.552522 (437e6fbedfa876..., userDataDir: C:\Users\netwo\AppData\Loca...}, cssSelectorsEnabled: true, databaseEnabled: false, handlesAlerts: true, hasTouchScreen: false, javascriptEnabled: true, locationContextEnabled: true, mobileEmulationEnabled: false, nativeEvents: true, networkConnectionEnabled: false, pageLoadStrategy: normal, platform: XP, platformName: XP, rotatable: false, setWindowRect: true, takesHeapSnapshot: true, takesScreenshot: true, unexpectedAlertBehaviour: , unhandledPromptBehavior: , version: 85.0.4183.121, webStorageEnabled: true}&#10;Session ID: 6c6d3fdc041aa4b00875314d92d1f079" type="org.openqa.selenium.ElementNotVisibleException">org.openqa.selenium.ElementNotVisibleException: element not visible
  (Session info: chrome=85.0.4183.121)
  (Driver info: chromedriver=2.38.552522 (437e6fbedfa8762dec75e2c5b3ddb86763dc9dcb),platform=Windows NT 10.0.18362 x86_64) (WARNING: The server did not provide any stacktrace information)
Command duration or timeout: 0 milliseconds
Build info: version: '3.14.0', revision: 'aacccce0', time: '2018-08-02T20:19:58.91Z'
System info: host: 'LAPTOP-65H8KDP8', ip: '10.0.0.8', os.name: 'Windows 10', os.arch: 'amd64', os.version: '10.0', java.version: '1.8.0_251'
Driver info: org.openqa.selenium.chrome.ChromeDriver
Capabilities {acceptInsecureCerts: false, acceptSslCerts: false, applicationCacheEnabled: false, browserConnectionEnabled: false, browserName: chrome, chrome: {chromedriverVersion: 2.38.552522 (437e6fbedfa876..., userDataDir: C:\Users\netwo\AppData\Loca...}, cssSelectorsEnabled: true, databaseEnabled: false, handlesAlerts: true, hasTouchScreen: false, javascriptEnabled: true, locationContextEnabled: true, mobileEmulationEnabled: false, nativeEvents: true, networkConnectionEnabled: false, pageLoadStrategy: normal, platform: XP, platformName: XP, rotatable: false, setWindowRect: true, takesHeapSnapshot: true, takesScreenshot: true, unexpectedAlertBehaviour: , unhandledPromptBehavior: , version: 85.0.4183.121, webStorageEnabled: true}
Session ID: 6c6d3fdc041aa4b00875314d92d1f079
	at sun.reflect.NativeConstructorAccessorImpl.newInstance0(Native Method)
	at sun.reflect.NativeConstructorAccessorImpl.newInstance(NativeConstructorAccessorImpl.java:62)
	at sun.reflect.DelegatingConstructorAccessorImpl.newInstance(DelegatingConstructorAccessorImpl.java:45)
	at java.lang.reflect.Constructor.newInstance(Constructor.java:423)
	at org.openqa.selenium.remote.ErrorHandler.createThrowable(ErrorHandler.java:214)
	at org.openqa.selenium.remote.ErrorHandler.throwIfResponseFailed(ErrorHandler.java:166)
	at org.openqa.selenium.remote.http.JsonHttpResponseCodec.reconstructValue(JsonHttpResponseCodec.java:40)
	at org.openqa.selenium.remote.http.AbstractHttpResponseCodec.decode(AbstractHttpResponseCodec.java:80)
	at org.openqa.selenium.remote.http.AbstractHttpResponseCodec.decode(AbstractHttpResponseCodec.java:44)
	at org.openqa.selenium.remote.HttpCommandExecutor.execute(HttpCommandExecutor.java:158)
	at org.openqa.selenium.remote.service.DriverCommandExecutor.execute(DriverCommandExecutor.java:83)
	at org.openqa.selenium.remote.RemoteWebDriver.execute(RemoteWebDriver.java:548)
	at org.openqa.selenium.remote.RemoteWebElement.execute(RemoteWebElement.java:276)
	at org.openqa.selenium.remote.RemoteWebElement.click(RemoteWebElement.java:83)
	at sun.reflect.GeneratedMethodAccessor4.invoke(Unknown Source)
	at sun.reflect.DelegatingMethodAccessorImpl.invoke(DelegatingMethodAccessorImpl.java:43)
	at java.lang.reflect.Method.invoke(Method.java:498)
	at org.openqa.selenium.support.pagefactory.internal.LocatingElementHandler.invoke(LocatingElementHandler.java:51)
	at com.sun.proxy.$Proxy9.click(Unknown Source)
	at com.cpcommunity.PageObjects.BasePage.click(BasePage.java:198)
	at com.cpcommunity.PageObjects.MyProfilePage.UnSelectPhonePrivate(MyProfilePage.java:360)
	at com.cpcommunity.testScripts.myprofiletestcases.TC021_Verify_User_is_Able_to_Un_Select_Phone_Private.TC021(TC021_Verify_User_is_Able_to_Un_Select_Phone_Private.java:36)
</failure>
    <system-out><![CDATA[INFO    2020-09-29 07:38:08,270 [TestNG-test=Test10-2] com.cpcommunity.testScripts.community.BaseTest  - Test Execution Completed !!!
Total rows are : 1167
Test case starts from row num: 752
Total rows of data are : 1
Total cols are : 13
@TestCase : TC121
Total rows are : 1167
Test case starts from row num: 37
Total rows of data are : 1
Total cols are : 6
@TestCase : TC021
INFO    2020-09-29 07:38:08,473 [TestNG-test=Test11-2] com.cpcommunity.testScripts.community.BaseTest  - Inside Login Test
Launching : chrome
INFO    2020-09-29 07:38:08,483 [TestNG-test=Test11-1] com.cpcommunity.testScripts.community.BaseTest  - Inside Login Test
Launching : chrome
ChromeDriver: chrome on XP (86ff4f56fd1d9d347b4c890a2f6846a7)
86ff4f56fd1d9d347b4c890a2f6846a7
INFO    2020-09-29 07:38:12,038 [TestNG-test=Test11-2] com.cpcommunity.testScripts.community.BaseTest  - Driver Initialized !!!
ChromeDriver: chrome on XP (6c6d3fdc041aa4b00875314d92d1f079)
6c6d3fdc041aa4b00875314d92d1f079
INFO    2020-09-29 07:38:12,087 [TestNG-test=Test11-1] com.cpcommunity.testScripts.community.BaseTest  - Driver Initialized !!!
Page Opened
Page Opened
INFO    2020-09-29 07:38:23,134 [TestNG-test=Test11-2] com.cpcommunity.PageObjects.BasePage  - scrolling up vertically...
INFO    2020-09-29 07:38:23,785 [TestNG-test=Test11-1] com.cpcommunity.PageObjects.BasePage  - scrolling up vertically...
INFO    2020-09-29 07:38:28,238 [TestNG-test=Test11-2] com.cpcommunity.PageObjects.BasePage  - waiting for :[[ChromeDriver: chrome on XP (86ff4f56fd1d9d347b4c890a2f6846a7)] -> xpath: //a[contains(.,'Login')]] for :18 seconds
INFO    2020-09-29 07:38:28,267 [TestNG-test=Test11-2] com.cpcommunity.PageObjects.BasePage  - [[ChromeDriver: chrome on XP (86ff4f56fd1d9d347b4c890a2f6846a7)] -> xpath: //a[contains(.,'Login')]]is displayed
INFO    2020-09-29 07:38:28,839 [TestNG-test=Test11-1] com.cpcommunity.PageObjects.BasePage  - waiting for :[[ChromeDriver: chrome on XP (6c6d3fdc041aa4b00875314d92d1f079)] -> xpath: //a[contains(.,'Login')]] for :18 seconds
INFO    2020-09-29 07:38:28,874 [TestNG-test=Test11-1] com.cpcommunity.PageObjects.BasePage  - [[ChromeDriver: chrome on XP (6c6d3fdc041aa4b00875314d92d1f079)] -> xpath: //a[contains(.,'Login')]]is displayed
INFO    2020-09-29 07:38:31,269 [TestNG-test=Test11-2] com.cpcommunity.PageObjects.BasePage  - Clicking on : LOGIN
INFO    2020-09-29 07:38:31,875 [TestNG-test=Test11-1] com.cpcommunity.PageObjects.BasePage  - Clicking on : LOGIN
ChromeDriver: chrome on XP (86ff4f56fd1d9d347b4c890a2f6846a7)Login Page
ChromeDriver: chrome on XP (6c6d3fdc041aa4b00875314d92d1f079)Login Page
INFO    2020-09-29 07:38:35,838 [TestNG-test=Test11-2] com.cpcommunity.PageObjects.BasePage  - scrolling up vertically...
INFO    2020-09-29 07:38:36,585 [TestNG-test=Test11-1] com.cpcommunity.PageObjects.BasePage  - scrolling up vertically...
INFO    2020-09-29 07:38:40,848 [TestNG-test=Test11-2] com.cpcommunity.PageObjects.BasePage  - Typing in : email address entered the value as : andrew74444@gmail.com
INFO    2020-09-29 07:38:41,220 [TestNG-test=Test11-2] com.cpcommunity.PageObjects.BasePage  - Typing in : password entered the value as : Admin@123
INFO    2020-09-29 07:38:41,383 [TestNG-test=Test11-2] com.cpcommunity.PageObjects.BasePage  - Clicking on : Login
INFO    2020-09-29 07:38:41,592 [TestNG-test=Test11-1] com.cpcommunity.PageObjects.BasePage  - Typing in : email address entered the value as : andrew74444@gmail.com
INFO    2020-09-29 07:38:42,101 [TestNG-test=Test11-1] com.cpcommunity.PageObjects.BasePage  - Typing in : password entered the value as : Admin@123
INFO    2020-09-29 07:38:42,313 [TestNG-test=Test11-1] com.cpcommunity.PageObjects.BasePage  - Clicking on : Login
INFO    2020-09-29 07:38:49,672 [TestNG-test=Test11-2] com.cpcommunity.PageObjects.BasePage  - scrolling up vertically...
INFO    2020-09-29 07:38:50,079 [TestNG-test=Test11-1] com.cpcommunity.PageObjects.BasePage  - scrolling up vertically...
INFO    2020-09-29 07:38:54,703 [TestNG-test=Test11-2] com.cpcommunity.PageObjects.BasePage  - Clicking on : view All
INFO    2020-09-29 07:39:00,618 [TestNG-test=Test11-2] com.cpcommunity.PageObjects.BasePage  - scrolling up vertically...
Date Format with dd MMMM yyyy : 29 Sep 2020
INFO    2020-09-29 07:39:05,699 [TestNG-test=Test11-2] com.cpcommunity.PageObjects.BasePage  - waiting for :[[ChromeDriver: chrome on XP (86ff4f56fd1d9d347b4c890a2f6846a7)] -> xpath: //input[@placeholder='Search by Community Name']] for :18 seconds
INFO    2020-09-29 07:39:05,738 [TestNG-test=Test11-2] com.cpcommunity.PageObjects.BasePage  - [[ChromeDriver: chrome on XP (86ff4f56fd1d9d347b4c890a2f6846a7)] -> xpath: //input[@placeholder='Search by Community Name']]is displayed
INFO    2020-09-29 07:39:05,820 [TestNG-test=Test11-1] com.cpcommunity.PageObjects.BasePage  - scrolling up vertically...
INFO    2020-09-29 07:39:08,053 [TestNG-test=Test11-2] com.cpcommunity.PageObjects.BasePage  - Typing in : Search by Community entered the value as : Community - 29 Sep 2020
INFO    2020-09-29 07:39:08,280 [TestNG-test=Test11-2] com.cpcommunity.PageObjects.BasePage  - Clicking on : search btn
INFO    2020-09-29 07:39:10,888 [TestNG-test=Test11-1] com.cpcommunity.PageObjects.BasePage  - Clicking on : EditBtn
INFO    2020-09-29 07:39:14,463 [TestNG-test=Test11-2] com.cpcommunity.PageObjects.BasePage  - waiting for :[[ChromeDriver: chrome on XP (86ff4f56fd1d9d347b4c890a2f6846a7)] -> xpath: //a[@tooltip='Community - 29 Sep 2020']] for :18 seconds
INFO    2020-09-29 07:39:14,484 [TestNG-test=Test11-2] com.cpcommunity.PageObjects.BasePage  - [[ChromeDriver: chrome on XP (86ff4f56fd1d9d347b4c890a2f6846a7)] -> xpath: //a[@tooltip='Community - 29 Sep 2020']]is displayed
INFO    2020-09-29 07:39:14,785 [TestNG-test=Test11-1] com.cpcommunity.PageObjects.BasePage  - Clicking on : PrivatePhoneNo
]]></system-out>
    <system-err><![CDATA[Starting ChromeDriver 2.38.552522 (437e6fbedfa8762dec75e2c5b3ddb86763dc9dcb) on port 37832
Only local connections are allowed.
Starting ChromeDriver 2.38.552522 (437e6fbedfa8762dec75e2c5b3ddb86763dc9dcb) on port 27793
Only local connections are allowed.
Sep 29, 2020 7:38:12 AM org.openqa.selenium.remote.ProtocolHandshake createSession
INFO: Detected dialect: OSS
Sep 29, 2020 7:38:12 AM org.openqa.selenium.remote.ProtocolHandshake createSession
INFO: Detected dialect: OSS
Sep 29, 2020 7:38:18 AM org.openqa.selenium.remote.Augmenter extractRemoteWebDriver
WARNING: Augmenter should be applied to the instances of @Augmentable classes or previously augmented instances only (instance class was: class org.openqa.selenium.chrome.ChromeDriver)
Sep 29, 2020 7:38:19 AM org.openqa.selenium.remote.Augmenter extractRemoteWebDriver
WARNING: Augmenter should be applied to the instances of @Augmentable classes or previously augmented instances only (instance class was: class org.openqa.selenium.chrome.ChromeDriver)
Sep 29, 2020 7:38:20 AM org.openqa.selenium.remote.Augmenter extractRemoteWebDriver
WARNING: Augmenter should be applied to the instances of @Augmentable classes or previously augmented instances only (instance class was: class org.openqa.selenium.chrome.ChromeDriver)
Sep 29, 2020 7:38:21 AM org.openqa.selenium.remote.Augmenter extractRemoteWebDriver
WARNING: Augmenter should be applied to the instances of @Augmentable classes or previously augmented instances only (instance class was: class org.openqa.selenium.chrome.ChromeDriver)
Sep 29, 2020 7:38:21 AM org.openqa.selenium.remote.Augmenter extractRemoteWebDriver
WARNING: Augmenter should be applied to the instances of @Augmentable classes or previously augmented instances only (instance class was: class org.openqa.selenium.chrome.ChromeDriver)
Sep 29, 2020 7:38:22 AM org.openqa.selenium.remote.Augmenter extractRemoteWebDriver
WARNING: Augmenter should be applied to the instances of @Augmentable classes or previously augmented instances only (instance class was: class org.openqa.selenium.chrome.ChromeDriver)
Sep 29, 2020 7:38:34 AM org.openqa.selenium.remote.Augmenter extractRemoteWebDriver
WARNING: Augmenter should be applied to the instances of @Augmentable classes or previously augmented instances only (instance class was: class org.openqa.selenium.chrome.ChromeDriver)
Sep 29, 2020 7:38:34 AM org.openqa.selenium.remote.Augmenter extractRemoteWebDriver
WARNING: Augmenter should be applied to the instances of @Augmentable classes or previously augmented instances only (instance class was: class org.openqa.selenium.chrome.ChromeDriver)
Sep 29, 2020 7:38:35 AM org.openqa.selenium.remote.Augmenter extractRemoteWebDriver
WARNING: Augmenter should be applied to the instances of @Augmentable classes or previously augmented instances only (instance class was: class org.openqa.selenium.chrome.ChromeDriver)
Sep 29, 2020 7:38:36 AM org.openqa.selenium.remote.Augmenter extractRemoteWebDriver
WARNING: Augmenter should be applied to the instances of @Augmentable classes or previously augmented instances only (instance class was: class org.openqa.selenium.chrome.ChromeDriver)
Sep 29, 2020 7:38:45 AM org.openqa.selenium.remote.Augmenter extractRemoteWebDriver
WARNING: Augmenter should be applied to the instances of @Augmentable classes or previously augmented instances only (instance class was: class org.openqa.selenium.chrome.ChromeDriver)
Sep 29, 2020 7:38:46 AM org.openqa.selenium.remote.Augmenter extractRemoteWebDriver
WARNING: Augmenter should be applied to the instances of @Augmentable classes or previously augmented instances only (instance class was: class org.openqa.selenium.chrome.ChromeDriver)
Sep 29, 2020 7:38:47 AM org.openqa.selenium.remote.Augmenter extractRemoteWebDriver
WARNING: Augmenter should be applied to the instances of @Augmentable classes or previously augmented instances only (instance class was: class org.openqa.selenium.chrome.ChromeDriver)
Sep 29, 2020 7:38:47 AM org.openqa.selenium.remote.Augmenter extractRemoteWebDriver
WARNING: Augmenter should be applied to the instances of @Augmentable classes or previously augmented instances only (instance class was: class org.openqa.selenium.chrome.ChromeDriver)
Sep 29, 2020 7:38:48 AM org.openqa.selenium.remote.Augmenter extractRemoteWebDriver
WARNING: Augmenter should be applied to the instances of @Augmentable classes or previously augmented instances only (instance class was: class org.openqa.selenium.chrome.ChromeDriver)
Sep 29, 2020 7:38:49 AM org.openqa.selenium.remote.Augmenter extractRemoteWebDriver
WARNING: Augmenter should be applied to the instances of @Augmentable classes or previously augmented instances only (instance class was: class org.openqa.selenium.chrome.ChromeDriver)
Sep 29, 2020 7:38:58 AM org.openqa.selenium.remote.Augmenter extractRemoteWebDriver
WARNING: Augmenter should be applied to the instances of @Augmentable classes or previously augmented instances only (instance class was: class org.openqa.selenium.chrome.ChromeDriver)
Sep 29, 2020 7:38:59 AM org.openqa.selenium.remote.Augmenter extractRemoteWebDriver
WARNING: Augmenter should be applied to the instances of @Augmentable classes or previously augmented instances only (instance class was: class org.openqa.selenium.chrome.ChromeDriver)
Sep 29, 2020 7:39:02 AM org.openqa.selenium.remote.Augmenter extractRemoteWebDriver
WARNING: Augmenter should be applied to the instances of @Augmentable classes or previously augmented instances only (instance class was: class org.openqa.selenium.chrome.ChromeDriver)
Sep 29, 2020 7:39:03 AM org.openqa.selenium.remote.Augmenter extractRemoteWebDriver
WARNING: Augmenter should be applied to the instances of @Augmentable classes or previously augmented instances only (instance class was: class org.openqa.selenium.chrome.ChromeDriver)
Sep 29, 2020 7:39:05 AM org.openqa.selenium.remote.Augmenter extractRemoteWebDriver
WARNING: Augmenter should be applied to the instances of @Augmentable classes or previously augmented instances only (instance class was: class org.openqa.selenium.chrome.ChromeDriver)
]]></system-err>
  </testcase>
  <testcase name="TC121" classname="com.cpcommunity.testScripts.community.TC121_Community_Admin_Invite_Members_With_Terms_And_Conditions" time="112.685">
    <failure message="Expected condition failed: waiting for visibility of [[ChromeDriver: chrome on XP (86ff4f56fd1d9d347b4c890a2f6846a7)] -&gt; xpath: (//*[contains(text(),&apos; Invite Members&apos;)])] (tried for 30 second(s) with 500 milliseconds interval)&#10;Build info: version: &apos;3.14.0&apos;, revision: &apos;aacccce0&apos;, time: &apos;2018-08-02T20:19:58.91Z&apos;&#10;System info: host: &apos;LAPTOP-65H8KDP8&apos;, ip: &apos;10.0.0.8&apos;, os.name: &apos;Windows 10&apos;, os.arch: &apos;amd64&apos;, os.version: &apos;10.0&apos;, java.version: &apos;1.8.0_251&apos;&#10;Driver info: org.openqa.selenium.chrome.ChromeDriver&#10;Capabilities {acceptInsecureCerts: false, acceptSslCerts: false, applicationCacheEnabled: false, browserConnectionEnabled: false, browserName: chrome, chrome: {chromedriverVersion: 2.38.552522 (437e6fbedfa876..., userDataDir: C:\Users\netwo\AppData\Loca...}, cssSelectorsEnabled: true, databaseEnabled: false, handlesAlerts: true, hasTouchScreen: false, javascriptEnabled: true, locationContextEnabled: true, mobileEmulationEnabled: false, nativeEvents: true, networkConnectionEnabled: false, pageLoadStrategy: normal, platform: XP, platformName: XP, rotatable: false, setWindowRect: true, takesHeapSnapshot: true, takesScreenshot: true, unexpectedAlertBehaviour: , unhandledPromptBehavior: , version: 85.0.4183.121, webStorageEnabled: true}&#10;Session ID: 86ff4f56fd1d9d347b4c890a2f6846a7" type="org.openqa.selenium.TimeoutException">org.openqa.selenium.TimeoutException: Expected condition failed: waiting for visibility of [[ChromeDriver: chrome on XP (86ff4f56fd1d9d347b4c890a2f6846a7)] -> xpath: (//*[contains(text(),' Invite Members')])] (tried for 30 second(s) with 500 milliseconds interval)
Build info: version: '3.14.0', revision: 'aacccce0', time: '2018-08-02T20:19:58.91Z'
System info: host: 'LAPTOP-65H8KDP8', ip: '10.0.0.8', os.name: 'Windows 10', os.arch: 'amd64', os.version: '10.0', java.version: '1.8.0_251'
Driver info: org.openqa.selenium.chrome.ChromeDriver
Capabilities {acceptInsecureCerts: false, acceptSslCerts: false, applicationCacheEnabled: false, browserConnectionEnabled: false, browserName: chrome, chrome: {chromedriverVersion: 2.38.552522 (437e6fbedfa876..., userDataDir: C:\Users\netwo\AppData\Loca...}, cssSelectorsEnabled: true, databaseEnabled: false, handlesAlerts: true, hasTouchScreen: false, javascriptEnabled: true, locationContextEnabled: true, mobileEmulationEnabled: false, nativeEvents: true, networkConnectionEnabled: false, pageLoadStrategy: normal, platform: XP, platformName: XP, rotatable: false, setWindowRect: true, takesHeapSnapshot: true, takesScreenshot: true, unexpectedAlertBehaviour: , unhandledPromptBehavior: , version: 85.0.4183.121, webStorageEnabled: true}
Session ID: 86ff4f56fd1d9d347b4c890a2f6846a7
	at org.openqa.selenium.support.ui.WebDriverWait.timeoutException(WebDriverWait.java:113)
	at org.openqa.selenium.support.ui.FluentWait.until(FluentWait.java:283)
	at com.cpcommunity.PageObjects.BasePage.waitForElementToPresent(BasePage.java:175)
	at com.cpcommunity.PageObjects.CommunityDashboardPage.navigateToinvitePeople(CommunityDashboardPage.java:227)
	at com.cpcommunity.testScripts.community.TC121_Community_Admin_Invite_Members_With_Terms_And_Conditions.TC121(TC121_Community_Admin_Invite_Members_With_Terms_And_Conditions.java:37)
</failure>
    <system-out><![CDATA[INFO    2020-09-29 07:39:16,569 [TestNG-test=Test11-1] com.cpcommunity.testScripts.community.BaseTest  - Test Execution Completed !!!
INFO    2020-09-29 07:39:16,757 [TestNG-test=Test11-2] com.cpcommunity.PageObjects.BasePage  - Clicking on : Manage
INFO    2020-09-29 07:39:18,386 [TestNG-test=Test11-2] com.cpcommunity.PageObjects.BasePage  - waiting for :[[ChromeDriver: chrome on XP (86ff4f56fd1d9d347b4c890a2f6846a7)] -> xpath: //h2[contains(text(),'Dashboard')]] for :18 seconds
INFO    2020-09-29 07:39:18,417 [TestNG-test=Test11-2] com.cpcommunity.PageObjects.BasePage  - [[ChromeDriver: chrome on XP (86ff4f56fd1d9d347b4c890a2f6846a7)] -> xpath: //h2[contains(text(),'Dashboard')]]is displayed
INFO    2020-09-29 07:39:25,194 [TestNG-test=Test11-2] com.cpcommunity.PageObjects.BasePage  - scrolling up vertically...
INFO    2020-09-29 07:39:30,200 [TestNG-test=Test11-2] com.cpcommunity.PageObjects.BasePage  - Clicking on : manage
INFO    2020-09-29 07:39:30,314 [TestNG-test=Test11-2] com.cpcommunity.PageObjects.BasePage  - waiting for :[[ChromeDriver: chrome on XP (86ff4f56fd1d9d347b4c890a2f6846a7)] -> xpath: (//*[contains(text(),' Invite Members')])] for :18 seconds
]]></system-out>
    <system-err><![CDATA[Sep 29, 2020 7:39:21 AM org.openqa.selenium.remote.Augmenter extractRemoteWebDriver
WARNING: Augmenter should be applied to the instances of @Augmentable classes or previously augmented instances only (instance class was: class org.openqa.selenium.chrome.ChromeDriver)
Sep 29, 2020 7:39:23 AM org.openqa.selenium.remote.Augmenter extractRemoteWebDriver
WARNING: Augmenter should be applied to the instances of @Augmentable classes or previously augmented instances only (instance class was: class org.openqa.selenium.chrome.ChromeDriver)
Sep 29, 2020 7:39:24 AM org.openqa.selenium.remote.Augmenter extractRemoteWebDriver
WARNING: Augmenter should be applied to the instances of @Augmentable classes or previously augmented instances only (instance class was: class org.openqa.selenium.chrome.ChromeDriver)
]]></system-err>
  </testcase>
  <testcase name="TC124" classname="com.cpcommunity.testScripts.community.TC124_Member_Accept_Community_Request_From_Community_details_page" time="159.454">
    <failure message="Expected condition failed: waiting for visibility of Proxy element for: AjaxElementLocator &apos;By.xpath: //*[contains(text(),&apos;MY ECOSYSTEM&apos;)]&apos; (tried for 30 second(s) with 500 milliseconds interval)" type="org.openqa.selenium.TimeoutException">org.openqa.selenium.TimeoutException: Expected condition failed: waiting for visibility of Proxy element for: AjaxElementLocator 'By.xpath: //*[contains(text(),'MY ECOSYSTEM')]' (tried for 30 second(s) with 500 milliseconds interval)
	at sun.reflect.GeneratedConstructorAccessor73.newInstance(Unknown Source)
	at sun.reflect.DelegatingConstructorAccessorImpl.newInstance(DelegatingConstructorAccessorImpl.java:45)
	at java.lang.reflect.Constructor.newInstance(Constructor.java:423)
	at org.openqa.selenium.remote.ErrorHandler.createThrowable(ErrorHandler.java:214)
	at org.openqa.selenium.remote.ErrorHandler.throwIfResponseFailed(ErrorHandler.java:166)
	at org.openqa.selenium.remote.http.JsonHttpResponseCodec.reconstructValue(JsonHttpResponseCodec.java:40)
	at org.openqa.selenium.remote.http.AbstractHttpResponseCodec.decode(AbstractHttpResponseCodec.java:80)
	at org.openqa.selenium.remote.http.AbstractHttpResponseCodec.decode(AbstractHttpResponseCodec.java:44)
	at org.openqa.selenium.remote.HttpCommandExecutor.execute(HttpCommandExecutor.java:158)
	at org.openqa.selenium.remote.service.DriverCommandExecutor.execute(DriverCommandExecutor.java:83)
	at org.openqa.selenium.remote.RemoteWebDriver.execute(RemoteWebDriver.java:548)
	at org.openqa.selenium.remote.RemoteWebDriver.findElement(RemoteWebDriver.java:322)
	at org.openqa.selenium.remote.RemoteWebDriver.findElementByXPath(RemoteWebDriver.java:424)
	at org.openqa.selenium.By$ByXPath.findElement(By.java:353)
	at org.openqa.selenium.remote.RemoteWebDriver.findElement(RemoteWebDriver.java:314)
	at org.openqa.selenium.support.pagefactory.DefaultElementLocator.findElement(DefaultElementLocator.java:69)
	at org.openqa.selenium.support.pagefactory.AjaxElementLocator.access$001(AjaxElementLocator.java:39)
	at org.openqa.selenium.support.pagefactory.AjaxElementLocator$SlowLoadingElement.isLoaded(AjaxElementLocator.java:194)
	at org.openqa.selenium.support.ui.SlowLoadableComponent.get(SlowLoadableComponent.java:78)
	at org.openqa.selenium.support.pagefactory.AjaxElementLocator.findElement(AjaxElementLocator.java:119)
	at org.openqa.selenium.support.pagefactory.internal.LocatingElementHandler.invoke(LocatingElementHandler.java:38)
	at com.sun.proxy.$Proxy9.isDisplayed(Unknown Source)
	at org.openqa.selenium.support.ui.ExpectedConditions.elementIfVisible(ExpectedConditions.java:315)
	at org.openqa.selenium.support.ui.ExpectedConditions.access$100(ExpectedConditions.java:44)
	at org.openqa.selenium.support.ui.ExpectedConditions$10.apply(ExpectedConditions.java:301)
	at org.openqa.selenium.support.ui.ExpectedConditions$10.apply(ExpectedConditions.java:298)
	at org.openqa.selenium.support.ui.FluentWait.until(FluentWait.java:260)
	at com.cpcommunity.PageObjects.BasePage.waitForPageToLoad(BasePage.java:94)
	at com.cpcommunity.PageObjects.BasePage.openPage(BasePage.java:80)
	at com.cpcommunity.PageObjects.LoginPage.loginToApplication(LoginPage.java:90)
	at com.cpcommunity.testScripts.community.TC124_Member_Accept_Community_Request_From_Community_details_page.TC124(TC124_Member_Accept_Community_Request_From_Community_details_page.java:33)
</failure>
    <system-out><![CDATA[INFO    2020-09-29 07:40:01,826 [TestNG-test=Test11-2] com.cpcommunity.testScripts.community.BaseTest  - Test Execution Completed !!!
Total rows are : 1167
Test case starts from row num: 737
Total rows of data are : 1
Total cols are : 7
@TestCase : TC124
Total rows are : 1167
Test case starts from row num: 730
Total rows of data are : 1
Total cols are : 7
Total rows are : 1167
@TestCase : TC123
Test case starts from row num: 723
Total rows of data are : 1
Total cols are : 7
@TestCase : TC122
INFO    2020-09-29 07:40:02,031 [TestNG-test=Test12-1] com.cpcommunity.testScripts.community.BaseTest  - Inside Login Test
Launching : chrome
INFO    2020-09-29 07:40:02,033 [TestNG-test=Test12-3] com.cpcommunity.testScripts.community.BaseTest  - Inside Login Test
Launching : chrome
INFO    2020-09-29 07:40:02,045 [TestNG-test=Test12-2] com.cpcommunity.testScripts.community.BaseTest  - Inside Login Test
Launching : chrome
ChromeDriver: chrome on XP (45586b1fb2534718fb77a3cccb3252a2)
45586b1fb2534718fb77a3cccb3252a2
INFO    2020-09-29 07:40:05,534 [TestNG-test=Test12-3] com.cpcommunity.testScripts.community.BaseTest  - Driver Initialized !!!
ChromeDriver: chrome on XP (55fb23855839e1a44c38d1ff6f58e769)
55fb23855839e1a44c38d1ff6f58e769
INFO    2020-09-29 07:40:06,069 [TestNG-test=Test12-2] com.cpcommunity.testScripts.community.BaseTest  - Driver Initialized !!!
ChromeDriver: chrome on XP (9e10226be954b4b96efac9ad3981d6f1)
9e10226be954b4b96efac9ad3981d6f1
INFO    2020-09-29 07:40:06,093 [TestNG-test=Test12-1] com.cpcommunity.testScripts.community.BaseTest  - Driver Initialized !!!
Page Opened
Page Opened
Page Opened
INFO    2020-09-29 07:40:18,029 [TestNG-test=Test12-3] com.cpcommunity.PageObjects.BasePage  - scrolling up vertically...
INFO    2020-09-29 07:40:18,044 [TestNG-test=Test12-1] com.cpcommunity.PageObjects.BasePage  - scrolling up vertically...
INFO    2020-09-29 07:40:18,061 [TestNG-test=Test12-2] com.cpcommunity.PageObjects.BasePage  - scrolling up vertically...
INFO    2020-09-29 07:40:23,108 [TestNG-test=Test12-3] com.cpcommunity.PageObjects.BasePage  - waiting for :[[ChromeDriver: chrome on XP (45586b1fb2534718fb77a3cccb3252a2)] -> xpath: //a[contains(.,'Login')]] for :18 seconds
INFO    2020-09-29 07:40:23,132 [TestNG-test=Test12-1] com.cpcommunity.PageObjects.BasePage  - waiting for :[[ChromeDriver: chrome on XP (9e10226be954b4b96efac9ad3981d6f1)] -> xpath: //a[contains(.,'Login')]] for :18 seconds
INFO    2020-09-29 07:40:23,156 [TestNG-test=Test12-2] com.cpcommunity.PageObjects.BasePage  - waiting for :[[ChromeDriver: chrome on XP (55fb23855839e1a44c38d1ff6f58e769)] -> xpath: //a[contains(.,'Login')]] for :18 seconds
INFO    2020-09-29 07:40:23,184 [TestNG-test=Test12-1] com.cpcommunity.PageObjects.BasePage  - [[ChromeDriver: chrome on XP (9e10226be954b4b96efac9ad3981d6f1)] -> xpath: //a[contains(.,'Login')]]is displayed
INFO    2020-09-29 07:40:23,195 [TestNG-test=Test12-3] com.cpcommunity.PageObjects.BasePage  - [[ChromeDriver: chrome on XP (45586b1fb2534718fb77a3cccb3252a2)] -> xpath: //a[contains(.,'Login')]]is displayed
INFO    2020-09-29 07:40:23,201 [TestNG-test=Test12-2] com.cpcommunity.PageObjects.BasePage  - [[ChromeDriver: chrome on XP (55fb23855839e1a44c38d1ff6f58e769)] -> xpath: //a[contains(.,'Login')]]is displayed
INFO    2020-09-29 07:40:26,192 [TestNG-test=Test12-1] com.cpcommunity.PageObjects.BasePage  - Clicking on : LOGIN
INFO    2020-09-29 07:40:26,209 [TestNG-test=Test12-3] com.cpcommunity.PageObjects.BasePage  - Clicking on : LOGIN
INFO    2020-09-29 07:40:26,210 [TestNG-test=Test12-2] com.cpcommunity.PageObjects.BasePage  - Clicking on : LOGIN
ChromeDriver: chrome on XP (9e10226be954b4b96efac9ad3981d6f1)Login Page
ChromeDriver: chrome on XP (55fb23855839e1a44c38d1ff6f58e769)Login Page
ChromeDriver: chrome on XP (45586b1fb2534718fb77a3cccb3252a2)Login Page
INFO    2020-09-29 07:40:33,327 [TestNG-test=Test12-2] com.cpcommunity.PageObjects.BasePage  - scrolling up vertically...
INFO    2020-09-29 07:40:33,369 [TestNG-test=Test12-1] com.cpcommunity.PageObjects.BasePage  - scrolling up vertically...
INFO    2020-09-29 07:40:33,394 [TestNG-test=Test12-3] com.cpcommunity.PageObjects.BasePage  - scrolling up vertically...
INFO    2020-09-29 07:40:38,377 [TestNG-test=Test12-2] com.cpcommunity.PageObjects.BasePage  - Typing in : email address entered the value as : ivanka.jessebelle2018@gmail.com
INFO    2020-09-29 07:40:38,400 [TestNG-test=Test12-1] com.cpcommunity.PageObjects.BasePage  - Typing in : email address entered the value as : indiaaustralia0@gmail.com
INFO    2020-09-29 07:40:38,408 [TestNG-test=Test12-3] com.cpcommunity.PageObjects.BasePage  - Typing in : email address entered the value as : eaglelier@gmail.com
INFO    2020-09-29 07:40:39,232 [TestNG-test=Test12-3] com.cpcommunity.PageObjects.BasePage  - Typing in : password entered the value as : Admin@123
INFO    2020-09-29 07:40:39,311 [TestNG-test=Test12-2] com.cpcommunity.PageObjects.BasePage  - Typing in : password entered the value as : Admin@123
INFO    2020-09-29 07:40:39,427 [TestNG-test=Test12-1] com.cpcommunity.PageObjects.BasePage  - Typing in : password entered the value as : Admin@123
INFO    2020-09-29 07:40:39,666 [TestNG-test=Test12-3] com.cpcommunity.PageObjects.BasePage  - Clicking on : Login
INFO    2020-09-29 07:40:39,713 [TestNG-test=Test12-2] com.cpcommunity.PageObjects.BasePage  - Clicking on : Login
INFO    2020-09-29 07:40:40,160 [TestNG-test=Test12-1] com.cpcommunity.PageObjects.BasePage  - Clicking on : Login
]]></system-out>
    <system-err><![CDATA[Starting ChromeDriver 2.38.552522 (437e6fbedfa8762dec75e2c5b3ddb86763dc9dcb) on port 20887
Only local connections are allowed.
Starting ChromeDriver 2.38.552522 (437e6fbedfa8762dec75e2c5b3ddb86763dc9dcb) on port 1618
Only local connections are allowed.
Starting ChromeDriver 2.38.552522 (437e6fbedfa8762dec75e2c5b3ddb86763dc9dcb) on port 29892
Only local connections are allowed.
Sep 29, 2020 7:40:05 AM org.openqa.selenium.remote.ProtocolHandshake createSession
INFO: Detected dialect: OSS
Sep 29, 2020 7:40:06 AM org.openqa.selenium.remote.ProtocolHandshake createSession
INFO: Detected dialect: OSS
Sep 29, 2020 7:40:06 AM org.openqa.selenium.remote.ProtocolHandshake createSession
INFO: Detected dialect: OSS
Sep 29, 2020 7:40:13 AM org.openqa.selenium.remote.Augmenter extractRemoteWebDriver
WARNING: Augmenter should be applied to the instances of @Augmentable classes or previously augmented instances only (instance class was: class org.openqa.selenium.chrome.ChromeDriver)
Sep 29, 2020 7:40:13 AM org.openqa.selenium.remote.Augmenter extractRemoteWebDriver
WARNING: Augmenter should be applied to the instances of @Augmentable classes or previously augmented instances only (instance class was: class org.openqa.selenium.chrome.ChromeDriver)
Sep 29, 2020 7:40:13 AM org.openqa.selenium.remote.Augmenter extractRemoteWebDriver
WARNING: Augmenter should be applied to the instances of @Augmentable classes or previously augmented instances only (instance class was: class org.openqa.selenium.chrome.ChromeDriver)
Sep 29, 2020 7:40:15 AM org.openqa.selenium.remote.Augmenter extractRemoteWebDriver
WARNING: Augmenter should be applied to the instances of @Augmentable classes or previously augmented instances only (instance class was: class org.openqa.selenium.chrome.ChromeDriver)
Sep 29, 2020 7:40:15 AM org.openqa.selenium.remote.Augmenter extractRemoteWebDriver
WARNING: Augmenter should be applied to the instances of @Augmentable classes or previously augmented instances only (instance class was: class org.openqa.selenium.chrome.ChromeDriver)
Sep 29, 2020 7:40:15 AM org.openqa.selenium.remote.Augmenter extractRemoteWebDriver
WARNING: Augmenter should be applied to the instances of @Augmentable classes or previously augmented instances only (instance class was: class org.openqa.selenium.chrome.ChromeDriver)
Sep 29, 2020 7:40:17 AM org.openqa.selenium.remote.Augmenter extractRemoteWebDriver
WARNING: Augmenter should be applied to the instances of @Augmentable classes or previously augmented instances only (instance class was: class org.openqa.selenium.chrome.ChromeDriver)
Sep 29, 2020 7:40:17 AM org.openqa.selenium.remote.Augmenter extractRemoteWebDriver
WARNING: Augmenter should be applied to the instances of @Augmentable classes or previously augmented instances only (instance class was: class org.openqa.selenium.chrome.ChromeDriver)
Sep 29, 2020 7:40:17 AM org.openqa.selenium.remote.Augmenter extractRemoteWebDriver
WARNING: Augmenter should be applied to the instances of @Augmentable classes or previously augmented instances only (instance class was: class org.openqa.selenium.chrome.ChromeDriver)
Sep 29, 2020 7:40:31 AM org.openqa.selenium.remote.Augmenter extractRemoteWebDriver
WARNING: Augmenter should be applied to the instances of @Augmentable classes or previously augmented instances only (instance class was: class org.openqa.selenium.chrome.ChromeDriver)
Sep 29, 2020 7:40:31 AM org.openqa.selenium.remote.Augmenter extractRemoteWebDriver
WARNING: Augmenter should be applied to the instances of @Augmentable classes or previously augmented instances only (instance class was: class org.openqa.selenium.chrome.ChromeDriver)
Sep 29, 2020 7:40:31 AM org.openqa.selenium.remote.Augmenter extractRemoteWebDriver
WARNING: Augmenter should be applied to the instances of @Augmentable classes or previously augmented instances only (instance class was: class org.openqa.selenium.chrome.ChromeDriver)
Sep 29, 2020 7:40:32 AM org.openqa.selenium.remote.Augmenter extractRemoteWebDriver
WARNING: Augmenter should be applied to the instances of @Augmentable classes or previously augmented instances only (instance class was: class org.openqa.selenium.chrome.ChromeDriver)
Sep 29, 2020 7:40:32 AM org.openqa.selenium.remote.Augmenter extractRemoteWebDriver
WARNING: Augmenter should be applied to the instances of @Augmentable classes or previously augmented instances only (instance class was: class org.openqa.selenium.chrome.ChromeDriver)
Sep 29, 2020 7:40:32 AM org.openqa.selenium.remote.Augmenter extractRemoteWebDriver
WARNING: Augmenter should be applied to the instances of @Augmentable classes or previously augmented instances only (instance class was: class org.openqa.selenium.chrome.ChromeDriver)
]]></system-err>
  </testcase>
  <testcase name="TC123" classname="com.cpcommunity.testScripts.community.TC123_Member_Accept_Community_Request_from_My_Communities" time="159.698">
    <failure message="Expected condition failed: waiting for visibility of Proxy element for: AjaxElementLocator &apos;By.xpath: //*[contains(text(),&apos;MY ECOSYSTEM&apos;)]&apos; (tried for 30 second(s) with 500 milliseconds interval)" type="org.openqa.selenium.TimeoutException">org.openqa.selenium.TimeoutException: Expected condition failed: waiting for visibility of Proxy element for: AjaxElementLocator 'By.xpath: //*[contains(text(),'MY ECOSYSTEM')]' (tried for 30 second(s) with 500 milliseconds interval)
	at sun.reflect.GeneratedConstructorAccessor73.newInstance(Unknown Source)
	at sun.reflect.DelegatingConstructorAccessorImpl.newInstance(DelegatingConstructorAccessorImpl.java:45)
	at java.lang.reflect.Constructor.newInstance(Constructor.java:423)
	at org.openqa.selenium.remote.ErrorHandler.createThrowable(ErrorHandler.java:214)
	at org.openqa.selenium.remote.ErrorHandler.throwIfResponseFailed(ErrorHandler.java:166)
	at org.openqa.selenium.remote.http.JsonHttpResponseCodec.reconstructValue(JsonHttpResponseCodec.java:40)
	at org.openqa.selenium.remote.http.AbstractHttpResponseCodec.decode(AbstractHttpResponseCodec.java:80)
	at org.openqa.selenium.remote.http.AbstractHttpResponseCodec.decode(AbstractHttpResponseCodec.java:44)
	at org.openqa.selenium.remote.HttpCommandExecutor.execute(HttpCommandExecutor.java:158)
	at org.openqa.selenium.remote.service.DriverCommandExecutor.execute(DriverCommandExecutor.java:83)
	at org.openqa.selenium.remote.RemoteWebDriver.execute(RemoteWebDriver.java:548)
	at org.openqa.selenium.remote.RemoteWebDriver.findElement(RemoteWebDriver.java:322)
	at org.openqa.selenium.remote.RemoteWebDriver.findElementByXPath(RemoteWebDriver.java:424)
	at org.openqa.selenium.By$ByXPath.findElement(By.java:353)
	at org.openqa.selenium.remote.RemoteWebDriver.findElement(RemoteWebDriver.java:314)
	at org.openqa.selenium.support.pagefactory.DefaultElementLocator.findElement(DefaultElementLocator.java:69)
	at org.openqa.selenium.support.pagefactory.AjaxElementLocator.access$001(AjaxElementLocator.java:39)
	at org.openqa.selenium.support.pagefactory.AjaxElementLocator$SlowLoadingElement.isLoaded(AjaxElementLocator.java:194)
	at org.openqa.selenium.support.ui.SlowLoadableComponent.get(SlowLoadableComponent.java:78)
	at org.openqa.selenium.support.pagefactory.AjaxElementLocator.findElement(AjaxElementLocator.java:119)
	at org.openqa.selenium.support.pagefactory.internal.LocatingElementHandler.invoke(LocatingElementHandler.java:38)
	at com.sun.proxy.$Proxy9.isDisplayed(Unknown Source)
	at org.openqa.selenium.support.ui.ExpectedConditions.elementIfVisible(ExpectedConditions.java:315)
	at org.openqa.selenium.support.ui.ExpectedConditions.access$100(ExpectedConditions.java:44)
	at org.openqa.selenium.support.ui.ExpectedConditions$10.apply(ExpectedConditions.java:301)
	at org.openqa.selenium.support.ui.ExpectedConditions$10.apply(ExpectedConditions.java:298)
	at org.openqa.selenium.support.ui.FluentWait.until(FluentWait.java:260)
	at com.cpcommunity.PageObjects.BasePage.waitForPageToLoad(BasePage.java:94)
	at com.cpcommunity.PageObjects.BasePage.openPage(BasePage.java:80)
	at com.cpcommunity.PageObjects.LoginPage.loginToApplication(LoginPage.java:90)
	at com.cpcommunity.testScripts.community.TC123_Member_Accept_Community_Request_from_My_Communities.TC123(TC123_Member_Accept_Community_Request_from_My_Communities.java:35)
</failure>
  </testcase>
  <testcase name="TC122" classname="com.cpcommunity.testScripts.community.TC122_Member_Accept_Community_Request_From_Global_Community" time="160.318">
    <failure message="Expected condition failed: waiting for visibility of Proxy element for: AjaxElementLocator &apos;By.xpath: //*[contains(text(),&apos;MY ECOSYSTEM&apos;)]&apos; (tried for 30 second(s) with 500 milliseconds interval)" type="org.openqa.selenium.TimeoutException">org.openqa.selenium.TimeoutException: Expected condition failed: waiting for visibility of Proxy element for: AjaxElementLocator 'By.xpath: //*[contains(text(),'MY ECOSYSTEM')]' (tried for 30 second(s) with 500 milliseconds interval)
	at sun.reflect.GeneratedConstructorAccessor73.newInstance(Unknown Source)
	at sun.reflect.DelegatingConstructorAccessorImpl.newInstance(DelegatingConstructorAccessorImpl.java:45)
	at java.lang.reflect.Constructor.newInstance(Constructor.java:423)
	at org.openqa.selenium.remote.ErrorHandler.createThrowable(ErrorHandler.java:214)
	at org.openqa.selenium.remote.ErrorHandler.throwIfResponseFailed(ErrorHandler.java:166)
	at org.openqa.selenium.remote.http.JsonHttpResponseCodec.reconstructValue(JsonHttpResponseCodec.java:40)
	at org.openqa.selenium.remote.http.AbstractHttpResponseCodec.decode(AbstractHttpResponseCodec.java:80)
	at org.openqa.selenium.remote.http.AbstractHttpResponseCodec.decode(AbstractHttpResponseCodec.java:44)
	at org.openqa.selenium.remote.HttpCommandExecutor.execute(HttpCommandExecutor.java:158)
	at org.openqa.selenium.remote.service.DriverCommandExecutor.execute(DriverCommandExecutor.java:83)
	at org.openqa.selenium.remote.RemoteWebDriver.execute(RemoteWebDriver.java:548)
	at org.openqa.selenium.remote.RemoteWebDriver.findElement(RemoteWebDriver.java:322)
	at org.openqa.selenium.remote.RemoteWebDriver.findElementByXPath(RemoteWebDriver.java:424)
	at org.openqa.selenium.By$ByXPath.findElement(By.java:353)
	at org.openqa.selenium.remote.RemoteWebDriver.findElement(RemoteWebDriver.java:314)
	at org.openqa.selenium.support.pagefactory.DefaultElementLocator.findElement(DefaultElementLocator.java:69)
	at org.openqa.selenium.support.pagefactory.AjaxElementLocator.access$001(AjaxElementLocator.java:39)
	at org.openqa.selenium.support.pagefactory.AjaxElementLocator$SlowLoadingElement.isLoaded(AjaxElementLocator.java:194)
	at org.openqa.selenium.support.ui.SlowLoadableComponent.get(SlowLoadableComponent.java:78)
	at org.openqa.selenium.support.pagefactory.AjaxElementLocator.findElement(AjaxElementLocator.java:119)
	at org.openqa.selenium.support.pagefactory.internal.LocatingElementHandler.invoke(LocatingElementHandler.java:38)
	at com.sun.proxy.$Proxy9.isDisplayed(Unknown Source)
	at org.openqa.selenium.support.ui.ExpectedConditions.elementIfVisible(ExpectedConditions.java:315)
	at org.openqa.selenium.support.ui.ExpectedConditions.access$100(ExpectedConditions.java:44)
	at org.openqa.selenium.support.ui.ExpectedConditions$10.apply(ExpectedConditions.java:301)
	at org.openqa.selenium.support.ui.ExpectedConditions$10.apply(ExpectedConditions.java:298)
	at org.openqa.selenium.support.ui.FluentWait.until(FluentWait.java:260)
	at com.cpcommunity.PageObjects.BasePage.waitForPageToLoad(BasePage.java:94)
	at com.cpcommunity.PageObjects.BasePage.openPage(BasePage.java:80)
	at com.cpcommunity.PageObjects.LoginPage.loginToApplication(LoginPage.java:90)
	at com.cpcommunity.testScripts.community.TC122_Member_Accept_Community_Request_From_Global_Community.TC122(TC122_Member_Accept_Community_Request_From_Global_Community.java:33)
</failure>
  </testcase>
  <testcase name="TC179" classname="com.cpcommunity.testScripts.community.TC179_Verify_Member_Is_Able_Update_Membership_Plan" time="88.897">
    <failure message="no such element: Unable to locate element: {&quot;method&quot;:&quot;xpath&quot;,&quot;selector&quot;:&quot;//a[contains(text(),&apos;Community 1 - 27 September 2020&apos;)]&quot;}&#10;  (Session info: chrome=85.0.4183.121)&#10;  (Driver info: chromedriver=2.38.552522 (437e6fbedfa8762dec75e2c5b3ddb86763dc9dcb),platform=Windows NT 10.0.18362 x86_64) (WARNING: The server did not provide any stacktrace information)&#10;Command duration or timeout: 0 milliseconds&#10;For documentation on this error, please visit: http://seleniumhq.org/exceptions/no_such_element.html&#10;Build info: version: &apos;3.14.0&apos;, revision: &apos;aacccce0&apos;, time: &apos;2018-08-02T20:19:58.91Z&apos;&#10;System info: host: &apos;LAPTOP-65H8KDP8&apos;, ip: &apos;10.0.0.8&apos;, os.name: &apos;Windows 10&apos;, os.arch: &apos;amd64&apos;, os.version: &apos;10.0&apos;, java.version: &apos;1.8.0_251&apos;&#10;Driver info: org.openqa.selenium.chrome.ChromeDriver&#10;Capabilities {acceptInsecureCerts: false, acceptSslCerts: false, applicationCacheEnabled: false, browserConnectionEnabled: false, browserName: chrome, chrome: {chromedriverVersion: 2.38.552522 (437e6fbedfa876..., userDataDir: C:\Users\netwo\AppData\Loca...}, cssSelectorsEnabled: true, databaseEnabled: false, handlesAlerts: true, hasTouchScreen: false, javascriptEnabled: true, locationContextEnabled: true, mobileEmulationEnabled: false, nativeEvents: true, networkConnectionEnabled: false, pageLoadStrategy: normal, platform: XP, platformName: XP, rotatable: false, setWindowRect: true, takesHeapSnapshot: true, takesScreenshot: true, unexpectedAlertBehaviour: , unhandledPromptBehavior: , version: 85.0.4183.121, webStorageEnabled: true}&#10;Session ID: 80be01804b89845f7444e7794a56d2f5&#10;*** Element info: {Using=xpath, value=//a[contains(text(),&apos;Community 1 - 27 September 2020&apos;)]}" type="org.openqa.selenium.NoSuchElementException">org.openqa.selenium.NoSuchElementException: no such element: Unable to locate element: {"method":"xpath","selector":"//a[contains(text(),'Community 1 - 27 September 2020')]"}
  (Session info: chrome=85.0.4183.121)
  (Driver info: chromedriver=2.38.552522 (437e6fbedfa8762dec75e2c5b3ddb86763dc9dcb),platform=Windows NT 10.0.18362 x86_64) (WARNING: The server did not provide any stacktrace information)
Command duration or timeout: 0 milliseconds
For documentation on this error, please visit: http://seleniumhq.org/exceptions/no_such_element.html
Build info: version: '3.14.0', revision: 'aacccce0', time: '2018-08-02T20:19:58.91Z'
System info: host: 'LAPTOP-65H8KDP8', ip: '10.0.0.8', os.name: 'Windows 10', os.arch: 'amd64', os.version: '10.0', java.version: '1.8.0_251'
Driver info: org.openqa.selenium.chrome.ChromeDriver
Capabilities {acceptInsecureCerts: false, acceptSslCerts: false, applicationCacheEnabled: false, browserConnectionEnabled: false, browserName: chrome, chrome: {chromedriverVersion: 2.38.552522 (437e6fbedfa876..., userDataDir: C:\Users\netwo\AppData\Loca...}, cssSelectorsEnabled: true, databaseEnabled: false, handlesAlerts: true, hasTouchScreen: false, javascriptEnabled: true, locationContextEnabled: true, mobileEmulationEnabled: false, nativeEvents: true, networkConnectionEnabled: false, pageLoadStrategy: normal, platform: XP, platformName: XP, rotatable: false, setWindowRect: true, takesHeapSnapshot: true, takesScreenshot: true, unexpectedAlertBehaviour: , unhandledPromptBehavior: , version: 85.0.4183.121, webStorageEnabled: true}
Session ID: 80be01804b89845f7444e7794a56d2f5
*** Element info: {Using=xpath, value=//a[contains(text(),'Community 1 - 27 September 2020')]}
	at sun.reflect.GeneratedConstructorAccessor73.newInstance(Unknown Source)
	at sun.reflect.DelegatingConstructorAccessorImpl.newInstance(DelegatingConstructorAccessorImpl.java:45)
	at java.lang.reflect.Constructor.newInstance(Constructor.java:423)
	at org.openqa.selenium.remote.ErrorHandler.createThrowable(ErrorHandler.java:214)
	at org.openqa.selenium.remote.ErrorHandler.throwIfResponseFailed(ErrorHandler.java:166)
	at org.openqa.selenium.remote.http.JsonHttpResponseCodec.reconstructValue(JsonHttpResponseCodec.java:40)
	at org.openqa.selenium.remote.http.AbstractHttpResponseCodec.decode(AbstractHttpResponseCodec.java:80)
	at org.openqa.selenium.remote.http.AbstractHttpResponseCodec.decode(AbstractHttpResponseCodec.java:44)
	at org.openqa.selenium.remote.HttpCommandExecutor.execute(HttpCommandExecutor.java:158)
	at org.openqa.selenium.remote.service.DriverCommandExecutor.execute(DriverCommandExecutor.java:83)
	at org.openqa.selenium.remote.RemoteWebDriver.execute(RemoteWebDriver.java:548)
	at org.openqa.selenium.remote.RemoteWebDriver.findElement(RemoteWebDriver.java:322)
	at org.openqa.selenium.remote.RemoteWebDriver.findElementByXPath(RemoteWebDriver.java:424)
	at org.openqa.selenium.By$ByXPath.findElement(By.java:353)
	at org.openqa.selenium.remote.RemoteWebDriver.findElement(RemoteWebDriver.java:314)
	at com.cpcommunity.PageObjects.GlobalCommunitesPage.searchCommunity(GlobalCommunitesPage.java:304)
	at com.cpcommunity.PageObjects.GlobalCommunitesPage.navigateToExpiredCommunityDetailsPage(GlobalCommunitesPage.java:483)
	at com.cpcommunity.testScripts.community.TC179_Verify_Member_Is_Able_Update_Membership_Plan.TC179(TC179_Verify_Member_Is_Able_Update_Membership_Plan.java:34)
</failure>
    <system-out><![CDATA[INFO    2020-09-29 07:42:42,417 [TestNG-test=Test12-3] com.cpcommunity.testScripts.community.BaseTest  - Test Execution Completed !!!
INFO    2020-09-29 07:42:42,436 [TestNG-test=Test12-2] com.cpcommunity.testScripts.community.BaseTest  - Test Execution Completed !!!
INFO    2020-09-29 07:42:43,022 [TestNG-test=Test12-1] com.cpcommunity.testScripts.community.BaseTest  - Test Execution Completed !!!
Total rows are : 1167
Test case starts from row num: 966
Total rows of data are : 1
Total cols are : 7
@TestCase : TC179
Total rows are : 1167
Test case starts from row num: 883
Total rows of data are : 1
Total cols are : 9
@TestCase : TC129
Total rows are : 1167
Test case starts from row num: 888
Total rows of data are : 1
Total cols are : 9
@TestCase : TC130
INFO    2020-09-29 07:42:43,307 [TestNG-test=Test13-3] com.cpcommunity.testScripts.community.BaseTest  - Inside Login Test
Launching : chrome
INFO    2020-09-29 07:42:43,326 [TestNG-test=Test13-1] com.cpcommunity.testScripts.community.BaseTest  - Inside Login Test
Launching : chrome
INFO    2020-09-29 07:42:43,379 [TestNG-test=Test13-2] com.cpcommunity.testScripts.community.BaseTest  - Inside Login Test
Launching : chrome
ChromeDriver: chrome on XP (80be01804b89845f7444e7794a56d2f5)
80be01804b89845f7444e7794a56d2f5
INFO    2020-09-29 07:42:46,708 [TestNG-test=Test13-3] com.cpcommunity.testScripts.community.BaseTest  - Driver Initialized !!!
ChromeDriver: chrome on XP (99d91ccb03ad8177fec5a996b003f5c9)
99d91ccb03ad8177fec5a996b003f5c9
INFO    2020-09-29 07:42:47,288 [TestNG-test=Test13-1] com.cpcommunity.testScripts.community.BaseTest  - Driver Initialized !!!
ChromeDriver: chrome on XP (df6a404548a1a82a828ad7c8a5eda88a)
df6a404548a1a82a828ad7c8a5eda88a
INFO    2020-09-29 07:42:48,108 [TestNG-test=Test13-2] com.cpcommunity.testScripts.community.BaseTest  - Driver Initialized !!!
Page Opened
Page Opened
Page Opened
INFO    2020-09-29 07:42:59,049 [TestNG-test=Test13-3] com.cpcommunity.PageObjects.BasePage  - scrolling up vertically...
INFO    2020-09-29 07:42:59,204 [TestNG-test=Test13-1] com.cpcommunity.PageObjects.BasePage  - scrolling up vertically...
INFO    2020-09-29 07:42:59,235 [TestNG-test=Test13-2] com.cpcommunity.PageObjects.BasePage  - scrolling up vertically...
INFO    2020-09-29 07:43:04,133 [TestNG-test=Test13-3] com.cpcommunity.PageObjects.BasePage  - waiting for :[[ChromeDriver: chrome on XP (80be01804b89845f7444e7794a56d2f5)] -> xpath: //a[contains(.,'Login')]] for :18 seconds
INFO    2020-09-29 07:43:04,168 [TestNG-test=Test13-3] com.cpcommunity.PageObjects.BasePage  - [[ChromeDriver: chrome on XP (80be01804b89845f7444e7794a56d2f5)] -> xpath: //a[contains(.,'Login')]]is displayed
INFO    2020-09-29 07:43:04,275 [TestNG-test=Test13-1] com.cpcommunity.PageObjects.BasePage  - waiting for :[[ChromeDriver: chrome on XP (99d91ccb03ad8177fec5a996b003f5c9)] -> xpath: //a[contains(.,'Login')]] for :18 seconds
INFO    2020-09-29 07:43:04,306 [TestNG-test=Test13-2] com.cpcommunity.PageObjects.BasePage  - waiting for :[[ChromeDriver: chrome on XP (df6a404548a1a82a828ad7c8a5eda88a)] -> xpath: //a[contains(.,'Login')]] for :18 seconds
INFO    2020-09-29 07:43:04,332 [TestNG-test=Test13-1] com.cpcommunity.PageObjects.BasePage  - [[ChromeDriver: chrome on XP (99d91ccb03ad8177fec5a996b003f5c9)] -> xpath: //a[contains(.,'Login')]]is displayed
INFO    2020-09-29 07:43:04,345 [TestNG-test=Test13-2] com.cpcommunity.PageObjects.BasePage  - [[ChromeDriver: chrome on XP (df6a404548a1a82a828ad7c8a5eda88a)] -> xpath: //a[contains(.,'Login')]]is displayed
INFO    2020-09-29 07:43:07,169 [TestNG-test=Test13-3] com.cpcommunity.PageObjects.BasePage  - Clicking on : LOGIN
INFO    2020-09-29 07:43:07,338 [TestNG-test=Test13-1] com.cpcommunity.PageObjects.BasePage  - Clicking on : LOGIN
INFO    2020-09-29 07:43:07,370 [TestNG-test=Test13-2] com.cpcommunity.PageObjects.BasePage  - Clicking on : LOGIN
ChromeDriver: chrome on XP (df6a404548a1a82a828ad7c8a5eda88a)Login Page
ChromeDriver: chrome on XP (80be01804b89845f7444e7794a56d2f5)Login Page
ChromeDriver: chrome on XP (99d91ccb03ad8177fec5a996b003f5c9)Login Page
INFO    2020-09-29 07:43:14,989 [TestNG-test=Test13-2] com.cpcommunity.PageObjects.BasePage  - scrolling up vertically...
INFO    2020-09-29 07:43:14,995 [TestNG-test=Test13-1] com.cpcommunity.PageObjects.BasePage  - scrolling up vertically...
INFO    2020-09-29 07:43:15,033 [TestNG-test=Test13-3] com.cpcommunity.PageObjects.BasePage  - scrolling up vertically...
INFO    2020-09-29 07:43:20,030 [TestNG-test=Test13-2] com.cpcommunity.PageObjects.BasePage  - Typing in : email address entered the value as : andrew74444@gmail.com
INFO    2020-09-29 07:43:20,052 [TestNG-test=Test13-1] com.cpcommunity.PageObjects.BasePage  - Typing in : email address entered the value as : ivanka.jessebelle2018@gmail.com
INFO    2020-09-29 07:43:20,059 [TestNG-test=Test13-3] com.cpcommunity.PageObjects.BasePage  - Typing in : email address entered the value as : curatora99@gmail.com
INFO    2020-09-29 07:43:20,769 [TestNG-test=Test13-2] com.cpcommunity.PageObjects.BasePage  - Typing in : password entered the value as : Admin@123
INFO    2020-09-29 07:43:20,867 [TestNG-test=Test13-3] com.cpcommunity.PageObjects.BasePage  - Typing in : password entered the value as : Admin@123
INFO    2020-09-29 07:43:21,124 [TestNG-test=Test13-2] com.cpcommunity.PageObjects.BasePage  - Clicking on : Login
INFO    2020-09-29 07:43:21,236 [TestNG-test=Test13-1] com.cpcommunity.PageObjects.BasePage  - Typing in : password entered the value as : Admin@123
INFO    2020-09-29 07:43:21,256 [TestNG-test=Test13-3] com.cpcommunity.PageObjects.BasePage  - Clicking on : Login
INFO    2020-09-29 07:43:22,244 [TestNG-test=Test13-1] com.cpcommunity.PageObjects.BasePage  - Clicking on : Login
INFO    2020-09-29 07:43:31,354 [TestNG-test=Test13-3] com.cpcommunity.PageObjects.BasePage  - scrolling up vertically...
INFO    2020-09-29 07:43:31,512 [TestNG-test=Test13-2] com.cpcommunity.PageObjects.BasePage  - scrolling up vertically...
INFO    2020-09-29 07:43:36,602 [TestNG-test=Test13-2] com.cpcommunity.PageObjects.BasePage  - Clicking on : view All
INFO    2020-09-29 07:43:36,629 [TestNG-test=Test13-3] com.cpcommunity.PageObjects.BasePage  - waiting for :[[ChromeDriver: chrome on XP (80be01804b89845f7444e7794a56d2f5)] -> xpath: //*[@id='navbar']//*[contains(text(),'Global Communities')]] for :18 seconds
INFO    2020-09-29 07:43:36,672 [TestNG-test=Test13-3] com.cpcommunity.PageObjects.BasePage  - [[ChromeDriver: chrome on XP (80be01804b89845f7444e7794a56d2f5)] -> xpath: //*[@id='navbar']//*[contains(text(),'Global Communities')]]is displayed
INFO    2020-09-29 07:43:38,704 [TestNG-test=Test13-3] com.cpcommunity.PageObjects.BasePage  - Clicking[[ChromeDriver: chrome on XP (80be01804b89845f7444e7794a56d2f5)] -> xpath: //*[@id='navbar']//*[contains(text(),'Global Communities')]]
INFO    2020-09-29 07:43:41,205 [TestNG-test=Test13-2] com.cpcommunity.PageObjects.BasePage  - scrolling up vertically...
INFO    2020-09-29 07:43:46,209 [TestNG-test=Test13-3] com.cpcommunity.PageObjects.BasePage  - Clicked[[ChromeDriver: chrome on XP (80be01804b89845f7444e7794a56d2f5)] -> xpath: //*[@id='navbar']//*[contains(text(),'Global Communities')]]
Date Format with dd MMMM yyyy : 29 Sep 2020
INFO    2020-09-29 07:43:46,268 [TestNG-test=Test13-2] com.cpcommunity.PageObjects.BasePage  - waiting for :[[ChromeDriver: chrome on XP (df6a404548a1a82a828ad7c8a5eda88a)] -> xpath: //input[@placeholder='Search by Community Name']] for :18 seconds
INFO    2020-09-29 07:43:46,311 [TestNG-test=Test13-2] com.cpcommunity.PageObjects.BasePage  - [[ChromeDriver: chrome on XP (df6a404548a1a82a828ad7c8a5eda88a)] -> xpath: //input[@placeholder='Search by Community Name']]is displayed
INFO    2020-09-29 07:43:48,615 [TestNG-test=Test13-2] com.cpcommunity.PageObjects.BasePage  - Typing in : Search by Community entered the value as : Community - 29 Sep 2020
INFO    2020-09-29 07:43:48,923 [TestNG-test=Test13-2] com.cpcommunity.PageObjects.BasePage  - Clicking on : search btn
INFO    2020-09-29 07:43:49,384 [TestNG-test=Test13-3] com.cpcommunity.PageObjects.BasePage  - scrolling up vertically...
INFO    2020-09-29 07:43:54,471 [TestNG-test=Test13-3] com.cpcommunity.PageObjects.BasePage  - Typing in : search entered the value as : Community 1 - 27 September 2020
INFO    2020-09-29 07:43:54,786 [TestNG-test=Test13-3] com.cpcommunity.PageObjects.BasePage  - Clicking on : search Btn
INFO    2020-09-29 07:43:55,106 [TestNG-test=Test13-2] com.cpcommunity.PageObjects.BasePage  - waiting for :[[ChromeDriver: chrome on XP (df6a404548a1a82a828ad7c8a5eda88a)] -> xpath: //a[@tooltip='Community - 29 Sep 2020']] for :18 seconds
INFO    2020-09-29 07:43:55,120 [TestNG-test=Test13-2] com.cpcommunity.PageObjects.BasePage  - [[ChromeDriver: chrome on XP (df6a404548a1a82a828ad7c8a5eda88a)] -> xpath: //a[@tooltip='Community - 29 Sep 2020']]is displayed
INFO    2020-09-29 07:43:57,403 [TestNG-test=Test13-2] com.cpcommunity.PageObjects.BasePage  - Clicking on : CommunityName
INFO    2020-09-29 07:43:58,420 [TestNG-test=Test13-2] com.cpcommunity.PageObjects.BasePage  - scrolling up vertically...
INFO    2020-09-29 07:44:03,534 [TestNG-test=Test13-2] com.cpcommunity.PageObjects.BasePage  - scrolling up vertically...
INFO    2020-09-29 07:44:08,558 [TestNG-test=Test13-2] com.cpcommunity.PageObjects.BasePage  - Clicking on : Careers
INFO    2020-09-29 07:44:08,897 [TestNG-test=Test13-2] com.cpcommunity.PageObjects.BasePage  - waiting for :[[ChromeDriver: chrome on XP (df6a404548a1a82a828ad7c8a5eda88a)] -> xpath: //*[contains(text(),'Current Job Openings')]] for :18 seconds
INFO    2020-09-29 07:44:09,511 [TestNG-test=Test13-2] com.cpcommunity.PageObjects.BasePage  - [[ChromeDriver: chrome on XP (df6a404548a1a82a828ad7c8a5eda88a)] -> xpath: //*[contains(text(),'Current Job Openings')]]is displayed
INFO    2020-09-29 07:44:11,514 [TestNG-test=Test13-2] com.cpcommunity.PageObjects.BasePage  - Typing in : Search By Job Title entered the value as : Business Analyst
INFO    2020-09-29 07:44:11,854 [TestNG-test=Test13-2] com.cpcommunity.PageObjects.BasePage  - Clicking on : Search
]]></system-out>
    <system-err><![CDATA[Starting ChromeDriver 2.38.552522 (437e6fbedfa8762dec75e2c5b3ddb86763dc9dcb) on port 4727
Only local connections are allowed.
Starting ChromeDriver 2.38.552522 (437e6fbedfa8762dec75e2c5b3ddb86763dc9dcb) on port 21141
Only local connections are allowed.
Starting ChromeDriver 2.38.552522 (437e6fbedfa8762dec75e2c5b3ddb86763dc9dcb) on port 11421
Only local connections are allowed.
Sep 29, 2020 7:42:46 AM org.openqa.selenium.remote.ProtocolHandshake createSession
INFO: Detected dialect: OSS
Sep 29, 2020 7:42:47 AM org.openqa.selenium.remote.ProtocolHandshake createSession
INFO: Detected dialect: OSS
Sep 29, 2020 7:42:48 AM org.openqa.selenium.remote.ProtocolHandshake createSession
INFO: Detected dialect: OSS
Sep 29, 2020 7:42:54 AM org.openqa.selenium.remote.Augmenter extractRemoteWebDriver
WARNING: Augmenter should be applied to the instances of @Augmentable classes or previously augmented instances only (instance class was: class org.openqa.selenium.chrome.ChromeDriver)
Sep 29, 2020 7:42:54 AM org.openqa.selenium.remote.Augmenter extractRemoteWebDriver
WARNING: Augmenter should be applied to the instances of @Augmentable classes or previously augmented instances only (instance class was: class org.openqa.selenium.chrome.ChromeDriver)
Sep 29, 2020 7:42:54 AM org.openqa.selenium.remote.Augmenter extractRemoteWebDriver
WARNING: Augmenter should be applied to the instances of @Augmentable classes or previously augmented instances only (instance class was: class org.openqa.selenium.chrome.ChromeDriver)
Sep 29, 2020 7:42:56 AM org.openqa.selenium.remote.Augmenter extractRemoteWebDriver
WARNING: Augmenter should be applied to the instances of @Augmentable classes or previously augmented instances only (instance class was: class org.openqa.selenium.chrome.ChromeDriver)
Sep 29, 2020 7:42:56 AM org.openqa.selenium.remote.Augmenter extractRemoteWebDriver
WARNING: Augmenter should be applied to the instances of @Augmentable classes or previously augmented instances only (instance class was: class org.openqa.selenium.chrome.ChromeDriver)
Sep 29, 2020 7:42:56 AM org.openqa.selenium.remote.Augmenter extractRemoteWebDriver
WARNING: Augmenter should be applied to the instances of @Augmentable classes or previously augmented instances only (instance class was: class org.openqa.selenium.chrome.ChromeDriver)
Sep 29, 2020 7:42:58 AM org.openqa.selenium.remote.Augmenter extractRemoteWebDriver
WARNING: Augmenter should be applied to the instances of @Augmentable classes or previously augmented instances only (instance class was: class org.openqa.selenium.chrome.ChromeDriver)
Sep 29, 2020 7:42:58 AM org.openqa.selenium.remote.Augmenter extractRemoteWebDriver
WARNING: Augmenter should be applied to the instances of @Augmentable classes or previously augmented instances only (instance class was: class org.openqa.selenium.chrome.ChromeDriver)
Sep 29, 2020 7:42:58 AM org.openqa.selenium.remote.Augmenter extractRemoteWebDriver
WARNING: Augmenter should be applied to the instances of @Augmentable classes or previously augmented instances only (instance class was: class org.openqa.selenium.chrome.ChromeDriver)
Sep 29, 2020 7:43:12 AM org.openqa.selenium.remote.Augmenter extractRemoteWebDriver
WARNING: Augmenter should be applied to the instances of @Augmentable classes or previously augmented instances only (instance class was: class org.openqa.selenium.chrome.ChromeDriver)
Sep 29, 2020 7:43:12 AM org.openqa.selenium.remote.Augmenter extractRemoteWebDriver
WARNING: Augmenter should be applied to the instances of @Augmentable classes or previously augmented instances only (instance class was: class org.openqa.selenium.chrome.ChromeDriver)
Sep 29, 2020 7:43:12 AM org.openqa.selenium.remote.Augmenter extractRemoteWebDriver
WARNING: Augmenter should be applied to the instances of @Augmentable classes or previously augmented instances only (instance class was: class org.openqa.selenium.chrome.ChromeDriver)
Sep 29, 2020 7:43:14 AM org.openqa.selenium.remote.Augmenter extractRemoteWebDriver
WARNING: Augmenter should be applied to the instances of @Augmentable classes or previously augmented instances only (instance class was: class org.openqa.selenium.chrome.ChromeDriver)
Sep 29, 2020 7:43:14 AM org.openqa.selenium.remote.Augmenter extractRemoteWebDriver
WARNING: Augmenter should be applied to the instances of @Augmentable classes or previously augmented instances only (instance class was: class org.openqa.selenium.chrome.ChromeDriver)
Sep 29, 2020 7:43:14 AM org.openqa.selenium.remote.Augmenter extractRemoteWebDriver
WARNING: Augmenter should be applied to the instances of @Augmentable classes or previously augmented instances only (instance class was: class org.openqa.selenium.chrome.ChromeDriver)
Sep 29, 2020 7:43:27 AM org.openqa.selenium.remote.Augmenter extractRemoteWebDriver
WARNING: Augmenter should be applied to the instances of @Augmentable classes or previously augmented instances only (instance class was: class org.openqa.selenium.chrome.ChromeDriver)
Sep 29, 2020 7:43:27 AM org.openqa.selenium.remote.Augmenter extractRemoteWebDriver
WARNING: Augmenter should be applied to the instances of @Augmentable classes or previously augmented instances only (instance class was: class org.openqa.selenium.chrome.ChromeDriver)
Sep 29, 2020 7:43:28 AM org.openqa.selenium.remote.Augmenter extractRemoteWebDriver
WARNING: Augmenter should be applied to the instances of @Augmentable classes or previously augmented instances only (instance class was: class org.openqa.selenium.chrome.ChromeDriver)
Sep 29, 2020 7:43:29 AM org.openqa.selenium.remote.Augmenter extractRemoteWebDriver
WARNING: Augmenter should be applied to the instances of @Augmentable classes or previously augmented instances only (instance class was: class org.openqa.selenium.chrome.ChromeDriver)
Sep 29, 2020 7:43:30 AM org.openqa.selenium.remote.Augmenter extractRemoteWebDriver
WARNING: Augmenter should be applied to the instances of @Augmentable classes or previously augmented instances only (instance class was: class org.openqa.selenium.chrome.ChromeDriver)
Sep 29, 2020 7:43:30 AM org.openqa.selenium.remote.Augmenter extractRemoteWebDriver
WARNING: Augmenter should be applied to the instances of @Augmentable classes or previously augmented instances only (instance class was: class org.openqa.selenium.chrome.ChromeDriver)
Sep 29, 2020 7:43:39 AM org.openqa.selenium.remote.Augmenter extractRemoteWebDriver
WARNING: Augmenter should be applied to the instances of @Augmentable classes or previously augmented instances only (instance class was: class org.openqa.selenium.chrome.ChromeDriver)
Sep 29, 2020 7:43:40 AM org.openqa.selenium.remote.Augmenter extractRemoteWebDriver
WARNING: Augmenter should be applied to the instances of @Augmentable classes or previously augmented instances only (instance class was: class org.openqa.selenium.chrome.ChromeDriver)
Sep 29, 2020 7:43:47 AM org.openqa.selenium.remote.Augmenter extractRemoteWebDriver
WARNING: Augmenter should be applied to the instances of @Augmentable classes or previously augmented instances only (instance class was: class org.openqa.selenium.chrome.ChromeDriver)
Sep 29, 2020 7:43:48 AM org.openqa.selenium.remote.Augmenter extractRemoteWebDriver
WARNING: Augmenter should be applied to the instances of @Augmentable classes or previously augmented instances only (instance class was: class org.openqa.selenium.chrome.ChromeDriver)
Sep 29, 2020 7:44:00 AM org.openqa.selenium.remote.Augmenter extractRemoteWebDriver
WARNING: Augmenter should be applied to the instances of @Augmentable classes or previously augmented instances only (instance class was: class org.openqa.selenium.chrome.ChromeDriver)
Sep 29, 2020 7:44:02 AM org.openqa.selenium.remote.Augmenter extractRemoteWebDriver
WARNING: Augmenter should be applied to the instances of @Augmentable classes or previously augmented instances only (instance class was: class org.openqa.selenium.chrome.ChromeDriver)
]]></system-err>
  </testcase>
  <testcase name="TC130" classname="com.cpcommunity.testScripts.community.TC130_Apply_Job_Requirement_From_Global_Careers" time="132.94"/>
  <testcase name="TC129" classname="com.cpcommunity.testScripts.community.TC129_Apply_Job_Requirement_From_Community_Details_Page" time="160.889">
    <failure message="Expected condition failed: waiting for visibility of Proxy element for: AjaxElementLocator &apos;By.xpath: //*[contains(text(),&apos;MY ECOSYSTEM&apos;)]&apos; (tried for 30 second(s) with 500 milliseconds interval)" type="org.openqa.selenium.TimeoutException">org.openqa.selenium.TimeoutException: Expected condition failed: waiting for visibility of Proxy element for: AjaxElementLocator 'By.xpath: //*[contains(text(),'MY ECOSYSTEM')]' (tried for 30 second(s) with 500 milliseconds interval)
	at sun.reflect.GeneratedConstructorAccessor73.newInstance(Unknown Source)
	at sun.reflect.DelegatingConstructorAccessorImpl.newInstance(DelegatingConstructorAccessorImpl.java:45)
	at java.lang.reflect.Constructor.newInstance(Constructor.java:423)
	at org.openqa.selenium.remote.ErrorHandler.createThrowable(ErrorHandler.java:214)
	at org.openqa.selenium.remote.ErrorHandler.throwIfResponseFailed(ErrorHandler.java:166)
	at org.openqa.selenium.remote.http.JsonHttpResponseCodec.reconstructValue(JsonHttpResponseCodec.java:40)
	at org.openqa.selenium.remote.http.AbstractHttpResponseCodec.decode(AbstractHttpResponseCodec.java:80)
	at org.openqa.selenium.remote.http.AbstractHttpResponseCodec.decode(AbstractHttpResponseCodec.java:44)
	at org.openqa.selenium.remote.HttpCommandExecutor.execute(HttpCommandExecutor.java:158)
	at org.openqa.selenium.remote.service.DriverCommandExecutor.execute(DriverCommandExecutor.java:83)
	at org.openqa.selenium.remote.RemoteWebDriver.execute(RemoteWebDriver.java:548)
	at org.openqa.selenium.remote.RemoteWebDriver.findElement(RemoteWebDriver.java:322)
	at org.openqa.selenium.remote.RemoteWebDriver.findElementByXPath(RemoteWebDriver.java:424)
	at org.openqa.selenium.By$ByXPath.findElement(By.java:353)
	at org.openqa.selenium.remote.RemoteWebDriver.findElement(RemoteWebDriver.java:314)
	at org.openqa.selenium.support.pagefactory.DefaultElementLocator.findElement(DefaultElementLocator.java:69)
	at org.openqa.selenium.support.pagefactory.AjaxElementLocator.access$001(AjaxElementLocator.java:39)
	at org.openqa.selenium.support.pagefactory.AjaxElementLocator$SlowLoadingElement.isLoaded(AjaxElementLocator.java:194)
	at org.openqa.selenium.support.ui.SlowLoadableComponent.get(SlowLoadableComponent.java:78)
	at org.openqa.selenium.support.pagefactory.AjaxElementLocator.findElement(AjaxElementLocator.java:119)
	at org.openqa.selenium.support.pagefactory.internal.LocatingElementHandler.invoke(LocatingElementHandler.java:38)
	at com.sun.proxy.$Proxy9.isDisplayed(Unknown Source)
	at org.openqa.selenium.support.ui.ExpectedConditions.elementIfVisible(ExpectedConditions.java:315)
	at org.openqa.selenium.support.ui.ExpectedConditions.access$100(ExpectedConditions.java:44)
	at org.openqa.selenium.support.ui.ExpectedConditions$10.apply(ExpectedConditions.java:301)
	at org.openqa.selenium.support.ui.ExpectedConditions$10.apply(ExpectedConditions.java:298)
	at org.openqa.selenium.support.ui.FluentWait.until(FluentWait.java:260)
	at com.cpcommunity.PageObjects.BasePage.waitForPageToLoad(BasePage.java:94)
	at com.cpcommunity.PageObjects.BasePage.openPage(BasePage.java:80)
	at com.cpcommunity.PageObjects.LoginPage.loginToApplication(LoginPage.java:90)
	at com.cpcommunity.testScripts.community.TC129_Apply_Job_Requirement_From_Community_Details_Page.TC129(TC129_Apply_Job_Requirement_From_Community_Details_Page.java:31)
</failure>
    <system-out><![CDATA[INFO    2020-09-29 07:44:57,061 [TestNG-test=Test13-2] com.cpcommunity.testScripts.community.BaseTest  - Test Execution Completed !!!
]]></system-out>
  </testcase>
  <testcase name="TC146" classname="com.cpcommunity.testScripts.Event_Registrations.TC146_PromoCode_Event_Registration_With_Authorize_From_Event_Details_Page" time="110.704">
    <failure message="no such element: Unable to locate element: {&quot;method&quot;:&quot;xpath&quot;,&quot;selector&quot;:&quot;(//div[@ng-app=&apos;EventsApp&apos;]//*[@class=&apos;row&apos;]//a[@target=&apos;_blank&apos;])[1]&quot;}&#10;  (Session info: chrome=85.0.4183.121)&#10;  (Driver info: chromedriver=2.38.552522 (437e6fbedfa8762dec75e2c5b3ddb86763dc9dcb),platform=Windows NT 10.0.18362 x86_64) (WARNING: The server did not provide any stacktrace information)&#10;Command duration or timeout: 0 milliseconds&#10;For documentation on this error, please visit: http://seleniumhq.org/exceptions/no_such_element.html&#10;Build info: version: &apos;3.14.0&apos;, revision: &apos;aacccce0&apos;, time: &apos;2018-08-02T20:19:58.91Z&apos;&#10;System info: host: &apos;LAPTOP-65H8KDP8&apos;, ip: &apos;10.0.0.8&apos;, os.name: &apos;Windows 10&apos;, os.arch: &apos;amd64&apos;, os.version: &apos;10.0&apos;, java.version: &apos;1.8.0_251&apos;&#10;Driver info: org.openqa.selenium.chrome.ChromeDriver&#10;Capabilities {acceptInsecureCerts: false, acceptSslCerts: false, applicationCacheEnabled: false, browserConnectionEnabled: false, browserName: chrome, chrome: {chromedriverVersion: 2.38.552522 (437e6fbedfa876..., userDataDir: C:\Users\netwo\AppData\Loca...}, cssSelectorsEnabled: true, databaseEnabled: false, handlesAlerts: true, hasTouchScreen: false, javascriptEnabled: true, locationContextEnabled: true, mobileEmulationEnabled: false, nativeEvents: true, networkConnectionEnabled: false, pageLoadStrategy: normal, platform: XP, platformName: XP, rotatable: false, setWindowRect: true, takesHeapSnapshot: true, takesScreenshot: true, unexpectedAlertBehaviour: , unhandledPromptBehavior: , version: 85.0.4183.121, webStorageEnabled: true}&#10;Session ID: 25eddeba3d6b228a020e4e7d7ec5dbb6&#10;*** Element info: {Using=xpath, value=(//div[@ng-app=&apos;EventsApp&apos;]//*[@class=&apos;row&apos;]//a[@target=&apos;_blank&apos;])[1]}" type="org.openqa.selenium.NoSuchElementException">org.openqa.selenium.NoSuchElementException: no such element: Unable to locate element: {"method":"xpath","selector":"(//div[@ng-app='EventsApp']//*[@class='row']//a[@target='_blank'])[1]"}
  (Session info: chrome=85.0.4183.121)
  (Driver info: chromedriver=2.38.552522 (437e6fbedfa8762dec75e2c5b3ddb86763dc9dcb),platform=Windows NT 10.0.18362 x86_64) (WARNING: The server did not provide any stacktrace information)
Command duration or timeout: 0 milliseconds
For documentation on this error, please visit: http://seleniumhq.org/exceptions/no_such_element.html
Build info: version: '3.14.0', revision: 'aacccce0', time: '2018-08-02T20:19:58.91Z'
System info: host: 'LAPTOP-65H8KDP8', ip: '10.0.0.8', os.name: 'Windows 10', os.arch: 'amd64', os.version: '10.0', java.version: '1.8.0_251'
Driver info: org.openqa.selenium.chrome.ChromeDriver
Capabilities {acceptInsecureCerts: false, acceptSslCerts: false, applicationCacheEnabled: false, browserConnectionEnabled: false, browserName: chrome, chrome: {chromedriverVersion: 2.38.552522 (437e6fbedfa876..., userDataDir: C:\Users\netwo\AppData\Loca...}, cssSelectorsEnabled: true, databaseEnabled: false, handlesAlerts: true, hasTouchScreen: false, javascriptEnabled: true, locationContextEnabled: true, mobileEmulationEnabled: false, nativeEvents: true, networkConnectionEnabled: false, pageLoadStrategy: normal, platform: XP, platformName: XP, rotatable: false, setWindowRect: true, takesHeapSnapshot: true, takesScreenshot: true, unexpectedAlertBehaviour: , unhandledPromptBehavior: , version: 85.0.4183.121, webStorageEnabled: true}
Session ID: 25eddeba3d6b228a020e4e7d7ec5dbb6
*** Element info: {Using=xpath, value=(//div[@ng-app='EventsApp']//*[@class='row']//a[@target='_blank'])[1]}
	at sun.reflect.GeneratedConstructorAccessor73.newInstance(Unknown Source)
	at sun.reflect.DelegatingConstructorAccessorImpl.newInstance(DelegatingConstructorAccessorImpl.java:45)
	at java.lang.reflect.Constructor.newInstance(Constructor.java:423)
	at org.openqa.selenium.remote.ErrorHandler.createThrowable(ErrorHandler.java:214)
	at org.openqa.selenium.remote.ErrorHandler.throwIfResponseFailed(ErrorHandler.java:166)
	at org.openqa.selenium.remote.http.JsonHttpResponseCodec.reconstructValue(JsonHttpResponseCodec.java:40)
	at org.openqa.selenium.remote.http.AbstractHttpResponseCodec.decode(AbstractHttpResponseCodec.java:80)
	at org.openqa.selenium.remote.http.AbstractHttpResponseCodec.decode(AbstractHttpResponseCodec.java:44)
	at org.openqa.selenium.remote.HttpCommandExecutor.execute(HttpCommandExecutor.java:158)
	at org.openqa.selenium.remote.service.DriverCommandExecutor.execute(DriverCommandExecutor.java:83)
	at org.openqa.selenium.remote.RemoteWebDriver.execute(RemoteWebDriver.java:548)
	at org.openqa.selenium.remote.RemoteWebDriver.findElement(RemoteWebDriver.java:322)
	at org.openqa.selenium.remote.RemoteWebDriver.findElementByXPath(RemoteWebDriver.java:424)
	at org.openqa.selenium.By$ByXPath.findElement(By.java:353)
	at org.openqa.selenium.remote.RemoteWebDriver.findElement(RemoteWebDriver.java:314)
	at com.cpcommunity.PageObjects.UpcomingEventsPage.goToEventDetailsPage(UpcomingEventsPage.java:75)
	at com.cpcommunity.testScripts.Event_Registrations.TC146_PromoCode_Event_Registration_With_Authorize_From_Event_Details_Page.TC146(TC146_PromoCode_Event_Registration_With_Authorize_From_Event_Details_Page.java:30)
</failure>
    <system-out><![CDATA[INFO    2020-09-29 07:45:24,901 [TestNG-test=Test13-1] com.cpcommunity.testScripts.community.BaseTest  - Test Execution Completed !!!
Total rows are : 1167
Test case starts from row num: 852
Total rows of data are : 1
Total cols are : 12
@TestCase : TC144
Total rows are : 1167
Test case starts from row num: 856
Total rows of data are : 1
Total cols are : 13
@TestCase : TC145
Total rows are : 1167
Test case starts from row num: 848
Total rows of data are : 1
Total cols are : 12
@TestCase : TC143
Total rows are : 1167
Test case starts from row num: 925
Total rows of data are : 1
Total cols are : 6
@TestCase : TC170
Total rows are : 1167
Test case starts from row num: 860
Total rows of data are : 1
Total cols are : 13
@TestCase : TC146
INFO    2020-09-29 07:45:25,166 [TestNG-test=Test14-3] com.cpcommunity.testScripts.community.BaseTest  - Inside Login Test
{attendeeFirstName=Andrew, Test Descrption=TC144_Paid_Event_Registration_With_Authorize_From_Event_Details_Page, promoCode1=, Runmode=Y, browser=chrome, eventName=Paid event -, email=andrew74444@gmail.com, attendeLastName=Thomson, password=Admin@123, companyName=PamTen, payerEmailID=andrew74444@gmail.com, attendeeEmailID=andrew74444@gmail.com}
Launching : chrome
INFO    2020-09-29 07:45:25,205 [TestNG-test=Test14-4] com.cpcommunity.testScripts.community.BaseTest  - Inside Login Test
{attendeeFirstName=, Test Descrption=TC145_PromoCode_Event_Registration_With_PayPal_From_Event_Details_Page, promoCode1=PROMO_, Runmode=Y, browser=chrome, eventName=Paid event -, communityName=Community -, email=desanctis234@gmail.com, attendeLastName=, password=Admin@123, companyName=, payerEmailID=desanctis234@gmail.com, attendeeEmailID=curatora99@gmail.com}
Launching : chrome
INFO    2020-09-29 07:45:25,232 [TestNG-test=Test14-2] com.cpcommunity.testScripts.community.BaseTest  - Inside Login Test
{attendeeFirstName=Andrew, Test Descrption=TC143_Paid_Event_Registration_With_PayPal_From_Event_Details_Page, promoCode1=, Runmode=Y, browser=chrome, eventName=Paid event -, email=andrew74444@gmail.com, attendeLastName=Thomson, password=Admin@123, companyName=PamTen, payerEmailID=andrew74444@gmail.com, attendeeEmailID=andrew74444@gmail.com}
Launching : chrome
INFO    2020-09-29 07:45:25,234 [TestNG-test=Test14-1] com.cpcommunity.testScripts.community.BaseTest  - Inside Login Test
Launching : chrome
INFO    2020-09-29 07:45:25,262 [TestNG-test=Test14-5] com.cpcommunity.testScripts.community.BaseTest  - Inside Login Test
{attendeeFirstName=, Test Descrption=TC146_PromoCode_Event_Registration_With_Authorize_From_Event_Details_Page, promoCode1=PROMOB_, Runmode=Y, browser=chrome, eventName=Paid event -, communityName=Community -, email=desanctis234@gmail.com, attendeLastName=, password=Admin@123, companyName=, payerEmailID=andrew74444@gmail.com, attendeeEmailID=curatora99@gmail.com}
Launching : chrome
ChromeDriver: chrome on XP (26e1bd1059527bd02ea70646094ce3ec)
26e1bd1059527bd02ea70646094ce3ec
INFO    2020-09-29 07:45:28,758 [TestNG-test=Test14-1] com.cpcommunity.testScripts.community.BaseTest  - Driver Initialized !!!
ChromeDriver: chrome on XP (98a0065ffcc2a3adc2ca9dc9525629ba)
98a0065ffcc2a3adc2ca9dc9525629ba
INFO    2020-09-29 07:45:29,779 [TestNG-test=Test14-3] com.cpcommunity.testScripts.community.BaseTest  - Driver Initialized !!!
ChromeDriver: chrome on XP (f77714a7ae265f8c65bc9bb9af8a618c)
f77714a7ae265f8c65bc9bb9af8a618c
INFO    2020-09-29 07:45:29,802 [TestNG-test=Test14-2] com.cpcommunity.testScripts.community.BaseTest  - Driver Initialized !!!
ChromeDriver: chrome on XP (12da111ee8fcb664a4761128675a7fa6)
12da111ee8fcb664a4761128675a7fa6
INFO    2020-09-29 07:45:29,893 [TestNG-test=Test14-4] com.cpcommunity.testScripts.community.BaseTest  - Driver Initialized !!!
ChromeDriver: chrome on XP (25eddeba3d6b228a020e4e7d7ec5dbb6)
25eddeba3d6b228a020e4e7d7ec5dbb6
INFO    2020-09-29 07:45:30,407 [TestNG-test=Test14-5] com.cpcommunity.testScripts.community.BaseTest  - Driver Initialized !!!
Page Opened
Page Opened
Page Opened
Page Opened
Page Opened
INFO    2020-09-29 07:45:47,138 [TestNG-test=Test14-5] com.cpcommunity.PageObjects.BasePage  - scrolling up vertically...
INFO    2020-09-29 07:45:47,217 [TestNG-test=Test14-2] com.cpcommunity.PageObjects.BasePage  - scrolling up vertically...
INFO    2020-09-29 07:45:47,244 [TestNG-test=Test14-4] com.cpcommunity.PageObjects.BasePage  - scrolling up vertically...
INFO    2020-09-29 07:45:47,260 [TestNG-test=Test14-3] com.cpcommunity.PageObjects.BasePage  - scrolling up vertically...
INFO    2020-09-29 07:45:47,412 [TestNG-test=Test14-1] com.cpcommunity.PageObjects.BasePage  - scrolling up vertically...
INFO    2020-09-29 07:45:52,265 [TestNG-test=Test14-5] com.cpcommunity.PageObjects.BasePage  - waiting for :[[ChromeDriver: chrome on XP (25eddeba3d6b228a020e4e7d7ec5dbb6)] -> xpath: //a[contains(.,'Login')]] for :18 seconds
INFO    2020-09-29 07:45:52,320 [TestNG-test=Test14-5] com.cpcommunity.PageObjects.BasePage  - [[ChromeDriver: chrome on XP (25eddeba3d6b228a020e4e7d7ec5dbb6)] -> xpath: //a[contains(.,'Login')]]is displayed
INFO    2020-09-29 07:45:52,354 [TestNG-test=Test14-2] com.cpcommunity.PageObjects.BasePage  - waiting for :[[ChromeDriver: chrome on XP (f77714a7ae265f8c65bc9bb9af8a618c)] -> xpath: //a[contains(.,'Login')]] for :18 seconds
INFO    2020-09-29 07:45:52,364 [TestNG-test=Test14-4] com.cpcommunity.PageObjects.BasePage  - waiting for :[[ChromeDriver: chrome on XP (12da111ee8fcb664a4761128675a7fa6)] -> xpath: //a[contains(.,'Login')]] for :18 seconds
INFO    2020-09-29 07:45:52,369 [TestNG-test=Test14-3] com.cpcommunity.PageObjects.BasePage  - waiting for :[[ChromeDriver: chrome on XP (98a0065ffcc2a3adc2ca9dc9525629ba)] -> xpath: //a[contains(.,'Login')]] for :18 seconds
INFO    2020-09-29 07:45:52,399 [TestNG-test=Test14-2] com.cpcommunity.PageObjects.BasePage  - [[ChromeDriver: chrome on XP (f77714a7ae265f8c65bc9bb9af8a618c)] -> xpath: //a[contains(.,'Login')]]is displayed
INFO    2020-09-29 07:45:52,405 [TestNG-test=Test14-4] com.cpcommunity.PageObjects.BasePage  - [[ChromeDriver: chrome on XP (12da111ee8fcb664a4761128675a7fa6)] -> xpath: //a[contains(.,'Login')]]is displayed
INFO    2020-09-29 07:45:52,407 [TestNG-test=Test14-3] com.cpcommunity.PageObjects.BasePage  - [[ChromeDriver: chrome on XP (98a0065ffcc2a3adc2ca9dc9525629ba)] -> xpath: //a[contains(.,'Login')]]is displayed
INFO    2020-09-29 07:45:52,463 [TestNG-test=Test14-1] com.cpcommunity.PageObjects.BasePage  - waiting for :[[ChromeDriver: chrome on XP (26e1bd1059527bd02ea70646094ce3ec)] -> xpath: //a[contains(.,'Login')]] for :18 seconds
INFO    2020-09-29 07:45:52,511 [TestNG-test=Test14-1] com.cpcommunity.PageObjects.BasePage  - [[ChromeDriver: chrome on XP (26e1bd1059527bd02ea70646094ce3ec)] -> xpath: //a[contains(.,'Login')]]is displayed
INFO    2020-09-29 07:45:55,321 [TestNG-test=Test14-5] com.cpcommunity.PageObjects.BasePage  - Clicking on : LOGIN
INFO    2020-09-29 07:45:55,402 [TestNG-test=Test14-2] com.cpcommunity.PageObjects.BasePage  - Clicking on : LOGIN
INFO    2020-09-29 07:45:55,409 [TestNG-test=Test14-4] com.cpcommunity.PageObjects.BasePage  - Clicking on : LOGIN
INFO    2020-09-29 07:45:55,410 [TestNG-test=Test14-3] com.cpcommunity.PageObjects.BasePage  - Clicking on : LOGIN
INFO    2020-09-29 07:45:55,529 [TestNG-test=Test14-1] com.cpcommunity.PageObjects.BasePage  - Clicking on : LOGIN
ChromeDriver: chrome on XP (25eddeba3d6b228a020e4e7d7ec5dbb6)Login Page
ChromeDriver: chrome on XP (f77714a7ae265f8c65bc9bb9af8a618c)Login Page
ChromeDriver: chrome on XP (98a0065ffcc2a3adc2ca9dc9525629ba)Login Page
ChromeDriver: chrome on XP (12da111ee8fcb664a4761128675a7fa6)Login Page
ChromeDriver: chrome on XP (26e1bd1059527bd02ea70646094ce3ec)Login Page
INFO    2020-09-29 07:46:05,117 [TestNG-test=Test14-5] com.cpcommunity.PageObjects.BasePage  - scrolling up vertically...
INFO    2020-09-29 07:46:05,503 [TestNG-test=Test14-2] com.cpcommunity.PageObjects.BasePage  - scrolling up vertically...
INFO    2020-09-29 07:46:05,541 [TestNG-test=Test14-3] com.cpcommunity.PageObjects.BasePage  - scrolling up vertically...
INFO    2020-09-29 07:46:05,544 [TestNG-test=Test14-4] com.cpcommunity.PageObjects.BasePage  - scrolling up vertically...
INFO    2020-09-29 07:46:05,610 [TestNG-test=Test14-1] com.cpcommunity.PageObjects.BasePage  - scrolling up vertically...
INFO    2020-09-29 07:46:10,194 [TestNG-test=Test14-5] com.cpcommunity.PageObjects.BasePage  - Typing in : email address entered the value as : desanctis234@gmail.com
INFO    2020-09-29 07:46:10,708 [TestNG-test=Test14-2] com.cpcommunity.PageObjects.BasePage  - Typing in : email address entered the value as : andrew74444@gmail.com
INFO    2020-09-29 07:46:10,708 [TestNG-test=Test14-4] com.cpcommunity.PageObjects.BasePage  - Typing in : email address entered the value as : desanctis234@gmail.com
INFO    2020-09-29 07:46:10,709 [TestNG-test=Test14-3] com.cpcommunity.PageObjects.BasePage  - Typing in : email address entered the value as : andrew74444@gmail.com
INFO    2020-09-29 07:46:10,718 [TestNG-test=Test14-1] com.cpcommunity.PageObjects.BasePage  - Typing in : email address entered the value as : nancykemper463@gmail.com
INFO    2020-09-29 07:46:12,550 [TestNG-test=Test14-5] com.cpcommunity.PageObjects.BasePage  - Typing in : password entered the value as : Admin@123
INFO    2020-09-29 07:46:13,417 [TestNG-test=Test14-5] com.cpcommunity.PageObjects.BasePage  - Clicking on : Login
INFO    2020-09-29 07:46:13,519 [TestNG-test=Test14-4] com.cpcommunity.PageObjects.BasePage  - Typing in : password entered the value as : Admin@123
INFO    2020-09-29 07:46:13,730 [TestNG-test=Test14-2] com.cpcommunity.PageObjects.BasePage  - Typing in : password entered the value as : Admin@123
INFO    2020-09-29 07:46:14,011 [TestNG-test=Test14-1] com.cpcommunity.PageObjects.BasePage  - Typing in : password entered the value as : Admin@123
INFO    2020-09-29 07:46:14,715 [TestNG-test=Test14-3] com.cpcommunity.PageObjects.BasePage  - Typing in : password entered the value as : Admin@123
INFO    2020-09-29 07:46:15,309 [TestNG-test=Test14-4] com.cpcommunity.PageObjects.BasePage  - Clicking on : Login
INFO    2020-09-29 07:46:15,351 [TestNG-test=Test14-2] com.cpcommunity.PageObjects.BasePage  - Clicking on : Login
INFO    2020-09-29 07:46:15,613 [TestNG-test=Test14-1] com.cpcommunity.PageObjects.BasePage  - Clicking on : Login
INFO    2020-09-29 07:46:16,700 [TestNG-test=Test14-3] com.cpcommunity.PageObjects.BasePage  - Clicking on : Login
INFO    2020-09-29 07:46:34,965 [TestNG-test=Test14-5] com.cpcommunity.PageObjects.BasePage  - scrolling up vertically...
INFO    2020-09-29 07:46:39,153 [TestNG-test=Test14-1] com.cpcommunity.PageObjects.BasePage  - scrolling up vertically...
INFO    2020-09-29 07:46:39,402 [TestNG-test=Test14-4] com.cpcommunity.PageObjects.BasePage  - scrolling up vertically...
INFO    2020-09-29 07:46:40,416 [TestNG-test=Test14-5] com.cpcommunity.PageObjects.BasePage  - waiting for :[[ChromeDriver: chrome on XP (25eddeba3d6b228a020e4e7d7ec5dbb6)] -> xpath: //a[contains(text(),'Upcoming Events')]] for :18 seconds
INFO    2020-09-29 07:46:40,574 [TestNG-test=Test14-5] com.cpcommunity.PageObjects.BasePage  - [[ChromeDriver: chrome on XP (25eddeba3d6b228a020e4e7d7ec5dbb6)] -> xpath: //a[contains(text(),'Upcoming Events')]]is displayed
INFO    2020-09-29 07:46:42,574 [TestNG-test=Test14-5] com.cpcommunity.PageObjects.BasePage  - Clicking on : Upcoming Events
INFO    2020-09-29 07:46:42,877 [TestNG-test=Test14-3] com.cpcommunity.PageObjects.BasePage  - scrolling up vertically...
INFO    2020-09-29 07:46:44,429 [TestNG-test=Test14-1] com.cpcommunity.PageObjects.BasePage  - waiting for :[[ChromeDriver: chrome on XP (26e1bd1059527bd02ea70646094ce3ec)] -> xpath: //*[@id='navbar']//*[contains(text(),'Global Communities')]] for :18 seconds
INFO    2020-09-29 07:46:44,692 [TestNG-test=Test14-1] com.cpcommunity.PageObjects.BasePage  - [[ChromeDriver: chrome on XP (26e1bd1059527bd02ea70646094ce3ec)] -> xpath: //*[@id='navbar']//*[contains(text(),'Global Communities')]]is displayed
INFO    2020-09-29 07:46:44,883 [TestNG-test=Test14-4] com.cpcommunity.PageObjects.BasePage  - waiting for :[[ChromeDriver: chrome on XP (12da111ee8fcb664a4761128675a7fa6)] -> xpath: //a[contains(text(),'Upcoming Events')]] for :18 seconds
INFO    2020-09-29 07:46:44,961 [TestNG-test=Test14-4] com.cpcommunity.PageObjects.BasePage  - [[ChromeDriver: chrome on XP (12da111ee8fcb664a4761128675a7fa6)] -> xpath: //a[contains(text(),'Upcoming Events')]]is displayed
INFO    2020-09-29 07:46:45,891 [TestNG-test=Test14-2] com.cpcommunity.PageObjects.BasePage  - scrolling up vertically...
INFO    2020-09-29 07:46:46,752 [TestNG-test=Test14-1] com.cpcommunity.PageObjects.BasePage  - Clicking[[ChromeDriver: chrome on XP (26e1bd1059527bd02ea70646094ce3ec)] -> xpath: //*[@id='navbar']//*[contains(text(),'Global Communities')]]
INFO    2020-09-29 07:46:46,961 [TestNG-test=Test14-4] com.cpcommunity.PageObjects.BasePage  - Clicking on : Upcoming Events
INFO    2020-09-29 07:46:49,328 [TestNG-test=Test14-5] com.cpcommunity.PageObjects.BasePage  - scrolling up vertically...
INFO    2020-09-29 07:46:49,344 [TestNG-test=Test14-3] com.cpcommunity.PageObjects.BasePage  - waiting for :[[ChromeDriver: chrome on XP (98a0065ffcc2a3adc2ca9dc9525629ba)] -> xpath: //a[contains(text(),'Upcoming Events')]] for :18 seconds
INFO    2020-09-29 07:46:49,467 [TestNG-test=Test14-3] com.cpcommunity.PageObjects.BasePage  - [[ChromeDriver: chrome on XP (98a0065ffcc2a3adc2ca9dc9525629ba)] -> xpath: //a[contains(text(),'Upcoming Events')]]is displayed
INFO    2020-09-29 07:46:51,108 [TestNG-test=Test14-2] com.cpcommunity.PageObjects.BasePage  - waiting for :[[ChromeDriver: chrome on XP (f77714a7ae265f8c65bc9bb9af8a618c)] -> xpath: //a[contains(text(),'Upcoming Events')]] for :18 seconds
INFO    2020-09-29 07:46:51,164 [TestNG-test=Test14-2] com.cpcommunity.PageObjects.BasePage  - [[ChromeDriver: chrome on XP (f77714a7ae265f8c65bc9bb9af8a618c)] -> xpath: //a[contains(text(),'Upcoming Events')]]is displayed
INFO    2020-09-29 07:46:51,467 [TestNG-test=Test14-3] com.cpcommunity.PageObjects.BasePage  - Clicking on : Upcoming Events
INFO    2020-09-29 07:46:51,506 [TestNG-test=Test14-1] com.cpcommunity.PageObjects.BasePage  - Clicked[[ChromeDriver: chrome on XP (26e1bd1059527bd02ea70646094ce3ec)] -> xpath: //*[@id='navbar']//*[contains(text(),'Global Communities')]]
INFO    2020-09-29 07:46:52,821 [TestNG-test=Test14-4] com.cpcommunity.PageObjects.BasePage  - scrolling up vertically...
INFO    2020-09-29 07:46:53,164 [TestNG-test=Test14-2] com.cpcommunity.PageObjects.BasePage  - Clicking on : Upcoming Events
Date Format with dd MMMM yyyy : 29 Sep 2020
INFO    2020-09-29 07:46:54,532 [TestNG-test=Test14-5] com.cpcommunity.PageObjects.BasePage  - Typing in : eventName entered the value as : Paid event - 29 Sep 2020
INFO    2020-09-29 07:46:55,343 [TestNG-test=Test14-5] com.cpcommunity.PageObjects.BasePage  - Clicking on : Search
INFO    2020-09-29 07:46:55,912 [TestNG-test=Test14-1] com.cpcommunity.PageObjects.BasePage  - scrolling up vertically...
Date Format with dd MMMM yyyy : 29 Sep 2020
INFO    2020-09-29 07:46:57,917 [TestNG-test=Test14-4] com.cpcommunity.PageObjects.BasePage  - Typing in : eventName entered the value as : Paid event - 29 Sep 2020
INFO    2020-09-29 07:46:58,283 [TestNG-test=Test14-4] com.cpcommunity.PageObjects.BasePage  - Clicking on : Search
INFO    2020-09-29 07:46:58,462 [TestNG-test=Test14-3] com.cpcommunity.PageObjects.BasePage  - scrolling up vertically...
INFO    2020-09-29 07:46:59,275 [TestNG-test=Test14-2] com.cpcommunity.PageObjects.BasePage  - scrolling up vertically...
Date Format with dd MMMM yyyy : 29 Sep 2020
INFO    2020-09-29 07:47:01,031 [TestNG-test=Test14-1] com.cpcommunity.PageObjects.BasePage  - Typing in : search entered the value as : Community 1 - 29 Sep 2020
INFO    2020-09-29 07:47:01,418 [TestNG-test=Test14-1] com.cpcommunity.PageObjects.BasePage  - Clicking on : search Btn
Date Format with dd MMMM yyyy : 29 Sep 2020
INFO    2020-09-29 07:47:03,532 [TestNG-test=Test14-3] com.cpcommunity.PageObjects.BasePage  - Typing in : eventName entered the value as : Paid event - 29 Sep 2020
INFO    2020-09-29 07:47:03,623 [TestNG-test=Test14-1] com.cpcommunity.PageObjects.BasePage  - waiting for :[[ChromeDriver: chrome on XP (26e1bd1059527bd02ea70646094ce3ec)] -> xpath: //a[contains(text(),'Community 1 - 29 Sep 2020')]] for :18 seconds
INFO    2020-09-29 07:47:03,647 [TestNG-test=Test14-1] com.cpcommunity.PageObjects.BasePage  - [[ChromeDriver: chrome on XP (26e1bd1059527bd02ea70646094ce3ec)] -> xpath: //a[contains(text(),'Community 1 - 29 Sep 2020')]]is displayed
INFO    2020-09-29 07:47:03,808 [TestNG-test=Test14-3] com.cpcommunity.PageObjects.BasePage  - Clicking on : Search
Date Format with dd MMMM yyyy : 29 Sep 2020
INFO    2020-09-29 07:47:04,375 [TestNG-test=Test14-2] com.cpcommunity.PageObjects.BasePage  - Typing in : eventName entered the value as : Paid event - 29 Sep 2020
INFO    2020-09-29 07:47:04,727 [TestNG-test=Test14-2] com.cpcommunity.PageObjects.BasePage  - Clicking on : Search
INFO    2020-09-29 07:47:07,364 [TestNG-test=Test14-1] com.cpcommunity.PageObjects.BasePage  - scrolling up vertically...
INFO    2020-09-29 07:47:12,462 [TestNG-test=Test14-1] com.cpcommunity.PageObjects.BasePage  - scrolling up vertically...
]]></system-out>
    <system-err><![CDATA[Starting ChromeDriver 2.38.552522 (437e6fbedfa8762dec75e2c5b3ddb86763dc9dcb) on port 4062
Only local connections are allowed.
Starting ChromeDriver 2.38.552522 (437e6fbedfa8762dec75e2c5b3ddb86763dc9dcb) on port 16673
Only local connections are allowed.
Starting ChromeDriver 2.38.552522 (437e6fbedfa8762dec75e2c5b3ddb86763dc9dcb) on port 26106
Only local connections are allowed.
Starting ChromeDriver 2.38.552522 (437e6fbedfa8762dec75e2c5b3ddb86763dc9dcb) on port 28045
Only local connections are allowed.
Starting ChromeDriver 2.38.552522 (437e6fbedfa8762dec75e2c5b3ddb86763dc9dcb) on port 19206
Only local connections are allowed.
Sep 29, 2020 7:45:28 AM org.openqa.selenium.remote.ProtocolHandshake createSession
INFO: Detected dialect: OSS
Sep 29, 2020 7:45:29 AM org.openqa.selenium.remote.ProtocolHandshake createSession
INFO: Detected dialect: OSS
Sep 29, 2020 7:45:29 AM org.openqa.selenium.remote.ProtocolHandshake createSession
INFO: Detected dialect: OSS
Sep 29, 2020 7:45:29 AM org.openqa.selenium.remote.ProtocolHandshake createSession
INFO: Detected dialect: OSS
Sep 29, 2020 7:45:30 AM org.openqa.selenium.remote.ProtocolHandshake createSession
INFO: Detected dialect: OSS
Sep 29, 2020 7:45:41 AM org.openqa.selenium.remote.Augmenter extractRemoteWebDriver
WARNING: Augmenter should be applied to the instances of @Augmentable classes or previously augmented instances only (instance class was: class org.openqa.selenium.chrome.ChromeDriver)
Sep 29, 2020 7:45:41 AM org.openqa.selenium.remote.Augmenter extractRemoteWebDriver
WARNING: Augmenter should be applied to the instances of @Augmentable classes or previously augmented instances only (instance class was: class org.openqa.selenium.chrome.ChromeDriver)
Sep 29, 2020 7:45:41 AM org.openqa.selenium.remote.Augmenter extractRemoteWebDriver
WARNING: Augmenter should be applied to the instances of @Augmentable classes or previously augmented instances only (instance class was: class org.openqa.selenium.chrome.ChromeDriver)
Sep 29, 2020 7:45:41 AM org.openqa.selenium.remote.Augmenter extractRemoteWebDriver
WARNING: Augmenter should be applied to the instances of @Augmentable classes or previously augmented instances only (instance class was: class org.openqa.selenium.chrome.ChromeDriver)
Sep 29, 2020 7:45:41 AM org.openqa.selenium.remote.Augmenter extractRemoteWebDriver
WARNING: Augmenter should be applied to the instances of @Augmentable classes or previously augmented instances only (instance class was: class org.openqa.selenium.chrome.ChromeDriver)
Sep 29, 2020 7:45:43 AM org.openqa.selenium.remote.Augmenter extractRemoteWebDriver
WARNING: Augmenter should be applied to the instances of @Augmentable classes or previously augmented instances only (instance class was: class org.openqa.selenium.chrome.ChromeDriver)
Sep 29, 2020 7:45:44 AM org.openqa.selenium.remote.Augmenter extractRemoteWebDriver
WARNING: Augmenter should be applied to the instances of @Augmentable classes or previously augmented instances only (instance class was: class org.openqa.selenium.chrome.ChromeDriver)
Sep 29, 2020 7:45:44 AM org.openqa.selenium.remote.Augmenter extractRemoteWebDriver
WARNING: Augmenter should be applied to the instances of @Augmentable classes or previously augmented instances only (instance class was: class org.openqa.selenium.chrome.ChromeDriver)
Sep 29, 2020 7:45:44 AM org.openqa.selenium.remote.Augmenter extractRemoteWebDriver
WARNING: Augmenter should be applied to the instances of @Augmentable classes or previously augmented instances only (instance class was: class org.openqa.selenium.chrome.ChromeDriver)
Sep 29, 2020 7:45:44 AM org.openqa.selenium.remote.Augmenter extractRemoteWebDriver
WARNING: Augmenter should be applied to the instances of @Augmentable classes or previously augmented instances only (instance class was: class org.openqa.selenium.chrome.ChromeDriver)
Sep 29, 2020 7:45:45 AM org.openqa.selenium.remote.Augmenter extractRemoteWebDriver
WARNING: Augmenter should be applied to the instances of @Augmentable classes or previously augmented instances only (instance class was: class org.openqa.selenium.chrome.ChromeDriver)
Sep 29, 2020 7:45:46 AM org.openqa.selenium.remote.Augmenter extractRemoteWebDriver
WARNING: Augmenter should be applied to the instances of @Augmentable classes or previously augmented instances only (instance class was: class org.openqa.selenium.chrome.ChromeDriver)
Sep 29, 2020 7:45:46 AM org.openqa.selenium.remote.Augmenter extractRemoteWebDriver
WARNING: Augmenter should be applied to the instances of @Augmentable classes or previously augmented instances only (instance class was: class org.openqa.selenium.chrome.ChromeDriver)
Sep 29, 2020 7:45:46 AM org.openqa.selenium.remote.Augmenter extractRemoteWebDriver
WARNING: Augmenter should be applied to the instances of @Augmentable classes or previously augmented instances only (instance class was: class org.openqa.selenium.chrome.ChromeDriver)
Sep 29, 2020 7:45:46 AM org.openqa.selenium.remote.Augmenter extractRemoteWebDriver
WARNING: Augmenter should be applied to the instances of @Augmentable classes or previously augmented instances only (instance class was: class org.openqa.selenium.chrome.ChromeDriver)
Sep 29, 2020 7:46:02 AM org.openqa.selenium.remote.Augmenter extractRemoteWebDriver
WARNING: Augmenter should be applied to the instances of @Augmentable classes or previously augmented instances only (instance class was: class org.openqa.selenium.chrome.ChromeDriver)
Sep 29, 2020 7:46:02 AM org.openqa.selenium.remote.Augmenter extractRemoteWebDriver
WARNING: Augmenter should be applied to the instances of @Augmentable classes or previously augmented instances only (instance class was: class org.openqa.selenium.chrome.ChromeDriver)
Sep 29, 2020 7:46:03 AM org.openqa.selenium.remote.Augmenter extractRemoteWebDriver
WARNING: Augmenter should be applied to the instances of @Augmentable classes or previously augmented instances only (instance class was: class org.openqa.selenium.chrome.ChromeDriver)
Sep 29, 2020 7:46:03 AM org.openqa.selenium.remote.Augmenter extractRemoteWebDriver
WARNING: Augmenter should be applied to the instances of @Augmentable classes or previously augmented instances only (instance class was: class org.openqa.selenium.chrome.ChromeDriver)
Sep 29, 2020 7:46:03 AM org.openqa.selenium.remote.Augmenter extractRemoteWebDriver
WARNING: Augmenter should be applied to the instances of @Augmentable classes or previously augmented instances only (instance class was: class org.openqa.selenium.chrome.ChromeDriver)
Sep 29, 2020 7:46:04 AM org.openqa.selenium.remote.Augmenter extractRemoteWebDriver
WARNING: Augmenter should be applied to the instances of @Augmentable classes or previously augmented instances only (instance class was: class org.openqa.selenium.chrome.ChromeDriver)
Sep 29, 2020 7:46:04 AM org.openqa.selenium.remote.Augmenter extractRemoteWebDriver
WARNING: Augmenter should be applied to the instances of @Augmentable classes or previously augmented instances only (instance class was: class org.openqa.selenium.chrome.ChromeDriver)
Sep 29, 2020 7:46:04 AM org.openqa.selenium.remote.Augmenter extractRemoteWebDriver
WARNING: Augmenter should be applied to the instances of @Augmentable classes or previously augmented instances only (instance class was: class org.openqa.selenium.chrome.ChromeDriver)
Sep 29, 2020 7:46:04 AM org.openqa.selenium.remote.Augmenter extractRemoteWebDriver
WARNING: Augmenter should be applied to the instances of @Augmentable classes or previously augmented instances only (instance class was: class org.openqa.selenium.chrome.ChromeDriver)
Sep 29, 2020 7:46:04 AM org.openqa.selenium.remote.Augmenter extractRemoteWebDriver
WARNING: Augmenter should be applied to the instances of @Augmentable classes or previously augmented instances only (instance class was: class org.openqa.selenium.chrome.ChromeDriver)
Sep 29, 2020 7:46:21 AM org.openqa.selenium.remote.Augmenter extractRemoteWebDriver
WARNING: Augmenter should be applied to the instances of @Augmentable classes or previously augmented instances only (instance class was: class org.openqa.selenium.chrome.ChromeDriver)
Sep 29, 2020 7:46:24 AM org.openqa.selenium.remote.Augmenter extractRemoteWebDriver
WARNING: Augmenter should be applied to the instances of @Augmentable classes or previously augmented instances only (instance class was: class org.openqa.selenium.chrome.ChromeDriver)
Sep 29, 2020 7:46:27 AM org.openqa.selenium.remote.Augmenter extractRemoteWebDriver
WARNING: Augmenter should be applied to the instances of @Augmentable classes or previously augmented instances only (instance class was: class org.openqa.selenium.chrome.ChromeDriver)
Sep 29, 2020 7:46:28 AM org.openqa.selenium.remote.Augmenter extractRemoteWebDriver
WARNING: Augmenter should be applied to the instances of @Augmentable classes or previously augmented instances only (instance class was: class org.openqa.selenium.chrome.ChromeDriver)
Sep 29, 2020 7:46:28 AM org.openqa.selenium.remote.Augmenter extractRemoteWebDriver
WARNING: Augmenter should be applied to the instances of @Augmentable classes or previously augmented instances only (instance class was: class org.openqa.selenium.chrome.ChromeDriver)
Sep 29, 2020 7:46:32 AM org.openqa.selenium.remote.Augmenter extractRemoteWebDriver
WARNING: Augmenter should be applied to the instances of @Augmentable classes or previously augmented instances only (instance class was: class org.openqa.selenium.chrome.ChromeDriver)
Sep 29, 2020 7:46:33 AM org.openqa.selenium.remote.Augmenter extractRemoteWebDriver
WARNING: Augmenter should be applied to the instances of @Augmentable classes or previously augmented instances only (instance class was: class org.openqa.selenium.chrome.ChromeDriver)
Sep 29, 2020 7:46:33 AM org.openqa.selenium.remote.Augmenter extractRemoteWebDriver
WARNING: Augmenter should be applied to the instances of @Augmentable classes or previously augmented instances only (instance class was: class org.openqa.selenium.chrome.ChromeDriver)
Sep 29, 2020 7:46:36 AM org.openqa.selenium.remote.Augmenter extractRemoteWebDriver
WARNING: Augmenter should be applied to the instances of @Augmentable classes or previously augmented instances only (instance class was: class org.openqa.selenium.chrome.ChromeDriver)
Sep 29, 2020 7:46:36 AM org.openqa.selenium.remote.Augmenter extractRemoteWebDriver
WARNING: Augmenter should be applied to the instances of @Augmentable classes or previously augmented instances only (instance class was: class org.openqa.selenium.chrome.ChromeDriver)
Sep 29, 2020 7:46:37 AM org.openqa.selenium.remote.Augmenter extractRemoteWebDriver
WARNING: Augmenter should be applied to the instances of @Augmentable classes or previously augmented instances only (instance class was: class org.openqa.selenium.chrome.ChromeDriver)
Sep 29, 2020 7:46:38 AM org.openqa.selenium.remote.Augmenter extractRemoteWebDriver
WARNING: Augmenter should be applied to the instances of @Augmentable classes or previously augmented instances only (instance class was: class org.openqa.selenium.chrome.ChromeDriver)
Sep 29, 2020 7:46:40 AM org.openqa.selenium.remote.Augmenter extractRemoteWebDriver
WARNING: Augmenter should be applied to the instances of @Augmentable classes or previously augmented instances only (instance class was: class org.openqa.selenium.chrome.ChromeDriver)
Sep 29, 2020 7:46:41 AM org.openqa.selenium.remote.Augmenter extractRemoteWebDriver
WARNING: Augmenter should be applied to the instances of @Augmentable classes or previously augmented instances only (instance class was: class org.openqa.selenium.chrome.ChromeDriver)
Sep 29, 2020 7:46:42 AM org.openqa.selenium.remote.Augmenter extractRemoteWebDriver
WARNING: Augmenter should be applied to the instances of @Augmentable classes or previously augmented instances only (instance class was: class org.openqa.selenium.chrome.ChromeDriver)
Sep 29, 2020 7:46:44 AM org.openqa.selenium.remote.Augmenter extractRemoteWebDriver
WARNING: Augmenter should be applied to the instances of @Augmentable classes or previously augmented instances only (instance class was: class org.openqa.selenium.chrome.ChromeDriver)
Sep 29, 2020 7:46:45 AM org.openqa.selenium.remote.Augmenter extractRemoteWebDriver
WARNING: Augmenter should be applied to the instances of @Augmentable classes or previously augmented instances only (instance class was: class org.openqa.selenium.chrome.ChromeDriver)
Sep 29, 2020 7:46:47 AM org.openqa.selenium.remote.Augmenter extractRemoteWebDriver
WARNING: Augmenter should be applied to the instances of @Augmentable classes or previously augmented instances only (instance class was: class org.openqa.selenium.chrome.ChromeDriver)
Sep 29, 2020 7:46:50 AM org.openqa.selenium.remote.Augmenter extractRemoteWebDriver
WARNING: Augmenter should be applied to the instances of @Augmentable classes or previously augmented instances only (instance class was: class org.openqa.selenium.chrome.ChromeDriver)
Sep 29, 2020 7:46:51 AM org.openqa.selenium.remote.Augmenter extractRemoteWebDriver
WARNING: Augmenter should be applied to the instances of @Augmentable classes or previously augmented instances only (instance class was: class org.openqa.selenium.chrome.ChromeDriver)
Sep 29, 2020 7:46:52 AM org.openqa.selenium.remote.Augmenter extractRemoteWebDriver
WARNING: Augmenter should be applied to the instances of @Augmentable classes or previously augmented instances only (instance class was: class org.openqa.selenium.chrome.ChromeDriver)
Sep 29, 2020 7:46:54 AM org.openqa.selenium.remote.Augmenter extractRemoteWebDriver
WARNING: Augmenter should be applied to the instances of @Augmentable classes or previously augmented instances only (instance class was: class org.openqa.selenium.chrome.ChromeDriver)
Sep 29, 2020 7:46:55 AM org.openqa.selenium.remote.Augmenter extractRemoteWebDriver
WARNING: Augmenter should be applied to the instances of @Augmentable classes or previously augmented instances only (instance class was: class org.openqa.selenium.chrome.ChromeDriver)
Sep 29, 2020 7:46:56 AM org.openqa.selenium.remote.Augmenter extractRemoteWebDriver
WARNING: Augmenter should be applied to the instances of @Augmentable classes or previously augmented instances only (instance class was: class org.openqa.selenium.chrome.ChromeDriver)
Sep 29, 2020 7:46:57 AM org.openqa.selenium.remote.Augmenter extractRemoteWebDriver
WARNING: Augmenter should be applied to the instances of @Augmentable classes or previously augmented instances only (instance class was: class org.openqa.selenium.chrome.ChromeDriver)
Sep 29, 2020 7:46:58 AM org.openqa.selenium.remote.Augmenter extractRemoteWebDriver
WARNING: Augmenter should be applied to the instances of @Augmentable classes or previously augmented instances only (instance class was: class org.openqa.selenium.chrome.ChromeDriver)
Sep 29, 2020 7:47:09 AM org.openqa.selenium.remote.Augmenter extractRemoteWebDriver
WARNING: Augmenter should be applied to the instances of @Augmentable classes or previously augmented instances only (instance class was: class org.openqa.selenium.chrome.ChromeDriver)
Sep 29, 2020 7:47:11 AM org.openqa.selenium.remote.Augmenter extractRemoteWebDriver
WARNING: Augmenter should be applied to the instances of @Augmentable classes or previously augmented instances only (instance class was: class org.openqa.selenium.chrome.ChromeDriver)
]]></system-err>
  </testcase>
  <testcase name="TC145" classname="com.cpcommunity.testScripts.Event_Registrations.TC145_PromoCode_Event_Registration_With_PayPal_From_Event_Details_Page" time="2.171">
    <failure message="no such element: Unable to locate element: {&quot;method&quot;:&quot;xpath&quot;,&quot;selector&quot;:&quot;(//div[@ng-app=&apos;EventsApp&apos;]//*[@class=&apos;row&apos;]//a[@target=&apos;_blank&apos;])[1]&quot;}&#10;  (Session info: chrome=85.0.4183.121)&#10;  (Driver info: chromedriver=2.38.552522 (437e6fbedfa8762dec75e2c5b3ddb86763dc9dcb),platform=Windows NT 10.0.18362 x86_64) (WARNING: The server did not provide any stacktrace information)&#10;Command duration or timeout: 0 milliseconds&#10;For documentation on this error, please visit: http://seleniumhq.org/exceptions/no_such_element.html&#10;Build info: version: &apos;3.14.0&apos;, revision: &apos;aacccce0&apos;, time: &apos;2018-08-02T20:19:58.91Z&apos;&#10;System info: host: &apos;LAPTOP-65H8KDP8&apos;, ip: &apos;10.0.0.8&apos;, os.name: &apos;Windows 10&apos;, os.arch: &apos;amd64&apos;, os.version: &apos;10.0&apos;, java.version: &apos;1.8.0_251&apos;&#10;Driver info: org.openqa.selenium.chrome.ChromeDriver&#10;Capabilities {acceptInsecureCerts: false, acceptSslCerts: false, applicationCacheEnabled: false, browserConnectionEnabled: false, browserName: chrome, chrome: {chromedriverVersion: 2.38.552522 (437e6fbedfa876..., userDataDir: C:\Users\netwo\AppData\Loca...}, cssSelectorsEnabled: true, databaseEnabled: false, handlesAlerts: true, hasTouchScreen: false, javascriptEnabled: true, locationContextEnabled: true, mobileEmulationEnabled: false, nativeEvents: true, networkConnectionEnabled: false, pageLoadStrategy: normal, platform: XP, platformName: XP, rotatable: false, setWindowRect: true, takesHeapSnapshot: true, takesScreenshot: true, unexpectedAlertBehaviour: , unhandledPromptBehavior: , version: 85.0.4183.121, webStorageEnabled: true}&#10;Session ID: 12da111ee8fcb664a4761128675a7fa6&#10;*** Element info: {Using=xpath, value=(//div[@ng-app=&apos;EventsApp&apos;]//*[@class=&apos;row&apos;]//a[@target=&apos;_blank&apos;])[1]}" type="org.openqa.selenium.NoSuchElementException">org.openqa.selenium.NoSuchElementException: no such element: Unable to locate element: {"method":"xpath","selector":"(//div[@ng-app='EventsApp']//*[@class='row']//a[@target='_blank'])[1]"}
  (Session info: chrome=85.0.4183.121)
  (Driver info: chromedriver=2.38.552522 (437e6fbedfa8762dec75e2c5b3ddb86763dc9dcb),platform=Windows NT 10.0.18362 x86_64) (WARNING: The server did not provide any stacktrace information)
Command duration or timeout: 0 milliseconds
For documentation on this error, please visit: http://seleniumhq.org/exceptions/no_such_element.html
Build info: version: '3.14.0', revision: 'aacccce0', time: '2018-08-02T20:19:58.91Z'
System info: host: 'LAPTOP-65H8KDP8', ip: '10.0.0.8', os.name: 'Windows 10', os.arch: 'amd64', os.version: '10.0', java.version: '1.8.0_251'
Driver info: org.openqa.selenium.chrome.ChromeDriver
Capabilities {acceptInsecureCerts: false, acceptSslCerts: false, applicationCacheEnabled: false, browserConnectionEnabled: false, browserName: chrome, chrome: {chromedriverVersion: 2.38.552522 (437e6fbedfa876..., userDataDir: C:\Users\netwo\AppData\Loca...}, cssSelectorsEnabled: true, databaseEnabled: false, handlesAlerts: true, hasTouchScreen: false, javascriptEnabled: true, locationContextEnabled: true, mobileEmulationEnabled: false, nativeEvents: true, networkConnectionEnabled: false, pageLoadStrategy: normal, platform: XP, platformName: XP, rotatable: false, setWindowRect: true, takesHeapSnapshot: true, takesScreenshot: true, unexpectedAlertBehaviour: , unhandledPromptBehavior: , version: 85.0.4183.121, webStorageEnabled: true}
Session ID: 12da111ee8fcb664a4761128675a7fa6
*** Element info: {Using=xpath, value=(//div[@ng-app='EventsApp']//*[@class='row']//a[@target='_blank'])[1]}
	at sun.reflect.GeneratedConstructorAccessor73.newInstance(Unknown Source)
	at sun.reflect.DelegatingConstructorAccessorImpl.newInstance(DelegatingConstructorAccessorImpl.java:45)
	at java.lang.reflect.Constructor.newInstance(Constructor.java:423)
	at org.openqa.selenium.remote.ErrorHandler.createThrowable(ErrorHandler.java:214)
	at org.openqa.selenium.remote.ErrorHandler.throwIfResponseFailed(ErrorHandler.java:166)
	at org.openqa.selenium.remote.http.JsonHttpResponseCodec.reconstructValue(JsonHttpResponseCodec.java:40)
	at org.openqa.selenium.remote.http.AbstractHttpResponseCodec.decode(AbstractHttpResponseCodec.java:80)
	at org.openqa.selenium.remote.http.AbstractHttpResponseCodec.decode(AbstractHttpResponseCodec.java:44)
	at org.openqa.selenium.remote.HttpCommandExecutor.execute(HttpCommandExecutor.java:158)
	at org.openqa.selenium.remote.service.DriverCommandExecutor.execute(DriverCommandExecutor.java:83)
	at org.openqa.selenium.remote.RemoteWebDriver.execute(RemoteWebDriver.java:548)
	at org.openqa.selenium.remote.RemoteWebDriver.findElement(RemoteWebDriver.java:322)
	at org.openqa.selenium.remote.RemoteWebDriver.findElementByXPath(RemoteWebDriver.java:424)
	at org.openqa.selenium.By$ByXPath.findElement(By.java:353)
	at org.openqa.selenium.remote.RemoteWebDriver.findElement(RemoteWebDriver.java:314)
	at com.cpcommunity.PageObjects.UpcomingEventsPage.goToEventDetailsPage(UpcomingEventsPage.java:75)
	at com.cpcommunity.testScripts.Event_Registrations.TC145_PromoCode_Event_Registration_With_PayPal_From_Event_Details_Page.TC145(TC145_PromoCode_Event_Registration_With_PayPal_From_Event_Details_Page.java:30)
</failure>
    <system-out><![CDATA[INFO    2020-09-29 07:47:16,686 [TestNG-test=Test14-5] com.cpcommunity.testScripts.community.BaseTest  - Test Execution Completed !!!
Total rows are : 1167
Test case starts from row num: 864
Total rows of data are : 1
Total cols are : 13
@TestCase : TC147
INFO    2020-09-29 07:47:16,777 [TestNG-test=Test14-5] com.cpcommunity.testScripts.community.BaseTest  - Inside Login Test
{attendeeFirstName=, Test Descrption=TC147_100_Percent_PromoCode_Event_Registration_From_Event_Details_Page, promoCode1=PROMOA_, Runmode=Y, browser=chrome, eventName=Paid event -, communityName=Community -, email=brooksalex796@gmail.com, attendeLastName=, password=Admin@123, companyName=, payerEmailID=andrew74444@gmail.com, attendeeEmailID=curatora99@gmail.com}
Launching : chrome
]]></system-out>
    <system-err><![CDATA[Starting ChromeDriver 2.38.552522 (437e6fbedfa8762dec75e2c5b3ddb86763dc9dcb) on port 25040
Only local connections are allowed.
]]></system-err>
  </testcase>
  <testcase name="TC144" classname="com.cpcommunity.testScripts.Event_Registrations.TC144_Paid_Event_Registration_With_Authorize_From_Event_Details_Page" time="4.417">
    <failure message="no such element: Unable to locate element: {&quot;method&quot;:&quot;xpath&quot;,&quot;selector&quot;:&quot;(//div[@ng-app=&apos;EventsApp&apos;]//*[@class=&apos;row&apos;]//a[@target=&apos;_blank&apos;])[1]&quot;}&#10;  (Session info: chrome=85.0.4183.121)&#10;  (Driver info: chromedriver=2.38.552522 (437e6fbedfa8762dec75e2c5b3ddb86763dc9dcb),platform=Windows NT 10.0.18362 x86_64) (WARNING: The server did not provide any stacktrace information)&#10;Command duration or timeout: 0 milliseconds&#10;For documentation on this error, please visit: http://seleniumhq.org/exceptions/no_such_element.html&#10;Build info: version: &apos;3.14.0&apos;, revision: &apos;aacccce0&apos;, time: &apos;2018-08-02T20:19:58.91Z&apos;&#10;System info: host: &apos;LAPTOP-65H8KDP8&apos;, ip: &apos;10.0.0.8&apos;, os.name: &apos;Windows 10&apos;, os.arch: &apos;amd64&apos;, os.version: &apos;10.0&apos;, java.version: &apos;1.8.0_251&apos;&#10;Driver info: org.openqa.selenium.chrome.ChromeDriver&#10;Capabilities {acceptInsecureCerts: false, acceptSslCerts: false, applicationCacheEnabled: false, browserConnectionEnabled: false, browserName: chrome, chrome: {chromedriverVersion: 2.38.552522 (437e6fbedfa876..., userDataDir: C:\Users\netwo\AppData\Loca...}, cssSelectorsEnabled: true, databaseEnabled: false, handlesAlerts: true, hasTouchScreen: false, javascriptEnabled: true, locationContextEnabled: true, mobileEmulationEnabled: false, nativeEvents: true, networkConnectionEnabled: false, pageLoadStrategy: normal, platform: XP, platformName: XP, rotatable: false, setWindowRect: true, takesHeapSnapshot: true, takesScreenshot: true, unexpectedAlertBehaviour: , unhandledPromptBehavior: , version: 85.0.4183.121, webStorageEnabled: true}&#10;Session ID: 98a0065ffcc2a3adc2ca9dc9525629ba&#10;*** Element info: {Using=xpath, value=(//div[@ng-app=&apos;EventsApp&apos;]//*[@class=&apos;row&apos;]//a[@target=&apos;_blank&apos;])[1]}" type="org.openqa.selenium.NoSuchElementException">org.openqa.selenium.NoSuchElementException: no such element: Unable to locate element: {"method":"xpath","selector":"(//div[@ng-app='EventsApp']//*[@class='row']//a[@target='_blank'])[1]"}
  (Session info: chrome=85.0.4183.121)
  (Driver info: chromedriver=2.38.552522 (437e6fbedfa8762dec75e2c5b3ddb86763dc9dcb),platform=Windows NT 10.0.18362 x86_64) (WARNING: The server did not provide any stacktrace information)
Command duration or timeout: 0 milliseconds
For documentation on this error, please visit: http://seleniumhq.org/exceptions/no_such_element.html
Build info: version: '3.14.0', revision: 'aacccce0', time: '2018-08-02T20:19:58.91Z'
System info: host: 'LAPTOP-65H8KDP8', ip: '10.0.0.8', os.name: 'Windows 10', os.arch: 'amd64', os.version: '10.0', java.version: '1.8.0_251'
Driver info: org.openqa.selenium.chrome.ChromeDriver
Capabilities {acceptInsecureCerts: false, acceptSslCerts: false, applicationCacheEnabled: false, browserConnectionEnabled: false, browserName: chrome, chrome: {chromedriverVersion: 2.38.552522 (437e6fbedfa876..., userDataDir: C:\Users\netwo\AppData\Loca...}, cssSelectorsEnabled: true, databaseEnabled: false, handlesAlerts: true, hasTouchScreen: false, javascriptEnabled: true, locationContextEnabled: true, mobileEmulationEnabled: false, nativeEvents: true, networkConnectionEnabled: false, pageLoadStrategy: normal, platform: XP, platformName: XP, rotatable: false, setWindowRect: true, takesHeapSnapshot: true, takesScreenshot: true, unexpectedAlertBehaviour: , unhandledPromptBehavior: , version: 85.0.4183.121, webStorageEnabled: true}
Session ID: 98a0065ffcc2a3adc2ca9dc9525629ba
*** Element info: {Using=xpath, value=(//div[@ng-app='EventsApp']//*[@class='row']//a[@target='_blank'])[1]}
	at sun.reflect.GeneratedConstructorAccessor73.newInstance(Unknown Source)
	at sun.reflect.DelegatingConstructorAccessorImpl.newInstance(DelegatingConstructorAccessorImpl.java:45)
	at java.lang.reflect.Constructor.newInstance(Constructor.java:423)
	at org.openqa.selenium.remote.ErrorHandler.createThrowable(ErrorHandler.java:214)
	at org.openqa.selenium.remote.ErrorHandler.throwIfResponseFailed(ErrorHandler.java:166)
	at org.openqa.selenium.remote.http.JsonHttpResponseCodec.reconstructValue(JsonHttpResponseCodec.java:40)
	at org.openqa.selenium.remote.http.AbstractHttpResponseCodec.decode(AbstractHttpResponseCodec.java:80)
	at org.openqa.selenium.remote.http.AbstractHttpResponseCodec.decode(AbstractHttpResponseCodec.java:44)
	at org.openqa.selenium.remote.HttpCommandExecutor.execute(HttpCommandExecutor.java:158)
	at org.openqa.selenium.remote.service.DriverCommandExecutor.execute(DriverCommandExecutor.java:83)
	at org.openqa.selenium.remote.RemoteWebDriver.execute(RemoteWebDriver.java:548)
	at org.openqa.selenium.remote.RemoteWebDriver.findElement(RemoteWebDriver.java:322)
	at org.openqa.selenium.remote.RemoteWebDriver.findElementByXPath(RemoteWebDriver.java:424)
	at org.openqa.selenium.By$ByXPath.findElement(By.java:353)
	at org.openqa.selenium.remote.RemoteWebDriver.findElement(RemoteWebDriver.java:314)
	at com.cpcommunity.PageObjects.UpcomingEventsPage.goToEventDetailsPage(UpcomingEventsPage.java:75)
	at com.cpcommunity.testScripts.Event_Registrations.TC144_Paid_Event_Registration_With_Authorize_From_Event_Details_Page.TC144(TC144_Paid_Event_Registration_With_Authorize_From_Event_Details_Page.java:31)
</failure>
    <system-out><![CDATA[INFO    2020-09-29 07:47:19,836 [TestNG-test=Test14-4] com.cpcommunity.testScripts.community.BaseTest  - Test Execution Completed !!!
Total rows are : 1167
Test case starts from row num: 868
Total rows of data are : 1
Total cols are : 11
@TestCase : TC148
INFO    2020-09-29 07:47:20,038 [TestNG-test=Test14-4] com.cpcommunity.testScripts.community.BaseTest  - Inside Login Test
{attendeeFirstName=Andrew, Test Descrption=TC148_Free_Event_Registration_From_Event_Details_Page, Runmode=Y, browser=chrome, eventName=Free event -, email=andrew74444@gmail.com, attendeLastName=Thomson, password=Admin@123, companyName=PamTen, payerEmailID=andrew74444@gmail.com, attendeeEmailID=andrew74444@gmail.com}
Launching : chrome
ChromeDriver: chrome on XP (87bf1ad5e2fda0c9b2cc54c60441d8cd)
87bf1ad5e2fda0c9b2cc54c60441d8cd
INFO    2020-09-29 07:47:20,205 [TestNG-test=Test14-5] com.cpcommunity.testScripts.community.BaseTest  - Driver Initialized !!!
ChromeDriver: chrome on XP (f0c4727588ddf3e59e9d93bd7984893a)
f0c4727588ddf3e59e9d93bd7984893a
INFO    2020-09-29 07:47:23,294 [TestNG-test=Test14-4] com.cpcommunity.testScripts.community.BaseTest  - Driver Initialized !!!
]]></system-out>
    <system-err><![CDATA[Starting ChromeDriver 2.38.552522 (437e6fbedfa8762dec75e2c5b3ddb86763dc9dcb) on port 42249
Only local connections are allowed.
Sep 29, 2020 7:47:20 AM org.openqa.selenium.remote.ProtocolHandshake createSession
INFO: Detected dialect: OSS
Sep 29, 2020 7:47:23 AM org.openqa.selenium.remote.ProtocolHandshake createSession
INFO: Detected dialect: OSS
]]></system-err>
  </testcase>
  <testcase name="TC143" classname="com.cpcommunity.testScripts.Event_Registrations.TC143_Paid_Event_Registration_With_PayPal_From_Event_Details_Page" time="5.856">
    <failure message="no such element: Unable to locate element: {&quot;method&quot;:&quot;xpath&quot;,&quot;selector&quot;:&quot;(//div[@ng-app=&apos;EventsApp&apos;]//*[@class=&apos;row&apos;]//a[@target=&apos;_blank&apos;])[1]&quot;}&#10;  (Session info: chrome=85.0.4183.121)&#10;  (Driver info: chromedriver=2.38.552522 (437e6fbedfa8762dec75e2c5b3ddb86763dc9dcb),platform=Windows NT 10.0.18362 x86_64) (WARNING: The server did not provide any stacktrace information)&#10;Command duration or timeout: 0 milliseconds&#10;For documentation on this error, please visit: http://seleniumhq.org/exceptions/no_such_element.html&#10;Build info: version: &apos;3.14.0&apos;, revision: &apos;aacccce0&apos;, time: &apos;2018-08-02T20:19:58.91Z&apos;&#10;System info: host: &apos;LAPTOP-65H8KDP8&apos;, ip: &apos;10.0.0.8&apos;, os.name: &apos;Windows 10&apos;, os.arch: &apos;amd64&apos;, os.version: &apos;10.0&apos;, java.version: &apos;1.8.0_251&apos;&#10;Driver info: org.openqa.selenium.chrome.ChromeDriver&#10;Capabilities {acceptInsecureCerts: false, acceptSslCerts: false, applicationCacheEnabled: false, browserConnectionEnabled: false, browserName: chrome, chrome: {chromedriverVersion: 2.38.552522 (437e6fbedfa876..., userDataDir: C:\Users\netwo\AppData\Loca...}, cssSelectorsEnabled: true, databaseEnabled: false, handlesAlerts: true, hasTouchScreen: false, javascriptEnabled: true, locationContextEnabled: true, mobileEmulationEnabled: false, nativeEvents: true, networkConnectionEnabled: false, pageLoadStrategy: normal, platform: XP, platformName: XP, rotatable: false, setWindowRect: true, takesHeapSnapshot: true, takesScreenshot: true, unexpectedAlertBehaviour: , unhandledPromptBehavior: , version: 85.0.4183.121, webStorageEnabled: true}&#10;Session ID: f77714a7ae265f8c65bc9bb9af8a618c&#10;*** Element info: {Using=xpath, value=(//div[@ng-app=&apos;EventsApp&apos;]//*[@class=&apos;row&apos;]//a[@target=&apos;_blank&apos;])[1]}" type="org.openqa.selenium.NoSuchElementException">org.openqa.selenium.NoSuchElementException: no such element: Unable to locate element: {"method":"xpath","selector":"(//div[@ng-app='EventsApp']//*[@class='row']//a[@target='_blank'])[1]"}
  (Session info: chrome=85.0.4183.121)
  (Driver info: chromedriver=2.38.552522 (437e6fbedfa8762dec75e2c5b3ddb86763dc9dcb),platform=Windows NT 10.0.18362 x86_64) (WARNING: The server did not provide any stacktrace information)
Command duration or timeout: 0 milliseconds
For documentation on this error, please visit: http://seleniumhq.org/exceptions/no_such_element.html
Build info: version: '3.14.0', revision: 'aacccce0', time: '2018-08-02T20:19:58.91Z'
System info: host: 'LAPTOP-65H8KDP8', ip: '10.0.0.8', os.name: 'Windows 10', os.arch: 'amd64', os.version: '10.0', java.version: '1.8.0_251'
Driver info: org.openqa.selenium.chrome.ChromeDriver
Capabilities {acceptInsecureCerts: false, acceptSslCerts: false, applicationCacheEnabled: false, browserConnectionEnabled: false, browserName: chrome, chrome: {chromedriverVersion: 2.38.552522 (437e6fbedfa876..., userDataDir: C:\Users\netwo\AppData\Loca...}, cssSelectorsEnabled: true, databaseEnabled: false, handlesAlerts: true, hasTouchScreen: false, javascriptEnabled: true, locationContextEnabled: true, mobileEmulationEnabled: false, nativeEvents: true, networkConnectionEnabled: false, pageLoadStrategy: normal, platform: XP, platformName: XP, rotatable: false, setWindowRect: true, takesHeapSnapshot: true, takesScreenshot: true, unexpectedAlertBehaviour: , unhandledPromptBehavior: , version: 85.0.4183.121, webStorageEnabled: true}
Session ID: f77714a7ae265f8c65bc9bb9af8a618c
*** Element info: {Using=xpath, value=(//div[@ng-app='EventsApp']//*[@class='row']//a[@target='_blank'])[1]}
	at sun.reflect.GeneratedConstructorAccessor73.newInstance(Unknown Source)
	at sun.reflect.DelegatingConstructorAccessorImpl.newInstance(DelegatingConstructorAccessorImpl.java:45)
	at java.lang.reflect.Constructor.newInstance(Constructor.java:423)
	at org.openqa.selenium.remote.ErrorHandler.createThrowable(ErrorHandler.java:214)
	at org.openqa.selenium.remote.ErrorHandler.throwIfResponseFailed(ErrorHandler.java:166)
	at org.openqa.selenium.remote.http.JsonHttpResponseCodec.reconstructValue(JsonHttpResponseCodec.java:40)
	at org.openqa.selenium.remote.http.AbstractHttpResponseCodec.decode(AbstractHttpResponseCodec.java:80)
	at org.openqa.selenium.remote.http.AbstractHttpResponseCodec.decode(AbstractHttpResponseCodec.java:44)
	at org.openqa.selenium.remote.HttpCommandExecutor.execute(HttpCommandExecutor.java:158)
	at org.openqa.selenium.remote.service.DriverCommandExecutor.execute(DriverCommandExecutor.java:83)
	at org.openqa.selenium.remote.RemoteWebDriver.execute(RemoteWebDriver.java:548)
	at org.openqa.selenium.remote.RemoteWebDriver.findElement(RemoteWebDriver.java:322)
	at org.openqa.selenium.remote.RemoteWebDriver.findElementByXPath(RemoteWebDriver.java:424)
	at org.openqa.selenium.By$ByXPath.findElement(By.java:353)
	at org.openqa.selenium.remote.RemoteWebDriver.findElement(RemoteWebDriver.java:314)
	at com.cpcommunity.PageObjects.UpcomingEventsPage.goToEventDetailsPage(UpcomingEventsPage.java:75)
	at com.cpcommunity.testScripts.Event_Registrations.TC143_Paid_Event_Registration_With_PayPal_From_Event_Details_Page.TC143(TC143_Paid_Event_Registration_With_PayPal_From_Event_Details_Page.java:30)
</failure>
  </testcase>
  <testcase name="TC170" classname="com.cpcommunity.testScripts.community.TC170_Verify_Non_Member_Not_Able_Share_Posts_And_Like_Comment_in_Communities" time="28.998">
    <failure message="Expected condition failed: waiting for visibility of [[ChromeDriver: chrome on XP (26e1bd1059527bd02ea70646094ce3ec)] -&gt; xpath: (//*[contains(text(),&apos;Discussions&apos;)])[1]] (tried for 30 second(s) with 500 milliseconds interval)&#10;Build info: version: &apos;3.14.0&apos;, revision: &apos;aacccce0&apos;, time: &apos;2018-08-02T20:19:58.91Z&apos;&#10;System info: host: &apos;LAPTOP-65H8KDP8&apos;, ip: &apos;10.0.0.8&apos;, os.name: &apos;Windows 10&apos;, os.arch: &apos;amd64&apos;, os.version: &apos;10.0&apos;, java.version: &apos;1.8.0_251&apos;&#10;Driver info: org.openqa.selenium.chrome.ChromeDriver&#10;Capabilities {acceptInsecureCerts: false, acceptSslCerts: false, applicationCacheEnabled: false, browserConnectionEnabled: false, browserName: chrome, chrome: {chromedriverVersion: 2.38.552522 (437e6fbedfa876..., userDataDir: C:\Users\netwo\AppData\Loca...}, cssSelectorsEnabled: true, databaseEnabled: false, handlesAlerts: true, hasTouchScreen: false, javascriptEnabled: true, locationContextEnabled: true, mobileEmulationEnabled: false, nativeEvents: true, networkConnectionEnabled: false, pageLoadStrategy: normal, platform: XP, platformName: XP, rotatable: false, setWindowRect: true, takesHeapSnapshot: true, takesScreenshot: true, unexpectedAlertBehaviour: , unhandledPromptBehavior: , version: 85.0.4183.121, webStorageEnabled: true}&#10;Session ID: 26e1bd1059527bd02ea70646094ce3ec" type="org.openqa.selenium.TimeoutException">org.openqa.selenium.TimeoutException: Expected condition failed: waiting for visibility of [[ChromeDriver: chrome on XP (26e1bd1059527bd02ea70646094ce3ec)] -> xpath: (//*[contains(text(),'Discussions')])[1]] (tried for 30 second(s) with 500 milliseconds interval)
Build info: version: '3.14.0', revision: 'aacccce0', time: '2018-08-02T20:19:58.91Z'
System info: host: 'LAPTOP-65H8KDP8', ip: '10.0.0.8', os.name: 'Windows 10', os.arch: 'amd64', os.version: '10.0', java.version: '1.8.0_251'
Driver info: org.openqa.selenium.chrome.ChromeDriver
Capabilities {acceptInsecureCerts: false, acceptSslCerts: false, applicationCacheEnabled: false, browserConnectionEnabled: false, browserName: chrome, chrome: {chromedriverVersion: 2.38.552522 (437e6fbedfa876..., userDataDir: C:\Users\netwo\AppData\Loca...}, cssSelectorsEnabled: true, databaseEnabled: false, handlesAlerts: true, hasTouchScreen: false, javascriptEnabled: true, locationContextEnabled: true, mobileEmulationEnabled: false, nativeEvents: true, networkConnectionEnabled: false, pageLoadStrategy: normal, platform: XP, platformName: XP, rotatable: false, setWindowRect: true, takesHeapSnapshot: true, takesScreenshot: true, unexpectedAlertBehaviour: , unhandledPromptBehavior: , version: 85.0.4183.121, webStorageEnabled: true}
Session ID: 26e1bd1059527bd02ea70646094ce3ec
	at org.openqa.selenium.support.ui.WebDriverWait.timeoutException(WebDriverWait.java:113)
	at org.openqa.selenium.support.ui.FluentWait.until(FluentWait.java:283)
	at com.cpcommunity.PageObjects.BasePage.waitForPageToLoad(BasePage.java:94)
	at com.cpcommunity.PageObjects.BasePage.openPage(BasePage.java:80)
	at com.cpcommunity.PageObjects.CommunityDetailsPage.CheckNonMemberNotAbleTosharePosts(CommunityDetailsPage.java:462)
	at com.cpcommunity.testScripts.community.TC170_Verify_Non_Member_Not_Able_Share_Posts_And_Like_Comment_in_Communities.TC170(TC170_Verify_Non_Member_Not_Able_Share_Posts_And_Like_Comment_in_Communities.java:35)
</failure>
    <system-out><![CDATA[INFO    2020-09-29 07:47:26,520 [TestNG-test=Test14-3] com.cpcommunity.testScripts.community.BaseTest  - Test Execution Completed !!!
INFO    2020-09-29 07:47:27,876 [TestNG-test=Test14-2] com.cpcommunity.testScripts.community.BaseTest  - Test Execution Completed !!!
Page Opened
Page Opened
INFO    2020-09-29 07:47:36,182 [TestNG-test=Test14-4] com.cpcommunity.PageObjects.BasePage  - scrolling up vertically...
INFO    2020-09-29 07:47:36,205 [TestNG-test=Test14-5] com.cpcommunity.PageObjects.BasePage  - scrolling up vertically...
INFO    2020-09-29 07:47:41,253 [TestNG-test=Test14-4] com.cpcommunity.PageObjects.BasePage  - waiting for :[[ChromeDriver: chrome on XP (f0c4727588ddf3e59e9d93bd7984893a)] -> xpath: //a[contains(.,'Login')]] for :18 seconds
INFO    2020-09-29 07:47:41,305 [TestNG-test=Test14-4] com.cpcommunity.PageObjects.BasePage  - [[ChromeDriver: chrome on XP (f0c4727588ddf3e59e9d93bd7984893a)] -> xpath: //a[contains(.,'Login')]]is displayed
INFO    2020-09-29 07:47:41,318 [TestNG-test=Test14-5] com.cpcommunity.PageObjects.BasePage  - waiting for :[[ChromeDriver: chrome on XP (87bf1ad5e2fda0c9b2cc54c60441d8cd)] -> xpath: //a[contains(.,'Login')]] for :18 seconds
INFO    2020-09-29 07:47:41,347 [TestNG-test=Test14-5] com.cpcommunity.PageObjects.BasePage  - [[ChromeDriver: chrome on XP (87bf1ad5e2fda0c9b2cc54c60441d8cd)] -> xpath: //a[contains(.,'Login')]]is displayed
INFO    2020-09-29 07:47:44,306 [TestNG-test=Test14-4] com.cpcommunity.PageObjects.BasePage  - Clicking on : LOGIN
INFO    2020-09-29 07:47:44,348 [TestNG-test=Test14-5] com.cpcommunity.PageObjects.BasePage  - Clicking on : LOGIN
ChromeDriver: chrome on XP (f0c4727588ddf3e59e9d93bd7984893a)Login Page
ChromeDriver: chrome on XP (87bf1ad5e2fda0c9b2cc54c60441d8cd)Login Page
]]></system-out>
    <system-err><![CDATA[Sep 29, 2020 7:47:31 AM org.openqa.selenium.remote.Augmenter extractRemoteWebDriver
WARNING: Augmenter should be applied to the instances of @Augmentable classes or previously augmented instances only (instance class was: class org.openqa.selenium.chrome.ChromeDriver)
Sep 29, 2020 7:47:31 AM org.openqa.selenium.remote.Augmenter extractRemoteWebDriver
WARNING: Augmenter should be applied to the instances of @Augmentable classes or previously augmented instances only (instance class was: class org.openqa.selenium.chrome.ChromeDriver)
Sep 29, 2020 7:47:33 AM org.openqa.selenium.remote.Augmenter extractRemoteWebDriver
WARNING: Augmenter should be applied to the instances of @Augmentable classes or previously augmented instances only (instance class was: class org.openqa.selenium.chrome.ChromeDriver)
Sep 29, 2020 7:47:33 AM org.openqa.selenium.remote.Augmenter extractRemoteWebDriver
WARNING: Augmenter should be applied to the instances of @Augmentable classes or previously augmented instances only (instance class was: class org.openqa.selenium.chrome.ChromeDriver)
Sep 29, 2020 7:47:35 AM org.openqa.selenium.remote.Augmenter extractRemoteWebDriver
WARNING: Augmenter should be applied to the instances of @Augmentable classes or previously augmented instances only (instance class was: class org.openqa.selenium.chrome.ChromeDriver)
Sep 29, 2020 7:47:35 AM org.openqa.selenium.remote.Augmenter extractRemoteWebDriver
WARNING: Augmenter should be applied to the instances of @Augmentable classes or previously augmented instances only (instance class was: class org.openqa.selenium.chrome.ChromeDriver)
Sep 29, 2020 7:47:48 AM org.openqa.selenium.remote.Augmenter extractRemoteWebDriver
WARNING: Augmenter should be applied to the instances of @Augmentable classes or previously augmented instances only (instance class was: class org.openqa.selenium.chrome.ChromeDriver)
Sep 29, 2020 7:47:48 AM org.openqa.selenium.remote.Augmenter extractRemoteWebDriver
WARNING: Augmenter should be applied to the instances of @Augmentable classes or previously augmented instances only (instance class was: class org.openqa.selenium.chrome.ChromeDriver)
]]></system-err>
  </testcase>
  <testcase name="TC148" classname="com.cpcommunity.testScripts.Event_Registrations.TC148_Free_Event_Registration_From_Event_Details_Page" time="80.902">
    <failure message="no such element: Unable to locate element: {&quot;method&quot;:&quot;xpath&quot;,&quot;selector&quot;:&quot;(//div[@ng-app=&apos;EventsApp&apos;]//*[@class=&apos;row&apos;]//a[@target=&apos;_blank&apos;])[1]&quot;}&#10;  (Session info: chrome=85.0.4183.121)&#10;  (Driver info: chromedriver=2.38.552522 (437e6fbedfa8762dec75e2c5b3ddb86763dc9dcb),platform=Windows NT 10.0.18362 x86_64) (WARNING: The server did not provide any stacktrace information)&#10;Command duration or timeout: 0 milliseconds&#10;For documentation on this error, please visit: http://seleniumhq.org/exceptions/no_such_element.html&#10;Build info: version: &apos;3.14.0&apos;, revision: &apos;aacccce0&apos;, time: &apos;2018-08-02T20:19:58.91Z&apos;&#10;System info: host: &apos;LAPTOP-65H8KDP8&apos;, ip: &apos;10.0.0.8&apos;, os.name: &apos;Windows 10&apos;, os.arch: &apos;amd64&apos;, os.version: &apos;10.0&apos;, java.version: &apos;1.8.0_251&apos;&#10;Driver info: org.openqa.selenium.chrome.ChromeDriver&#10;Capabilities {acceptInsecureCerts: false, acceptSslCerts: false, applicationCacheEnabled: false, browserConnectionEnabled: false, browserName: chrome, chrome: {chromedriverVersion: 2.38.552522 (437e6fbedfa876..., userDataDir: C:\Users\netwo\AppData\Loca...}, cssSelectorsEnabled: true, databaseEnabled: false, handlesAlerts: true, hasTouchScreen: false, javascriptEnabled: true, locationContextEnabled: true, mobileEmulationEnabled: false, nativeEvents: true, networkConnectionEnabled: false, pageLoadStrategy: normal, platform: XP, platformName: XP, rotatable: false, setWindowRect: true, takesHeapSnapshot: true, takesScreenshot: true, unexpectedAlertBehaviour: , unhandledPromptBehavior: , version: 85.0.4183.121, webStorageEnabled: true}&#10;Session ID: f0c4727588ddf3e59e9d93bd7984893a&#10;*** Element info: {Using=xpath, value=(//div[@ng-app=&apos;EventsApp&apos;]//*[@class=&apos;row&apos;]//a[@target=&apos;_blank&apos;])[1]}" type="org.openqa.selenium.NoSuchElementException">org.openqa.selenium.NoSuchElementException: no such element: Unable to locate element: {"method":"xpath","selector":"(//div[@ng-app='EventsApp']//*[@class='row']//a[@target='_blank'])[1]"}
  (Session info: chrome=85.0.4183.121)
  (Driver info: chromedriver=2.38.552522 (437e6fbedfa8762dec75e2c5b3ddb86763dc9dcb),platform=Windows NT 10.0.18362 x86_64) (WARNING: The server did not provide any stacktrace information)
Command duration or timeout: 0 milliseconds
For documentation on this error, please visit: http://seleniumhq.org/exceptions/no_such_element.html
Build info: version: '3.14.0', revision: 'aacccce0', time: '2018-08-02T20:19:58.91Z'
System info: host: 'LAPTOP-65H8KDP8', ip: '10.0.0.8', os.name: 'Windows 10', os.arch: 'amd64', os.version: '10.0', java.version: '1.8.0_251'
Driver info: org.openqa.selenium.chrome.ChromeDriver
Capabilities {acceptInsecureCerts: false, acceptSslCerts: false, applicationCacheEnabled: false, browserConnectionEnabled: false, browserName: chrome, chrome: {chromedriverVersion: 2.38.552522 (437e6fbedfa876..., userDataDir: C:\Users\netwo\AppData\Loca...}, cssSelectorsEnabled: true, databaseEnabled: false, handlesAlerts: true, hasTouchScreen: false, javascriptEnabled: true, locationContextEnabled: true, mobileEmulationEnabled: false, nativeEvents: true, networkConnectionEnabled: false, pageLoadStrategy: normal, platform: XP, platformName: XP, rotatable: false, setWindowRect: true, takesHeapSnapshot: true, takesScreenshot: true, unexpectedAlertBehaviour: , unhandledPromptBehavior: , version: 85.0.4183.121, webStorageEnabled: true}
Session ID: f0c4727588ddf3e59e9d93bd7984893a
*** Element info: {Using=xpath, value=(//div[@ng-app='EventsApp']//*[@class='row']//a[@target='_blank'])[1]}
	at sun.reflect.GeneratedConstructorAccessor73.newInstance(Unknown Source)
	at sun.reflect.DelegatingConstructorAccessorImpl.newInstance(DelegatingConstructorAccessorImpl.java:45)
	at java.lang.reflect.Constructor.newInstance(Constructor.java:423)
	at org.openqa.selenium.remote.ErrorHandler.createThrowable(ErrorHandler.java:214)
	at org.openqa.selenium.remote.ErrorHandler.throwIfResponseFailed(ErrorHandler.java:166)
	at org.openqa.selenium.remote.http.JsonHttpResponseCodec.reconstructValue(JsonHttpResponseCodec.java:40)
	at org.openqa.selenium.remote.http.AbstractHttpResponseCodec.decode(AbstractHttpResponseCodec.java:80)
	at org.openqa.selenium.remote.http.AbstractHttpResponseCodec.decode(AbstractHttpResponseCodec.java:44)
	at org.openqa.selenium.remote.HttpCommandExecutor.execute(HttpCommandExecutor.java:158)
	at org.openqa.selenium.remote.service.DriverCommandExecutor.execute(DriverCommandExecutor.java:83)
	at org.openqa.selenium.remote.RemoteWebDriver.execute(RemoteWebDriver.java:548)
	at org.openqa.selenium.remote.RemoteWebDriver.findElement(RemoteWebDriver.java:322)
	at org.openqa.selenium.remote.RemoteWebDriver.findElementByXPath(RemoteWebDriver.java:424)
	at org.openqa.selenium.By$ByXPath.findElement(By.java:353)
	at org.openqa.selenium.remote.RemoteWebDriver.findElement(RemoteWebDriver.java:314)
	at com.cpcommunity.PageObjects.UpcomingEventsPage.goToEventDetailsPage(UpcomingEventsPage.java:75)
	at com.cpcommunity.testScripts.Event_Registrations.TC148_Free_Event_Registration_From_Event_Details_Page.TC148(TC148_Free_Event_Registration_From_Event_Details_Page.java:30)
</failure>
    <system-out><![CDATA[INFO    2020-09-29 07:47:49,742 [TestNG-test=Test14-1] com.cpcommunity.testScripts.community.BaseTest  - Test Execution Completed !!!
INFO    2020-09-29 07:47:50,043 [TestNG-test=Test14-4] com.cpcommunity.PageObjects.BasePage  - scrolling up vertically...
INFO    2020-09-29 07:47:50,146 [TestNG-test=Test14-5] com.cpcommunity.PageObjects.BasePage  - scrolling up vertically...
INFO    2020-09-29 07:47:55,058 [TestNG-test=Test14-4] com.cpcommunity.PageObjects.BasePage  - Typing in : email address entered the value as : andrew74444@gmail.com
INFO    2020-09-29 07:47:55,159 [TestNG-test=Test14-5] com.cpcommunity.PageObjects.BasePage  - Typing in : email address entered the value as : brooksalex796@gmail.com
INFO    2020-09-29 07:47:55,644 [TestNG-test=Test14-4] com.cpcommunity.PageObjects.BasePage  - Typing in : password entered the value as : Admin@123
INFO    2020-09-29 07:47:55,879 [TestNG-test=Test14-5] com.cpcommunity.PageObjects.BasePage  - Typing in : password entered the value as : Admin@123
INFO    2020-09-29 07:47:55,910 [TestNG-test=Test14-4] com.cpcommunity.PageObjects.BasePage  - Clicking on : Login
INFO    2020-09-29 07:47:56,223 [TestNG-test=Test14-5] com.cpcommunity.PageObjects.BasePage  - Clicking on : Login
INFO    2020-09-29 07:48:03,348 [TestNG-test=Test14-4] com.cpcommunity.PageObjects.BasePage  - scrolling up vertically...
INFO    2020-09-29 07:48:08,469 [TestNG-test=Test14-4] com.cpcommunity.PageObjects.BasePage  - waiting for :[[ChromeDriver: chrome on XP (f0c4727588ddf3e59e9d93bd7984893a)] -> xpath: //a[contains(text(),'Upcoming Events')]] for :18 seconds
INFO    2020-09-29 07:48:08,509 [TestNG-test=Test14-4] com.cpcommunity.PageObjects.BasePage  - [[ChromeDriver: chrome on XP (f0c4727588ddf3e59e9d93bd7984893a)] -> xpath: //a[contains(text(),'Upcoming Events')]]is displayed
INFO    2020-09-29 07:48:10,510 [TestNG-test=Test14-4] com.cpcommunity.PageObjects.BasePage  - Clicking on : Upcoming Events
INFO    2020-09-29 07:48:14,969 [TestNG-test=Test14-4] com.cpcommunity.PageObjects.BasePage  - scrolling up vertically...
Date Format with dd MMMM yyyy : 29 Sep 2020
INFO    2020-09-29 07:48:20,063 [TestNG-test=Test14-4] com.cpcommunity.PageObjects.BasePage  - Typing in : eventName entered the value as : Free event - 29 Sep 2020
INFO    2020-09-29 07:48:20,376 [TestNG-test=Test14-4] com.cpcommunity.PageObjects.BasePage  - Clicking on : Search
]]></system-out>
    <system-err><![CDATA[Sep 29, 2020 7:47:49 AM org.openqa.selenium.remote.Augmenter extractRemoteWebDriver
WARNING: Augmenter should be applied to the instances of @Augmentable classes or previously augmented instances only (instance class was: class org.openqa.selenium.chrome.ChromeDriver)
Sep 29, 2020 7:47:49 AM org.openqa.selenium.remote.Augmenter extractRemoteWebDriver
WARNING: Augmenter should be applied to the instances of @Augmentable classes or previously augmented instances only (instance class was: class org.openqa.selenium.chrome.ChromeDriver)
Sep 29, 2020 7:47:59 AM org.openqa.selenium.remote.Augmenter extractRemoteWebDriver
WARNING: Augmenter should be applied to the instances of @Augmentable classes or previously augmented instances only (instance class was: class org.openqa.selenium.chrome.ChromeDriver)
Sep 29, 2020 7:48:01 AM org.openqa.selenium.remote.Augmenter extractRemoteWebDriver
WARNING: Augmenter should be applied to the instances of @Augmentable classes or previously augmented instances only (instance class was: class org.openqa.selenium.chrome.ChromeDriver)
Sep 29, 2020 7:48:02 AM org.openqa.selenium.remote.Augmenter extractRemoteWebDriver
WARNING: Augmenter should be applied to the instances of @Augmentable classes or previously augmented instances only (instance class was: class org.openqa.selenium.chrome.ChromeDriver)
Sep 29, 2020 7:48:12 AM org.openqa.selenium.remote.Augmenter extractRemoteWebDriver
WARNING: Augmenter should be applied to the instances of @Augmentable classes or previously augmented instances only (instance class was: class org.openqa.selenium.chrome.ChromeDriver)
Sep 29, 2020 7:48:14 AM org.openqa.selenium.remote.Augmenter extractRemoteWebDriver
WARNING: Augmenter should be applied to the instances of @Augmentable classes or previously augmented instances only (instance class was: class org.openqa.selenium.chrome.ChromeDriver)
]]></system-err>
  </testcase>
  <testcase name="TC147" classname="com.cpcommunity.testScripts.Event_Registrations.TC147_100_Percent_PromoCode_Event_Registration_From_Event_Details_Page" time="158.008">
    <failure message="Expected condition failed: waiting for visibility of Proxy element for: AjaxElementLocator &apos;By.xpath: //*[contains(text(),&apos;MY ECOSYSTEM&apos;)]&apos; (tried for 30 second(s) with 500 milliseconds interval)" type="org.openqa.selenium.TimeoutException">org.openqa.selenium.TimeoutException: Expected condition failed: waiting for visibility of Proxy element for: AjaxElementLocator 'By.xpath: //*[contains(text(),'MY ECOSYSTEM')]' (tried for 30 second(s) with 500 milliseconds interval)
	at sun.reflect.GeneratedConstructorAccessor73.newInstance(Unknown Source)
	at sun.reflect.DelegatingConstructorAccessorImpl.newInstance(DelegatingConstructorAccessorImpl.java:45)
	at java.lang.reflect.Constructor.newInstance(Constructor.java:423)
	at org.openqa.selenium.remote.ErrorHandler.createThrowable(ErrorHandler.java:214)
	at org.openqa.selenium.remote.ErrorHandler.throwIfResponseFailed(ErrorHandler.java:166)
	at org.openqa.selenium.remote.http.JsonHttpResponseCodec.reconstructValue(JsonHttpResponseCodec.java:40)
	at org.openqa.selenium.remote.http.AbstractHttpResponseCodec.decode(AbstractHttpResponseCodec.java:80)
	at org.openqa.selenium.remote.http.AbstractHttpResponseCodec.decode(AbstractHttpResponseCodec.java:44)
	at org.openqa.selenium.remote.HttpCommandExecutor.execute(HttpCommandExecutor.java:158)
	at org.openqa.selenium.remote.service.DriverCommandExecutor.execute(DriverCommandExecutor.java:83)
	at org.openqa.selenium.remote.RemoteWebDriver.execute(RemoteWebDriver.java:548)
	at org.openqa.selenium.remote.RemoteWebDriver.findElement(RemoteWebDriver.java:322)
	at org.openqa.selenium.remote.RemoteWebDriver.findElementByXPath(RemoteWebDriver.java:424)
	at org.openqa.selenium.By$ByXPath.findElement(By.java:353)
	at org.openqa.selenium.remote.RemoteWebDriver.findElement(RemoteWebDriver.java:314)
	at org.openqa.selenium.support.pagefactory.DefaultElementLocator.findElement(DefaultElementLocator.java:69)
	at org.openqa.selenium.support.pagefactory.AjaxElementLocator.access$001(AjaxElementLocator.java:39)
	at org.openqa.selenium.support.pagefactory.AjaxElementLocator$SlowLoadingElement.isLoaded(AjaxElementLocator.java:194)
	at org.openqa.selenium.support.ui.SlowLoadableComponent.get(SlowLoadableComponent.java:78)
	at org.openqa.selenium.support.pagefactory.AjaxElementLocator.findElement(AjaxElementLocator.java:119)
	at org.openqa.selenium.support.pagefactory.internal.LocatingElementHandler.invoke(LocatingElementHandler.java:38)
	at com.sun.proxy.$Proxy9.isDisplayed(Unknown Source)
	at org.openqa.selenium.support.ui.ExpectedConditions.elementIfVisible(ExpectedConditions.java:315)
	at org.openqa.selenium.support.ui.ExpectedConditions.access$100(ExpectedConditions.java:44)
	at org.openqa.selenium.support.ui.ExpectedConditions$10.apply(ExpectedConditions.java:301)
	at org.openqa.selenium.support.ui.ExpectedConditions$10.apply(ExpectedConditions.java:298)
	at org.openqa.selenium.support.ui.FluentWait.until(FluentWait.java:260)
	at com.cpcommunity.PageObjects.BasePage.waitForPageToLoad(BasePage.java:94)
	at com.cpcommunity.PageObjects.BasePage.openPage(BasePage.java:80)
	at com.cpcommunity.PageObjects.LoginPage.loginToApplication(LoginPage.java:90)
	at com.cpcommunity.testScripts.Event_Registrations.TC147_100_Percent_PromoCode_Event_Registration_From_Event_Details_Page.TC147(TC147_100_Percent_PromoCode_Event_Registration_From_Event_Details_Page.java:27)
</failure>
    <system-out><![CDATA[INFO    2020-09-29 07:48:41,647 [TestNG-test=Test14-4] com.cpcommunity.testScripts.community.BaseTest  - Test Execution Completed !!!
]]></system-out>
  </testcase>
  <testcase name="TC099" classname="com.cpcommunity.testScripts.community.TC099_InActivate_Community_By_Community_Admin" time="77.155">
    <failure message="element not visible&#10;  (Session info: chrome=85.0.4183.121)&#10;  (Driver info: chromedriver=2.38.552522 (437e6fbedfa8762dec75e2c5b3ddb86763dc9dcb),platform=Windows NT 10.0.18362 x86_64) (WARNING: The server did not provide any stacktrace information)&#10;Command duration or timeout: 0 milliseconds&#10;Build info: version: &apos;3.14.0&apos;, revision: &apos;aacccce0&apos;, time: &apos;2018-08-02T20:19:58.91Z&apos;&#10;System info: host: &apos;LAPTOP-65H8KDP8&apos;, ip: &apos;10.0.0.8&apos;, os.name: &apos;Windows 10&apos;, os.arch: &apos;amd64&apos;, os.version: &apos;10.0&apos;, java.version: &apos;1.8.0_251&apos;&#10;Driver info: org.openqa.selenium.chrome.ChromeDriver&#10;Capabilities {acceptInsecureCerts: false, acceptSslCerts: false, applicationCacheEnabled: false, browserConnectionEnabled: false, browserName: chrome, chrome: {chromedriverVersion: 2.38.552522 (437e6fbedfa876..., userDataDir: C:\Users\netwo\AppData\Loca...}, cssSelectorsEnabled: true, databaseEnabled: false, handlesAlerts: true, hasTouchScreen: false, javascriptEnabled: true, locationContextEnabled: true, mobileEmulationEnabled: false, nativeEvents: true, networkConnectionEnabled: false, pageLoadStrategy: normal, platform: XP, platformName: XP, rotatable: false, setWindowRect: true, takesHeapSnapshot: true, takesScreenshot: true, unexpectedAlertBehaviour: , unhandledPromptBehavior: , version: 85.0.4183.121, webStorageEnabled: true}&#10;Session ID: dd8b2c07c86adc600dccd873a01e26a2" type="org.openqa.selenium.ElementNotVisibleException">org.openqa.selenium.ElementNotVisibleException: element not visible
  (Session info: chrome=85.0.4183.121)
  (Driver info: chromedriver=2.38.552522 (437e6fbedfa8762dec75e2c5b3ddb86763dc9dcb),platform=Windows NT 10.0.18362 x86_64) (WARNING: The server did not provide any stacktrace information)
Command duration or timeout: 0 milliseconds
Build info: version: '3.14.0', revision: 'aacccce0', time: '2018-08-02T20:19:58.91Z'
System info: host: 'LAPTOP-65H8KDP8', ip: '10.0.0.8', os.name: 'Windows 10', os.arch: 'amd64', os.version: '10.0', java.version: '1.8.0_251'
Driver info: org.openqa.selenium.chrome.ChromeDriver
Capabilities {acceptInsecureCerts: false, acceptSslCerts: false, applicationCacheEnabled: false, browserConnectionEnabled: false, browserName: chrome, chrome: {chromedriverVersion: 2.38.552522 (437e6fbedfa876..., userDataDir: C:\Users\netwo\AppData\Loca...}, cssSelectorsEnabled: true, databaseEnabled: false, handlesAlerts: true, hasTouchScreen: false, javascriptEnabled: true, locationContextEnabled: true, mobileEmulationEnabled: false, nativeEvents: true, networkConnectionEnabled: false, pageLoadStrategy: normal, platform: XP, platformName: XP, rotatable: false, setWindowRect: true, takesHeapSnapshot: true, takesScreenshot: true, unexpectedAlertBehaviour: , unhandledPromptBehavior: , version: 85.0.4183.121, webStorageEnabled: true}
Session ID: dd8b2c07c86adc600dccd873a01e26a2
	at sun.reflect.NativeConstructorAccessorImpl.newInstance0(Native Method)
	at sun.reflect.NativeConstructorAccessorImpl.newInstance(NativeConstructorAccessorImpl.java:62)
	at sun.reflect.DelegatingConstructorAccessorImpl.newInstance(DelegatingConstructorAccessorImpl.java:45)
	at java.lang.reflect.Constructor.newInstance(Constructor.java:423)
	at org.openqa.selenium.remote.ErrorHandler.createThrowable(ErrorHandler.java:214)
	at org.openqa.selenium.remote.ErrorHandler.throwIfResponseFailed(ErrorHandler.java:166)
	at org.openqa.selenium.remote.http.JsonHttpResponseCodec.reconstructValue(JsonHttpResponseCodec.java:40)
	at org.openqa.selenium.remote.http.AbstractHttpResponseCodec.decode(AbstractHttpResponseCodec.java:80)
	at org.openqa.selenium.remote.http.AbstractHttpResponseCodec.decode(AbstractHttpResponseCodec.java:44)
	at org.openqa.selenium.remote.HttpCommandExecutor.execute(HttpCommandExecutor.java:158)
	at org.openqa.selenium.remote.service.DriverCommandExecutor.execute(DriverCommandExecutor.java:83)
	at org.openqa.selenium.remote.RemoteWebDriver.execute(RemoteWebDriver.java:548)
	at org.openqa.selenium.remote.RemoteWebElement.execute(RemoteWebElement.java:276)
	at org.openqa.selenium.remote.RemoteWebElement.click(RemoteWebElement.java:83)
	at sun.reflect.GeneratedMethodAccessor4.invoke(Unknown Source)
	at sun.reflect.DelegatingMethodAccessorImpl.invoke(DelegatingMethodAccessorImpl.java:43)
	at java.lang.reflect.Method.invoke(Method.java:498)
	at org.openqa.selenium.support.pagefactory.internal.LocatingElementHandler.invoke(LocatingElementHandler.java:51)
	at com.sun.proxy.$Proxy9.click(Unknown Source)
	at com.cpcommunity.PageObjects.BasePage.click(BasePage.java:198)
	at com.cpcommunity.PageObjects.CommunityDashboardPage.navigateToEditCommunityPage(CommunityDashboardPage.java:201)
	at com.cpcommunity.testScripts.community.TC099_InActivate_Community_By_Community_Admin.TC099(TC099_InActivate_Community_By_Community_Admin.java:36)
</failure>
    <system-out><![CDATA[INFO    2020-09-29 07:49:58,574 [TestNG-test=Test14-5] com.cpcommunity.testScripts.community.BaseTest  - Test Execution Completed !!!
Total rows are : 1167
Test case starts from row num: 560
Total rows of data are : 1
Total cols are : 6
@TestCase : TC099
INFO    2020-09-29 07:49:58,776 [TestNG-test=Test15-1] com.cpcommunity.testScripts.community.BaseTest  - Inside Login Test
Launching : chrome
ChromeDriver: chrome on XP (dd8b2c07c86adc600dccd873a01e26a2)
dd8b2c07c86adc600dccd873a01e26a2
INFO    2020-09-29 07:50:02,129 [TestNG-test=Test15-1] com.cpcommunity.testScripts.community.BaseTest  - Driver Initialized !!!
Page Opened
INFO    2020-09-29 07:50:11,169 [TestNG-test=Test15-1] com.cpcommunity.PageObjects.BasePage  - scrolling up vertically...
INFO    2020-09-29 07:50:16,216 [TestNG-test=Test15-1] com.cpcommunity.PageObjects.BasePage  - waiting for :[[ChromeDriver: chrome on XP (dd8b2c07c86adc600dccd873a01e26a2)] -> xpath: //a[contains(.,'Login')]] for :18 seconds
INFO    2020-09-29 07:50:16,246 [TestNG-test=Test15-1] com.cpcommunity.PageObjects.BasePage  - [[ChromeDriver: chrome on XP (dd8b2c07c86adc600dccd873a01e26a2)] -> xpath: //a[contains(.,'Login')]]is displayed
INFO    2020-09-29 07:50:19,247 [TestNG-test=Test15-1] com.cpcommunity.PageObjects.BasePage  - Clicking on : LOGIN
ChromeDriver: chrome on XP (dd8b2c07c86adc600dccd873a01e26a2)Login Page
INFO    2020-09-29 07:50:23,549 [TestNG-test=Test15-1] com.cpcommunity.PageObjects.BasePage  - scrolling up vertically...
INFO    2020-09-29 07:50:28,558 [TestNG-test=Test15-1] com.cpcommunity.PageObjects.BasePage  - Typing in : email address entered the value as : andrew74444@gmail.com
INFO    2020-09-29 07:50:28,914 [TestNG-test=Test15-1] com.cpcommunity.PageObjects.BasePage  - Typing in : password entered the value as : Admin@123
INFO    2020-09-29 07:50:29,085 [TestNG-test=Test15-1] com.cpcommunity.PageObjects.BasePage  - Clicking on : Login
INFO    2020-09-29 07:50:35,807 [TestNG-test=Test15-1] com.cpcommunity.PageObjects.BasePage  - scrolling up vertically...
INFO    2020-09-29 07:50:40,843 [TestNG-test=Test15-1] com.cpcommunity.PageObjects.BasePage  - Clicking on : view All
INFO    2020-09-29 07:50:45,265 [TestNG-test=Test15-1] com.cpcommunity.PageObjects.BasePage  - scrolling up vertically...
Date Format with dd MMMM yyyy : 29 Sep 2020
INFO    2020-09-29 07:50:50,318 [TestNG-test=Test15-1] com.cpcommunity.PageObjects.BasePage  - waiting for :[[ChromeDriver: chrome on XP (dd8b2c07c86adc600dccd873a01e26a2)] -> xpath: //input[@placeholder='Search by Community Name']] for :18 seconds
INFO    2020-09-29 07:50:50,352 [TestNG-test=Test15-1] com.cpcommunity.PageObjects.BasePage  - [[ChromeDriver: chrome on XP (dd8b2c07c86adc600dccd873a01e26a2)] -> xpath: //input[@placeholder='Search by Community Name']]is displayed
INFO    2020-09-29 07:50:52,636 [TestNG-test=Test15-1] com.cpcommunity.PageObjects.BasePage  - Typing in : Search by Community entered the value as : Community - 29 Sep 2020
INFO    2020-09-29 07:50:52,864 [TestNG-test=Test15-1] com.cpcommunity.PageObjects.BasePage  - Clicking on : search btn
INFO    2020-09-29 07:50:58,991 [TestNG-test=Test15-1] com.cpcommunity.PageObjects.BasePage  - waiting for :[[ChromeDriver: chrome on XP (dd8b2c07c86adc600dccd873a01e26a2)] -> xpath: //a[@tooltip='Community - 29 Sep 2020']] for :18 seconds
INFO    2020-09-29 07:50:59,003 [TestNG-test=Test15-1] com.cpcommunity.PageObjects.BasePage  - [[ChromeDriver: chrome on XP (dd8b2c07c86adc600dccd873a01e26a2)] -> xpath: //a[@tooltip='Community - 29 Sep 2020']]is displayed
INFO    2020-09-29 07:51:01,300 [TestNG-test=Test15-1] com.cpcommunity.PageObjects.BasePage  - Clicking on : Manage
INFO    2020-09-29 07:51:03,239 [TestNG-test=Test15-1] com.cpcommunity.PageObjects.BasePage  - waiting for :[[ChromeDriver: chrome on XP (dd8b2c07c86adc600dccd873a01e26a2)] -> xpath: //h2[contains(text(),'Dashboard')]] for :18 seconds
INFO    2020-09-29 07:51:03,273 [TestNG-test=Test15-1] com.cpcommunity.PageObjects.BasePage  - [[ChromeDriver: chrome on XP (dd8b2c07c86adc600dccd873a01e26a2)] -> xpath: //h2[contains(text(),'Dashboard')]]is displayed
INFO    2020-09-29 07:51:09,453 [TestNG-test=Test15-1] com.cpcommunity.PageObjects.BasePage  - scrolling up vertically...
INFO    2020-09-29 07:51:14,460 [TestNG-test=Test15-1] com.cpcommunity.PageObjects.BasePage  - Clicking on : manage
INFO    2020-09-29 07:51:15,565 [TestNG-test=Test15-1] com.cpcommunity.PageObjects.BasePage  - Clicking on : EditCommunity
]]></system-out>
    <system-err><![CDATA[Starting ChromeDriver 2.38.552522 (437e6fbedfa8762dec75e2c5b3ddb86763dc9dcb) on port 10833
Only local connections are allowed.
Sep 29, 2020 7:50:02 AM org.openqa.selenium.remote.ProtocolHandshake createSession
INFO: Detected dialect: OSS
Sep 29, 2020 7:50:07 AM org.openqa.selenium.remote.Augmenter extractRemoteWebDriver
WARNING: Augmenter should be applied to the instances of @Augmentable classes or previously augmented instances only (instance class was: class org.openqa.selenium.chrome.ChromeDriver)
Sep 29, 2020 7:50:08 AM org.openqa.selenium.remote.Augmenter extractRemoteWebDriver
WARNING: Augmenter should be applied to the instances of @Augmentable classes or previously augmented instances only (instance class was: class org.openqa.selenium.chrome.ChromeDriver)
Sep 29, 2020 7:50:10 AM org.openqa.selenium.remote.Augmenter extractRemoteWebDriver
WARNING: Augmenter should be applied to the instances of @Augmentable classes or previously augmented instances only (instance class was: class org.openqa.selenium.chrome.ChromeDriver)
Sep 29, 2020 7:50:21 AM org.openqa.selenium.remote.Augmenter extractRemoteWebDriver
WARNING: Augmenter should be applied to the instances of @Augmentable classes or previously augmented instances only (instance class was: class org.openqa.selenium.chrome.ChromeDriver)
Sep 29, 2020 7:50:23 AM org.openqa.selenium.remote.Augmenter extractRemoteWebDriver
WARNING: Augmenter should be applied to the instances of @Augmentable classes or previously augmented instances only (instance class was: class org.openqa.selenium.chrome.ChromeDriver)
Sep 29, 2020 7:50:32 AM org.openqa.selenium.remote.Augmenter extractRemoteWebDriver
WARNING: Augmenter should be applied to the instances of @Augmentable classes or previously augmented instances only (instance class was: class org.openqa.selenium.chrome.ChromeDriver)
Sep 29, 2020 7:50:33 AM org.openqa.selenium.remote.Augmenter extractRemoteWebDriver
WARNING: Augmenter should be applied to the instances of @Augmentable classes or previously augmented instances only (instance class was: class org.openqa.selenium.chrome.ChromeDriver)
Sep 29, 2020 7:50:35 AM org.openqa.selenium.remote.Augmenter extractRemoteWebDriver
WARNING: Augmenter should be applied to the instances of @Augmentable classes or previously augmented instances only (instance class was: class org.openqa.selenium.chrome.ChromeDriver)
Sep 29, 2020 7:50:43 AM org.openqa.selenium.remote.Augmenter extractRemoteWebDriver
WARNING: Augmenter should be applied to the instances of @Augmentable classes or previously augmented instances only (instance class was: class org.openqa.selenium.chrome.ChromeDriver)
Sep 29, 2020 7:50:44 AM org.openqa.selenium.remote.Augmenter extractRemoteWebDriver
WARNING: Augmenter should be applied to the instances of @Augmentable classes or previously augmented instances only (instance class was: class org.openqa.selenium.chrome.ChromeDriver)
Sep 29, 2020 7:51:06 AM org.openqa.selenium.remote.Augmenter extractRemoteWebDriver
WARNING: Augmenter should be applied to the instances of @Augmentable classes or previously augmented instances only (instance class was: class org.openqa.selenium.chrome.ChromeDriver)
Sep 29, 2020 7:51:07 AM org.openqa.selenium.remote.Augmenter extractRemoteWebDriver
WARNING: Augmenter should be applied to the instances of @Augmentable classes or previously augmented instances only (instance class was: class org.openqa.selenium.chrome.ChromeDriver)
Sep 29, 2020 7:51:08 AM org.openqa.selenium.remote.Augmenter extractRemoteWebDriver
WARNING: Augmenter should be applied to the instances of @Augmentable classes or previously augmented instances only (instance class was: class org.openqa.selenium.chrome.ChromeDriver)
]]></system-err>
  </testcase>
  <testcase name="TC041ToTC046" classname="com.cpcommunity.testScripts.community.TC168_Verify_InActivated_Community_Is_Not_Displayed_In_Global_Communities" time="30.79">
    <failure message="unknown error: keys should be a string&#10;  (Session info: chrome=85.0.4183.121)&#10;  (Driver info: chromedriver=2.38.552522 (437e6fbedfa8762dec75e2c5b3ddb86763dc9dcb),platform=Windows NT 10.0.18362 x86_64) (WARNING: The server did not provide any stacktrace information)&#10;Command duration or timeout: 0 milliseconds&#10;Build info: version: &apos;3.14.0&apos;, revision: &apos;aacccce0&apos;, time: &apos;2018-08-02T20:19:58.91Z&apos;&#10;System info: host: &apos;LAPTOP-65H8KDP8&apos;, ip: &apos;10.0.0.8&apos;, os.name: &apos;Windows 10&apos;, os.arch: &apos;amd64&apos;, os.version: &apos;10.0&apos;, java.version: &apos;1.8.0_251&apos;&#10;Driver info: org.openqa.selenium.chrome.ChromeDriver&#10;Capabilities {acceptInsecureCerts: false, acceptSslCerts: false, applicationCacheEnabled: false, browserConnectionEnabled: false, browserName: chrome, chrome: {chromedriverVersion: 2.38.552522 (437e6fbedfa876..., userDataDir: C:\Users\netwo\AppData\Loca...}, cssSelectorsEnabled: true, databaseEnabled: false, handlesAlerts: true, hasTouchScreen: false, javascriptEnabled: true, locationContextEnabled: true, mobileEmulationEnabled: false, nativeEvents: true, networkConnectionEnabled: false, pageLoadStrategy: normal, platform: XP, platformName: XP, rotatable: false, setWindowRect: true, takesHeapSnapshot: true, takesScreenshot: true, unexpectedAlertBehaviour: , unhandledPromptBehavior: , version: 85.0.4183.121, webStorageEnabled: true}&#10;Session ID: c016d5478c9c8bf7102be9a4ced95e60" type="org.openqa.selenium.WebDriverException">org.openqa.selenium.WebDriverException: unknown error: keys should be a string
  (Session info: chrome=85.0.4183.121)
  (Driver info: chromedriver=2.38.552522 (437e6fbedfa8762dec75e2c5b3ddb86763dc9dcb),platform=Windows NT 10.0.18362 x86_64) (WARNING: The server did not provide any stacktrace information)
Command duration or timeout: 0 milliseconds
Build info: version: '3.14.0', revision: 'aacccce0', time: '2018-08-02T20:19:58.91Z'
System info: host: 'LAPTOP-65H8KDP8', ip: '10.0.0.8', os.name: 'Windows 10', os.arch: 'amd64', os.version: '10.0', java.version: '1.8.0_251'
Driver info: org.openqa.selenium.chrome.ChromeDriver
Capabilities {acceptInsecureCerts: false, acceptSslCerts: false, applicationCacheEnabled: false, browserConnectionEnabled: false, browserName: chrome, chrome: {chromedriverVersion: 2.38.552522 (437e6fbedfa876..., userDataDir: C:\Users\netwo\AppData\Loca...}, cssSelectorsEnabled: true, databaseEnabled: false, handlesAlerts: true, hasTouchScreen: false, javascriptEnabled: true, locationContextEnabled: true, mobileEmulationEnabled: false, nativeEvents: true, networkConnectionEnabled: false, pageLoadStrategy: normal, platform: XP, platformName: XP, rotatable: false, setWindowRect: true, takesHeapSnapshot: true, takesScreenshot: true, unexpectedAlertBehaviour: , unhandledPromptBehavior: , version: 85.0.4183.121, webStorageEnabled: true}
Session ID: c016d5478c9c8bf7102be9a4ced95e60
	at sun.reflect.NativeConstructorAccessorImpl.newInstance0(Native Method)
	at sun.reflect.NativeConstructorAccessorImpl.newInstance(NativeConstructorAccessorImpl.java:62)
	at sun.reflect.DelegatingConstructorAccessorImpl.newInstance(DelegatingConstructorAccessorImpl.java:45)
	at java.lang.reflect.Constructor.newInstance(Constructor.java:423)
	at org.openqa.selenium.remote.ErrorHandler.createThrowable(ErrorHandler.java:214)
	at org.openqa.selenium.remote.ErrorHandler.throwIfResponseFailed(ErrorHandler.java:166)
	at org.openqa.selenium.remote.http.JsonHttpResponseCodec.reconstructValue(JsonHttpResponseCodec.java:40)
	at org.openqa.selenium.remote.http.AbstractHttpResponseCodec.decode(AbstractHttpResponseCodec.java:80)
	at org.openqa.selenium.remote.http.AbstractHttpResponseCodec.decode(AbstractHttpResponseCodec.java:44)
	at org.openqa.selenium.remote.HttpCommandExecutor.execute(HttpCommandExecutor.java:158)
	at org.openqa.selenium.remote.service.DriverCommandExecutor.execute(DriverCommandExecutor.java:83)
	at org.openqa.selenium.remote.RemoteWebDriver.execute(RemoteWebDriver.java:548)
	at org.openqa.selenium.remote.RemoteWebElement.execute(RemoteWebElement.java:276)
	at org.openqa.selenium.remote.RemoteWebElement.sendKeys(RemoteWebElement.java:100)
	at sun.reflect.GeneratedMethodAccessor6.invoke(Unknown Source)
	at sun.reflect.DelegatingMethodAccessorImpl.invoke(DelegatingMethodAccessorImpl.java:43)
	at java.lang.reflect.Method.invoke(Method.java:498)
	at org.openqa.selenium.support.pagefactory.internal.LocatingElementHandler.invoke(LocatingElementHandler.java:51)
	at com.sun.proxy.$Proxy9.sendKeys(Unknown Source)
	at com.cpcommunity.PageObjects.BasePage.type(BasePage.java:208)
	at com.cpcommunity.PageObjects.LoginPage.login(LoginPage.java:82)
	at com.cpcommunity.PageObjects.LoginPage.loginToApplication(LoginPage.java:89)
	at com.cpcommunity.testScripts.community.TC168_Verify_InActivated_Community_Is_Not_Displayed_In_Global_Communities.TC041ToTC046(TC168_Verify_InActivated_Community_Is_Not_Displayed_In_Global_Communities.java:33)
</failure>
    <system-out><![CDATA[INFO    2020-09-29 07:51:16,599 [TestNG-test=Test15-1] com.cpcommunity.testScripts.community.BaseTest  - Test Execution Completed !!!
Total rows are : 1167
Test case starts from row num: 180
Total rows of data are : 1
Total cols are : 12
@TestCase : TC041ToTC046
INFO    2020-09-29 07:51:16,738 [TestNG-test=Test16-1] com.cpcommunity.testScripts.community.BaseTest  - Inside Login Test
Launching : chrome
ChromeDriver: chrome on XP (c016d5478c9c8bf7102be9a4ced95e60)
c016d5478c9c8bf7102be9a4ced95e60
INFO    2020-09-29 07:51:19,828 [TestNG-test=Test16-1] com.cpcommunity.testScripts.community.BaseTest  - Driver Initialized !!!
Page Opened
INFO    2020-09-29 07:51:29,793 [TestNG-test=Test16-1] com.cpcommunity.PageObjects.BasePage  - scrolling up vertically...
INFO    2020-09-29 07:51:34,845 [TestNG-test=Test16-1] com.cpcommunity.PageObjects.BasePage  - waiting for :[[ChromeDriver: chrome on XP (c016d5478c9c8bf7102be9a4ced95e60)] -> xpath: //a[contains(.,'Login')]] for :18 seconds
INFO    2020-09-29 07:51:34,874 [TestNG-test=Test16-1] com.cpcommunity.PageObjects.BasePage  - [[ChromeDriver: chrome on XP (c016d5478c9c8bf7102be9a4ced95e60)] -> xpath: //a[contains(.,'Login')]]is displayed
INFO    2020-09-29 07:51:37,875 [TestNG-test=Test16-1] com.cpcommunity.PageObjects.BasePage  - Clicking on : LOGIN
ChromeDriver: chrome on XP (c016d5478c9c8bf7102be9a4ced95e60)Login Page
INFO    2020-09-29 07:51:42,090 [TestNG-test=Test16-1] com.cpcommunity.PageObjects.BasePage  - scrolling up vertically...
INFO    2020-09-29 07:51:47,101 [TestNG-test=Test16-1] com.cpcommunity.PageObjects.BasePage  - Typing in : email address entered the value as : null
]]></system-out>
    <system-err><![CDATA[Starting ChromeDriver 2.38.552522 (437e6fbedfa8762dec75e2c5b3ddb86763dc9dcb) on port 41443
Only local connections are allowed.
Sep 29, 2020 7:51:19 AM org.openqa.selenium.remote.ProtocolHandshake createSession
INFO: Detected dialect: OSS
Sep 29, 2020 7:51:25 AM org.openqa.selenium.remote.Augmenter extractRemoteWebDriver
WARNING: Augmenter should be applied to the instances of @Augmentable classes or previously augmented instances only (instance class was: class org.openqa.selenium.chrome.ChromeDriver)
Sep 29, 2020 7:51:27 AM org.openqa.selenium.remote.Augmenter extractRemoteWebDriver
WARNING: Augmenter should be applied to the instances of @Augmentable classes or previously augmented instances only (instance class was: class org.openqa.selenium.chrome.ChromeDriver)
Sep 29, 2020 7:51:29 AM org.openqa.selenium.remote.Augmenter extractRemoteWebDriver
WARNING: Augmenter should be applied to the instances of @Augmentable classes or previously augmented instances only (instance class was: class org.openqa.selenium.chrome.ChromeDriver)
Sep 29, 2020 7:51:40 AM org.openqa.selenium.remote.Augmenter extractRemoteWebDriver
WARNING: Augmenter should be applied to the instances of @Augmentable classes or previously augmented instances only (instance class was: class org.openqa.selenium.chrome.ChromeDriver)
Sep 29, 2020 7:51:41 AM org.openqa.selenium.remote.Augmenter extractRemoteWebDriver
WARNING: Augmenter should be applied to the instances of @Augmentable classes or previously augmented instances only (instance class was: class org.openqa.selenium.chrome.ChromeDriver)
]]></system-err>
  </testcase>
  <testcase name="TC099" classname="com.cpcommunity.testScripts.community.TC100_Activate_Community_By_Community_Admin" time="130.506">
    <failure message="Timed out after 20 seconds. Unable to locate the element" type="org.openqa.selenium.NoSuchElementException">org.openqa.selenium.NoSuchElementException: Timed out after 20 seconds. Unable to locate the element
	at sun.reflect.GeneratedConstructorAccessor73.newInstance(Unknown Source)
	at sun.reflect.DelegatingConstructorAccessorImpl.newInstance(DelegatingConstructorAccessorImpl.java:45)
	at java.lang.reflect.Constructor.newInstance(Constructor.java:423)
	at org.openqa.selenium.remote.ErrorHandler.createThrowable(ErrorHandler.java:214)
	at org.openqa.selenium.remote.ErrorHandler.throwIfResponseFailed(ErrorHandler.java:166)
	at org.openqa.selenium.remote.http.JsonHttpResponseCodec.reconstructValue(JsonHttpResponseCodec.java:40)
	at org.openqa.selenium.remote.http.AbstractHttpResponseCodec.decode(AbstractHttpResponseCodec.java:80)
	at org.openqa.selenium.remote.http.AbstractHttpResponseCodec.decode(AbstractHttpResponseCodec.java:44)
	at org.openqa.selenium.remote.HttpCommandExecutor.execute(HttpCommandExecutor.java:158)
	at org.openqa.selenium.remote.service.DriverCommandExecutor.execute(DriverCommandExecutor.java:83)
	at org.openqa.selenium.remote.RemoteWebDriver.execute(RemoteWebDriver.java:548)
	at org.openqa.selenium.remote.RemoteWebDriver.findElement(RemoteWebDriver.java:322)
	at org.openqa.selenium.remote.RemoteWebDriver.findElementByXPath(RemoteWebDriver.java:424)
	at org.openqa.selenium.By$ByXPath.findElement(By.java:353)
	at org.openqa.selenium.remote.RemoteWebDriver.findElement(RemoteWebDriver.java:314)
	at org.openqa.selenium.support.pagefactory.DefaultElementLocator.findElement(DefaultElementLocator.java:69)
	at org.openqa.selenium.support.pagefactory.AjaxElementLocator.access$001(AjaxElementLocator.java:39)
	at org.openqa.selenium.support.pagefactory.AjaxElementLocator$SlowLoadingElement.isLoaded(AjaxElementLocator.java:194)
	at org.openqa.selenium.support.ui.SlowLoadableComponent.get(SlowLoadableComponent.java:78)
	at org.openqa.selenium.support.pagefactory.AjaxElementLocator.findElement(AjaxElementLocator.java:119)
	at org.openqa.selenium.support.pagefactory.internal.LocatingElementHandler.invoke(LocatingElementHandler.java:38)
	at com.sun.proxy.$Proxy9.click(Unknown Source)
	at com.cpcommunity.PageObjects.MyCommunitiesPage.activateCommunity(MyCommunitiesPage.java:207)
	at com.cpcommunity.testScripts.community.TC100_Activate_Community_By_Community_Admin.TC099(TC100_Activate_Community_By_Community_Admin.java:34)
</failure>
    <system-out><![CDATA[INFO    2020-09-29 07:51:48,648 [TestNG-test=Test16-1] com.cpcommunity.testScripts.community.BaseTest  - Test Execution Completed !!!
Total rows are : 1167
Test case starts from row num: 971
Total rows of data are : 1
Total cols are : 7
@TestCase : TC178
Total rows are : 1167
Test case starts from row num: 560
Total rows of data are : 1
Total cols are : 6
@TestCase : TC099
INFO    2020-09-29 07:51:48,867 [TestNG-test=Test17-1] com.cpcommunity.testScripts.community.BaseTest  - Inside Login Test
Launching : chrome
INFO    2020-09-29 07:51:48,883 [TestNG-test=Test17-2] com.cpcommunity.testScripts.community.BaseTest  - Inside Login Test
Launching : chrome
ChromeDriver: chrome on XP (46e56153abb783a418e94b6feb173241)
46e56153abb783a418e94b6feb173241
INFO    2020-09-29 07:51:52,443 [TestNG-test=Test17-2] com.cpcommunity.testScripts.community.BaseTest  - Driver Initialized !!!
ChromeDriver: chrome on XP (0c6a167b5c5541debda1502ec118f821)
0c6a167b5c5541debda1502ec118f821
INFO    2020-09-29 07:51:52,533 [TestNG-test=Test17-1] com.cpcommunity.testScripts.community.BaseTest  - Driver Initialized !!!
Page Opened
Page Opened
INFO    2020-09-29 07:52:04,061 [TestNG-test=Test17-1] com.cpcommunity.PageObjects.BasePage  - scrolling up vertically...
INFO    2020-09-29 07:52:04,325 [TestNG-test=Test17-2] com.cpcommunity.PageObjects.BasePage  - scrolling up vertically...
INFO    2020-09-29 07:52:09,135 [TestNG-test=Test17-1] com.cpcommunity.PageObjects.BasePage  - waiting for :[[ChromeDriver: chrome on XP (0c6a167b5c5541debda1502ec118f821)] -> xpath: //a[contains(.,'Login')]] for :18 seconds
INFO    2020-09-29 07:52:09,173 [TestNG-test=Test17-1] com.cpcommunity.PageObjects.BasePage  - [[ChromeDriver: chrome on XP (0c6a167b5c5541debda1502ec118f821)] -> xpath: //a[contains(.,'Login')]]is displayed
INFO    2020-09-29 07:52:09,390 [TestNG-test=Test17-2] com.cpcommunity.PageObjects.BasePage  - waiting for :[[ChromeDriver: chrome on XP (46e56153abb783a418e94b6feb173241)] -> xpath: //a[contains(.,'Login')]] for :18 seconds
INFO    2020-09-29 07:52:09,427 [TestNG-test=Test17-2] com.cpcommunity.PageObjects.BasePage  - [[ChromeDriver: chrome on XP (46e56153abb783a418e94b6feb173241)] -> xpath: //a[contains(.,'Login')]]is displayed
INFO    2020-09-29 07:52:12,174 [TestNG-test=Test17-1] com.cpcommunity.PageObjects.BasePage  - Clicking on : LOGIN
INFO    2020-09-29 07:52:12,428 [TestNG-test=Test17-2] com.cpcommunity.PageObjects.BasePage  - Clicking on : LOGIN
ChromeDriver: chrome on XP (0c6a167b5c5541debda1502ec118f821)Login Page
ChromeDriver: chrome on XP (46e56153abb783a418e94b6feb173241)Login Page
INFO    2020-09-29 07:52:17,207 [TestNG-test=Test17-1] com.cpcommunity.PageObjects.BasePage  - scrolling up vertically...
INFO    2020-09-29 07:52:17,281 [TestNG-test=Test17-2] com.cpcommunity.PageObjects.BasePage  - scrolling up vertically...
INFO    2020-09-29 07:52:22,230 [TestNG-test=Test17-1] com.cpcommunity.PageObjects.BasePage  - Typing in : email address entered the value as : andrew74444@gmail.com
INFO    2020-09-29 07:52:22,291 [TestNG-test=Test17-2] com.cpcommunity.PageObjects.BasePage  - Typing in : email address entered the value as : andrew74444@gmail.com
INFO    2020-09-29 07:52:22,659 [TestNG-test=Test17-1] com.cpcommunity.PageObjects.BasePage  - Typing in : password entered the value as : Admin@123
INFO    2020-09-29 07:52:22,762 [TestNG-test=Test17-2] com.cpcommunity.PageObjects.BasePage  - Typing in : password entered the value as : Admin@123
INFO    2020-09-29 07:52:22,929 [TestNG-test=Test17-1] com.cpcommunity.PageObjects.BasePage  - Clicking on : Login
INFO    2020-09-29 07:52:22,995 [TestNG-test=Test17-2] com.cpcommunity.PageObjects.BasePage  - Clicking on : Login
INFO    2020-09-29 07:52:31,443 [TestNG-test=Test17-1] com.cpcommunity.PageObjects.BasePage  - scrolling up vertically...
INFO    2020-09-29 07:52:31,529 [TestNG-test=Test17-2] com.cpcommunity.PageObjects.BasePage  - scrolling up vertically...
INFO    2020-09-29 07:52:36,498 [TestNG-test=Test17-1] com.cpcommunity.PageObjects.BasePage  - Clicking on : view All
INFO    2020-09-29 07:52:36,576 [TestNG-test=Test17-2] com.cpcommunity.PageObjects.BasePage  - Clicking on : view All
INFO    2020-09-29 07:52:41,955 [TestNG-test=Test17-2] com.cpcommunity.PageObjects.BasePage  - scrolling up vertically...
INFO    2020-09-29 07:52:42,036 [TestNG-test=Test17-1] com.cpcommunity.PageObjects.BasePage  - scrolling up vertically...
Date Format with dd MMMM yyyy : 29 Sep 2020
INFO    2020-09-29 07:52:47,040 [TestNG-test=Test17-2] com.cpcommunity.PageObjects.BasePage  - waiting for :[[ChromeDriver: chrome on XP (46e56153abb783a418e94b6feb173241)] -> xpath: //input[@placeholder='Search by Community Name']] for :18 seconds
Date Format with dd MMMM yyyy : 29 Sep 2020
INFO    2020-09-29 07:52:47,094 [TestNG-test=Test17-2] com.cpcommunity.PageObjects.BasePage  - [[ChromeDriver: chrome on XP (46e56153abb783a418e94b6feb173241)] -> xpath: //input[@placeholder='Search by Community Name']]is displayed
INFO    2020-09-29 07:52:47,108 [TestNG-test=Test17-1] com.cpcommunity.PageObjects.BasePage  - waiting for :[[ChromeDriver: chrome on XP (0c6a167b5c5541debda1502ec118f821)] -> xpath: //input[@placeholder='Search by Community Name']] for :18 seconds
INFO    2020-09-29 07:52:47,134 [TestNG-test=Test17-1] com.cpcommunity.PageObjects.BasePage  - [[ChromeDriver: chrome on XP (0c6a167b5c5541debda1502ec118f821)] -> xpath: //input[@placeholder='Search by Community Name']]is displayed
INFO    2020-09-29 07:52:49,400 [TestNG-test=Test17-2] com.cpcommunity.PageObjects.BasePage  - Typing in : Search by Community entered the value as : Community - 29 Sep 2020
INFO    2020-09-29 07:52:49,468 [TestNG-test=Test17-1] com.cpcommunity.PageObjects.BasePage  - Typing in : Search by Community entered the value as : Community 1 - 29 Sep 2020
INFO    2020-09-29 07:52:49,794 [TestNG-test=Test17-2] com.cpcommunity.PageObjects.BasePage  - Clicking on : search btn
INFO    2020-09-29 07:52:50,016 [TestNG-test=Test17-1] com.cpcommunity.PageObjects.BasePage  - Clicking on : search btn
INFO    2020-09-29 07:52:56,057 [TestNG-test=Test17-2] com.cpcommunity.PageObjects.BasePage  - waiting for :[[ChromeDriver: chrome on XP (46e56153abb783a418e94b6feb173241)] -> xpath: //a[@tooltip='Community - 29 Sep 2020']] for :18 seconds
INFO    2020-09-29 07:52:56,070 [TestNG-test=Test17-2] com.cpcommunity.PageObjects.BasePage  - [[ChromeDriver: chrome on XP (46e56153abb783a418e94b6feb173241)] -> xpath: //a[@tooltip='Community - 29 Sep 2020']]is displayed
INFO    2020-09-29 07:52:56,263 [TestNG-test=Test17-1] com.cpcommunity.PageObjects.BasePage  - waiting for :[[ChromeDriver: chrome on XP (0c6a167b5c5541debda1502ec118f821)] -> xpath: //a[@tooltip='Community 1 - 29 Sep 2020']] for :18 seconds
INFO    2020-09-29 07:52:56,275 [TestNG-test=Test17-1] com.cpcommunity.PageObjects.BasePage  - [[ChromeDriver: chrome on XP (0c6a167b5c5541debda1502ec118f821)] -> xpath: //a[@tooltip='Community 1 - 29 Sep 2020']]is displayed
INFO    2020-09-29 07:52:58,550 [TestNG-test=Test17-1] com.cpcommunity.PageObjects.BasePage  - Clicking on : Manage
INFO    2020-09-29 07:53:00,149 [TestNG-test=Test17-1] com.cpcommunity.PageObjects.BasePage  - waiting for :[[ChromeDriver: chrome on XP (0c6a167b5c5541debda1502ec118f821)] -> xpath: //h2[contains(text(),'Dashboard')]] for :18 seconds
INFO    2020-09-29 07:53:00,195 [TestNG-test=Test17-1] com.cpcommunity.PageObjects.BasePage  - [[ChromeDriver: chrome on XP (0c6a167b5c5541debda1502ec118f821)] -> xpath: //h2[contains(text(),'Dashboard')]]is displayed
INFO    2020-09-29 07:53:06,423 [TestNG-test=Test17-1] com.cpcommunity.PageObjects.BasePage  - scrolling up vertically...
INFO    2020-09-29 07:53:11,428 [TestNG-test=Test17-1] com.cpcommunity.PageObjects.BasePage  - Clicking on : Members
INFO    2020-09-29 07:53:12,528 [TestNG-test=Test17-1] com.cpcommunity.PageObjects.BasePage  - Clicking on : Manage Members
INFO    2020-09-29 07:53:17,101 [TestNG-test=Test17-1] com.cpcommunity.PageObjects.BasePage  - scrolling up vertically...
INFO    2020-09-29 07:53:24,142 [TestNG-test=Test17-1] com.cpcommunity.PageObjects.BasePage  - Typing in : Searching in members not joined entered the value as : desanctis234@gmail.com
INFO    2020-09-29 07:53:25,409 [TestNG-test=Test17-1] com.cpcommunity.PageObjects.BasePage  - waiting for :[[ChromeDriver: chrome on XP (0c6a167b5c5541debda1502ec118f821)] -> xpath: ((//*[@class='col-md-5'])[1])//*[contains(text(),'Showing 1 to 1 of 1 entries')]] for :18 seconds
INFO    2020-09-29 07:53:25,442 [TestNG-test=Test17-1] com.cpcommunity.PageObjects.BasePage  - [[ChromeDriver: chrome on XP (0c6a167b5c5541debda1502ec118f821)] -> xpath: ((//*[@class='col-md-5'])[1])//*[contains(text(),'Showing 1 to 1 of 1 entries')]]is displayed
INFO    2020-09-29 07:53:39,445 [TestNG-test=Test17-1] com.cpcommunity.PageObjects.BasePage  - Clicking on : Selecting Check box
INFO    2020-09-29 07:53:41,553 [TestNG-test=Test17-1] com.cpcommunity.PageObjects.BasePage  - Clicking on : Add
INFO    2020-09-29 07:53:41,729 [TestNG-test=Test17-1] com.cpcommunity.PageObjects.BasePage  - waiting for :[[ChromeDriver: chrome on XP (0c6a167b5c5541debda1502ec118f821)] -> xpath: //button[contains(.,'Yes, Proceed')]] for :18 seconds
INFO    2020-09-29 07:53:42,276 [TestNG-test=Test17-1] com.cpcommunity.PageObjects.BasePage  - [[ChromeDriver: chrome on XP (0c6a167b5c5541debda1502ec118f821)] -> xpath: //button[contains(.,'Yes, Proceed')]]is displayed
INFO    2020-09-29 07:53:44,277 [TestNG-test=Test17-1] com.cpcommunity.PageObjects.BasePage  - Clicking on : Yes, Proceed
INFO    2020-09-29 07:53:44,875 [TestNG-test=Test17-1] com.cpcommunity.PageObjects.BasePage  - waiting for :[[ChromeDriver: chrome on XP (0c6a167b5c5541debda1502ec118f821)] -> xpath: //button[contains(.,'Ok')]] for :18 seconds
INFO    2020-09-29 07:53:45,423 [TestNG-test=Test17-1] com.cpcommunity.PageObjects.BasePage  - [[ChromeDriver: chrome on XP (0c6a167b5c5541debda1502ec118f821)] -> xpath: //button[contains(.,'Ok')]]is displayed
INFO    2020-09-29 07:53:47,423 [TestNG-test=Test17-1] com.cpcommunity.PageObjects.BasePage  - Clicking on : Ok Button
INFO    2020-09-29 07:53:53,525 [TestNG-test=Test17-1] com.cpcommunity.PageObjects.BasePage  - Clicking on : Community Admin Menu Drop down
INFO    2020-09-29 07:53:53,639 [TestNG-test=Test17-1] com.cpcommunity.PageObjects.BasePage  - waiting for :[[ChromeDriver: chrome on XP (0c6a167b5c5541debda1502ec118f821)] -> xpath: //*[contains(text(),'Logout')]] for :18 seconds
INFO    2020-09-29 07:53:53,670 [TestNG-test=Test17-1] com.cpcommunity.PageObjects.BasePage  - [[ChromeDriver: chrome on XP (0c6a167b5c5541debda1502ec118f821)] -> xpath: //*[contains(text(),'Logout')]]is displayed
INFO    2020-09-29 07:53:55,670 [TestNG-test=Test17-1] com.cpcommunity.PageObjects.BasePage  - Clicking on : logout
]]></system-out>
    <system-err><![CDATA[Starting ChromeDriver 2.38.552522 (437e6fbedfa8762dec75e2c5b3ddb86763dc9dcb) on port 27970
Only local connections are allowed.
Starting ChromeDriver 2.38.552522 (437e6fbedfa8762dec75e2c5b3ddb86763dc9dcb) on port 23709
Only local connections are allowed.
Sep 29, 2020 7:51:52 AM org.openqa.selenium.remote.ProtocolHandshake createSession
INFO: Detected dialect: OSS
Sep 29, 2020 7:51:52 AM org.openqa.selenium.remote.ProtocolHandshake createSession
INFO: Detected dialect: OSS
Sep 29, 2020 7:51:59 AM org.openqa.selenium.remote.Augmenter extractRemoteWebDriver
WARNING: Augmenter should be applied to the instances of @Augmentable classes or previously augmented instances only (instance class was: class org.openqa.selenium.chrome.ChromeDriver)
Sep 29, 2020 7:51:59 AM org.openqa.selenium.remote.Augmenter extractRemoteWebDriver
WARNING: Augmenter should be applied to the instances of @Augmentable classes or previously augmented instances only (instance class was: class org.openqa.selenium.chrome.ChromeDriver)
Sep 29, 2020 7:52:01 AM org.openqa.selenium.remote.Augmenter extractRemoteWebDriver
WARNING: Augmenter should be applied to the instances of @Augmentable classes or previously augmented instances only (instance class was: class org.openqa.selenium.chrome.ChromeDriver)
Sep 29, 2020 7:52:01 AM org.openqa.selenium.remote.Augmenter extractRemoteWebDriver
WARNING: Augmenter should be applied to the instances of @Augmentable classes or previously augmented instances only (instance class was: class org.openqa.selenium.chrome.ChromeDriver)
Sep 29, 2020 7:52:03 AM org.openqa.selenium.remote.Augmenter extractRemoteWebDriver
WARNING: Augmenter should be applied to the instances of @Augmentable classes or previously augmented instances only (instance class was: class org.openqa.selenium.chrome.ChromeDriver)
Sep 29, 2020 7:52:03 AM org.openqa.selenium.remote.Augmenter extractRemoteWebDriver
WARNING: Augmenter should be applied to the instances of @Augmentable classes or previously augmented instances only (instance class was: class org.openqa.selenium.chrome.ChromeDriver)
Sep 29, 2020 7:52:15 AM org.openqa.selenium.remote.Augmenter extractRemoteWebDriver
WARNING: Augmenter should be applied to the instances of @Augmentable classes or previously augmented instances only (instance class was: class org.openqa.selenium.chrome.ChromeDriver)
Sep 29, 2020 7:52:15 AM org.openqa.selenium.remote.Augmenter extractRemoteWebDriver
WARNING: Augmenter should be applied to the instances of @Augmentable classes or previously augmented instances only (instance class was: class org.openqa.selenium.chrome.ChromeDriver)
Sep 29, 2020 7:52:16 AM org.openqa.selenium.remote.Augmenter extractRemoteWebDriver
WARNING: Augmenter should be applied to the instances of @Augmentable classes or previously augmented instances only (instance class was: class org.openqa.selenium.chrome.ChromeDriver)
Sep 29, 2020 7:52:16 AM org.openqa.selenium.remote.Augmenter extractRemoteWebDriver
WARNING: Augmenter should be applied to the instances of @Augmentable classes or previously augmented instances only (instance class was: class org.openqa.selenium.chrome.ChromeDriver)
Sep 29, 2020 7:52:27 AM org.openqa.selenium.remote.Augmenter extractRemoteWebDriver
WARNING: Augmenter should be applied to the instances of @Augmentable classes or previously augmented instances only (instance class was: class org.openqa.selenium.chrome.ChromeDriver)
Sep 29, 2020 7:52:27 AM org.openqa.selenium.remote.Augmenter extractRemoteWebDriver
WARNING: Augmenter should be applied to the instances of @Augmentable classes or previously augmented instances only (instance class was: class org.openqa.selenium.chrome.ChromeDriver)
Sep 29, 2020 7:52:29 AM org.openqa.selenium.remote.Augmenter extractRemoteWebDriver
WARNING: Augmenter should be applied to the instances of @Augmentable classes or previously augmented instances only (instance class was: class org.openqa.selenium.chrome.ChromeDriver)
Sep 29, 2020 7:52:29 AM org.openqa.selenium.remote.Augmenter extractRemoteWebDriver
WARNING: Augmenter should be applied to the instances of @Augmentable classes or previously augmented instances only (instance class was: class org.openqa.selenium.chrome.ChromeDriver)
Sep 29, 2020 7:52:30 AM org.openqa.selenium.remote.Augmenter extractRemoteWebDriver
WARNING: Augmenter should be applied to the instances of @Augmentable classes or previously augmented instances only (instance class was: class org.openqa.selenium.chrome.ChromeDriver)
Sep 29, 2020 7:52:30 AM org.openqa.selenium.remote.Augmenter extractRemoteWebDriver
WARNING: Augmenter should be applied to the instances of @Augmentable classes or previously augmented instances only (instance class was: class org.openqa.selenium.chrome.ChromeDriver)
Sep 29, 2020 7:52:40 AM org.openqa.selenium.remote.Augmenter extractRemoteWebDriver
WARNING: Augmenter should be applied to the instances of @Augmentable classes or previously augmented instances only (instance class was: class org.openqa.selenium.chrome.ChromeDriver)
Sep 29, 2020 7:52:40 AM org.openqa.selenium.remote.Augmenter extractRemoteWebDriver
WARNING: Augmenter should be applied to the instances of @Augmentable classes or previously augmented instances only (instance class was: class org.openqa.selenium.chrome.ChromeDriver)
Sep 29, 2020 7:52:41 AM org.openqa.selenium.remote.Augmenter extractRemoteWebDriver
WARNING: Augmenter should be applied to the instances of @Augmentable classes or previously augmented instances only (instance class was: class org.openqa.selenium.chrome.ChromeDriver)
Sep 29, 2020 7:52:41 AM org.openqa.selenium.remote.Augmenter extractRemoteWebDriver
WARNING: Augmenter should be applied to the instances of @Augmentable classes or previously augmented instances only (instance class was: class org.openqa.selenium.chrome.ChromeDriver)
Sep 29, 2020 7:53:03 AM org.openqa.selenium.remote.Augmenter extractRemoteWebDriver
WARNING: Augmenter should be applied to the instances of @Augmentable classes or previously augmented instances only (instance class was: class org.openqa.selenium.chrome.ChromeDriver)
Sep 29, 2020 7:53:04 AM org.openqa.selenium.remote.Augmenter extractRemoteWebDriver
WARNING: Augmenter should be applied to the instances of @Augmentable classes or previously augmented instances only (instance class was: class org.openqa.selenium.chrome.ChromeDriver)
Sep 29, 2020 7:53:05 AM org.openqa.selenium.remote.Augmenter extractRemoteWebDriver
WARNING: Augmenter should be applied to the instances of @Augmentable classes or previously augmented instances only (instance class was: class org.openqa.selenium.chrome.ChromeDriver)
Sep 29, 2020 7:53:15 AM org.openqa.selenium.remote.Augmenter extractRemoteWebDriver
WARNING: Augmenter should be applied to the instances of @Augmentable classes or previously augmented instances only (instance class was: class org.openqa.selenium.chrome.ChromeDriver)
Sep 29, 2020 7:53:16 AM org.openqa.selenium.remote.Augmenter extractRemoteWebDriver
WARNING: Augmenter should be applied to the instances of @Augmentable classes or previously augmented instances only (instance class was: class org.openqa.selenium.chrome.ChromeDriver)
Sep 29, 2020 7:53:58 AM org.openqa.selenium.remote.Augmenter extractRemoteWebDriver
WARNING: Augmenter should be applied to the instances of @Augmentable classes or previously augmented instances only (instance class was: class org.openqa.selenium.chrome.ChromeDriver)
]]></system-err>
  </testcase>
  <testcase name="TC178" classname="com.cpcommunity.testScripts.community.TC178_Payment_Pending_Is_Displayed_For_Adding_A_Member_By_CA" time="365.26">
    <failure message="Expected condition failed: waiting for visibility of Proxy element for: AjaxElementLocator &apos;By.xpath: //*[contains(text(),&apos;PAYMENT PENDING&apos;)]&apos; (tried for 30 second(s) with 500 milliseconds interval)" type="org.openqa.selenium.TimeoutException">org.openqa.selenium.TimeoutException: Expected condition failed: waiting for visibility of Proxy element for: AjaxElementLocator 'By.xpath: //*[contains(text(),'PAYMENT PENDING')]' (tried for 30 second(s) with 500 milliseconds interval)
	at sun.reflect.GeneratedConstructorAccessor73.newInstance(Unknown Source)
	at sun.reflect.DelegatingConstructorAccessorImpl.newInstance(DelegatingConstructorAccessorImpl.java:45)
	at java.lang.reflect.Constructor.newInstance(Constructor.java:423)
	at org.openqa.selenium.remote.ErrorHandler.createThrowable(ErrorHandler.java:214)
	at org.openqa.selenium.remote.ErrorHandler.throwIfResponseFailed(ErrorHandler.java:166)
	at org.openqa.selenium.remote.http.JsonHttpResponseCodec.reconstructValue(JsonHttpResponseCodec.java:40)
	at org.openqa.selenium.remote.http.AbstractHttpResponseCodec.decode(AbstractHttpResponseCodec.java:80)
	at org.openqa.selenium.remote.http.AbstractHttpResponseCodec.decode(AbstractHttpResponseCodec.java:44)
	at org.openqa.selenium.remote.HttpCommandExecutor.execute(HttpCommandExecutor.java:158)
	at org.openqa.selenium.remote.service.DriverCommandExecutor.execute(DriverCommandExecutor.java:83)
	at org.openqa.selenium.remote.RemoteWebDriver.execute(RemoteWebDriver.java:548)
	at org.openqa.selenium.remote.RemoteWebDriver.findElement(RemoteWebDriver.java:322)
	at org.openqa.selenium.remote.RemoteWebDriver.findElementByXPath(RemoteWebDriver.java:424)
	at org.openqa.selenium.By$ByXPath.findElement(By.java:353)
	at org.openqa.selenium.remote.RemoteWebDriver.findElement(RemoteWebDriver.java:314)
	at org.openqa.selenium.support.pagefactory.DefaultElementLocator.findElement(DefaultElementLocator.java:69)
	at org.openqa.selenium.support.pagefactory.AjaxElementLocator.access$001(AjaxElementLocator.java:39)
	at org.openqa.selenium.support.pagefactory.AjaxElementLocator$SlowLoadingElement.isLoaded(AjaxElementLocator.java:194)
	at org.openqa.selenium.support.ui.SlowLoadableComponent.get(SlowLoadableComponent.java:78)
	at org.openqa.selenium.support.pagefactory.AjaxElementLocator.findElement(AjaxElementLocator.java:119)
	at org.openqa.selenium.support.pagefactory.internal.LocatingElementHandler.invoke(LocatingElementHandler.java:38)
	at com.sun.proxy.$Proxy9.isDisplayed(Unknown Source)
	at org.openqa.selenium.support.ui.ExpectedConditions.elementIfVisible(ExpectedConditions.java:315)
	at org.openqa.selenium.support.ui.ExpectedConditions.access$100(ExpectedConditions.java:44)
	at org.openqa.selenium.support.ui.ExpectedConditions$10.apply(ExpectedConditions.java:301)
	at org.openqa.selenium.support.ui.ExpectedConditions$10.apply(ExpectedConditions.java:298)
	at org.openqa.selenium.support.ui.FluentWait.until(FluentWait.java:260)
	at com.cpcommunity.PageObjects.BasePage.waitForElementToPresent(BasePage.java:175)
	at com.cpcommunity.PageObjects.MyCommunitiesPage.verifyPaymentPendindDisplayed(MyCommunitiesPage.java:413)
	at com.cpcommunity.testScripts.community.TC178_Payment_Pending_Is_Displayed_For_Adding_A_Member_By_CA.TC178(TC178_Payment_Pending_Is_Displayed_For_Adding_A_Member_By_CA.java:41)
</failure>
    <system-out><![CDATA[INFO    2020-09-29 07:54:00,002 [TestNG-test=Test17-2] com.cpcommunity.testScripts.community.BaseTest  - Test Execution Completed !!!
INFO    2020-09-29 07:54:02,062 [TestNG-test=Test17-1] com.cpcommunity.PageObjects.BasePage  - scrolling up vertically...
INFO    2020-09-29 07:54:07,109 [TestNG-test=Test17-1] com.cpcommunity.PageObjects.BasePage  - waiting for :[[ChromeDriver: chrome on XP (0c6a167b5c5541debda1502ec118f821)] -> xpath: //a[contains(.,'Login')]] for :18 seconds
INFO    2020-09-29 07:54:07,138 [TestNG-test=Test17-1] com.cpcommunity.PageObjects.BasePage  - [[ChromeDriver: chrome on XP (0c6a167b5c5541debda1502ec118f821)] -> xpath: //a[contains(.,'Login')]]is displayed
INFO    2020-09-29 07:54:10,139 [TestNG-test=Test17-1] com.cpcommunity.PageObjects.BasePage  - Clicking on : LOGIN
ChromeDriver: chrome on XP (0c6a167b5c5541debda1502ec118f821)Login Page
INFO    2020-09-29 07:54:14,299 [TestNG-test=Test17-1] com.cpcommunity.PageObjects.BasePage  - scrolling up vertically...
INFO    2020-09-29 07:54:19,307 [TestNG-test=Test17-1] com.cpcommunity.PageObjects.BasePage  - Typing in : email address entered the value as : andrew74444@gmail.com
INFO    2020-09-29 07:54:19,657 [TestNG-test=Test17-1] com.cpcommunity.PageObjects.BasePage  - Typing in : password entered the value as : Admin@123
INFO    2020-09-29 07:54:19,824 [TestNG-test=Test17-1] com.cpcommunity.PageObjects.BasePage  - Clicking on : Login
INFO    2020-09-29 07:54:26,387 [TestNG-test=Test17-1] com.cpcommunity.PageObjects.BasePage  - scrolling up vertically...
INFO    2020-09-29 07:54:31,420 [TestNG-test=Test17-1] com.cpcommunity.PageObjects.BasePage  - Clicking on : view All
INFO    2020-09-29 07:54:35,812 [TestNG-test=Test17-1] com.cpcommunity.PageObjects.BasePage  - scrolling up vertically...
Date Format with dd MMMM yyyy : 29 Sep 2020
INFO    2020-09-29 07:54:40,872 [TestNG-test=Test17-1] com.cpcommunity.PageObjects.BasePage  - waiting for :[[ChromeDriver: chrome on XP (0c6a167b5c5541debda1502ec118f821)] -> xpath: //input[@placeholder='Search by Community Name']] for :18 seconds
INFO    2020-09-29 07:54:40,901 [TestNG-test=Test17-1] com.cpcommunity.PageObjects.BasePage  - [[ChromeDriver: chrome on XP (0c6a167b5c5541debda1502ec118f821)] -> xpath: //input[@placeholder='Search by Community Name']]is displayed
INFO    2020-09-29 07:54:43,189 [TestNG-test=Test17-1] com.cpcommunity.PageObjects.BasePage  - Typing in : Search by Community entered the value as : Community 1 - 29 Sep 2020
INFO    2020-09-29 07:54:43,434 [TestNG-test=Test17-1] com.cpcommunity.PageObjects.BasePage  - Clicking on : search btn
INFO    2020-09-29 07:54:49,565 [TestNG-test=Test17-1] com.cpcommunity.PageObjects.BasePage  - waiting for :[[ChromeDriver: chrome on XP (0c6a167b5c5541debda1502ec118f821)] -> xpath: //a[@tooltip='Community 1 - 29 Sep 2020']] for :18 seconds
INFO    2020-09-29 07:54:49,576 [TestNG-test=Test17-1] com.cpcommunity.PageObjects.BasePage  - [[ChromeDriver: chrome on XP (0c6a167b5c5541debda1502ec118f821)] -> xpath: //a[@tooltip='Community 1 - 29 Sep 2020']]is displayed
INFO    2020-09-29 07:55:52,492 [TestNG-test=Test17-1] com.cpcommunity.PageObjects.BasePage  - waiting for :Proxy element for: AjaxElementLocator 'By.xpath: //*[contains(text(),'PAYMENT PENDING')]' for :18 seconds
]]></system-out>
    <system-err><![CDATA[Sep 29, 2020 7:53:59 AM org.openqa.selenium.remote.Augmenter extractRemoteWebDriver
WARNING: Augmenter should be applied to the instances of @Augmentable classes or previously augmented instances only (instance class was: class org.openqa.selenium.chrome.ChromeDriver)
Sep 29, 2020 7:54:01 AM org.openqa.selenium.remote.Augmenter extractRemoteWebDriver
WARNING: Augmenter should be applied to the instances of @Augmentable classes or previously augmented instances only (instance class was: class org.openqa.selenium.chrome.ChromeDriver)
Sep 29, 2020 7:54:12 AM org.openqa.selenium.remote.Augmenter extractRemoteWebDriver
WARNING: Augmenter should be applied to the instances of @Augmentable classes or previously augmented instances only (instance class was: class org.openqa.selenium.chrome.ChromeDriver)
Sep 29, 2020 7:54:13 AM org.openqa.selenium.remote.Augmenter extractRemoteWebDriver
WARNING: Augmenter should be applied to the instances of @Augmentable classes or previously augmented instances only (instance class was: class org.openqa.selenium.chrome.ChromeDriver)
Sep 29, 2020 7:54:22 AM org.openqa.selenium.remote.Augmenter extractRemoteWebDriver
WARNING: Augmenter should be applied to the instances of @Augmentable classes or previously augmented instances only (instance class was: class org.openqa.selenium.chrome.ChromeDriver)
Sep 29, 2020 7:54:24 AM org.openqa.selenium.remote.Augmenter extractRemoteWebDriver
WARNING: Augmenter should be applied to the instances of @Augmentable classes or previously augmented instances only (instance class was: class org.openqa.selenium.chrome.ChromeDriver)
Sep 29, 2020 7:54:25 AM org.openqa.selenium.remote.Augmenter extractRemoteWebDriver
WARNING: Augmenter should be applied to the instances of @Augmentable classes or previously augmented instances only (instance class was: class org.openqa.selenium.chrome.ChromeDriver)
Sep 29, 2020 7:54:33 AM org.openqa.selenium.remote.Augmenter extractRemoteWebDriver
WARNING: Augmenter should be applied to the instances of @Augmentable classes or previously augmented instances only (instance class was: class org.openqa.selenium.chrome.ChromeDriver)
Sep 29, 2020 7:54:35 AM org.openqa.selenium.remote.Augmenter extractRemoteWebDriver
WARNING: Augmenter should be applied to the instances of @Augmentable classes or previously augmented instances only (instance class was: class org.openqa.selenium.chrome.ChromeDriver)
]]></system-err>
  </testcase>
</testsuite>