<?xml version="1.0" encoding="UTF-8"?>
<!-- Generated by org.testng.reporters.JUnitReportReporter -->
<testsuite skipped="0" hostname="LAPTOP-65H8KDP8" name="com.cpcommunity.testScripts.community.TC164_Search_Event_In_Community_Details_Page" tests="1" failures="0" timestamp="05 Oct 2020 07:17:01 GMT" time="98.469" errors="0">
  <testcase name="TC164" time="98.469" classname="com.cpcommunity.testScripts.community.TC164_Search_Event_In_Community_Details_Page"/>
</testsuite> <!-- com.cpcommunity.testScripts.community.TC164_Search_Event_In_Community_Details_Page -->
