<?xml version="1.0" encoding="UTF-8"?>
<!-- Generated by org.testng.reporters.JUnitReportReporter -->
<testsuite skipped="0" hostname="LAPTOP-65H8KDP8" name="com.cpcommunity.testScripts.community.TC206_Tenant_Admin_Add_Member_To_Community" tests="1" failures="0" timestamp="28 Sep 2020 05:36:49 GMT" time="133.712" errors="0">
  <testcase name="TC206" time="133.712" classname="com.cpcommunity.testScripts.community.TC206_Tenant_Admin_Add_Member_To_Community"/>
</testsuite> <!-- com.cpcommunity.testScripts.community.TC206_Tenant_Admin_Add_Member_To_Community -->
