<?xml version="1.0" encoding="UTF-8"?>
<!-- Generated by org.testng.reporters.JUnitReportReporter -->
<testsuite skipped="0" hostname="LAPTOP-65H8KDP8" name="com.cpcommunity.testScripts.community.TC081_Member_Join_And_Leave_Public_Community_From_Global_Communities" tests="1" failures="0" timestamp="05 Oct 2020 07:17:01 GMT" time="142.117" errors="0">
  <testcase name="TC081" time="142.117" classname="com.cpcommunity.testScripts.community.TC081_Member_Join_And_Leave_Public_Community_From_Global_Communities"/>
</testsuite> <!-- com.cpcommunity.testScripts.community.TC081_Member_Join_And_Leave_Public_Community_From_Global_Communities -->
