<?xml version="1.0" encoding="UTF-8"?>
<!-- Generated by org.testng.reporters.JUnitReportReporter -->
<testsuite skipped="0" hostname="LAPTOP-65H8KDP8" name="com.cpcommunity.testScripts.community.TC090_Configure_AuthorizeNet_Payment_Gateway_____" tests="1" failures="0" timestamp="05 Oct 2020 07:17:01 GMT" time="347.517" errors="0">
  <testcase name="TC090" time="347.517" classname="com.cpcommunity.testScripts.community.TC090_Configure_AuthorizeNet_Payment_Gateway_____"/>
</testsuite> <!-- com.cpcommunity.testScripts.community.TC090_Configure_AuthorizeNet_Payment_Gateway_____ -->
