<?xml version="1.0" encoding="UTF-8"?>
<!-- Generated by org.testng.reporters.JUnitReportReporter -->
<testsuite skipped="0" hostname="LAPTOP-65H8KDP8" name="com.cpcommunity.testScripts.community.TC129_Apply_Job_Requirement_From_Community_Details_Page" tests="1" failures="0" timestamp="05 Oct 2020 07:17:01 GMT" time="133.427" errors="0">
  <testcase name="TC129" time="133.427" classname="com.cpcommunity.testScripts.community.TC129_Apply_Job_Requirement_From_Community_Details_Page"/>
</testsuite> <!-- com.cpcommunity.testScripts.community.TC129_Apply_Job_Requirement_From_Community_Details_Page -->
