<?xml version="1.0" encoding="UTF-8"?>
<!-- Generated by org.testng.reporters.JUnitReportReporter -->
<testsuite skipped="0" hostname="LAPTOP-65H8KDP8" name="com.cpcommunity.testScripts.community.TC210_Tenant_Admin_Remove_Member_From_Community" tests="1" failures="0" timestamp="28 Sep 2020 05:36:49 GMT" time="170.698" errors="0">
  <testcase name="TC210" time="170.698" classname="com.cpcommunity.testScripts.community.TC210_Tenant_Admin_Remove_Member_From_Community"/>
</testsuite> <!-- com.cpcommunity.testScripts.community.TC210_Tenant_Admin_Remove_Member_From_Community -->
