<?xml version="1.0" encoding="UTF-8"?>
<!-- Generated by org.testng.reporters.JUnitReportReporter -->
<testsuite skipped="0" hostname="LAPTOP-65H8KDP8" name="com.cpcommunity.testScripts.community.TC058_Group_Admin_Manage_Group_Members" tests="1" failures="0" timestamp="05 Oct 2020 07:17:01 GMT" time="224.601" errors="0">
  <testcase name="TC058" time="224.601" classname="com.cpcommunity.testScripts.community.TC058_Group_Admin_Manage_Group_Members"/>
</testsuite> <!-- com.cpcommunity.testScripts.community.TC058_Group_Admin_Manage_Group_Members -->
