<?xml version="1.0" encoding="UTF-8"?>
<!-- Generated by org.testng.reporters.JUnitReportReporter -->
<testsuite skipped="0" hostname="LAPTOP-65H8KDP8" name="com.cpcommunity.testScripts.Event_Registrations.TC152_Paid_Event_Registration_With_Cash_From_Event_CheckIn" tests="1" failures="0" timestamp="05 Oct 2020 07:17:01 GMT" time="195.993" errors="0">
  <testcase name="TC152" time="195.993" classname="com.cpcommunity.testScripts.Event_Registrations.TC152_Paid_Event_Registration_With_Cash_From_Event_CheckIn"/>
</testsuite> <!-- com.cpcommunity.testScripts.Event_Registrations.TC152_Paid_Event_Registration_With_Cash_From_Event_CheckIn -->
