<?xml version="1.0" encoding="UTF-8"?>
<!-- Generated by org.testng.reporters.JUnitReportReporter -->
<testsuite skipped="0" hostname="LAPTOP-65H8KDP8" name="com.cpcommunity.testScripts.community.TC212_Verify_TA_Created_Community_Is_Not_Displayed_In_Pending_Communities" tests="1" failures="0" timestamp="28 Sep 2020 05:36:49 GMT" time="75.407" errors="0">
  <testcase name="TC212" time="75.407" classname="com.cpcommunity.testScripts.community.TC212_Verify_TA_Created_Community_Is_Not_Displayed_In_Pending_Communities"/>
</testsuite> <!-- com.cpcommunity.testScripts.community.TC212_Verify_TA_Created_Community_Is_Not_Displayed_In_Pending_Communities -->
