<?xml version="1.0" encoding="UTF-8"?>
<!-- Generated by org.testng.reporters.JUnitReportReporter -->
<testsuite skipped="0" hostname="LAPTOP-65H8KDP8" name="com.cpcommunity.testScripts.community.TC211_Verify_TA_Created_Community_Is_Displaying_In_The_Global_Communities_Page" tests="1" failures="0" timestamp="28 Sep 2020 05:36:49 GMT" time="75.731" errors="0">
  <testcase name="TC211" time="75.731" classname="com.cpcommunity.testScripts.community.TC211_Verify_TA_Created_Community_Is_Displaying_In_The_Global_Communities_Page"/>
</testsuite> <!-- com.cpcommunity.testScripts.community.TC211_Verify_TA_Created_Community_Is_Displaying_In_The_Global_Communities_Page -->
