<?xml version="1.0" encoding="UTF-8"?>
<!-- Generated by org.testng.reporters.JUnitReportReporter -->
<testsuite skipped="1" hostname="LAPTOP-65H8KDP8" name="com.cpcommunity.testScripts.community.TC064_Community_Admin_Approve_And_Reject_Community_Requests" tests="2" failures="0" timestamp="05 Oct 2020 07:17:01 GMT" time="173.511" errors="0">
  <testcase name="TC064" time="136.066" classname="com.cpcommunity.testScripts.community.TC064_Community_Admin_Approve_And_Reject_Community_Requests"/>
  <testcase name="TC064" time="37.445" classname="com.cpcommunity.testScripts.community.TC064_Community_Admin_Approve_And_Reject_Community_Requests">
    <skipped/>
  </testcase> <!-- TC064 -->
</testsuite> <!-- com.cpcommunity.testScripts.community.TC064_Community_Admin_Approve_And_Reject_Community_Requests -->
