<?xml version="1.0" encoding="UTF-8"?>
<!-- Generated by org.testng.reporters.JUnitReportReporter -->
<testsuite skipped="1" hostname="LAPTOP-65H8KDP8" name="com.cpcommunity.testScripts.Event_Registrations.TC153_Free_Event_Registration_From_Event_CheckIn" tests="2" failures="0" timestamp="05 Oct 2020 07:17:01 GMT" time="342.757" errors="0">
  <testcase name="TC153" time="206.520" classname="com.cpcommunity.testScripts.Event_Registrations.TC153_Free_Event_Registration_From_Event_CheckIn">
    <skipped/>
  </testcase> <!-- TC153 -->
  <testcase name="TC153" time="136.237" classname="com.cpcommunity.testScripts.Event_Registrations.TC153_Free_Event_Registration_From_Event_CheckIn"/>
</testsuite> <!-- com.cpcommunity.testScripts.Event_Registrations.TC153_Free_Event_Registration_From_Event_CheckIn -->
