<?xml version="1.0" encoding="UTF-8"?>
<!-- Generated by org.testng.reporters.JUnitReportReporter -->
<testsuite skipped="0" hostname="LAPTOP-65H8KDP8" name="com.cpcommunity.testScripts.myprofiletestcases.TC017_Verify_User_is_Able_to_Select_Public_Radio_Button" tests="1" failures="0" timestamp="05 Oct 2020 07:17:01 GMT" time="102.681" errors="0">
  <testcase name="TC017" time="102.681" classname="com.cpcommunity.testScripts.myprofiletestcases.TC017_Verify_User_is_Able_to_Select_Public_Radio_Button"/>
</testsuite> <!-- com.cpcommunity.testScripts.myprofiletestcases.TC017_Verify_User_is_Able_to_Select_Public_Radio_Button -->
