<?xml version="1.0" encoding="UTF-8"?>
<!-- Generated by org.testng.reporters.JUnitReportReporter -->
<testsuite skipped="0" hostname="LAPTOP-65H8KDP8" name="com.cpcommunity.testScripts.community.TC217_TA_InActivate_The_Community" tests="1" failures="0" timestamp="28 Sep 2020 05:36:49 GMT" time="76.232" errors="0">
  <testcase name="TC217" time="76.232" classname="com.cpcommunity.testScripts.community.TC217_TA_InActivate_The_Community"/>
</testsuite> <!-- com.cpcommunity.testScripts.community.TC217_TA_InActivate_The_Community -->
