<?xml version="1.0" encoding="UTF-8"?>
<!-- Generated by org.testng.reporters.JUnitReportReporter -->
<testsuite skipped="0" hostname="LAPTOP-65H8KDP8" name="com.cpcommunity.testScripts.community.TC030_System_Admin_Community_Rejection" tests="1" failures="0" timestamp="05 Oct 2020 07:17:01 GMT" time="113.549" errors="0">
  <testcase name="TC030" time="113.549" classname="com.cpcommunity.testScripts.community.TC030_System_Admin_Community_Rejection"/>
</testsuite> <!-- com.cpcommunity.testScripts.community.TC030_System_Admin_Community_Rejection -->
