<?xml version="1.0" encoding="UTF-8"?>
<!-- Generated by org.testng.reporters.JUnitReportReporter -->
<testsuite skipped="0" hostname="LAPTOP-65H8KDP8" name="com.cpcommunity.testScripts.advertisments.TC183_Verify_CA_Is_Not_Able_To_Create_Advertisment_Plan_Without_PG_Configuration" tests="1" failures="0" timestamp="05 Oct 2020 07:17:01 GMT" time="143.756" errors="0">
  <testcase name="TC183" time="143.756" classname="com.cpcommunity.testScripts.advertisments.TC183_Verify_CA_Is_Not_Able_To_Create_Advertisment_Plan_Without_PG_Configuration"/>
</testsuite> <!-- com.cpcommunity.testScripts.advertisments.TC183_Verify_CA_Is_Not_Able_To_Create_Advertisment_Plan_Without_PG_Configuration -->
