<?xml version="1.0" encoding="UTF-8"?>
<!-- Generated by org.testng.reporters.JUnitReportReporter -->
<testsuite skipped="0" hostname="LAPTOP-65H8KDP8" name="com.cpcommunity.testScripts.community.TC032_System_Admin_Community_Approval" tests="1" failures="0" timestamp="05 Oct 2020 07:17:01 GMT" time="108.477" errors="0">
  <testcase name="TC032" time="108.477" classname="com.cpcommunity.testScripts.community.TC032_System_Admin_Community_Approval"/>
</testsuite> <!-- com.cpcommunity.testScripts.community.TC032_System_Admin_Community_Approval -->
