<?xml version="1.0" encoding="UTF-8"?>
<!-- Generated by org.testng.reporters.JUnitReportReporter -->
<testsuite skipped="0" hostname="LAPTOP-65H8KDP8" name="com.cpcommunity.testScripts.community.TC047_Community_Admin_Able_To_Manage_Community_Members" tests="1" failures="0" timestamp="05 Oct 2020 07:17:01 GMT" time="193.520" errors="0">
  <testcase name="TC047" time="193.520" classname="com.cpcommunity.testScripts.community.TC047_Community_Admin_Able_To_Manage_Community_Members"/>
</testsuite> <!-- com.cpcommunity.testScripts.community.TC047_Community_Admin_Able_To_Manage_Community_Members -->
