<?xml version="1.0" encoding="UTF-8"?>
<!-- Generated by org.testng.reporters.JUnitReportReporter -->
<testsuite skipped="0" hostname="LAPTOP-65H8KDP8" name="com.cpcommunity.testScripts.advertisments.TC135_Verify_Member_Is_Able_Purchased_Required_Approval_Global_Members_Ad" tests="1" failures="0" timestamp="05 Oct 2020 07:17:01 GMT" time="559.905" errors="0">
  <testcase name="TC135" time="559.905" classname="com.cpcommunity.testScripts.advertisments.TC135_Verify_Member_Is_Able_Purchased_Required_Approval_Global_Members_Ad"/>
</testsuite> <!-- com.cpcommunity.testScripts.advertisments.TC135_Verify_Member_Is_Able_Purchased_Required_Approval_Global_Members_Ad -->
