<?xml version="1.0" encoding="UTF-8"?>
<!-- Generated by org.testng.reporters.JUnitReportReporter -->
<testsuite skipped="0" hostname="LAPTOP-65H8KDP8" name="com.cpcommunity.testScripts.myprofiletestcases.TC028_Verify_User_Is_Able_To_Delete_Interests" tests="1" failures="0" timestamp="05 Oct 2020 07:17:01 GMT" time="71.048" errors="0">
  <testcase name="TC028" time="71.048" classname="com.cpcommunity.testScripts.myprofiletestcases.TC028_Verify_User_Is_Able_To_Delete_Interests"/>
</testsuite> <!-- com.cpcommunity.testScripts.myprofiletestcases.TC028_Verify_User_Is_Able_To_Delete_Interests -->
