<?xml version="1.0" encoding="UTF-8"?>
<!-- Generated by org.testng.reporters.JUnitReportReporter -->
<testsuite skipped="0" hostname="LAPTOP-65H8KDP8" name="com.cpcommunity.testScripts.community.TC077_Member_Join_And_Cancel_Community_From_Global_Communities_______" tests="1" failures="0" timestamp="05 Oct 2020 07:17:01 GMT" time="109.786" errors="0">
  <testcase name="TC077" time="109.786" classname="com.cpcommunity.testScripts.community.TC077_Member_Join_And_Cancel_Community_From_Global_Communities_______"/>
</testsuite> <!-- com.cpcommunity.testScripts.community.TC077_Member_Join_And_Cancel_Community_From_Global_Communities_______ -->
