<?xml version="1.0" encoding="UTF-8"?>
<!-- Generated by org.testng.reporters.JUnitReportReporter -->
<testsuite skipped="0" hostname="LAPTOP-65H8KDP8" name="com.cpcommunity.testScripts.advertisments.TC132_Create_Advertisement_Plans_With_No_Approval" tests="1" failures="0" timestamp="05 Oct 2020 07:17:01 GMT" time="137.890" errors="0">
  <testcase name="TC132" time="137.890" classname="com.cpcommunity.testScripts.advertisments.TC132_Create_Advertisement_Plans_With_No_Approval"/>
</testsuite> <!-- com.cpcommunity.testScripts.advertisments.TC132_Create_Advertisement_Plans_With_No_Approval -->
