<?xml version="1.0" encoding="UTF-8"?>
<!-- Generated by org.testng.reporters.JUnitReportReporter -->
<testsuite skipped="0" hostname="LAPTOP-65H8KDP8" name="com.cpcommunity.testScripts.community.TC001_Purchase_Pricing_Plan_With_PayPal" tests="1" failures="0" timestamp="05 Oct 2020 07:17:01 GMT" time="1261.302" errors="0">
  <testcase name="TC001" time="1261.302" classname="com.cpcommunity.testScripts.community.TC001_Purchase_Pricing_Plan_With_PayPal"/>
</testsuite> <!-- com.cpcommunity.testScripts.community.TC001_Purchase_Pricing_Plan_With_PayPal -->
