<?xml version="1.0" encoding="UTF-8"?>
<!-- Generated by org.testng.reporters.JUnitReportReporter -->
<testsuite skipped="0" hostname="LAPTOP-65H8KDP8" name="com.cpcommunity.testScripts.community.TC075_Member_Cancel_Community_Join_Request_from_My_Communities________" tests="1" failures="0" timestamp="05 Oct 2020 07:17:01 GMT" time="141.814" errors="0">
  <testcase name="TC075" time="141.814" classname="com.cpcommunity.testScripts.community.TC075_Member_Cancel_Community_Join_Request_from_My_Communities________"/>
</testsuite> <!-- com.cpcommunity.testScripts.community.TC075_Member_Cancel_Community_Join_Request_from_My_Communities________ -->
