<?xml version="1.0" encoding="UTF-8"?>
<!-- Generated by org.testng.reporters.JUnitReportReporter -->
<testsuite skipped="0" hostname="LAPTOP-65H8KDP8" name="com.cpcommunity.testScripts.community.TC128_Create_Job_Requirement" tests="1" failures="0" timestamp="05 Oct 2020 07:17:01 GMT" time="306.657" errors="0">
  <testcase name="TC128" time="306.657" classname="com.cpcommunity.testScripts.community.TC128_Create_Job_Requirement"/>
</testsuite> <!-- com.cpcommunity.testScripts.community.TC128_Create_Job_Requirement -->
