<?xml version="1.0" encoding="UTF-8"?>
<!-- Generated by org.testng.reporters.JUnitReportReporter -->
<testsuite skipped="1" hostname="LAPTOP-65H8KDP8" name="com.cpcommunity.testScripts.community.TC119_Send_Connection_From_Group_Details_Page" tests="2" failures="0" timestamp="05 Oct 2020 07:17:01 GMT" time="291.317" errors="0">
  <testcase name="TC119" time="170.812" classname="com.cpcommunity.testScripts.community.TC119_Send_Connection_From_Group_Details_Page">
    <skipped/>
  </testcase> <!-- TC119 -->
  <testcase name="TC119" time="120.505" classname="com.cpcommunity.testScripts.community.TC119_Send_Connection_From_Group_Details_Page"/>
</testsuite> <!-- com.cpcommunity.testScripts.community.TC119_Send_Connection_From_Group_Details_Page -->
