<?xml version="1.0" encoding="UTF-8"?>
<!-- Generated by org.testng.reporters.JUnitReportReporter -->
<testsuite skipped="0" hostname="LAPTOP-65H8KDP8" name="com.cpcommunity.testScripts.community.TC044_Member_Accept_Community_Request_From_Community_details_page" tests="1" failures="0" timestamp="05 Oct 2020 07:17:01 GMT" time="176.496" errors="0">
  <testcase name="TC041ToTC046" time="176.496" classname="com.cpcommunity.testScripts.community.TC044_Member_Accept_Community_Request_From_Community_details_page"/>
</testsuite> <!-- com.cpcommunity.testScripts.community.TC044_Member_Accept_Community_Request_From_Community_details_page -->
