<?xml version="1.0" encoding="UTF-8"?>
<!-- Generated by org.testng.reporters.JUnitReportReporter -->
<testsuite skipped="0" hostname="LAPTOP-65H8KDP8" name="com.cpcommunity.testScripts.advertisments.TC133_Create_Advertisement_Plans_With_Required_Approval" tests="1" failures="0" timestamp="05 Oct 2020 07:17:01 GMT" time="133.611" errors="0">
  <testcase name="TC133" time="133.611" classname="com.cpcommunity.testScripts.advertisments.TC133_Create_Advertisement_Plans_With_Required_Approval"/>
</testsuite> <!-- com.cpcommunity.testScripts.advertisments.TC133_Create_Advertisement_Plans_With_Required_Approval -->
