<?xml version="1.0" encoding="UTF-8"?>
<!-- Generated by org.testng.reporters.JUnitReportReporter -->
<testsuite skipped="0" hostname="LAPTOP-65H8KDP8" name="com.cpcommunity.testScripts.community.TC120_Add_Terms_And_Conditions" tests="1" failures="0" timestamp="05 Oct 2020 07:17:01 GMT" time="166.942" errors="0">
  <testcase name="TC120" time="166.942" classname="com.cpcommunity.testScripts.community.TC120_Add_Terms_And_Conditions"/>
</testsuite> <!-- com.cpcommunity.testScripts.community.TC120_Add_Terms_And_Conditions -->
