<?xml version="1.0" encoding="UTF-8"?>
<!-- Generated by org.testng.reporters.JUnitReportReporter -->
<testsuite skipped="1" hostname="LAPTOP-65H8KDP8" name="com.cpcommunity.testScripts.community.TC170_Verify_Non_Member_Not_Able_Share_Posts_And_Like_Comment_in_Communities" tests="2" failures="0" timestamp="05 Oct 2020 07:17:01 GMT" time="446.574" errors="1">
  <testcase name="TC170" time="137.316" classname="com.cpcommunity.testScripts.community.TC170_Verify_Non_Member_Not_Able_Share_Posts_And_Like_Comment_in_Communities">
    <error type="java.lang.NullPointerException">
      <![CDATA[java.lang.NullPointerException
	at sun.reflect.GeneratedMethodAccessor3.invoke(Unknown Source)
	at sun.reflect.DelegatingMethodAccessorImpl.invoke(DelegatingMethodAccessorImpl.java:43)
	at java.lang.reflect.Method.invoke(Method.java:498)
	at org.openqa.selenium.support.pagefactory.internal.LocatingElementHandler.invoke(LocatingElementHandler.java:51)
	at com.sun.proxy.$Proxy9.toString(Unknown Source)
	at com.cpcommunity.PageObjects.BasePage.waitForElementToPresent(BasePage.java:173)
	at com.cpcommunity.PageObjects.Discussions.CheckNonMemberIsNotAbleToPostLikeComment(Discussions.java:316)
	at com.cpcommunity.testScripts.community.TC170_Verify_Non_Member_Not_Able_Share_Posts_And_Like_Comment_in_Communities.TC170(TC170_Verify_Non_Member_Not_Able_Share_Posts_And_Like_Comment_in_Communities.java:36)
	at sun.reflect.NativeMethodAccessorImpl.invoke0(Native Method)
	at sun.reflect.NativeMethodAccessorImpl.invoke(NativeMethodAccessorImpl.java:62)
	at sun.reflect.DelegatingMethodAccessorImpl.invoke(DelegatingMethodAccessorImpl.java:43)
	at java.lang.reflect.Method.invoke(Method.java:498)
	at org.testng.internal.MethodInvocationHelper.invokeMethod(MethodInvocationHelper.java:108)
	at org.testng.internal.Invoker.invokeMethod(Invoker.java:661)
	at org.testng.internal.Invoker.retryFailed(Invoker.java:1014)
	at org.testng.internal.Invoker.invokeTestMethods(Invoker.java:1215)
	at org.testng.internal.TestMethodWorker.invokeTestMethods(TestMethodWorker.java:126)
	at org.testng.internal.TestMethodWorker.run(TestMethodWorker.java:109)
	at java.util.concurrent.ThreadPoolExecutor.runWorker(ThreadPoolExecutor.java:1149)
	at java.util.concurrent.ThreadPoolExecutor$Worker.run(ThreadPoolExecutor.java:624)
	at java.lang.Thread.run(Thread.java:748)
]]>
    </error>
  </testcase> <!-- TC170 -->
  <testcase name="TC170" time="309.258" classname="com.cpcommunity.testScripts.community.TC170_Verify_Non_Member_Not_Able_Share_Posts_And_Like_Comment_in_Communities">
    <skipped/>
  </testcase> <!-- TC170 -->
</testsuite> <!-- com.cpcommunity.testScripts.community.TC170_Verify_Non_Member_Not_Able_Share_Posts_And_Like_Comment_in_Communities -->
