<?xml version="1.0" encoding="UTF-8"?>
<!-- Generated by org.testng.reporters.JUnitReportReporter -->
<testsuite skipped="0" hostname="LAPTOP-65H8KDP8" name="com.cpcommunity.testScripts.community.TC163_Member_Invite_Friends_To_Community" tests="1" failures="0" timestamp="05 Oct 2020 07:17:01 GMT" time="123.474" errors="0">
  <testcase name="TC163" time="123.474" classname="com.cpcommunity.testScripts.community.TC163_Member_Invite_Friends_To_Community"/>
</testsuite> <!-- com.cpcommunity.testScripts.community.TC163_Member_Invite_Friends_To_Community -->
