<?xml version="1.0" encoding="UTF-8"?>
<!-- Generated by org.testng.reporters.JUnitReportReporter -->
<testsuite skipped="0" hostname="LAPTOP-65H8KDP8" name="com.cpcommunity.testScripts.community.TC162_Verify_Member_Able_To_Access_Manage_Community_When_The_CA_Role_Is_Assigned" tests="1" failures="0" timestamp="05 Oct 2020 07:17:01 GMT" time="270.117" errors="0">
  <testcase name="TC162" time="270.117" classname="com.cpcommunity.testScripts.community.TC162_Verify_Member_Able_To_Access_Manage_Community_When_The_CA_Role_Is_Assigned"/>
</testsuite> <!-- com.cpcommunity.testScripts.community.TC162_Verify_Member_Able_To_Access_Manage_Community_When_The_CA_Role_Is_Assigned -->
