<?xml version="1.0" encoding="UTF-8"?>
<!-- Generated by org.testng.reporters.JUnitReportReporter -->
<testsuite skipped="0" hostname="LAPTOP-65H8KDP8" name="com.cpcommunity.testScripts.community.TC130_Apply_Job_Requirement_From_Global_Careers" tests="1" failures="0" timestamp="05 Oct 2020 07:17:01 GMT" time="128.936" errors="0">
  <testcase name="TC130" time="128.936" classname="com.cpcommunity.testScripts.community.TC130_Apply_Job_Requirement_From_Global_Careers"/>
</testsuite> <!-- com.cpcommunity.testScripts.community.TC130_Apply_Job_Requirement_From_Global_Careers -->
