<?xml version="1.0" encoding="UTF-8"?>
<!-- Generated by org.testng.reporters.JUnitReportReporter -->
<testsuite skipped="0" hostname="LAPTOP-65H8KDP8" name="com.cpcommunity.testScripts.community.TC214_Verify_Active_Pricing_Plans_Count_is_Same_In_The_Pricing_Plans_Dropdown_While_Creating_A_Community" tests="1" failures="0" timestamp="28 Sep 2020 05:36:49 GMT" time="85.471" errors="0">
  <testcase name="TC214" time="85.471" classname="com.cpcommunity.testScripts.community.TC214_Verify_Active_Pricing_Plans_Count_is_Same_In_The_Pricing_Plans_Dropdown_While_Creating_A_Community"/>
</testsuite> <!-- com.cpcommunity.testScripts.community.TC214_Verify_Active_Pricing_Plans_Count_is_Same_In_The_Pricing_Plans_Dropdown_While_Creating_A_Community -->
