<?xml version="1.0" encoding="UTF-8"?>
<!-- Generated by org.testng.reporters.JUnitReportReporter -->
<testsuite skipped="0" hostname="LAPTOP-65H8KDP8" name="com.cpcommunity.testScripts.community.TC172_Verify_Purchased_Membership_Is_Not_Editable_To_CA" tests="1" failures="0" timestamp="05 Oct 2020 07:17:01 GMT" time="102.781" errors="0">
  <testcase name="TC172" time="102.781" classname="com.cpcommunity.testScripts.community.TC172_Verify_Purchased_Membership_Is_Not_Editable_To_CA"/>
</testsuite> <!-- com.cpcommunity.testScripts.community.TC172_Verify_Purchased_Membership_Is_Not_Editable_To_CA -->
