<?xml version="1.0" encoding="UTF-8"?>
<!-- Generated by org.testng.reporters.JUnitReportReporter -->
<testsuite skipped="0" hostname="LAPTOP-65H8KDP8" name="com.cpcommunity.testScripts.myprofiletestcases.TC021_Verify_User_is_Able_to_Un_Select_Phone_Private" tests="1" failures="0" timestamp="05 Oct 2020 07:17:01 GMT" time="112.016" errors="0">
  <testcase name="TC021" time="112.016" classname="com.cpcommunity.testScripts.myprofiletestcases.TC021_Verify_User_is_Able_to_Un_Select_Phone_Private"/>
</testsuite> <!-- com.cpcommunity.testScripts.myprofiletestcases.TC021_Verify_User_is_Able_to_Un_Select_Phone_Private -->
