<?xml version="1.0" encoding="UTF-8"?>
<!-- Generated by org.testng.reporters.JUnitReportReporter -->
<testsuite skipped="0" hostname="LAPTOP-65H8KDP8" name="com.cpcommunity.testScripts.myprofiletestcases.TC016_Verify_User_is_Able_to_Select_Private_Radio_Button" tests="1" failures="0" timestamp="05 Oct 2020 07:17:01 GMT" time="121.348" errors="0">
  <testcase name="TC016" time="121.348" classname="com.cpcommunity.testScripts.myprofiletestcases.TC016_Verify_User_is_Able_to_Select_Private_Radio_Button"/>
</testsuite> <!-- com.cpcommunity.testScripts.myprofiletestcases.TC016_Verify_User_is_Able_to_Select_Private_Radio_Button -->
