<?xml version="1.0" encoding="UTF-8"?>
<!-- Generated by org.testng.reporters.JUnitReportReporter -->
<testsuite skipped="0" hostname="LAPTOP-65H8KDP8" name="com.cpcommunity.testScripts.community.TC215_TA_Update_The_Community_Details" tests="1" failures="0" timestamp="28 Sep 2020 05:36:49 GMT" time="135.621" errors="0">
  <testcase name="TC215" time="135.621" classname="com.cpcommunity.testScripts.community.TC215_TA_Update_The_Community_Details"/>
</testsuite> <!-- com.cpcommunity.testScripts.community.TC215_TA_Update_The_Community_Details -->
