<?xml version="1.0" encoding="UTF-8"?>
<!-- Generated by org.testng.reporters.JUnitReportReporter -->
<testsuite skipped="0" hostname="LAPTOP-65H8KDP8" name="com.cpcommunity.testScripts.Event_Registrations.TC147_100_Percent_PromoCode_Event_Registration_From_Event_Details_Page" tests="1" failures="0" timestamp="05 Oct 2020 07:17:01 GMT" time="132.609" errors="0">
  <testcase name="TC147" time="132.609" classname="com.cpcommunity.testScripts.Event_Registrations.TC147_100_Percent_PromoCode_Event_Registration_From_Event_Details_Page"/>
</testsuite> <!-- com.cpcommunity.testScripts.Event_Registrations.TC147_100_Percent_PromoCode_Event_Registration_From_Event_Details_Page -->
