<?xml version="1.0" encoding="UTF-8"?>
<!-- Generated by org.testng.reporters.JUnitReportReporter -->
<testsuite skipped="1" hostname="LAPTOP-65H8KDP8" name="com.cpcommunity.testScripts.community.TC100_Activate_Community_By_Community_Admin" tests="2" failures="0" timestamp="05 Oct 2020 07:17:01 GMT" time="281.408" errors="0">
  <testcase name="TC099" time="109.570" classname="com.cpcommunity.testScripts.community.TC100_Activate_Community_By_Community_Admin"/>
  <testcase name="TC099" time="171.838" classname="com.cpcommunity.testScripts.community.TC100_Activate_Community_By_Community_Admin">
    <skipped/>
  </testcase> <!-- TC099 -->
</testsuite> <!-- com.cpcommunity.testScripts.community.TC100_Activate_Community_By_Community_Admin -->
