<?xml version="1.0" encoding="UTF-8"?>
<!-- Generated by org.testng.reporters.JUnitReportReporter -->
<testsuite skipped="0" hostname="LAPTOP-65H8KDP8" name="com.cpcommunity.testScripts.Create_Free_Event.TC141_Create_Free_Event" tests="1" failures="0" timestamp="05 Oct 2020 07:17:01 GMT" time="310.592" errors="0">
  <testcase name="TC141" time="310.592" classname="com.cpcommunity.testScripts.Create_Free_Event.TC141_Create_Free_Event"/>
</testsuite> <!-- com.cpcommunity.testScripts.Create_Free_Event.TC141_Create_Free_Event -->
