<?xml version="1.0" encoding="UTF-8"?>
<!-- Generated by org.testng.reporters.JUnitReportReporter -->
<testsuite skipped="1" hostname="LAPTOP-65H8KDP8" name="com.cpcommunity.testScripts.Event_Registrations.TC143_Paid_Event_Registration_With_PayPal_From_Event_Details_Page" tests="2" failures="0" timestamp="05 Oct 2020 07:17:01 GMT" time="546.415" errors="1">
  <testcase name="TC143" time="216.473" classname="com.cpcommunity.testScripts.Event_Registrations.TC143_Paid_Event_Registration_With_PayPal_From_Event_Details_Page">
    <error type="java.lang.NullPointerException">
      <![CDATA[java.lang.NullPointerException
	at sun.reflect.GeneratedMethodAccessor2.invoke(Unknown Source)
	at sun.reflect.DelegatingMethodAccessorImpl.invoke(DelegatingMethodAccessorImpl.java:43)
	at java.lang.reflect.Method.invoke(Method.java:498)
	at org.openqa.selenium.support.pagefactory.internal.LocatingElementHandler.invoke(LocatingElementHandler.java:51)
	at com.sun.proxy.$Proxy9.isDisplayed(Unknown Source)
	at org.openqa.selenium.support.ui.ExpectedConditions.elementIfVisible(ExpectedConditions.java:315)
	at org.openqa.selenium.support.ui.ExpectedConditions.access$100(ExpectedConditions.java:44)
	at org.openqa.selenium.support.ui.ExpectedConditions$10.apply(ExpectedConditions.java:301)
	at org.openqa.selenium.support.ui.ExpectedConditions$10.apply(ExpectedConditions.java:298)
	at org.openqa.selenium.support.ui.FluentWait.until(FluentWait.java:260)
	at com.cpcommunity.PageObjects.BasePage.waitForElementToPresent(BasePage.java:177)
	at com.cpcommunity.PageObjects.EventDetailsPage.registerEventByPayPal(EventDetailsPage.java:294)
	at com.cpcommunity.testScripts.Event_Registrations.TC143_Paid_Event_Registration_With_PayPal_From_Event_Details_Page.TC143(TC143_Paid_Event_Registration_With_PayPal_From_Event_Details_Page.java:31)
	at sun.reflect.NativeMethodAccessorImpl.invoke0(Native Method)
	at sun.reflect.NativeMethodAccessorImpl.invoke(NativeMethodAccessorImpl.java:62)
	at sun.reflect.DelegatingMethodAccessorImpl.invoke(DelegatingMethodAccessorImpl.java:43)
	at java.lang.reflect.Method.invoke(Method.java:498)
	at org.testng.internal.MethodInvocationHelper.invokeMethod(MethodInvocationHelper.java:108)
	at org.testng.internal.Invoker.invokeMethod(Invoker.java:661)
	at org.testng.internal.Invoker.retryFailed(Invoker.java:1014)
	at org.testng.internal.Invoker.invokeTestMethods(Invoker.java:1215)
	at org.testng.internal.TestMethodWorker.invokeTestMethods(TestMethodWorker.java:126)
	at org.testng.internal.TestMethodWorker.run(TestMethodWorker.java:109)
	at java.util.concurrent.ThreadPoolExecutor.runWorker(ThreadPoolExecutor.java:1149)
	at java.util.concurrent.ThreadPoolExecutor$Worker.run(ThreadPoolExecutor.java:624)
	at java.lang.Thread.run(Thread.java:748)
]]>
    </error>
  </testcase> <!-- TC143 -->
  <testcase name="TC143" time="329.942" classname="com.cpcommunity.testScripts.Event_Registrations.TC143_Paid_Event_Registration_With_PayPal_From_Event_Details_Page">
    <skipped/>
  </testcase> <!-- TC143 -->
</testsuite> <!-- com.cpcommunity.testScripts.Event_Registrations.TC143_Paid_Event_Registration_With_PayPal_From_Event_Details_Page -->
