<?xml version="1.0" encoding="UTF-8"?>
<!-- Generated by org.testng.reporters.JUnitReportReporter -->
<testsuite skipped="0" hostname="LAPTOP-65H8KDP8" name="com.cpcommunity.testScripts.community.TC171_Verify_Total_Communities_Count_And_In_My_Communities_Are_Same" tests="1" failures="0" timestamp="05 Oct 2020 07:17:01 GMT" time="77.117" errors="0">
  <testcase name="TC171" time="77.117" classname="com.cpcommunity.testScripts.community.TC171_Verify_Total_Communities_Count_And_In_My_Communities_Are_Same"/>
</testsuite> <!-- com.cpcommunity.testScripts.community.TC171_Verify_Total_Communities_Count_And_In_My_Communities_Are_Same -->
