<?xml version="1.0" encoding="UTF-8"?>
<!-- Generated by org.testng.reporters.JUnitReportReporter -->
<testsuite skipped="0" hostname="LAPTOP-65H8KDP8" name="com.cpcommunity.testScripts.community.TC218_Verify_TA_InActivated_Community_Is_Not_Displaying_In_The_Global_Communities_Page" tests="1" failures="0" timestamp="28 Sep 2020 05:36:49 GMT" time="64.942" errors="0">
  <testcase name="TC218" time="64.942" classname="com.cpcommunity.testScripts.community.TC218_Verify_TA_InActivated_Community_Is_Not_Displaying_In_The_Global_Communities_Page"/>
</testsuite> <!-- com.cpcommunity.testScripts.community.TC218_Verify_TA_InActivated_Community_Is_Not_Displaying_In_The_Global_Communities_Page -->
