<?xml version="1.0" encoding="UTF-8"?>
<!-- Generated by org.testng.reporters.JUnitReportReporter -->
<testsuite skipped="0" hostname="LAPTOP-65H8KDP8" name="com.cpcommunity.testScripts.community.TC125_Member_Cancel_Created_Community_Request" tests="1" failures="0" timestamp="05 Oct 2020 07:17:01 GMT" time="99.945" errors="0">
  <testcase name="TC125" time="99.945" classname="com.cpcommunity.testScripts.community.TC125_Member_Cancel_Created_Community_Request"/>
</testsuite> <!-- com.cpcommunity.testScripts.community.TC125_Member_Cancel_Created_Community_Request -->
