<?xml version="1.0" encoding="UTF-8"?>
<!-- Generated by org.testng.reporters.JUnitReportReporter -->
<testsuite skipped="0" hostname="LAPTOP-65H8KDP8" name="com.cpcommunity.testScripts.community.TC029_Create_community_From_My_Communites" tests="1" failures="0" timestamp="05 Oct 2020 07:17:01 GMT" time="130.536" errors="0">
  <testcase name="TC029" time="130.536" classname="com.cpcommunity.testScripts.community.TC029_Create_community_From_My_Communites"/>
</testsuite> <!-- com.cpcommunity.testScripts.community.TC029_Create_community_From_My_Communites -->
