<?xml version="1.0" encoding="UTF-8"?>
<!-- Generated by org.testng.reporters.JUnitReportReporter -->
<testsuite skipped="0" hostname="LAPTOP-65H8KDP8" name="com.cpcommunity.testScripts.community.TC046_Member_Accept_Community_Request_from_My_Communities" tests="1" failures="0" timestamp="05 Oct 2020 07:17:01 GMT" time="94.650" errors="0">
  <testcase name="TC041ToTC046" time="94.650" classname="com.cpcommunity.testScripts.community.TC046_Member_Accept_Community_Request_from_My_Communities"/>
</testsuite> <!-- com.cpcommunity.testScripts.community.TC046_Member_Accept_Community_Request_from_My_Communities -->
