<?xml version="1.0" encoding="UTF-8"?>
<!-- Generated by org.testng.reporters.JUnitReportReporter -->
<testsuite skipped="0" hostname="LAPTOP-65H8KDP8" name="com.cpcommunity.testScripts.community.TC035_Create_Community_With_Rejected_Community_Name" tests="1" failures="0" timestamp="05 Oct 2020 07:17:01 GMT" time="128.630" errors="0">
  <testcase name="TC035" time="128.630" classname="com.cpcommunity.testScripts.community.TC035_Create_Community_With_Rejected_Community_Name"/>
</testsuite> <!-- com.cpcommunity.testScripts.community.TC035_Create_Community_With_Rejected_Community_Name -->
