<?xml version="1.0" encoding="UTF-8"?>
<!-- Generated by org.testng.reporters.JUnitReportReporter -->
<testsuite skipped="0" hostname="LAPTOP-65H8KDP8" name="com.cpcommunity.testScripts.community.TC087_Configure_Cash_Payment" tests="1" failures="0" timestamp="05 Oct 2020 07:17:01 GMT" time="149.024" errors="0">
  <testcase name="TC087" time="149.024" classname="com.cpcommunity.testScripts.community.TC087_Configure_Cash_Payment"/>
</testsuite> <!-- com.cpcommunity.testScripts.community.TC087_Configure_Cash_Payment -->
