<?xml version="1.0" encoding="UTF-8"?>
<!-- Generated by org.testng.reporters.JUnitReportReporter -->
<testsuite skipped="0" hostname="LAPTOP-65H8KDP8" name="com.cpcommunity.testScripts.community.TC209_Tenant_Admin_Remove_Admin_To_Community" tests="1" failures="0" timestamp="28 Sep 2020 05:36:49 GMT" time="179.590" errors="0">
  <testcase name="TC209" time="179.590" classname="com.cpcommunity.testScripts.community.TC209_Tenant_Admin_Remove_Admin_To_Community"/>
</testsuite> <!-- com.cpcommunity.testScripts.community.TC209_Tenant_Admin_Remove_Admin_To_Community -->
