<?xml version="1.0" encoding="UTF-8"?>
<!-- Generated by org.testng.reporters.JUnitReportReporter -->
<testsuite skipped="0" hostname="LAPTOP-65H8KDP8" name="com.cpcommunity.testScripts.community.TC072_Community_Admin_Approve_And_Reject_Group_Requests" tests="1" failures="0" timestamp="05 Oct 2020 07:17:01 GMT" time="415.858" errors="0">
  <testcase name="TC072" time="415.858" classname="com.cpcommunity.testScripts.community.TC072_Community_Admin_Approve_And_Reject_Group_Requests"/>
</testsuite> <!-- com.cpcommunity.testScripts.community.TC072_Community_Admin_Approve_And_Reject_Group_Requests -->
