<?xml version="1.0" encoding="UTF-8"?>
<!-- Generated by org.testng.reporters.JUnitReportReporter -->
<testsuite skipped="0" hostname="LAPTOP-65H8KDP8" name="com.cpcommunity.testScripts.community.TC052_Community_Admin_Create_Groups" tests="2" failures="0" timestamp="05 Oct 2020 07:17:01 GMT" time="376.690" errors="0">
  <testcase name="TC052" time="200.399" classname="com.cpcommunity.testScripts.community.TC052_Community_Admin_Create_Groups"/>
  <testcase name="TC052" time="176.291" classname="com.cpcommunity.testScripts.community.TC052_Community_Admin_Create_Groups"/>
</testsuite> <!-- com.cpcommunity.testScripts.community.TC052_Community_Admin_Create_Groups -->
