<?xml version="1.0" encoding="UTF-8"?>
<!-- Generated by org.testng.reporters.JUnitReportReporter -->
<testsuite skipped="0" hostname="LAPTOP-65H8KDP8" name="com.cpcommunity.testScripts.Create_Paid_Event.TC142_Create_Paid_Event" tests="1" failures="0" timestamp="05 Oct 2020 07:17:01 GMT" time="311.713" errors="0">
  <testcase name="TC142" time="311.713" classname="com.cpcommunity.testScripts.Create_Paid_Event.TC142_Create_Paid_Event"/>
</testsuite> <!-- com.cpcommunity.testScripts.Create_Paid_Event.TC142_Create_Paid_Event -->
