<?xml version="1.0" encoding="UTF-8"?>
<!-- Generated by org.testng.reporters.JUnitReportReporter -->
<testsuite skipped="0" hostname="LAPTOP-65H8KDP8" name="com.cpcommunity.testScripts.myprofiletestcases.TC026_Verify_User_Is_Able_To_Update_Skills" tests="1" failures="0" timestamp="05 Oct 2020 07:17:01 GMT" time="127.750" errors="0">
  <testcase name="TC026" time="127.750" classname="com.cpcommunity.testScripts.myprofiletestcases.TC026_Verify_User_Is_Able_To_Update_Skills"/>
</testsuite> <!-- com.cpcommunity.testScripts.myprofiletestcases.TC026_Verify_User_Is_Able_To_Update_Skills -->
