<?xml version="1.0" encoding="UTF-8"?>
<!-- Generated by org.testng.reporters.JUnitReportReporter -->
<testsuite skipped="0" hostname="LAPTOP-65H8KDP8" name="com.cpcommunity.testScripts.community.TC079_Share_Posts_in_Communities" tests="1" failures="0" timestamp="05 Oct 2020 07:17:01 GMT" time="160.707" errors="0">
  <testcase name="TC079" time="160.707" classname="com.cpcommunity.testScripts.community.TC079_Share_Posts_in_Communities"/>
</testsuite> <!-- com.cpcommunity.testScripts.community.TC079_Share_Posts_in_Communities -->
