<?xml version="1.0" encoding="UTF-8"?>
<!-- Generated by org.testng.reporters.JUnitReportReporter -->
<testsuite skipped="0" hostname="LAPTOP-65H8KDP8" name="com.cpcommunity.testScripts.community.TC208_TA_Not_Able_To_Remove_Admin_Role_When_Only_One_Admin_To_The_Community" tests="1" failures="0" timestamp="28 Sep 2020 05:36:49 GMT" time="126.851" errors="0">
  <testcase name="TC208" time="126.851" classname="com.cpcommunity.testScripts.community.TC208_TA_Not_Able_To_Remove_Admin_Role_When_Only_One_Admin_To_The_Community"/>
</testsuite> <!-- com.cpcommunity.testScripts.community.TC208_TA_Not_Able_To_Remove_Admin_Role_When_Only_One_Admin_To_The_Community -->
