<?xml version="1.0" encoding="UTF-8"?>
<!-- Generated by org.testng.reporters.JUnitReportReporter -->
<testsuite skipped="0" hostname="LAPTOP-65H8KDP8" name="com.cpcommunity.testScripts.community.TC165_Veirfy_Community_Website_URL_Redirected_To_Configured_Website" tests="1" failures="0" timestamp="05 Oct 2020 07:17:01 GMT" time="0.095" errors="0">
  <testcase name="TC165" time="0.095" classname="com.cpcommunity.testScripts.community.TC165_Veirfy_Community_Website_URL_Redirected_To_Configured_Website"/>
</testsuite> <!-- com.cpcommunity.testScripts.community.TC165_Veirfy_Community_Website_URL_Redirected_To_Configured_Website -->
