<?xml version="1.0" encoding="UTF-8"?>
<!-- Generated by org.testng.reporters.JUnitReportReporter -->
<testsuite skipped="0" hostname="LAPTOP-65H8KDP8" name="com.cpcommunity.testScripts.community.TC216_Verify_TA_Updated_Community_Is_Displayed_In_Community_Details_Page" tests="1" failures="0" timestamp="28 Sep 2020 05:36:49 GMT" time="79.593" errors="0">
  <testcase name="TC216" time="79.593" classname="com.cpcommunity.testScripts.community.TC216_Verify_TA_Updated_Community_Is_Displayed_In_Community_Details_Page"/>
</testsuite> <!-- com.cpcommunity.testScripts.community.TC216_Verify_TA_Updated_Community_Is_Displayed_In_Community_Details_Page -->
