<?xml version="1.0" encoding="UTF-8"?>
<!-- Generated by org.testng.reporters.JUnitReportReporter -->
<testsuite skipped="0" hostname="LAPTOP-65H8KDP8" name="com.cpcommunity.testScripts.community.TC088_Configure_Cheque_Payment" tests="1" failures="0" timestamp="05 Oct 2020 07:17:01 GMT" time="141.937" errors="0">
  <testcase name="TC088" time="141.937" classname="com.cpcommunity.testScripts.community.TC088_Configure_Cheque_Payment"/>
</testsuite> <!-- com.cpcommunity.testScripts.community.TC088_Configure_Cheque_Payment -->
