<?xml version="1.0" encoding="UTF-8"?>
<!-- Generated by org.testng.reporters.JUnitReportReporter -->
<testsuite skipped="0" hostname="LAPTOP-65H8KDP8" name="com.cpcommunity.testScripts.community.TC107_Member_Cancel_Groups_Request_From_MyGroups" tests="1" failures="0" timestamp="05 Oct 2020 07:17:01 GMT" time="207.126" errors="0">
  <testcase name="TC107" time="207.126" classname="com.cpcommunity.testScripts.community.TC107_Member_Cancel_Groups_Request_From_MyGroups"/>
</testsuite> <!-- com.cpcommunity.testScripts.community.TC107_Member_Cancel_Groups_Request_From_MyGroups -->
