<?xml version="1.0" encoding="UTF-8"?>
<!-- Generated by org.testng.reporters.JUnitReportReporter -->
<testsuite skipped="0" hostname="LAPTOP-65H8KDP8" name="com.cpcommunity.testScripts.community.TC053_Community_Admin_Manage_Group_Members" tests="1" failures="0" timestamp="05 Oct 2020 07:17:01 GMT" time="254.698" errors="0">
  <testcase name="TC053" time="254.698" classname="com.cpcommunity.testScripts.community.TC053_Community_Admin_Manage_Group_Members"/>
</testsuite> <!-- com.cpcommunity.testScripts.community.TC053_Community_Admin_Manage_Group_Members -->
