<?xml version="1.0" encoding="UTF-8"?>
<!-- Generated by org.testng.reporters.JUnitReportReporter -->
<testsuite skipped="0" hostname="LAPTOP-65H8KDP8" name="com.cpcommunity.testScripts.community.TC108_Share_Posts_in_Group" tests="1" failures="0" timestamp="05 Oct 2020 07:17:01 GMT" time="307.010" errors="0">
  <testcase name="TC108" time="307.010" classname="com.cpcommunity.testScripts.community.TC108_Share_Posts_in_Group"/>
</testsuite> <!-- com.cpcommunity.testScripts.community.TC108_Share_Posts_in_Group -->
