<?xml version="1.0" encoding="UTF-8"?>
<!-- Generated by org.testng.reporters.JUnitReportReporter -->
<testsuite skipped="0" hostname="LAPTOP-65H8KDP8" name="com.cpcommunity.testScripts.community.TC121_Community_Admin_Invite_Members_With_Terms_And_Conditions" tests="1" failures="0" timestamp="05 Oct 2020 07:17:01 GMT" time="160.344" errors="0">
  <testcase name="TC121" time="160.344" classname="com.cpcommunity.testScripts.community.TC121_Community_Admin_Invite_Members_With_Terms_And_Conditions"/>
</testsuite> <!-- com.cpcommunity.testScripts.community.TC121_Community_Admin_Invite_Members_With_Terms_And_Conditions -->
