<?xml version="1.0" encoding="UTF-8"?>
<!-- Generated by org.testng.reporters.JUnitReportReporter -->
<testsuite skipped="0" hostname="LAPTOP-65H8KDP8" name="com.cpcommunity.testScripts.Promocodes.TC184_Create_PromoCode" tests="1" failures="0" timestamp="05 Oct 2020 07:17:01 GMT" time="140.794" errors="0">
  <testcase name="TC184" time="140.794" classname="com.cpcommunity.testScripts.Promocodes.TC184_Create_PromoCode"/>
</testsuite> <!-- com.cpcommunity.testScripts.Promocodes.TC184_Create_PromoCode -->
