<?xml version="1.0" encoding="UTF-8"?>
<!-- Generated by org.testng.reporters.JUnitReportReporter -->
<testsuite skipped="0" hostname="LAPTOP-65H8KDP8" name="com.cpcommunity.testScripts.community.TC166_Verify_Rejected_Community_Is_Not_Displayed_In_MyCommunities" tests="1" failures="0" timestamp="05 Oct 2020 07:17:01 GMT" time="107.287" errors="0">
  <testcase name="TC166" time="107.287" classname="com.cpcommunity.testScripts.community.TC166_Verify_Rejected_Community_Is_Not_Displayed_In_MyCommunities"/>
</testsuite> <!-- com.cpcommunity.testScripts.community.TC166_Verify_Rejected_Community_Is_Not_Displayed_In_MyCommunities -->
