<?xml version="1.0" encoding="UTF-8"?>
<!-- Generated by org.testng.reporters.JUnitReportReporter -->
<testsuite skipped="0" hostname="LAPTOP-65H8KDP8" name="com.cpcommunity.testScripts.community.TC118_Send_Connection_From_Community_Details_Page" tests="1" failures="0" timestamp="05 Oct 2020 07:17:01 GMT" time="111.578" errors="0">
  <testcase name="TC118" time="111.578" classname="com.cpcommunity.testScripts.community.TC118_Send_Connection_From_Community_Details_Page"/>
</testsuite> <!-- com.cpcommunity.testScripts.community.TC118_Send_Connection_From_Community_Details_Page -->
