<?xml version="1.0" encoding="UTF-8"?>
<!-- Generated by org.testng.reporters.JUnitReportReporter -->
<testsuite skipped="0" hostname="LAPTOP-65H8KDP8" name="com.cpcommunity.testScripts.community.TC131_Purchase_Pricing_Plan_With_Authorize_Net" tests="1" failures="0" timestamp="05 Oct 2020 07:17:01 GMT" time="463.929" errors="0">
  <testcase name="TC131" time="463.929" classname="com.cpcommunity.testScripts.community.TC131_Purchase_Pricing_Plan_With_Authorize_Net"/>
</testsuite> <!-- com.cpcommunity.testScripts.community.TC131_Purchase_Pricing_Plan_With_Authorize_Net -->
