<?xml version="1.0" encoding="UTF-8"?>
<!-- Generated by org.testng.reporters.JUnitReportReporter -->
<testsuite skipped="0" hostname="LAPTOP-65H8KDP8" name="com.cpcommunity.testScripts.community.TC067_Join_Leave_Public_And_Join_Cance_Private_Groups_From_Community_Details" tests="1" failures="0" timestamp="05 Oct 2020 07:17:01 GMT" time="251.711" errors="0">
  <testcase name="TC067" time="251.711" classname="com.cpcommunity.testScripts.community.TC067_Join_Leave_Public_And_Join_Cance_Private_Groups_From_Community_Details"/>
</testsuite> <!-- com.cpcommunity.testScripts.community.TC067_Join_Leave_Public_And_Join_Cance_Private_Groups_From_Community_Details -->
