<?xml version="1.0" encoding="UTF-8"?>
<!-- Generated by org.testng.reporters.JUnitReportReporter -->
<testsuite skipped="0" hostname="LAPTOP-65H8KDP8" name="com.cpcommunity.testScripts.myprofiletestcases.TC024_Verify_User_Is_Able_To_Delete_Protfolio" tests="1" failures="0" timestamp="29 Sep 2020 11:57:55 GMT" time="147.750" errors="0">
  <testcase name="TC024" time="147.750" classname="com.cpcommunity.testScripts.myprofiletestcases.TC024_Verify_User_Is_Able_To_Delete_Protfolio"/>
</testsuite> <!-- com.cpcommunity.testScripts.myprofiletestcases.TC024_Verify_User_Is_Able_To_Delete_Protfolio -->
