<?xml version="1.0" encoding="UTF-8"?>
<!-- Generated by org.testng.reporters.JUnitReportReporter -->
<testsuite skipped="0" hostname="LAPTOP-65H8KDP8" name="com.cpcommunity.testScripts.community.TC001_Purchase_Pricing_Plan_With_PayPal" tests="1" failures="0" timestamp="29 Sep 2020 11:57:55 GMT" time="1333.975" errors="0">
  <testcase name="TC001" time="1333.975" classname="com.cpcommunity.testScripts.community.TC001_Purchase_Pricing_Plan_With_PayPal"/>
</testsuite> <!-- com.cpcommunity.testScripts.community.TC001_Purchase_Pricing_Plan_With_PayPal -->
