<?xml version="1.0" encoding="UTF-8"?>
<!-- Generated by org.testng.reporters.JUnitReportReporter -->
<testsuite skipped="0" hostname="LAPTOP-65H8KDP8" name="com.cpcommunity.testScripts.community.TC165_Veirfy_Community_Website_URL_Redirected_To_Configured_Website" tests="1" failures="0" timestamp="29 Sep 2020 11:57:55 GMT" time="0.122" errors="0">
  <testcase name="TC165" time="0.122" classname="com.cpcommunity.testScripts.community.TC165_Veirfy_Community_Website_URL_Redirected_To_Configured_Website"/>
</testsuite> <!-- com.cpcommunity.testScripts.community.TC165_Veirfy_Community_Website_URL_Redirected_To_Configured_Website -->
