<?xml version="1.0" encoding="UTF-8"?>
<!-- Generated by org.testng.reporters.JUnitReportReporter -->
<testsuite skipped="0" hostname="LAPTOP-65H8KDP8" name="com.cpcommunity.testScripts.community.TC033_Complete_Community_Setup" tests="1" failures="0" timestamp="29 Sep 2020 11:57:55 GMT" time="290.550" errors="0">
  <testcase name="TC033" time="290.550" classname="com.cpcommunity.testScripts.community.TC033_Complete_Community_Setup"/>
</testsuite> <!-- com.cpcommunity.testScripts.community.TC033_Complete_Community_Setup -->
