<?xml version="1.0" encoding="UTF-8"?>
<!-- Generated by org.testng.reporters.JUnitReportReporter -->
<testsuite skipped="0" hostname="LAPTOP-65H8KDP8" name="com.cpcommunity.testScripts.community.TC127_Zoom_Meeting_Configuration" tests="1" failures="0" timestamp="29 Sep 2020 11:57:55 GMT" time="161.649" errors="0">
  <testcase name="TC127" time="161.649" classname="com.cpcommunity.testScripts.community.TC127_Zoom_Meeting_Configuration"/>
</testsuite> <!-- com.cpcommunity.testScripts.community.TC127_Zoom_Meeting_Configuration -->
