<?xml version="1.0" encoding="UTF-8"?>
<!-- Generated by org.testng.reporters.JUnitReportReporter -->
<testsuite skipped="0" hostname="LAPTOP-65H8KDP8" name="com.cpcommunity.testScripts.community.TC087_Configure_Cash_Payment" tests="1" failures="0" timestamp="29 Sep 2020 11:57:55 GMT" time="126.202" errors="0">
  <testcase name="TC087" time="126.202" classname="com.cpcommunity.testScripts.community.TC087_Configure_Cash_Payment"/>
</testsuite> <!-- com.cpcommunity.testScripts.community.TC087_Configure_Cash_Payment -->
