<?xml version="1.0" encoding="UTF-8"?>
<!-- Generated by org.testng.reporters.JUnitReportReporter -->
<testsuite skipped="0" hostname="LAPTOP-65H8KDP8" name="com.cpcommunity.testScripts.myprofiletestcases.TC016_Verify_User_is_Able_to_Select_Private_Radio_Button" tests="1" failures="0" timestamp="29 Sep 2020 11:57:55 GMT" time="102.551" errors="0">
  <testcase name="TC016" time="102.551" classname="com.cpcommunity.testScripts.myprofiletestcases.TC016_Verify_User_is_Able_to_Select_Private_Radio_Button"/>
</testsuite> <!-- com.cpcommunity.testScripts.myprofiletestcases.TC016_Verify_User_is_Able_to_Select_Private_Radio_Button -->
