<?xml version="1.0" encoding="UTF-8"?>
<!-- Generated by org.testng.reporters.JUnitReportReporter -->
<testsuite skipped="0" hostname="LAPTOP-65H8KDP8" name="com.cpcommunity.testScripts.community.TC088_Configure_Cheque_Payment" tests="1" failures="0" timestamp="29 Sep 2020 11:57:55 GMT" time="141.915" errors="0">
  <testcase name="TC088" time="141.915" classname="com.cpcommunity.testScripts.community.TC088_Configure_Cheque_Payment"/>
</testsuite> <!-- com.cpcommunity.testScripts.community.TC088_Configure_Cheque_Payment -->
