<?xml version="1.0" encoding="UTF-8"?>
<!-- Generated by org.testng.reporters.JUnitReportReporter -->
<testsuite skipped="0" hostname="LAPTOP-65H8KDP8" name="com.cpcommunity.testScripts.community.TC174_Verify_CA_Is_Not_Able_Configure_Membership_Plan_More_Than_Pricing_Plan_Duration" tests="1" failures="0" timestamp="29 Sep 2020 11:57:55 GMT" time="109.874" errors="0">
  <testcase name="TC001" time="109.874" classname="com.cpcommunity.testScripts.community.TC174_Verify_CA_Is_Not_Able_Configure_Membership_Plan_More_Than_Pricing_Plan_Duration"/>
</testsuite> <!-- com.cpcommunity.testScripts.community.TC174_Verify_CA_Is_Not_Able_Configure_Membership_Plan_More_Than_Pricing_Plan_Duration -->
