<?xml version="1.0" encoding="UTF-8"?>
<!-- Generated by org.testng.reporters.JUnitReportReporter -->
<testsuite skipped="0" hostname="LAPTOP-65H8KDP8" name="com.cpcommunity.testScripts.community.TC032_System_Admin_Community_Approval" tests="1" failures="0" timestamp="29 Sep 2020 11:57:55 GMT" time="169.965" errors="0">
  <testcase name="TC032" time="169.965" classname="com.cpcommunity.testScripts.community.TC032_System_Admin_Community_Approval"/>
</testsuite> <!-- com.cpcommunity.testScripts.community.TC032_System_Admin_Community_Approval -->
