<?xml version="1.0" encoding="UTF-8"?>
<!-- Generated by org.testng.reporters.JUnitReportReporter -->
<testsuite skipped="0" hostname="LAPTOP-65H8KDP8" name="com.cpcommunity.testScripts.community.TC175_Verify_Membership_Plan_Is_Not_Available_For_Purchased_Pricing_Plan_Without_Membership_Plan_To_CA" tests="1" failures="0" timestamp="29 Sep 2020 11:57:55 GMT" time="578.265" errors="0">
  <testcase name="TC175" time="578.265" classname="com.cpcommunity.testScripts.community.TC175_Verify_Membership_Plan_Is_Not_Available_For_Purchased_Pricing_Plan_Without_Membership_Plan_To_CA"/>
</testsuite> <!-- com.cpcommunity.testScripts.community.TC175_Verify_Membership_Plan_Is_Not_Available_For_Purchased_Pricing_Plan_Without_Membership_Plan_To_CA -->
