<?xml version="1.0" encoding="UTF-8"?>
<!-- Generated by org.testng.reporters.JUnitReportReporter -->
<testsuite skipped="0" hostname="LAPTOP-65H8KDP8" name="com.cpcommunity.testScripts.community.TC094_Activate_PayMent_Gateways" tests="1" failures="0" timestamp="29 Sep 2020 11:57:55 GMT" time="243.504" errors="0">
  <testcase name="TC094" time="243.504" classname="com.cpcommunity.testScripts.community.TC094_Activate_PayMent_Gateways"/>
</testsuite> <!-- com.cpcommunity.testScripts.community.TC094_Activate_PayMent_Gateways -->
