<?xml version="1.0" encoding="UTF-8"?>
<!-- Generated by org.testng.reporters.JUnitReportReporter -->
<testsuite skipped="0" hostname="LAPTOP-65H8KDP8" name="com.cpcommunity.testScripts.community.TC118_Send_Connection_From_Community_Details_Page" tests="1" failures="0" timestamp="29 Sep 2020 11:57:55 GMT" time="114.571" errors="0">
  <testcase name="TC118" time="114.571" classname="com.cpcommunity.testScripts.community.TC118_Send_Connection_From_Community_Details_Page"/>
</testsuite> <!-- com.cpcommunity.testScripts.community.TC118_Send_Connection_From_Community_Details_Page -->
