<?xml version="1.0" encoding="UTF-8"?>
<!-- Generated by org.testng.reporters.JUnitReportReporter -->
<testsuite skipped="0" hostname="LAPTOP-65H8KDP8" name="com.cpcommunity.testScripts.community.TC117_Send_Connection_From_Member_Directory" tests="1" failures="0" timestamp="29 Sep 2020 11:57:55 GMT" time="79.091" errors="0">
  <testcase name="TC117" time="79.091" classname="com.cpcommunity.testScripts.community.TC117_Send_Connection_From_Member_Directory"/>
</testsuite> <!-- com.cpcommunity.testScripts.community.TC117_Send_Connection_From_Member_Directory -->
