<?xml version="1.0" encoding="UTF-8"?>
<!-- Generated by org.testng.reporters.JUnitReportReporter -->
<testsuite skipped="0" hostname="LAPTOP-65H8KDP8" name="com.cpcommunity.testScripts.community.TC171_Verify_Total_Communities_Count_And_In_My_Communities_Are_Same" tests="1" failures="0" timestamp="29 Sep 2020 11:57:55 GMT" time="62.640" errors="0">
  <testcase name="TC171" time="62.640" classname="com.cpcommunity.testScripts.community.TC171_Verify_Total_Communities_Count_And_In_My_Communities_Are_Same"/>
</testsuite> <!-- com.cpcommunity.testScripts.community.TC171_Verify_Total_Communities_Count_And_In_My_Communities_Are_Same -->
