<?xml version="1.0" encoding="UTF-8"?>
<!-- Generated by org.testng.reporters.JUnitReportReporter -->
<testsuite skipped="0" hostname="LAPTOP-65H8KDP8" name="com.cpcommunity.testScripts.community.TC169_Verify_Member_Cannot_Able_To_Remove_CA_From_Manage_Community_Members_page_For_Only_One_Community_Admin" tests="1" failures="0" timestamp="29 Sep 2020 11:57:55 GMT" time="118.578" errors="0">
  <testcase name="TC162" time="118.578" classname="com.cpcommunity.testScripts.community.TC169_Verify_Member_Cannot_Able_To_Remove_CA_From_Manage_Community_Members_page_For_Only_One_Community_Admin"/>
</testsuite> <!-- com.cpcommunity.testScripts.community.TC169_Verify_Member_Cannot_Able_To_Remove_CA_From_Manage_Community_Members_page_For_Only_One_Community_Admin -->
