<?xml version="1.0" encoding="UTF-8"?>
<!-- Generated by org.testng.reporters.JUnitReportReporter -->
<testsuite skipped="0" hostname="LAPTOP-65H8KDP8" name="com.cpcommunity.testScripts.community.TC172_Verify_Purchased_Membership_Is_Not_Editable_To_CA" tests="1" failures="0" timestamp="29 Sep 2020 11:57:55 GMT" time="100.555" errors="0">
  <testcase name="TC172" time="100.555" classname="com.cpcommunity.testScripts.community.TC172_Verify_Purchased_Membership_Is_Not_Editable_To_CA"/>
</testsuite> <!-- com.cpcommunity.testScripts.community.TC172_Verify_Purchased_Membership_Is_Not_Editable_To_CA -->
