<?xml version="1.0" encoding="UTF-8"?>
<!-- Generated by org.testng.reporters.JUnitReportReporter -->
<testsuite skipped="0" hostname="LAPTOP-65H8KDP8" name="com.cpcommunity.testScripts.community.TC035_Create_Community_With_Rejected_Community_Name" tests="1" failures="0" timestamp="29 Sep 2020 11:57:55 GMT" time="164.360" errors="0">
  <testcase name="TC035" time="164.360" classname="com.cpcommunity.testScripts.community.TC035_Create_Community_With_Rejected_Community_Name"/>
</testsuite> <!-- com.cpcommunity.testScripts.community.TC035_Create_Community_With_Rejected_Community_Name -->
