<?xml version="1.0" encoding="UTF-8"?>
<!-- Generated by org.testng.reporters.JUnitReportReporter -->
<testsuite skipped="0" hostname="LAPTOP-65H8KDP8" name="com.cpcommunity.testScripts.myprofiletestcases.TC022_Verify_User_Is_Able_To_Add_Protfolio" tests="1" failures="0" timestamp="29 Sep 2020 11:57:55 GMT" time="77.144" errors="0">
  <testcase name="TC022" time="77.144" classname="com.cpcommunity.testScripts.myprofiletestcases.TC022_Verify_User_Is_Able_To_Add_Protfolio"/>
</testsuite> <!-- com.cpcommunity.testScripts.myprofiletestcases.TC022_Verify_User_Is_Able_To_Add_Protfolio -->
