<?xml version="1.0" encoding="UTF-8"?>
<!-- Generated by org.testng.reporters.JUnitReportReporter -->
<testsuite skipped="0" hostname="LAPTOP-65H8KDP8" name="com.cpcommunity.testScripts.myprofiletestcases.TC020_Verify_User_is_Able_to_Select_Phone_Private" tests="1" failures="0" timestamp="29 Sep 2020 11:57:55 GMT" time="102.855" errors="0">
  <testcase name="TC020" time="102.855" classname="com.cpcommunity.testScripts.myprofiletestcases.TC020_Verify_User_is_Able_to_Select_Phone_Private"/>
</testsuite> <!-- com.cpcommunity.testScripts.myprofiletestcases.TC020_Verify_User_is_Able_to_Select_Phone_Private -->
