<?xml version="1.0" encoding="UTF-8"?>
<!-- Generated by org.testng.reporters.JUnitReportReporter -->
<testsuite skipped="0" hostname="LAPTOP-65H8KDP8" name="com.cpcommunity.testScripts.community.TC030_System_Admin_Community_Rejection" tests="1" failures="0" timestamp="29 Sep 2020 11:57:55 GMT" time="133.014" errors="0">
  <testcase name="TC030" time="133.014" classname="com.cpcommunity.testScripts.community.TC030_System_Admin_Community_Rejection"/>
</testsuite> <!-- com.cpcommunity.testScripts.community.TC030_System_Admin_Community_Rejection -->
