<?xml version="1.0" encoding="UTF-8"?>
<!-- Generated by org.testng.reporters.JUnitReportReporter -->
<testsuite skipped="0" hostname="LAPTOP-65H8KDP8" name="com.cpcommunity.testScripts.community.TC130_Apply_Job_Requirement_From_Global_Careers" tests="1" failures="0" timestamp="29 Sep 2020 11:57:55 GMT" time="133.777" errors="0">
  <testcase name="TC130" time="133.777" classname="com.cpcommunity.testScripts.community.TC130_Apply_Job_Requirement_From_Global_Careers"/>
</testsuite> <!-- com.cpcommunity.testScripts.community.TC130_Apply_Job_Requirement_From_Global_Careers -->
