<?xml version="1.0" encoding="UTF-8"?>
<!-- Generated by org.testng.reporters.JUnitReportReporter -->
<testsuite skipped="0" hostname="LAPTOP-65H8KDP8" name="com.cpcommunity.testScripts.community.TC131_Purchase_Pricing_Plan_With_Authorize_Net" tests="1" failures="0" timestamp="29 Sep 2020 11:57:55 GMT" time="453.170" errors="0">
  <testcase name="TC131" time="453.170" classname="com.cpcommunity.testScripts.community.TC131_Purchase_Pricing_Plan_With_Authorize_Net"/>
</testsuite> <!-- com.cpcommunity.testScripts.community.TC131_Purchase_Pricing_Plan_With_Authorize_Net -->
