<?xml version="1.0" encoding="UTF-8"?>
<!-- Generated by org.testng.reporters.JUnitReportReporter -->
<testsuite hostname="DESKTOP-TH7CST6" failures="0" tests="1" name="com.cpcommunity.testScripts.Groups.TC1023_Verify_CA_ableTo_Edit_Group" time="167.649" errors="0" timestamp="18 Aug 2021 04:03:37 GMT" skipped="0">
  <testcase classname="com.cpcommunity.testScripts.Groups.TC1023_Verify_CA_ableTo_Edit_Group" name="TC1023" time="167.649"/>
</testsuite> <!-- com.cpcommunity.testScripts.Groups.TC1023_Verify_CA_ableTo_Edit_Group -->
