<?xml version="1.0" encoding="UTF-8"?>
<!-- Generated by org.testng.reporters.JUnitReportReporter -->
<testsuite hostname="DESKTOP-TH7CST6" failures="0" tests="1" name="com.cpcommunity.testScripts.loginPage.TC1006_LoginWithout_Password" time="37.008" errors="0" timestamp="24 May 2021 17:20:04 GMT" skipped="0">
  <testcase classname="com.cpcommunity.testScripts.loginPage.TC1006_LoginWithout_Password" name="TC1006" time="37.008"/>
</testsuite> <!-- com.cpcommunity.testScripts.loginPage.TC1006_LoginWithout_Password -->
