<?xml version="1.0" encoding="UTF-8"?>
<!-- Generated by org.testng.reporters.JUnitReportReporter -->
<testsuite hostname="DESKTOP-6QDE8GI" failures="0" tests="1" name="com.cpcommunity.memberDirectoryTestCases.TC705_Verify_DetailsDispalyed_MemberDir_When_All_FieldsFilled" time="100.549" errors="0" timestamp="22 Jun 2021 06:25:47 GMT" skipped="0">
  <testcase classname="com.cpcommunity.memberDirectoryTestCases.TC705_Verify_DetailsDispalyed_MemberDir_When_All_FieldsFilled" name="TC705" time="100.549"/>
</testsuite> <!-- com.cpcommunity.memberDirectoryTestCases.TC705_Verify_DetailsDispalyed_MemberDir_When_All_FieldsFilled -->
