<?xml version="1.0" encoding="UTF-8"?>
<!-- Generated by org.testng.reporters.JUnitReportReporter -->
<testsuite hostname="DESKTOP-TH7CST6" failures="0" tests="1" name="com.cpcommunity.testScrips.communityWidget.TC1204_verify_CA_ableto_hide_AdvertisementTab" time="252.422" errors="0" timestamp="05 Aug 2021 19:13:46 GMT" skipped="0">
  <testcase classname="com.cpcommunity.testScrips.communityWidget.TC1204_verify_CA_ableto_hide_AdvertisementTab" name="TC1204" time="252.422"/>
</testsuite> <!-- com.cpcommunity.testScrips.communityWidget.TC1204_verify_CA_ableto_hide_AdvertisementTab -->
