<?xml version="1.0" encoding="UTF-8"?>
<!-- Generated by org.testng.reporters.JUnitReportReporter -->
<testsuite hostname="ViswanadhMS" failures="0" tests="1" name="com.cpcommunity.testScripts.loginPage.TC003_Verify_Alert_Displayed_To_Email_Pending_User" time="54.385" errors="0" timestamp="25 Apr 2021 18:32:56 GMT" skipped="0">
  <testcase classname="com.cpcommunity.testScripts.loginPage.TC003_Verify_Alert_Displayed_To_Email_Pending_User" name="TC003" time="54.385"/>
</testsuite> <!-- com.cpcommunity.testScripts.loginPage.TC003_Verify_Alert_Displayed_To_Email_Pending_User -->
