<?xml version="1.0" encoding="UTF-8"?>
<!-- Generated by org.testng.reporters.JUnitReportReporter -->
<testsuite hostname="ViswanadhMS" failures="0" tests="1" name="com.cpcommunity.testScripts.community.TC032_System_Admin_Community_Approval" time="111.476" errors="0" timestamp="26 Apr 2021 08:27:12 GMT" skipped="0">
  <testcase classname="com.cpcommunity.testScripts.community.TC032_System_Admin_Community_Approval" name="TC032" time="111.476"/>
</testsuite> <!-- com.cpcommunity.testScripts.community.TC032_System_Admin_Community_Approval -->
