<?xml version="1.0" encoding="UTF-8"?>
<!-- Generated by org.testng.reporters.JUnitReportReporter -->
<testsuite hostname="ViswanadhMS" failures="0" tests="1" name="com.cpcommunity.testScripts.loginPage.TC002_Verify_User_Able_Login_With_Invalid_Credentials" time="61.849" errors="0" timestamp="25 Apr 2021 18:32:56 GMT" skipped="0">
  <testcase classname="com.cpcommunity.testScripts.loginPage.TC002_Verify_User_Able_Login_With_Invalid_Credentials" name="TC002" time="61.849"/>
</testsuite> <!-- com.cpcommunity.testScripts.loginPage.TC002_Verify_User_Able_Login_With_Invalid_Credentials -->
