<?xml version="1.0" encoding="UTF-8"?>
<!-- Generated by org.testng.reporters.JUnitReportReporter -->
<testsuite hostname="DESKTOP-TH7CST6" failures="0" tests="1" name="com.cpcommunity.testScripts.JobPost.TC1089_Verify_TA_ableTo_Count_TotalJob_Applications" time="72.550" errors="0" timestamp="18 Aug 2021 04:03:36 GMT" skipped="0">
  <testcase classname="com.cpcommunity.testScripts.JobPost.TC1089_Verify_TA_ableTo_Count_TotalJob_Applications" name="TC1089" time="72.550"/>
</testsuite> <!-- com.cpcommunity.testScripts.JobPost.TC1089_Verify_TA_ableTo_Count_TotalJob_Applications -->
