<?xml version="1.0" encoding="UTF-8"?>
<!-- Generated by org.testng.reporters.JUnitReportReporter -->
<testsuite hostname="ViswanadhMS" failures="0" tests="1" name="com.cpcommunity.testScripts.loginPage.TC004_Verify_Organization_Pending_User_Not_Able_Login" time="54.248" errors="0" timestamp="25 Apr 2021 18:32:56 GMT" skipped="0">
  <testcase classname="com.cpcommunity.testScripts.loginPage.TC004_Verify_Organization_Pending_User_Not_Able_Login" name="TC004" time="54.248"/>
</testsuite> <!-- com.cpcommunity.testScripts.loginPage.TC004_Verify_Organization_Pending_User_Not_Able_Login -->
