<?xml version="1.0" encoding="UTF-8"?>
<!-- Generated by org.testng.reporters.JUnitReportReporter -->
<testsuite hostname="DESKTOP-TH7CST6" failures="0" tests="1" name="com.cpcommunity.testScripts.Groups.TC1025_Verify_ManageGroupIcon_Display_ToGroupAdmin" time="66.480" errors="0" timestamp="18 Aug 2021 04:03:36 GMT" skipped="0">
  <testcase classname="com.cpcommunity.testScripts.Groups.TC1025_Verify_ManageGroupIcon_Display_ToGroupAdmin" name="TC1025" time="66.480"/>
</testsuite> <!-- com.cpcommunity.testScripts.Groups.TC1025_Verify_ManageGroupIcon_Display_ToGroupAdmin -->
