<?xml version="1.0" encoding="UTF-8"?>
<!-- Generated by org.testng.reporters.JUnitReportReporter -->
<testsuite hostname="DESKTOP-TH7CST6" failures="0" tests="1" name="com.cpcommunity.testScrips.communityWidget.TC1200_verify_CA_ableto_hide_DiscussionTab" time="315.637" errors="0" timestamp="05 Aug 2021 16:33:26 GMT" skipped="0">
  <testcase classname="com.cpcommunity.testScrips.communityWidget.TC1200_verify_CA_ableto_hide_DiscussionTab" name="TC1200" time="315.637"/>
</testsuite> <!-- com.cpcommunity.testScrips.communityWidget.TC1200_verify_CA_ableto_hide_DiscussionTab -->
