<?xml version="1.0" encoding="UTF-8"?>
<!-- Generated by org.testng.reporters.JUnitReportReporter -->
<testsuite hostname="DESKTOP-TH7CST6" failures="0" tests="1" name="com.cpcommunity.ManageCampaign.TC1067_Verify_CA_ableto_Inactivate_CampaignTemplate_and_shouldNot_display_InSelectTemplate_CompaseCamp" time="272.906" errors="0" timestamp="18 Aug 2021 16:59:52 GMT" skipped="0">
  <testcase classname="com.cpcommunity.ManageCampaign.TC1067_Verify_CA_ableto_Inactivate_CampaignTemplate_and_shouldNot_display_InSelectTemplate_CompaseCamp" name="TC1067" time="272.906"/>
</testsuite> <!-- com.cpcommunity.ManageCampaign.TC1067_Verify_CA_ableto_Inactivate_CampaignTemplate_and_shouldNot_display_InSelectTemplate_CompaseCamp -->
