<?xml version="1.0" encoding="UTF-8"?>
<!-- Generated by org.testng.reporters.JUnitReportReporter -->
<testsuite hostname="DESKTOP-TH7CST6" failures="0" tests="1" name="com.cpcommunity.ProfileCompleteness.TC_1010_Check_Profile_CompletenessStatus_ByProviding_JobTitle" time="102.768" errors="0" timestamp="08 Jun 2021 14:57:47 GMT" skipped="0">
  <testcase classname="com.cpcommunity.ProfileCompleteness.TC_1010_Check_Profile_CompletenessStatus_ByProviding_JobTitle" name="TC1010" time="102.768"/>
</testsuite> <!-- com.cpcommunity.ProfileCompleteness.TC_1010_Check_Profile_CompletenessStatus_ByProviding_JobTitle -->
