<?xml version="1.0" encoding="UTF-8"?>
<!-- Generated by org.testng.reporters.JUnitReportReporter -->
<testsuite hostname="DESKTOP-TH7CST6" failures="0" tests="1" name="com.cpcommunity.ManageCampaign.TC1052_Verify_ActiveMembers_Of_ActiveOrganisations_Displaying_ForSelecting_AllGroup" time="108.193" errors="0" timestamp="18 Aug 2021 04:03:37 GMT" skipped="0">
  <testcase classname="com.cpcommunity.ManageCampaign.TC1052_Verify_ActiveMembers_Of_ActiveOrganisations_Displaying_ForSelecting_AllGroup" name="TC1052" time="108.193"/>
</testsuite> <!-- com.cpcommunity.ManageCampaign.TC1052_Verify_ActiveMembers_Of_ActiveOrganisations_Displaying_ForSelecting_AllGroup -->
