<?xml version="1.0" encoding="UTF-8"?>
<!-- Generated by org.testng.reporters.JUnitReportReporter -->
<testsuite hostname="DESKTOP-TH7CST6" failures="0" tests="1" name="com.cpcommunitytestScripts.Job.TC1014_Verify_CA_ableTo_Add_JobPost" time="111.746" errors="0" timestamp="06 Jun 2021 14:11:34 GMT" skipped="0">
  <testcase classname="com.cpcommunitytestScripts.Job.TC1014_Verify_CA_ableTo_Add_JobPost" name="TC1014" time="111.746"/>
</testsuite> <!-- com.cpcommunitytestScripts.Job.TC1014_Verify_CA_ableTo_Add_JobPost -->
