<?xml version="1.0" encoding="UTF-8"?>
<!-- Generated by org.testng.reporters.JUnitReportReporter -->
<testsuite hostname="DESKTOP-TH7CST6" failures="0" tests="1" name="com.cpcommunity.ManageCampaign.TC1047_CA_ableTo_Check_SendMail_History" time="170.558" errors="0" timestamp="18 Aug 2021 04:03:37 GMT" skipped="0">
  <testcase classname="com.cpcommunity.ManageCampaign.TC1047_CA_ableTo_Check_SendMail_History" name="TC1047" time="170.558"/>
</testsuite> <!-- com.cpcommunity.ManageCampaign.TC1047_CA_ableTo_Check_SendMail_History -->
