<?xml version="1.0" encoding="UTF-8"?>
<!-- Generated by org.testng.reporters.JUnitReportReporter -->
<testsuite hostname="DESKTOP-TH7CST6" failures="0" tests="1" name="com.cpcommunity.testScripts.JobPost.TC1079_Verify_Jobs_Not_Displaying_inGlobalCareer_IfMake_Inactive" time="257.999" errors="0" timestamp="18 Aug 2021 13:15:46 GMT" skipped="0">
  <testcase classname="com.cpcommunity.testScripts.JobPost.TC1079_Verify_Jobs_Not_Displaying_inGlobalCareer_IfMake_Inactive" name="TC1079" time="257.999"/>
</testsuite> <!-- com.cpcommunity.testScripts.JobPost.TC1079_Verify_Jobs_Not_Displaying_inGlobalCareer_IfMake_Inactive -->
