<?xml version="1.0" encoding="UTF-8"?>
<!-- Generated by org.testng.reporters.JUnitReportReporter -->
<testsuite hostname="DESKTOP-TH7CST6" failures="0" tests="1" name="com.cpcommunity.ProfileCompleteness.TC990_Verify_Profileprogress_whenDeleteDetails" time="96.314" errors="0" timestamp="04 Jul 2021 19:39:41 GMT" skipped="0">
  <testcase classname="com.cpcommunity.ProfileCompleteness.TC990_Verify_Profileprogress_whenDeleteDetails" name="TC990" time="96.314"/>
</testsuite> <!-- com.cpcommunity.ProfileCompleteness.TC990_Verify_Profileprogress_whenDeleteDetails -->
