<?xml version="1.0" encoding="UTF-8"?>
<!-- Generated by org.testng.reporters.JUnitReportReporter -->
<testsuite hostname="ViswanadhMS" failures="0" tests="1" name="com.cpcommunity.testScripts.loginPage.TC001_Verify_User_Able_Login_With_Valid_Credentials" time="88.605" errors="0" timestamp="25 Apr 2021 18:32:56 GMT" skipped="0">
  <testcase classname="com.cpcommunity.testScripts.loginPage.TC001_Verify_User_Able_Login_With_Valid_Credentials" name="TC001" time="88.605"/>
</testsuite> <!-- com.cpcommunity.testScripts.loginPage.TC001_Verify_User_Able_Login_With_Valid_Credentials -->
