<?xml version="1.0" encoding="UTF-8"?>
<!-- Generated by org.testng.reporters.JUnitReportReporter -->
<testsuite hostname="DESKTOP-TH7CST6" failures="0" tests="1" name="com.cpcommunity.testScripts.EmailTemplates.TC1106_Verify_Proper_ErrorMsg_displaying_whenUser_Cancel_ET_after_Editing" time="115.639" errors="0" timestamp="18 Aug 2021 04:03:36 GMT" skipped="0">
  <testcase classname="com.cpcommunity.testScripts.EmailTemplates.TC1106_Verify_Proper_ErrorMsg_displaying_whenUser_Cancel_ET_after_Editing" name="TC1106" time="115.639"/>
</testsuite> <!-- com.cpcommunity.testScripts.EmailTemplates.TC1106_Verify_Proper_ErrorMsg_displaying_whenUser_Cancel_ET_after_Editing -->
