<?xml version="1.0" encoding="UTF-8"?>
<!-- Generated by org.testng.reporters.JUnitReportReporter -->
<testsuite hostname="DESKTOP-TH7CST6" failures="0" tests="1" name="com.cpcommunity.testScrips.communityWidget.TC1175_verify_SuggestedEventWidget_not_showing_before_Login" time="46.055" errors="0" timestamp="30 Jul 2021 04:13:27 GMT" skipped="0">
  <testcase classname="com.cpcommunity.testScrips.communityWidget.TC1175_verify_SuggestedEventWidget_not_showing_before_Login" name="TC1175" time="46.055"/>
</testsuite> <!-- com.cpcommunity.testScrips.communityWidget.TC1175_verify_SuggestedEventWidget_not_showing_before_Login -->
