<?xml version="1.0" encoding="UTF-8"?>
<!-- Generated by org.testng.reporters.JUnitReportReporter -->
<testsuite hostname="DESKTOP-TH7CST6" failures="0" tests="1" name="com.cpcommunitytestScripts.Job.TC1018_CA_ableto_changeJobApplication_withRemark" time="114.491" errors="0" timestamp="07 Jun 2021 12:13:36 GMT" skipped="0">
  <testcase classname="com.cpcommunitytestScripts.Job.TC1018_CA_ableto_changeJobApplication_withRemark" name="TC1018" time="114.491"/>
</testsuite> <!-- com.cpcommunitytestScripts.Job.TC1018_CA_ableto_changeJobApplication_withRemark -->
