<?xml version="1.0" encoding="UTF-8"?>
<!-- Generated by org.testng.reporters.JUnitReportReporter -->
<testsuite hostname="ViswanadhMS" failures="0" tests="1" name="com.cpcommunity.testScripts.community.TC042_Member_Reject_community_Request_from_Community_details_page" time="143.056" errors="0" timestamp="26 Apr 2021 16:20:12 GMT" skipped="0">
  <testcase classname="com.cpcommunity.testScripts.community.TC042_Member_Reject_community_Request_from_Community_details_page" name="TC041ToTC046" time="143.056"/>
</testsuite> <!-- com.cpcommunity.testScripts.community.TC042_Member_Reject_community_Request_from_Community_details_page -->
