<?xml version="1.0" encoding="UTF-8"?>
<!-- Generated by org.testng.reporters.JUnitReportReporter -->
<testsuite hostname="DESKTOP-TH7CST6" failures="0" tests="1" name="com.cpcommunity.ManageCampaign.TC1043_Verify_VisibilityOf_SearchField" time="123.676" errors="0" timestamp="18 Aug 2021 04:03:37 GMT" skipped="0">
  <testcase classname="com.cpcommunity.ManageCampaign.TC1043_Verify_VisibilityOf_SearchField" name="TC1043" time="123.676"/>
</testsuite> <!-- com.cpcommunity.ManageCampaign.TC1043_Verify_VisibilityOf_SearchField -->
