<?xml version="1.0" encoding="UTF-8"?>
<!-- Generated by org.testng.reporters.JUnitReportReporter -->
<testsuite hostname="ViswanadhMS" failures="0" tests="1" name="com.cpcommunity.testScripts.community.TC125_Member_Cancel_Created_Community_Request" time="124.128" errors="0" timestamp="26 Apr 2021 07:55:45 GMT" skipped="0">
  <testcase classname="com.cpcommunity.testScripts.community.TC125_Member_Cancel_Created_Community_Request" name="TC125" time="124.128"/>
</testsuite> <!-- com.cpcommunity.testScripts.community.TC125_Member_Cancel_Created_Community_Request -->
