<?xml version="1.0" encoding="UTF-8"?>
<!-- Generated by org.testng.reporters.JUnitReportReporter -->
<testsuite hostname="DESKTOP-TH7CST6" failures="0" tests="1" name="com.cpcommunity.testScrips.communityWidget.TC1206_verify_if_DiscussionTitle_changed_then_changing_inCommunityWidget" time="170.689" errors="0" timestamp="09 Aug 2021 13:14:33 GMT" skipped="0">
  <testcase classname="com.cpcommunity.testScrips.communityWidget.TC1206_verify_if_DiscussionTitle_changed_then_changing_inCommunityWidget" name="TC1206" time="170.689"/>
</testsuite> <!-- com.cpcommunity.testScrips.communityWidget.TC1206_verify_if_DiscussionTitle_changed_then_changing_inCommunityWidget -->
