<?xml version="1.0" encoding="UTF-8"?>
<!-- Generated by org.testng.reporters.JUnitReportReporter -->
<testsuite hostname="DESKTOP-6QDE8GI" failures="0" tests="1" name="com.cpcommunity.testScripts.loginPage.TC006_Verify_User_Redirected_To_Select_Plans_For_Payment_Pending" time="44.540" errors="0" timestamp="21 May 2021 04:06:48 GMT" skipped="0">
  <testcase classname="com.cpcommunity.testScripts.loginPage.TC006_Verify_User_Redirected_To_Select_Plans_For_Payment_Pending" name="TC006" time="44.540"/>
</testsuite> <!-- com.cpcommunity.testScripts.loginPage.TC006_Verify_User_Redirected_To_Select_Plans_For_Payment_Pending -->
