<?xml version="1.0" encoding="UTF-8"?>
<!-- Generated by org.testng.reporters.JUnitReportReporter -->
<testsuite hostname="DESKTOP-6QDE8GI" failures="0" tests="1" name="com.cpcommunity.testScripts.manageCampaign.TC800_Verify_errorMsg_when_sent_without_recipientDetails" time="100.622" errors="0" timestamp="15 Jun 2021 18:47:12 GMT" skipped="0">
  <testcase classname="com.cpcommunity.testScripts.manageCampaign.TC800_Verify_errorMsg_when_sent_without_recipientDetails" name="TC800" time="100.622"/>
</testsuite> <!-- com.cpcommunity.testScripts.manageCampaign.TC800_Verify_errorMsg_when_sent_without_recipientDetails -->
