<?xml version="1.0" encoding="UTF-8"?>
<!-- Generated by org.testng.reporters.JUnitReportReporter -->
<testsuite hostname="DESKTOP-6QDE8GI" failures="0" tests="1" name="com.cpcommunity.testScripts.TA_CreateCommunity.TC974_Verify_TA_CA_UpdatedThemes_visible_community_details_page" time="100.779" errors="0" timestamp="12 Jul 2021 21:15:16 GMT" skipped="0">
  <testcase classname="com.cpcommunity.testScripts.TA_CreateCommunity.TC974_Verify_TA_CA_UpdatedThemes_visible_community_details_page" name="TC974" time="100.779"/>
</testsuite> <!-- com.cpcommunity.testScripts.TA_CreateCommunity.TC974_Verify_TA_CA_UpdatedThemes_visible_community_details_page -->
