<?xml version="1.0" encoding="UTF-8"?>
<!-- Generated by org.testng.reporters.JUnitReportReporter -->
<testsuite hostname="DESKTOP-TH7CST6" failures="0" tests="1" name="com.cpcommunity.testScripts.advertisments.TC1122_Verify_Inactive_AdStatusPlan_notTo_Display_InAdPage" time="105.749" errors="0" timestamp="09 Aug 2021 19:55:08 GMT" skipped="0">
  <testcase classname="com.cpcommunity.testScripts.advertisments.TC1122_Verify_Inactive_AdStatusPlan_notTo_Display_InAdPage" name="TC1122" time="105.749"/>
</testsuite> <!-- com.cpcommunity.testScripts.advertisments.TC1122_Verify_Inactive_AdStatusPlan_notTo_Display_InAdPage -->
