<?xml version="1.0" encoding="UTF-8"?>
<!-- Generated by org.testng.reporters.JUnitReportReporter -->
<testsuite hostname="DESKTOP-6QDE8GI" failures="0" tests="1" name="com.cpcommunity.testScripts.manageCampaign.TC811_Verify_ManageCampaign_sent_allMembers_when_All_Members_selected" time="106.166" errors="0" timestamp="23 Jun 2021 01:32:50 GMT" skipped="0">
  <testcase classname="com.cpcommunity.testScripts.manageCampaign.TC811_Verify_ManageCampaign_sent_allMembers_when_All_Members_selected" name="TC811" time="106.166"/>
</testsuite> <!-- com.cpcommunity.testScripts.manageCampaign.TC811_Verify_ManageCampaign_sent_allMembers_when_All_Members_selected -->
