<?xml version="1.0" encoding="UTF-8"?>
<!-- Generated by org.testng.reporters.JUnitReportReporter -->
<testsuite hostname="DESKTOP-TH7CST6" failures="0" tests="1" name="com.cpcommunity.memberDirectoryTestCases.TC1036_Verify_BusinessCategory_Is_Displaying" time="112.657" errors="0" timestamp="18 Aug 2021 04:03:37 GMT" skipped="0">
  <testcase classname="com.cpcommunity.memberDirectoryTestCases.TC1036_Verify_BusinessCategory_Is_Displaying" name="TC1036" time="112.657"/>
</testsuite> <!-- com.cpcommunity.memberDirectoryTestCases.TC1036_Verify_BusinessCategory_Is_Displaying -->
