<?xml version="1.0" encoding="UTF-8"?>
<!-- Generated by org.testng.reporters.JUnitReportReporter -->
<testsuite hostname="DESKTOP-TH7CST6" failures="0" tests="1" name="com.cpcommunity.ProfileCompleteness.TC997_Verify_Profileprogress_When_Search_fromBusinessDirectory" time="73.887" errors="0" timestamp="04 Jul 2021 19:39:41 GMT" skipped="0">
  <testcase classname="com.cpcommunity.ProfileCompleteness.TC997_Verify_Profileprogress_When_Search_fromBusinessDirectory" name="TC997" time="73.887"/>
</testsuite> <!-- com.cpcommunity.ProfileCompleteness.TC997_Verify_Profileprogress_When_Search_fromBusinessDirectory -->
