<?xml version="1.0" encoding="UTF-8"?>
<!-- Generated by org.testng.reporters.JUnitReportReporter -->
<testsuite hostname="DESKTOP-6QDE8GI" failures="0" tests="1" name="com.cpcommunity.testScripts.loginPage.TC001_Verify_User_Able_Login_With_Valid_Credentials" time="121.896" errors="0" timestamp="24 May 2021 21:05:28 GMT" skipped="0">
  <testcase classname="com.cpcommunity.testScripts.loginPage.TC001_Verify_User_Able_Login_With_Valid_Credentials" name="TC001" time="121.896"/>
</testsuite> <!-- com.cpcommunity.testScripts.loginPage.TC001_Verify_User_Able_Login_With_Valid_Credentials -->
