<?xml version="1.0" encoding="UTF-8"?>
<!-- Generated by org.testng.reporters.JUnitReportReporter -->
<testsuite hostname="DESKTOP-TH7CST6" failures="0" tests="1" name="com.cpcommunity.testScrips.communityWidget.TC1170_verify_NoSubscription_msg_displayng_inCommunityWidget" time="110.072" errors="0" timestamp="26 Jul 2021 19:16:51 GMT" skipped="0">
  <testcase classname="com.cpcommunity.testScrips.communityWidget.TC1170_verify_NoSubscription_msg_displayng_inCommunityWidget" name="TC1170" time="110.072"/>
</testsuite> <!-- com.cpcommunity.testScrips.communityWidget.TC1170_verify_NoSubscription_msg_displayng_inCommunityWidget -->
