<?xml version="1.0" encoding="UTF-8"?>
<!-- Generated by org.testng.reporters.JUnitReportReporter -->
<testsuite hostname="DESKTOP-TH7CST6" failures="0" tests="1" name="com.cpcommunity.testScripts.Resources.TC1075_Verify_TA_ablTo_Create_Resources_with_Community" time="188.390" errors="0" timestamp="18 Aug 2021 04:03:36 GMT" skipped="0">
  <testcase classname="com.cpcommunity.testScripts.Resources.TC1075_Verify_TA_ablTo_Create_Resources_with_Community" name="TC1075" time="188.390"/>
</testsuite> <!-- com.cpcommunity.testScripts.Resources.TC1075_Verify_TA_ablTo_Create_Resources_with_Community -->
