<?xml version="1.0" encoding="UTF-8"?>
<!-- Generated by org.testng.reporters.JUnitReportReporter -->
<testsuite hostname="DESKTOP-TH7CST6" failures="0" tests="1" name="com.cpcommunity.testScripts.JobPost.TC1090_Verify_CA_ableTo_CheckCount_Of_ActiveJob" time="90.205" errors="0" timestamp="18 Aug 2021 04:03:37 GMT" skipped="0">
  <testcase classname="com.cpcommunity.testScripts.JobPost.TC1090_Verify_CA_ableTo_CheckCount_Of_ActiveJob" name="TC1090" time="90.205"/>
</testsuite> <!-- com.cpcommunity.testScripts.JobPost.TC1090_Verify_CA_ableTo_CheckCount_Of_ActiveJob -->
