<?xml version="1.0" encoding="UTF-8"?>
<!-- Generated by org.testng.reporters.JUnitReportReporter -->
<testsuite hostname="DESKTOP-TH7CST6" failures="0" tests="1" name="com.cpcommunity.ManageCampaign.TC1051_Verify_TA_ableto_Add_InActiveMember_for_Selecting_InactiveOrganisation" time="141.083" errors="0" timestamp="18 Aug 2021 04:03:36 GMT" skipped="0">
  <testcase classname="com.cpcommunity.ManageCampaign.TC1051_Verify_TA_ableto_Add_InActiveMember_for_Selecting_InactiveOrganisation" name="TC1051" time="141.083"/>
</testsuite> <!-- com.cpcommunity.ManageCampaign.TC1051_Verify_TA_ableto_Add_InActiveMember_for_Selecting_InactiveOrganisation -->
