<?xml version="1.0" encoding="UTF-8"?>
<!-- Generated by org.testng.reporters.JUnitReportReporter -->
<testsuite hostname="DESKTOP-TH7CST6" failures="0" tests="1" name="com.cpcommunity.testScripts.loginPage.TC1003_Alert_Display_for_SuspendedUser" time="44.966" errors="0" timestamp="21 May 2021 21:48:18 GMT" skipped="0">
  <testcase classname="com.cpcommunity.testScripts.loginPage.TC1003_Alert_Display_for_SuspendedUser" name="TC005" time="44.966"/>
</testsuite> <!-- com.cpcommunity.testScripts.loginPage.TC1003_Alert_Display_for_SuspendedUser -->
