<?xml version="1.0" encoding="UTF-8"?>
<!-- Generated by org.testng.reporters.JUnitReportReporter -->
<testsuite hostname="DESKTOP-6QDE8GI" failures="0" tests="1" name="com.cpcommunity.memberDirectoryTestCases.TC704_Verify_TenantAdmin_CanDownload_Excel_from_MemberDirectory" time="148.796" errors="0" timestamp="22 Jun 2021 06:25:47 GMT" skipped="0">
  <testcase classname="com.cpcommunity.memberDirectoryTestCases.TC704_Verify_TenantAdmin_CanDownload_Excel_from_MemberDirectory" name="TC704" time="148.796"/>
</testsuite> <!-- com.cpcommunity.memberDirectoryTestCases.TC704_Verify_TenantAdmin_CanDownload_Excel_from_MemberDirectory -->
