<?xml version="1.0" encoding="UTF-8"?>
<!-- Generated by org.testng.reporters.JUnitReportReporter -->
<testsuite hostname="DESKTOP-TH7CST6" failures="0" tests="1" name="com.cpcommunity.Endorsments.TC1042_Verify_EndorsmentCount_IsDisplaying_for_PendingEndorsment" time="46.392" errors="0" timestamp="18 Aug 2021 04:03:37 GMT" skipped="0">
  <testcase classname="com.cpcommunity.Endorsments.TC1042_Verify_EndorsmentCount_IsDisplaying_for_PendingEndorsment" name="TC1042" time="46.392"/>
</testsuite> <!-- com.cpcommunity.Endorsments.TC1042_Verify_EndorsmentCount_IsDisplaying_for_PendingEndorsment -->
