<?xml version="1.0" encoding="UTF-8"?>
<!-- Generated by org.testng.reporters.JUnitReportReporter -->
<testsuite hostname="DESKTOP-TH7CST6" failures="0" tests="1" name="com.cpcommunity.testScripts.EmailTemplates.TC1112_verify_ResetButton_inReadonlymode_If_User_Not_Edited_ET" time="117.438" errors="0" timestamp="18 Aug 2021 04:03:36 GMT" skipped="0">
  <testcase classname="com.cpcommunity.testScripts.EmailTemplates.TC1112_verify_ResetButton_inReadonlymode_If_User_Not_Edited_ET" name="TC1112" time="117.438"/>
</testsuite> <!-- com.cpcommunity.testScripts.EmailTemplates.TC1112_verify_ResetButton_inReadonlymode_If_User_Not_Edited_ET -->
