<?xml version="1.0" encoding="UTF-8"?>
<!-- Generated by org.testng.reporters.JUnitReportReporter -->
<testsuite hostname="ViswanadhMS" failures="0" tests="1" name="com.cpcommunity.testScripts.community.TC127_Zoom_Meeting_Configuration" time="185.192" errors="0" timestamp="26 Apr 2021 12:34:52 GMT" skipped="0">
  <testcase classname="com.cpcommunity.testScripts.community.TC127_Zoom_Meeting_Configuration" name="TC127" time="185.192"/>
</testsuite> <!-- com.cpcommunity.testScripts.community.TC127_Zoom_Meeting_Configuration -->
