<?xml version="1.0" encoding="UTF-8"?>
<!-- Generated by org.testng.reporters.JUnitReportReporter -->
<testsuite hostname="DESKTOP-TH7CST6" failures="0" tests="1" name="com.cpcommunity.testScripts.Resources.TC1077_Verify_Member_Not_ableTo_ViewResources_IfNot_Purchased_MembershipPlan" time="119.682" errors="0" timestamp="18 Aug 2021 04:03:37 GMT" skipped="0">
  <testcase classname="com.cpcommunity.testScripts.Resources.TC1077_Verify_Member_Not_ableTo_ViewResources_IfNot_Purchased_MembershipPlan" name="TC1077" time="119.682"/>
</testsuite> <!-- com.cpcommunity.testScripts.Resources.TC1077_Verify_Member_Not_ableTo_ViewResources_IfNot_Purchased_MembershipPlan -->
