<?xml version="1.0" encoding="UTF-8"?>
<!-- Generated by org.testng.reporters.JUnitReportReporter -->
<testsuite hostname="ViswanadhMS" failures="0" tests="1" name="com.cpcommunity.testScripts.community.TC087_Configure_Cash_Payment" time="157.900" errors="0" timestamp="26 Apr 2021 10:34:37 GMT" skipped="0">
  <testcase classname="com.cpcommunity.testScripts.community.TC087_Configure_Cash_Payment" name="TC087" time="157.900"/>
</testsuite> <!-- com.cpcommunity.testScripts.community.TC087_Configure_Cash_Payment -->
