<?xml version="1.0" encoding="UTF-8"?>
<!-- Generated by org.testng.reporters.JUnitReportReporter -->
<testsuite hostname="DESKTOP-TH7CST6" failures="0" tests="1" name="com.cpcommunity.testScripts.JobPost.TC1107_Verify_Member_Cannot_ableTo_See_CareersPage_without_Joining_PrivateCommunity" time="90.750" errors="0" timestamp="18 Aug 2021 04:03:37 GMT" skipped="0">
  <testcase classname="com.cpcommunity.testScripts.JobPost.TC1107_Verify_Member_Cannot_ableTo_See_CareersPage_without_Joining_PrivateCommunity" name="TC1107" time="90.750"/>
</testsuite> <!-- com.cpcommunity.testScripts.JobPost.TC1107_Verify_Member_Cannot_ableTo_See_CareersPage_without_Joining_PrivateCommunity -->
