<?xml version="1.0" encoding="UTF-8"?>
<!-- Generated by org.testng.reporters.JUnitReportReporter -->
<testsuite hostname="DESKTOP-TH7CST6" failures="0" tests="1" name="com.cpcommunity.ManageCampaign.TC1056_Verify_TA_ableto_Add_CanceledEvent_NonRSVP" time="147.256" errors="0" timestamp="18 Aug 2021 04:03:37 GMT" skipped="0">
  <testcase classname="com.cpcommunity.ManageCampaign.TC1056_Verify_TA_ableto_Add_CanceledEvent_NonRSVP" name="TC1056" time="147.256"/>
</testsuite> <!-- com.cpcommunity.ManageCampaign.TC1056_Verify_TA_ableto_Add_CanceledEvent_NonRSVP -->
