<?xml version="1.0" encoding="UTF-8"?>
<!-- Generated by org.testng.reporters.JUnitReportReporter -->
<testsuite hostname="DESKTOP-TH7CST6" failures="0" tests="1" name="com.cpcommunity.testScripts.loginPage.TC1002_Organization_pendingUser_NotAble_Login" time="56.840" errors="0" timestamp="21 May 2021 21:48:18 GMT" skipped="0">
  <testcase classname="com.cpcommunity.testScripts.loginPage.TC1002_Organization_pendingUser_NotAble_Login" name="TC004" time="56.840"/>
</testsuite> <!-- com.cpcommunity.testScripts.loginPage.TC1002_Organization_pendingUser_NotAble_Login -->
