<?xml version="1.0" encoding="UTF-8"?>
<!-- Generated by org.testng.reporters.JUnitReportReporter -->
<testsuite hostname="DESKTOP-6QDE8GI" failures="0" tests="1" name="com.cpcommunity.testScripts.ImportContacts.TC827_Verify_CSVfile_contains_duplicate_emails_only1record_should_import_in_contactList" time="147.177" errors="0" timestamp="24 Jun 2021 03:11:42 GMT" skipped="0">
  <testcase classname="com.cpcommunity.testScripts.ImportContacts.TC827_Verify_CSVfile_contains_duplicate_emails_only1record_should_import_in_contactList" name="TC827" time="147.177"/>
</testsuite> <!-- com.cpcommunity.testScripts.ImportContacts.TC827_Verify_CSVfile_contains_duplicate_emails_only1record_should_import_in_contactList -->
