<?xml version="1.0" encoding="UTF-8"?>
<!-- Generated by org.testng.reporters.JUnitReportReporter -->
<testsuite hostname="DESKTOP-TH7CST6" failures="0" tests="1" name="com.cpcommunity.testScripts.advertisments.TC1140_Verify_DuplicateDetails_Notto_Display_when_Member_doubleClick" time="108.686" errors="0" timestamp="10 Aug 2021 04:01:59 GMT" skipped="0">
  <testcase classname="com.cpcommunity.testScripts.advertisments.TC1140_Verify_DuplicateDetails_Notto_Display_when_Member_doubleClick" name="TC1140" time="108.686"/>
</testsuite> <!-- com.cpcommunity.testScripts.advertisments.TC1140_Verify_DuplicateDetails_Notto_Display_when_Member_doubleClick -->
