<?xml version="1.0" encoding="UTF-8"?>
<!-- Generated by org.testng.reporters.JUnitReportReporter -->
<testsuite hostname="DESKTOP-6QDE8GI" failures="0" tests="1" name="com.cpcommunity.testScripts.manageCampaign.TC808_Verify_email_canBeFormatted_using_editor" time="115.343" errors="0" timestamp="22 Jun 2021 06:25:47 GMT" skipped="0">
  <testcase classname="com.cpcommunity.testScripts.manageCampaign.TC808_Verify_email_canBeFormatted_using_editor" name="TC808" time="115.343"/>
</testsuite> <!-- com.cpcommunity.testScripts.manageCampaign.TC808_Verify_email_canBeFormatted_using_editor -->
