<?xml version="1.0" encoding="UTF-8"?>
<!-- Generated by org.testng.reporters.JUnitReportReporter -->
<testsuite hostname="DESKTOP-6QDE8GI" failures="0" tests="1" name="com.cpcommunity.testScripts.MyJobsTestCases.TC993_Verify_User_Cannot_Reapply_To_JobsApplied_Again" time="109.104" errors="0" timestamp="22 Jun 2021 06:25:47 GMT" skipped="0">
  <testcase classname="com.cpcommunity.testScripts.MyJobsTestCases.TC993_Verify_User_Cannot_Reapply_To_JobsApplied_Again" name="TC993" time="109.104"/>
</testsuite> <!-- com.cpcommunity.testScripts.MyJobsTestCases.TC993_Verify_User_Cannot_Reapply_To_JobsApplied_Again -->
