<?xml version="1.0" encoding="UTF-8"?>
<!-- Generated by org.testng.reporters.JUnitReportReporter -->
<testsuite hostname="DESKTOP-TH7CST6" failures="0" tests="1" name="com.cpcommunity.testScrips.communityWidget.TC1169_verify_onlyFive_subscribeDiscussion_displaying" time="150.695" errors="0" timestamp="26 Jul 2021 19:02:30 GMT" skipped="0">
  <testcase classname="com.cpcommunity.testScrips.communityWidget.TC1169_verify_onlyFive_subscribeDiscussion_displaying" name="TC1169" time="150.695"/>
</testsuite> <!-- com.cpcommunity.testScrips.communityWidget.TC1169_verify_onlyFive_subscribeDiscussion_displaying -->
