<?xml version="1.0" encoding="UTF-8"?>
<!-- Generated by org.testng.reporters.JUnitReportReporter -->
<testsuite hostname="DESKTOP-TH7CST6" failures="0" tests="2" name="com.cpcommunity.utilities.DataProviders" time="0.008" errors="0" timestamp="20 May 2021 21:11:27 GMT" skipped="0">
  <testcase classname="com.cpcommunity.utilities.DataProviders" name="testMethod" time="0.001"/>
  <testcase classname="com.cpcommunity.utilities.DataProviders" name="testMethod" time="0.007"/>
</testsuite> <!-- com.cpcommunity.utilities.DataProviders -->
