<?xml version="1.0" encoding="UTF-8"?>
<!-- Generated by org.testng.reporters.JUnitReportReporter -->
<testsuite hostname="DESKTOP-TH7CST6" failures="0" tests="1" name="com.cpcommunity.testScripts.advertisments.TC1128_Verify_TA_ableTo_search_By_PlanName_and_Status" time="106.610" errors="0" timestamp="09 Aug 2021 04:03:03 GMT" skipped="0">
  <testcase classname="com.cpcommunity.testScripts.advertisments.TC1128_Verify_TA_ableTo_search_By_PlanName_and_Status" name="TC1128" time="106.610"/>
</testsuite> <!-- com.cpcommunity.testScripts.advertisments.TC1128_Verify_TA_ableTo_search_By_PlanName_and_Status -->
