<?xml version="1.0" encoding="UTF-8"?>
<!-- Generated by org.testng.reporters.JUnitReportReporter -->
<testsuite hostname="DESKTOP-TH7CST6" failures="0" tests="1" name="com.cpcommunity.testScrips.communityWidget.TC1197_verify_If_Groupname_changed_Is_Displaying_inCommunityWidget" time="343.230" errors="0" timestamp="02 Aug 2021 03:03:06 GMT" skipped="0">
  <testcase classname="com.cpcommunity.testScrips.communityWidget.TC1197_verify_If_Groupname_changed_Is_Displaying_inCommunityWidget" name="TC1197" time="343.230"/>
</testsuite> <!-- com.cpcommunity.testScrips.communityWidget.TC1197_verify_If_Groupname_changed_Is_Displaying_inCommunityWidget -->
