<?xml version="1.0" encoding="UTF-8"?>
<!-- Generated by org.testng.reporters.JUnitReportReporter -->
<testsuite hostname="DESKTOP-TH7CST6" failures="0" tests="1" name="com.cpcommunity.testScrips.communityWidget.TC1171_verify_Guest_askTo_login_for_view_subscription" time="53.827" errors="0" timestamp="27 Jul 2021 02:46:55 GMT" skipped="0">
  <testcase classname="com.cpcommunity.testScrips.communityWidget.TC1171_verify_Guest_askTo_login_for_view_subscription" name="TC1171" time="53.827"/>
</testsuite> <!-- com.cpcommunity.testScrips.communityWidget.TC1171_verify_Guest_askTo_login_for_view_subscription -->
