<?xml version="1.0" encoding="UTF-8"?>
<!-- Generated by org.testng.reporters.JUnitReportReporter -->
<testsuite hostname="DESKTOP-6QDE8GI" failures="0" tests="1" name="com.cpcommunity.memberDirectoryTestCases.TC700_Verify_MemberDirectory_Page" time="185.815" errors="0" timestamp="15 Jun 2021 00:13:53 GMT" skipped="0">
  <testcase classname="com.cpcommunity.memberDirectoryTestCases.TC700_Verify_MemberDirectory_Page" name="TC700" time="185.815"/>
</testsuite> <!-- com.cpcommunity.memberDirectoryTestCases.TC700_Verify_MemberDirectory_Page -->
