<?xml version="1.0" encoding="UTF-8"?>
<!-- Generated by org.testng.reporters.JUnitReportReporter -->
<testsuite hostname="ViswanadhMS" failures="0" tests="1" name="com.cpcommunity.testScripts.community.TC040_Community_Admin_Invite_Members" time="311.343" errors="0" timestamp="26 Apr 2021 15:20:01 GMT" skipped="0">
  <testcase classname="com.cpcommunity.testScripts.community.TC040_Community_Admin_Invite_Members" name="TC040" time="311.343"/>
</testsuite> <!-- com.cpcommunity.testScripts.community.TC040_Community_Admin_Invite_Members -->
