<?xml version="1.0" encoding="UTF-8"?>
<!-- Generated by org.testng.reporters.JUnitReportReporter -->
<testsuite hostname="DESKTOP-TH7CST6" failures="0" tests="1" name="com.cpcommunity.testScripts.Groups.TC1027_Verify_Proper_LeaveErrorMessage_DisplayedTo_OnlyGroupAdmin" time="78.797" errors="0" timestamp="18 Aug 2021 04:03:37 GMT" skipped="0">
  <testcase classname="com.cpcommunity.testScripts.Groups.TC1027_Verify_Proper_LeaveErrorMessage_DisplayedTo_OnlyGroupAdmin" name="TC1027" time="78.797"/>
</testsuite> <!-- com.cpcommunity.testScripts.Groups.TC1027_Verify_Proper_LeaveErrorMessage_DisplayedTo_OnlyGroupAdmin -->
