<?xml version="1.0" encoding="UTF-8"?>
<!-- Generated by org.testng.reporters.JUnitReportReporter -->
<testsuite hostname="DESKTOP-6QDE8GI" failures="0" tests="1" name="com.cpcommunity.testScripts.myprofiletestcases.TC998_Verify_Profilepage_whenDeleteDetails" time="128.498" errors="0" timestamp="26 May 2021 20:21:01 GMT" skipped="0">
  <testcase classname="com.cpcommunity.testScripts.myprofiletestcases.TC998_Verify_Profilepage_whenDeleteDetails" name="TC998" time="128.498"/>
</testsuite> <!-- com.cpcommunity.testScripts.myprofiletestcases.TC998_Verify_Profilepage_whenDeleteDetails -->
