<?xml version="1.0" encoding="UTF-8"?>
<!-- Generated by org.testng.reporters.JUnitReportReporter -->
<testsuite hostname="ViswanadhMS" failures="0" tests="1" name="com.cpcommunity.testScripts.community.TC212_Verify_TA_Created_Community_Is_Not_Displayed_In_Pending_Communities" time="100.499" errors="0" timestamp="25 Apr 2021 18:32:55 GMT" skipped="0">
  <testcase classname="com.cpcommunity.testScripts.community.TC212_Verify_TA_Created_Community_Is_Not_Displayed_In_Pending_Communities" name="TC212" time="100.499"/>
</testsuite> <!-- com.cpcommunity.testScripts.community.TC212_Verify_TA_Created_Community_Is_Not_Displayed_In_Pending_Communities -->
