<?xml version="1.0" encoding="UTF-8"?>
<!-- Generated by org.testng.reporters.JUnitReportReporter -->
<testsuite hostname="DESKTOP-TH7CST6" failures="0" tests="1" name="com.cpcommunity.testScripts.EmailTemplates.TC1117_Verify_mailTrigger_toMember_ifCA_added_sameMember_in_CC_BCC" time="130.199" errors="0" timestamp="18 Aug 2021 04:03:36 GMT" skipped="0">
  <testcase classname="com.cpcommunity.testScripts.EmailTemplates.TC1117_Verify_mailTrigger_toMember_ifCA_added_sameMember_in_CC_BCC" name="TC1117" time="130.199"/>
</testsuite> <!-- com.cpcommunity.testScripts.EmailTemplates.TC1117_Verify_mailTrigger_toMember_ifCA_added_sameMember_in_CC_BCC -->
