<?xml version="1.0" encoding="UTF-8"?>
<!-- Generated by org.testng.reporters.JUnitReportReporter -->
<testsuite hostname="DESKTOP-TH7CST6" failures="0" tests="1" name="com.cpcommunity.testScripts.Resources.TC1076_Verify_TA_ablTo_Update_Resources" time="164.467" errors="0" timestamp="18 Aug 2021 04:03:37 GMT" skipped="0">
  <testcase classname="com.cpcommunity.testScripts.Resources.TC1076_Verify_TA_ablTo_Update_Resources" name="TC1076" time="164.467"/>
</testsuite> <!-- com.cpcommunity.testScripts.Resources.TC1076_Verify_TA_ablTo_Update_Resources -->
