<?xml version="1.0" encoding="UTF-8"?>
<!-- Generated by org.testng.reporters.JUnitReportReporter -->
<testsuite hostname="DESKTOP-TH7CST6" failures="0" tests="1" name="com.cpcommunity.testScripts.advertisments.TC1132_Verify_details_ShouldNotSave_when_filledAnd_clickedCancel" time="186.141" errors="0" timestamp="10 Aug 2021 19:13:03 GMT" skipped="0">
  <testcase classname="com.cpcommunity.testScripts.advertisments.TC1132_Verify_details_ShouldNotSave_when_filledAnd_clickedCancel" name="TC1132" time="186.141"/>
</testsuite> <!-- com.cpcommunity.testScripts.advertisments.TC1132_Verify_details_ShouldNotSave_when_filledAnd_clickedCancel -->
