<?xml version="1.0" encoding="UTF-8"?>
<!-- Generated by org.testng.reporters.JUnitReportReporter -->
<testsuite hostname="DESKTOP-6QDE8GI" failures="0" tests="1" name="com.cpcommunity.testScripts.loginPage.TC004_Verify_Organization_Pending_User_Not_Able_Login" time="93.752" errors="0" timestamp="24 May 2021 16:46:50 GMT" skipped="0">
  <testcase classname="com.cpcommunity.testScripts.loginPage.TC004_Verify_Organization_Pending_User_Not_Able_Login" name="TC004" time="93.752"/>
</testsuite> <!-- com.cpcommunity.testScripts.loginPage.TC004_Verify_Organization_Pending_User_Not_Able_Login -->
