<?xml version="1.0" encoding="UTF-8"?>
<!-- Generated by org.testng.reporters.JUnitReportReporter -->
<testsuite hostname="DESKTOP-TH7CST6" failures="0" tests="1" name="com.cpcommunity.testScripts.advertisments.TC1127_Verify_CA_ableTo_create_Inactive_AdPlan" time="119.856" errors="0" timestamp="09 Aug 2021 04:03:03 GMT" skipped="0">
  <testcase classname="com.cpcommunity.testScripts.advertisments.TC1127_Verify_CA_ableTo_create_Inactive_AdPlan" name="TC1127" time="119.856"/>
</testsuite> <!-- com.cpcommunity.testScripts.advertisments.TC1127_Verify_CA_ableTo_create_Inactive_AdPlan -->
