<?xml version="1.0" encoding="UTF-8"?>
<!-- Generated by org.testng.reporters.JUnitReportReporter -->
<testsuite hostname="DESKTOP-TH7CST6" failures="0" tests="1" name="com.cpcommunity.ManageCampaign.TC1053_Verify_ActiveMembers_Of_ActiveOrganisation_Displaying_For_InActiveGroups" time="157.113" errors="0" timestamp="18 Aug 2021 04:03:36 GMT" skipped="0">
  <testcase classname="com.cpcommunity.ManageCampaign.TC1053_Verify_ActiveMembers_Of_ActiveOrganisation_Displaying_For_InActiveGroups" name="TC1053" time="157.113"/>
</testsuite> <!-- com.cpcommunity.ManageCampaign.TC1053_Verify_ActiveMembers_Of_ActiveOrganisation_Displaying_For_InActiveGroups -->
