<?xml version="1.0" encoding="UTF-8"?>
<!-- Generated by org.testng.reporters.JUnitReportReporter -->
<testsuite hostname="DESKTOP-TH7CST6" failures="0" tests="1" name="com.cpcommunity.testScripts.Resources.TC1074_Verify_User_ableTo_view_Resources_If_User_Part_ofCommunity_whereGroup_NotConfigured" time="106.031" errors="0" timestamp="18 Aug 2021 04:03:36 GMT" skipped="0">
  <testcase classname="com.cpcommunity.testScripts.Resources.TC1074_Verify_User_ableTo_view_Resources_If_User_Part_ofCommunity_whereGroup_NotConfigured" name="TC1074" time="106.031"/>
</testsuite> <!-- com.cpcommunity.testScripts.Resources.TC1074_Verify_User_ableTo_view_Resources_If_User_Part_ofCommunity_whereGroup_NotConfigured -->
