<?xml version="1.0" encoding="UTF-8"?>
<!-- Generated by org.testng.reporters.JUnitReportReporter -->
<testsuite hostname="DESKTOP-TH7CST6" failures="0" tests="1" name="com.cpcommunity.testScrips.communityWidget.TC1168_Verify_mostRecent_Discussion_Displaying" time="139.802" errors="0" timestamp="29 Jul 2021 22:53:52 GMT" skipped="0">
  <testcase classname="com.cpcommunity.testScrips.communityWidget.TC1168_Verify_mostRecent_Discussion_Displaying" name="TC1168" time="139.802"/>
</testsuite> <!-- com.cpcommunity.testScrips.communityWidget.TC1168_Verify_mostRecent_Discussion_Displaying -->
