<?xml version="1.0" encoding="UTF-8"?>
<!-- Generated by org.testng.reporters.JUnitReportReporter -->
<testsuite hostname="DESKTOP-TH7CST6" failures="0" tests="1" name="com.cpcommunitytestScripts.Job.TC1022_ListOf_Applied_Job_Displaying" time="102.947" errors="0" timestamp="07 Jun 2021 21:40:44 GMT" skipped="0">
  <testcase classname="com.cpcommunitytestScripts.Job.TC1022_ListOf_Applied_Job_Displaying" name="TC1022" time="102.947"/>
</testsuite> <!-- com.cpcommunitytestScripts.Job.TC1022_ListOf_Applied_Job_Displaying -->
