<?xml version="1.0" encoding="UTF-8"?>
<!-- Generated by org.testng.reporters.JUnitReportReporter -->
<testsuite hostname="DESKTOP-TH7CST6" failures="0" tests="1" name="com.cpcommunity.ProfileCompleteness.TC1011_Check_ProgressBar_NotChange_AfterUpdating_withSame_Details" time="105.200" errors="0" timestamp="08 Jun 2021 14:57:47 GMT" skipped="0">
  <testcase classname="com.cpcommunity.ProfileCompleteness.TC1011_Check_ProgressBar_NotChange_AfterUpdating_withSame_Details" name="TC1011" time="105.200"/>
</testsuite> <!-- com.cpcommunity.ProfileCompleteness.TC1011_Check_ProgressBar_NotChange_AfterUpdating_withSame_Details -->
