<?xml version="1.0" encoding="UTF-8"?>
<!-- Generated by org.testng.reporters.JUnitReportReporter -->
<testsuite hostname="ViswanadhMS" failures="0" tests="1" name="com.cpcommunity.testScripts.loginPage.TC006_Verify_User_Redirected_To_Select_Plans_For_Payment_Pending" time="45.228" errors="0" timestamp="25 Apr 2021 18:32:56 GMT" skipped="0">
  <testcase classname="com.cpcommunity.testScripts.loginPage.TC006_Verify_User_Redirected_To_Select_Plans_For_Payment_Pending" name="TC006" time="45.228"/>
</testsuite> <!-- com.cpcommunity.testScripts.loginPage.TC006_Verify_User_Redirected_To_Select_Plans_For_Payment_Pending -->
