<?xml version="1.0" encoding="UTF-8"?>
<!-- Generated by org.testng.reporters.JUnitReportReporter -->
<testsuite hostname="DESKTOP-TH7CST6" failures="0" tests="1" name="com.cpcommunity.testScrips.communityWidget.TC1212_verify_ifChampionName_Changed_is_Displaying_inCommunityWidget" time="233.881" errors="0" timestamp="09 Aug 2021 19:10:40 GMT" skipped="0">
  <testcase classname="com.cpcommunity.testScrips.communityWidget.TC1212_verify_ifChampionName_Changed_is_Displaying_inCommunityWidget" name="TC1212" time="233.881"/>
</testsuite> <!-- com.cpcommunity.testScrips.communityWidget.TC1212_verify_ifChampionName_Changed_is_Displaying_inCommunityWidget -->
