<?xml version="1.0" encoding="UTF-8"?>
<!-- Generated by org.testng.reporters.JUnitReportReporter -->
<testsuite hostname="ViswanadhMS" failures="0" tests="1" name="com.cpcommunity.testScripts.community.TC165_Veirfy_Community_Website_URL_Redirected_To_Configured_Website" time="20.413" errors="0" timestamp="25 Apr 2021 18:32:56 GMT" skipped="0">
  <testcase classname="com.cpcommunity.testScripts.community.TC165_Veirfy_Community_Website_URL_Redirected_To_Configured_Website" name="TC165" time="20.413"/>
</testsuite> <!-- com.cpcommunity.testScripts.community.TC165_Veirfy_Community_Website_URL_Redirected_To_Configured_Website -->
