<?xml version="1.0" encoding="UTF-8"?>
<!-- Generated by org.testng.reporters.JUnitReportReporter -->
<testsuite hostname="DESKTOP-6QDE8GI" failures="0" tests="1" name="com.cpcommunity.testScripts.MyJobsTestCases.TC991_Verify_Admin_Can_UpdateApplication_Remarks" time="139.712" errors="0" timestamp="22 Jun 2021 06:25:47 GMT" skipped="0">
  <testcase classname="com.cpcommunity.testScripts.MyJobsTestCases.TC991_Verify_Admin_Can_UpdateApplication_Remarks" name="TC991" time="139.712"/>
</testsuite> <!-- com.cpcommunity.testScripts.MyJobsTestCases.TC991_Verify_Admin_Can_UpdateApplication_Remarks -->
