<?xml version="1.0" encoding="UTF-8"?>
<!-- Generated by org.testng.reporters.JUnitReportReporter -->
<testsuite hostname="DESKTOP-6QDE8GI" failures="0" tests="1" name="com.cpcommunity.testScripts.loginPage.TC900_Verify_loginpage_validcredentials" time="107.086" errors="0" timestamp="15 Jun 2021 00:13:54 GMT" skipped="0">
  <testcase classname="com.cpcommunity.testScripts.loginPage.TC900_Verify_loginpage_validcredentials" name="TC900" time="107.086"/>
</testsuite> <!-- com.cpcommunity.testScripts.loginPage.TC900_Verify_loginpage_validcredentials -->
