<?xml version="1.0" encoding="UTF-8"?>
<!-- Generated by org.testng.reporters.JUnitReportReporter -->
<testsuite hostname="DESKTOP-TH7CST6" failures="0" tests="1" name="com.cpcommunity.testScripts.EmailTemplates.TC1102_Verify_If_JobFeature_Not_Displaying_InPricingPlan_then_It_shouldNot_Display_inET" time="90.273" errors="0" timestamp="18 Aug 2021 04:03:37 GMT" skipped="0">
  <testcase classname="com.cpcommunity.testScripts.EmailTemplates.TC1102_Verify_If_JobFeature_Not_Displaying_InPricingPlan_then_It_shouldNot_Display_inET" name="TC1102" time="90.273"/>
</testsuite> <!-- com.cpcommunity.testScripts.EmailTemplates.TC1102_Verify_If_JobFeature_Not_Displaying_InPricingPlan_then_It_shouldNot_Display_inET -->
