<?xml version="1.0" encoding="UTF-8"?>
<!-- Generated by org.testng.reporters.JUnitReportReporter -->
<testsuite hostname="DESKTOP-TH7CST6" failures="0" tests="1" name="com.cpcommunity.testScrips.communityWidget.TC1210_verify_Championwidget_notDisplaying_if_Diable" time="287.215" errors="0" timestamp="06 Aug 2021 13:08:33 GMT" skipped="0">
  <testcase classname="com.cpcommunity.testScrips.communityWidget.TC1210_verify_Championwidget_notDisplaying_if_Diable" name="TC1210" time="287.215"/>
</testsuite> <!-- com.cpcommunity.testScrips.communityWidget.TC1210_verify_Championwidget_notDisplaying_if_Diable -->
