<?xml version="1.0" encoding="UTF-8"?>
<!-- Generated by org.testng.reporters.JUnitReportReporter -->
<testsuite hostname="DESKTOP-6QDE8GI" failures="0" tests="1" name="com.cpcommunity.testScripts.myprofiletestcases.TC015_Verify_User_Is_Able_To_Update_Profile" time="118.050" errors="0" timestamp="22 Jun 2021 06:25:47 GMT" skipped="0">
  <testcase classname="com.cpcommunity.testScripts.myprofiletestcases.TC015_Verify_User_Is_Able_To_Update_Profile" name="TC015" time="118.050"/>
</testsuite> <!-- com.cpcommunity.testScripts.myprofiletestcases.TC015_Verify_User_Is_Able_To_Update_Profile -->
