<?xml version="1.0" encoding="UTF-8"?>
<!-- Generated by org.testng.reporters.JUnitReportReporter -->
<testsuite hostname="DESKTOP-TH7CST6" failures="0" tests="1" name="com.cpcommunity.testScripts.advertisments.TC1129_Verify_onlyACTIVEcommunity_display_InCommunityDropDown_ForTA" time="103.767" errors="0" timestamp="09 Aug 2021 04:03:03 GMT" skipped="0">
  <testcase classname="com.cpcommunity.testScripts.advertisments.TC1129_Verify_onlyACTIVEcommunity_display_InCommunityDropDown_ForTA" name="TC1129" time="103.767"/>
</testsuite> <!-- com.cpcommunity.testScripts.advertisments.TC1129_Verify_onlyACTIVEcommunity_display_InCommunityDropDown_ForTA -->
