<?xml version="1.0" encoding="UTF-8"?>
<!-- Generated by org.testng.reporters.JUnitReportReporter -->
<testsuite hostname="DESKTOP-TH7CST6" failures="0" tests="1" name="com.cpcommunity.testScripts.advertisments.TC1131_Verify_otherCA_ofSameCommunity_Can_Edit_AdPlans" time="127.900" errors="0" timestamp="09 Aug 2021 04:03:03 GMT" skipped="0">
  <testcase classname="com.cpcommunity.testScripts.advertisments.TC1131_Verify_otherCA_ofSameCommunity_Can_Edit_AdPlans" name="TC1131" time="127.900"/>
</testsuite> <!-- com.cpcommunity.testScripts.advertisments.TC1131_Verify_otherCA_ofSameCommunity_Can_Edit_AdPlans -->
