<?xml version="1.0" encoding="UTF-8"?>
<!-- Generated by org.testng.reporters.JUnitReportReporter -->
<testsuite hostname="DESKTOP-TH7CST6" failures="0" tests="1" name="com.cpcommunity.ManageCampaign.TC1057_Verify_ableto_Add_InActive_Members" time="109.461" errors="0" timestamp="18 Aug 2021 04:03:37 GMT" skipped="0">
  <testcase classname="com.cpcommunity.ManageCampaign.TC1057_Verify_ableto_Add_InActive_Members" name="TC1057" time="109.461"/>
</testsuite> <!-- com.cpcommunity.ManageCampaign.TC1057_Verify_ableto_Add_InActive_Members -->
