<?xml version="1.0" encoding="UTF-8"?>
<!-- Generated by org.testng.reporters.JUnitReportReporter -->
<testsuite hostname="DESKTOP-TH7CST6" failures="0" tests="1" name="com.cpcommunity.testScripts.Resources.TC1078_Verify_Member_ableTo_view_Resources_IfJoins_Group_whichIs_Configured_withResources" time="118.794" errors="0" timestamp="18 Aug 2021 04:03:36 GMT" skipped="0">
  <testcase classname="com.cpcommunity.testScripts.Resources.TC1078_Verify_Member_ableTo_view_Resources_IfJoins_Group_whichIs_Configured_withResources" name="TC1078" time="118.794"/>
</testsuite> <!-- com.cpcommunity.testScripts.Resources.TC1078_Verify_Member_ableTo_view_Resources_IfJoins_Group_whichIs_Configured_withResources -->
