<?xml version="1.0" encoding="UTF-8"?>
<!-- Generated by org.testng.reporters.JUnitReportReporter -->
<testsuite hostname="DESKTOP-TH7CST6" failures="0" tests="1" name="com.cpcommunity.Endorsments.TC1041_Verify_Member_ableTo_Endorse_OtherMember" time="170.870" errors="0" timestamp="18 Aug 2021 04:03:36 GMT" skipped="0">
  <testcase classname="com.cpcommunity.Endorsments.TC1041_Verify_Member_ableTo_Endorse_OtherMember" name="TC1041" time="170.870"/>
</testsuite> <!-- com.cpcommunity.Endorsments.TC1041_Verify_Member_ableTo_Endorse_OtherMember -->
