<?xml version="1.0" encoding="UTF-8"?>
<!-- Generated by org.testng.reporters.JUnitReportReporter -->
<testsuite hostname="DESKTOP-6QDE8GI" failures="0" tests="1" name="com.cpcommunity.testScripts.manageCampaign.TC814_Verify_TA_add_Valid_Membership_members_from_ActiveGroups" time="118.803" errors="0" timestamp="22 Jun 2021 06:25:47 GMT" skipped="0">
  <testcase classname="com.cpcommunity.testScripts.manageCampaign.TC814_Verify_TA_add_Valid_Membership_members_from_ActiveGroups" name="TC814" time="118.803"/>
</testsuite> <!-- com.cpcommunity.testScripts.manageCampaign.TC814_Verify_TA_add_Valid_Membership_members_from_ActiveGroups -->
