<?xml version="1.0" encoding="UTF-8"?>
<!-- Generated by org.testng.reporters.JUnitReportReporter -->
<testsuite hostname="DESKTOP-TH7CST6" failures="0" tests="1" name="com.cpcommunity.memberDirectoryTestCases.TC1034_Verify_ListOfValue_Displaying_In_SkillAndInterest" time="80.585" errors="0" timestamp="18 Aug 2021 04:03:36 GMT" skipped="0">
  <testcase classname="com.cpcommunity.memberDirectoryTestCases.TC1034_Verify_ListOfValue_Displaying_In_SkillAndInterest" name="TC1034" time="80.585"/>
</testsuite> <!-- com.cpcommunity.memberDirectoryTestCases.TC1034_Verify_ListOfValue_Displaying_In_SkillAndInterest -->
