<?xml version="1.0" encoding="UTF-8"?>
<!-- Generated by org.testng.reporters.JUnitReportReporter -->
<testsuite hostname="DESKTOP-TH7CST6" failures="0" tests="1" name="com.cpcommunity.testScripts.advertisments.TC1142_Verify_alertmsg_whenTA_select_communityDropdown_whereNot_configured_toPaymentGateway" time="87.609" errors="0" timestamp="10 Aug 2021 04:01:59 GMT" skipped="0">
  <testcase classname="com.cpcommunity.testScripts.advertisments.TC1142_Verify_alertmsg_whenTA_select_communityDropdown_whereNot_configured_toPaymentGateway" name="TC1142" time="87.609"/>
</testsuite> <!-- com.cpcommunity.testScripts.advertisments.TC1142_Verify_alertmsg_whenTA_select_communityDropdown_whereNot_configured_toPaymentGateway -->
