<?xml version="1.0" encoding="UTF-8"?>
<!-- Generated by org.testng.reporters.JUnitReportReporter -->
<testsuite hostname="DESKTOP-6QDE8GI" failures="0" tests="1" name="com.cpcommunity.testScripts.MyJobsTestCases.TC995_Verify_Admin_Can_EditJobs" time="129.782" errors="0" timestamp="15 Jun 2021 00:13:53 GMT" skipped="0">
  <testcase classname="com.cpcommunity.testScripts.MyJobsTestCases.TC995_Verify_Admin_Can_EditJobs" name="TC995" time="129.782"/>
</testsuite> <!-- com.cpcommunity.testScripts.MyJobsTestCases.TC995_Verify_Admin_Can_EditJobs -->
