<?xml version="1.0" encoding="UTF-8"?>
<!-- Generated by org.testng.reporters.JUnitReportReporter -->
<testsuite hostname="ViswanadhMS" failures="0" tests="1" name="com.cpcommunity.testScripts.community.TC099_InActivate_Community_By_Community_Admin" time="220.015" errors="0" timestamp="26 Apr 2021 11:27:34 GMT" skipped="0">
  <testcase classname="com.cpcommunity.testScripts.community.TC099_InActivate_Community_By_Community_Admin" name="TC099" time="220.015"/>
</testsuite> <!-- com.cpcommunity.testScripts.community.TC099_InActivate_Community_By_Community_Admin -->
