<?xml version="1.0" encoding="UTF-8"?>
<!-- Generated by org.testng.reporters.JUnitReportReporter -->
<testsuite hostname="DESKTOP-TH7CST6" failures="0" tests="1" name="com.cpcommunity.testMemberDirectory.TC1035_Verify_ListOfValue_Displaying_In_OrganisationField" time="106.818" errors="0" timestamp="09 Jun 2021 19:09:44 GMT" skipped="0">
  <testcase classname="com.cpcommunity.testMemberDirectory.TC1035_Verify_ListOfValue_Displaying_In_OrganisationField" name="TC1035" time="106.818"/>
</testsuite> <!-- com.cpcommunity.testMemberDirectory.TC1035_Verify_ListOfValue_Displaying_In_OrganisationField -->
