<?xml version="1.0" encoding="UTF-8"?>
<!-- Generated by org.testng.reporters.JUnitReportReporter -->
<testsuite hostname="DESKTOP-TH7CST6" failures="0" tests="1" name="com.cpcommunity.testScripts.JobPost.TC1085_Verify_TA_ableTo_Update_Job_Status_With_properComments" time="116.054" errors="0" timestamp="18 Aug 2021 04:03:36 GMT" skipped="0">
  <testcase classname="com.cpcommunity.testScripts.JobPost.TC1085_Verify_TA_ableTo_Update_Job_Status_With_properComments" name="TC1085" time="116.054"/>
</testsuite> <!-- com.cpcommunity.testScripts.JobPost.TC1085_Verify_TA_ableTo_Update_Job_Status_With_properComments -->
