<?xml version="1.0" encoding="UTF-8"?>
<!-- Generated by org.testng.reporters.JUnitReportReporter -->
<testsuite hostname="DESKTOP-TH7CST6" failures="0" tests="1" name="com.cpcommunity.ManageCampaign.TC1058_Verify_CA_ablto_sendMail_ByImporting_CSVfile" time="104.427" errors="0" timestamp="18 Aug 2021 04:03:36 GMT" skipped="0">
  <testcase classname="com.cpcommunity.ManageCampaign.TC1058_Verify_CA_ablto_sendMail_ByImporting_CSVfile" name="TC1058" time="104.427"/>
</testsuite> <!-- com.cpcommunity.ManageCampaign.TC1058_Verify_CA_ablto_sendMail_ByImporting_CSVfile -->
