<?xml version="1.0" encoding="UTF-8"?>
<!-- Generated by org.testng.reporters.JUnitReportReporter -->
<testsuite hostname="DESKTOP-TH7CST6" failures="0" tests="1" name="com.cpcommunity.testScripts.EmailTemplates.TC1116_Verify_ifCA_edit_FromEmail_andSaves_thenit_usesame_changedEmail_forFurther_emailTobeSent" time="349.204" errors="0" timestamp="18 Aug 2021 04:03:37 GMT" skipped="0">
  <testcase classname="com.cpcommunity.testScripts.EmailTemplates.TC1116_Verify_ifCA_edit_FromEmail_andSaves_thenit_usesame_changedEmail_forFurther_emailTobeSent" name="TC1116" time="349.204"/>
</testsuite> <!-- com.cpcommunity.testScripts.EmailTemplates.TC1116_Verify_ifCA_edit_FromEmail_andSaves_thenit_usesame_changedEmail_forFurther_emailTobeSent -->
