<?xml version="1.0" encoding="UTF-8"?>
<!-- Generated by org.testng.reporters.JUnitReportReporter -->
<testsuite hostname="DESKTOP-TH7CST6" failures="0" tests="1" name="com.cpcommunity.ManageCampaign.TC1048_CA_ableTo_send_Mail_To_Group" time="189.688" errors="0" timestamp="18 Aug 2021 18:46:22 GMT" skipped="0">
  <testcase classname="com.cpcommunity.ManageCampaign.TC1048_CA_ableTo_send_Mail_To_Group" name="TC1048" time="189.688"/>
</testsuite> <!-- com.cpcommunity.ManageCampaign.TC1048_CA_ableTo_send_Mail_To_Group -->
