<?xml version="1.0" encoding="UTF-8"?>
<!-- Generated by org.testng.reporters.JUnitReportReporter -->
<testsuite hostname="DESKTOP-TH7CST6" failures="0" tests="1" name="com.cpcommunity.testScripts.loginPage.TC1004_User_Redirect_SelectPlan" time="43.147" errors="0" timestamp="21 May 2021 21:48:18 GMT" skipped="0">
  <testcase classname="com.cpcommunity.testScripts.loginPage.TC1004_User_Redirect_SelectPlan" name="TC006" time="43.147"/>
</testsuite> <!-- com.cpcommunity.testScripts.loginPage.TC1004_User_Redirect_SelectPlan -->
