<?xml version="1.0" encoding="UTF-8"?>
<!-- Generated by org.testng.reporters.JUnitReportReporter -->
<testsuite hostname="DESKTOP-TH7CST6" failures="0" tests="1" name="com.cpcommunity.testScripts.advertisments.TC1161_verify_Rejected_Adcounts_Decrease_when_CA_published" time="492.545" errors="0" timestamp="11 Aug 2021 20:33:16 GMT" skipped="0">
  <testcase classname="com.cpcommunity.testScripts.advertisments.TC1161_verify_Rejected_Adcounts_Decrease_when_CA_published" name="TC1161" time="492.545"/>
</testsuite> <!-- com.cpcommunity.testScripts.advertisments.TC1161_verify_Rejected_Adcounts_Decrease_when_CA_published -->
