<?xml version="1.0" encoding="UTF-8"?>
<!-- Generated by org.testng.reporters.JUnitReportReporter -->
<testsuite hostname="DESKTOP-TH7CST6" failures="0" tests="1" name="com.cpcommunity.ManageCampaign.TC1064_Verify_Previously_ImportedContacts_display_even_New_added" time="269.981" errors="0" timestamp="18 Aug 2021 04:03:37 GMT" skipped="0">
  <testcase classname="com.cpcommunity.ManageCampaign.TC1064_Verify_Previously_ImportedContacts_display_even_New_added" name="TC1064" time="269.981"/>
</testsuite> <!-- com.cpcommunity.ManageCampaign.TC1064_Verify_Previously_ImportedContacts_display_even_New_added -->
