<?xml version="1.0" encoding="UTF-8"?>
<!-- Generated by org.testng.reporters.JUnitReportReporter -->
<testsuite hostname="DESKTOP-TH7CST6" failures="0" tests="1" name="com.cpcommunity.testScrips.communityWidget.TC1179_verify_maximum_5_jobs_Displaying_in_communityWidget" time="123.885" errors="0" timestamp="01 Aug 2021 20:41:15 GMT" skipped="0">
  <testcase classname="com.cpcommunity.testScrips.communityWidget.TC1179_verify_maximum_5_jobs_Displaying_in_communityWidget" name="TC1179" time="123.885"/>
</testsuite> <!-- com.cpcommunity.testScrips.communityWidget.TC1179_verify_maximum_5_jobs_Displaying_in_communityWidget -->
