<?xml version="1.0" encoding="UTF-8"?>
<!-- Generated by org.testng.reporters.JUnitReportReporter -->
<testsuite hostname="DESKTOP-TH7CST6" failures="0" tests="1" name="com.cpcommunity.testScripts.Groups.TC1024_CA_canSearch_GRoup_withGroupName_inPendingRequestPage" time="99.824" errors="0" timestamp="06 Jun 2021 21:23:10 GMT" skipped="0">
  <testcase classname="com.cpcommunity.testScripts.Groups.TC1024_CA_canSearch_GRoup_withGroupName_inPendingRequestPage" name="TC1024" time="99.824"/>
</testsuite> <!-- com.cpcommunity.testScripts.Groups.TC1024_CA_canSearch_GRoup_withGroupName_inPendingRequestPage -->
