<?xml version="1.0" encoding="UTF-8"?>
<!-- Generated by org.testng.reporters.JUnitReportReporter -->
<testsuite hostname="DESKTOP-TH7CST6" failures="0" tests="1" name="com.cpcommunity.testScripts.advertisments.TC1162_verify_RevenueAmt_Updated_If_CA_Purchase_AdPlan" time="330.542" errors="0" timestamp="11 Aug 2021 20:33:16 GMT" skipped="0">
  <testcase classname="com.cpcommunity.testScripts.advertisments.TC1162_verify_RevenueAmt_Updated_If_CA_Purchase_AdPlan" name="TC1162" time="330.542"/>
</testsuite> <!-- com.cpcommunity.testScripts.advertisments.TC1162_verify_RevenueAmt_Updated_If_CA_Purchase_AdPlan -->
