<?xml version="1.0" encoding="UTF-8"?>
<!-- Generated by org.testng.reporters.JUnitReportReporter -->
<testsuite hostname="DESKTOP-TH7CST6" failures="0" tests="1" name="com.cpcommunity.testScrips.communityWidget.TC1202_verify_CA_ableto_hde_EventsTab" time="176.857" errors="0" timestamp="05 Aug 2021 21:08:49 GMT" skipped="0">
  <testcase classname="com.cpcommunity.testScrips.communityWidget.TC1202_verify_CA_ableto_hde_EventsTab" name="TC1202" time="176.857"/>
</testsuite> <!-- com.cpcommunity.testScrips.communityWidget.TC1202_verify_CA_ableto_hde_EventsTab -->
