<?xml version="1.0" encoding="UTF-8"?>
<!-- Generated by org.testng.reporters.JUnitReportReporter -->
<testsuite hostname="DESKTOP-TH7CST6" failures="0" tests="1" name="com.cpcommunity.testScripts.advertisments.TC1163_verify_revenueReport_Updated_inTotalRevenueTimePeriod_when_member_purchasePlan" time="372.825" errors="0" timestamp="11 Aug 2021 20:50:29 GMT" skipped="0">
  <testcase classname="com.cpcommunity.testScripts.advertisments.TC1163_verify_revenueReport_Updated_inTotalRevenueTimePeriod_when_member_purchasePlan" name="TC1163" time="372.825"/>
</testsuite> <!-- com.cpcommunity.testScripts.advertisments.TC1163_verify_revenueReport_Updated_inTotalRevenueTimePeriod_when_member_purchasePlan -->
