<?xml version="1.0" encoding="UTF-8"?>
<!-- Generated by org.testng.reporters.JUnitReportReporter -->
<testsuite hostname="ViswanadhMS" failures="0" tests="1" name="com.cpcommunity.testScripts.community.TC128_Create_Job_Requirement" time="308.884" errors="0" timestamp="26 Apr 2021 14:16:00 GMT" skipped="0">
  <testcase classname="com.cpcommunity.testScripts.community.TC128_Create_Job_Requirement" name="TC128" time="308.884"/>
</testsuite> <!-- com.cpcommunity.testScripts.community.TC128_Create_Job_Requirement -->
