<?xml version="1.0" encoding="UTF-8"?>
<!-- Generated by org.testng.reporters.JUnitReportReporter -->
<testsuite hostname="DESKTOP-TH7CST6" failures="0" tests="1" name="com.cpcommunity.ProfileCompleteness.TC1013_Verify_ProgressBar_NotDisplaying_WhenViewing_BissinessDirectory" time="172.170" errors="0" timestamp="04 Jul 2021 19:39:41 GMT" skipped="0">
  <testcase classname="com.cpcommunity.ProfileCompleteness.TC1013_Verify_ProgressBar_NotDisplaying_WhenViewing_BissinessDirectory" name="TC1013" time="172.170"/>
</testsuite> <!-- com.cpcommunity.ProfileCompleteness.TC1013_Verify_ProgressBar_NotDisplaying_WhenViewing_BissinessDirectory -->
