<?xml version="1.0" encoding="UTF-8"?>
<!-- Generated by org.testng.reporters.JUnitReportReporter -->
<testsuite hostname="DESKTOP-TH7CST6" failures="0" tests="1" name="com.cpcommunity.testScripts.JobPost.TC1094_Verify_alreadyAppliedJob_ByMember_Updated_when_TA_updates_Job" time="184.583" errors="0" timestamp="18 Aug 2021 04:03:37 GMT" skipped="0">
  <testcase classname="com.cpcommunity.testScripts.JobPost.TC1094_Verify_alreadyAppliedJob_ByMember_Updated_when_TA_updates_Job" name="TC1094" time="184.583"/>
</testsuite> <!-- com.cpcommunity.testScripts.JobPost.TC1094_Verify_alreadyAppliedJob_ByMember_Updated_when_TA_updates_Job -->
