<?xml version="1.0" encoding="UTF-8"?>
<!-- Generated by org.testng.reporters.JUnitReportReporter -->
<testsuite hostname="DESKTOP-TH7CST6" failures="0" tests="1" name="com.cpcommunity.testScrips.communityWidget.TC1165_Verify_MostPopular_Discussion_Displaying_inCommunityWidget" time="131.382" errors="0" timestamp="25 Jul 2021 21:14:28 GMT" skipped="0">
  <testcase classname="com.cpcommunity.testScrips.communityWidget.TC1165_Verify_MostPopular_Discussion_Displaying_inCommunityWidget" name="TC1165" time="131.382"/>
</testsuite> <!-- com.cpcommunity.testScrips.communityWidget.TC1165_Verify_MostPopular_Discussion_Displaying_inCommunityWidget -->
