<?xml version="1.0" encoding="UTF-8"?>
<!-- Generated by org.testng.reporters.JUnitReportReporter -->
<testsuite hostname="DESKTOP-6QDE8GI" failures="0" tests="1" name="com.cpcommunity.testScripts.Member_B2B_SignUp.TC230_Register_With_New_Organization" time="62.059" errors="0" timestamp="20 May 2021 22:25:15 GMT" skipped="0">
  <testcase classname="com.cpcommunity.testScripts.Member_B2B_SignUp.TC230_Register_With_New_Organization" name="TC230" time="62.059"/>
</testsuite> <!-- com.cpcommunity.testScripts.Member_B2B_SignUp.TC230_Register_With_New_Organization -->
