<?xml version="1.0" encoding="UTF-8"?>
<!-- Generated by org.testng.reporters.JUnitReportReporter -->
<testsuite hostname="DESKTOP-TH7CST6" failures="0" tests="1" name="com.cpcommunity.memberDirectoryTestCases.TC1038_Verify_SkillAndInterest_Values_Updating_InSearchField_If_Updated_InProfile" time="169.107" errors="0" timestamp="18 Aug 2021 04:03:37 GMT" skipped="0">
  <testcase classname="com.cpcommunity.memberDirectoryTestCases.TC1038_Verify_SkillAndInterest_Values_Updating_InSearchField_If_Updated_InProfile" name="TC1038" time="169.107"/>
</testsuite> <!-- com.cpcommunity.memberDirectoryTestCases.TC1038_Verify_SkillAndInterest_Values_Updating_InSearchField_If_Updated_InProfile -->
