<?xml version="1.0" encoding="UTF-8"?>
<!-- Generated by org.testng.reporters.JUnitReportReporter -->
<testsuite hostname="DESKTOP-TH7CST6" failures="0" tests="1" name="com.cpcommunity.testScripts.EmailTemplates.TC1105_Verify_Application_Redirects_ToThe_SelectedFeaturesList_onClicking_BackToFilter" time="129.906" errors="0" timestamp="18 Aug 2021 04:03:36 GMT" skipped="0">
  <testcase classname="com.cpcommunity.testScripts.EmailTemplates.TC1105_Verify_Application_Redirects_ToThe_SelectedFeaturesList_onClicking_BackToFilter" name="TC1105" time="129.906"/>
</testsuite> <!-- com.cpcommunity.testScripts.EmailTemplates.TC1105_Verify_Application_Redirects_ToThe_SelectedFeaturesList_onClicking_BackToFilter -->
