<?xml version="1.0" encoding="UTF-8"?>
<!-- Generated by org.testng.reporters.JUnitReportReporter -->
<testsuite hostname="DESKTOP-TH7CST6" failures="0" tests="1" name="com.cpcommunity.testScrips.communityWidget.TC1207_verify_CA_ableto_hide_SkillAndInterest" time="227.214" errors="0" timestamp="05 Aug 2021 21:18:30 GMT" skipped="0">
  <testcase classname="com.cpcommunity.testScrips.communityWidget.TC1207_verify_CA_ableto_hide_SkillAndInterest" name="TC1207" time="227.214"/>
</testsuite> <!-- com.cpcommunity.testScrips.communityWidget.TC1207_verify_CA_ableto_hide_SkillAndInterest -->
