<?xml version="1.0" encoding="UTF-8"?>
<!-- Generated by org.testng.reporters.JUnitReportReporter -->
<testsuite hostname="DESKTOP-TH7CST6" failures="0" tests="1" name="com.cpcommunity.testScripts.JobPost.TC1086_Verify_GuestUser_cannot_ableTo_apply_JobPost" time="119.652" errors="0" timestamp="18 Aug 2021 04:03:37 GMT" skipped="0">
  <testcase classname="com.cpcommunity.testScripts.JobPost.TC1086_Verify_GuestUser_cannot_ableTo_apply_JobPost" name="TC1086" time="119.652"/>
</testsuite> <!-- com.cpcommunity.testScripts.JobPost.TC1086_Verify_GuestUser_cannot_ableTo_apply_JobPost -->
