<?xml version="1.0" encoding="UTF-8"?>
<!-- Generated by org.testng.reporters.JUnitReportReporter -->
<testsuite hostname="DESKTOP-TH7CST6" failures="0" tests="1" name="com.cpcommunity.ManageCampaign.TC1066_Verify_TA_CA_ableTo_edit_CamplaignTemplate" time="251.860" errors="0" timestamp="18 Aug 2021 04:03:37 GMT" skipped="0">
  <testcase classname="com.cpcommunity.ManageCampaign.TC1066_Verify_TA_CA_ableTo_edit_CamplaignTemplate" name="TC1066" time="251.860"/>
</testsuite> <!-- com.cpcommunity.ManageCampaign.TC1066_Verify_TA_CA_ableTo_edit_CamplaignTemplate -->
