<?xml version="1.0" encoding="UTF-8"?>
<!-- Generated by org.testng.reporters.JUnitReportReporter -->
<testsuite hostname="DESKTOP-TH7CST6" failures="0" tests="1" name="com.cpcommunity.testMemberDirectory.TC1037_Verify_LocationLiost_Displaying" time="88.155" errors="0" timestamp="09 Jun 2021 21:54:17 GMT" skipped="0">
  <testcase classname="com.cpcommunity.testMemberDirectory.TC1037_Verify_LocationLiost_Displaying" name="TC1037" time="88.155"/>
</testsuite> <!-- com.cpcommunity.testMemberDirectory.TC1037_Verify_LocationLiost_Displaying -->
