<?xml version="1.0" encoding="UTF-8"?>
<!-- Generated by org.testng.reporters.JUnitReportReporter -->
<testsuite hostname="ViswanadhMS" failures="0" tests="1" name="com.cpcommunity.testScripts.community.TC029_Create_community_From_My_Communites" time="114.099" errors="0" timestamp="26 Apr 2021 08:13:09 GMT" skipped="0">
  <testcase classname="com.cpcommunity.testScripts.community.TC029_Create_community_From_My_Communites" name="TC029" time="114.099"/>
</testsuite> <!-- com.cpcommunity.testScripts.community.TC029_Create_community_From_My_Communites -->
