<?xml version="1.0" encoding="UTF-8"?>
<!-- Generated by org.testng.reporters.JUnitReportReporter -->
<testsuite hostname="DESKTOP-TH7CST6" failures="0" tests="1" name="com.cpcommunity.ProfileCompleteness.TC1030_Verify_Updating_PhoneNumb_SocialMedia_NoImpact_onprofileCompleteness" time="78.073" errors="0" timestamp="04 Jul 2021 19:39:41 GMT" skipped="0">
  <testcase classname="com.cpcommunity.ProfileCompleteness.TC1030_Verify_Updating_PhoneNumb_SocialMedia_NoImpact_onprofileCompleteness" name="TC1030" time="78.073"/>
</testsuite> <!-- com.cpcommunity.ProfileCompleteness.TC1030_Verify_Updating_PhoneNumb_SocialMedia_NoImpact_onprofileCompleteness -->
