<?xml version="1.0" encoding="UTF-8"?>
<!-- Generated by org.testng.reporters.JUnitReportReporter -->
<testsuite hostname="DESKTOP-6QDE8GI" failures="0" tests="1" name="com.cpcommunity.testScripts.Groups.TC883_Verify_Number_OfMembers_And_GroupName_Is_Dispalyed" time="96.574" errors="0" timestamp="16 Jun 2021 19:39:22 GMT" skipped="0">
  <testcase classname="com.cpcommunity.testScripts.Groups.TC883_Verify_Number_OfMembers_And_GroupName_Is_Dispalyed" name="TC883" time="96.574"/>
</testsuite> <!-- com.cpcommunity.testScripts.Groups.TC883_Verify_Number_OfMembers_And_GroupName_Is_Dispalyed -->
