<?xml version="1.0" encoding="UTF-8"?>
<!-- Generated by org.testng.reporters.JUnitReportReporter -->
<testsuite hostname="DESKTOP-TH7CST6" failures="0" tests="1" name="com.cpcommunity.testScripts.JobPost.TC1092_Verify_TA_ableTo_Check_Active_JobCount" time="51.182" errors="0" timestamp="18 Aug 2021 04:03:37 GMT" skipped="0">
  <testcase classname="com.cpcommunity.testScripts.JobPost.TC1092_Verify_TA_ableTo_Check_Active_JobCount" name="TC1092" time="51.182"/>
</testsuite> <!-- com.cpcommunity.testScripts.JobPost.TC1092_Verify_TA_ableTo_Check_Active_JobCount -->
