<?xml version="1.0" encoding="UTF-8"?>
<!-- Generated by org.testng.reporters.JUnitReportReporter -->
<testsuite hostname="DESKTOP-TH7CST6" failures="0" tests="1" name="com.cpcommunity.ManageCampaign.TC1045_Verify_All_Events_areDisplaying" time="183.308" errors="0" timestamp="18 Aug 2021 04:03:37 GMT" skipped="0">
  <testcase classname="com.cpcommunity.ManageCampaign.TC1045_Verify_All_Events_areDisplaying" name="TC1045" time="183.308"/>
</testsuite> <!-- com.cpcommunity.ManageCampaign.TC1045_Verify_All_Events_areDisplaying -->
