<?xml version="1.0" encoding="UTF-8"?>
<!-- Generated by org.testng.reporters.JUnitReportReporter -->
<testsuite hostname="DESKTOP-TH7CST6" failures="0" tests="1" name="com.cpcommunity.testScripts.EmailTemplates.TC1113_Verify_ResetButton_EnableMode_if_CA_Updated_ET" time="103.045" errors="0" timestamp="18 Aug 2021 04:03:36 GMT" skipped="0">
  <testcase classname="com.cpcommunity.testScripts.EmailTemplates.TC1113_Verify_ResetButton_EnableMode_if_CA_Updated_ET" name="TC1113" time="103.045"/>
</testsuite> <!-- com.cpcommunity.testScripts.EmailTemplates.TC1113_Verify_ResetButton_EnableMode_if_CA_Updated_ET -->
