<?xml version="1.0" encoding="UTF-8"?>
<!-- Generated by org.testng.reporters.JUnitReportReporter -->
<testsuite hostname="DESKTOP-6QDE8GI" failures="0" tests="1" name="com.cpcommunity.testScripts.loginPage.TC003_Verify_Alert_Displayed_To_Email_Pending_User" time="147.630" errors="0" timestamp="24 May 2021 11:42:22 GMT" skipped="0">
  <testcase classname="com.cpcommunity.testScripts.loginPage.TC003_Verify_Alert_Displayed_To_Email_Pending_User" name="TC003" time="147.630"/>
</testsuite> <!-- com.cpcommunity.testScripts.loginPage.TC003_Verify_Alert_Displayed_To_Email_Pending_User -->
