<?xml version="1.0" encoding="UTF-8"?>
<!-- Generated by org.testng.reporters.JUnitReportReporter -->
<testsuite hostname="DESKTOP-TH7CST6" failures="0" tests="1" name="com.cpcommunity.ManageCampaign.TC1065_Verify_Add_TemplateOption_Available_In_CampaignPage_CA" time="211.447" errors="0" timestamp="18 Aug 2021 04:03:36 GMT" skipped="0">
  <testcase classname="com.cpcommunity.ManageCampaign.TC1065_Verify_Add_TemplateOption_Available_In_CampaignPage_CA" name="TC1065" time="211.447"/>
</testsuite> <!-- com.cpcommunity.ManageCampaign.TC1065_Verify_Add_TemplateOption_Available_In_CampaignPage_CA -->
