<?xml version="1.0" encoding="UTF-8"?>
<!-- Generated by org.testng.reporters.JUnitReportReporter -->
<testsuite hostname="DESKTOP-6QDE8GI" failures="0" tests="1" name="com.cpcommunity.testScripts.Endorsments.TC752_Verify_endorsements_listed_if_accepted_by_member" time="162.402" errors="0" timestamp="15 Jun 2021 01:55:55 GMT" skipped="0">
  <testcase classname="com.cpcommunity.testScripts.Endorsments.TC752_Verify_endorsements_listed_if_accepted_by_member" name="TC752" time="162.402"/>
</testsuite> <!-- com.cpcommunity.testScripts.Endorsments.TC752_Verify_endorsements_listed_if_accepted_by_member -->
