<?xml version="1.0" encoding="UTF-8"?>
<!-- Generated by org.testng.reporters.JUnitReportReporter -->
<testsuite hostname="DESKTOP-TH7CST6" failures="0" tests="1" name="com.cpcommunity.testScrips.communityWidget.TC1176_Verify_Guest_askTo_login_to_applyJob" time="60.745" errors="0" timestamp="30 Jul 2021 04:13:27 GMT" skipped="0">
  <testcase classname="com.cpcommunity.testScrips.communityWidget.TC1176_Verify_Guest_askTo_login_to_applyJob" name="TC1176" time="60.745"/>
</testsuite> <!-- com.cpcommunity.testScrips.communityWidget.TC1176_Verify_Guest_askTo_login_to_applyJob -->
