<?xml version="1.0" encoding="UTF-8"?>
<!-- Generated by org.testng.reporters.JUnitReportReporter -->
<testsuite hostname="DESKTOP-6QDE8GI" failures="0" tests="1" name="com.cpcommunity.testScripts.MyJobsTestCases.TC994_Verify_GlobalJobs_Visible_from_Globalcareers" time="77.801" errors="0" timestamp="22 Jun 2021 06:25:47 GMT" skipped="0">
  <testcase classname="com.cpcommunity.testScripts.MyJobsTestCases.TC994_Verify_GlobalJobs_Visible_from_Globalcareers" name="TC994" time="77.801"/>
</testsuite> <!-- com.cpcommunity.testScripts.MyJobsTestCases.TC994_Verify_GlobalJobs_Visible_from_Globalcareers -->
