<?xml version="1.0" encoding="UTF-8"?>
<!-- Generated by org.testng.reporters.JUnitReportReporter -->
<testsuite hostname="ViswanadhMS" failures="0" tests="1" name="com.cpcommunity.testScripts.community.TC171_Verify_Total_Communities_Count_And_In_My_Communities_Are_Same" time="78.051" errors="0" timestamp="25 Apr 2021 18:32:56 GMT" skipped="0">
  <testcase classname="com.cpcommunity.testScripts.community.TC171_Verify_Total_Communities_Count_And_In_My_Communities_Are_Same" name="TC171" time="78.051"/>
</testsuite> <!-- com.cpcommunity.testScripts.community.TC171_Verify_Total_Communities_Count_And_In_My_Communities_Are_Same -->
