<?xml version="1.0" encoding="UTF-8"?>
<!-- Generated by org.testng.reporters.JUnitReportReporter -->
<testsuite hostname="DESKTOP-6QDE8GI" failures="0" tests="1" name="com.cpcommunity.testScripts.Endorsments.TC750_Verify_approval_pending_endorsements_not_listed_in_memberprofile" time="105.181" errors="0" timestamp="13 Jun 2021 13:50:53 GMT" skipped="0">
  <testcase classname="com.cpcommunity.testScripts.Endorsments.TC750_Verify_approval_pending_endorsements_not_listed_in_memberprofile" name="TC750" time="105.181"/>
</testsuite> <!-- com.cpcommunity.testScripts.Endorsments.TC750_Verify_approval_pending_endorsements_not_listed_in_memberprofile -->
