<?xml version="1.0" encoding="UTF-8"?>
<!-- Generated by org.testng.reporters.JUnitReportReporter -->
<testsuite hostname="DESKTOP-6QDE8GI" failures="0" tests="1" name="com.cpcommunity.testScripts.myprofiletestcases.TC015_Verify_User_Is_Able_To_Update_Profile" time="119.044" errors="0" timestamp="15 Jun 2021 00:13:53 GMT" skipped="0">
  <testcase classname="com.cpcommunity.testScripts.myprofiletestcases.TC015_Verify_User_Is_Able_To_Update_Profile" name="TC015" time="119.044"/>
</testsuite> <!-- com.cpcommunity.testScripts.myprofiletestcases.TC015_Verify_User_Is_Able_To_Update_Profile -->
