<?xml version="1.0" encoding="UTF-8"?>
<!-- Generated by org.testng.reporters.JUnitReportReporter -->
<testsuite hostname="DESKTOP-TH7CST6" failures="0" tests="1" name="com.cpcommunity.testScrips.communityWidget.TC1208_verify_if_SkillInterste_nameChanged_then_displaying_inCommunityTab" time="189.195" errors="0" timestamp="05 Aug 2021 21:59:35 GMT" skipped="0">
  <testcase classname="com.cpcommunity.testScrips.communityWidget.TC1208_verify_if_SkillInterste_nameChanged_then_displaying_inCommunityTab" name="TC1208" time="189.195"/>
</testsuite> <!-- com.cpcommunity.testScrips.communityWidget.TC1208_verify_if_SkillInterste_nameChanged_then_displaying_inCommunityTab -->
