<?xml version="1.0" encoding="UTF-8"?>
<!-- Generated by org.testng.reporters.JUnitReportReporter -->
<testsuite hostname="DESKTOP-TH7CST6" failures="0" tests="1" name="com.cpcommunity.testScrips.communityWidget.TC1209_Verify_if_membershipplan_hide_is_notDisplaying" time="275.445" errors="0" timestamp="06 Aug 2021 07:29:38 GMT" skipped="0">
  <testcase classname="com.cpcommunity.testScrips.communityWidget.TC1209_Verify_if_membershipplan_hide_is_notDisplaying" name="TC1209" time="275.445"/>
</testsuite> <!-- com.cpcommunity.testScrips.communityWidget.TC1209_Verify_if_membershipplan_hide_is_notDisplaying -->
