<?xml version="1.0" encoding="UTF-8"?>
<!-- Generated by org.testng.reporters.JUnitReportReporter -->
<testsuite hostname="DESKTOP-TH7CST6" failures="0" tests="1" name="com.cpcommunity.ManageCampaign.TC1049_verify_DraftMail_Displaying_InComposeMail_when_Clicking_OnAny_DraftMail" time="195.205" errors="0" timestamp="18 Aug 2021 04:03:37 GMT" skipped="0">
  <testcase classname="com.cpcommunity.ManageCampaign.TC1049_verify_DraftMail_Displaying_InComposeMail_when_Clicking_OnAny_DraftMail" name="TC1049" time="195.205"/>
</testsuite> <!-- com.cpcommunity.ManageCampaign.TC1049_verify_DraftMail_Displaying_InComposeMail_when_Clicking_OnAny_DraftMail -->
