<?xml version="1.0" encoding="UTF-8"?>
<!-- Generated by org.testng.reporters.JUnitReportReporter -->
<testsuite hostname="ViswanadhMS" failures="0" tests="1" name="com.cpcommunity.testScripts.myprofiletestcases.TC025_Verify_User_Is_Able_To_Delete_Skills" time="94.841" errors="0" timestamp="25 Apr 2021 18:32:56 GMT" skipped="0">
  <testcase classname="com.cpcommunity.testScripts.myprofiletestcases.TC025_Verify_User_Is_Able_To_Delete_Skills" name="TC025" time="94.841"/>
</testsuite> <!-- com.cpcommunity.testScripts.myprofiletestcases.TC025_Verify_User_Is_Able_To_Delete_Skills -->
