<?xml version="1.0" encoding="UTF-8"?>
<!-- Generated by org.testng.reporters.JUnitReportReporter -->
<testsuite hostname="DESKTOP-TH7CST6" failures="0" tests="1" name="com.cpcommunity.testScripts.JobPost.TC1082_Verify_TA_ablTo_Create_JobPosts" time="109.053" errors="0" timestamp="07 Jul 2021 17:56:35 GMT" skipped="0">
  <testcase classname="com.cpcommunity.testScripts.JobPost.TC1082_Verify_TA_ablTo_Create_JobPosts" name="TC1082" time="109.053"/>
</testsuite> <!-- com.cpcommunity.testScripts.JobPost.TC1082_Verify_TA_ablTo_Create_JobPosts -->
