<?xml version="1.0" encoding="UTF-8"?>
<!-- Generated by org.testng.reporters.JUnitReportReporter -->
<testsuite hostname="DESKTOP-6QDE8GI" failures="0" tests="1" name="com.cpcommunity.testScripts.manageCampaign.TC806_Verify_emails_canbe_dispatched_at_particular_time" time="133.993" errors="0" timestamp="22 Jun 2021 06:25:47 GMT" skipped="0">
  <testcase classname="com.cpcommunity.testScripts.manageCampaign.TC806_Verify_emails_canbe_dispatched_at_particular_time" name="TC806" time="133.993"/>
</testsuite> <!-- com.cpcommunity.testScripts.manageCampaign.TC806_Verify_emails_canbe_dispatched_at_particular_time -->
