<?xml version="1.0" encoding="UTF-8"?>
<!-- Generated by org.testng.reporters.JUnitReportReporter -->
<testsuite hostname="ViswanadhMS" failures="0" tests="1" name="com.cpcommunity.testScripts.community.TC205_1_Tenant_Admin_Create_Pricing_Plan" time="97.484" errors="0" timestamp="25 Apr 2021 18:32:56 GMT" skipped="0">
  <testcase classname="com.cpcommunity.testScripts.community.TC205_1_Tenant_Admin_Create_Pricing_Plan" name="TC205" time="97.484"/>
</testsuite> <!-- com.cpcommunity.testScripts.community.TC205_1_Tenant_Admin_Create_Pricing_Plan -->
