<?xml version="1.0" encoding="UTF-8"?>
<!-- Generated by org.testng.reporters.JUnitReportReporter -->
<testsuite hostname="DESKTOP-6QDE8GI" failures="0" tests="1" name="com.cpcommunity.memberDirectoryTestCases.TC704_Verify_TenantAdmin_CanDownload_Excel_from_MemberDirectory" time="144.465" errors="0" timestamp="15 Jun 2021 00:13:54 GMT" skipped="0">
  <testcase classname="com.cpcommunity.memberDirectoryTestCases.TC704_Verify_TenantAdmin_CanDownload_Excel_from_MemberDirectory" name="TC704" time="144.465"/>
</testsuite> <!-- com.cpcommunity.memberDirectoryTestCases.TC704_Verify_TenantAdmin_CanDownload_Excel_from_MemberDirectory -->
