<?xml version="1.0" encoding="UTF-8"?>
<!-- Generated by org.testng.reporters.JUnitReportReporter -->
<testsuite hostname="ViswanadhMS" failures="0" tests="1" name="com.cpcommunity.testScripts.Member_B2B_SignUp.TC233_Verify_TA_Able_To_Created_MembershipPlan" time="96.165" errors="0" timestamp="07 Apr 2021 09:35:52 GMT" skipped="0">
  <testcase classname="com.cpcommunity.testScripts.Member_B2B_SignUp.TC233_Verify_TA_Able_To_Created_MembershipPlan" name="TC233" time="96.165"/>
</testsuite> <!-- com.cpcommunity.testScripts.Member_B2B_SignUp.TC233_Verify_TA_Able_To_Created_MembershipPlan -->
