<?xml version="1.0" encoding="UTF-8"?>
<!-- Generated by org.testng.reporters.JUnitReportReporter -->
<testsuite hostname="DESKTOP-TH7CST6" failures="0" tests="1" name="com.cpcommunity.ManageCampaign.TC1062_Verify_already_ExistEmail_ifUpdated_with_NewFirstName_get_Updated" time="247.812" errors="0" timestamp="18 Aug 2021 18:46:22 GMT" skipped="0">
  <testcase classname="com.cpcommunity.ManageCampaign.TC1062_Verify_already_ExistEmail_ifUpdated_with_NewFirstName_get_Updated" name="TC1062" time="247.812"/>
</testsuite> <!-- com.cpcommunity.ManageCampaign.TC1062_Verify_already_ExistEmail_ifUpdated_with_NewFirstName_get_Updated -->
