<?xml version="1.0" encoding="UTF-8"?>
<!-- Generated by org.testng.reporters.JUnitReportReporter -->
<testsuite hostname="DESKTOP-TH7CST6" failures="0" tests="1" name="com.cpcommunity.testScripts.EmailTemplates.TC2000_Verify_EditOption_ofET_Highlighted_Green_after_editing" time="138.702" errors="0" timestamp="08 Jul 2021 23:15:55 GMT" skipped="0">
  <testcase classname="com.cpcommunity.testScripts.EmailTemplates.TC2000_Verify_EditOption_ofET_Highlighted_Green_after_editing" name="TC2000" time="138.702"/>
</testsuite> <!-- com.cpcommunity.testScripts.EmailTemplates.TC2000_Verify_EditOption_ofET_Highlighted_Green_after_editing -->
