<?xml version="1.0" encoding="UTF-8"?>
<!-- Generated by org.testng.reporters.JUnitReportReporter -->
<testsuite hostname="ViswanadhMS" failures="0" tests="1" name="com.cpcommunity.testScripts.community.TC100_Activate_Community_By_Community_Admin" time="103.078" errors="0" timestamp="26 Apr 2021 12:10:43 GMT" skipped="0">
  <testcase classname="com.cpcommunity.testScripts.community.TC100_Activate_Community_By_Community_Admin" name="TC099" time="103.078"/>
</testsuite> <!-- com.cpcommunity.testScripts.community.TC100_Activate_Community_By_Community_Admin -->
