<?xml version="1.0" encoding="UTF-8"?>
<!-- Generated by org.testng.reporters.JUnitReportReporter -->
<testsuite hostname="DESKTOP-TH7CST6" failures="0" tests="1" name="com.cpcommunity.ManageCampaign.TC1046_Verify_CA_ableTo_send_Email_BySelecting_AnyEventOption" time="203.899" errors="0" timestamp="18 Aug 2021 16:59:52 GMT" skipped="0">
  <testcase classname="com.cpcommunity.ManageCampaign.TC1046_Verify_CA_ableTo_send_Email_BySelecting_AnyEventOption" name="TC1046" time="203.899"/>
</testsuite> <!-- com.cpcommunity.ManageCampaign.TC1046_Verify_CA_ableTo_send_Email_BySelecting_AnyEventOption -->
