<?xml version="1.0" encoding="UTF-8"?>
<!-- Generated by org.testng.reporters.JUnitReportReporter -->
<testsuite hostname="DESKTOP-TH7CST6" failures="0" tests="1" name="com.cpcommunity.testScripts.JobPost.TC1088_Verify_TA_ableTo_count_TotalInctive_JobPost" time="68.556" errors="0" timestamp="18 Aug 2021 04:03:37 GMT" skipped="0">
  <testcase classname="com.cpcommunity.testScripts.JobPost.TC1088_Verify_TA_ableTo_count_TotalInctive_JobPost" name="TC1088" time="68.556"/>
</testsuite> <!-- com.cpcommunity.testScripts.JobPost.TC1088_Verify_TA_ableTo_count_TotalInctive_JobPost -->
