<?xml version="1.0" encoding="UTF-8"?>
<!-- Generated by org.testng.reporters.JUnitReportReporter -->
<testsuite hostname="ViswanadhMS" failures="0" tests="1" name="com.cpcommunity.testScripts.community.TC035_Create_Community_With_Rejected_Community_Name" time="142.855" errors="0" timestamp="26 Apr 2021 08:20:24 GMT" skipped="0">
  <testcase classname="com.cpcommunity.testScripts.community.TC035_Create_Community_With_Rejected_Community_Name" name="TC035" time="142.855"/>
</testsuite> <!-- com.cpcommunity.testScripts.community.TC035_Create_Community_With_Rejected_Community_Name -->
