<?xml version="1.0" encoding="UTF-8"?>
<!-- Generated by org.testng.reporters.JUnitReportReporter -->
<testsuite hostname="DESKTOP-6QDE8GI" failures="0" tests="1" name="com.cpcommunity.testScripts.MyJobsTestCases.TC992_Verify_Admin_Can_SearchjobApplication_JobTitle" time="135.126" errors="0" timestamp="22 Jun 2021 06:25:47 GMT" skipped="0">
  <testcase classname="com.cpcommunity.testScripts.MyJobsTestCases.TC992_Verify_Admin_Can_SearchjobApplication_JobTitle" name="TC992" time="135.126"/>
</testsuite> <!-- com.cpcommunity.testScripts.MyJobsTestCases.TC992_Verify_Admin_Can_SearchjobApplication_JobTitle -->
