<?xml version="1.0" encoding="UTF-8"?>
<!-- Generated by org.testng.reporters.JUnitReportReporter -->
<testsuite hostname="DESKTOP-TH7CST6" failures="0" tests="1" name="com.cpcommunity.testScripts.EmailTemplates.TC1115_verify_COmmunityLogo_Updated_If_CA_updates_categoryLogo" time="404.002" errors="0" timestamp="18 Aug 2021 04:03:37 GMT" skipped="0">
  <testcase classname="com.cpcommunity.testScripts.EmailTemplates.TC1115_verify_COmmunityLogo_Updated_If_CA_updates_categoryLogo" name="TC1115" time="404.002"/>
</testsuite> <!-- com.cpcommunity.testScripts.EmailTemplates.TC1115_verify_COmmunityLogo_Updated_If_CA_updates_categoryLogo -->
