<?xml version="1.0" encoding="UTF-8"?>
<!-- Generated by org.testng.reporters.JUnitReportReporter -->
<testsuite hostname="DESKTOP-TH7CST6" failures="0" tests="1" name="com.cpcommunity.testScripts.advertisments.TC1143_Verify_popupMsg_Display_whileCreating_Planwhen_paymentGatwayNotConfigured" time="102.427" errors="0" timestamp="10 Aug 2021 04:01:59 GMT" skipped="0">
  <testcase classname="com.cpcommunity.testScripts.advertisments.TC1143_Verify_popupMsg_Display_whileCreating_Planwhen_paymentGatwayNotConfigured" name="TC1143" time="102.427"/>
</testsuite> <!-- com.cpcommunity.testScripts.advertisments.TC1143_Verify_popupMsg_Display_whileCreating_Planwhen_paymentGatwayNotConfigured -->
