<?xml version="1.0" encoding="UTF-8"?>
<!-- Generated by org.testng.reporters.JUnitReportReporter -->
<testsuite hostname="DESKTOP-6QDE8GI" failures="0" tests="1" name="com.cpcommunity.testScripts.ImportContacts.TC826_Verify_error_message_with_rowId_if_CSVfile_uploaded_with_emptyEmailrecords" time="88.609" errors="0" timestamp="23 Jun 2021 23:14:11 GMT" skipped="0">
  <testcase classname="com.cpcommunity.testScripts.ImportContacts.TC826_Verify_error_message_with_rowId_if_CSVfile_uploaded_with_emptyEmailrecords" name="TC826" time="88.609"/>
</testsuite> <!-- com.cpcommunity.testScripts.ImportContacts.TC826_Verify_error_message_with_rowId_if_CSVfile_uploaded_with_emptyEmailrecords -->
