<?xml version="1.0" encoding="UTF-8"?>
<!-- Generated by org.testng.reporters.JUnitReportReporter -->
<testsuite hostname="DESKTOP-TH7CST6" failures="0" tests="1" name="com.cpcommunity.ManageCampaign.TC1069_Verify_registeredMember_email_shouldNot_Import_in_IC" time="141.287" errors="0" timestamp="18 Aug 2021 04:03:37 GMT" skipped="0">
  <testcase classname="com.cpcommunity.ManageCampaign.TC1069_Verify_registeredMember_email_shouldNot_Import_in_IC" name="TC1069" time="141.287"/>
</testsuite> <!-- com.cpcommunity.ManageCampaign.TC1069_Verify_registeredMember_email_shouldNot_Import_in_IC -->
