<?xml version="1.0" encoding="UTF-8"?>
<!-- Generated by org.testng.reporters.JUnitReportReporter -->
<testsuite hostname="DESKTOP-TH7CST6" failures="0" tests="1" name="com.cpcommunity.testScripts.Groups.TC1026_Verify_GroupCount_Displaying_onGroupdisplayCar" time="92.296" errors="0" timestamp="18 Aug 2021 04:03:36 GMT" skipped="0">
  <testcase classname="com.cpcommunity.testScripts.Groups.TC1026_Verify_GroupCount_Displaying_onGroupdisplayCar" name="TC1026" time="92.296"/>
</testsuite> <!-- com.cpcommunity.testScripts.Groups.TC1026_Verify_GroupCount_Displaying_onGroupdisplayCar -->
