<?xml version="1.0" encoding="UTF-8"?>
<!-- Generated by org.testng.reporters.JUnitReportReporter -->
<testsuite hostname="DESKTOP-TH7CST6" failures="0" tests="1" name="com.cpcommunity.testScrips.communityWidget.TC1172_verify_spotlighted_Member_displaying_inSpotLight_widget" time="81.323" errors="0" timestamp="27 Jul 2021 02:46:55 GMT" skipped="0">
  <testcase classname="com.cpcommunity.testScrips.communityWidget.TC1172_verify_spotlighted_Member_displaying_inSpotLight_widget" name="TC1172" time="81.323"/>
</testsuite> <!-- com.cpcommunity.testScrips.communityWidget.TC1172_verify_spotlighted_Member_displaying_inSpotLight_widget -->
