<?xml version="1.0" encoding="UTF-8"?>
<!-- Generated by org.testng.reporters.JUnitReportReporter -->
<testsuite hostname="ViswanadhMS" failures="0" tests="1" name="com.cpcommunity.testScripts.community.TC088_Configure_Cheque_Payment" time="153.529" errors="0" timestamp="26 Apr 2021 10:37:51 GMT" skipped="0">
  <testcase classname="com.cpcommunity.testScripts.community.TC088_Configure_Cheque_Payment" name="TC088" time="153.529"/>
</testsuite> <!-- com.cpcommunity.testScripts.community.TC088_Configure_Cheque_Payment -->
