<?xml version="1.0" encoding="UTF-8"?>
<!-- Generated by org.testng.reporters.JUnitReportReporter -->
<testsuite hostname="DESKTOP-TH7CST6" failures="0" tests="1" name="com.cpcommunity.testScripts.JobPost.TC1093_Verify_CA_ableTo_Check_InactiveJob_Counts" time="58.718" errors="0" timestamp="18 Aug 2021 04:03:36 GMT" skipped="0">
  <testcase classname="com.cpcommunity.testScripts.JobPost.TC1093_Verify_CA_ableTo_Check_InactiveJob_Counts" name="TC1093" time="58.718"/>
</testsuite> <!-- com.cpcommunity.testScripts.JobPost.TC1093_Verify_CA_ableTo_Check_InactiveJob_Counts -->
