<?xml version="1.0" encoding="UTF-8"?>
<!-- Generated by org.testng.reporters.JUnitReportReporter -->
<testsuite hostname="DESKTOP-TH7CST6" failures="0" tests="1" name="com.cpcommunity.ManageCampaign.TC1054_Verify_TA_ableto_Add__UpcomingEvents_NonRSVP" time="114.655" errors="0" timestamp="18 Aug 2021 04:03:37 GMT" skipped="0">
  <testcase classname="com.cpcommunity.ManageCampaign.TC1054_Verify_TA_ableto_Add__UpcomingEvents_NonRSVP" name="TC1054" time="114.655"/>
</testsuite> <!-- com.cpcommunity.ManageCampaign.TC1054_Verify_TA_ableto_Add__UpcomingEvents_NonRSVP -->
