<?xml version="1.0" encoding="UTF-8"?>
<!-- Generated by org.testng.reporters.JUnitReportReporter -->
<testsuite hostname="DESKTOP-6QDE8GI" failures="0" tests="1" name="com.cpcommunity.testScripts.MyJobsTestCases.TC889_Verify_CA_Download_Resume_From_ManageApplications" time="127.433" errors="0" timestamp="15 Jun 2021 00:13:54 GMT" skipped="0">
  <testcase classname="com.cpcommunity.testScripts.MyJobsTestCases.TC889_Verify_CA_Download_Resume_From_ManageApplications" name="TC889" time="127.433"/>
</testsuite> <!-- com.cpcommunity.testScripts.MyJobsTestCases.TC889_Verify_CA_Download_Resume_From_ManageApplications -->
