<?xml version="1.0" encoding="UTF-8"?>
<!-- Generated by org.testng.reporters.JUnitReportReporter -->
<testsuite hostname="DESKTOP-TH7CST6" failures="0" tests="1" name="com.cpcommunity.testScrips.communityWidget.TC1205_verify_if_AdTitle_changed_then_changing_inCommunityWidget" time="168.760" errors="0" timestamp="05 Aug 2021 19:13:46 GMT" skipped="0">
  <testcase classname="com.cpcommunity.testScrips.communityWidget.TC1205_verify_if_AdTitle_changed_then_changing_inCommunityWidget" name="TC1205" time="168.760"/>
</testsuite> <!-- com.cpcommunity.testScrips.communityWidget.TC1205_verify_if_AdTitle_changed_then_changing_inCommunityWidget -->
