<?xml version="1.0" encoding="UTF-8"?>
<!-- Generated by org.testng.reporters.JUnitReportReporter -->
<testsuite hostname="DESKTOP-TH7CST6" failures="0" tests="1" name="com.cpcommunity.testScrips.communityWidget.TC1167_Verify_maximum_5_Discussion_displaying_in_communityWidget" time="110.654" errors="0" timestamp="26 Jul 2021 03:37:02 GMT" skipped="0">
  <testcase classname="com.cpcommunity.testScrips.communityWidget.TC1167_Verify_maximum_5_Discussion_displaying_in_communityWidget" name="TC1167" time="110.654"/>
</testsuite> <!-- com.cpcommunity.testScrips.communityWidget.TC1167_Verify_maximum_5_Discussion_displaying_in_communityWidget -->
