<?xml version="1.0" encoding="UTF-8"?>
<!-- Generated by org.testng.reporters.JUnitReportReporter -->
<testsuite hostname="DESKTOP-6QDE8GI" failures="0" tests="1" name="com.cpcommunity.testScripts.myprofiletestcases.TC010_Verify_Profilepage_Progressbar" time="131.320" errors="0" timestamp="22 Jun 2021 06:25:47 GMT" skipped="0">
  <testcase classname="com.cpcommunity.testScripts.myprofiletestcases.TC010_Verify_Profilepage_Progressbar" name="TC010" time="131.320"/>
</testsuite> <!-- com.cpcommunity.testScripts.myprofiletestcases.TC010_Verify_Profilepage_Progressbar -->
