<?xml version="1.0" encoding="UTF-8"?>
<!-- Generated by org.testng.reporters.JUnitReportReporter -->
<testsuite hostname="DESKTOP-TH7CST6" failures="0" tests="1" name="com.cpcommunity.ManageCampaign.TC1061_Verify_ErrorMessage_forRow_for_Uploading_InvalidEmail" time="106.971" errors="0" timestamp="18 Aug 2021 04:03:37 GMT" skipped="0">
  <testcase classname="com.cpcommunity.ManageCampaign.TC1061_Verify_ErrorMessage_forRow_for_Uploading_InvalidEmail" name="TC1061" time="106.971"/>
</testsuite> <!-- com.cpcommunity.ManageCampaign.TC1061_Verify_ErrorMessage_forRow_for_Uploading_InvalidEmail -->
