<?xml version="1.0" encoding="UTF-8"?>
<!-- Generated by org.testng.reporters.JUnitReportReporter -->
<testsuite hostname="ViswanadhMS" failures="0" tests="1" name="com.cpcommunity.testScripts.myprofiletestcases.TC016_Verify_User_is_Able_to_Select_Private_Radio_Button" time="110.876" errors="0" timestamp="25 Apr 2021 18:32:56 GMT" skipped="0">
  <testcase classname="com.cpcommunity.testScripts.myprofiletestcases.TC016_Verify_User_is_Able_to_Select_Private_Radio_Button" name="TC016" time="110.876"/>
</testsuite> <!-- com.cpcommunity.testScripts.myprofiletestcases.TC016_Verify_User_is_Able_to_Select_Private_Radio_Button -->
