<?xml version="1.0" encoding="UTF-8"?>
<!-- Generated by org.testng.reporters.JUnitReportReporter -->
<testsuite hostname="DESKTOP-TH7CST6" failures="0" tests="1" name="com.cpcommunity.ManageCampaign.TC1060_Verify_ErrorMessage_Display_If_csvFile_Uploaded_with_EmptyRecods" time="118.567" errors="0" timestamp="18 Aug 2021 04:03:37 GMT" skipped="0">
  <testcase classname="com.cpcommunity.ManageCampaign.TC1060_Verify_ErrorMessage_Display_If_csvFile_Uploaded_with_EmptyRecods" name="TC1060" time="118.567"/>
</testsuite> <!-- com.cpcommunity.ManageCampaign.TC1060_Verify_ErrorMessage_Display_If_csvFile_Uploaded_with_EmptyRecods -->
