<?xml version="1.0" encoding="UTF-8"?>
<!-- Generated by org.testng.reporters.JUnitReportReporter -->
<testsuite hostname="DESKTOP-TH7CST6" failures="0" tests="1" name="com.cpcommunity.testScripts.loginPage.TC1005_LoginWithout_Credentials" time="41.871" errors="0" timestamp="23 May 2021 16:44:03 GMT" skipped="0">
  <testcase classname="com.cpcommunity.testScripts.loginPage.TC1005_LoginWithout_Credentials" name="TC1005" time="41.871"/>
</testsuite> <!-- com.cpcommunity.testScripts.loginPage.TC1005_LoginWithout_Credentials -->
