<?xml version="1.0" encoding="UTF-8"?>
<!-- Generated by org.testng.reporters.JUnitReportReporter -->
<testsuite hostname="DESKTOP-TH7CST6" failures="0" tests="1" name="com.cpcommunity.testScrips.communityWidget.TC1166_verify_InfoMessage_when_therAre_No_Discussion" time="107.148" errors="0" timestamp="26 Jul 2021 02:26:36 GMT" skipped="0">
  <testcase classname="com.cpcommunity.testScrips.communityWidget.TC1166_verify_InfoMessage_when_therAre_No_Discussion" name="TC1166" time="107.148"/>
</testsuite> <!-- com.cpcommunity.testScrips.communityWidget.TC1166_verify_InfoMessage_when_therAre_No_Discussion -->
