<?xml version="1.0" encoding="UTF-8"?>
<!-- Generated by org.testng.reporters.JUnitReportReporter -->
<testsuite hostname="DESKTOP-TH7CST6" failures="0" tests="1" name="com.cpcommunity.ProfileCompleteness.TC1030_Verify_Updating_PhoneNumb_SocialMedia_NoImpact_onprofileCompleteness" time="100.631" errors="0" timestamp="08 Jun 2021 14:57:47 GMT" skipped="0">
  <testcase classname="com.cpcommunity.ProfileCompleteness.TC1030_Verify_Updating_PhoneNumb_SocialMedia_NoImpact_onprofileCompleteness" name="TC1030" time="100.631"/>
</testsuite> <!-- com.cpcommunity.ProfileCompleteness.TC1030_Verify_Updating_PhoneNumb_SocialMedia_NoImpact_onprofileCompleteness -->
