<?xml version="1.0" encoding="UTF-8"?>
<!-- Generated by org.testng.reporters.JUnitReportReporter -->
<testsuite hostname="ViswanadhMS" failures="0" tests="1" name="com.cpcommunity.testScripts.community.TC033_Complete_Community_Setup" time="306.303" errors="1" timestamp="26 Apr 2021 09:12:55 GMT" skipped="0">
  <testcase classname="com.cpcommunity.testScripts.community.TC033_Complete_Community_Setup" name="TC033" time="306.303">
    <error message="This is not the PaymentReceipt page" type="java.lang.IllegalStateException">
      <![CDATA[java.lang.IllegalStateException: This is not the PaymentReceipt page
	at com.cpcommunity.PageObjects.BasePage.openPage(BasePage.java:97)
	at com.cpcommunity.PageObjects.AuthorizeGateway.payment(AuthorizeGateway.java:70)
	at com.cpcommunity.testScripts.community.TC033_Complete_Community_Setup.TC033(TC033_Complete_Community_Setup.java:43)
	at java.base/jdk.internal.reflect.NativeMethodAccessorImpl.invoke0(Native Method)
	at java.base/jdk.internal.reflect.NativeMethodAccessorImpl.invoke(NativeMethodAccessorImpl.java:64)
	at java.base/jdk.internal.reflect.DelegatingMethodAccessorImpl.invoke(DelegatingMethodAccessorImpl.java:43)
	at java.base/java.lang.reflect.Method.invoke(Method.java:564)
	at org.testng.internal.MethodInvocationHelper.invokeMethod(MethodInvocationHelper.java:108)
	at org.testng.internal.Invoker.invokeMethod(Invoker.java:661)
	at org.testng.internal.Invoker.invokeTestMethod(Invoker.java:869)
	at org.testng.internal.Invoker.invokeTestMethods(Invoker.java:1193)
	at org.testng.internal.TestMethodWorker.invokeTestMethods(TestMethodWorker.java:126)
	at org.testng.internal.TestMethodWorker.run(TestMethodWorker.java:109)
	at java.base/java.util.concurrent.ThreadPoolExecutor.runWorker(ThreadPoolExecutor.java:1130)
	at java.base/java.util.concurrent.ThreadPoolExecutor$Worker.run(ThreadPoolExecutor.java:630)
	at java.base/java.lang.Thread.run(Thread.java:832)
]]>
    </error>
  </testcase> <!-- TC033 -->
</testsuite> <!-- com.cpcommunity.testScripts.community.TC033_Complete_Community_Setup -->
