<?xml version="1.0" encoding="UTF-8"?>
<!-- Generated by org.testng.reporters.JUnitReportReporter -->
<testsuite hostname="DESKTOP-TH7CST6" failures="0" tests="1" name="com.cpcommunity.testMemberDirectory.TC1033_Verify_MemberDirectory" time="85.678" errors="0" timestamp="08 Jun 2021 21:57:16 GMT" skipped="0">
  <testcase classname="com.cpcommunity.testMemberDirectory.TC1033_Verify_MemberDirectory" name="TC1033" time="85.678"/>
</testsuite> <!-- com.cpcommunity.testMemberDirectory.TC1033_Verify_MemberDirectory -->
