<?xml version="1.0" encoding="UTF-8"?>
<!-- Generated by org.testng.reporters.JUnitReportReporter -->
<testsuite hostname="DESKTOP-TH7CST6" failures="0" tests="1" name="com.cpcommunity.ManageCampaign.TC1068_verify_CA_ablTo_Activate_CampaignTemplate" time="203.120" errors="0" timestamp="18 Aug 2021 16:59:52 GMT" skipped="0">
  <testcase classname="com.cpcommunity.ManageCampaign.TC1068_verify_CA_ablTo_Activate_CampaignTemplate" name="TC1068" time="203.120"/>
</testsuite> <!-- com.cpcommunity.ManageCampaign.TC1068_verify_CA_ablTo_Activate_CampaignTemplate -->
