<?xml version="1.0" encoding="UTF-8"?>
<!-- Generated by org.testng.reporters.JUnitReportReporter -->
<testsuite hostname="ViswanadhMS" failures="0" tests="1" name="com.cpcommunity.testScripts.community.TC047_Community_Admin_Able_To_Manage_Community_Members" time="237.960" errors="0" timestamp="26 Apr 2021 16:45:51 GMT" skipped="0">
  <testcase classname="com.cpcommunity.testScripts.community.TC047_Community_Admin_Able_To_Manage_Community_Members" name="TC047" time="237.960"/>
</testsuite> <!-- com.cpcommunity.testScripts.community.TC047_Community_Admin_Able_To_Manage_Community_Members -->
