<?xml version="1.0" encoding="UTF-8"?>
<!-- Generated by org.testng.reporters.JUnitReportReporter -->
<testsuite hostname="DESKTOP-TH7CST6" failures="0" tests="1" name="com.cpcommunity.testScripts.advertisments.TC1160_Verify_AdCount_increase_when_CM_purchaseAdPlan" time="331.163" errors="0" timestamp="11 Aug 2021 20:33:16 GMT" skipped="0">
  <testcase classname="com.cpcommunity.testScripts.advertisments.TC1160_Verify_AdCount_increase_when_CM_purchaseAdPlan" name="TC1160" time="331.163"/>
</testsuite> <!-- com.cpcommunity.testScripts.advertisments.TC1160_Verify_AdCount_increase_when_CM_purchaseAdPlan -->
