<?xml version="1.0" encoding="UTF-8"?>
<!-- Generated by org.testng.reporters.JUnitReportReporter -->
<testsuite hostname="DESKTOP-TH7CST6" failures="0" tests="1" name="com.cpcommunity.memberDirectoryTestCases.TC1039_Verify_SuspendedMember_And_ExpiredMember_Name_Not_Displaying_MD" time="100.638" errors="0" timestamp="18 Aug 2021 04:03:37 GMT" skipped="0">
  <testcase classname="com.cpcommunity.memberDirectoryTestCases.TC1039_Verify_SuspendedMember_And_ExpiredMember_Name_Not_Displaying_MD" name="TC1039" time="100.638"/>
</testsuite> <!-- com.cpcommunity.memberDirectoryTestCases.TC1039_Verify_SuspendedMember_And_ExpiredMember_Name_Not_Displaying_MD -->
