<?xml version="1.0" encoding="UTF-8"?>
<!-- Generated by org.testng.reporters.JUnitReportReporter -->
<testsuite hostname="DESKTOP-TH7CST6" failures="0" tests="1" name="com.cpcommunity.testScrips.communityWidget.TC1199_verify_ifGroupName_changed_Displaying_inCommunityWidgets" time="183.086" errors="0" timestamp="05 Aug 2021 16:33:26 GMT" skipped="0">
  <testcase classname="com.cpcommunity.testScrips.communityWidget.TC1199_verify_ifGroupName_changed_Displaying_inCommunityWidgets" name="TC1199" time="183.086"/>
</testsuite> <!-- com.cpcommunity.testScrips.communityWidget.TC1199_verify_ifGroupName_changed_Displaying_inCommunityWidgets -->
