<?xml version="1.0" encoding="UTF-8"?>
<!-- Generated by org.testng.reporters.JUnitReportReporter -->
<testsuite hostname="DESKTOP-TH7CST6" failures="0" tests="1" name="com.cpcommunity.testMemberDirectory.TC1032_Verify_MemberDirectory" time="90.207" errors="0" timestamp="08 Jun 2021 22:43:29 GMT" skipped="0">
  <testcase classname="com.cpcommunity.testMemberDirectory.TC1032_Verify_MemberDirectory" name="TC1032" time="90.207"/>
</testsuite> <!-- com.cpcommunity.testMemberDirectory.TC1032_Verify_MemberDirectory -->
