<?xml version="1.0" encoding="UTF-8"?>
<!-- Generated by org.testng.reporters.JUnitReportReporter -->
<testsuite hostname="ViswanadhMS" failures="0" tests="1" name="com.cpcommunity.testScripts.community.TC129_Apply_Job_Requirement_From_Community_Details_Page" time="176.431" errors="0" timestamp="26 Apr 2021 14:21:12 GMT" skipped="0">
  <testcase classname="com.cpcommunity.testScripts.community.TC129_Apply_Job_Requirement_From_Community_Details_Page" name="TC129" time="176.431"/>
</testsuite> <!-- com.cpcommunity.testScripts.community.TC129_Apply_Job_Requirement_From_Community_Details_Page -->
