<?xml version="1.0" encoding="UTF-8"?>
<!-- Generated by org.testng.reporters.JUnitReportReporter -->
<testsuite hostname="DESKTOP-TH7CST6" failures="0" tests="1" name="com.cpcommunity.testScripts.JobPost.TC1091_Verify_CA_ableTo_CheckCount_Of_Total_JobApplication" time="65.746" errors="0" timestamp="18 Aug 2021 04:03:36 GMT" skipped="0">
  <testcase classname="com.cpcommunity.testScripts.JobPost.TC1091_Verify_CA_ableTo_CheckCount_Of_Total_JobApplication" name="TC1091" time="65.746"/>
</testsuite> <!-- com.cpcommunity.testScripts.JobPost.TC1091_Verify_CA_ableTo_CheckCount_Of_Total_JobApplication -->
