<?xml version="1.0" encoding="UTF-8"?>
<!-- Generated by org.testng.reporters.JUnitReportReporter -->
<testsuite hostname="ViswanadhMS" failures="0" tests="1" name="com.cpcommunity.testScripts.myprofiletestcases.TC027_Verify_User_Is_Able_To_Update_Interests" time="109.060" errors="0" timestamp="25 Apr 2021 18:32:56 GMT" skipped="0">
  <testcase classname="com.cpcommunity.testScripts.myprofiletestcases.TC027_Verify_User_Is_Able_To_Update_Interests" name="TC027" time="109.060"/>
</testsuite> <!-- com.cpcommunity.testScripts.myprofiletestcases.TC027_Verify_User_Is_Able_To_Update_Interests -->
