<?xml version="1.0" encoding="UTF-8"?>
<!-- Generated by org.testng.reporters.JUnitReportReporter -->
<testsuite hostname="DESKTOP-TH7CST6" failures="0" tests="1" name="com.cpcommunity.testScripts.Groups.TC1025_Verify_ManageGroupIcon_Display_ToGroupAdmin" time="74.694" errors="0" timestamp="06 Jun 2021 21:23:10 GMT" skipped="0">
  <testcase classname="com.cpcommunity.testScripts.Groups.TC1025_Verify_ManageGroupIcon_Display_ToGroupAdmin" name="TC1025" time="74.694"/>
</testsuite> <!-- com.cpcommunity.testScripts.Groups.TC1025_Verify_ManageGroupIcon_Display_ToGroupAdmin -->
