<?xml version="1.0" encoding="UTF-8"?>
<!-- Generated by org.testng.reporters.JUnitReportReporter -->
<testsuite hostname="DESKTOP-TH7CST6" failures="0" tests="1" name="com.cpcommunity.testScripts.EmailTemplates.TC1099_Verify_DefaultTemplate_Displaying_when_user_Click_On_ResetButton" time="96.820" errors="0" timestamp="18 Aug 2021 04:03:36 GMT" skipped="0">
  <testcase classname="com.cpcommunity.testScripts.EmailTemplates.TC1099_Verify_DefaultTemplate_Displaying_when_user_Click_On_ResetButton" name="TC1099" time="96.820"/>
</testsuite> <!-- com.cpcommunity.testScripts.EmailTemplates.TC1099_Verify_DefaultTemplate_Displaying_when_user_Click_On_ResetButton -->
