<?xml version="1.0" encoding="UTF-8"?>
<!-- Generated by org.testng.reporters.JUnitReportReporter -->
<testsuite hostname="DESKTOP-6QDE8GI" failures="0" tests="1" name="com.cpcommunity.testScripts.MyJobsTestCases.TC990_Verify_Member_Can_ManageJobs_From_MyJobs" time="116.913" errors="0" timestamp="06 Jun 2021 18:35:34 GMT" skipped="0">
  <testcase classname="com.cpcommunity.testScripts.MyJobsTestCases.TC990_Verify_Member_Can_ManageJobs_From_MyJobs" name="TC990" time="116.913"/>
</testsuite> <!-- com.cpcommunity.testScripts.MyJobsTestCases.TC990_Verify_Member_Can_ManageJobs_From_MyJobs -->
