<?xml version="1.0" encoding="UTF-8"?>
<!-- Generated by org.testng.reporters.JUnitReportReporter -->
<testsuite hostname="DESKTOP-TH7CST6" failures="0" tests="1" name="com.cpcommunity.testScripts.EmailTemplates.TC1095_Verify_Avaibility_Of_EmailTemplate_option_InManageCommunity" time="102.693" errors="0" timestamp="18 Aug 2021 04:03:37 GMT" skipped="0">
  <testcase classname="com.cpcommunity.testScripts.EmailTemplates.TC1095_Verify_Avaibility_Of_EmailTemplate_option_InManageCommunity" name="TC1095" time="102.693"/>
</testsuite> <!-- com.cpcommunity.testScripts.EmailTemplates.TC1095_Verify_Avaibility_Of_EmailTemplate_option_InManageCommunity -->
