<?xml version="1.0" encoding="UTF-8"?>
<!-- Generated by org.testng.reporters.JUnitReportReporter -->
<testsuite hostname="DESKTOP-TH7CST6" failures="0" tests="1" name="com.cpcommunity.ManageCampaign.TC1044_Verify_TOfield_Validation" time="188.306" errors="0" timestamp="18 Aug 2021 18:46:22 GMT" skipped="0">
  <testcase classname="com.cpcommunity.ManageCampaign.TC1044_Verify_TOfield_Validation" name="TC1044" time="188.306"/>
</testsuite> <!-- com.cpcommunity.ManageCampaign.TC1044_Verify_TOfield_Validation -->
