<?xml version="1.0" encoding="UTF-8"?>
<!-- Generated by org.testng.reporters.JUnitReportReporter -->
<testsuite hostname="DESKTOP-TH7CST6" failures="0" tests="1" name="com.cpcommunity.ManageCampaign.TC1055_VErify_TA_ableto_Add_Past_NonRSVP" time="112.499" errors="0" timestamp="18 Aug 2021 04:03:36 GMT" skipped="0">
  <testcase classname="com.cpcommunity.ManageCampaign.TC1055_VErify_TA_ableto_Add_Past_NonRSVP" name="TC1055" time="112.499"/>
</testsuite> <!-- com.cpcommunity.ManageCampaign.TC1055_VErify_TA_ableto_Add_Past_NonRSVP -->
