<?xml version="1.0" encoding="UTF-8"?>
<!-- Generated by org.testng.reporters.JUnitReportReporter -->
<testsuite hostname="DESKTOP-TH7CST6" failures="0" tests="1" name="com.cpcommunity.testScripts.advertisments.TC1137_Verify_ifPlan_Status_changes_Inactive_ItShouldnot_Display_inthat_community" time="82.687" errors="0" timestamp="10 Aug 2021 04:01:59 GMT" skipped="0">
  <testcase classname="com.cpcommunity.testScripts.advertisments.TC1137_Verify_ifPlan_Status_changes_Inactive_ItShouldnot_Display_inthat_community" name="TC1137" time="82.687"/>
</testsuite> <!-- com.cpcommunity.testScripts.advertisments.TC1137_Verify_ifPlan_Status_changes_Inactive_ItShouldnot_Display_inthat_community -->
