<?xml version="1.0" encoding="UTF-8"?>
<!-- Generated by org.testng.reporters.JUnitReportReporter -->
<testsuite hostname="ViswanadhMS" failures="0" tests="1" name="com.cpcommunity.testScripts.community.TC031_Create_community_From_Global_Communities_page" time="123.573" errors="0" timestamp="26 Apr 2021 08:24:10 GMT" skipped="0">
  <testcase classname="com.cpcommunity.testScripts.community.TC031_Create_community_From_Global_Communities_page" name="TC031" time="123.573"/>
</testsuite> <!-- com.cpcommunity.testScripts.community.TC031_Create_community_From_Global_Communities_page -->
