<?xml version="1.0" encoding="UTF-8"?>
<!-- Generated by org.testng.reporters.JUnitReportReporter -->
<testsuite hostname="DESKTOP-TH7CST6" failures="0" tests="1" name="com.cpcommunity.testScripts.EmailTemplates.TC1104_Verify_EmaolHeader_FromEmail_EmailSubject_Mandatory_inET" time="120.427" errors="0" timestamp="18 Aug 2021 04:03:37 GMT" skipped="0">
  <testcase classname="com.cpcommunity.testScripts.EmailTemplates.TC1104_Verify_EmaolHeader_FromEmail_EmailSubject_Mandatory_inET" name="TC1104" time="120.427"/>
</testsuite> <!-- com.cpcommunity.testScripts.EmailTemplates.TC1104_Verify_EmaolHeader_FromEmail_EmailSubject_Mandatory_inET -->
