<?xml version="1.0" encoding="UTF-8"?>
<!-- Generated by org.testng.reporters.JUnitReportReporter -->
<testsuite hostname="DESKTOP-TH7CST6" failures="0" tests="1" name="com.cpcommunity.testScripts.JobPost.TC1084_Verify_latestJob__DisplayedOnTop_InMangeJobSCreen" time="105.583" errors="0" timestamp="18 Aug 2021 04:03:36 GMT" skipped="0">
  <testcase classname="com.cpcommunity.testScripts.JobPost.TC1084_Verify_latestJob__DisplayedOnTop_InMangeJobSCreen" name="TC1084" time="105.583"/>
</testsuite> <!-- com.cpcommunity.testScripts.JobPost.TC1084_Verify_latestJob__DisplayedOnTop_InMangeJobSCreen -->
