<?xml version="1.0" encoding="UTF-8"?>
<!-- Generated by org.testng.reporters.JUnitReportReporter -->
<testsuite hostname="DESKTOP-6QDE8GI" failures="0" tests="1" name="com.cpcommunity.testScripts.Groups.TC882_Verify_Admin_canEdit_Group" time="202.000" errors="0" timestamp="16 Jun 2021 19:14:16 GMT" skipped="0">
  <testcase classname="com.cpcommunity.testScripts.Groups.TC882_Verify_Admin_canEdit_Group" name="TC882" time="202.000"/>
</testsuite> <!-- com.cpcommunity.testScripts.Groups.TC882_Verify_Admin_canEdit_Group -->
