<?xml version="1.0" encoding="UTF-8"?>
<!-- Generated by org.testng.reporters.JUnitReportReporter -->
<testsuite hostname="DESKTOP-TH7CST6" failures="0" tests="1" name="com.cpcommunity.memberDirectoryTestCases.TC1032_Verify_MemberDirectory_serachVisibility" time="111.145" errors="0" timestamp="18 Aug 2021 04:03:36 GMT" skipped="0">
  <testcase classname="com.cpcommunity.memberDirectoryTestCases.TC1032_Verify_MemberDirectory_serachVisibility" name="TC1032" time="111.145"/>
</testsuite> <!-- com.cpcommunity.memberDirectoryTestCases.TC1032_Verify_MemberDirectory_serachVisibility -->
