<?xml version="1.0" encoding="UTF-8"?>
<!-- Generated by org.testng.reporters.JUnitReportReporter -->
<testsuite hostname="DESKTOP-TH7CST6" failures="0" tests="1" name="com.cpcommunity.testScrips.communityWidget.TC1211_verify_iffMembershipPlan_NameChanged_is_displaying_inCommunityWidget" time="276.818" errors="0" timestamp="06 Aug 2021 13:08:33 GMT" skipped="0">
  <testcase classname="com.cpcommunity.testScrips.communityWidget.TC1211_verify_iffMembershipPlan_NameChanged_is_displaying_inCommunityWidget" name="TC1211" time="276.818"/>
</testsuite> <!-- com.cpcommunity.testScrips.communityWidget.TC1211_verify_iffMembershipPlan_NameChanged_is_displaying_inCommunityWidget -->
