<?xml version="1.0" encoding="UTF-8"?>
<!-- Generated by org.testng.reporters.JUnitReportReporter -->
<testsuite hostname="DESKTOP-TH7CST6" failures="0" tests="1" name="com.cpcommunity.testScripts.JobPost.TC1081_Verify_CA_ableTo_Create_JobPost_with_InactiveStatus" time="111.234" errors="0" timestamp="18 Aug 2021 04:03:37 GMT" skipped="0">
  <testcase classname="com.cpcommunity.testScripts.JobPost.TC1081_Verify_CA_ableTo_Create_JobPost_with_InactiveStatus" name="TC1081" time="111.234"/>
</testsuite> <!-- com.cpcommunity.testScripts.JobPost.TC1081_Verify_CA_ableTo_Create_JobPost_with_InactiveStatus -->
