<?xml version="1.0" encoding="UTF-8"?>
<!-- Generated by org.testng.reporters.JUnitReportReporter -->
<testsuite hostname="DESKTOP-TH7CST6" failures="0" tests="1" name="com.cpcommunity.testScrips.communityWidget.TC1177_verify_if_EventName_changed_Displaying_inCommunityPage" time="207.390" errors="0" timestamp="05 Aug 2021 16:33:26 GMT" skipped="0">
  <testcase classname="com.cpcommunity.testScrips.communityWidget.TC1177_verify_if_EventName_changed_Displaying_inCommunityPage" name="TC1177" time="207.390"/>
</testsuite> <!-- com.cpcommunity.testScrips.communityWidget.TC1177_verify_if_EventName_changed_Displaying_inCommunityPage -->
