<?xml version="1.0" encoding="UTF-8"?>
<!-- Generated by org.testng.reporters.JUnitReportReporter -->
<testsuite hostname="DESKTOP-6QDE8GI" failures="0" tests="1" name="com.cpcommunity.testScripts.TA_CreateCommunity.TC971_Verify_TA_not_able_remove_CArole_when_one_Admin_only" time="197.590" errors="0" timestamp="12 Jul 2021 19:11:49 GMT" skipped="0">
  <testcase classname="com.cpcommunity.testScripts.TA_CreateCommunity.TC971_Verify_TA_not_able_remove_CArole_when_one_Admin_only" name="TC971" time="197.590"/>
</testsuite> <!-- com.cpcommunity.testScripts.TA_CreateCommunity.TC971_Verify_TA_not_able_remove_CArole_when_one_Admin_only -->
