<?xml version="1.0" encoding="UTF-8"?>
<!-- Generated by org.testng.reporters.JUnitReportReporter -->
<testsuite hostname="ViswanadhMS" failures="0" tests="1" name="com.cpcommunity.testScripts.community.TC038_Create_Membership_Plans" time="151.124" errors="0" timestamp="26 Apr 2021 12:24:50 GMT" skipped="0">
  <testcase classname="com.cpcommunity.testScripts.community.TC038_Create_Membership_Plans" name="TC038" time="151.124"/>
</testsuite> <!-- com.cpcommunity.testScripts.community.TC038_Create_Membership_Plans -->
