<?xml version="1.0" encoding="UTF-8"?>
<!-- Generated by org.testng.reporters.JUnitReportReporter -->
<testsuite hostname="ViswanadhMS" failures="0" tests="1" name="com.cpcommunity.testScripts.community.TC030_System_Admin_Community_Rejection" time="120.512" errors="0" timestamp="26 Apr 2021 08:15:51 GMT" skipped="0">
  <testcase classname="com.cpcommunity.testScripts.community.TC030_System_Admin_Community_Rejection" name="TC030" time="120.512"/>
</testsuite> <!-- com.cpcommunity.testScripts.community.TC030_System_Admin_Community_Rejection -->
