<?xml version="1.0" encoding="UTF-8"?>
<!-- Generated by org.testng.reporters.JUnitReportReporter -->
<testsuite hostname="ViswanadhMS" failures="0" tests="1" name="com.cpcommunity.testScripts.myprofiletestcases.TC024_Verify_User_Is_Able_To_Delete_Protfolio" time="143.748" errors="0" timestamp="25 Apr 2021 18:32:56 GMT" skipped="0">
  <testcase classname="com.cpcommunity.testScripts.myprofiletestcases.TC024_Verify_User_Is_Able_To_Delete_Protfolio" name="TC024" time="143.748"/>
</testsuite> <!-- com.cpcommunity.testScripts.myprofiletestcases.TC024_Verify_User_Is_Able_To_Delete_Protfolio -->
