<?xml version="1.0" encoding="UTF-8"?>
<!-- Generated by org.testng.reporters.JUnitReportReporter -->
<testsuite hostname="DESKTOP-6QDE8GI" failures="0" tests="1" name="com.cpcommunity.testScripts.MyJobsTestCases.TC993_Verify_User_Cannot_Reapply_To_JobsApplied_Again" time="120.550" errors="0" timestamp="15 Jun 2021 00:13:54 GMT" skipped="0">
  <testcase classname="com.cpcommunity.testScripts.MyJobsTestCases.TC993_Verify_User_Cannot_Reapply_To_JobsApplied_Again" name="TC993" time="120.550"/>
</testsuite> <!-- com.cpcommunity.testScripts.MyJobsTestCases.TC993_Verify_User_Cannot_Reapply_To_JobsApplied_Again -->
