<?xml version="1.0" encoding="UTF-8"?>
<!-- Generated by org.testng.reporters.JUnitReportReporter -->
<testsuite hostname="DESKTOP-6QDE8GI" failures="0" tests="1" name="com.cpcommunity.testScripts.manageCampaign.TC818_Verify_TA_able_add_CancelledEvents_RSVPedUsers" time="93.185" errors="0" timestamp="22 Jun 2021 06:25:47 GMT" skipped="0">
  <testcase classname="com.cpcommunity.testScripts.manageCampaign.TC818_Verify_TA_able_add_CancelledEvents_RSVPedUsers" name="TC818" time="93.185"/>
</testsuite> <!-- com.cpcommunity.testScripts.manageCampaign.TC818_Verify_TA_able_add_CancelledEvents_RSVPedUsers -->
