<?xml version="1.0" encoding="UTF-8"?>
<!-- Generated by org.testng.reporters.JUnitReportReporter -->
<testsuite hostname="DESKTOP-TH7CST6" failures="0" tests="1" name="com.cpcommunity.emailtestcases.TC032_Create_Community_Email_Notification_to_System_Admin" time="0.211" errors="0" timestamp="21 May 2021 19:12:08 GMT" skipped="1">
  <testcase classname="com.cpcommunity.emailtestcases.TC032_Create_Community_Email_Notification_to_System_Admin" name="EmailVerification" time="0.211">
    <skipped/>
  </testcase> <!-- EmailVerification -->
</testsuite> <!-- com.cpcommunity.emailtestcases.TC032_Create_Community_Email_Notification_to_System_Admin -->
