<?xml version="1.0" encoding="UTF-8"?>
<!-- Generated by org.testng.reporters.JUnitReportReporter -->
<testsuite hostname="DESKTOP-TH7CST6" failures="0" tests="1" name="com.cpcommunity.testScripts.EmailTemplates.TC1098_Verify_TemplateName_and_Description_IsIn_ReadOnlyMode" time="118.893" errors="0" timestamp="18 Aug 2021 04:03:37 GMT" skipped="0">
  <testcase classname="com.cpcommunity.testScripts.EmailTemplates.TC1098_Verify_TemplateName_and_Description_IsIn_ReadOnlyMode" name="TC1098" time="118.893"/>
</testsuite> <!-- com.cpcommunity.testScripts.EmailTemplates.TC1098_Verify_TemplateName_and_Description_IsIn_ReadOnlyMode -->
