<?xml version="1.0" encoding="UTF-8"?>
<!-- Generated by org.testng.reporters.JUnitReportReporter -->
<testsuite hostname="DESKTOP-TH7CST6" failures="0" tests="1" name="com.cpcommunity.ManageCampaign.TC1063_Verify_Previously_ImportedFile_Display_EvenIf_newFile_Uploaded" time="140.510" errors="0" timestamp="04 Jul 2021 15:30:44 GMT" skipped="0">
  <testcase classname="com.cpcommunity.ManageCampaign.TC1063_Verify_Previously_ImportedFile_Display_EvenIf_newFile_Uploaded" name="TC1063" time="140.510"/>
</testsuite> <!-- com.cpcommunity.ManageCampaign.TC1063_Verify_Previously_ImportedFile_Display_EvenIf_newFile_Uploaded -->
