<?xml version="1.0" encoding="UTF-8"?>
<!-- Generated by org.testng.reporters.JUnitReportReporter -->
<testsuite hostname="DESKTOP-TH7CST6" failures="0" tests="1" name="com.cpcommunity.ManageCampaign.TC1059_Verify_importedContacts_From_csvFile_Displaying_In_ComposeC_Dropdown" time="140.228" errors="0" timestamp="18 Aug 2021 04:03:36 GMT" skipped="0">
  <testcase classname="com.cpcommunity.ManageCampaign.TC1059_Verify_importedContacts_From_csvFile_Displaying_In_ComposeC_Dropdown" name="TC1059" time="140.228"/>
</testsuite> <!-- com.cpcommunity.ManageCampaign.TC1059_Verify_importedContacts_From_csvFile_Displaying_In_ComposeC_Dropdown -->
