<?xml version="1.0" encoding="UTF-8"?>
<!-- Generated by org.testng.reporters.JUnitReportReporter -->
<testsuite hostname="DESKTOP-6QDE8GI" failures="0" tests="1" name="com.cpcommunity.testScripts.manageCampaign.TC819_Verify_TA_Able_Add_Active_Organization_By_Selecting_Communities" time="98.465" errors="0" timestamp="22 Jun 2021 06:25:47 GMT" skipped="0">
  <testcase classname="com.cpcommunity.testScripts.manageCampaign.TC819_Verify_TA_Able_Add_Active_Organization_By_Selecting_Communities" name="TC819" time="98.465"/>
</testsuite> <!-- com.cpcommunity.testScripts.manageCampaign.TC819_Verify_TA_Able_Add_Active_Organization_By_Selecting_Communities -->
