<?xml version="1.0" encoding="UTF-8"?>
<!-- Generated by org.testng.reporters.JUnitReportReporter -->
<testsuite hostname="DESKTOP-TH7CST6" failures="0" tests="1" name="com.cpcommunity.memberDirectoryTestCases.TC1035_Verify_ListOfValue_Displaying_In_OrganisationField" time="87.774" errors="0" timestamp="18 Aug 2021 04:03:37 GMT" skipped="0">
  <testcase classname="com.cpcommunity.memberDirectoryTestCases.TC1035_Verify_ListOfValue_Displaying_In_OrganisationField" name="TC1035" time="87.774"/>
</testsuite> <!-- com.cpcommunity.memberDirectoryTestCases.TC1035_Verify_ListOfValue_Displaying_In_OrganisationField -->
