<?xml version="1.0" encoding="UTF-8"?>
<!-- Generated by org.testng.reporters.JUnitReportReporter -->
<testsuite hostname="DESKTOP-TH7CST6" failures="0" tests="1" name="com.cpcommunity.testScripts.advertisments.TC1123_Verify_Countnot_Increment_InAdvertisementPage_When_Planis_Pending" time="69.320" errors="0" timestamp="09 Aug 2021 04:03:02 GMT" skipped="0">
  <testcase classname="com.cpcommunity.testScripts.advertisments.TC1123_Verify_Countnot_Increment_InAdvertisementPage_When_Planis_Pending" name="TC1123" time="69.320"/>
</testsuite> <!-- com.cpcommunity.testScripts.advertisments.TC1123_Verify_Countnot_Increment_InAdvertisementPage_When_Planis_Pending -->
