<?xml version="1.0" encoding="UTF-8"?>
<!-- Generated by org.testng.reporters.JUnitReportReporter -->
<testsuite hostname="DESKTOP-TH7CST6" failures="0" tests="1" name="com.cpcommunity.ProfileCompleteness.TC998_Verify_Profilepage_updatedetails" time="105.270" errors="0" timestamp="04 Jul 2021 19:39:41 GMT" skipped="0">
  <testcase classname="com.cpcommunity.ProfileCompleteness.TC998_Verify_Profilepage_updatedetails" name="TC998" time="105.270"/>
</testsuite> <!-- com.cpcommunity.ProfileCompleteness.TC998_Verify_Profilepage_updatedetails -->
