<?xml version="1.0" encoding="UTF-8"?>
<!-- Generated by org.testng.reporters.JUnitReportReporter -->
<testsuite hostname="DESKTOP-6QDE8GI" failures="0" tests="1" name="com.cpcommunity.testScripts.Groups.TC880_Verify_Admin_Can_Search_Group_WithName_Status" time="117.950" errors="0" timestamp="16 Jun 2021 16:18:23 GMT" skipped="0">
  <testcase classname="com.cpcommunity.testScripts.Groups.TC880_Verify_Admin_Can_Search_Group_WithName_Status" name="TC880" time="117.950"/>
</testsuite> <!-- com.cpcommunity.testScripts.Groups.TC880_Verify_Admin_Can_Search_Group_WithName_Status -->
