<?xml version="1.0" encoding="UTF-8"?>
<!-- Generated by org.testng.reporters.JUnitReportReporter -->
<testsuite hostname="DESKTOP-TH7CST6" failures="0" tests="1" name="com.cpcommunity.testScripts.Resources.TC1072_Verify_CA_ablTo_Create_Resource_By_configuring_withGroup" time="127.627" errors="0" timestamp="18 Aug 2021 04:03:37 GMT" skipped="0">
  <testcase classname="com.cpcommunity.testScripts.Resources.TC1072_Verify_CA_ablTo_Create_Resource_By_configuring_withGroup" name="TC1072" time="127.627"/>
</testsuite> <!-- com.cpcommunity.testScripts.Resources.TC1072_Verify_CA_ablTo_Create_Resource_By_configuring_withGroup -->
