<?xml version="1.0" encoding="UTF-8"?>
<!-- Generated by org.testng.reporters.JUnitReportReporter -->
<testsuite hostname="ViswanadhMS" failures="0" tests="1" name="com.cpcommunity.testScripts.community.TC044_Member_Accept_Community_Request_From_Community_details_page" time="247.449" errors="0" timestamp="26 Apr 2021 16:38:32 GMT" skipped="0">
  <testcase classname="com.cpcommunity.testScripts.community.TC044_Member_Accept_Community_Request_From_Community_details_page" name="TC041ToTC046" time="247.449"/>
</testsuite> <!-- com.cpcommunity.testScripts.community.TC044_Member_Accept_Community_Request_From_Community_details_page -->
