<?xml version="1.0" encoding="UTF-8"?>
<!-- Generated by org.testng.reporters.JUnitReportReporter -->
<testsuite hostname="DESKTOP-TH7CST6" failures="0" tests="1" name="com.cpcommunitytestScripts.Job.TC1017_admin_ableTo_searchJobApplication" time="119.029" errors="0" timestamp="08 Jun 2021 15:54:35 GMT" skipped="0">
  <testcase classname="com.cpcommunitytestScripts.Job.TC1017_admin_ableTo_searchJobApplication" name="TC1017" time="119.029"/>
</testsuite> <!-- com.cpcommunitytestScripts.Job.TC1017_admin_ableTo_searchJobApplication -->
