<?xml version="1.0" encoding="UTF-8"?>
<!-- Generated by org.testng.reporters.JUnitReportReporter -->
<testsuite hostname="DESKTOP-TH7CST6" failures="0" tests="1" name="com.cpcommunity.ProfileCompleteness.TC_1010_Check_Profile_CompletenessStatus_ByProviding_JobTitle" time="102.974" errors="0" timestamp="04 Jul 2021 19:39:41 GMT" skipped="0">
  <testcase classname="com.cpcommunity.ProfileCompleteness.TC_1010_Check_Profile_CompletenessStatus_ByProviding_JobTitle" name="TC1010" time="102.974"/>
</testsuite> <!-- com.cpcommunity.ProfileCompleteness.TC_1010_Check_Profile_CompletenessStatus_ByProviding_JobTitle -->
