<?xml version="1.0" encoding="UTF-8"?>
<!-- Generated by org.testng.reporters.JUnitReportReporter -->
<testsuite hostname="DESKTOP-TH7CST6" failures="0" tests="1" name="com.cpcommunity.testScripts.EmailTemplates.TC1097_Verify_CA_ableTo_Edit_theContent_Of_EmaiTemplate" time="119.389" errors="0" timestamp="18 Aug 2021 04:03:37 GMT" skipped="0">
  <testcase classname="com.cpcommunity.testScripts.EmailTemplates.TC1097_Verify_CA_ableTo_Edit_theContent_Of_EmaiTemplate" name="TC1097" time="119.389"/>
</testsuite> <!-- com.cpcommunity.testScripts.EmailTemplates.TC1097_Verify_CA_ableTo_Edit_theContent_Of_EmaiTemplate -->
