<?xml version="1.0" encoding="UTF-8"?>
<!-- Generated by org.testng.reporters.JUnitReportReporter -->
<testsuite hostname="ViswanadhMS" failures="0" tests="1" name="com.cpcommunity.testScripts.community.TC041_Member_Reject_Community_request_from_My_Communities" time="106.466" errors="0" timestamp="26 Apr 2021 16:20:12 GMT" skipped="0">
  <testcase classname="com.cpcommunity.testScripts.community.TC041_Member_Reject_Community_request_from_My_Communities" name="TC041ToTC046" time="106.466"/>
</testsuite> <!-- com.cpcommunity.testScripts.community.TC041_Member_Reject_Community_request_from_My_Communities -->
