<?xml version="1.0" encoding="UTF-8"?>
<!-- Generated by org.testng.reporters.JUnitReportReporter -->
<testsuite hostname="DESKTOP-6QDE8GI" failures="0" tests="1" name="com.cpcommunity.testScripts.manageCampaign.TC807_Verify_only_registeredattendee_are_listed_inToField" time="131.674" errors="0" timestamp="22 Jun 2021 22:33:47 GMT" skipped="0">
  <testcase classname="com.cpcommunity.testScripts.manageCampaign.TC807_Verify_only_registeredattendee_are_listed_inToField" name="TC807" time="131.674"/>
</testsuite> <!-- com.cpcommunity.testScripts.manageCampaign.TC807_Verify_only_registeredattendee_are_listed_inToField -->
