<?xml version="1.0" encoding="UTF-8"?>
<!-- Generated by org.testng.reporters.JUnitReportReporter -->
<testsuite hostname="DESKTOP-TH7CST6" failures="0" tests="1" name="com.cpcommunity.ProfileCompleteness.TC1012_Clear_ProfileDetails" time="89.055" errors="0" timestamp="08 Jun 2021 14:57:47 GMT" skipped="0">
  <testcase classname="com.cpcommunity.ProfileCompleteness.TC1012_Clear_ProfileDetails" name="TC1012" time="89.055"/>
</testsuite> <!-- com.cpcommunity.ProfileCompleteness.TC1012_Clear_ProfileDetails -->
