<?xml version="1.0" encoding="UTF-8"?>
<!-- Generated by org.testng.reporters.JUnitReportReporter -->
<testsuite hostname="DESKTOP-TH7CST6" failures="0" tests="1" name="com.cpcommunity.testScripts.Resources.TC1073_Verify_CA_ableTo_Create_Resources_Without_GroupAndMembership_Configuration" time="120.837" errors="0" timestamp="18 Aug 2021 04:03:37 GMT" skipped="0">
  <testcase classname="com.cpcommunity.testScripts.Resources.TC1073_Verify_CA_ableTo_Create_Resources_Without_GroupAndMembership_Configuration" name="TC1073" time="120.837"/>
</testsuite> <!-- com.cpcommunity.testScripts.Resources.TC1073_Verify_CA_ableTo_Create_Resources_Without_GroupAndMembership_Configuration -->
